2025-06-30 11:17:29 [main] WARN  org.testng.xml.TestNGContentHandler - Failed to read [/C:/Users/rajum/eclipse-workspace/ToolsQA/SeleniumAutomotionSVCUATIB/testng-1.1.dtd] from CLASSPATH. Attempting to read from [file:///C:/Users/rajum/eclipse-workspace/ToolsQA/SeleniumAutomotionSVCUATIB/testng-1.1.dtd].
2025-06-30 11:17:29 [main] WARN  org.testng.xml.TestNGContentHandler - It is strongly recommended to add "<!DOCTYPE suite SYSTEM "https://testng.org/testng-1.1.dtd" >" at the top of the suite file [C:\Users\rajum\AppData\Local\Temp\testng2171788295906081670.xml] otherwise TestNG may fail or not work as expected.
2025-06-30 11:17:30 [main] INFO  org.testng.internal.Utils - [TestNG] Running:
  C:\Users\rajum\AppData\Local\Temp\testng2171788295906081670.xml

2025-06-30 11:17:30 [main] INFO  a.utils.LoggerUtil - ? Initializing browser and extent report...
2025-06-30 11:17:31 [main] INFO  i.g.bonigarcia.wdm.WebDriverManager - Using chromedriver 138.0.7204.49 (resolved driver for Chrome 138)
2025-06-30 11:17:31 [main] INFO  i.g.bonigarcia.wdm.WebDriverManager - Exporting webdriver.chrome.driver as C:\Users\rajum\.cache\selenium\chromedriver\win64\138.0.7204.49\chromedriver.exe
2025-06-30 11:17:37 [main] INFO  a.utils.LoggerUtil - ? Setup complete.
2025-06-30 11:17:40 [main] ERROR automationFramework.pages.LoginPage - ? Attempt 1: Detected error page (503 or Rejected URL)
2025-06-30 11:17:45 [main] ERROR automationFramework.pages.LoginPage - ? Attempt 2: Detected error page (503 or Rejected URL)
2025-06-30 11:17:51 [main] ERROR automationFramework.pages.LoginPage - ? Attempt 3: Detected error page (503 or Rejected URL)
2025-06-30 11:17:56 [main] ERROR automationFramework.pages.LoginPage - ? Attempt 4: Detected error page (503 or Rejected URL)
2025-06-30 11:18:02 [main] ERROR automationFramework.pages.LoginPage - ? Attempt 5: Detected error page (503 or Rejected URL)
2025-06-30 11:18:02 [main] INFO  a.utils.LoggerUtil - ? Flushing extent report...
2025-06-30 11:18:03 [main] INFO  a.utils.LoggerUtil - ? Sending report via email...
2025-06-30 11:18:06 [main] INFO  a.utils.LoggerUtil - ? Launching browser...
2025-06-30 11:18:06 [main] INFO  i.g.bonigarcia.wdm.WebDriverManager - Using chromedriver 138.0.7204.49 (resolved driver for Chrome 138)
2025-06-30 11:18:06 [main] INFO  i.g.bonigarcia.wdm.WebDriverManager - Exporting webdriver.chrome.driver as C:\Users\rajum\.cache\selenium\chromedriver\win64\138.0.7204.49\chromedriver.exe
2025-06-30 11:18:12 [main] ERROR automationFramework.pages.LoginPage - ? Attempt 1: Detected error page (503 or Rejected URL)
2025-06-30 11:18:18 [main] ERROR automationFramework.pages.LoginPage - ? Attempt 2: Detected error page (503 or Rejected URL)
2025-06-30 11:18:24 [main] ERROR automationFramework.pages.LoginPage - ? Attempt 3: Detected error page (503 or Rejected URL)
2025-06-30 11:18:29 [main] ERROR automationFramework.pages.LoginPage - ? Attempt 4: Detected error page (503 or Rejected URL)
2025-06-30 11:18:35 [main] ERROR automationFramework.pages.LoginPage - ? Attempt 5: Detected error page (503 or Rejected URL)
2025-06-30 11:18:35 [main] INFO  a.utils.LoggerUtil - ? Login failed.
2025-06-30 11:18:35 [main] INFO  a.utils.LoggerUtil - ? Launching browser and initializing report...
2025-06-30 11:18:35 [main] INFO  i.g.bonigarcia.wdm.WebDriverManager - Using chromedriver 138.0.7204.49 (resolved driver for Chrome 138)
2025-06-30 11:18:35 [main] INFO  i.g.bonigarcia.wdm.WebDriverManager - Exporting webdriver.chrome.driver as C:\Users\rajum\.cache\selenium\chromedriver\win64\138.0.7204.49\chromedriver.exe
2025-06-30 11:18:39 [main] INFO  a.utils.LoggerUtil - ? Navigating to application URL...
2025-06-30 11:18:42 [main] ERROR automationFramework.pages.LoginPage - ? Attempt 1: Detected error page (503 or Rejected URL)
2025-06-30 11:18:48 [main] ERROR automationFramework.pages.LoginPage - ? Attempt 2: Detected error page (503 or Rejected URL)
2025-06-30 11:18:53 [main] ERROR automationFramework.pages.LoginPage - ? Attempt 3: Detected error page (503 or Rejected URL)
2025-06-30 11:18:59 [main] ERROR automationFramework.pages.LoginPage - ? Attempt 4: Detected error page (503 or Rejected URL)
2025-06-30 11:19:04 [main] ERROR automationFramework.pages.LoginPage - ? Attempt 5: Detected error page (503 or Rejected URL)
