2025-06-17 11:09:20 [main] INFO  org.testng.internal.Utils - [Utils] MethodGroupsHelper.collectMethodsByGroup() took 3 ms.
2025-06-17 11:09:20 [main] INFO  org.testng.internal.Utils - [Utils] MethodGroupsHelper.sortMethods() took 4 ms.
2025-06-17 11:09:20 [main] INFO  org.testng.internal.Utils - [Utils] MethodGroupsHelper.collectMethodsByGroup() took 1 ms.
2025-06-17 11:09:20 [main] INFO  org.testng.internal.Utils - [Utils] MethodGroupsHelper.sortMethods() took 0 ms.
2025-06-17 11:09:20 [main] INFO  org.testng.internal.Utils - [Utils] MethodGroupsHelper.collectMethodsByGroup() took 0 ms.
2025-06-17 11:09:20 [main] INFO  org.testng.internal.Utils - [Utils] MethodGroupsHelper.sortMethods() took 0 ms.
2025-06-17 11:09:20 [main] INFO  org.testng.internal.Utils - [Utils] MethodGroupsHelper.collectMethodsByGroup() took 0 ms.
2025-06-17 11:09:20 [main] INFO  org.testng.internal.Utils - [Utils] MethodGroupsHelper.sortMethods() took 0 ms.
2025-06-17 11:09:20 [main] INFO  org.testng.internal.Utils - [Utils] MethodGroupsHelper.collectMethodsByGroup() took 6 ms.
2025-06-17 11:09:20 [main] INFO  org.testng.internal.Utils - [Utils] MethodGroupsHelper.sortMethods() took 30 ms.
2025-06-17 11:09:20 [main] INFO  org.testng.internal.Utils - [Utils] MethodGroupsHelper.collectMethodsByGroup() took 0 ms.
2025-06-17 11:09:20 [main] INFO  org.testng.internal.Utils - [Utils] MethodGroupsHelper.sortMethods() took 0 ms.
2025-06-17 11:09:20 [main] INFO  org.testng.internal.Utils - [Utils] MethodGroupsHelper.collectMethodsByGroup() took 0 ms.
2025-06-17 11:09:20 [main] INFO  org.testng.internal.Utils - [Utils] MethodGroupsHelper.sortMethods() took 0 ms.
2025-06-17 11:09:20 [main] INFO  org.testng.internal.Utils - [Utils] MethodGroupsHelper.collectMethodsByGroup() took 0 ms.
2025-06-17 11:09:20 [main] INFO  org.testng.internal.Utils - [Utils] MethodGroupsHelper.sortMethods() took 0 ms.
2025-06-17 11:09:20 [main] INFO  org.testng.internal.Utils - [Utils] MethodGroupsHelper.collectMethodsByGroup() took 0 ms.
2025-06-17 11:09:20 [main] INFO  org.testng.internal.Utils - [Utils] MethodGroupsHelper.sortMethods() took 0 ms.
2025-06-17 11:09:20 [main] INFO  org.testng.internal.Utils - [Utils] MethodGroupsHelper.collectMethodsByGroup() took 1 ms.
2025-06-17 11:09:20 [main] INFO  org.testng.internal.Utils - [Utils] MethodGroupsHelper.sortMethods() took 1 ms.
2025-06-17 11:09:20 [main] INFO  org.testng.internal.Utils - [Utils] MethodGroupsHelper.collectMethodsByGroup() took 0 ms.
2025-06-17 11:09:20 [main] INFO  org.testng.internal.Utils - [Utils] MethodGroupsHelper.sortMethods() took 0 ms.
2025-06-17 11:09:20 [main] INFO  org.testng.internal.Utils - [Utils] MethodGroupsHelper.collectMethodsByGroup() took 0 ms.
2025-06-17 11:09:20 [main] INFO  org.testng.internal.Utils - [Utils] MethodGroupsHelper.sortMethods() took 1 ms.
2025-06-17 11:09:20 [main] INFO  org.testng.internal.Utils - [Utils] MethodGroupsHelper.collectMethodsByGroup() took 1 ms.
2025-06-17 11:09:20 [main] INFO  org.testng.internal.Utils - [Utils] MethodGroupsHelper.sortMethods() took 22 ms.
2025-06-17 11:09:20 [main] INFO  org.testng.internal.Utils - [Utils] MethodGroupsHelper.collectMethodsByGroup() took 0 ms.
2025-06-17 11:09:20 [main] INFO  org.testng.internal.Utils - [Utils] MethodGroupsHelper.sortMethods() took 0 ms.
2025-06-17 11:09:20 [main] INFO  org.testng.internal.Utils - [Utils] MethodGroupsHelper.collectMethodsByGroup() took 0 ms.
2025-06-17 11:09:20 [main] INFO  org.testng.internal.Utils - [Utils] MethodGroupsHelper.sortMethods() took 0 ms.
2025-06-17 11:09:20 [main] INFO  org.testng.internal.Utils - [TestNG] Running:
  C:\Users\rajum\AppData\Local\Temp\testng-eclipse-1845089964\testng-customsuite.xml

2025-06-17 11:09:20 [main] INFO  org.testng.internal.Utils - [Utils] DynamicGraphHelper.createDynamicGraph() took 23 ms.
2025-06-17 11:09:20 [main] INFO  automationFramework.utils.LoggerUtil - Initializing browser and report...
2025-06-17 11:09:22 [main] INFO  i.g.bonigarcia.wdm.WebDriverManager - Using chromedriver 137.0.7151.70 (resolved driver for Chrome 137)
2025-06-17 11:09:23 [main] INFO  i.g.bonigarcia.wdm.WebDriverManager - Exporting webdriver.chrome.driver as C:\Users\rajum\.cache\selenium\chromedriver\win64\137.0.7151.70\chromedriver.exe
2025-06-17 11:09:27 [main] INFO  automationFramework.utils.LoggerUtil - Setup complete.
2025-06-17 11:09:27 [main] INFO  automationFramework.pages.LoginPage - ✅ Captcha wait time loaded: 10 seconds
2025-06-17 11:09:34 [main] INFO  automationFramework.pages.LoginPage - 🟦 Navigated to URL: https://uatnet.svcbank.com/ReachSVCInet/SVC-web/inet/netbanking
2025-06-17 11:09:34 [main] INFO  automationFramework.pages.LoginPage - ✅ Entered username: TEST001
2025-06-17 11:09:34 [main] INFO  automationFramework.pages.LoginPage - ⏳ Waiting for manual captcha input (10 seconds)
2025-06-17 11:09:44 [main] INFO  automationFramework.pages.LoginPage - ✅ Clicked first Login button
2025-06-17 11:09:46 [main] INFO  automationFramework.pages.LoginPage - ✅ Entered password
2025-06-17 11:09:46 [main] INFO  automationFramework.pages.LoginPage - ✅ Clicked final Login button
2025-06-17 11:09:49 [main] INFO  automationFramework.pages.LoginPage - 🎉 Login successful for user: TEST001
2025-06-17 11:09:49 [main] INFO  a.pages.PaymentHistoryPage - 🟦 [STEP] Clicking on the Payment tab.
2025-06-17 11:09:49 [main] INFO  a.pages.PaymentHistoryPage - ⏳ Waiting for spinner to fully disappear...
2025-06-17 11:09:55 [main] INFO  a.pages.PaymentHistoryPage - ✅ Spinner disappeared.
2025-06-17 11:09:55 [main] INFO  a.pages.PaymentHistoryPage - ⏳ Waiting for spinner to fully disappear...
2025-06-17 11:09:56 [main] INFO  a.pages.PaymentHistoryPage - ✅ Spinner disappeared.
2025-06-17 11:09:56 [main] INFO  a.pages.PaymentHistoryPage - ✅ [SUCCESS] Payment tab clicked.
2025-06-17 11:09:56 [main] INFO  a.pages.PaymentHistoryPage - ⏳ Waiting for spinner to fully disappear...
2025-06-17 11:09:57 [main] INFO  a.pages.PaymentHistoryPage - ✅ Spinner disappeared.
2025-06-17 11:09:57 [main] INFO  a.pages.PaymentHistoryPage - 🧪=== Starting Positive Test Cases for NETF transaction for Payment to payee ===
2025-06-17 11:09:57 [main] INFO  a.pages.PaymentHistoryPage - 🚀 [START] Initiating payment to payee: DXFCHGV
2025-06-17 11:09:57 [main] INFO  a.pages.PaymentHistoryPage - ⏳ Waiting for spinner to fully disappear...
2025-06-17 11:09:57 [main] INFO  a.pages.PaymentHistoryPage - ✅ Spinner disappeared.
2025-06-17 11:09:57 [main] INFO  a.pages.PaymentHistoryPage - ⏳ Waiting for spinner to fully disappear...
2025-06-17 11:09:58 [main] INFO  a.pages.PaymentHistoryPage - ✅ Spinner disappeared.
2025-06-17 11:09:58 [main] INFO  a.pages.PaymentHistoryPage - ✅ [SUCCESS] Payee selected: DXFCHGV
2025-06-17 11:09:58 [main] INFO  a.pages.PaymentHistoryPage - ✅ [SUCCESS] Entered amount: ₹1
2025-06-17 11:09:58 [main] INFO  a.pages.PaymentHistoryPage - 🟦 [STEP] Selecting NEFT option
2025-06-17 11:09:58 [main] INFO  a.pages.PaymentHistoryPage - Attempting to click NEFT option (Attempt 1)
2025-06-17 11:09:59 [main] INFO  a.pages.PaymentHistoryPage - 🔄 NEFT clicked via Actions.
2025-06-17 11:09:59 [main] WARN  a.pages.PaymentHistoryPage - ⚠️ NEFT not selected yet. Retrying...
2025-06-17 11:09:59 [main] INFO  a.pages.PaymentHistoryPage - Attempting to click NEFT option (Attempt 2)
2025-06-17 11:10:00 [main] INFO  a.pages.PaymentHistoryPage - 🔄 NEFT clicked via Actions.
2025-06-17 11:10:01 [main] WARN  a.pages.PaymentHistoryPage - ⚠️ NEFT not selected yet. Retrying...
2025-06-17 11:10:01 [main] INFO  a.pages.PaymentHistoryPage - Attempting to click NEFT option (Attempt 3)
2025-06-17 11:10:18 [main] ERROR a.pages.PaymentHistoryPage - ❌ NEFT selection error: Expected condition failed: waiting for element to be clickable: By.xpath: //*[normalize-space(text())='NEFT']/ancestor::*[self::div or self::label or self::button][1] (tried for 15 second(s) with 500 milliseconds interval)
Build info: version: '4.20.0', revision: '866c76ca80'
System info: os.name: 'Windows 11', os.arch: 'amd64', os.version: '10.0', java.version: '17.0.12'
Driver info: org.openqa.selenium.chrome.ChromeDriver
Capabilities {acceptInsecureCerts: false, browserName: chrome, browserVersion: 137.0.7151.104, chrome: {chromedriverVersion: 137.0.7151.70 (dfa4dc56b2ab..., userDataDir: C:\Users\rajum\AppData\Loca...}, fedcm:accounts: true, goog:chromeOptions: {debuggerAddress: localhost:51132}, networkConnectionEnabled: false, pageLoadStrategy: normal, platformName: windows, proxy: Proxy(), se:cdp: ws://localhost:51132/devtoo..., se:cdpVersion: 137.0.7151.104, setWindowRect: true, strictFileInteractability: false, timeouts: {implicit: 0, pageLoad: 300000, script: 30000}, unhandledPromptBehavior: dismiss and notify, webauthn:extension:credBlob: true, webauthn:extension:largeBlob: true, webauthn:extension:minPinLength: true, webauthn:extension:prf: true, webauthn:virtualAuthenticators: true}
Session ID: 1922c6d866a6b3e20d75d7ae3b6332c1
2025-06-17 11:10:18 [main] INFO  a.pages.PaymentHistoryPage - Attempting to click NEFT option (Attempt 4)
