2025-06-20 15:54:20 [main] WARN  org.testng.xml.TestNGContentHandler - Failed to read [/C:/Users/rajum/eclipse-workspace/ToolsQA/SeleniumAutomotionSVCUATIB/testng-1.1.dtd] from CLASSPATH. Attempting to read from [file:///C:/Users/rajum/eclipse-workspace/ToolsQA/SeleniumAutomotionSVCUATIB/testng-1.1.dtd].
2025-06-20 15:54:20 [main] WARN  org.testng.xml.TestNGContentHandler - It is strongly recommended to add "<!DOCTYPE suite SYSTEM "https://testng.org/testng-1.1.dtd" >" at the top of the suite file [C:\Users\rajum\eclipse-workspace\ToolsQA\SeleniumAutomotionSVCUATIB\src\main\resources\testng.xml] otherwise TestNG may fail or not work as expected.
2025-06-20 15:54:21 [main] INFO  org.testng.internal.Utils - [TestNG] Running:
  C:\Users\rajum\eclipse-workspace\ToolsQA\SeleniumAutomotionSVCUATIB\src\main\resources\testng.xml

2025-06-20 15:54:21 [main] INFO  automationFramework.utils.LoggerUtil - Initializing browser and report...
2025-06-20 15:54:22 [main] INFO  i.g.bonigarcia.wdm.WebDriverManager - Using chromedriver 137.0.7151.119 (resolved driver for Chrome 137)
2025-06-20 15:54:22 [main] INFO  i.g.bonigarcia.wdm.WebDriverManager - Exporting webdriver.chrome.driver as C:\Users\rajum\.cache\selenium\chromedriver\win64\137.0.7151.119\chromedriver.exe
2025-06-20 15:54:24 [main] INFO  automationFramework.utils.LoggerUtil - Setup complete.
2025-06-20 15:54:24 [main] INFO  automationFramework.pages.LoginPage - ✅ Captcha wait time loaded: 10 seconds
2025-06-20 15:54:36 [main] INFO  automationFramework.pages.LoginPage - 🟦 Navigated to URL: https://uatnet.svcbank.com/ReachSVCInet/SVC-web/inet/netbanking
2025-06-20 15:54:36 [main] INFO  automationFramework.pages.LoginPage - ✅ Entered username: TEST001
2025-06-20 15:54:36 [main] INFO  automationFramework.pages.LoginPage - ⏳ Waiting for manual captcha input (10 seconds)
2025-06-20 15:54:46 [main] INFO  automationFramework.pages.LoginPage - ✅ Clicked first Login button
2025-06-20 15:54:48 [main] INFO  automationFramework.pages.LoginPage - ✅ Entered password
2025-06-20 15:54:48 [main] INFO  automationFramework.pages.LoginPage - ✅ Clicked final Login button
2025-06-20 15:54:54 [main] INFO  automationFramework.pages.LoginPage - 🎉 Login successful for user: TEST001
2025-06-20 15:54:54 [main] INFO  a.pages.PaymentHistoryPage - 🟦 [STEP] Clicking on the Payment tab.
2025-06-20 15:54:54 [main] INFO  a.pages.PaymentHistoryPage - ⏳ Waiting for spinner to fully disappear...
2025-06-20 15:54:55 [main] INFO  a.pages.PaymentHistoryPage - ✅ Spinner disappeared.
2025-06-20 15:54:55 [main] INFO  a.pages.PaymentHistoryPage - ✅ [SUCCESS] Payment tab clicked.
2025-06-20 15:54:55 [main] INFO  a.pages.PaymentHistoryPage - ⏳ Waiting for spinner to fully disappear...
2025-06-20 15:54:57 [main] INFO  a.pages.PaymentHistoryPage - ✅ Spinner disappeared.
2025-06-20 15:54:57 [main] INFO  a.pages.PaymentHistoryPage - 🧪=== Starting Positive Test Cases for NEFT transaction for Payment to Payee ===
2025-06-20 15:54:57 [main] INFO  a.pages.PaymentHistoryPage - 🚀 [START] Initiating payment to payee: DXFCHGV
2025-06-20 15:54:57 [main] INFO  a.pages.PaymentHistoryPage - ⏳ Waiting for spinner to fully disappear...
2025-06-20 15:54:57 [main] INFO  a.pages.PaymentHistoryPage - ✅ Spinner disappeared.
2025-06-20 15:54:57 [main] INFO  a.pages.PaymentHistoryPage - ✅ [SUCCESS] Payee selected: DXFCHGV
2025-06-20 15:54:57 [main] INFO  a.pages.PaymentHistoryPage - ✅ [SUCCESS] Entered amount: ₹1
2025-06-20 15:54:57 [main] INFO  a.pages.PaymentHistoryPage - ✅ Amount '1' entered successfully.
2025-06-20 15:54:57 [main] INFO  a.pages.PaymentHistoryPage - ⏳ Waiting for spinner to fully disappear...
2025-06-20 15:54:59 [main] INFO  a.pages.PaymentHistoryPage - ✅ Spinner disappeared.
2025-06-20 15:54:59 [main] INFO  a.pages.PaymentHistoryPage - ✅ Spinner disappeared after entering amount.
2025-06-20 15:54:59 [main] INFO  a.pages.PaymentHistoryPage - ✅ No critical service errors detected.
2025-06-20 15:54:59 [main] INFO  a.pages.PaymentHistoryPage - 🟦 [STEP] Selecting NEFT option
2025-06-20 15:54:59 [main] INFO  a.pages.PaymentHistoryPage - Attempting to click NEFT option (Attempt 1)
2025-06-20 15:55:00 [main] INFO  a.pages.PaymentHistoryPage - 🔄 NEFT clicked via Actions.
2025-06-20 15:55:01 [main] INFO  a.pages.PaymentHistoryPage - ✅ NEFT option selected successfully.
2025-06-20 15:55:01 [main] INFO  a.pages.PaymentHistoryPage - ✅ NEFT option selected.
2025-06-20 15:55:01 [main] INFO  a.pages.PaymentHistoryPage - ✅ [SUCCESS] Entered remarks: test value
2025-06-20 15:55:01 [main] INFO  a.pages.PaymentHistoryPage - ✅ Remarks entered.
2025-06-20 15:55:01 [main] INFO  a.pages.PaymentHistoryPage - ⏳ Waiting for spinner to fully disappear...
2025-06-20 15:55:01 [main] INFO  a.pages.PaymentHistoryPage - ✅ Spinner disappeared.
2025-06-20 15:55:01 [main] INFO  a.pages.PaymentHistoryPage - ✅ [SUCCESS] Clicked Proceed after remarks.
2025-06-20 15:55:01 [main] INFO  a.pages.PaymentHistoryPage - ✅ Clicked on Proceed button after entering remarks.
2025-06-20 15:55:01 [main] INFO  a.pages.PaymentHistoryPage - ⏳ Waiting for spinner to fully disappear...
2025-06-20 15:55:02 [main] INFO  a.pages.PaymentHistoryPage - ✅ Spinner disappeared.
2025-06-20 15:55:02 [main] INFO  a.pages.PaymentHistoryPage - ✅ [SUCCESS] Confirm button clicked.
2025-06-20 15:55:02 [main] INFO  a.pages.PaymentHistoryPage - ✅ Confirm button clicked.
2025-06-20 15:55:03 [main] INFO  a.pages.PaymentHistoryPage - ✅ [SUCCESS] OTP entered.
2025-06-20 15:55:03 [main] INFO  a.pages.PaymentHistoryPage - ✅ OTP entered.
2025-06-20 15:55:03 [main] INFO  a.pages.PaymentHistoryPage - Waiting for any overlay/spinner to disappear.
2025-06-20 15:55:03 [main] INFO  a.pages.PaymentHistoryPage - ✅ [SUCCESS] Final Proceed clicked after OTP.
2025-06-20 15:55:03 [main] INFO  a.pages.PaymentHistoryPage - ✅ Final Proceed button clicked.
2025-06-20 15:55:04 [main] ERROR a.pages.PaymentHistoryPage - ❌ NEFT transaction failed: We are currently facing some technical issue.Please try in sometime
2025-06-20 15:55:04 [main] INFO  a.pages.PaymentHistoryPage - ℹ️ Clicked on 'Okay' button to dismiss the error popup.
2025-06-20 15:55:04 [main] INFO  a.pages.PaymentHistoryPage - 🟦 [STEP] Clicking on the Payment tab.
2025-06-20 15:55:04 [main] INFO  a.pages.PaymentHistoryPage - ⏳ Waiting for spinner to fully disappear...
2025-06-20 15:55:04 [main] INFO  a.pages.PaymentHistoryPage - ✅ Spinner disappeared.
2025-06-20 15:55:04 [main] INFO  a.pages.PaymentHistoryPage - ✅ [SUCCESS] Payment tab clicked.
2025-06-20 15:55:04 [main] INFO  a.pages.PaymentHistoryPage - ⏳ Waiting for spinner to fully disappear...
2025-06-20 15:55:06 [main] INFO  a.pages.PaymentHistoryPage - ✅ Spinner disappeared.
2025-06-20 15:55:06 [main] INFO  a.pages.PaymentHistoryPage - 🧪=== Starting Negative Test Cases for NETF transaction for Payment to payee ===
2025-06-20 15:55:06 [main] INFO  a.pages.PaymentHistoryPage - 🔹 Step : Selecting payee: DXFCHGV
2025-06-20 15:55:06 [main] INFO  a.pages.PaymentHistoryPage - ⏳ Waiting for spinner to fully disappear...
2025-06-20 15:55:06 [main] INFO  a.pages.PaymentHistoryPage - ✅ Spinner disappeared.
2025-06-20 15:55:06 [main] INFO  a.pages.PaymentHistoryPage - ✅ Payee selected successfully.
2025-06-20 15:55:06 [main] INFO  a.pages.PaymentHistoryPage - 
🔸 Test Case 1: Blank Amount
2025-06-20 15:55:06 [main] INFO  a.pages.PaymentHistoryPage - ⏳ Waiting for spinner to fully disappear...
2025-06-20 15:55:08 [main] INFO  a.pages.PaymentHistoryPage - ✅ Spinner disappeared.
2025-06-20 15:55:09 [main] INFO  a.pages.PaymentHistoryPage - [SUCCESS] ✅ Correct error displayed: 'Amount is required'
2025-06-20 15:55:09 [main] INFO  a.pages.PaymentHistoryPage - 
🔸 Test Case 2: Special Characters (@#$%)
2025-06-20 15:55:09 [main] INFO  a.pages.PaymentHistoryPage - [SUCCESS] ✅ Special characters were blocked as expected.
2025-06-20 15:55:09 [main] INFO  a.pages.PaymentHistoryPage - 
🔸 Test Case 3: Alphanumeric Characters (123abc)
2025-06-20 15:55:09 [main] INFO  a.pages.PaymentHistoryPage - [SUCCESS] ✅ Field blocked alphanumeric input completely.
2025-06-20 15:55:09 [main] INFO  a.pages.PaymentHistoryPage - 
🔸 Test Case 4: Zero Amount (0)
2025-06-20 15:55:09 [main] INFO  a.pages.PaymentHistoryPage - ⏳ Waiting for spinner to fully disappear...
2025-06-20 15:55:10 [main] INFO  a.pages.PaymentHistoryPage - ✅ Spinner disappeared.
2025-06-20 15:55:10 [main] INFO  a.pages.PaymentHistoryPage - [SUCCESS] ✅ Correct validation message shown: 'Minimum amount is 1.00'
2025-06-20 15:55:10 [main] INFO  a.pages.PaymentHistoryPage - 
🔸 Test Case 5: Amount Greater Than Account Balance
2025-06-20 15:55:10 [main] INFO  a.pages.PaymentHistoryPage - Fetched account balance: ₹2791791
2025-06-20 15:55:11 [main] INFO  a.pages.PaymentHistoryPage - ✅ Over-limit amount typed: '2792291'
2025-06-20 15:55:12 [main] INFO  a.pages.PaymentHistoryPage - ✅ 'Insufficient balance' popup displayed.
2025-06-20 15:55:12 [main] INFO  a.pages.PaymentHistoryPage - ✅ Clicked OK.
2025-06-20 15:55:12 [main] INFO  a.pages.PaymentHistoryPage - 
🔸 Test Case 6: Leave Remarks Field Blank and Proceed
2025-06-20 15:55:12 [main] INFO  a.pages.PaymentHistoryPage - ✅ Remarks field cleared.
2025-06-20 15:55:12 [main] INFO  a.pages.PaymentHistoryPage - ⏳ Waiting for spinner to fully disappear...
2025-06-20 15:55:13 [main] INFO  a.pages.PaymentHistoryPage - ✅ Spinner disappeared.
2025-06-20 15:55:13 [main] INFO  a.pages.PaymentHistoryPage - 🟦 [STEP] Selecting NEFT option
2025-06-20 15:55:13 [main] INFO  a.pages.PaymentHistoryPage - Attempting to click NEFT option (Attempt 1)
2025-06-20 15:55:14 [main] INFO  a.pages.PaymentHistoryPage - 🔄 NEFT clicked via Actions.
2025-06-20 15:55:14 [main] WARN  a.pages.PaymentHistoryPage - ⚠️ NEFT not selected yet. Retrying...
2025-06-20 15:55:14 [main] INFO  a.pages.PaymentHistoryPage - Attempting to click NEFT option (Attempt 2)
2025-06-20 15:55:15 [main] INFO  a.pages.PaymentHistoryPage - 🔄 NEFT clicked via Actions.
2025-06-20 15:55:15 [main] INFO  a.pages.PaymentHistoryPage - ✅ NEFT option selected successfully.
2025-06-20 15:55:15 [main] INFO  a.pages.PaymentHistoryPage - ⏳ Waiting for spinner to fully disappear...
2025-06-20 15:55:16 [main] INFO  a.pages.PaymentHistoryPage - ✅ Spinner disappeared.
2025-06-20 15:55:16 [main] INFO  a.pages.PaymentHistoryPage - ⏳ Waiting for spinner to fully disappear...
2025-06-20 15:55:17 [main] INFO  a.pages.PaymentHistoryPage - ✅ Spinner disappeared.
2025-06-20 15:55:18 [main] INFO  a.pages.PaymentHistoryPage - ✅ [SUCCESS] OTP entered.
2025-06-20 15:55:18 [main] INFO  a.pages.PaymentHistoryPage - Waiting for any overlay/spinner to disappear.
2025-06-20 15:55:18 [main] INFO  a.pages.PaymentHistoryPage - ✅ Final Proceed clicked.
2025-06-20 15:55:19 [main] ERROR a.pages.PaymentHistoryPage - ❌ NEFT transaction failed: We are currently facing some technical issue.Please try in sometime
2025-06-20 15:55:19 [main] INFO  a.pages.PaymentHistoryPage - ℹ️ Clicked on 'Okay' button to dismiss the error popup.
2025-06-20 15:55:19 [main] INFO  a.pages.PaymentHistoryPage - 
🔸 Test Case 7: Invalid OTP
2025-06-20 15:55:19 [main] INFO  a.pages.PaymentHistoryPage - ✅ [SUCCESS] Entered amount: ₹3
2025-06-20 15:55:19 [main] INFO  a.pages.PaymentHistoryPage - ⏳ Waiting for spinner to fully disappear...
2025-06-20 15:55:19 [main] INFO  a.pages.PaymentHistoryPage - ✅ Spinner disappeared.
2025-06-20 15:55:19 [main] INFO  a.pages.PaymentHistoryPage - 🟦 [STEP] Selecting NEFT option
2025-06-20 15:55:19 [main] INFO  a.pages.PaymentHistoryPage - Attempting to click NEFT option (Attempt 1)
2025-06-20 15:55:20 [main] INFO  a.pages.PaymentHistoryPage - 🔄 NEFT clicked via Actions.
2025-06-20 15:55:20 [main] INFO  a.pages.PaymentHistoryPage - ✅ NEFT option selected successfully.
2025-06-20 15:55:21 [main] INFO  a.pages.PaymentHistoryPage - ✅ [SUCCESS] Entered remarks: test value
2025-06-20 15:55:21 [main] INFO  a.pages.PaymentHistoryPage - ⏳ Waiting for spinner to fully disappear...
2025-06-20 15:55:21 [main] INFO  a.pages.PaymentHistoryPage - ✅ Spinner disappeared.
2025-06-20 15:55:21 [main] INFO  a.pages.PaymentHistoryPage - ✅ [SUCCESS] Clicked Proceed after remarks.
2025-06-20 15:55:21 [main] INFO  a.pages.PaymentHistoryPage - ⏳ Waiting for spinner to fully disappear...
2025-06-20 15:55:21 [main] INFO  a.pages.PaymentHistoryPage - ✅ Spinner disappeared.
2025-06-20 15:55:22 [main] INFO  a.pages.PaymentHistoryPage - ✅ [SUCCESS] Confirm button clicked.
2025-06-20 15:55:23 [main] INFO  a.pages.PaymentHistoryPage - ✅ [SUCCESS] OTP entered.
2025-06-20 15:55:23 [main] INFO  a.pages.PaymentHistoryPage - Waiting for any overlay/spinner to disappear.
2025-06-20 15:55:23 [main] INFO  a.pages.PaymentHistoryPage - ✅ [SUCCESS] Final Proceed clicked after OTP.
2025-06-20 15:55:23 [main] INFO  a.pages.PaymentHistoryPage - ✅ Correct error: 'Invalid OTP'
2025-06-20 15:55:24 [main] INFO  a.pages.PaymentHistoryPage - ⏳ Waiting for spinner to fully disappear...
2025-06-20 15:55:24 [main] INFO  a.pages.PaymentHistoryPage - ✅ Spinner disappeared.
2025-06-20 15:55:24 [main] INFO  a.pages.PaymentHistoryPage - ⏳ Waiting for spinner to fully disappear...
2025-06-20 15:55:25 [main] INFO  a.pages.PaymentHistoryPage - ✅ Spinner disappeared.
2025-06-20 15:55:25 [main] INFO  a.pages.PaymentHistoryPage - ⏳ Waiting for spinner to fully disappear...
2025-06-20 15:55:25 [main] INFO  a.pages.PaymentHistoryPage - ✅ Spinner disappeared.
2025-06-20 15:55:25 [main] INFO  a.pages.PaymentHistoryPage - 
✅ All negative test cases executed.
2025-06-20 15:55:25 [main] INFO  automationFramework.utils.LoggerUtil - Flushing extent report...
2025-06-20 15:55:26 [main] INFO  automationFramework.utils.LoggerUtil - 📧 Sending report via email...
2025-06-20 15:55:34 [main] INFO  automationFramework.utils.LoggerUtil - 🔧 Launching browser and loading properties...
2025-06-20 15:55:34 [main] INFO  i.g.bonigarcia.wdm.WebDriverManager - Using chromedriver 137.0.7151.119 (resolved driver for Chrome 137)
2025-06-20 15:55:34 [main] INFO  i.g.bonigarcia.wdm.WebDriverManager - Exporting webdriver.chrome.driver as C:\Users\rajum\.cache\selenium\chromedriver\win64\137.0.7151.119\chromedriver.exe
2025-06-20 15:55:35 [main] INFO  automationFramework.pages.LoginPage - ✅ Captcha wait time loaded: 10 seconds
2025-06-20 15:55:45 [main] INFO  automationFramework.pages.LoginPage - 🟦 Navigated to URL: https://uatnet.svcbank.com/ReachSVCInet/SVC-web/inet/netbanking
2025-06-20 15:55:45 [main] INFO  automationFramework.pages.LoginPage - ✅ Entered username: TEST001
2025-06-20 15:55:45 [main] INFO  automationFramework.pages.LoginPage - ⏳ Waiting for manual captcha input (10 seconds)
2025-06-20 15:55:55 [main] INFO  automationFramework.pages.LoginPage - ✅ Clicked first Login button
2025-06-20 15:55:57 [main] INFO  automationFramework.pages.LoginPage - ✅ Entered password
2025-06-20 15:55:57 [main] INFO  automationFramework.pages.LoginPage - ✅ Clicked final Login button
2025-06-20 15:56:07 [main] INFO  automationFramework.pages.LoginPage - 🎉 Login successful for user: TEST001
2025-06-20 15:56:07 [main] INFO  automationFramework.utils.LoggerUtil - ✅ Login successful
2025-06-20 15:56:07 [main] INFO  automationFramework.utils.LoggerUtil - ✅ Setup complete.
2025-06-20 15:56:07 [main] INFO  a.pages.ServicesPage - 🔄 Navigating to Services > Manage SMS...
2025-06-20 15:56:07 [main] INFO  a.pages.ServicesPage - ⏳ Waiting for spinner to fully disappear...
2025-06-20 15:56:17 [main] INFO  a.pages.ServicesPage - ✅ Spinner disappeared.
2025-06-20 15:56:18 [main] INFO  a.pages.ServicesPage - ⏳ Waiting for spinner to fully disappear...
2025-06-20 15:56:33 [main] INFO  a.pages.ServicesPage - ✅ Spinner disappeared.
2025-06-20 15:56:33 [main] INFO  a.pages.ServicesPage - ✅ Reached Manage SMS section.
2025-06-20 15:56:33 [main] INFO  a.pages.ServicesPage - 🔄 Generating random credit and debit amounts...
2025-06-20 15:56:33 [main] INFO  a.pages.ServicesPage - ✏️ Entering SMS thresholds - Credit: 1450, Debit: 3695
2025-06-20 15:56:36 [main] INFO  a.pages.ServicesPage - ✅ Amounts entered successfully with Credit: 1450, Debit: 3695
2025-06-20 15:56:36 [main] INFO  a.pages.ServicesPage - 💾 Clicking Save button...
2025-06-20 15:56:36 [main] INFO  a.pages.ServicesPage - ⏳ Waiting for spinner to fully disappear...
2025-06-20 15:56:46 [main] INFO  a.pages.ServicesPage - ✅ Spinner disappeared.
2025-06-20 15:56:46 [main] INFO  a.pages.ServicesPage - 🔐 Entering OTP: 123456
2025-06-20 15:56:46 [main] INFO  a.pages.ServicesPage - ⏳ Waiting for spinner to fully disappear...
2025-06-20 15:57:00 [main] INFO  a.pages.ServicesPage - ✅ Spinner disappeared.
2025-06-20 15:57:00 [main] INFO  a.pages.ServicesPage - ⏳ Waiting for spinner to fully disappear...
2025-06-20 15:57:11 [main] INFO  a.pages.ServicesPage - ✅ Spinner disappeared.
2025-06-20 15:57:11 [main] INFO  a.pages.ServicesPage - ✅ OTP entered.
2025-06-20 15:57:11 [main] INFO  a.pages.ServicesPage - ➡️ Clicking Proceed...
2025-06-20 15:57:11 [main] INFO  a.pages.ServicesPage - ⏳ Waiting for spinner to fully disappear...
2025-06-20 15:57:21 [main] INFO  a.pages.ServicesPage - ✅ Spinner disappeared.
2025-06-20 15:57:25 [main] INFO  a.pages.ServicesPage - ✅ Success popup visibility: true
2025-06-20 15:57:25 [main] INFO  a.pages.ServicesPage - 🆗 Clicking Okay on success popup...
2025-06-20 15:57:25 [main] INFO  a.pages.ServicesPage - ⏳ Waiting for spinner to fully disappear...
2025-06-20 15:57:36 [main] INFO  a.pages.ServicesPage - ✅ Spinner disappeared.
2025-06-20 15:57:36 [main] INFO  automationFramework.utils.LoggerUtil - ✅ Threshold saved and verified successfully.
2025-06-20 15:57:36 [main] INFO  a.pages.ServicesPage - 🔄 Navigating to Services > Manage SMS...
2025-06-20 15:57:36 [main] INFO  a.pages.ServicesPage - ⏳ Waiting for spinner to fully disappear...
2025-06-20 15:57:47 [main] INFO  a.pages.ServicesPage - ✅ Spinner disappeared.
2025-06-20 15:57:48 [main] WARN  a.pages.ServicesPage - ⚠️ Click intercepted attempt 1/3: element click intercepted: Element <span class="p-menuitem-text">...</span> is not clickable at point (354, 101). Other element would receive the click: <div class="ng-tns-c4033847114-18 p-dialog-mask p-component-overlay p-component-overlay-enter p-dialog-mask-scrollblocker p-component-overlay-leave" style="z-index: 11101;">...</div>
  (Session info: chrome=137.0.7151.104)
Build info: version: '4.20.0', revision: '866c76ca80'
System info: os.name: 'Windows 11', os.arch: 'amd64', os.version: '10.0', java.version: '17.0.12'
Driver info: org.openqa.selenium.chrome.ChromeDriver
Command: [e72747e7b5d7f2ae11ca8882f9155bdb, clickElement {id=f.FDE210C6E5222159C2C46485815C5EA0.d.00D1EDFC4560EE67565880FB1B402B14.e.94}]
Capabilities {acceptInsecureCerts: false, browserName: chrome, browserVersion: 137.0.7151.104, chrome: {chromedriverVersion: 137.0.7151.119 (e0ac9d12dff..., userDataDir: C:\Users\rajum\AppData\Loca...}, fedcm:accounts: true, goog:chromeOptions: {debuggerAddress: localhost:60524}, networkConnectionEnabled: false, pageLoadStrategy: normal, platformName: windows, proxy: Proxy(), se:cdp: ws://localhost:60524/devtoo..., se:cdpVersion: 137.0.7151.104, setWindowRect: true, strictFileInteractability: false, timeouts: {implicit: 0, pageLoad: 300000, script: 30000}, unhandledPromptBehavior: dismiss and notify, webauthn:extension:credBlob: true, webauthn:extension:largeBlob: true, webauthn:extension:minPinLength: true, webauthn:extension:prf: true, webauthn:virtualAuthenticators: true}
Element: [[ChromeDriver: chrome on windows (e72747e7b5d7f2ae11ca8882f9155bdb)] -> xpath: //span[text()='Services']]
Session ID: e72747e7b5d7f2ae11ca8882f9155bdb
2025-06-20 15:57:48 [main] INFO  a.pages.ServicesPage - ⏳ Waiting for spinner to fully disappear...
2025-06-20 15:57:59 [main] INFO  a.pages.ServicesPage - ✅ Spinner disappeared.
2025-06-20 15:58:00 [main] WARN  a.pages.ServicesPage - ⚠️ Click intercepted attempt 2/3: element click intercepted: Element <span class="p-menuitem-text">...</span> is not clickable at point (354, 101). Other element would receive the click: <div class="ng-tns-c4033847114-18 p-dialog-mask p-component-overlay p-component-overlay-enter p-dialog-mask-scrollblocker p-component-overlay-leave" style="z-index: 11101;">...</div>
  (Session info: chrome=137.0.7151.104)
Build info: version: '4.20.0', revision: '866c76ca80'
System info: os.name: 'Windows 11', os.arch: 'amd64', os.version: '10.0', java.version: '17.0.12'
Driver info: org.openqa.selenium.chrome.ChromeDriver
Command: [e72747e7b5d7f2ae11ca8882f9155bdb, clickElement {id=f.FDE210C6E5222159C2C46485815C5EA0.d.00D1EDFC4560EE67565880FB1B402B14.e.94}]
Capabilities {acceptInsecureCerts: false, browserName: chrome, browserVersion: 137.0.7151.104, chrome: {chromedriverVersion: 137.0.7151.119 (e0ac9d12dff..., userDataDir: C:\Users\rajum\AppData\Loca...}, fedcm:accounts: true, goog:chromeOptions: {debuggerAddress: localhost:60524}, networkConnectionEnabled: false, pageLoadStrategy: normal, platformName: windows, proxy: Proxy(), se:cdp: ws://localhost:60524/devtoo..., se:cdpVersion: 137.0.7151.104, setWindowRect: true, strictFileInteractability: false, timeouts: {implicit: 0, pageLoad: 300000, script: 30000}, unhandledPromptBehavior: dismiss and notify, webauthn:extension:credBlob: true, webauthn:extension:largeBlob: true, webauthn:extension:minPinLength: true, webauthn:extension:prf: true, webauthn:virtualAuthenticators: true}
Element: [[ChromeDriver: chrome on windows (e72747e7b5d7f2ae11ca8882f9155bdb)] -> xpath: //span[text()='Services']]
Session ID: e72747e7b5d7f2ae11ca8882f9155bdb
2025-06-20 15:58:00 [main] INFO  a.pages.ServicesPage - ⏳ Waiting for spinner to fully disappear...
2025-06-20 15:58:11 [main] INFO  a.pages.ServicesPage - ✅ Spinner disappeared.
2025-06-20 15:58:12 [main] WARN  a.pages.ServicesPage - ⚠️ Click intercepted attempt 3/3: element click intercepted: Element <span class="p-menuitem-text">...</span> is not clickable at point (354, 101). Other element would receive the click: <div class="ng-tns-c4033847114-18 p-dialog-mask p-component-overlay p-component-overlay-enter p-dialog-mask-scrollblocker p-component-overlay-leave" style="z-index: 11101;">...</div>
  (Session info: chrome=137.0.7151.104)
Build info: version: '4.20.0', revision: '866c76ca80'
System info: os.name: 'Windows 11', os.arch: 'amd64', os.version: '10.0', java.version: '17.0.12'
Driver info: org.openqa.selenium.chrome.ChromeDriver
Command: [e72747e7b5d7f2ae11ca8882f9155bdb, clickElement {id=f.FDE210C6E5222159C2C46485815C5EA0.d.00D1EDFC4560EE67565880FB1B402B14.e.94}]
Capabilities {acceptInsecureCerts: false, browserName: chrome, browserVersion: 137.0.7151.104, chrome: {chromedriverVersion: 137.0.7151.119 (e0ac9d12dff..., userDataDir: C:\Users\rajum\AppData\Loca...}, fedcm:accounts: true, goog:chromeOptions: {debuggerAddress: localhost:60524}, networkConnectionEnabled: false, pageLoadStrategy: normal, platformName: windows, proxy: Proxy(), se:cdp: ws://localhost:60524/devtoo..., se:cdpVersion: 137.0.7151.104, setWindowRect: true, strictFileInteractability: false, timeouts: {implicit: 0, pageLoad: 300000, script: 30000}, unhandledPromptBehavior: dismiss and notify, webauthn:extension:credBlob: true, webauthn:extension:largeBlob: true, webauthn:extension:minPinLength: true, webauthn:extension:prf: true, webauthn:virtualAuthenticators: true}
Element: [[ChromeDriver: chrome on windows (e72747e7b5d7f2ae11ca8882f9155bdb)] -> xpath: //span[text()='Services']]
Session ID: e72747e7b5d7f2ae11ca8882f9155bdb
2025-06-20 15:58:13 [main] INFO  a.pages.ServicesPage - 🔄 Navigating to Services > Manage SMS...
2025-06-20 15:58:13 [main] INFO  a.pages.ServicesPage - ⏳ Waiting for spinner to fully disappear...
2025-06-20 15:58:23 [main] INFO  a.pages.ServicesPage - ✅ Spinner disappeared.
2025-06-20 15:58:23 [main] INFO  a.pages.ServicesPage - ⏳ Waiting for spinner to fully disappear...
2025-06-20 15:58:29 [main] INFO  a.pages.ServicesPage - ✅ Spinner disappeared.
2025-06-20 15:58:29 [main] INFO  a.pages.ServicesPage - ✅ Reached Manage SMS section.
2025-06-20 15:58:32 [main] INFO  a.pages.ServicesPage - ✅ Negative input converted to positive as expected.
2025-06-20 15:58:32 [main] INFO  a.pages.ServicesPage - ⏳ Waiting for spinner to fully disappear...
2025-06-20 15:58:42 [main] INFO  a.pages.ServicesPage - ✅ Spinner disappeared.
2025-06-20 15:58:42 [main] INFO  a.pages.ServicesPage - ❎ Closed the popup for Next Test.
2025-06-20 15:58:42 [main] INFO  a.pages.ServicesPage - 🔄 Navigating to Services > Manage SMS...
2025-06-20 15:58:42 [main] INFO  a.pages.ServicesPage - ⏳ Waiting for spinner to fully disappear...
2025-06-20 15:58:53 [main] INFO  a.pages.ServicesPage - ✅ Spinner disappeared.
2025-06-20 15:58:53 [main] INFO  a.pages.ServicesPage - ⏳ Waiting for spinner to fully disappear...
2025-06-20 15:58:59 [main] INFO  a.pages.ServicesPage - ✅ Spinner disappeared.
2025-06-20 15:58:59 [main] INFO  a.pages.ServicesPage - ✅ Reached Manage SMS section.
2025-06-20 15:58:59 [main] INFO  a.pages.ServicesPage - 🔄 Generating random credit and debit amounts...
2025-06-20 15:58:59 [main] INFO  a.pages.ServicesPage - ✏️ Entering SMS thresholds - Credit: 7307, Debit: 6842
2025-06-20 15:59:01 [main] INFO  a.pages.ServicesPage - ✅ Amounts entered successfully with Credit: 7307, Debit: 6842
2025-06-20 15:59:01 [main] INFO  a.pages.ServicesPage - 💾 Clicking Save button...
2025-06-20 15:59:01 [main] INFO  a.pages.ServicesPage - ⏳ Waiting for spinner to fully disappear...
2025-06-20 15:59:11 [main] INFO  a.pages.ServicesPage - ✅ Spinner disappeared.
2025-06-20 15:59:12 [main] INFO  a.pages.ServicesPage - 🔐 Entering OTP: 000000
2025-06-20 15:59:12 [main] INFO  a.pages.ServicesPage - ⏳ Waiting for spinner to fully disappear...
2025-06-20 15:59:12 [main] INFO  a.pages.ServicesPage - ✅ Spinner disappeared.
2025-06-20 15:59:15 [main] INFO  a.pages.ServicesPage - ⏳ Waiting for spinner to fully disappear...
2025-06-20 15:59:26 [main] INFO  a.pages.ServicesPage - ✅ Spinner disappeared.
2025-06-20 15:59:26 [main] INFO  a.pages.ServicesPage - ✅ OTP entered.
2025-06-20 15:59:26 [main] INFO  a.pages.ServicesPage - ➡️ Clicking Proceed...
2025-06-20 15:59:26 [main] INFO  a.pages.ServicesPage - ⏳ Waiting for spinner to fully disappear...
2025-06-20 15:59:36 [main] INFO  a.pages.ServicesPage - ✅ Spinner disappeared.
2025-06-20 15:59:37 [main] INFO  a.pages.ServicesPage - ⏳ Waiting for spinner to fully disappear...
2025-06-20 15:59:50 [main] INFO  a.pages.ServicesPage - ✅ Spinner disappeared.
2025-06-20 15:59:50 [main] INFO  a.pages.ServicesPage - ❌ Error Message Shown: Enter Mobile OTP
2025-06-20 15:59:50 [main] INFO  a.pages.ServicesPage - ✅ OTP validation error appeared as expected.
2025-06-20 15:59:50 [main] INFO  a.pages.ServicesPage - ⏳ Waiting for spinner to fully disappear...
2025-06-20 16:00:01 [main] INFO  a.pages.ServicesPage - ✅ Spinner disappeared.
2025-06-20 16:00:01 [main] INFO  a.pages.ServicesPage - ❎ Clicking Cancel button...
2025-06-20 16:00:01 [main] INFO  a.pages.ServicesPage - ⏳ Waiting for spinner to fully disappear...
2025-06-20 16:00:11 [main] INFO  a.pages.ServicesPage - ✅ Spinner disappeared.
2025-06-20 16:00:11 [main] INFO  a.pages.ServicesPage - ❎ Clicking Close Arrow...
2025-06-20 16:00:11 [main] INFO  a.pages.ServicesPage - ⏳ Waiting for spinner to fully disappear...
2025-06-20 16:00:22 [main] INFO  a.pages.ServicesPage - ✅ Spinner disappeared.
2025-06-20 16:00:22 [main] INFO  automationFramework.utils.LoggerUtil - 🧹 Finalizing report...
2025-06-20 16:00:22 [main] INFO  automationFramework.utils.LoggerUtil - 📧 Sending report via email...
2025-06-20 16:00:31 [main] INFO  automationFramework.utils.LoggerUtil - ✅ dont close Browser .
