2025-06-18 10:38:32 [main] INFO  org.testng.internal.Utils - [Utils] MethodGroupsHelper.collectMethodsByGroup() took 1 ms.
2025-06-18 10:38:32 [main] INFO  org.testng.internal.Utils - [Utils] MethodGroupsHelper.sortMethods() took 2 ms.
2025-06-18 10:38:32 [main] INFO  org.testng.internal.Utils - [Utils] MethodGroupsHelper.collectMethodsByGroup() took 0 ms.
2025-06-18 10:38:32 [main] INFO  org.testng.internal.Utils - [Utils] MethodGroupsHelper.sortMethods() took 0 ms.
2025-06-18 10:38:32 [main] INFO  org.testng.internal.Utils - [Utils] MethodGroupsHelper.collectMethodsByGroup() took 0 ms.
2025-06-18 10:38:32 [main] INFO  org.testng.internal.Utils - [Utils] MethodGroupsHelper.sortMethods() took 0 ms.
2025-06-18 10:38:32 [main] INFO  org.testng.internal.Utils - [Utils] MethodGroupsHelper.collectMethodsByGroup() took 0 ms.
2025-06-18 10:38:32 [main] INFO  org.testng.internal.Utils - [Utils] MethodGroupsHelper.sortMethods() took 0 ms.
2025-06-18 10:38:32 [main] INFO  org.testng.internal.Utils - [Utils] MethodGroupsHelper.collectMethodsByGroup() took 6 ms.
2025-06-18 10:38:32 [main] INFO  org.testng.internal.Utils - [Utils] MethodGroupsHelper.sortMethods() took 16 ms.
2025-06-18 10:38:32 [main] INFO  org.testng.internal.Utils - [Utils] MethodGroupsHelper.collectMethodsByGroup() took 1 ms.
2025-06-18 10:38:32 [main] INFO  org.testng.internal.Utils - [Utils] MethodGroupsHelper.sortMethods() took 0 ms.
2025-06-18 10:38:32 [main] INFO  org.testng.internal.Utils - [Utils] MethodGroupsHelper.collectMethodsByGroup() took 0 ms.
2025-06-18 10:38:32 [main] INFO  org.testng.internal.Utils - [Utils] MethodGroupsHelper.sortMethods() took 0 ms.
2025-06-18 10:38:32 [main] INFO  org.testng.internal.Utils - [Utils] MethodGroupsHelper.collectMethodsByGroup() took 0 ms.
2025-06-18 10:38:32 [main] INFO  org.testng.internal.Utils - [Utils] MethodGroupsHelper.sortMethods() took 0 ms.
2025-06-18 10:38:32 [main] INFO  org.testng.internal.Utils - [Utils] MethodGroupsHelper.collectMethodsByGroup() took 0 ms.
2025-06-18 10:38:32 [main] INFO  org.testng.internal.Utils - [Utils] MethodGroupsHelper.sortMethods() took 0 ms.
2025-06-18 10:38:32 [main] INFO  org.testng.internal.Utils - [Utils] MethodGroupsHelper.collectMethodsByGroup() took 0 ms.
2025-06-18 10:38:32 [main] INFO  org.testng.internal.Utils - [Utils] MethodGroupsHelper.sortMethods() took 1 ms.
2025-06-18 10:38:32 [main] INFO  org.testng.internal.Utils - [Utils] MethodGroupsHelper.collectMethodsByGroup() took 0 ms.
2025-06-18 10:38:32 [main] INFO  org.testng.internal.Utils - [Utils] MethodGroupsHelper.sortMethods() took 0 ms.
2025-06-18 10:38:32 [main] INFO  org.testng.internal.Utils - [Utils] MethodGroupsHelper.collectMethodsByGroup() took 0 ms.
2025-06-18 10:38:32 [main] INFO  org.testng.internal.Utils - [Utils] MethodGroupsHelper.sortMethods() took 0 ms.
2025-06-18 10:38:32 [main] INFO  org.testng.internal.Utils - [Utils] MethodGroupsHelper.collectMethodsByGroup() took 1 ms.
2025-06-18 10:38:32 [main] INFO  org.testng.internal.Utils - [Utils] MethodGroupsHelper.sortMethods() took 13 ms.
2025-06-18 10:38:32 [main] INFO  org.testng.internal.Utils - [Utils] MethodGroupsHelper.collectMethodsByGroup() took 0 ms.
2025-06-18 10:38:32 [main] INFO  org.testng.internal.Utils - [Utils] MethodGroupsHelper.sortMethods() took 1 ms.
2025-06-18 10:38:32 [main] INFO  org.testng.internal.Utils - [Utils] MethodGroupsHelper.collectMethodsByGroup() took 0 ms.
2025-06-18 10:38:32 [main] INFO  org.testng.internal.Utils - [Utils] MethodGroupsHelper.sortMethods() took 0 ms.
2025-06-18 10:38:32 [main] INFO  org.testng.internal.Utils - [TestNG] Running:
  C:\Users\rajum\AppData\Local\Temp\testng-eclipse-2131513219\testng-customsuite.xml

2025-06-18 10:38:32 [main] INFO  org.testng.internal.Utils - [Utils] DynamicGraphHelper.createDynamicGraph() took 9 ms.
2025-06-18 10:38:32 [main] INFO  automationFramework.utils.LoggerUtil - 🔧 Starting browser and loading properties...
2025-06-18 10:38:33 [main] INFO  i.g.bonigarcia.wdm.WebDriverManager - Using chromedriver 137.0.7151.70 (resolved driver for Chrome 137)
2025-06-18 10:38:33 [main] INFO  i.g.bonigarcia.wdm.WebDriverManager - Exporting webdriver.chrome.driver as C:\Users\rajum\.cache\selenium\chromedriver\win64\137.0.7151.70\chromedriver.exe
2025-06-18 10:38:36 [main] INFO  automationFramework.pages.LoginPage - ✅ Captcha wait time loaded: 10 seconds
2025-06-18 10:38:42 [main] INFO  automationFramework.pages.LoginPage - 🟦 Navigated to URL: https://uatnet.svcbank.com/ReachSVCInet/SVC-web/inet/netbanking
2025-06-18 10:38:42 [main] INFO  automationFramework.pages.LoginPage - ✅ Entered username: TEST001
2025-06-18 10:38:42 [main] INFO  automationFramework.pages.LoginPage - ⏳ Waiting for manual captcha input (10 seconds)
2025-06-18 10:38:52 [main] INFO  automationFramework.pages.LoginPage - ✅ Clicked first Login button
2025-06-18 10:38:53 [main] INFO  automationFramework.pages.LoginPage - ✅ Entered password
2025-06-18 10:38:54 [main] INFO  automationFramework.pages.LoginPage - ✅ Clicked final Login button
2025-06-18 10:38:57 [main] INFO  automationFramework.pages.LoginPage - 🎉 Login successful for user: TEST001
2025-06-18 10:38:57 [main] INFO  automationFramework.utils.LoggerUtil - ✅ Setup complete.
2025-06-18 10:38:57 [main] INFO  a.pages.AccountsPage - Clicking Accounts Tab
2025-06-18 10:38:57 [main] INFO  a.pages.AccountsPage - ⏳ Waiting for spinner to fully disappear...
2025-06-18 10:39:16 [main] INFO  a.pages.AccountsPage - ✅ Spinner disappeared.
2025-06-18 10:39:17 [main] INFO  a.pages.AccountsPage - ⏳ Waiting for spinner to fully disappear...
2025-06-18 10:39:32 [main] INFO  a.pages.AccountsPage - ✅ Spinner disappeared.
2025-06-18 10:39:32 [main] INFO  a.pages.AccountsPage - ⏳ Waiting for spinner to fully disappear...
2025-06-18 10:39:43 [main] INFO  a.pages.AccountsPage - ✅ Spinner disappeared.
2025-06-18 10:40:03 [main] INFO  a.pages.AccountsPage - ✅ Accounts Tab Clicked
2025-06-18 10:40:03 [main] INFO  a.pages.AccountsPage - Waiting for data to load...
2025-06-18 10:40:03 [main] INFO  a.pages.AccountsPage - ⏳ Waiting for spinner to fully disappear...
2025-06-18 10:40:13 [main] INFO  a.pages.AccountsPage - ✅ Spinner disappeared.
2025-06-18 10:40:34 [main] INFO  a.pages.AccountsPage - ✅ Data load completed.
2025-06-18 10:40:34 [main] INFO  a.pages.AccountsPage - Scrolling to 'View Balance Components' button.
2025-06-18 10:40:34 [main] INFO  a.pages.AccountsPage - ⏳ Waiting for spinner to fully disappear...
2025-06-18 10:40:44 [main] INFO  a.pages.AccountsPage - ✅ Spinner disappeared.
2025-06-18 10:41:04 [main] INFO  a.pages.AccountsPage - ✅ Scrolled to 'View Balance Components' button.
2025-06-18 10:41:04 [main] INFO  a.pages.AccountsPage - Clicking 'View Balance Components' button.
2025-06-18 10:41:04 [main] INFO  a.pages.AccountsPage - ⏳ Waiting for spinner to fully disappear...
2025-06-18 10:41:15 [main] INFO  a.pages.AccountsPage - ✅ Spinner disappeared.
2025-06-18 10:41:15 [main] INFO  a.pages.AccountsPage - ⏳ Waiting for spinner to fully disappear...
2025-06-18 10:41:25 [main] INFO  a.pages.AccountsPage - ✅ Spinner disappeared.
2025-06-18 10:41:25 [main] INFO  a.pages.AccountsPage - ⏳ Waiting for spinner to fully disappear...
2025-06-18 10:41:40 [main] INFO  a.pages.AccountsPage - ✅ Spinner disappeared.
2025-06-18 10:41:40 [main] INFO  a.pages.AccountsPage - ⏳ Waiting for spinner to fully disappear...
2025-06-18 10:41:51 [main] INFO  a.pages.AccountsPage - ✅ Spinner disappeared.
2025-06-18 10:42:11 [main] INFO  a.pages.AccountsPage - ✅ View Balance modal opened.
2025-06-18 10:42:11 [main] INFO  a.pages.AccountsPage - Attempting to close balance modal.
2025-06-18 10:42:11 [main] INFO  a.pages.AccountsPage - ⏳ Waiting for spinner to fully disappear...
2025-06-18 10:42:21 [main] INFO  a.pages.AccountsPage - ✅ Spinner disappeared.
2025-06-18 10:42:21 [main] INFO  a.pages.AccountsPage - ⏳ Waiting for spinner to fully disappear...
2025-06-18 10:42:31 [main] INFO  a.pages.AccountsPage - ✅ Spinner disappeared.
2025-06-18 10:42:31 [main] INFO  a.pages.AccountsPage - ⏳ Waiting for spinner to fully disappear...
2025-06-18 10:42:42 [main] INFO  a.pages.AccountsPage - ✅ Spinner disappeared.
2025-06-18 10:42:42 [main] INFO  a.pages.AccountsPage - ✅ Balance modal closed.
2025-06-18 10:42:42 [main] INFO  a.pages.AccountsPage - ⏳ Waiting for spinner to fully disappear...
2025-06-18 10:42:52 [main] INFO  a.pages.AccountsPage - ✅ Spinner disappeared.
2025-06-18 10:43:12 [main] INFO  a.pages.AccountsPage - Initiating statement download for: 1 Month in format: PDF
2025-06-18 10:43:12 [main] INFO  a.pages.AccountsPage - 🔍 Checking if 'Detailed Statement' is visible.
2025-06-18 10:43:12 [main] INFO  a.pages.AccountsPage - ✅ 'Detailed Statement' is visible.
2025-06-18 10:43:12 [main] INFO  a.pages.AccountsPage - ⏳ Waiting for spinner to fully disappear...
2025-06-18 10:43:23 [main] INFO  a.pages.AccountsPage - ✅ Spinner disappeared.
2025-06-18 10:43:24 [main] WARN  a.pages.AccountsPage - ⚠️ Click intercepted attempt 1/3: element click intercepted: Element <span _ngcontent-ng-c1284850809="" class="text-blue-500 font-semibold">...</span> is not clickable at point (1423, 182). Other element would receive the click: <div class="ng-tns-c4033847114-18 p-dialog-mask p-component-overlay p-component-overlay-enter p-dialog-mask-scrollblocker p-component-overlay-leave" style="z-index: 11101;">...</div>
  (Session info: chrome=137.0.7151.104)
Build info: version: '4.20.0', revision: '866c76ca80'
System info: os.name: 'Windows 11', os.arch: 'amd64', os.version: '10.0', java.version: '17.0.12'
Driver info: org.openqa.selenium.chrome.ChromeDriver
Command: [aca9ea8d76c3f7c486b8218cccbe1d89, clickElement {id=f.292E7F326CE86FC445D8FA85EC147C6C.d.5DA7011419A7F443E9018DF85659769E.e.155}]
Capabilities {acceptInsecureCerts: false, browserName: chrome, browserVersion: 137.0.7151.104, chrome: {chromedriverVersion: 137.0.7151.70 (dfa4dc56b2ab..., userDataDir: C:\Users\rajum\AppData\Loca...}, fedcm:accounts: true, goog:chromeOptions: {debuggerAddress: localhost:50642}, networkConnectionEnabled: false, pageLoadStrategy: normal, platformName: windows, proxy: Proxy(), se:cdp: ws://localhost:50642/devtoo..., se:cdpVersion: 137.0.7151.104, setWindowRect: true, strictFileInteractability: false, timeouts: {implicit: 0, pageLoad: 300000, script: 30000}, unhandledPromptBehavior: dismiss and notify, webauthn:extension:credBlob: true, webauthn:extension:largeBlob: true, webauthn:extension:minPinLength: true, webauthn:extension:prf: true, webauthn:virtualAuthenticators: true}
Element: [[ChromeDriver: chrome on windows (aca9ea8d76c3f7c486b8218cccbe1d89)] -> xpath: //span[contains(text(),'Detailed Statement')]]
Session ID: aca9ea8d76c3f7c486b8218cccbe1d89
2025-06-18 10:43:24 [main] INFO  a.pages.AccountsPage - ⏳ Waiting for spinner to fully disappear...
2025-06-18 10:43:35 [main] INFO  a.pages.AccountsPage - ✅ Spinner disappeared.
2025-06-18 10:43:35 [main] INFO  a.pages.AccountsPage - ⏳ Waiting for spinner to fully disappear...
2025-06-18 10:43:54 [main] WARN  a.pages.AccountsPage - ⚠️ Spinner wait skipped or failed gracefully.
2025-06-18 10:43:54 [main] INFO  a.pages.AccountsPage - ⏳ Waiting for spinner to fully disappear...
2025-06-18 10:44:09 [main] WARN  a.pages.AccountsPage - ⚠️ Spinner wait skipped or failed gracefully.
2025-06-18 10:44:29 [main] INFO  a.pages.AccountsPage - ⏳ Waiting for spinner to fully disappear...
2025-06-18 10:44:44 [main] WARN  a.pages.AccountsPage - ⚠️ Spinner wait skipped or failed gracefully.
2025-06-18 10:44:45 [main] WARN  a.pages.AccountsPage - ⚠️ Click intercepted attempt 1/3: element click intercepted: Element <span _ngcontent-ng-c1879628175="" class="text-blue-500 font-semibold">...</span> is not clickable at point (1442, 182). Other element would receive the click: <div _ngcontent-ng-c587276320="" class="ngx-spinner-overlay ng-tns-c587276320-1 ng-trigger ng-trigger-fadeIn ng-star-inserted ng-animating" style="background-color: rgba(51, 51, 51, 0.8); z-index: 99999; position: fixed;">...</div>
  (Session info: chrome=137.0.7151.104)
Build info: version: '4.20.0', revision: '866c76ca80'
System info: os.name: 'Windows 11', os.arch: 'amd64', os.version: '10.0', java.version: '17.0.12'
Driver info: org.openqa.selenium.chrome.ChromeDriver
Command: [aca9ea8d76c3f7c486b8218cccbe1d89, clickElement {id=f.292E7F326CE86FC445D8FA85EC147C6C.d.5DA7011419A7F443E9018DF85659769E.e.171}]
Capabilities {acceptInsecureCerts: false, browserName: chrome, browserVersion: 137.0.7151.104, chrome: {chromedriverVersion: 137.0.7151.70 (dfa4dc56b2ab..., userDataDir: C:\Users\rajum\AppData\Loca...}, fedcm:accounts: true, goog:chromeOptions: {debuggerAddress: localhost:50642}, networkConnectionEnabled: false, pageLoadStrategy: normal, platformName: windows, proxy: Proxy(), se:cdp: ws://localhost:50642/devtoo..., se:cdpVersion: 137.0.7151.104, setWindowRect: true, strictFileInteractability: false, timeouts: {implicit: 0, pageLoad: 300000, script: 30000}, unhandledPromptBehavior: dismiss and notify, webauthn:extension:credBlob: true, webauthn:extension:largeBlob: true, webauthn:extension:minPinLength: true, webauthn:extension:prf: true, webauthn:virtualAuthenticators: true}
Element: [[ChromeDriver: chrome on windows (aca9ea8d76c3f7c486b8218cccbe1d89)] -> xpath: //span[contains(@class,'text-blue-500') and contains(text(),'Download')]]
Session ID: aca9ea8d76c3f7c486b8218cccbe1d89
2025-06-18 10:44:46 [main] INFO  a.pages.AccountsPage - ⏳ Waiting for spinner to fully disappear...
2025-06-18 10:45:01 [main] WARN  a.pages.AccountsPage - ⚠️ Spinner wait skipped or failed gracefully.
2025-06-18 10:45:02 [main] WARN  a.pages.AccountsPage - ⚠️ Click intercepted attempt 2/3: element click intercepted: Element <span _ngcontent-ng-c1879628175="" class="text-blue-500 font-semibold">...</span> is not clickable at point (1442, 182). Other element would receive the click: <div _ngcontent-ng-c587276320="" class="ngx-spinner-overlay ng-tns-c587276320-1 ng-trigger ng-trigger-fadeIn ng-star-inserted ng-animating" style="background-color: rgba(51, 51, 51, 0.8); z-index: 99999; position: fixed;">...</div>
  (Session info: chrome=137.0.7151.104)
Build info: version: '4.20.0', revision: '866c76ca80'
System info: os.name: 'Windows 11', os.arch: 'amd64', os.version: '10.0', java.version: '17.0.12'
Driver info: org.openqa.selenium.chrome.ChromeDriver
Command: [aca9ea8d76c3f7c486b8218cccbe1d89, clickElement {id=f.292E7F326CE86FC445D8FA85EC147C6C.d.5DA7011419A7F443E9018DF85659769E.e.171}]
Capabilities {acceptInsecureCerts: false, browserName: chrome, browserVersion: 137.0.7151.104, chrome: {chromedriverVersion: 137.0.7151.70 (dfa4dc56b2ab..., userDataDir: C:\Users\rajum\AppData\Loca...}, fedcm:accounts: true, goog:chromeOptions: {debuggerAddress: localhost:50642}, networkConnectionEnabled: false, pageLoadStrategy: normal, platformName: windows, proxy: Proxy(), se:cdp: ws://localhost:50642/devtoo..., se:cdpVersion: 137.0.7151.104, setWindowRect: true, strictFileInteractability: false, timeouts: {implicit: 0, pageLoad: 300000, script: 30000}, unhandledPromptBehavior: dismiss and notify, webauthn:extension:credBlob: true, webauthn:extension:largeBlob: true, webauthn:extension:minPinLength: true, webauthn:extension:prf: true, webauthn:virtualAuthenticators: true}
Element: [[ChromeDriver: chrome on windows (aca9ea8d76c3f7c486b8218cccbe1d89)] -> xpath: //span[contains(@class,'text-blue-500') and contains(text(),'Download')]]
Session ID: aca9ea8d76c3f7c486b8218cccbe1d89
2025-06-18 10:45:03 [main] INFO  a.pages.AccountsPage - ⏳ Waiting for spinner to fully disappear...
2025-06-18 10:45:18 [main] WARN  a.pages.AccountsPage - ⚠️ Spinner wait skipped or failed gracefully.
2025-06-18 10:45:19 [main] WARN  a.pages.AccountsPage - ⚠️ Click intercepted attempt 3/3: element click intercepted: Element <span _ngcontent-ng-c1879628175="" class="text-blue-500 font-semibold">...</span> is not clickable at point (1442, 182). Other element would receive the click: <div _ngcontent-ng-c587276320="" class="ngx-spinner-overlay ng-tns-c587276320-1 ng-trigger ng-trigger-fadeIn ng-star-inserted ng-animating" style="background-color: rgba(51, 51, 51, 0.8); z-index: 99999; position: fixed;">...</div>
  (Session info: chrome=137.0.7151.104)
Build info: version: '4.20.0', revision: '866c76ca80'
System info: os.name: 'Windows 11', os.arch: 'amd64', os.version: '10.0', java.version: '17.0.12'
Driver info: org.openqa.selenium.chrome.ChromeDriver
Command: [aca9ea8d76c3f7c486b8218cccbe1d89, clickElement {id=f.292E7F326CE86FC445D8FA85EC147C6C.d.5DA7011419A7F443E9018DF85659769E.e.171}]
Capabilities {acceptInsecureCerts: false, browserName: chrome, browserVersion: 137.0.7151.104, chrome: {chromedriverVersion: 137.0.7151.70 (dfa4dc56b2ab..., userDataDir: C:\Users\rajum\AppData\Loca...}, fedcm:accounts: true, goog:chromeOptions: {debuggerAddress: localhost:50642}, networkConnectionEnabled: false, pageLoadStrategy: normal, platformName: windows, proxy: Proxy(), se:cdp: ws://localhost:50642/devtoo..., se:cdpVersion: 137.0.7151.104, setWindowRect: true, strictFileInteractability: false, timeouts: {implicit: 0, pageLoad: 300000, script: 30000}, unhandledPromptBehavior: dismiss and notify, webauthn:extension:credBlob: true, webauthn:extension:largeBlob: true, webauthn:extension:minPinLength: true, webauthn:extension:prf: true, webauthn:virtualAuthenticators: true}
Element: [[ChromeDriver: chrome on windows (aca9ea8d76c3f7c486b8218cccbe1d89)] -> xpath: //span[contains(@class,'text-blue-500') and contains(text(),'Download')]]
Session ID: aca9ea8d76c3f7c486b8218cccbe1d89
2025-06-18 10:45:20 [main] ERROR a.pages.AccountsPage - ❌ Error downloading 1 Month statement: ❌ Click failed after 3 attempts: By.xpath: //span[contains(@class,'text-blue-500') and contains(text(),'Download')]
2025-06-18 10:45:20 [main] INFO  a.pages.AccountsPage - Initiating statement download for: 3 Months in format: PDF
2025-06-18 10:45:20 [main] INFO  a.pages.AccountsPage - 🔍 Checking if 'Detailed Statement' is visible.
2025-06-18 10:45:25 [main] WARN  a.pages.AccountsPage - ⚠️ 'Detailed Statement' not visible. Clicking Accounts Tab first.
2025-06-18 10:45:25 [main] INFO  a.pages.AccountsPage - ⏳ Waiting for spinner to fully disappear...
2025-06-18 10:45:36 [main] INFO  a.pages.AccountsPage - ✅ Spinner disappeared.
2025-06-18 10:45:36 [main] INFO  a.pages.AccountsPage - ⏳ Waiting for spinner to fully disappear...
2025-06-18 10:45:37 [main] INFO  a.pages.AccountsPage - ✅ Spinner disappeared.
2025-06-18 10:45:37 [main] INFO  a.pages.AccountsPage - ✅ 'Detailed Statement' found after clicking Accounts Tab.
2025-06-18 10:45:37 [main] INFO  a.pages.AccountsPage - ⏳ Waiting for spinner to fully disappear...
2025-06-18 10:45:50 [main] INFO  a.pages.AccountsPage - ✅ Spinner disappeared.
2025-06-18 10:45:50 [main] INFO  a.pages.AccountsPage - ⏳ Waiting for spinner to fully disappear...
2025-06-18 10:46:04 [main] INFO  a.pages.AccountsPage - ✅ Spinner disappeared.
2025-06-18 10:46:04 [main] INFO  a.pages.AccountsPage - ⏳ Waiting for spinner to fully disappear...
2025-06-18 10:46:14 [main] INFO  a.pages.AccountsPage - ✅ Spinner disappeared.
2025-06-18 10:46:34 [main] INFO  a.pages.AccountsPage - Selecting duration button: 3 Months
2025-06-18 10:46:34 [main] INFO  a.pages.AccountsPage - ⏳ Waiting for spinner to fully disappear...
2025-06-18 10:46:45 [main] INFO  a.pages.AccountsPage - ✅ Spinner disappeared.
2025-06-18 10:46:45 [main] INFO  a.pages.AccountsPage - ⏳ Waiting for spinner to fully disappear...
2025-06-18 10:46:46 [main] INFO  a.pages.AccountsPage - ✅ Spinner disappeared.
2025-06-18 10:46:46 [main] INFO  a.pages.AccountsPage - ⏳ Waiting for spinner to fully disappear...
2025-06-18 10:47:00 [main] INFO  a.pages.AccountsPage - ✅ Spinner disappeared.
2025-06-18 10:47:20 [main] INFO  a.pages.AccountsPage - ⏳ Waiting for spinner to fully disappear...
2025-06-18 10:47:31 [main] INFO  a.pages.AccountsPage - ✅ Spinner disappeared.
2025-06-18 10:47:31 [main] INFO  a.pages.AccountsPage - ⏳ Waiting for spinner to fully disappear...
2025-06-18 10:47:41 [main] INFO  a.pages.AccountsPage - ✅ Spinner disappeared.
2025-06-18 10:47:41 [main] INFO  a.pages.AccountsPage - Clicked Download button.
2025-06-18 10:47:41 [main] INFO  a.pages.AccountsPage - ⏳ Waiting for spinner to fully disappear...
2025-06-18 10:47:52 [main] INFO  a.pages.AccountsPage - ✅ Spinner disappeared.
2025-06-18 10:47:52 [main] INFO  a.pages.AccountsPage - ⏳ Waiting for spinner to fully disappear...
2025-06-18 10:48:02 [main] INFO  a.pages.AccountsPage - ✅ Spinner disappeared.
2025-06-18 10:48:02 [main] INFO  a.pages.AccountsPage - ⏳ Waiting for spinner to fully disappear...
2025-06-18 10:48:03 [main] INFO  a.pages.AccountsPage - ✅ Spinner disappeared.
2025-06-18 10:48:03 [main] INFO  a.pages.AccountsPage - Triggered statement download.
2025-06-18 10:48:03 [main] INFO  a.pages.AccountsPage - ⏳ Waiting for spinner to fully disappear...
2025-06-18 10:48:16 [main] INFO  a.pages.AccountsPage - ✅ Spinner disappeared.
2025-06-18 10:48:16 [main] INFO  a.pages.AccountsPage - Initiating statement download for: 1 Month in format: XLS
2025-06-18 10:48:16 [main] INFO  a.pages.AccountsPage - 🔍 Checking if 'Detailed Statement' is visible.
2025-06-18 10:48:21 [main] WARN  a.pages.AccountsPage - ⚠️ 'Detailed Statement' not visible. Clicking Accounts Tab first.
2025-06-18 10:48:21 [main] INFO  a.pages.AccountsPage - ⏳ Waiting for spinner to fully disappear...
2025-06-18 10:48:31 [main] INFO  a.pages.AccountsPage - ✅ Spinner disappeared.
2025-06-18 10:48:47 [main] WARN  a.pages.AccountsPage - ⚠️ Click failed attempt 1/3: Expected condition failed: waiting for element to be clickable: By.xpath: //span[@class='p-menuitem-text' and text()='Accounts'] (tried for 15 second(s) with 500 milliseconds interval)
Build info: version: '4.20.0', revision: '866c76ca80'
System info: os.name: 'Windows 11', os.arch: 'amd64', os.version: '10.0', java.version: '17.0.12'
Driver info: org.openqa.selenium.chrome.ChromeDriver
Capabilities {acceptInsecureCerts: false, browserName: chrome, browserVersion: 137.0.7151.104, chrome: {chromedriverVersion: 137.0.7151.70 (dfa4dc56b2ab..., userDataDir: C:\Users\rajum\AppData\Loca...}, fedcm:accounts: true, goog:chromeOptions: {debuggerAddress: localhost:50642}, networkConnectionEnabled: false, pageLoadStrategy: normal, platformName: windows, proxy: Proxy(), se:cdp: ws://localhost:50642/devtoo..., se:cdpVersion: 137.0.7151.104, setWindowRect: true, strictFileInteractability: false, timeouts: {implicit: 0, pageLoad: 300000, script: 30000}, unhandledPromptBehavior: dismiss and notify, webauthn:extension:credBlob: true, webauthn:extension:largeBlob: true, webauthn:extension:minPinLength: true, webauthn:extension:prf: true, webauthn:virtualAuthenticators: true}
Session ID: aca9ea8d76c3f7c486b8218cccbe1d89
2025-06-18 10:48:48 [main] INFO  a.pages.AccountsPage - ⏳ Waiting for spinner to fully disappear...
2025-06-18 10:48:58 [main] INFO  a.pages.AccountsPage - ✅ Spinner disappeared.
2025-06-18 10:49:25 [main] WARN  a.pages.AccountsPage - ⚠️ Click failed attempt 2/3: Expected condition failed: waiting for element to be clickable: By.xpath: //span[@class='p-menuitem-text' and text()='Accounts'] (tried for 15 second(s) with 500 milliseconds interval)
Build info: version: '4.20.0', revision: '866c76ca80'
System info: os.name: 'Windows 11', os.arch: 'amd64', os.version: '10.0', java.version: '17.0.12'
Driver info: org.openqa.selenium.chrome.ChromeDriver
Capabilities {acceptInsecureCerts: false, browserName: chrome, browserVersion: 137.0.7151.104, chrome: {chromedriverVersion: 137.0.7151.70 (dfa4dc56b2ab..., userDataDir: C:\Users\rajum\AppData\Loca...}, fedcm:accounts: true, goog:chromeOptions: {debuggerAddress: localhost:50642}, networkConnectionEnabled: false, pageLoadStrategy: normal, platformName: windows, proxy: Proxy(), se:cdp: ws://localhost:50642/devtoo..., se:cdpVersion: 137.0.7151.104, setWindowRect: true, strictFileInteractability: false, timeouts: {implicit: 0, pageLoad: 300000, script: 30000}, unhandledPromptBehavior: dismiss and notify, webauthn:extension:credBlob: true, webauthn:extension:largeBlob: true, webauthn:extension:minPinLength: true, webauthn:extension:prf: true, webauthn:virtualAuthenticators: true}
Session ID: aca9ea8d76c3f7c486b8218cccbe1d89
2025-06-18 10:49:25 [main] INFO  a.pages.AccountsPage - ⏳ Waiting for spinner to fully disappear...
