2025-06-20 15:43:11 [main] INFO  org.testng.internal.Utils - [Utils] MethodGroupsHelper.collectMethodsByGroup() took 2 ms.
2025-06-20 15:43:11 [main] INFO  org.testng.internal.Utils - [Utils] MethodGroupsHelper.sortMethods() took 3 ms.
2025-06-20 15:43:11 [main] INFO  org.testng.internal.Utils - [Utils] MethodGroupsHelper.collectMethodsByGroup() took 0 ms.
2025-06-20 15:43:11 [main] INFO  org.testng.internal.Utils - [Utils] MethodGroupsHelper.sortMethods() took 0 ms.
2025-06-20 15:43:11 [main] INFO  org.testng.internal.Utils - [Utils] MethodGroupsHelper.collectMethodsByGroup() took 0 ms.
2025-06-20 15:43:11 [main] INFO  org.testng.internal.Utils - [Utils] MethodGroupsHelper.sortMethods() took 0 ms.
2025-06-20 15:43:11 [main] INFO  org.testng.internal.Utils - [Utils] MethodGroupsHelper.collectMethodsByGroup() took 0 ms.
2025-06-20 15:43:11 [main] INFO  org.testng.internal.Utils - [Utils] MethodGroupsHelper.sortMethods() took 0 ms.
2025-06-20 15:43:11 [main] INFO  org.testng.internal.Utils - [Utils] MethodGroupsHelper.collectMethodsByGroup() took 6 ms.
2025-06-20 15:43:11 [main] INFO  org.testng.internal.Utils - [Utils] MethodGroupsHelper.sortMethods() took 29 ms.
2025-06-20 15:43:11 [main] INFO  org.testng.internal.Utils - [Utils] MethodGroupsHelper.collectMethodsByGroup() took 0 ms.
2025-06-20 15:43:11 [main] INFO  org.testng.internal.Utils - [Utils] MethodGroupsHelper.sortMethods() took 0 ms.
2025-06-20 15:43:11 [main] INFO  org.testng.internal.Utils - [Utils] MethodGroupsHelper.collectMethodsByGroup() took 0 ms.
2025-06-20 15:43:11 [main] INFO  org.testng.internal.Utils - [Utils] MethodGroupsHelper.sortMethods() took 0 ms.
2025-06-20 15:43:11 [main] INFO  org.testng.internal.Utils - [Utils] MethodGroupsHelper.collectMethodsByGroup() took 0 ms.
2025-06-20 15:43:11 [main] INFO  org.testng.internal.Utils - [Utils] MethodGroupsHelper.sortMethods() took 0 ms.
2025-06-20 15:43:11 [main] INFO  org.testng.internal.Utils - [Utils] MethodGroupsHelper.collectMethodsByGroup() took 0 ms.
2025-06-20 15:43:11 [main] INFO  org.testng.internal.Utils - [Utils] MethodGroupsHelper.sortMethods() took 0 ms.
2025-06-20 15:43:11 [main] INFO  org.testng.internal.Utils - [Utils] MethodGroupsHelper.collectMethodsByGroup() took 0 ms.
2025-06-20 15:43:11 [main] INFO  org.testng.internal.Utils - [Utils] MethodGroupsHelper.sortMethods() took 0 ms.
2025-06-20 15:43:11 [main] INFO  org.testng.internal.Utils - [Utils] MethodGroupsHelper.collectMethodsByGroup() took 0 ms.
2025-06-20 15:43:11 [main] INFO  org.testng.internal.Utils - [Utils] MethodGroupsHelper.sortMethods() took 0 ms.
2025-06-20 15:43:11 [main] INFO  org.testng.internal.Utils - [Utils] MethodGroupsHelper.collectMethodsByGroup() took 0 ms.
2025-06-20 15:43:11 [main] INFO  org.testng.internal.Utils - [Utils] MethodGroupsHelper.sortMethods() took 0 ms.
2025-06-20 15:43:11 [main] INFO  org.testng.internal.Utils - [Utils] MethodGroupsHelper.collectMethodsByGroup() took 4 ms.
2025-06-20 15:43:11 [main] INFO  org.testng.internal.Utils - [Utils] MethodGroupsHelper.sortMethods() took 56 ms.
2025-06-20 15:43:11 [main] INFO  org.testng.internal.Utils - [Utils] MethodGroupsHelper.collectMethodsByGroup() took 0 ms.
2025-06-20 15:43:11 [main] INFO  org.testng.internal.Utils - [Utils] MethodGroupsHelper.sortMethods() took 0 ms.
2025-06-20 15:43:11 [main] INFO  org.testng.internal.Utils - [Utils] MethodGroupsHelper.collectMethodsByGroup() took 0 ms.
2025-06-20 15:43:11 [main] INFO  org.testng.internal.Utils - [Utils] MethodGroupsHelper.sortMethods() took 0 ms.
2025-06-20 15:43:11 [main] INFO  org.testng.internal.Utils - [TestNG] Running:
  C:\Users\rajum\AppData\Local\Temp\testng-eclipse--877205581\testng-customsuite.xml

2025-06-20 15:43:11 [main] INFO  org.testng.internal.Utils - [Utils] DynamicGraphHelper.createDynamicGraph() took 18 ms.
2025-06-20 15:43:11 [main] INFO  automationFramework.utils.LoggerUtil - 🔧 Initializing browser and loading configuration...
2025-06-20 15:43:13 [main] INFO  i.g.bonigarcia.wdm.WebDriverManager - Using chromedriver 137.0.7151.119 (resolved driver for Chrome 137)
2025-06-20 15:43:13 [main] INFO  i.g.bonigarcia.wdm.WebDriverManager - Exporting webdriver.chrome.driver as C:\Users\rajum\.cache\selenium\chromedriver\win64\137.0.7151.119\chromedriver.exe
2025-06-20 15:43:15 [main] INFO  automationFramework.utils.LoggerUtil - ✅ Setup complete.
2025-06-20 15:43:15 [main] INFO  automationFramework.pages.LoginPage - ✅ Captcha wait time loaded: 10 seconds
2025-06-20 15:43:21 [main] INFO  automationFramework.pages.LoginPage - 🟦 Navigated to URL: https://uatnet.svcbank.com/ReachSVCInet/SVC-web/inet/netbanking
2025-06-20 15:43:22 [main] INFO  automationFramework.pages.LoginPage - ✅ Entered username: TEST001
2025-06-20 15:43:22 [main] INFO  automationFramework.pages.LoginPage - ⏳ Waiting for manual captcha input (10 seconds)
2025-06-20 15:43:32 [main] INFO  automationFramework.pages.LoginPage - ✅ Clicked first Login button
2025-06-20 15:43:34 [main] INFO  automationFramework.pages.LoginPage - ✅ Entered password
2025-06-20 15:43:34 [main] INFO  automationFramework.pages.LoginPage - ✅ Clicked final Login button
2025-06-20 15:43:44 [main] INFO  automationFramework.pages.LoginPage - 🎉 Login successful for user: TEST001
2025-06-20 15:43:44 [main] INFO  a.pages.ServicesPage - 🔄 Navigating to Services > Manage SMS...
2025-06-20 15:43:44 [main] INFO  a.pages.ServicesPage - ⏳ Waiting for spinner to fully disappear...
2025-06-20 15:43:55 [main] INFO  a.pages.ServicesPage - ✅ Spinner disappeared.
2025-06-20 15:43:55 [main] INFO  a.pages.ServicesPage - ⏳ Waiting for spinner to fully disappear...
2025-06-20 15:43:56 [main] INFO  a.pages.ServicesPage - ✅ Spinner disappeared.
2025-06-20 15:43:58 [main] INFO  a.pages.ServicesPage - ✅ Reached Manage SMS section.
2025-06-20 15:43:58 [main] INFO  a.pages.ServicesPage - 🔄 Generating random credit and debit amounts...
2025-06-20 15:43:58 [main] INFO  a.pages.ServicesPage - ✏️ Entering SMS thresholds - Credit: 9871, Debit: 7332
2025-06-20 15:43:59 [main] INFO  a.pages.ServicesPage - ✅ Amounts entered successfully with Credit: 9871, Debit: 7332
2025-06-20 15:43:59 [main] INFO  a.pages.ServicesPage - 💾 Clicking Save button...
2025-06-20 15:43:59 [main] INFO  a.pages.ServicesPage - ⏳ Waiting for spinner to fully disappear...
2025-06-20 15:44:10 [main] INFO  a.pages.ServicesPage - ✅ Spinner disappeared.
2025-06-20 15:44:10 [main] INFO  a.pages.ServicesPage - 🔐 Entering OTP: 123456
2025-06-20 15:44:10 [main] INFO  a.pages.ServicesPage - ⏳ Waiting for spinner to fully disappear...
2025-06-20 15:44:23 [main] INFO  a.pages.ServicesPage - ✅ Spinner disappeared.
2025-06-20 15:44:23 [main] INFO  a.pages.ServicesPage - ⏳ Waiting for spinner to fully disappear...
2025-06-20 15:44:33 [main] INFO  a.pages.ServicesPage - ✅ Spinner disappeared.
2025-06-20 15:44:33 [main] INFO  a.pages.ServicesPage - ✅ OTP entered.
2025-06-20 15:44:33 [main] INFO  a.pages.ServicesPage - ➡️ Clicking Proceed...
2025-06-20 15:44:33 [main] INFO  a.pages.ServicesPage - ⏳ Waiting for spinner to fully disappear...
2025-06-20 15:44:44 [main] INFO  a.pages.ServicesPage - ✅ Spinner disappeared.
2025-06-20 15:44:46 [main] INFO  a.pages.ServicesPage - ✅ Success popup visibility: true
2025-06-20 15:44:46 [main] INFO  a.pages.ServicesPage - 🆗 Clicking Okay on success popup...
2025-06-20 15:44:46 [main] INFO  a.pages.ServicesPage - ⏳ Waiting for spinner to fully disappear...
2025-06-20 15:45:02 [main] WARN  a.pages.ServicesPage - ⚠️ Spinner wait skipped or failed gracefully.
2025-06-20 15:45:03 [main] WARN  a.pages.ServicesPage - ⚠️ Click intercepted attempt 1/3: element click intercepted: Element <span class="p-button-label ng-star-inserted" data-pc-section="label">...</span> is not clickable at point (768, 428). Other element would receive the click: <div _ngcontent-ng-c587276320="" class="ngx-spinner-overlay ng-tns-c587276320-1 ng-trigger ng-trigger-fadeIn ng-star-inserted ng-animating" style="background-color: rgba(51, 51, 51, 0.8); z-index: 99999; position: fixed;">...</div>
  (Session info: chrome=137.0.7151.104)
Build info: version: '4.20.0', revision: '866c76ca80'
System info: os.name: 'Windows 11', os.arch: 'amd64', os.version: '10.0', java.version: '17.0.12'
Driver info: org.openqa.selenium.chrome.ChromeDriver
Command: [e23656c6eb8088245d6d031c02e5cf7c, clickElement {id=f.36EA594F295223742FBF5FAB10EB0D63.d.194F980CF074F19CDF3ECCB5B441C6A9.e.148}]
Capabilities {acceptInsecureCerts: false, browserName: chrome, browserVersion: 137.0.7151.104, chrome: {chromedriverVersion: 137.0.7151.119 (e0ac9d12dff..., userDataDir: C:\Users\rajum\AppData\Loca...}, fedcm:accounts: true, goog:chromeOptions: {debuggerAddress: localhost:60010}, networkConnectionEnabled: false, pageLoadStrategy: normal, platformName: windows, proxy: Proxy(), se:cdp: ws://localhost:60010/devtoo..., se:cdpVersion: 137.0.7151.104, setWindowRect: true, strictFileInteractability: false, timeouts: {implicit: 0, pageLoad: 300000, script: 30000}, unhandledPromptBehavior: dismiss and notify, webauthn:extension:credBlob: true, webauthn:extension:largeBlob: true, webauthn:extension:minPinLength: true, webauthn:extension:prf: true, webauthn:virtualAuthenticators: true}
Element: [[ChromeDriver: chrome on windows (e23656c6eb8088245d6d031c02e5cf7c)] -> xpath: //span[text()='Okay']]
Session ID: e23656c6eb8088245d6d031c02e5cf7c
2025-06-20 15:45:03 [main] INFO  a.pages.ServicesPage - ⏳ Waiting for spinner to fully disappear...
2025-06-20 15:45:20 [main] INFO  a.pages.ServicesPage - ✅ Spinner disappeared.
2025-06-20 15:45:20 [main] INFO  a.pages.ServicesPage - 🔄 Navigating to Services > Manage SMS...
2025-06-20 15:45:20 [main] INFO  a.pages.ServicesPage - ⏳ Waiting for spinner to fully disappear...
2025-06-20 15:45:30 [main] INFO  a.pages.ServicesPage - ✅ Spinner disappeared.
2025-06-20 15:45:30 [main] INFO  a.pages.ServicesPage - ⏳ Waiting for spinner to fully disappear...
2025-06-20 15:45:46 [main] WARN  a.pages.ServicesPage - ⚠️ Spinner wait skipped or failed gracefully.
2025-06-20 15:45:47 [main] WARN  a.pages.ServicesPage - ⚠️ Click intercepted attempt 1/3: element click intercepted: Element <span class="font-semibold cursor-pointer h-fit align-self-center text-large">...</span> is not clickable at point (163, 291). Other element would receive the click: <div _ngcontent-ng-c587276320="" class="ngx-spinner-overlay ng-tns-c587276320-1 ng-trigger ng-trigger-fadeIn ng-star-inserted ng-animating" style="background-color: rgba(51, 51, 51, 0.8); z-index: 99999; position: fixed;">...</div>
  (Session info: chrome=137.0.7151.104)
Build info: version: '4.20.0', revision: '866c76ca80'
System info: os.name: 'Windows 11', os.arch: 'amd64', os.version: '10.0', java.version: '17.0.12'
Driver info: org.openqa.selenium.chrome.ChromeDriver
Command: [e23656c6eb8088245d6d031c02e5cf7c, clickElement {id=f.36EA594F295223742FBF5FAB10EB0D63.d.194F980CF074F19CDF3ECCB5B441C6A9.e.156}]
Capabilities {acceptInsecureCerts: false, browserName: chrome, browserVersion: 137.0.7151.104, chrome: {chromedriverVersion: 137.0.7151.119 (e0ac9d12dff..., userDataDir: C:\Users\rajum\AppData\Loca...}, fedcm:accounts: true, goog:chromeOptions: {debuggerAddress: localhost:60010}, networkConnectionEnabled: false, pageLoadStrategy: normal, platformName: windows, proxy: Proxy(), se:cdp: ws://localhost:60010/devtoo..., se:cdpVersion: 137.0.7151.104, setWindowRect: true, strictFileInteractability: false, timeouts: {implicit: 0, pageLoad: 300000, script: 30000}, unhandledPromptBehavior: dismiss and notify, webauthn:extension:credBlob: true, webauthn:extension:largeBlob: true, webauthn:extension:minPinLength: true, webauthn:extension:prf: true, webauthn:virtualAuthenticators: true}
Element: [[ChromeDriver: chrome on windows (e23656c6eb8088245d6d031c02e5cf7c)] -> xpath: //span[text()='Manage SMS']]
Session ID: e23656c6eb8088245d6d031c02e5cf7c
2025-06-20 15:45:48 [main] INFO  a.pages.ServicesPage - ⏳ Waiting for spinner to fully disappear...
2025-06-20 15:46:03 [main] WARN  a.pages.ServicesPage - ⚠️ Spinner wait skipped or failed gracefully.
2025-06-20 15:46:04 [main] WARN  a.pages.ServicesPage - ⚠️ Click intercepted attempt 2/3: element click intercepted: Element <span class="font-semibold cursor-pointer h-fit align-self-center text-large">...</span> is not clickable at point (163, 291). Other element would receive the click: <div _ngcontent-ng-c587276320="" class="ngx-spinner-overlay ng-tns-c587276320-1 ng-trigger ng-trigger-fadeIn ng-star-inserted ng-animating" style="background-color: rgba(51, 51, 51, 0.8); z-index: 99999; position: fixed;">...</div>
  (Session info: chrome=137.0.7151.104)
Build info: version: '4.20.0', revision: '866c76ca80'
System info: os.name: 'Windows 11', os.arch: 'amd64', os.version: '10.0', java.version: '17.0.12'
Driver info: org.openqa.selenium.chrome.ChromeDriver
Command: [e23656c6eb8088245d6d031c02e5cf7c, clickElement {id=f.36EA594F295223742FBF5FAB10EB0D63.d.194F980CF074F19CDF3ECCB5B441C6A9.e.156}]
Capabilities {acceptInsecureCerts: false, browserName: chrome, browserVersion: 137.0.7151.104, chrome: {chromedriverVersion: 137.0.7151.119 (e0ac9d12dff..., userDataDir: C:\Users\rajum\AppData\Loca...}, fedcm:accounts: true, goog:chromeOptions: {debuggerAddress: localhost:60010}, networkConnectionEnabled: false, pageLoadStrategy: normal, platformName: windows, proxy: Proxy(), se:cdp: ws://localhost:60010/devtoo..., se:cdpVersion: 137.0.7151.104, setWindowRect: true, strictFileInteractability: false, timeouts: {implicit: 0, pageLoad: 300000, script: 30000}, unhandledPromptBehavior: dismiss and notify, webauthn:extension:credBlob: true, webauthn:extension:largeBlob: true, webauthn:extension:minPinLength: true, webauthn:extension:prf: true, webauthn:virtualAuthenticators: true}
Element: [[ChromeDriver: chrome on windows (e23656c6eb8088245d6d031c02e5cf7c)] -> xpath: //span[text()='Manage SMS']]
Session ID: e23656c6eb8088245d6d031c02e5cf7c
2025-06-20 15:46:05 [main] INFO  a.pages.ServicesPage - ⏳ Waiting for spinner to fully disappear...
2025-06-20 15:46:23 [main] INFO  a.pages.ServicesPage - ✅ Spinner disappeared.
2025-06-20 15:46:23 [main] INFO  a.pages.ServicesPage - ✅ Reached Manage SMS section.
2025-06-20 15:46:23 [main] INFO  a.pages.ServicesPage - 🔄 Setting invalid threshold values: empty=true, negative=false
2025-06-20 15:46:34 [main] INFO  a.pages.ServicesPage - ✏️ Invalid thresholds set - Credit: , Debit: 
2025-06-20 15:46:34 [main] INFO  a.pages.ServicesPage - 💾 Clicking Save button...
2025-06-20 15:46:34 [main] INFO  a.pages.ServicesPage - ⏳ Waiting for spinner to fully disappear...
2025-06-20 15:46:49 [main] WARN  a.pages.ServicesPage - ⚠️ Spinner wait skipped or failed gracefully.
2025-06-20 15:46:50 [main] WARN  a.pages.ServicesPage - ⚠️ Click intercepted attempt 1/3: element click intercepted: Element <span class="p-button-label ng-star-inserted" data-pc-section="label">...</span> is not clickable at point (768, 503). Other element would receive the click: <div _ngcontent-ng-c587276320="" class="ngx-spinner-overlay ng-tns-c587276320-1 ng-trigger ng-trigger-fadeIn ng-star-inserted ng-animating" style="background-color: rgba(51, 51, 51, 0.8); z-index: 99999; position: fixed;">...</div>
  (Session info: chrome=137.0.7151.104)
Build info: version: '4.20.0', revision: '866c76ca80'
System info: os.name: 'Windows 11', os.arch: 'amd64', os.version: '10.0', java.version: '17.0.12'
Driver info: org.openqa.selenium.chrome.ChromeDriver
Command: [e23656c6eb8088245d6d031c02e5cf7c, clickElement {id=f.36EA594F295223742FBF5FAB10EB0D63.d.194F980CF074F19CDF3ECCB5B441C6A9.e.178}]
Capabilities {acceptInsecureCerts: false, browserName: chrome, browserVersion: 137.0.7151.104, chrome: {chromedriverVersion: 137.0.7151.119 (e0ac9d12dff..., userDataDir: C:\Users\rajum\AppData\Loca...}, fedcm:accounts: true, goog:chromeOptions: {debuggerAddress: localhost:60010}, networkConnectionEnabled: false, pageLoadStrategy: normal, platformName: windows, proxy: Proxy(), se:cdp: ws://localhost:60010/devtoo..., se:cdpVersion: 137.0.7151.104, setWindowRect: true, strictFileInteractability: false, timeouts: {implicit: 0, pageLoad: 300000, script: 30000}, unhandledPromptBehavior: dismiss and notify, webauthn:extension:credBlob: true, webauthn:extension:largeBlob: true, webauthn:extension:minPinLength: true, webauthn:extension:prf: true, webauthn:virtualAuthenticators: true}
Element: [[ChromeDriver: chrome on windows (e23656c6eb8088245d6d031c02e5cf7c)] -> xpath: //span[text()='Save']]
Session ID: e23656c6eb8088245d6d031c02e5cf7c
2025-06-20 15:46:51 [main] INFO  a.pages.ServicesPage - ⏳ Waiting for spinner to fully disappear...
2025-06-20 15:47:06 [main] WARN  a.pages.ServicesPage - ⚠️ Spinner wait skipped or failed gracefully.
2025-06-20 15:47:07 [main] WARN  a.pages.ServicesPage - ⚠️ Click intercepted attempt 2/3: element click intercepted: Element <span class="p-button-label ng-star-inserted" data-pc-section="label">...</span> is not clickable at point (768, 503). Other element would receive the click: <div _ngcontent-ng-c587276320="" class="ngx-spinner-overlay ng-tns-c587276320-1 ng-trigger ng-trigger-fadeIn ng-star-inserted ng-animating" style="background-color: rgba(51, 51, 51, 0.8); z-index: 99999; position: fixed;">...</div>
  (Session info: chrome=137.0.7151.104)
Build info: version: '4.20.0', revision: '866c76ca80'
System info: os.name: 'Windows 11', os.arch: 'amd64', os.version: '10.0', java.version: '17.0.12'
Driver info: org.openqa.selenium.chrome.ChromeDriver
Command: [e23656c6eb8088245d6d031c02e5cf7c, clickElement {id=f.36EA594F295223742FBF5FAB10EB0D63.d.194F980CF074F19CDF3ECCB5B441C6A9.e.178}]
Capabilities {acceptInsecureCerts: false, browserName: chrome, browserVersion: 137.0.7151.104, chrome: {chromedriverVersion: 137.0.7151.119 (e0ac9d12dff..., userDataDir: C:\Users\rajum\AppData\Loca...}, fedcm:accounts: true, goog:chromeOptions: {debuggerAddress: localhost:60010}, networkConnectionEnabled: false, pageLoadStrategy: normal, platformName: windows, proxy: Proxy(), se:cdp: ws://localhost:60010/devtoo..., se:cdpVersion: 137.0.7151.104, setWindowRect: true, strictFileInteractability: false, timeouts: {implicit: 0, pageLoad: 300000, script: 30000}, unhandledPromptBehavior: dismiss and notify, webauthn:extension:credBlob: true, webauthn:extension:largeBlob: true, webauthn:extension:minPinLength: true, webauthn:extension:prf: true, webauthn:virtualAuthenticators: true}
Element: [[ChromeDriver: chrome on windows (e23656c6eb8088245d6d031c02e5cf7c)] -> xpath: //span[text()='Save']]
Session ID: e23656c6eb8088245d6d031c02e5cf7c
2025-06-20 15:47:08 [main] INFO  a.pages.ServicesPage - ⏳ Waiting for spinner to fully disappear...
2025-06-20 15:47:23 [main] WARN  a.pages.ServicesPage - ⚠️ Spinner wait skipped or failed gracefully.
2025-06-20 15:47:24 [main] INFO  a.pages.ServicesPage - ✅ Validation messages found for both empty thresholds.
2025-06-20 15:47:24 [main] INFO  a.pages.ServicesPage - ⏳ Waiting for spinner to fully disappear...
2025-06-20 15:47:35 [main] INFO  a.pages.ServicesPage - ✅ Spinner disappeared.
2025-06-20 15:47:35 [main] INFO  a.pages.ServicesPage - ❎ Closed the validation popup.
2025-06-20 15:47:35 [main] INFO  a.pages.ServicesPage - 🔄 Navigating to Services > Manage SMS...
2025-06-20 15:47:35 [main] INFO  a.pages.ServicesPage - ⏳ Waiting for spinner to fully disappear...
2025-06-20 15:47:45 [main] INFO  a.pages.ServicesPage - ✅ Spinner disappeared.
2025-06-20 15:47:45 [main] INFO  a.pages.ServicesPage - ⏳ Waiting for spinner to fully disappear...
2025-06-20 15:48:01 [main] WARN  a.pages.ServicesPage - ⚠️ Spinner wait skipped or failed gracefully.
2025-06-20 15:48:02 [main] WARN  a.pages.ServicesPage - ⚠️ Click intercepted attempt 1/3: element click intercepted: Element <span class="font-semibold cursor-pointer h-fit align-self-center text-large">...</span> is not clickable at point (163, 291). Other element would receive the click: <div _ngcontent-ng-c587276320="" class="ngx-spinner-overlay ng-tns-c587276320-1 ng-trigger ng-trigger-fadeIn ng-star-inserted ng-animating" style="background-color: rgba(51, 51, 51, 0.8); z-index: 99999; position: fixed;">...</div>
  (Session info: chrome=137.0.7151.104)
Build info: version: '4.20.0', revision: '866c76ca80'
System info: os.name: 'Windows 11', os.arch: 'amd64', os.version: '10.0', java.version: '17.0.12'
Driver info: org.openqa.selenium.chrome.ChromeDriver
Command: [e23656c6eb8088245d6d031c02e5cf7c, clickElement {id=f.36EA594F295223742FBF5FAB10EB0D63.d.194F980CF074F19CDF3ECCB5B441C6A9.e.192}]
Capabilities {acceptInsecureCerts: false, browserName: chrome, browserVersion: 137.0.7151.104, chrome: {chromedriverVersion: 137.0.7151.119 (e0ac9d12dff..., userDataDir: C:\Users\rajum\AppData\Loca...}, fedcm:accounts: true, goog:chromeOptions: {debuggerAddress: localhost:60010}, networkConnectionEnabled: false, pageLoadStrategy: normal, platformName: windows, proxy: Proxy(), se:cdp: ws://localhost:60010/devtoo..., se:cdpVersion: 137.0.7151.104, setWindowRect: true, strictFileInteractability: false, timeouts: {implicit: 0, pageLoad: 300000, script: 30000}, unhandledPromptBehavior: dismiss and notify, webauthn:extension:credBlob: true, webauthn:extension:largeBlob: true, webauthn:extension:minPinLength: true, webauthn:extension:prf: true, webauthn:virtualAuthenticators: true}
Element: [[ChromeDriver: chrome on windows (e23656c6eb8088245d6d031c02e5cf7c)] -> xpath: //span[text()='Manage SMS']]
Session ID: e23656c6eb8088245d6d031c02e5cf7c
2025-06-20 15:48:03 [main] INFO  a.pages.ServicesPage - ⏳ Waiting for spinner to fully disappear...
2025-06-20 15:48:18 [main] WARN  a.pages.ServicesPage - ⚠️ Spinner wait skipped or failed gracefully.
2025-06-20 15:48:19 [main] WARN  a.pages.ServicesPage - ⚠️ Click intercepted attempt 2/3: element click intercepted: Element <span class="font-semibold cursor-pointer h-fit align-self-center text-large">...</span> is not clickable at point (163, 291). Other element would receive the click: <div _ngcontent-ng-c587276320="" class="ngx-spinner-overlay ng-tns-c587276320-1 ng-trigger ng-trigger-fadeIn ng-star-inserted ng-animating" style="background-color: rgba(51, 51, 51, 0.8); z-index: 99999; position: fixed;">...</div>
  (Session info: chrome=137.0.7151.104)
Build info: version: '4.20.0', revision: '866c76ca80'
System info: os.name: 'Windows 11', os.arch: 'amd64', os.version: '10.0', java.version: '17.0.12'
Driver info: org.openqa.selenium.chrome.ChromeDriver
Command: [e23656c6eb8088245d6d031c02e5cf7c, clickElement {id=f.36EA594F295223742FBF5FAB10EB0D63.d.194F980CF074F19CDF3ECCB5B441C6A9.e.192}]
Capabilities {acceptInsecureCerts: false, browserName: chrome, browserVersion: 137.0.7151.104, chrome: {chromedriverVersion: 137.0.7151.119 (e0ac9d12dff..., userDataDir: C:\Users\rajum\AppData\Loca...}, fedcm:accounts: true, goog:chromeOptions: {debuggerAddress: localhost:60010}, networkConnectionEnabled: false, pageLoadStrategy: normal, platformName: windows, proxy: Proxy(), se:cdp: ws://localhost:60010/devtoo..., se:cdpVersion: 137.0.7151.104, setWindowRect: true, strictFileInteractability: false, timeouts: {implicit: 0, pageLoad: 300000, script: 30000}, unhandledPromptBehavior: dismiss and notify, webauthn:extension:credBlob: true, webauthn:extension:largeBlob: true, webauthn:extension:minPinLength: true, webauthn:extension:prf: true, webauthn:virtualAuthenticators: true}
Element: [[ChromeDriver: chrome on windows (e23656c6eb8088245d6d031c02e5cf7c)] -> xpath: //span[text()='Manage SMS']]
Session ID: e23656c6eb8088245d6d031c02e5cf7c
2025-06-20 15:48:20 [main] INFO  a.pages.ServicesPage - ⏳ Waiting for spinner to fully disappear...
2025-06-20 15:48:35 [main] WARN  a.pages.ServicesPage - ⚠️ Spinner wait skipped or failed gracefully.
2025-06-20 15:48:36 [main] WARN  a.pages.ServicesPage - ⚠️ Click intercepted attempt 3/3: element click intercepted: Element <span class="font-semibold cursor-pointer h-fit align-self-center text-large">...</span> is not clickable at point (163, 291). Other element would receive the click: <div _ngcontent-ng-c587276320="" class="ngx-spinner-overlay ng-tns-c587276320-1 ng-trigger ng-trigger-fadeIn ng-star-inserted ng-animating" style="background-color: rgba(51, 51, 51, 0.8); z-index: 99999; position: fixed;">...</div>
  (Session info: chrome=137.0.7151.104)
Build info: version: '4.20.0', revision: '866c76ca80'
System info: os.name: 'Windows 11', os.arch: 'amd64', os.version: '10.0', java.version: '17.0.12'
Driver info: org.openqa.selenium.chrome.ChromeDriver
Command: [e23656c6eb8088245d6d031c02e5cf7c, clickElement {id=f.36EA594F295223742FBF5FAB10EB0D63.d.194F980CF074F19CDF3ECCB5B441C6A9.e.192}]
Capabilities {acceptInsecureCerts: false, browserName: chrome, browserVersion: 137.0.7151.104, chrome: {chromedriverVersion: 137.0.7151.119 (e0ac9d12dff..., userDataDir: C:\Users\rajum\AppData\Loca...}, fedcm:accounts: true, goog:chromeOptions: {debuggerAddress: localhost:60010}, networkConnectionEnabled: false, pageLoadStrategy: normal, platformName: windows, proxy: Proxy(), se:cdp: ws://localhost:60010/devtoo..., se:cdpVersion: 137.0.7151.104, setWindowRect: true, strictFileInteractability: false, timeouts: {implicit: 0, pageLoad: 300000, script: 30000}, unhandledPromptBehavior: dismiss and notify, webauthn:extension:credBlob: true, webauthn:extension:largeBlob: true, webauthn:extension:minPinLength: true, webauthn:extension:prf: true, webauthn:virtualAuthenticators: true}
Element: [[ChromeDriver: chrome on windows (e23656c6eb8088245d6d031c02e5cf7c)] -> xpath: //span[text()='Manage SMS']]
Session ID: e23656c6eb8088245d6d031c02e5cf7c
2025-06-20 15:48:37 [main] INFO  a.pages.ServicesPage - 🔄 Navigating to Services > Manage SMS...
2025-06-20 15:48:37 [main] INFO  a.pages.ServicesPage - ⏳ Waiting for spinner to fully disappear...
2025-06-20 15:48:48 [main] INFO  a.pages.ServicesPage - ✅ Spinner disappeared.
2025-06-20 15:48:48 [main] INFO  a.pages.ServicesPage - ⏳ Waiting for spinner to fully disappear...
2025-06-20 15:48:54 [main] INFO  a.pages.ServicesPage - ✅ Spinner disappeared.
2025-06-20 15:48:54 [main] INFO  a.pages.ServicesPage - ✅ Reached Manage SMS section.
2025-06-20 15:48:54 [main] INFO  a.pages.ServicesPage - 🔄 Generating random credit and debit amounts...
2025-06-20 15:48:54 [main] INFO  a.pages.ServicesPage - ✏️ Entering SMS thresholds - Credit: 8348, Debit: 2159
2025-06-20 15:49:07 [main] INFO  a.pages.ServicesPage - ✅ Amounts entered successfully with Credit: 8348, Debit: 2159
2025-06-20 15:49:07 [main] INFO  a.pages.ServicesPage - 💾 Clicking Save button...
2025-06-20 15:49:07 [main] INFO  a.pages.ServicesPage - ⏳ Waiting for spinner to fully disappear...
2025-06-20 15:49:16 [main] INFO  a.pages.ServicesPage - ✅ Spinner disappeared.
2025-06-20 15:49:16 [main] INFO  a.pages.ServicesPage - 🔐 Entering OTP: 000000
2025-06-20 15:49:16 [main] INFO  a.pages.ServicesPage - ⏳ Waiting for spinner to fully disappear...
2025-06-20 15:49:34 [main] WARN  a.pages.ServicesPage - ⚠️ Spinner wait skipped or failed gracefully.
2025-06-20 15:49:34 [main] INFO  a.pages.ServicesPage - ⏳ Waiting for spinner to fully disappear...
2025-06-20 15:49:49 [main] WARN  a.pages.ServicesPage - ⚠️ Spinner wait skipped or failed gracefully.
2025-06-20 15:49:49 [main] INFO  a.pages.ServicesPage - ✅ OTP entered.
2025-06-20 15:49:49 [main] INFO  a.pages.ServicesPage - ➡️ Clicking Proceed...
2025-06-20 15:49:49 [main] INFO  a.pages.ServicesPage - ⏳ Waiting for spinner to fully disappear...
2025-06-20 15:50:04 [main] WARN  a.pages.ServicesPage - ⚠️ Spinner wait skipped or failed gracefully.
2025-06-20 15:50:06 [main] WARN  a.pages.ServicesPage - ⚠️ Click intercepted attempt 1/3: element click intercepted: Element <span class="p-button-label ng-star-inserted" data-pc-section="label">...</span> is not clickable at point (864, 487). Other element would receive the click: <div _ngcontent-ng-c587276320="" class="ngx-spinner-overlay ng-tns-c587276320-1 ng-trigger ng-trigger-fadeIn ng-star-inserted ng-animating" style="background-color: rgba(51, 51, 51, 0.8); z-index: 99999; position: fixed;">...</div>
  (Session info: chrome=137.0.7151.104)
Build info: version: '4.20.0', revision: '866c76ca80'
System info: os.name: 'Windows 11', os.arch: 'amd64', os.version: '10.0', java.version: '17.0.12'
Driver info: org.openqa.selenium.chrome.ChromeDriver
Command: [e23656c6eb8088245d6d031c02e5cf7c, clickElement {id=f.36EA594F295223742FBF5FAB10EB0D63.d.194F980CF074F19CDF3ECCB5B441C6A9.e.243}]
Capabilities {acceptInsecureCerts: false, browserName: chrome, browserVersion: 137.0.7151.104, chrome: {chromedriverVersion: 137.0.7151.119 (e0ac9d12dff..., userDataDir: C:\Users\rajum\AppData\Loca...}, fedcm:accounts: true, goog:chromeOptions: {debuggerAddress: localhost:60010}, networkConnectionEnabled: false, pageLoadStrategy: normal, platformName: windows, proxy: Proxy(), se:cdp: ws://localhost:60010/devtoo..., se:cdpVersion: 137.0.7151.104, setWindowRect: true, strictFileInteractability: false, timeouts: {implicit: 0, pageLoad: 300000, script: 30000}, unhandledPromptBehavior: dismiss and notify, webauthn:extension:credBlob: true, webauthn:extension:largeBlob: true, webauthn:extension:minPinLength: true, webauthn:extension:prf: true, webauthn:virtualAuthenticators: true}
Element: [[ChromeDriver: chrome on windows (e23656c6eb8088245d6d031c02e5cf7c)] -> xpath: //span[text()='Proceed']]
Session ID: e23656c6eb8088245d6d031c02e5cf7c
2025-06-20 15:50:06 [main] INFO  a.pages.ServicesPage - ⏳ Waiting for spinner to fully disappear...
2025-06-20 15:50:14 [main] INFO  a.pages.ServicesPage - ✅ Spinner disappeared.
2025-06-20 15:50:14 [main] INFO  a.pages.ServicesPage - ⏳ Waiting for spinner to fully disappear...
2025-06-20 15:50:22 [main] INFO  a.pages.ServicesPage - ✅ Spinner disappeared.
2025-06-20 15:50:22 [main] INFO  a.pages.ServicesPage - ❌ Error Message Shown: Enter Mobile OTP
2025-06-20 15:50:22 [main] INFO  a.pages.ServicesPage - ✅ OTP validation error appeared as expected.
2025-06-20 15:50:22 [main] INFO  a.pages.ServicesPage - ⏳ Waiting for spinner to fully disappear...
2025-06-20 15:50:32 [main] INFO  a.pages.ServicesPage - ✅ Spinner disappeared.
2025-06-20 15:50:32 [main] INFO  a.pages.ServicesPage - ❎ Clicking Cancel button...
2025-06-20 15:50:32 [main] INFO  a.pages.ServicesPage - ⏳ Waiting for spinner to fully disappear...
2025-06-20 15:50:42 [main] INFO  a.pages.ServicesPage - ✅ Spinner disappeared.
2025-06-20 15:50:43 [main] INFO  a.pages.ServicesPage - ❎ Clicking Close Arrow...
2025-06-20 15:50:43 [main] INFO  a.pages.ServicesPage - ⏳ Waiting for spinner to fully disappear...
2025-06-20 15:50:53 [main] INFO  a.pages.ServicesPage - ✅ Spinner disappeared.
2025-06-20 15:50:53 [main] INFO  a.pages.PaymentHistoryPage - 🟦 [STEP] Clicking on the Payment tab.
2025-06-20 15:50:53 [main] INFO  a.pages.PaymentHistoryPage - ⏳ Waiting for spinner to fully disappear...
2025-06-20 15:51:04 [main] INFO  a.pages.PaymentHistoryPage - ✅ Spinner disappeared.
2025-06-20 15:51:04 [main] INFO  a.pages.PaymentHistoryPage - ✅ [SUCCESS] Payment tab clicked.
2025-06-20 15:51:04 [main] INFO  a.pages.PaymentHistoryPage - ⏳ Waiting for spinner to fully disappear...
2025-06-20 15:51:18 [main] INFO  a.pages.PaymentHistoryPage - ✅ Spinner disappeared.
2025-06-20 15:51:18 [main] INFO  a.pages.PaymentHistoryPage - 🧪=== Starting Positive Test Cases for NEFT transaction for Payment to Payee ===
2025-06-20 15:51:18 [main] INFO  a.pages.PaymentHistoryPage - 🚀 [START] Initiating payment to payee: DXFCHGV
2025-06-20 15:51:18 [main] INFO  a.pages.PaymentHistoryPage - ⏳ Waiting for spinner to fully disappear...
2025-06-20 15:51:28 [main] INFO  a.pages.PaymentHistoryPage - ✅ Spinner disappeared.
2025-06-20 15:51:29 [main] INFO  a.pages.PaymentHistoryPage - ✅ [SUCCESS] Payee selected: DXFCHGV
2025-06-20 15:51:29 [main] INFO  a.pages.PaymentHistoryPage - ✅ [SUCCESS] Entered amount: ₹1
2025-06-20 15:51:29 [main] INFO  a.pages.PaymentHistoryPage - ✅ Amount '1' entered successfully.
2025-06-20 15:51:29 [main] INFO  a.pages.PaymentHistoryPage - ⏳ Waiting for spinner to fully disappear...
2025-06-20 15:51:45 [main] INFO  a.pages.PaymentHistoryPage - ✅ Spinner disappeared.
2025-06-20 15:51:45 [main] INFO  a.pages.PaymentHistoryPage - ✅ Spinner disappeared after entering amount.
