2025-06-13 16:12:58 [main] WARN  org.testng.xml.TestNGContentHandler - Failed to read [/C:/Users/rajum/eclipse-workspace/ToolsQA/SeleniumAutomotionSVCUATIB/testng-1.1.dtd] from CLASSPATH. Attempting to read from [file:///C:/Users/rajum/eclipse-workspace/ToolsQA/SeleniumAutomotionSVCUATIB/testng-1.1.dtd].
2025-06-13 16:12:58 [main] WARN  org.testng.xml.TestNGContentHandler - It is strongly recommended to add "<!DOCTYPE suite SYSTEM "https://testng.org/testng-1.1.dtd" >" at the top of the suite file [C:\Users\rajum\eclipse-workspace\ToolsQA\SeleniumAutomotionSVCUATIB\src\main\resources\testng.xml] otherwise TestNG may fail or not work as expected.
2025-06-13 16:12:58 [main] INFO  org.testng.internal.Utils - [TestNG] Running:
  C:\Users\rajum\eclipse-workspace\ToolsQA\SeleniumAutomotionSVCUATIB\src\main\resources\testng.xml

2025-06-13 16:12:59 [main] INFO  i.g.bonigarcia.wdm.WebDriverManager - Using chromedriver 137.0.7151.70 (resolved driver for Chrome 137)
2025-06-13 16:12:59 [main] INFO  i.g.bonigarcia.wdm.WebDriverManager - Exporting webdriver.chrome.driver as C:\Users\rajum\.cache\selenium\chromedriver\win64\137.0.7151.70\chromedriver.exe
2025-06-13 16:13:02 [main] INFO  automationFramework.pages.LoginPage - ✅ [SUCCESS] Config loaded from 'config.properties': captcha.wait.seconds = 10 seconds.
2025-06-13 16:13:05 [main] INFO  automationFramework.pages.LoginPage - 🟦 [STEP] Navigated to URL: https://uatnet.svcbank.com/ReachSVCInet/SVC-web/inet/netbanking
2025-06-13 16:13:05 [main] INFO  automationFramework.pages.LoginPage - ✅ [SUCCESS] Entered username: TEST001
2025-06-13 16:13:05 [main] INFO  automationFramework.pages.LoginPage - ⏳ [WAIT] Waiting for manual captcha input. You have 10 seconds.
2025-06-13 16:13:15 [main] INFO  automationFramework.pages.LoginPage - ✅ [SUCCESS] Clicked first Login button (after captcha).
2025-06-13 16:13:16 [main] INFO  automationFramework.pages.LoginPage - ✅ [SUCCESS] Entered password.
2025-06-13 16:13:16 [main] INFO  automationFramework.pages.LoginPage - ✅ [SUCCESS] Clicked final Login button.
2025-06-13 16:13:16 [main] INFO  automationFramework.pages.LoginPage - 🎉 [DONE] Login Test Completed successfully for user: TEST001.
2025-06-13 16:13:16 [main] INFO  a.pages.AccountsPage - Clicking Accounts Tab
2025-06-13 16:13:16 [main] INFO  a.pages.AccountsPage - ⏳ Waiting for spinner to fully disappear...
2025-06-13 16:13:43 [main] INFO  a.pages.AccountsPage - ✅ Spinner disappeared.
2025-06-13 16:13:43 [main] INFO  a.pages.AccountsPage - ⏳ Waiting for spinner to fully disappear...
2025-06-13 16:14:07 [main] INFO  a.pages.AccountsPage - ✅ Spinner disappeared.
2025-06-13 16:14:07 [main] INFO  a.pages.AccountsPage - ⏳ Waiting for spinner to fully disappear...
2025-06-13 16:14:28 [main] INFO  a.pages.AccountsPage - ✅ Spinner disappeared.
2025-06-13 16:14:38 [main] INFO  a.pages.AccountsPage - ✅ Accounts Tab Clicked
2025-06-13 16:14:38 [main] INFO  a.pages.AccountsPage - ⏳ Waiting for spinner to fully disappear...
2025-06-13 16:14:58 [main] INFO  a.pages.AccountsPage - ✅ Spinner disappeared.
2025-06-13 16:15:08 [main] INFO  a.pages.AccountsPage - Scrolling to 'View Balance Components' button
2025-06-13 16:15:08 [main] INFO  a.pages.AccountsPage - ⏳ Waiting for spinner to fully disappear...
2025-06-13 16:15:29 [main] INFO  a.pages.AccountsPage - ✅ Spinner disappeared.
2025-06-13 16:15:39 [main] INFO  a.pages.AccountsPage - Clicking 'View Balance Components' button
2025-06-13 16:15:39 [main] INFO  a.pages.AccountsPage - ⏳ Waiting for spinner to fully disappear...
2025-06-13 16:15:59 [main] INFO  a.pages.AccountsPage - ✅ Spinner disappeared.
2025-06-13 16:15:59 [main] INFO  a.pages.AccountsPage - ⏳ Waiting for spinner to fully disappear...
2025-06-13 16:16:19 [main] INFO  a.pages.AccountsPage - ✅ Spinner disappeared.
2025-06-13 16:16:19 [main] INFO  a.pages.AccountsPage - ⏳ Waiting for spinner to fully disappear...
2025-06-13 16:16:36 [main] WARN  a.pages.AccountsPage - ⚠️ Spinner wait skipped or failed gracefully.
2025-06-13 16:16:36 [main] INFO  a.pages.AccountsPage - ⏳ Waiting for spinner to fully disappear...
2025-06-13 16:16:51 [main] WARN  a.pages.AccountsPage - ⚠️ Spinner wait skipped or failed gracefully.
2025-06-13 16:17:01 [main] INFO  a.pages.AccountsPage - Closing balance modal
2025-06-13 16:17:01 [main] INFO  a.pages.AccountsPage - ⏳ Waiting for spinner to fully disappear...
2025-06-13 16:17:17 [main] WARN  a.pages.AccountsPage - ⚠️ Spinner wait skipped or failed gracefully.
2025-06-13 16:17:17 [main] INFO  a.pages.AccountsPage - ⏳ Waiting for spinner to fully disappear...
2025-06-13 16:17:32 [main] INFO  a.pages.AccountsPage - ✅ Spinner disappeared.
2025-06-13 16:17:32 [main] INFO  a.pages.AccountsPage - ⏳ Waiting for spinner to fully disappear...
2025-06-13 16:17:52 [main] INFO  a.pages.AccountsPage - ✅ Spinner disappeared.
2025-06-13 16:17:52 [main] INFO  a.pages.AccountsPage - ✅ Modal closed.
2025-06-13 16:17:52 [main] INFO  a.pages.AccountsPage - ⏳ Waiting for spinner to fully disappear...
2025-06-13 16:18:13 [main] INFO  a.pages.AccountsPage - ✅ Spinner disappeared.
2025-06-13 16:18:23 [main] INFO  a.pages.AccountsPage - ▶️ Starting: Download 1 Month Statement in PDF format
2025-06-13 16:18:23 [main] INFO  a.pages.AccountsPage - Clicking Accounts Tab
2025-06-13 16:18:23 [main] INFO  a.pages.AccountsPage - ⏳ Waiting for spinner to fully disappear...
2025-06-13 16:18:43 [main] INFO  a.pages.AccountsPage - ✅ Spinner disappeared.
2025-06-13 16:18:44 [main] WARN  a.pages.AccountsPage - ⚠️ Click intercepted attempt 1/3: element click intercepted: Element <span class="p-menuitem-text">...</span> is not clickable at point (153, 101). Other element would receive the click: <div class="ng-tns-c4033847114-18 p-dialog-mask p-component-overlay p-component-overlay-enter p-dialog-mask-scrollblocker p-component-overlay-leave" style="z-index: 11101;">...</div>
  (Session info: chrome=137.0.7151.104)
Build info: version: '4.20.0', revision: '866c76ca80'
System info: os.name: 'Windows 11', os.arch: 'amd64', os.version: '10.0', java.version: '17.0.12'
Driver info: org.openqa.selenium.chrome.ChromeDriver
Command: [7db056b9b0a9bcaaf49bcd65489b4216, clickElement {id=f.4BE708D59B0D2C320013B6BDC7E4AC6F.d.8DC4D8F934F46D5BF21590AC4A4B4723.e.93}]
Capabilities {acceptInsecureCerts: false, browserName: chrome, browserVersion: 137.0.7151.104, chrome: {chromedriverVersion: 137.0.7151.70 (dfa4dc56b2ab..., userDataDir: C:\Users\rajum\AppData\Loca...}, fedcm:accounts: true, goog:chromeOptions: {debuggerAddress: localhost:53189}, networkConnectionEnabled: false, pageLoadStrategy: normal, platformName: windows, proxy: Proxy(), se:cdp: ws://localhost:53189/devtoo..., se:cdpVersion: 137.0.7151.104, setWindowRect: true, strictFileInteractability: false, timeouts: {implicit: 0, pageLoad: 300000, script: 30000}, unhandledPromptBehavior: dismiss and notify, webauthn:extension:credBlob: true, webauthn:extension:largeBlob: true, webauthn:extension:minPinLength: true, webauthn:extension:prf: true, webauthn:virtualAuthenticators: true}
Element: [[ChromeDriver: chrome on windows (7db056b9b0a9bcaaf49bcd65489b4216)] -> xpath: //span[@class='p-menuitem-text' and text()='Accounts']]
Session ID: 7db056b9b0a9bcaaf49bcd65489b4216
2025-06-13 16:18:45 [main] INFO  a.pages.AccountsPage - ⏳ Waiting for spinner to fully disappear...
2025-06-13 16:19:05 [main] INFO  a.pages.AccountsPage - ✅ Spinner disappeared.
2025-06-13 16:19:06 [main] WARN  a.pages.AccountsPage - ⚠️ Click intercepted attempt 2/3: element click intercepted: Element <span class="p-menuitem-text">...</span> is not clickable at point (153, 101). Other element would receive the click: <div class="ng-tns-c4033847114-18 p-dialog-mask p-component-overlay p-component-overlay-enter p-dialog-mask-scrollblocker p-component-overlay-leave" style="z-index: 11101;">...</div>
  (Session info: chrome=137.0.7151.104)
Build info: version: '4.20.0', revision: '866c76ca80'
System info: os.name: 'Windows 11', os.arch: 'amd64', os.version: '10.0', java.version: '17.0.12'
Driver info: org.openqa.selenium.chrome.ChromeDriver
Command: [7db056b9b0a9bcaaf49bcd65489b4216, clickElement {id=f.4BE708D59B0D2C320013B6BDC7E4AC6F.d.8DC4D8F934F46D5BF21590AC4A4B4723.e.93}]
Capabilities {acceptInsecureCerts: false, browserName: chrome, browserVersion: 137.0.7151.104, chrome: {chromedriverVersion: 137.0.7151.70 (dfa4dc56b2ab..., userDataDir: C:\Users\rajum\AppData\Loca...}, fedcm:accounts: true, goog:chromeOptions: {debuggerAddress: localhost:53189}, networkConnectionEnabled: false, pageLoadStrategy: normal, platformName: windows, proxy: Proxy(), se:cdp: ws://localhost:53189/devtoo..., se:cdpVersion: 137.0.7151.104, setWindowRect: true, strictFileInteractability: false, timeouts: {implicit: 0, pageLoad: 300000, script: 30000}, unhandledPromptBehavior: dismiss and notify, webauthn:extension:credBlob: true, webauthn:extension:largeBlob: true, webauthn:extension:minPinLength: true, webauthn:extension:prf: true, webauthn:virtualAuthenticators: true}
Element: [[ChromeDriver: chrome on windows (7db056b9b0a9bcaaf49bcd65489b4216)] -> xpath: //span[@class='p-menuitem-text' and text()='Accounts']]
Session ID: 7db056b9b0a9bcaaf49bcd65489b4216
2025-06-13 16:19:07 [main] INFO  a.pages.AccountsPage - ⏳ Waiting for spinner to fully disappear...
2025-06-13 16:19:27 [main] INFO  a.pages.AccountsPage - ✅ Spinner disappeared.
2025-06-13 16:19:27 [main] INFO  a.pages.AccountsPage - ⏳ Waiting for spinner to fully disappear...
2025-06-13 16:19:28 [main] INFO  a.pages.AccountsPage - ✅ Spinner disappeared.
2025-06-13 16:19:28 [main] INFO  a.pages.AccountsPage - ⏳ Waiting for spinner to fully disappear...
2025-06-13 16:19:51 [main] INFO  a.pages.AccountsPage - ✅ Spinner disappeared.
2025-06-13 16:20:01 [main] INFO  a.pages.AccountsPage - ✅ Accounts Tab Clicked
2025-06-13 16:20:01 [main] INFO  a.pages.AccountsPage - ⏳ Waiting for spinner to fully disappear...
2025-06-13 16:20:21 [main] INFO  a.pages.AccountsPage - ✅ Spinner disappeared.
2025-06-13 16:20:22 [main] INFO  a.pages.AccountsPage - ⏳ Waiting for spinner to fully disappear...
2025-06-13 16:20:43 [main] INFO  a.pages.AccountsPage - ✅ Spinner disappeared.
2025-06-13 16:20:43 [main] INFO  a.pages.AccountsPage - ⏳ Waiting for spinner to fully disappear...
2025-06-13 16:21:03 [main] INFO  a.pages.AccountsPage - ✅ Spinner disappeared.
2025-06-13 16:21:03 [main] ERROR a.pages.AccountsPage - ❌ [503 Error] Service is currently unavailable.
2025-06-13 16:21:03 [main] ERROR a.pages.AccountsPage - ❌ Error Detection Triggered: 503 Service Unavailable
2025-06-13 16:21:03 [main] ERROR a.pages.AccountsPage - ❌ Error during 1 Month statement download (PDF): 503 Service Unavailable
2025-06-13 16:21:03 [main] INFO  a.pages.AccountsPage - ▶️ Starting: Download 3 Months Statement in PDF format
2025-06-13 16:21:03 [main] INFO  a.pages.AccountsPage - Clicking Accounts Tab
2025-06-13 16:21:03 [main] INFO  a.pages.AccountsPage - ⏳ Waiting for spinner to fully disappear...
2025-06-13 16:21:24 [main] INFO  a.pages.AccountsPage - ✅ Spinner disappeared.
2025-06-13 16:21:44 [main] WARN  a.pages.AccountsPage - ⚠️ Click failed attempt 1/3: Expected condition failed: waiting for element to be clickable: By.xpath: //span[@class='p-menuitem-text' and text()='Accounts'] (tried for 15 second(s) with 500 milliseconds interval)
Build info: version: '4.20.0', revision: '866c76ca80'
System info: os.name: 'Windows 11', os.arch: 'amd64', os.version: '10.0', java.version: '17.0.12'
Driver info: org.openqa.selenium.chrome.ChromeDriver
Capabilities {acceptInsecureCerts: false, browserName: chrome, browserVersion: 137.0.7151.104, chrome: {chromedriverVersion: 137.0.7151.70 (dfa4dc56b2ab..., userDataDir: C:\Users\rajum\AppData\Loca...}, fedcm:accounts: true, goog:chromeOptions: {debuggerAddress: localhost:53189}, networkConnectionEnabled: false, pageLoadStrategy: normal, platformName: windows, proxy: Proxy(), se:cdp: ws://localhost:53189/devtoo..., se:cdpVersion: 137.0.7151.104, setWindowRect: true, strictFileInteractability: false, timeouts: {implicit: 0, pageLoad: 300000, script: 30000}, unhandledPromptBehavior: dismiss and notify, webauthn:extension:credBlob: true, webauthn:extension:largeBlob: true, webauthn:extension:minPinLength: true, webauthn:extension:prf: true, webauthn:virtualAuthenticators: true}
Session ID: 7db056b9b0a9bcaaf49bcd65489b4216
2025-06-13 16:21:45 [main] INFO  a.pages.AccountsPage - ⏳ Waiting for spinner to fully disappear...
2025-06-13 16:22:02 [main] INFO  a.pages.AccountsPage - ✅ Spinner disappeared.
2025-06-13 16:22:12 [main] WARN  a.pages.AccountsPage - ⚠️ Click intercepted attempt 2/3: element click intercepted: Element <span class="p-menuitem-text">...</span> is not clickable at point (153, 101). Other element would receive the click: <div _ngcontent-ng-c587276320="" class="ngx-spinner-overlay ng-tns-c587276320-1 ng-trigger ng-trigger-fadeIn ng-star-inserted" style="background-color: rgba(51, 51, 51, 0.8); z-index: 99999; position: fixed; opacity: 1;">...</div>
  (Session info: chrome=137.0.7151.104)
Build info: version: '4.20.0', revision: '866c76ca80'
System info: os.name: 'Windows 11', os.arch: 'amd64', os.version: '10.0', java.version: '17.0.12'
Driver info: org.openqa.selenium.chrome.ChromeDriver
Command: [7db056b9b0a9bcaaf49bcd65489b4216, clickElement {id=f.4BE708D59B0D2C320013B6BDC7E4AC6F.d.34E8094D616148A180A942D9539B587D.e.253}]
Capabilities {acceptInsecureCerts: false, browserName: chrome, browserVersion: 137.0.7151.104, chrome: {chromedriverVersion: 137.0.7151.70 (dfa4dc56b2ab..., userDataDir: C:\Users\rajum\AppData\Loca...}, fedcm:accounts: true, goog:chromeOptions: {debuggerAddress: localhost:53189}, networkConnectionEnabled: false, pageLoadStrategy: normal, platformName: windows, proxy: Proxy(), se:cdp: ws://localhost:53189/devtoo..., se:cdpVersion: 137.0.7151.104, setWindowRect: true, strictFileInteractability: false, timeouts: {implicit: 0, pageLoad: 300000, script: 30000}, unhandledPromptBehavior: dismiss and notify, webauthn:extension:credBlob: true, webauthn:extension:largeBlob: true, webauthn:extension:minPinLength: true, webauthn:extension:prf: true, webauthn:virtualAuthenticators: true}
Element: [[ChromeDriver: chrome on windows (7db056b9b0a9bcaaf49bcd65489b4216)] -> xpath: //span[@class='p-menuitem-text' and text()='Accounts']]
Session ID: 7db056b9b0a9bcaaf49bcd65489b4216
2025-06-13 16:22:13 [main] INFO  a.pages.AccountsPage - ⏳ Waiting for spinner to fully disappear...
2025-06-13 16:22:21 [main] INFO  a.pages.AccountsPage - ✅ Spinner disappeared.
2025-06-13 16:22:21 [main] INFO  a.pages.AccountsPage - ⏳ Waiting for spinner to fully disappear...
