2025-06-16 13:09:34 [main] INFO  org.testng.internal.Utils - [Utils] MethodGroupsHelper.collectMethodsByGroup() took 1 ms.
2025-06-16 13:09:34 [main] INFO  org.testng.internal.Utils - [Utils] MethodGroupsHelper.sortMethods() took 2 ms.
2025-06-16 13:09:34 [main] INFO  org.testng.internal.Utils - [Utils] MethodGroupsHelper.collectMethodsByGroup() took 0 ms.
2025-06-16 13:09:34 [main] INFO  org.testng.internal.Utils - [Utils] MethodGroupsHelper.sortMethods() took 0 ms.
2025-06-16 13:09:34 [main] INFO  org.testng.internal.Utils - [Utils] MethodGroupsHelper.collectMethodsByGroup() took 0 ms.
2025-06-16 13:09:34 [main] INFO  org.testng.internal.Utils - [Utils] MethodGroupsHelper.sortMethods() took 0 ms.
2025-06-16 13:09:34 [main] INFO  org.testng.internal.Utils - [Utils] MethodGroupsHelper.collectMethodsByGroup() took 0 ms.
2025-06-16 13:09:34 [main] INFO  org.testng.internal.Utils - [Utils] MethodGroupsHelper.sortMethods() took 0 ms.
2025-06-16 13:09:35 [main] INFO  org.testng.internal.Utils - [Utils] MethodGroupsHelper.collectMethodsByGroup() took 5 ms.
2025-06-16 13:09:35 [main] INFO  org.testng.internal.Utils - [Utils] MethodGroupsHelper.sortMethods() took 28 ms.
2025-06-16 13:09:35 [main] INFO  org.testng.internal.Utils - [Utils] MethodGroupsHelper.collectMethodsByGroup() took 0 ms.
2025-06-16 13:09:35 [main] INFO  org.testng.internal.Utils - [Utils] MethodGroupsHelper.sortMethods() took 1 ms.
2025-06-16 13:09:35 [main] INFO  org.testng.internal.Utils - [Utils] MethodGroupsHelper.collectMethodsByGroup() took 0 ms.
2025-06-16 13:09:35 [main] INFO  org.testng.internal.Utils - [Utils] MethodGroupsHelper.sortMethods() took 0 ms.
2025-06-16 13:09:35 [main] INFO  org.testng.internal.Utils - [Utils] MethodGroupsHelper.collectMethodsByGroup() took 0 ms.
2025-06-16 13:09:35 [main] INFO  org.testng.internal.Utils - [Utils] MethodGroupsHelper.sortMethods() took 0 ms.
2025-06-16 13:09:35 [main] INFO  org.testng.internal.Utils - [Utils] MethodGroupsHelper.collectMethodsByGroup() took 0 ms.
2025-06-16 13:09:35 [main] INFO  org.testng.internal.Utils - [Utils] MethodGroupsHelper.sortMethods() took 0 ms.
2025-06-16 13:09:35 [main] INFO  org.testng.internal.Utils - [Utils] MethodGroupsHelper.collectMethodsByGroup() took 0 ms.
2025-06-16 13:09:35 [main] INFO  org.testng.internal.Utils - [Utils] MethodGroupsHelper.sortMethods() took 1 ms.
2025-06-16 13:09:35 [main] INFO  org.testng.internal.Utils - [Utils] MethodGroupsHelper.collectMethodsByGroup() took 0 ms.
2025-06-16 13:09:35 [main] INFO  org.testng.internal.Utils - [Utils] MethodGroupsHelper.sortMethods() took 0 ms.
2025-06-16 13:09:35 [main] INFO  org.testng.internal.Utils - [Utils] MethodGroupsHelper.collectMethodsByGroup() took 0 ms.
2025-06-16 13:09:35 [main] INFO  org.testng.internal.Utils - [Utils] MethodGroupsHelper.sortMethods() took 0 ms.
2025-06-16 13:09:35 [main] INFO  org.testng.internal.Utils - [Utils] MethodGroupsHelper.collectMethodsByGroup() took 2 ms.
2025-06-16 13:09:35 [main] INFO  org.testng.internal.Utils - [Utils] MethodGroupsHelper.sortMethods() took 20 ms.
2025-06-16 13:09:35 [main] INFO  org.testng.internal.Utils - [Utils] MethodGroupsHelper.collectMethodsByGroup() took 0 ms.
2025-06-16 13:09:35 [main] INFO  org.testng.internal.Utils - [Utils] MethodGroupsHelper.sortMethods() took 0 ms.
2025-06-16 13:09:35 [main] INFO  org.testng.internal.Utils - [Utils] MethodGroupsHelper.collectMethodsByGroup() took 0 ms.
2025-06-16 13:09:35 [main] INFO  org.testng.internal.Utils - [Utils] MethodGroupsHelper.sortMethods() took 0 ms.
2025-06-16 13:09:35 [main] INFO  org.testng.internal.Utils - [TestNG] Running:
  C:\Users\rajum\AppData\Local\Temp\testng-eclipse-673977760\testng-customsuite.xml

2025-06-16 13:09:35 [main] INFO  org.testng.internal.Utils - [Utils] DynamicGraphHelper.createDynamicGraph() took 12 ms.
2025-06-16 13:09:35 [main] INFO  automationFramework.utils.LoggerUtil - Initializing browser and report...
2025-06-16 13:09:37 [main] INFO  i.g.bonigarcia.wdm.WebDriverManager - Using chromedriver 137.0.7151.70 (resolved driver for Chrome 137)
2025-06-16 13:09:37 [main] INFO  i.g.bonigarcia.wdm.WebDriverManager - Exporting webdriver.chrome.driver as C:\Users\rajum\.cache\selenium\chromedriver\win64\137.0.7151.70\chromedriver.exe
2025-06-16 13:09:39 [main] INFO  automationFramework.utils.LoggerUtil - Setup complete.
2025-06-16 13:09:39 [main] INFO  automationFramework.utils.LoggerUtil - Starting login test...
2025-06-16 13:09:39 [main] INFO  automationFramework.pages.LoginPage - ✅ [SUCCESS] Config loaded from 'config.properties': captcha.wait.seconds = 10 seconds.
2025-06-16 13:09:46 [main] INFO  automationFramework.pages.LoginPage - 🟦 [STEP] Navigated to URL: https://uatnet.svcbank.com/ReachSVCInet/SVC-web/inet/netbanking
2025-06-16 13:09:46 [main] INFO  automationFramework.pages.LoginPage - ✅ [SUCCESS] Entered username: TEST001
2025-06-16 13:09:46 [main] INFO  automationFramework.pages.LoginPage - ⏳ [WAIT] Waiting for manual captcha input. You have 10 seconds.
2025-06-16 13:09:56 [main] INFO  automationFramework.pages.LoginPage - ✅ [SUCCESS] Clicked first Login button (after captcha).
2025-06-16 13:09:58 [main] INFO  automationFramework.pages.LoginPage - ✅ [SUCCESS] Entered password.
2025-06-16 13:09:58 [main] INFO  automationFramework.pages.LoginPage - ✅ [SUCCESS] Clicked final Login button.
2025-06-16 13:09:58 [main] INFO  automationFramework.utils.LoggerUtil - Login successful.
2025-06-16 13:09:58 [main] INFO  automationFramework.utils.LoggerUtil - ✅ Test passed: loginBeforePayment
2025-06-16 13:09:58 [main] INFO  automationFramework.utils.LoggerUtil - Starting payment test...
2025-06-16 13:09:58 [main] INFO  a.pages.PaymentHistoryPage - 🟦 [STEP] Clicking on the Payment tab.
2025-06-16 13:09:58 [main] INFO  a.pages.PaymentHistoryPage - ⏳ Waiting for spinner to fully disappear...
2025-06-16 13:10:05 [main] INFO  a.pages.PaymentHistoryPage - ✅ Spinner disappeared.
2025-06-16 13:10:05 [main] INFO  a.pages.PaymentHistoryPage - ⏳ Waiting for spinner to fully disappear...
2025-06-16 13:10:06 [main] INFO  a.pages.PaymentHistoryPage - ✅ Spinner disappeared.
2025-06-16 13:10:06 [main] INFO  a.pages.PaymentHistoryPage - ✅ [SUCCESS] Payment tab clicked.
2025-06-16 13:10:06 [main] INFO  a.pages.PaymentHistoryPage - ⏳ Waiting for spinner to fully disappear...
2025-06-16 13:10:07 [main] INFO  a.pages.PaymentHistoryPage - ✅ Spinner disappeared.
2025-06-16 13:10:07 [main] INFO  a.pages.PaymentHistoryPage - 🧪=== Starting Positive Test Cases for NETF transaction for Payment to payee ===
2025-06-16 13:10:07 [main] INFO  a.pages.PaymentHistoryPage - 🚀 [START] Initiating payment to payee: DXFCHGV
2025-06-16 13:10:07 [main] INFO  a.pages.PaymentHistoryPage - ⏳ Waiting for spinner to fully disappear...
2025-06-16 13:10:07 [main] INFO  a.pages.PaymentHistoryPage - ✅ Spinner disappeared.
2025-06-16 13:10:07 [main] INFO  a.pages.PaymentHistoryPage - ⏳ Waiting for spinner to fully disappear...
2025-06-16 13:10:08 [main] INFO  a.pages.PaymentHistoryPage - ✅ Spinner disappeared.
2025-06-16 13:10:08 [main] INFO  a.pages.PaymentHistoryPage - ✅ [SUCCESS] Payee selected: DXFCHGV
2025-06-16 13:10:08 [main] INFO  a.pages.PaymentHistoryPage - ✅ [SUCCESS] Entered amount: ₹1
2025-06-16 13:10:08 [main] INFO  a.pages.PaymentHistoryPage - 🟦 [STEP] Selecting NEFT option
2025-06-16 13:10:08 [main] INFO  a.pages.PaymentHistoryPage - Attempting to click NEFT option (Attempt 1)
2025-06-16 13:10:09 [main] INFO  a.pages.PaymentHistoryPage - 🔄 NEFT clicked via Actions.
2025-06-16 13:10:10 [main] WARN  a.pages.PaymentHistoryPage - ⚠️ NEFT not selected yet. Retrying...
2025-06-16 13:10:10 [main] INFO  a.pages.PaymentHistoryPage - Attempting to click NEFT option (Attempt 2)
2025-06-16 13:10:10 [main] INFO  a.pages.PaymentHistoryPage - 🔄 NEFT clicked via Actions.
2025-06-16 13:10:11 [main] INFO  a.pages.PaymentHistoryPage - ✅ NEFT option selected successfully.
2025-06-16 13:10:11 [main] INFO  a.pages.PaymentHistoryPage - ✅ [SUCCESS] Entered remarks: test value
2025-06-16 13:10:11 [main] INFO  a.pages.PaymentHistoryPage - ⏳ Waiting for spinner to fully disappear...
2025-06-16 13:10:11 [main] INFO  a.pages.PaymentHistoryPage - ✅ Spinner disappeared.
2025-06-16 13:10:11 [main] INFO  a.pages.PaymentHistoryPage - ⏳ Waiting for spinner to fully disappear...
2025-06-16 13:10:12 [main] INFO  a.pages.PaymentHistoryPage - ✅ Spinner disappeared.
2025-06-16 13:10:12 [main] INFO  a.pages.PaymentHistoryPage - ✅ [SUCCESS] Clicked Proceed after remarks.
2025-06-16 13:10:12 [main] INFO  a.pages.PaymentHistoryPage - ⏳ Waiting for spinner to fully disappear...
2025-06-16 13:10:12 [main] INFO  a.pages.PaymentHistoryPage - ✅ Spinner disappeared.
2025-06-16 13:10:12 [main] INFO  a.pages.PaymentHistoryPage - ⏳ Waiting for spinner to fully disappear...
2025-06-16 13:10:13 [main] INFO  a.pages.PaymentHistoryPage - ✅ Spinner disappeared.
2025-06-16 13:10:13 [main] INFO  a.pages.PaymentHistoryPage - ✅ [SUCCESS] Confirm button clicked.
2025-06-16 13:10:13 [main] INFO  a.pages.PaymentHistoryPage - ✅ [SUCCESS] OTP entered.
2025-06-16 13:10:13 [main] INFO  a.pages.PaymentHistoryPage - Waiting for any overlay/spinner to disappear.
2025-06-16 13:10:13 [main] INFO  a.pages.PaymentHistoryPage - ✅ [SUCCESS] Final Proceed clicked after OTP.
2025-06-16 13:10:19 [main] INFO  a.pages.PaymentHistoryPage - ✅ [SUCCESS] Close button clicked.
2025-06-16 13:10:19 [main] INFO  a.pages.PaymentHistoryPage - 🎉 [DONE] ✅ Positive test cases for Payment to payee DXFCHGV successfully executed.
2025-06-16 13:10:19 [main] INFO  automationFramework.utils.LoggerUtil - Payment completed successfully.
2025-06-16 13:10:19 [main] INFO  automationFramework.utils.LoggerUtil - ✅ Test passed: testPayment
2025-06-16 13:10:19 [main] INFO  automationFramework.utils.LoggerUtil - Testing invalid amount scenarios...
2025-06-16 13:10:19 [main] INFO  a.pages.PaymentHistoryPage - 🟦 [STEP] Clicking on the Payment tab.
2025-06-16 13:10:19 [main] INFO  a.pages.PaymentHistoryPage - ⏳ Waiting for spinner to fully disappear...
2025-06-16 13:10:20 [main] INFO  a.pages.PaymentHistoryPage - ✅ Spinner disappeared.
2025-06-16 13:10:20 [main] INFO  a.pages.PaymentHistoryPage - ⏳ Waiting for spinner to fully disappear...
2025-06-16 13:10:22 [main] INFO  a.pages.PaymentHistoryPage - ✅ Spinner disappeared.
2025-06-16 13:10:22 [main] INFO  a.pages.PaymentHistoryPage - ✅ [SUCCESS] Payment tab clicked.
2025-06-16 13:10:22 [main] INFO  a.pages.PaymentHistoryPage - ⏳ Waiting for spinner to fully disappear...
2025-06-16 13:10:22 [main] INFO  a.pages.PaymentHistoryPage - ✅ Spinner disappeared.
2025-06-16 13:10:22 [main] INFO  a.pages.PaymentHistoryPage - 🧪=== Starting Negative Test Cases for NETF transaction for Payment to payee ===
2025-06-16 13:10:22 [main] INFO  a.pages.PaymentHistoryPage - 🔹 Step : Selecting payee: DXFCHGV
2025-06-16 13:10:22 [main] INFO  a.pages.PaymentHistoryPage - ⏳ Waiting for spinner to fully disappear...
2025-06-16 13:10:22 [main] INFO  a.pages.PaymentHistoryPage - ✅ Spinner disappeared.
2025-06-16 13:10:22 [main] INFO  a.pages.PaymentHistoryPage - ⏳ Waiting for spinner to fully disappear...
2025-06-16 13:10:23 [main] INFO  a.pages.PaymentHistoryPage - ✅ Spinner disappeared.
2025-06-16 13:10:23 [main] INFO  a.pages.PaymentHistoryPage - ✅ Payee selected successfully.
2025-06-16 13:10:23 [main] INFO  a.pages.PaymentHistoryPage - 
🔸 Test Case 1: Blank Amount
2025-06-16 13:10:23 [main] INFO  a.pages.PaymentHistoryPage - ⏳ Waiting for spinner to fully disappear...
2025-06-16 13:10:25 [main] INFO  a.pages.PaymentHistoryPage - ✅ Spinner disappeared.
2025-06-16 13:10:25 [main] INFO  a.pages.PaymentHistoryPage - ⏳ Waiting for spinner to fully disappear...
2025-06-16 13:10:25 [main] INFO  a.pages.PaymentHistoryPage - ✅ Spinner disappeared.
2025-06-16 13:10:26 [main] INFO  a.pages.PaymentHistoryPage - [SUCCESS] ✅ Correct error displayed: 'Amount is required'
2025-06-16 13:10:26 [main] INFO  a.pages.PaymentHistoryPage - 
🔸 Test Case 2: Special Characters (@#$%)
2025-06-16 13:10:26 [main] INFO  a.pages.PaymentHistoryPage - [SUCCESS] ✅ Special characters were blocked as expected.
2025-06-16 13:10:26 [main] INFO  a.pages.PaymentHistoryPage - 
🔸 Test Case 3: Alphanumeric Characters (123abc)
2025-06-16 13:10:26 [main] INFO  a.pages.PaymentHistoryPage - [SUCCESS] ✅ Field blocked alphanumeric input completely.
2025-06-16 13:10:26 [main] INFO  a.pages.PaymentHistoryPage - 
🔸 Test Case 4: Zero Amount (0)
2025-06-16 13:10:26 [main] INFO  a.pages.PaymentHistoryPage - ⏳ Waiting for spinner to fully disappear...
2025-06-16 13:10:26 [main] INFO  a.pages.PaymentHistoryPage - ✅ Spinner disappeared.
2025-06-16 13:10:26 [main] INFO  a.pages.PaymentHistoryPage - ⏳ Waiting for spinner to fully disappear...
2025-06-16 13:10:27 [main] INFO  a.pages.PaymentHistoryPage - ✅ Spinner disappeared.
2025-06-16 13:10:27 [main] INFO  a.pages.PaymentHistoryPage - [SUCCESS] ✅ Correct validation message shown: 'Minimum amount is 1.00'
2025-06-16 13:10:27 [main] INFO  a.pages.PaymentHistoryPage - 
🔸 Test Case 5: Amount Greater Than Account Balance
2025-06-16 13:10:27 [main] INFO  a.pages.PaymentHistoryPage - Fetched account balance: ₹2791824
2025-06-16 13:10:27 [main] INFO  a.pages.PaymentHistoryPage - Attempting to enter over-limit amount: ₹2792324
2025-06-16 13:10:28 [main] INFO  a.pages.PaymentHistoryPage - ✅ Over-limit amount successfully typed: '2792324'
2025-06-16 13:10:29 [main] INFO  a.pages.PaymentHistoryPage - ✅ 'Insufficient balance' popup displayed.
2025-06-16 13:10:29 [main] INFO  a.pages.PaymentHistoryPage - ✅ Clicked 'Okay' button on popup.
2025-06-16 13:10:29 [main] INFO  a.pages.PaymentHistoryPage - [SUCCESS] ✅ Error Pop up Shown while Putting greater amount of account balance as Insufficient balance 
2025-06-16 13:10:29 [main] INFO  a.pages.PaymentHistoryPage - 
🔸 Test Case 6: Leave Remarks Field Blank and Proceed
2025-06-16 13:10:29 [main] INFO  a.pages.PaymentHistoryPage - ✅ Remarks field cleared (left blank).
2025-06-16 13:10:29 [main] INFO  a.pages.PaymentHistoryPage - ⏳ Waiting for spinner to fully disappear...
2025-06-16 13:10:30 [main] INFO  a.pages.PaymentHistoryPage - ✅ Spinner disappeared.
2025-06-16 13:10:30 [main] INFO  a.pages.PaymentHistoryPage - 🟦 [STEP] Selecting NEFT option
2025-06-16 13:10:30 [main] INFO  a.pages.PaymentHistoryPage - Attempting to click NEFT option (Attempt 1)
2025-06-16 13:10:31 [main] INFO  a.pages.PaymentHistoryPage - 🔄 NEFT clicked via Actions.
2025-06-16 13:10:31 [main] WARN  a.pages.PaymentHistoryPage - ⚠️ NEFT not selected yet. Retrying...
2025-06-16 13:10:31 [main] INFO  a.pages.PaymentHistoryPage - Attempting to click NEFT option (Attempt 2)
2025-06-16 13:10:32 [main] INFO  a.pages.PaymentHistoryPage - 🔄 NEFT clicked via Actions.
2025-06-16 13:10:32 [main] INFO  a.pages.PaymentHistoryPage - ✅ NEFT option selected successfully.
2025-06-16 13:10:32 [main] INFO  a.pages.PaymentHistoryPage - ⏳ Waiting for spinner to fully disappear...
2025-06-16 13:10:33 [main] INFO  a.pages.PaymentHistoryPage - ✅ Spinner disappeared.
2025-06-16 13:10:33 [main] INFO  a.pages.PaymentHistoryPage - ⏳ Waiting for spinner to fully disappear...
2025-06-16 13:10:34 [main] INFO  a.pages.PaymentHistoryPage - ✅ Spinner disappeared.
2025-06-16 13:10:34 [main] INFO  a.pages.PaymentHistoryPage - ⏳ Waiting for spinner to fully disappear...
2025-06-16 13:10:34 [main] INFO  a.pages.PaymentHistoryPage - ✅ Spinner disappeared.
2025-06-16 13:10:34 [main] INFO  a.pages.PaymentHistoryPage - ⏳ Waiting for spinner to fully disappear...
2025-06-16 13:10:35 [main] INFO  a.pages.PaymentHistoryPage - ✅ Spinner disappeared.
2025-06-16 13:10:36 [main] INFO  a.pages.PaymentHistoryPage - ✅ [SUCCESS] OTP entered.
2025-06-16 13:10:36 [main] INFO  a.pages.PaymentHistoryPage - Waiting for any overlay/spinner to disappear.
2025-06-16 13:10:36 [main] INFO  a.pages.PaymentHistoryPage - ✅ Final Proceed button clicked.
2025-06-16 13:10:38 [main] INFO  a.pages.PaymentHistoryPage - [SUCCESS] ✅ Transaction succeeded with blank remarks.
2025-06-16 13:10:41 [main] INFO  a.pages.PaymentHistoryPage - ✅ [SUCCESS] Close button clicked.
2025-06-16 13:10:41 [main] INFO  a.pages.PaymentHistoryPage - 
🔸 Test Case 7: Enter Invalid OTP
2025-06-16 13:10:41 [main] INFO  a.pages.PaymentHistoryPage - ⏳ Waiting for spinner to fully disappear...
2025-06-16 13:10:42 [main] INFO  a.pages.PaymentHistoryPage - ✅ Spinner disappeared.
2025-06-16 13:10:42 [main] INFO  a.pages.PaymentHistoryPage - ⏳ Waiting for spinner to fully disappear...
2025-06-16 13:10:44 [main] INFO  a.pages.PaymentHistoryPage - ✅ Spinner disappeared.
2025-06-16 13:10:44 [main] INFO  a.pages.PaymentHistoryPage - ✅ [SUCCESS] Entered amount: ₹3
2025-06-16 13:10:44 [main] INFO  a.pages.PaymentHistoryPage - 🟦 [STEP] Selecting NEFT option
2025-06-16 13:10:44 [main] INFO  a.pages.PaymentHistoryPage - Attempting to click NEFT option (Attempt 1)
2025-06-16 13:10:45 [main] INFO  a.pages.PaymentHistoryPage - 🔄 NEFT clicked via Actions.
2025-06-16 13:10:45 [main] WARN  a.pages.PaymentHistoryPage - ⚠️ NEFT not selected yet. Retrying...
2025-06-16 13:10:45 [main] INFO  a.pages.PaymentHistoryPage - Attempting to click NEFT option (Attempt 2)
2025-06-16 13:10:46 [main] INFO  a.pages.PaymentHistoryPage - 🔄 NEFT clicked via Actions.
2025-06-16 13:10:47 [main] INFO  a.pages.PaymentHistoryPage - ✅ NEFT option selected successfully.
2025-06-16 13:10:47 [main] INFO  a.pages.PaymentHistoryPage - ✅ [SUCCESS] Entered remarks: test value
2025-06-16 13:10:47 [main] INFO  a.pages.PaymentHistoryPage - ⏳ Waiting for spinner to fully disappear...
2025-06-16 13:10:47 [main] INFO  a.pages.PaymentHistoryPage - ✅ Spinner disappeared.
2025-06-16 13:10:47 [main] INFO  a.pages.PaymentHistoryPage - ⏳ Waiting for spinner to fully disappear...
2025-06-16 13:10:48 [main] INFO  a.pages.PaymentHistoryPage - ✅ Spinner disappeared.
2025-06-16 13:10:48 [main] INFO  a.pages.PaymentHistoryPage - ✅ [SUCCESS] Clicked Proceed after remarks.
2025-06-16 13:10:48 [main] INFO  a.pages.PaymentHistoryPage - ⏳ Waiting for spinner to fully disappear...
2025-06-16 13:10:48 [main] INFO  a.pages.PaymentHistoryPage - ✅ Spinner disappeared.
2025-06-16 13:10:48 [main] INFO  a.pages.PaymentHistoryPage - ⏳ Waiting for spinner to fully disappear...
2025-06-16 13:10:49 [main] INFO  a.pages.PaymentHistoryPage - ✅ Spinner disappeared.
2025-06-16 13:10:49 [main] INFO  a.pages.PaymentHistoryPage - ✅ [SUCCESS] Confirm button clicked.
2025-06-16 13:10:49 [main] INFO  a.pages.PaymentHistoryPage - ✅ [SUCCESS] OTP entered.
2025-06-16 13:10:49 [main] INFO  a.pages.PaymentHistoryPage - Waiting for any overlay/spinner to disappear.
2025-06-16 13:10:49 [main] INFO  a.pages.PaymentHistoryPage - ✅ [SUCCESS] Final Proceed clicked after OTP.
2025-06-16 13:10:50 [main] INFO  a.pages.PaymentHistoryPage - ✅ Correct error message displayed: 'Invalid OTP'
2025-06-16 13:10:50 [main] INFO  a.pages.PaymentHistoryPage - ⏳ Waiting for spinner to fully disappear...
2025-06-16 13:10:51 [main] INFO  a.pages.PaymentHistoryPage - ✅ Spinner disappeared.
2025-06-16 13:10:51 [main] INFO  a.pages.PaymentHistoryPage - ⏳ Waiting for spinner to fully disappear...
2025-06-16 13:10:51 [main] INFO  a.pages.PaymentHistoryPage - ✅ Spinner disappeared.
2025-06-16 13:10:51 [main] INFO  a.pages.PaymentHistoryPage - ⏳ Waiting for spinner to fully disappear...
2025-06-16 13:10:51 [main] INFO  a.pages.PaymentHistoryPage - ✅ Spinner disappeared.
2025-06-16 13:10:51 [main] INFO  a.pages.PaymentHistoryPage - ⏳ Waiting for spinner to fully disappear...
2025-06-16 13:10:52 [main] INFO  a.pages.PaymentHistoryPage - ✅ Spinner disappeared.
2025-06-16 13:10:52 [main] INFO  a.pages.PaymentHistoryPage - 
✅ All negative test cases executed.
2025-06-16 13:10:52 [main] INFO  automationFramework.utils.LoggerUtil - Invalid amount scenario tested successfully.
2025-06-16 13:10:52 [main] INFO  automationFramework.utils.LoggerUtil - ✅ Test passed: testInvalidAmountScenarios
2025-06-16 13:10:52 [main] INFO  automationFramework.utils.LoggerUtil - Flushing extent report...
2025-06-16 13:10:52 [main] INFO  org.testng.internal.Utils - [TestNG] Time taken by org.testng.reporters.jq.Main@3513d214: 100 ms
2025-06-16 13:10:52 [main] INFO  org.testng.internal.Utils - [TestNG] Time taken by org.testng.reporters.FailedReporter@3ba3f40d: 2 ms
2025-06-16 13:10:52 [main] INFO  org.testng.internal.Utils - [TestNG] Time taken by org.testng.reporters.XMLReporter@98637a2: 16 ms
2025-06-16 13:10:52 [main] INFO  org.testng.internal.Utils - [TestNG] Time taken by org.testng.reporters.EmailableReporter2@d16209e: 10 ms
2025-06-16 13:10:52 [main] INFO  org.testng.internal.Utils - [TestNG] Time taken by org.testng.reporters.JUnitReportReporter@6d0114c0: 9 ms
2025-06-16 13:10:52 [main] INFO  org.testng.internal.Utils - [TestNG] Time taken by org.testng.internal.ExitCodeListener@40016ce1: 0 ms
