2025-06-16 10:40:57 [main] WARN  org.testng.xml.TestNGContentHandler - Failed to read [/C:/Users/rajum/eclipse-workspace/ToolsQA/SeleniumAutomotionSVCUATIB/testng-1.1.dtd] from CLASSPATH. Attempting to read from [file:///C:/Users/rajum/eclipse-workspace/ToolsQA/SeleniumAutomotionSVCUATIB/testng-1.1.dtd].
2025-06-16 10:40:57 [main] WARN  org.testng.xml.TestNGContentHandler - It is strongly recommended to add "<!DOCTYPE suite SYSTEM "https://testng.org/testng-1.1.dtd" >" at the top of the suite file [C:\Users\rajum\eclipse-workspace\ToolsQA\SeleniumAutomotionSVCUATIB\src\main\resources\testng.xml] otherwise TestNG may fail or not work as expected.
2025-06-16 10:40:57 [main] INFO  org.testng.internal.Utils - [TestNG] Running:
  C:\Users\rajum\eclipse-workspace\ToolsQA\SeleniumAutomotionSVCUATIB\src\main\resources\testng.xml

2025-06-16 10:40:59 [main] INFO  i.g.bonigarcia.wdm.WebDriverManager - Using chromedriver 137.0.7151.70 (resolved driver for Chrome 137)
2025-06-16 10:40:59 [main] INFO  i.g.bonigarcia.wdm.WebDriverManager - Exporting webdriver.chrome.driver as C:\Users\rajum\.cache\selenium\chromedriver\win64\137.0.7151.70\chromedriver.exe
2025-06-16 10:41:01 [main] INFO  automationFramework.pages.LoginPage - ✅ [SUCCESS] Config loaded from 'config.properties': captcha.wait.seconds = 10 seconds.
2025-06-16 10:41:09 [main] INFO  automationFramework.pages.LoginPage - 🟦 [STEP] Navigated to URL: https://uatnet.svcbank.com/ReachSVCInet/SVC-web/inet/netbanking
2025-06-16 10:41:09 [main] INFO  automationFramework.pages.LoginPage - ✅ [SUCCESS] Entered username: TEST001
2025-06-16 10:41:09 [main] INFO  automationFramework.pages.LoginPage - ⏳ [WAIT] Waiting for manual captcha input. You have 10 seconds.
2025-06-16 10:41:19 [main] INFO  automationFramework.pages.LoginPage - ✅ [SUCCESS] Clicked first Login button (after captcha).
2025-06-16 10:41:24 [main] INFO  automationFramework.pages.LoginPage - ✅ [SUCCESS] Entered password.
2025-06-16 10:41:24 [main] INFO  automationFramework.pages.LoginPage - ✅ [SUCCESS] Clicked final Login button.
2025-06-16 10:41:24 [main] INFO  a.pages.AccountsPage - Clicking Accounts Tab
2025-06-16 10:41:24 [main] INFO  a.pages.AccountsPage - ⏳ Waiting for spinner to fully disappear...
2025-06-16 10:41:55 [main] INFO  a.pages.AccountsPage - ✅ Spinner disappeared.
2025-06-16 10:41:55 [main] INFO  a.pages.AccountsPage - ⏳ Waiting for spinner to fully disappear...
2025-06-16 10:42:28 [main] INFO  a.pages.AccountsPage - ✅ Spinner disappeared.
2025-06-16 10:42:28 [main] INFO  a.pages.AccountsPage - ⏳ Waiting for spinner to fully disappear...
2025-06-16 10:42:49 [main] INFO  a.pages.AccountsPage - ✅ Spinner disappeared.
2025-06-16 10:43:19 [main] INFO  a.pages.AccountsPage - ✅ Accounts Tab Clicked
2025-06-16 10:43:19 [main] INFO  a.pages.AccountsPage - ⏳ Waiting for spinner to fully disappear...
2025-06-16 10:43:39 [main] INFO  a.pages.AccountsPage - ✅ Spinner disappeared.
2025-06-16 10:44:10 [main] INFO  a.pages.AccountsPage - Scrolling to 'View Balance Components' button
2025-06-16 10:44:10 [main] INFO  a.pages.AccountsPage - ⏳ Waiting for spinner to fully disappear...
2025-06-16 10:44:30 [main] INFO  a.pages.AccountsPage - ✅ Spinner disappeared.
2025-06-16 10:45:00 [main] INFO  a.pages.AccountsPage - Clicking 'View Balance Components' button
2025-06-16 10:45:00 [main] INFO  a.pages.AccountsPage - ⏳ Waiting for spinner to fully disappear...
2025-06-16 10:45:20 [main] INFO  a.pages.AccountsPage - ✅ Spinner disappeared.
2025-06-16 10:45:20 [main] INFO  a.pages.AccountsPage - ⏳ Waiting for spinner to fully disappear...
2025-06-16 10:45:41 [main] INFO  a.pages.AccountsPage - ✅ Spinner disappeared.
2025-06-16 10:45:41 [main] INFO  a.pages.AccountsPage - ⏳ Waiting for spinner to fully disappear...
2025-06-16 10:45:59 [main] WARN  a.pages.AccountsPage - ⚠️ Spinner wait skipped or failed gracefully.
2025-06-16 10:45:59 [main] INFO  a.pages.AccountsPage - ⏳ Waiting for spinner to fully disappear...
2025-06-16 10:46:15 [main] WARN  a.pages.AccountsPage - ⚠️ Spinner wait skipped or failed gracefully.
2025-06-16 10:46:45 [main] INFO  a.pages.AccountsPage - Closing balance modal
2025-06-16 10:46:45 [main] INFO  a.pages.AccountsPage - ⏳ Waiting for spinner to fully disappear...
2025-06-16 10:47:05 [main] INFO  a.pages.AccountsPage - ✅ Spinner disappeared.
2025-06-16 10:47:05 [main] INFO  a.pages.AccountsPage - ⏳ Waiting for spinner to fully disappear...
2025-06-16 10:47:26 [main] INFO  a.pages.AccountsPage - ✅ Spinner disappeared.
2025-06-16 10:47:26 [main] INFO  a.pages.AccountsPage - ⏳ Waiting for spinner to fully disappear...
2025-06-16 10:47:46 [main] INFO  a.pages.AccountsPage - ✅ Spinner disappeared.
2025-06-16 10:47:46 [main] INFO  a.pages.AccountsPage - ✅ Modal closed.
2025-06-16 10:47:46 [main] INFO  a.pages.AccountsPage - ⏳ Waiting for spinner to fully disappear...
2025-06-16 10:48:06 [main] INFO  a.pages.AccountsPage - ✅ Spinner disappeared.
2025-06-16 10:48:36 [main] INFO  a.pages.AccountsPage - ▶️ Starting: Download 1 Month Statement in PDF format
2025-06-16 10:48:36 [main] INFO  a.pages.AccountsPage - Clicking Accounts Tab
2025-06-16 10:48:36 [main] INFO  a.pages.AccountsPage - ⏳ Waiting for spinner to fully disappear...
2025-06-16 10:48:57 [main] INFO  a.pages.AccountsPage - ✅ Spinner disappeared.
2025-06-16 10:48:57 [main] INFO  a.pages.AccountsPage - ⏳ Waiting for spinner to fully disappear...
2025-06-16 10:49:16 [main] WARN  a.pages.AccountsPage - ⚠️ Spinner wait skipped or failed gracefully.
2025-06-16 10:49:16 [main] INFO  a.pages.AccountsPage - ⏳ Waiting for spinner to fully disappear...
2025-06-16 10:49:32 [main] WARN  a.pages.AccountsPage - ⚠️ Spinner wait skipped or failed gracefully.
2025-06-16 10:50:02 [main] INFO  a.pages.AccountsPage - ✅ Accounts Tab Clicked
2025-06-16 10:50:02 [main] INFO  a.pages.AccountsPage - ⏳ Waiting for spinner to fully disappear...
2025-06-16 10:50:17 [main] WARN  a.pages.AccountsPage - ⚠️ Spinner wait skipped or failed gracefully.
2025-06-16 10:50:18 [main] INFO  a.pages.AccountsPage - ⏳ Waiting for spinner to fully disappear...
2025-06-16 10:50:18 [main] INFO  a.pages.AccountsPage - ✅ Spinner disappeared.
2025-06-16 10:50:18 [main] INFO  a.pages.AccountsPage - ⏳ Waiting for spinner to fully disappear...
2025-06-16 10:50:39 [main] INFO  a.pages.AccountsPage - ✅ Spinner disappeared.
2025-06-16 10:50:39 [main] ERROR a.pages.AccountsPage - ❌ [503 Error] Service is currently unavailable.
2025-06-16 10:50:39 [main] ERROR a.pages.AccountsPage - ❌ Error Detection Triggered: 503 Service Unavailable
2025-06-16 10:50:39 [main] ERROR a.pages.AccountsPage - ❌ Error during 1 Month statement download (PDF): 503 Service Unavailable
2025-06-16 10:50:39 [main] INFO  a.pages.AccountsPage - ▶️ Starting: Download 3 Months Statement in PDF format
2025-06-16 10:50:39 [main] INFO  a.pages.AccountsPage - Clicking Accounts Tab
2025-06-16 10:50:39 [main] INFO  a.pages.AccountsPage - ⏳ Waiting for spinner to fully disappear...
