2025-06-13 15:13:24 [main] WARN  org.testng.xml.TestNGContentHandler - Failed to read [/C:/Users/rajum/eclipse-workspace/ToolsQA/SeleniumAutomotionSVCUATIB/testng-1.1.dtd] from CLASSPATH. Attempting to read from [file:///C:/Users/rajum/eclipse-workspace/ToolsQA/SeleniumAutomotionSVCUATIB/testng-1.1.dtd].
2025-06-13 15:13:24 [main] WARN  org.testng.xml.TestNGContentHandler - It is strongly recommended to add "<!DOCTYPE suite SYSTEM "https://testng.org/testng-1.1.dtd" >" at the top of the suite file [C:\Users\rajum\eclipse-workspace\ToolsQA\SeleniumAutomotionSVCUATIB\src\main\resources\testng.xml] otherwise TestNG may fail or not work as expected.
2025-06-13 15:13:24 [main] INFO  org.testng.internal.Utils - [TestNG] Running:
  C:\Users\rajum\eclipse-workspace\ToolsQA\SeleniumAutomotionSVCUATIB\src\main\resources\testng.xml

2025-06-13 15:13:25 [main] INFO  i.g.bonigarcia.wdm.WebDriverManager - Using chromedriver 137.0.7151.70 (resolved driver for Chrome 137)
2025-06-13 15:13:25 [main] INFO  i.g.bonigarcia.wdm.WebDriverManager - Exporting webdriver.chrome.driver as C:\Users\rajum\.cache\selenium\chromedriver\win64\137.0.7151.70\chromedriver.exe
2025-06-13 15:13:27 [main] INFO  automationFramework.pages.LoginPage - ✅ [SUCCESS] Config loaded from 'config.properties': captcha.wait.seconds = 10 seconds.
2025-06-13 15:13:33 [main] INFO  automationFramework.pages.LoginPage - 🟦 [STEP] Navigated to URL: https://uatnet.svcbank.com/ReachSVCInet/SVC-web/inet/netbanking
2025-06-13 15:13:33 [main] INFO  automationFramework.pages.LoginPage - ✅ [SUCCESS] Entered username: TEST001
2025-06-13 15:13:33 [main] INFO  automationFramework.pages.LoginPage - ⏳ [WAIT] Waiting for manual captcha input. You have 10 seconds.
2025-06-13 15:13:43 [main] INFO  automationFramework.pages.LoginPage - ✅ [SUCCESS] Clicked first Login button (after captcha).
2025-06-13 15:13:44 [main] INFO  automationFramework.pages.LoginPage - ✅ [SUCCESS] Entered password.
2025-06-13 15:13:44 [main] INFO  automationFramework.pages.LoginPage - ✅ [SUCCESS] Clicked final Login button.
2025-06-13 15:13:44 [main] INFO  automationFramework.pages.LoginPage - 🎉 [DONE] Login Test Completed successfully for user: TEST001.
2025-06-13 15:13:44 [main] INFO  a.pages.AccountsPage - Clicking Accounts Tab
2025-06-13 15:13:44 [main] INFO  a.pages.AccountsPage - ⏳ Waiting for spinner to fully disappear...
2025-06-13 15:14:10 [main] INFO  a.pages.AccountsPage - ✅ Spinner disappeared.
2025-06-13 15:14:10 [main] INFO  a.pages.AccountsPage - ⏳ Waiting for spinner to fully disappear...
2025-06-13 15:14:33 [main] INFO  a.pages.AccountsPage - ✅ Spinner disappeared.
2025-06-13 15:14:33 [main] INFO  a.pages.AccountsPage - ⏳ Waiting for spinner to fully disappear...
2025-06-13 15:14:54 [main] INFO  a.pages.AccountsPage - ✅ Spinner disappeared.
2025-06-13 15:14:54 [main] INFO  a.pages.AccountsPage - ✅ Accounts Tab Clicked
2025-06-13 15:14:54 [main] INFO  a.pages.AccountsPage - ⏳ Waiting for spinner to fully disappear...
2025-06-13 15:15:14 [main] INFO  a.pages.AccountsPage - ✅ Spinner disappeared.
2025-06-13 15:15:14 [main] INFO  a.pages.AccountsPage - Scrolling to 'View Balance Components' button
2025-06-13 15:15:14 [main] INFO  a.pages.AccountsPage - Clicking 'View Balance Components' button
2025-06-13 15:15:14 [main] INFO  a.pages.AccountsPage - ⏳ Waiting for spinner to fully disappear...
2025-06-13 15:15:35 [main] INFO  a.pages.AccountsPage - ✅ Spinner disappeared.
2025-06-13 15:15:35 [main] INFO  a.pages.AccountsPage - ⏳ Waiting for spinner to fully disappear...
2025-06-13 15:15:43 [main] INFO  a.pages.AccountsPage - ✅ Spinner disappeared.
2025-06-13 15:15:43 [main] INFO  a.pages.AccountsPage - ⏳ Waiting for spinner to fully disappear...
2025-06-13 15:15:45 [main] INFO  a.pages.AccountsPage - ✅ Spinner disappeared.
2025-06-13 15:15:45 [main] INFO  a.pages.AccountsPage - Closing balance modal
2025-06-13 15:15:45 [main] INFO  a.pages.AccountsPage - ⏳ Waiting for spinner to fully disappear...
2025-06-13 15:16:05 [main] WARN  a.pages.AccountsPage - ⚠️ Spinner wait skipped or failed gracefully.
