2025-06-19 12:22:45 [main] INFO  org.testng.internal.Utils - [Utils] MethodGroupsHelper.collectMethodsByGroup() took 1 ms.
2025-06-19 12:22:45 [main] INFO  org.testng.internal.Utils - [Utils] MethodGroupsHelper.sortMethods() took 3 ms.
2025-06-19 12:22:45 [main] INFO  org.testng.internal.Utils - [Utils] MethodGroupsHelper.collectMethodsByGroup() took 0 ms.
2025-06-19 12:22:45 [main] INFO  org.testng.internal.Utils - [Utils] MethodGroupsHelper.sortMethods() took 0 ms.
2025-06-19 12:22:45 [main] INFO  org.testng.internal.Utils - [Utils] MethodGroupsHelper.collectMethodsByGroup() took 0 ms.
2025-06-19 12:22:45 [main] INFO  org.testng.internal.Utils - [Utils] MethodGroupsHelper.sortMethods() took 0 ms.
2025-06-19 12:22:45 [main] INFO  org.testng.internal.Utils - [Utils] MethodGroupsHelper.collectMethodsByGroup() took 0 ms.
2025-06-19 12:22:45 [main] INFO  org.testng.internal.Utils - [Utils] MethodGroupsHelper.sortMethods() took 0 ms.
2025-06-19 12:22:45 [main] INFO  org.testng.internal.Utils - [Utils] MethodGroupsHelper.collectMethodsByGroup() took 5 ms.
2025-06-19 12:22:45 [main] INFO  org.testng.internal.Utils - [Utils] MethodGroupsHelper.sortMethods() took 20 ms.
2025-06-19 12:22:45 [main] INFO  org.testng.internal.Utils - [Utils] MethodGroupsHelper.collectMethodsByGroup() took 0 ms.
2025-06-19 12:22:45 [main] INFO  org.testng.internal.Utils - [Utils] MethodGroupsHelper.sortMethods() took 0 ms.
2025-06-19 12:22:45 [main] INFO  org.testng.internal.Utils - [Utils] MethodGroupsHelper.collectMethodsByGroup() took 0 ms.
2025-06-19 12:22:45 [main] INFO  org.testng.internal.Utils - [Utils] MethodGroupsHelper.sortMethods() took 0 ms.
2025-06-19 12:22:45 [main] INFO  org.testng.internal.Utils - [Utils] MethodGroupsHelper.collectMethodsByGroup() took 0 ms.
2025-06-19 12:22:45 [main] INFO  org.testng.internal.Utils - [Utils] MethodGroupsHelper.sortMethods() took 0 ms.
2025-06-19 12:22:45 [main] INFO  org.testng.internal.Utils - [Utils] MethodGroupsHelper.collectMethodsByGroup() took 0 ms.
2025-06-19 12:22:45 [main] INFO  org.testng.internal.Utils - [Utils] MethodGroupsHelper.sortMethods() took 0 ms.
2025-06-19 12:22:45 [main] INFO  org.testng.internal.Utils - [Utils] MethodGroupsHelper.collectMethodsByGroup() took 1 ms.
2025-06-19 12:22:45 [main] INFO  org.testng.internal.Utils - [Utils] MethodGroupsHelper.sortMethods() took 0 ms.
2025-06-19 12:22:45 [main] INFO  org.testng.internal.Utils - [Utils] MethodGroupsHelper.collectMethodsByGroup() took 0 ms.
2025-06-19 12:22:45 [main] INFO  org.testng.internal.Utils - [Utils] MethodGroupsHelper.sortMethods() took 0 ms.
2025-06-19 12:22:45 [main] INFO  org.testng.internal.Utils - [Utils] MethodGroupsHelper.collectMethodsByGroup() took 0 ms.
2025-06-19 12:22:45 [main] INFO  org.testng.internal.Utils - [Utils] MethodGroupsHelper.sortMethods() took 0 ms.
2025-06-19 12:22:45 [main] INFO  org.testng.internal.Utils - [Utils] MethodGroupsHelper.collectMethodsByGroup() took 1 ms.
2025-06-19 12:22:45 [main] INFO  org.testng.internal.Utils - [Utils] MethodGroupsHelper.sortMethods() took 8 ms.
2025-06-19 12:22:45 [main] INFO  org.testng.internal.Utils - [Utils] MethodGroupsHelper.collectMethodsByGroup() took 0 ms.
2025-06-19 12:22:45 [main] INFO  org.testng.internal.Utils - [Utils] MethodGroupsHelper.sortMethods() took 0 ms.
2025-06-19 12:22:45 [main] INFO  org.testng.internal.Utils - [Utils] MethodGroupsHelper.collectMethodsByGroup() took 0 ms.
2025-06-19 12:22:45 [main] INFO  org.testng.internal.Utils - [Utils] MethodGroupsHelper.sortMethods() took 0 ms.
2025-06-19 12:22:45 [main] INFO  org.testng.internal.Utils - [TestNG] Running:
  C:\Users\rajum\AppData\Local\Temp\testng-eclipse--2127152585\testng-customsuite.xml

2025-06-19 12:22:45 [main] INFO  org.testng.internal.Utils - [Utils] DynamicGraphHelper.createDynamicGraph() took 7 ms.
2025-06-19 12:22:45 [main] INFO  automationFramework.utils.LoggerUtil - 🔧 Launching browser and loading properties...
2025-06-19 12:22:46 [main] INFO  i.g.bonigarcia.wdm.WebDriverManager - Using chromedriver 137.0.7151.119 (resolved driver for Chrome 137)
2025-06-19 12:22:47 [main] INFO  i.g.bonigarcia.wdm.WebDriverManager - Exporting webdriver.chrome.driver as C:\Users\rajum\.cache\selenium\chromedriver\win64\137.0.7151.119\chromedriver.exe
2025-06-19 12:22:50 [main] INFO  automationFramework.pages.LoginPage - ✅ Captcha wait time loaded: 10 seconds
2025-06-19 12:22:55 [main] INFO  automationFramework.pages.LoginPage - 🟦 Navigated to URL: https://uatnet.svcbank.com/ReachSVCInet/SVC-web/inet/netbanking
2025-06-19 12:22:56 [main] INFO  automationFramework.pages.LoginPage - ✅ Entered username: TEST001
2025-06-19 12:22:56 [main] INFO  automationFramework.pages.LoginPage - ⏳ Waiting for manual captcha input (10 seconds)
2025-06-19 12:23:06 [main] INFO  automationFramework.pages.LoginPage - ✅ Clicked first Login button
2025-06-19 12:23:08 [main] INFO  automationFramework.pages.LoginPage - ✅ Entered password
2025-06-19 12:23:08 [main] INFO  automationFramework.pages.LoginPage - ✅ Clicked final Login button
2025-06-19 12:23:17 [main] INFO  automationFramework.pages.LoginPage - 🎉 Login successful for user: TEST001
2025-06-19 12:23:17 [main] INFO  automationFramework.utils.LoggerUtil - ✅ Login successful
2025-06-19 12:23:17 [main] INFO  automationFramework.utils.LoggerUtil - ✅ Setup complete.
2025-06-19 12:23:17 [main] INFO  a.pages.ServicesPage - 🔄 Navigating to Services > Manage SMS...
2025-06-19 12:23:17 [main] INFO  a.pages.ServicesPage - ⏳ Waiting for spinner to fully disappear...
2025-06-19 12:23:32 [main] INFO  a.pages.ServicesPage - ✅ Spinner disappeared.
2025-06-19 12:23:32 [main] INFO  a.pages.ServicesPage - ⏳ Waiting for spinner to fully disappear...
2025-06-19 12:23:46 [main] INFO  a.pages.ServicesPage - ✅ Spinner disappeared.
2025-06-19 12:23:46 [main] INFO  a.pages.ServicesPage - ⏳ Waiting for spinner to fully disappear...
2025-06-19 12:23:57 [main] INFO  a.pages.ServicesPage - ✅ Spinner disappeared.
2025-06-19 12:23:57 [main] INFO  a.pages.ServicesPage - ⏳ Waiting for spinner to fully disappear...
2025-06-19 12:24:11 [main] INFO  a.pages.ServicesPage - ✅ Spinner disappeared.
2025-06-19 12:24:11 [main] INFO  a.pages.ServicesPage - ✅ Reached Manage SMS section.
2025-06-19 12:24:11 [main] INFO  a.pages.ServicesPage - 🔄 Generating random credit and debit amounts...
2025-06-19 12:24:11 [main] INFO  a.pages.ServicesPage - ✏️ Entering SMS thresholds - Credit: 2489, Debit: 9833
2025-06-19 12:24:11 [main] INFO  a.pages.ServicesPage - ✅ Amounts entered successfully with Credit: 2489, Debit: 9833
2025-06-19 12:24:11 [main] INFO  a.pages.ServicesPage - 💾 Clicking Save button...
2025-06-19 12:24:11 [main] INFO  a.pages.ServicesPage - ⏳ Waiting for spinner to fully disappear...
2025-06-19 12:24:22 [main] INFO  a.pages.ServicesPage - ✅ Spinner disappeared.
2025-06-19 12:24:22 [main] INFO  a.pages.ServicesPage - ⏳ Waiting for spinner to fully disappear...
2025-06-19 12:24:35 [main] INFO  a.pages.ServicesPage - ✅ Spinner disappeared.
2025-06-19 12:24:35 [main] INFO  a.pages.ServicesPage - 🔐 Entering OTP: 123456
2025-06-19 12:24:35 [main] INFO  a.pages.ServicesPage - ⏳ Waiting for spinner to fully disappear...
2025-06-19 12:24:45 [main] INFO  a.pages.ServicesPage - ✅ Spinner disappeared.
2025-06-19 12:24:45 [main] INFO  a.pages.ServicesPage - ⏳ Waiting for spinner to fully disappear...
2025-06-19 12:24:56 [main] INFO  a.pages.ServicesPage - ✅ Spinner disappeared.
2025-06-19 12:24:56 [main] INFO  a.pages.ServicesPage - ✅ OTP entered.
2025-06-19 12:24:56 [main] INFO  a.pages.ServicesPage - ➡️ Clicking Proceed...
2025-06-19 12:24:56 [main] INFO  a.pages.ServicesPage - ⏳ Waiting for spinner to fully disappear...
2025-06-19 12:25:06 [main] INFO  a.pages.ServicesPage - ✅ Spinner disappeared.
2025-06-19 12:25:06 [main] INFO  a.pages.ServicesPage - ⏳ Waiting for spinner to fully disappear...
2025-06-19 12:25:07 [main] INFO  a.pages.ServicesPage - ✅ Spinner disappeared.
2025-06-19 12:25:09 [main] INFO  a.pages.ServicesPage - ✅ Success popup visibility: true
2025-06-19 12:25:09 [main] INFO  a.pages.ServicesPage - 🆗 Clicking Okay on success popup...
2025-06-19 12:25:09 [main] INFO  a.pages.ServicesPage - ⏳ Waiting for spinner to fully disappear...
2025-06-19 12:25:19 [main] INFO  a.pages.ServicesPage - ✅ Spinner disappeared.
2025-06-19 12:25:19 [main] INFO  a.pages.ServicesPage - ⏳ Waiting for spinner to fully disappear...
2025-06-19 12:25:30 [main] INFO  a.pages.ServicesPage - ✅ Spinner disappeared.
2025-06-19 12:25:30 [main] INFO  automationFramework.utils.LoggerUtil - ✅ Threshold saved and verified successfully.
2025-06-19 12:25:30 [main] INFO  a.pages.ServicesPage - 🔄 Navigating to Services > Manage SMS...
2025-06-19 12:25:30 [main] INFO  a.pages.ServicesPage - ⏳ Waiting for spinner to fully disappear...
2025-06-19 12:25:40 [main] INFO  a.pages.ServicesPage - ✅ Spinner disappeared.
2025-06-19 12:25:40 [main] INFO  a.pages.ServicesPage - ⏳ Waiting for spinner to fully disappear...
2025-06-19 12:25:46 [main] INFO  a.pages.ServicesPage - ✅ Spinner disappeared.
2025-06-19 12:25:46 [main] INFO  a.pages.ServicesPage - ⏳ Waiting for spinner to fully disappear...
2025-06-19 12:25:57 [main] INFO  a.pages.ServicesPage - ✅ Spinner disappeared.
2025-06-19 12:25:57 [main] INFO  a.pages.ServicesPage - ⏳ Waiting for spinner to fully disappear...
2025-06-19 12:26:08 [main] INFO  a.pages.ServicesPage - ✅ Spinner disappeared.
2025-06-19 12:26:08 [main] INFO  a.pages.ServicesPage - ✅ Reached Manage SMS section.
2025-06-19 12:26:08 [main] INFO  a.pages.ServicesPage - 🔄 Setting invalid threshold values: empty=true, negative=false
2025-06-19 12:26:08 [main] INFO  a.pages.ServicesPage - ✏️ Invalid thresholds set - Credit: , Debit: 
2025-06-19 12:26:08 [main] INFO  a.pages.ServicesPage - 💾 Clicking Save button...
2025-06-19 12:26:08 [main] INFO  a.pages.ServicesPage - ⏳ Waiting for spinner to fully disappear...
2025-06-19 12:26:19 [main] INFO  a.pages.ServicesPage - ✅ Spinner disappeared.
2025-06-19 12:26:19 [main] INFO  a.pages.ServicesPage - ⏳ Waiting for spinner to fully disappear...
2025-06-19 12:26:29 [main] INFO  a.pages.ServicesPage - ✅ Spinner disappeared.
2025-06-19 12:26:29 [main] INFO  a.pages.ServicesPage - ✅ Validation messages found for both empty thresholds.
2025-06-19 12:26:29 [main] INFO  a.pages.ServicesPage - ⏳ Waiting for spinner to fully disappear...
2025-06-19 12:26:40 [main] INFO  a.pages.ServicesPage - ✅ Spinner disappeared.
2025-06-19 12:26:40 [main] INFO  a.pages.ServicesPage - ⏳ Waiting for spinner to fully disappear...
2025-06-19 12:26:50 [main] INFO  a.pages.ServicesPage - ✅ Spinner disappeared.
2025-06-19 12:26:50 [main] INFO  a.pages.ServicesPage - ❎ Closed the validation popup.
2025-06-19 12:26:50 [main] INFO  a.pages.ServicesPage - 🔄 Navigating to Services > Manage SMS...
2025-06-19 12:26:50 [main] INFO  a.pages.ServicesPage - ⏳ Waiting for spinner to fully disappear...
2025-06-19 12:27:01 [main] INFO  a.pages.ServicesPage - ✅ Spinner disappeared.
2025-06-19 12:27:01 [main] INFO  a.pages.ServicesPage - ⏳ Waiting for spinner to fully disappear...
2025-06-19 12:27:17 [main] WARN  a.pages.ServicesPage - ⚠️ Spinner wait skipped or failed gracefully.
2025-06-19 12:27:17 [main] INFO  a.pages.ServicesPage - ⏳ Waiting for spinner to fully disappear...
2025-06-19 12:27:32 [main] WARN  a.pages.ServicesPage - ⚠️ Spinner wait skipped or failed gracefully.
2025-06-19 12:27:33 [main] WARN  a.pages.ServicesPage - ⚠️ Click intercepted attempt 1/3: element click intercepted: Element <span class="font-semibold cursor-pointer h-fit align-self-center text-large">...</span> is not clickable at point (163, 291). Other element would receive the click: <div _ngcontent-ng-c587276320="" class="ngx-spinner-overlay ng-tns-c587276320-1 ng-trigger ng-trigger-fadeIn ng-star-inserted ng-animating" style="background-color: rgba(51, 51, 51, 0.8); z-index: 99999; position: fixed;">...</div>
  (Session info: chrome=137.0.7151.104)
Build info: version: '4.20.0', revision: '866c76ca80'
System info: os.name: 'Windows 11', os.arch: 'amd64', os.version: '10.0', java.version: '17.0.12'
Driver info: org.openqa.selenium.chrome.ChromeDriver
Command: [dd849a258919c3007531b708f4973a60, clickElement {id=f.D9C371049A47E8C515CFE4CB6F3D4854.d.71F5480E1DB0DC8FBAD67B523508ECF7.e.197}]
Capabilities {acceptInsecureCerts: false, browserName: chrome, browserVersion: 137.0.7151.104, chrome: {chromedriverVersion: 137.0.7151.119 (e0ac9d12dff..., userDataDir: C:\Users\rajum\AppData\Loca...}, fedcm:accounts: true, goog:chromeOptions: {debuggerAddress: localhost:63356}, networkConnectionEnabled: false, pageLoadStrategy: normal, platformName: windows, proxy: Proxy(), se:cdp: ws://localhost:63356/devtoo..., se:cdpVersion: 137.0.7151.104, setWindowRect: true, strictFileInteractability: false, timeouts: {implicit: 0, pageLoad: 300000, script: 30000}, unhandledPromptBehavior: dismiss and notify, webauthn:extension:credBlob: true, webauthn:extension:largeBlob: true, webauthn:extension:minPinLength: true, webauthn:extension:prf: true, webauthn:virtualAuthenticators: true}
Element: [[ChromeDriver: chrome on windows (dd849a258919c3007531b708f4973a60)] -> xpath: //span[text()='Manage SMS']]
Session ID: dd849a258919c3007531b708f4973a60
2025-06-19 12:27:34 [main] INFO  a.pages.ServicesPage - ⏳ Waiting for spinner to fully disappear...
2025-06-19 12:27:45 [main] INFO  a.pages.ServicesPage - ✅ Spinner disappeared.
2025-06-19 12:27:45 [main] INFO  a.pages.ServicesPage - ⏳ Waiting for spinner to fully disappear...
2025-06-19 12:27:55 [main] INFO  a.pages.ServicesPage - ✅ Spinner disappeared.
2025-06-19 12:27:55 [main] INFO  a.pages.ServicesPage - ✅ Reached Manage SMS section.
2025-06-19 12:28:05 [main] INFO  a.pages.ServicesPage - ✅ Negative input converted to positive as expected.
2025-06-19 12:28:05 [main] INFO  a.pages.ServicesPage - ⏳ Waiting for spinner to fully disappear...
2025-06-19 12:28:15 [main] INFO  a.pages.ServicesPage - ✅ Spinner disappeared.
2025-06-19 12:28:16 [main] INFO  a.pages.ServicesPage - ⏳ Waiting for spinner to fully disappear...
2025-06-19 12:28:26 [main] INFO  a.pages.ServicesPage - ✅ Spinner disappeared.
2025-06-19 12:28:26 [main] INFO  a.pages.ServicesPage - ❎ Closed the popup for Next Test.
2025-06-19 12:28:26 [main] INFO  a.pages.ServicesPage - 🔄 Navigating to Services > Manage SMS...
2025-06-19 12:28:26 [main] INFO  a.pages.ServicesPage - ⏳ Waiting for spinner to fully disappear...
2025-06-19 12:28:36 [main] INFO  a.pages.ServicesPage - ✅ Spinner disappeared.
2025-06-19 12:28:37 [main] INFO  a.pages.ServicesPage - ⏳ Waiting for spinner to fully disappear...
2025-06-19 12:28:53 [main] WARN  a.pages.ServicesPage - ⚠️ Spinner wait skipped or failed gracefully.
2025-06-19 12:28:53 [main] INFO  a.pages.ServicesPage - ⏳ Waiting for spinner to fully disappear...
2025-06-19 12:29:08 [main] WARN  a.pages.ServicesPage - ⚠️ Spinner wait skipped or failed gracefully.
2025-06-19 12:29:09 [main] WARN  a.pages.ServicesPage - ⚠️ Click intercepted attempt 1/3: element click intercepted: Element <span class="font-semibold cursor-pointer h-fit align-self-center text-large">...</span> is not clickable at point (163, 291). Other element would receive the click: <div _ngcontent-ng-c587276320="" class="ngx-spinner-overlay ng-tns-c587276320-1 ng-trigger ng-trigger-fadeIn ng-star-inserted ng-animating" style="background-color: rgba(51, 51, 51, 0.8); z-index: 99999; position: fixed;">...</div>
  (Session info: chrome=137.0.7151.104)
Build info: version: '4.20.0', revision: '866c76ca80'
System info: os.name: 'Windows 11', os.arch: 'amd64', os.version: '10.0', java.version: '17.0.12'
Driver info: org.openqa.selenium.chrome.ChromeDriver
Command: [dd849a258919c3007531b708f4973a60, clickElement {id=f.D9C371049A47E8C515CFE4CB6F3D4854.d.71F5480E1DB0DC8FBAD67B523508ECF7.e.224}]
Capabilities {acceptInsecureCerts: false, browserName: chrome, browserVersion: 137.0.7151.104, chrome: {chromedriverVersion: 137.0.7151.119 (e0ac9d12dff..., userDataDir: C:\Users\rajum\AppData\Loca...}, fedcm:accounts: true, goog:chromeOptions: {debuggerAddress: localhost:63356}, networkConnectionEnabled: false, pageLoadStrategy: normal, platformName: windows, proxy: Proxy(), se:cdp: ws://localhost:63356/devtoo..., se:cdpVersion: 137.0.7151.104, setWindowRect: true, strictFileInteractability: false, timeouts: {implicit: 0, pageLoad: 300000, script: 30000}, unhandledPromptBehavior: dismiss and notify, webauthn:extension:credBlob: true, webauthn:extension:largeBlob: true, webauthn:extension:minPinLength: true, webauthn:extension:prf: true, webauthn:virtualAuthenticators: true}
Element: [[ChromeDriver: chrome on windows (dd849a258919c3007531b708f4973a60)] -> xpath: //span[text()='Manage SMS']]
Session ID: dd849a258919c3007531b708f4973a60
2025-06-19 12:29:10 [main] INFO  a.pages.ServicesPage - ⏳ Waiting for spinner to fully disappear...
2025-06-19 12:29:19 [main] INFO  a.pages.ServicesPage - ✅ Spinner disappeared.
2025-06-19 12:29:19 [main] INFO  a.pages.ServicesPage - ⏳ Waiting for spinner to fully disappear...
2025-06-19 12:29:33 [main] INFO  a.pages.ServicesPage - ✅ Spinner disappeared.
2025-06-19 12:29:33 [main] INFO  a.pages.ServicesPage - ✅ Reached Manage SMS section.
2025-06-19 12:29:33 [main] INFO  a.pages.ServicesPage - 🔄 Generating random credit and debit amounts...
2025-06-19 12:29:33 [main] INFO  a.pages.ServicesPage - ✏️ Entering SMS thresholds - Credit: 1389, Debit: 6905
2025-06-19 12:29:43 [main] INFO  a.pages.ServicesPage - ✅ Amounts entered successfully with Credit: 1389, Debit: 6905
2025-06-19 12:29:43 [main] INFO  a.pages.ServicesPage - 💾 Clicking Save button...
2025-06-19 12:29:43 [main] INFO  a.pages.ServicesPage - ⏳ Waiting for spinner to fully disappear...
2025-06-19 12:29:53 [main] INFO  a.pages.ServicesPage - ✅ Spinner disappeared.
2025-06-19 12:29:54 [main] INFO  a.pages.ServicesPage - ⏳ Waiting for spinner to fully disappear...
2025-06-19 12:30:12 [main] WARN  a.pages.ServicesPage - ⚠️ Spinner wait skipped or failed gracefully.
2025-06-19 12:30:12 [main] INFO  a.pages.ServicesPage - 🔐 Entering OTP: 000000
2025-06-19 12:30:12 [main] INFO  a.pages.ServicesPage - ⏳ Waiting for spinner to fully disappear...
2025-06-19 12:30:27 [main] INFO  a.pages.ServicesPage - ✅ Spinner disappeared.
2025-06-19 12:30:27 [main] INFO  a.pages.ServicesPage - ⏳ Waiting for spinner to fully disappear...
2025-06-19 12:30:38 [main] INFO  a.pages.ServicesPage - ✅ Spinner disappeared.
2025-06-19 12:30:38 [main] INFO  a.pages.ServicesPage - ✅ OTP entered.
2025-06-19 12:30:38 [main] INFO  a.pages.ServicesPage - ➡️ Clicking Proceed...
2025-06-19 12:30:38 [main] INFO  a.pages.ServicesPage - ⏳ Waiting for spinner to fully disappear...
2025-06-19 12:30:48 [main] INFO  a.pages.ServicesPage - ✅ Spinner disappeared.
2025-06-19 12:30:48 [main] INFO  a.pages.ServicesPage - ⏳ Waiting for spinner to fully disappear...
2025-06-19 12:31:00 [main] INFO  a.pages.ServicesPage - ✅ Spinner disappeared.
2025-06-19 12:31:11 [main] INFO  automationFramework.utils.LoggerUtil - 🧹 Finalizing report...
2025-06-19 12:31:11 [main] INFO  automationFramework.utils.LoggerUtil - 📧 Sending report via email...
2025-06-19 12:31:20 [main] INFO  automationFramework.utils.LoggerUtil - ✅ dont close Browser .
2025-06-19 12:31:20 [main] INFO  org.testng.internal.Utils - [TestNG] Time taken by org.testng.reporters.jq.Main@746e534: 83 ms
2025-06-19 12:31:20 [main] INFO  org.testng.internal.Utils - [TestNG] Time taken by org.testng.reporters.FailedReporter@629600d7: 20 ms
2025-06-19 12:31:20 [main] INFO  org.testng.internal.Utils - [TestNG] Time taken by org.testng.reporters.XMLReporter@f4d391c: 15 ms
2025-06-19 12:31:20 [main] INFO  org.testng.internal.Utils - [TestNG] Time taken by org.testng.reporters.EmailableReporter2@152035eb: 10 ms
2025-06-19 12:31:20 [main] INFO  org.testng.internal.Utils - [TestNG] Time taken by org.testng.reporters.JUnitReportReporter@22172b00: 12 ms
2025-06-19 12:31:20 [main] INFO  org.testng.internal.Utils - [TestNG] Time taken by org.testng.internal.ExitCodeListener@d02c00: 0 ms
