2025-06-17 17:02:12 [main] INFO  org.testng.internal.Utils - [Utils] MethodGroupsHelper.collectMethodsByGroup() took 1 ms.
2025-06-17 17:02:12 [main] INFO  org.testng.internal.Utils - [Utils] MethodGroupsHelper.sortMethods() took 2 ms.
2025-06-17 17:02:12 [main] INFO  org.testng.internal.Utils - [Utils] MethodGroupsHelper.collectMethodsByGroup() took 0 ms.
2025-06-17 17:02:12 [main] INFO  org.testng.internal.Utils - [Utils] MethodGroupsHelper.sortMethods() took 0 ms.
2025-06-17 17:02:12 [main] INFO  org.testng.internal.Utils - [Utils] MethodGroupsHelper.collectMethodsByGroup() took 0 ms.
2025-06-17 17:02:12 [main] INFO  org.testng.internal.Utils - [Utils] MethodGroupsHelper.sortMethods() took 0 ms.
2025-06-17 17:02:12 [main] INFO  org.testng.internal.Utils - [Utils] MethodGroupsHelper.collectMethodsByGroup() took 0 ms.
2025-06-17 17:02:12 [main] INFO  org.testng.internal.Utils - [Utils] MethodGroupsHelper.sortMethods() took 0 ms.
2025-06-17 17:02:12 [main] INFO  org.testng.internal.Utils - [Utils] MethodGroupsHelper.collectMethodsByGroup() took 7 ms.
2025-06-17 17:02:12 [main] INFO  org.testng.internal.Utils - [Utils] MethodGroupsHelper.sortMethods() took 20 ms.
2025-06-17 17:02:12 [main] INFO  org.testng.internal.Utils - [Utils] MethodGroupsHelper.collectMethodsByGroup() took 0 ms.
2025-06-17 17:02:12 [main] INFO  org.testng.internal.Utils - [Utils] MethodGroupsHelper.sortMethods() took 0 ms.
2025-06-17 17:02:12 [main] INFO  org.testng.internal.Utils - [Utils] MethodGroupsHelper.collectMethodsByGroup() took 0 ms.
2025-06-17 17:02:12 [main] INFO  org.testng.internal.Utils - [Utils] MethodGroupsHelper.sortMethods() took 0 ms.
2025-06-17 17:02:12 [main] INFO  org.testng.internal.Utils - [Utils] MethodGroupsHelper.collectMethodsByGroup() took 0 ms.
2025-06-17 17:02:12 [main] INFO  org.testng.internal.Utils - [Utils] MethodGroupsHelper.sortMethods() took 0 ms.
2025-06-17 17:02:12 [main] INFO  org.testng.internal.Utils - [Utils] MethodGroupsHelper.collectMethodsByGroup() took 0 ms.
2025-06-17 17:02:12 [main] INFO  org.testng.internal.Utils - [Utils] MethodGroupsHelper.sortMethods() took 0 ms.
2025-06-17 17:02:12 [main] INFO  org.testng.internal.Utils - [Utils] MethodGroupsHelper.collectMethodsByGroup() took 0 ms.
2025-06-17 17:02:12 [main] INFO  org.testng.internal.Utils - [Utils] MethodGroupsHelper.sortMethods() took 1 ms.
2025-06-17 17:02:12 [main] INFO  org.testng.internal.Utils - [Utils] MethodGroupsHelper.collectMethodsByGroup() took 0 ms.
2025-06-17 17:02:12 [main] INFO  org.testng.internal.Utils - [Utils] MethodGroupsHelper.sortMethods() took 0 ms.
2025-06-17 17:02:12 [main] INFO  org.testng.internal.Utils - [Utils] MethodGroupsHelper.collectMethodsByGroup() took 0 ms.
2025-06-17 17:02:12 [main] INFO  org.testng.internal.Utils - [Utils] MethodGroupsHelper.sortMethods() took 0 ms.
2025-06-17 17:02:12 [main] INFO  org.testng.internal.Utils - [Utils] MethodGroupsHelper.collectMethodsByGroup() took 2 ms.
2025-06-17 17:02:12 [main] INFO  org.testng.internal.Utils - [Utils] MethodGroupsHelper.sortMethods() took 10 ms.
2025-06-17 17:02:12 [main] INFO  org.testng.internal.Utils - [Utils] MethodGroupsHelper.collectMethodsByGroup() took 0 ms.
2025-06-17 17:02:12 [main] INFO  org.testng.internal.Utils - [Utils] MethodGroupsHelper.sortMethods() took 0 ms.
2025-06-17 17:02:12 [main] INFO  org.testng.internal.Utils - [Utils] MethodGroupsHelper.collectMethodsByGroup() took 0 ms.
2025-06-17 17:02:12 [main] INFO  org.testng.internal.Utils - [Utils] MethodGroupsHelper.sortMethods() took 0 ms.
2025-06-17 17:02:12 [main] INFO  org.testng.internal.Utils - [TestNG] Running:
  C:\Users\rajum\AppData\Local\Temp\testng-eclipse--1629874420\testng-customsuite.xml

2025-06-17 17:02:13 [main] INFO  org.testng.internal.Utils - [Utils] DynamicGraphHelper.createDynamicGraph() took 11 ms.
2025-06-17 17:02:13 [main] INFO  automationFramework.utils.LoggerUtil - 🔧 Starting browser and loading properties...
2025-06-17 17:02:15 [main] INFO  i.g.bonigarcia.wdm.WebDriverManager - Using chromedriver 137.0.7151.70 (resolved driver for Chrome 137)
2025-06-17 17:02:15 [main] INFO  i.g.bonigarcia.wdm.WebDriverManager - Exporting webdriver.chrome.driver as C:\Users\rajum\.cache\selenium\chromedriver\win64\137.0.7151.70\chromedriver.exe
2025-06-17 17:02:18 [main] INFO  automationFramework.pages.LoginPage - ✅ Captcha wait time loaded: 10 seconds
2025-06-17 17:02:23 [main] INFO  automationFramework.pages.LoginPage - 🟦 Navigated to URL: https://uatnet.svcbank.com/ReachSVCInet/SVC-web/inet/netbanking
2025-06-17 17:02:23 [main] INFO  automationFramework.pages.LoginPage - ✅ Entered username: TEST001
2025-06-17 17:02:23 [main] INFO  automationFramework.pages.LoginPage - ⏳ Waiting for manual captcha input (10 seconds)
2025-06-17 17:02:33 [main] INFO  automationFramework.pages.LoginPage - ✅ Clicked first Login button
2025-06-17 17:02:35 [main] INFO  automationFramework.pages.LoginPage - ✅ Entered password
2025-06-17 17:02:36 [main] INFO  automationFramework.pages.LoginPage - ✅ Clicked final Login button
2025-06-17 17:02:38 [main] INFO  automationFramework.pages.LoginPage - 🎉 Login successful for user: TEST001
2025-06-17 17:02:38 [main] INFO  automationFramework.utils.LoggerUtil - ✅ Setup complete.
2025-06-17 17:02:38 [main] INFO  a.pages.AccountsPage - Clicking Accounts Tab
2025-06-17 17:02:38 [main] INFO  a.pages.AccountsPage - ⏳ Waiting for spinner to fully disappear...
2025-06-17 17:02:42 [main] INFO  a.pages.AccountsPage - ✅ Spinner disappeared.
2025-06-17 17:02:43 [main] WARN  a.pages.AccountsPage - ⚠️ Click intercepted attempt 1/3: element click intercepted: Element <span class="p-menuitem-text">...</span> is not clickable at point (153, 101). Other element would receive the click: <div _ngcontent-ng-c587276320="" class="ngx-spinner-overlay ng-tns-c587276320-1 ng-trigger ng-trigger-fadeIn ng-star-inserted" style="background-color: rgba(51, 51, 51, 0.8); z-index: 99999; position: fixed; opacity: 1;">...</div>
  (Session info: chrome=137.0.7151.104)
Build info: version: '4.20.0', revision: '866c76ca80'
System info: os.name: 'Windows 11', os.arch: 'amd64', os.version: '10.0', java.version: '17.0.12'
Driver info: org.openqa.selenium.chrome.ChromeDriver
Command: [a02d42462340090f222761c113575298, clickElement {id=f.8038F4710B1E28CD14138AA5E216175F.d.8D678C28A67423ACC3D1B120FDE01BD4.e.91}]
Capabilities {acceptInsecureCerts: false, browserName: chrome, browserVersion: 137.0.7151.104, chrome: {chromedriverVersion: 137.0.7151.70 (dfa4dc56b2ab..., userDataDir: C:\Users\rajum\AppData\Loca...}, fedcm:accounts: true, goog:chromeOptions: {debuggerAddress: localhost:57317}, networkConnectionEnabled: false, pageLoadStrategy: normal, platformName: windows, proxy: Proxy(), se:cdp: ws://localhost:57317/devtoo..., se:cdpVersion: 137.0.7151.104, setWindowRect: true, strictFileInteractability: false, timeouts: {implicit: 0, pageLoad: 300000, script: 30000}, unhandledPromptBehavior: dismiss and notify, webauthn:extension:credBlob: true, webauthn:extension:largeBlob: true, webauthn:extension:minPinLength: true, webauthn:extension:prf: true, webauthn:virtualAuthenticators: true}
Element: [[ChromeDriver: chrome on windows (a02d42462340090f222761c113575298)] -> xpath: //span[@class='p-menuitem-text' and text()='Accounts']]
Session ID: a02d42462340090f222761c113575298
2025-06-17 17:02:43 [main] INFO  a.pages.AccountsPage - ⏳ Waiting for spinner to fully disappear...
2025-06-17 17:02:54 [main] INFO  a.pages.AccountsPage - ✅ Spinner disappeared.
2025-06-17 17:02:54 [main] INFO  a.pages.AccountsPage - ⏳ Waiting for spinner to fully disappear...
2025-06-17 17:02:55 [main] INFO  a.pages.AccountsPage - ✅ Spinner disappeared.
2025-06-17 17:02:55 [main] INFO  a.pages.AccountsPage - ⏳ Waiting for spinner to fully disappear...
2025-06-17 17:03:09 [main] INFO  a.pages.AccountsPage - ✅ Spinner disappeared.
2025-06-17 17:03:30 [main] INFO  a.pages.AccountsPage - ✅ Accounts Tab Clicked
2025-06-17 17:03:30 [main] INFO  a.pages.AccountsPage - ⏳ Waiting for spinner to fully disappear...
2025-06-17 17:03:40 [main] INFO  a.pages.AccountsPage - ✅ Spinner disappeared.
2025-06-17 17:04:00 [main] INFO  a.pages.AccountsPage - Scrolling to 'View Balance Components' button
2025-06-17 17:04:00 [main] INFO  a.pages.AccountsPage - ⏳ Waiting for spinner to fully disappear...
2025-06-17 17:04:11 [main] INFO  a.pages.AccountsPage - ✅ Spinner disappeared.
2025-06-17 17:04:31 [main] INFO  a.pages.AccountsPage - Clicking 'View Balance Components' button
2025-06-17 17:04:31 [main] INFO  a.pages.AccountsPage - ⏳ Waiting for spinner to fully disappear...
2025-06-17 17:04:41 [main] INFO  a.pages.AccountsPage - ✅ Spinner disappeared.
2025-06-17 17:04:41 [main] INFO  a.pages.AccountsPage - ⏳ Waiting for spinner to fully disappear...
2025-06-17 17:04:51 [main] INFO  a.pages.AccountsPage - ✅ Spinner disappeared.
2025-06-17 17:04:52 [main] INFO  a.pages.AccountsPage - ⏳ Waiting for spinner to fully disappear...
2025-06-17 17:05:04 [main] INFO  a.pages.AccountsPage - ✅ Spinner disappeared.
2025-06-17 17:05:04 [main] INFO  a.pages.AccountsPage - ⏳ Waiting for spinner to fully disappear...
2025-06-17 17:05:14 [main] INFO  a.pages.AccountsPage - ✅ Spinner disappeared.
2025-06-17 17:05:34 [main] INFO  a.pages.AccountsPage - Closing balance modal
2025-06-17 17:05:34 [main] INFO  a.pages.AccountsPage - ⏳ Waiting for spinner to fully disappear...
2025-06-17 17:05:44 [main] INFO  a.pages.AccountsPage - ✅ Spinner disappeared.
2025-06-17 17:05:44 [main] INFO  a.pages.AccountsPage - ⏳ Waiting for spinner to fully disappear...
2025-06-17 17:05:55 [main] INFO  a.pages.AccountsPage - ✅ Spinner disappeared.
2025-06-17 17:05:55 [main] INFO  a.pages.AccountsPage - ⏳ Waiting for spinner to fully disappear...
2025-06-17 17:06:05 [main] INFO  a.pages.AccountsPage - ✅ Spinner disappeared.
2025-06-17 17:06:05 [main] INFO  a.pages.AccountsPage - ✅ Modal closed.
2025-06-17 17:06:05 [main] INFO  a.pages.AccountsPage - ⏳ Waiting for spinner to fully disappear...
2025-06-17 17:06:16 [main] INFO  a.pages.AccountsPage - ✅ Spinner disappeared.
2025-06-17 17:06:36 [main] INFO  a.pages.AccountsPage - ▶️ Starting: Download Custom Statement for 6 in XLS format
2025-06-17 17:06:36 [main] INFO  a.pages.AccountsPage - 🔍 Checking if 'Detailed Statement' is visible.
2025-06-17 17:06:36 [main] INFO  a.pages.AccountsPage - ✅ 'Detailed Statement' is visible.
2025-06-17 17:06:36 [main] INFO  a.pages.AccountsPage - ⏳ Waiting for spinner to fully disappear...
2025-06-17 17:06:46 [main] INFO  a.pages.AccountsPage - ✅ Spinner disappeared.
2025-06-17 17:06:46 [main] INFO  a.pages.AccountsPage - ⏳ Waiting for spinner to fully disappear...
2025-06-17 17:07:03 [main] WARN  a.pages.AccountsPage - ⚠️ Spinner wait skipped or failed gracefully.
2025-06-17 17:07:03 [main] ERROR a.pages.AccountsPage - ❌ [503 Error] Service is currently unavailable.
2025-06-17 17:07:03 [main] ERROR a.pages.AccountsPage - ❌ Error Detection Triggered: 503 Service Unavailable
2025-06-17 17:07:03 [main] ERROR a.pages.AccountsPage - ❌ Error during custom statement download (6 months - XLS): 503 Service Unavailable
2025-06-17 17:07:04 [main] INFO  a.pages.AccountsPage - ▶️ Starting: Download Custom Statement for 12 in PDF format
2025-06-17 17:07:04 [main] INFO  a.pages.AccountsPage - 🔍 Checking if 'Detailed Statement' is visible.
2025-06-17 17:07:09 [main] WARN  a.pages.AccountsPage - ⚠️ 'Detailed Statement' not visible. Clicking Accounts Tab first.
2025-06-17 17:07:09 [main] INFO  a.pages.AccountsPage - Clicking Accounts Tab
2025-06-17 17:07:09 [main] INFO  a.pages.AccountsPage - ⏳ Waiting for spinner to fully disappear...
2025-06-17 17:07:19 [main] INFO  a.pages.AccountsPage - ✅ Spinner disappeared.
2025-06-17 17:07:35 [main] WARN  a.pages.AccountsPage - ⚠️ Click failed attempt 1/3: Expected condition failed: waiting for element to be clickable: By.xpath: //span[@class='p-menuitem-text' and text()='Accounts'] (tried for 15 second(s) with 500 milliseconds interval)
Build info: version: '4.20.0', revision: '866c76ca80'
System info: os.name: 'Windows 11', os.arch: 'amd64', os.version: '10.0', java.version: '17.0.12'
Driver info: org.openqa.selenium.chrome.ChromeDriver
Capabilities {acceptInsecureCerts: false, browserName: chrome, browserVersion: 137.0.7151.104, chrome: {chromedriverVersion: 137.0.7151.70 (dfa4dc56b2ab..., userDataDir: C:\Users\rajum\AppData\Loca...}, fedcm:accounts: true, goog:chromeOptions: {debuggerAddress: localhost:57317}, networkConnectionEnabled: false, pageLoadStrategy: normal, platformName: windows, proxy: Proxy(), se:cdp: ws://localhost:57317/devtoo..., se:cdpVersion: 137.0.7151.104, setWindowRect: true, strictFileInteractability: false, timeouts: {implicit: 0, pageLoad: 300000, script: 30000}, unhandledPromptBehavior: dismiss and notify, webauthn:extension:credBlob: true, webauthn:extension:largeBlob: true, webauthn:extension:minPinLength: true, webauthn:extension:prf: true, webauthn:virtualAuthenticators: true}
Session ID: a02d42462340090f222761c113575298
2025-06-17 17:07:36 [main] INFO  a.pages.AccountsPage - ⏳ Waiting for spinner to fully disappear...
