2025-06-13 12:15:58 [main] WARN  org.testng.xml.TestNGContentHandler - Failed to read [/C:/Users/rajum/eclipse-workspace/ToolsQA/SeleniumAutomotionSVCUATIB/testng-1.1.dtd] from CLASSPATH. Attempting to read from [file:///C:/Users/rajum/eclipse-workspace/ToolsQA/SeleniumAutomotionSVCUATIB/testng-1.1.dtd].
2025-06-13 12:15:58 [main] WARN  org.testng.xml.TestNGContentHandler - It is strongly recommended to add "<!DOCTYPE suite SYSTEM "https://testng.org/testng-1.1.dtd" >" at the top of the suite file [C:\Users\rajum\eclipse-workspace\ToolsQA\SeleniumAutomotionSVCUATIB\src\main\resources\testng.xml] otherwise TestNG may fail or not work as expected.
2025-06-13 12:15:59 [main] INFO  org.testng.internal.Utils - [TestNG] Running:
  C:\Users\rajum\eclipse-workspace\ToolsQA\SeleniumAutomotionSVCUATIB\src\main\resources\testng.xml

2025-06-13 12:16:00 [main] INFO  i.g.bonigarcia.wdm.WebDriverManager - Using chromedriver 137.0.7151.70 (resolved driver for Chrome 137)
2025-06-13 12:16:00 [main] INFO  i.g.bonigarcia.wdm.WebDriverManager - Exporting webdriver.chrome.driver as C:\Users\rajum\.cache\selenium\chromedriver\win64\137.0.7151.70\chromedriver.exe
2025-06-13 12:16:03 [main] INFO  automationFramework.pages.LoginPage - ✅ [SUCCESS] Config loaded from 'config.properties': captcha.wait.seconds = 10 seconds.
2025-06-13 12:16:06 [main] INFO  automationFramework.pages.LoginPage - 🟦 [STEP] Navigated to URL: https://uatnet.svcbank.com/ReachSVCInet/SVC-web/inet/netbanking
2025-06-13 12:16:06 [main] INFO  automationFramework.pages.LoginPage - ✅ [SUCCESS] Entered username: TEST001
2025-06-13 12:16:06 [main] INFO  automationFramework.pages.LoginPage - ⏳ [WAIT] Waiting for manual captcha input. You have 10 seconds.
2025-06-13 12:16:16 [main] INFO  automationFramework.pages.LoginPage - ✅ [SUCCESS] Clicked first Login button (after captcha).
2025-06-13 12:16:17 [main] INFO  automationFramework.pages.LoginPage - ✅ [SUCCESS] Entered password.
2025-06-13 12:16:17 [main] INFO  automationFramework.pages.LoginPage - ✅ [SUCCESS] Clicked final Login button.
2025-06-13 12:16:17 [main] INFO  automationFramework.pages.LoginPage - 🎉 [DONE] Login Test Completed successfully for user: TEST001.
2025-06-13 12:16:17 [main] INFO  a.pages.AccountsPage - Clicking Accounts Tab
2025-06-13 12:16:17 [main] INFO  a.pages.AccountsPage - ⏳ Waiting for spinner to fully disappear...
2025-06-13 12:16:43 [main] INFO  a.pages.AccountsPage - ✅ Spinner disappeared.
2025-06-13 12:16:44 [main] INFO  a.pages.AccountsPage - ⏳ Waiting for spinner to fully disappear...
2025-06-13 12:16:45 [main] INFO  a.pages.AccountsPage - ✅ Spinner disappeared.
2025-06-13 12:16:45 [main] INFO  a.pages.AccountsPage - ⏳ Waiting for spinner to fully disappear...
2025-06-13 12:17:07 [main] INFO  a.pages.AccountsPage - ✅ Spinner disappeared.
2025-06-13 12:17:07 [main] INFO  a.pages.AccountsPage - ✅ Accounts Tab Clicked
2025-06-13 12:17:07 [main] INFO  a.pages.AccountsPage - ⏳ Waiting for spinner to fully disappear...
2025-06-13 12:17:27 [main] INFO  a.pages.AccountsPage - ✅ Spinner disappeared.
2025-06-13 12:17:27 [main] INFO  a.pages.AccountsPage - Scrolling to 'View Balance Components' button
2025-06-13 12:17:27 [main] INFO  a.pages.AccountsPage - ⏳ Waiting for spinner to fully disappear...
2025-06-13 12:17:48 [main] INFO  a.pages.AccountsPage - ✅ Spinner disappeared.
2025-06-13 12:17:48 [main] INFO  a.pages.AccountsPage - Clicking 'View Balance Components' button
2025-06-13 12:17:48 [main] INFO  a.pages.AccountsPage - ⏳ Waiting for spinner to fully disappear...
2025-06-13 12:18:08 [main] INFO  a.pages.AccountsPage - ✅ Spinner disappeared.
2025-06-13 12:18:08 [main] INFO  a.pages.AccountsPage - ⏳ Waiting for spinner to fully disappear...
2025-06-13 12:18:28 [main] INFO  a.pages.AccountsPage - ✅ Spinner disappeared.
2025-06-13 12:18:29 [main] INFO  a.pages.AccountsPage - ⏳ Waiting for spinner to fully disappear...
2025-06-13 12:18:51 [main] INFO  a.pages.AccountsPage - ✅ Spinner disappeared.
2025-06-13 12:18:51 [main] INFO  a.pages.AccountsPage - ⏳ Waiting for spinner to fully disappear...
2025-06-13 12:19:11 [main] INFO  a.pages.AccountsPage - ✅ Spinner disappeared.
2025-06-13 12:19:11 [main] INFO  a.pages.AccountsPage - Closing balance modal
2025-06-13 12:19:11 [main] INFO  a.pages.AccountsPage - ⏳ Waiting for spinner to fully disappear...
2025-06-13 12:19:31 [main] INFO  a.pages.AccountsPage - ✅ Spinner disappeared.
2025-06-13 12:19:31 [main] INFO  a.pages.AccountsPage - ⏳ Waiting for spinner to fully disappear...
2025-06-13 12:19:52 [main] INFO  a.pages.AccountsPage - ✅ Spinner disappeared.
2025-06-13 12:19:52 [main] INFO  a.pages.AccountsPage - ⏳ Waiting for spinner to fully disappear...
2025-06-13 12:20:12 [main] INFO  a.pages.AccountsPage - ✅ Spinner disappeared.
2025-06-13 12:20:12 [main] INFO  a.pages.AccountsPage - ✅ Modal closed.
2025-06-13 12:20:12 [main] INFO  a.pages.AccountsPage - ⏳ Waiting for spinner to fully disappear...
2025-06-13 12:20:32 [main] INFO  a.pages.AccountsPage - ✅ Spinner disappeared.
2025-06-13 12:20:32 [main] INFO  a.pages.AccountsPage - ▶️ Starting: Download 1 Month Statement in PDF format
2025-06-13 12:20:32 [main] INFO  a.pages.AccountsPage - Clicking Accounts Tab
2025-06-13 12:20:32 [main] INFO  a.pages.AccountsPage - ⏳ Waiting for spinner to fully disappear...
2025-06-13 12:20:53 [main] INFO  a.pages.AccountsPage - ✅ Spinner disappeared.
2025-06-13 12:20:53 [main] INFO  a.pages.AccountsPage - ⏳ Waiting for spinner to fully disappear...
2025-06-13 12:20:54 [main] INFO  a.pages.AccountsPage - ✅ Spinner disappeared.
2025-06-13 12:20:54 [main] INFO  a.pages.AccountsPage - ⏳ Waiting for spinner to fully disappear...
2025-06-13 12:21:16 [main] INFO  a.pages.AccountsPage - ✅ Spinner disappeared.
2025-06-13 12:21:16 [main] INFO  a.pages.AccountsPage - ✅ Accounts Tab Clicked
2025-06-13 12:21:16 [main] INFO  a.pages.AccountsPage - ⏳ Waiting for spinner to fully disappear...
2025-06-13 12:21:36 [main] INFO  a.pages.AccountsPage - ✅ Spinner disappeared.
2025-06-13 12:21:36 [main] INFO  a.pages.AccountsPage - ⏳ Waiting for spinner to fully disappear...
2025-06-13 12:21:37 [main] INFO  a.pages.AccountsPage - ✅ Spinner disappeared.
2025-06-13 12:21:37 [main] INFO  a.pages.AccountsPage - ⏳ Waiting for spinner to fully disappear...
2025-06-13 12:21:58 [main] INFO  a.pages.AccountsPage - ✅ Spinner disappeared.
2025-06-13 12:21:58 [main] INFO  a.pages.AccountsPage - ✅ Detailed Account Statement Button Clicked
2025-06-13 12:21:58 [main] INFO  a.pages.AccountsPage - ⏳ Waiting for spinner to fully disappear...
2025-06-13 12:22:19 [main] INFO  a.pages.AccountsPage - ✅ Spinner disappeared.
2025-06-13 12:22:19 [main] INFO  a.pages.AccountsPage - ⏳ Waiting for spinner to fully disappear...
2025-06-13 12:22:39 [main] INFO  a.pages.AccountsPage - ✅ Spinner disappeared.
2025-06-13 12:22:39 [main] INFO  a.pages.AccountsPage - ✅ Download Button Clicked
2025-06-13 12:22:39 [main] INFO  a.pages.AccountsPage - ⏳ Waiting for spinner to fully disappear...
2025-06-13 12:22:59 [main] INFO  a.pages.AccountsPage - ✅ Spinner disappeared.
2025-06-13 12:23:00 [main] INFO  a.pages.AccountsPage - ⏳ Waiting for spinner to fully disappear...
2025-06-13 12:23:15 [main] WARN  a.pages.AccountsPage - ⚠️ Spinner wait skipped or failed gracefully.
2025-06-13 12:23:15 [main] INFO  a.pages.AccountsPage - ✅ Download Statement Button Clicked
2025-06-13 12:23:15 [main] INFO  a.pages.AccountsPage - 🎉 Statement download for 1 Month (PDF) triggered successfully.
2025-06-13 12:23:15 [main] INFO  a.pages.AccountsPage - ▶️ Starting: Download 3 Months Statement in PDF format
2025-06-13 12:23:15 [main] INFO  a.pages.AccountsPage - Clicking Accounts Tab
2025-06-13 12:23:15 [main] INFO  a.pages.AccountsPage - ⏳ Waiting for spinner to fully disappear...
2025-06-13 12:23:34 [main] WARN  a.pages.AccountsPage - ⚠️ Spinner wait skipped or failed gracefully.
2025-06-13 12:23:35 [main] WARN  a.pages.AccountsPage - ⚠️ Click intercepted attempt 1/3: element click intercepted: Element <span class="p-menuitem-text">...</span> is not clickable at point (153, 101). Other element would receive the click: <div _ngcontent-ng-c587276320="" class="ngx-spinner-overlay ng-tns-c587276320-1 ng-trigger ng-trigger-fadeIn ng-star-inserted ng-animating" style="background-color: rgba(51, 51, 51, 0.8); z-index: 99999; position: fixed;">...</div>
  (Session info: chrome=137.0.7151.104)
Build info: version: '4.20.0', revision: '866c76ca80'
System info: os.name: 'Windows 11', os.arch: 'amd64', os.version: '10.0', java.version: '17.0.12'
Driver info: org.openqa.selenium.chrome.ChromeDriver
Command: [668572a616bf41db23c1e01bb688de53, clickElement {id=f.A2B2D8AA00EFB86BDE0C4C045DB72F49.d.6F2BCEFCB5759AE22BA793A0E9F97D45.e.90}]
Capabilities {acceptInsecureCerts: false, browserName: chrome, browserVersion: 137.0.7151.104, chrome: {chromedriverVersion: 137.0.7151.70 (dfa4dc56b2ab..., userDataDir: C:\Users\rajum\AppData\Loca...}, fedcm:accounts: true, goog:chromeOptions: {debuggerAddress: localhost:51279}, networkConnectionEnabled: false, pageLoadStrategy: normal, platformName: windows, proxy: Proxy(), se:cdp: ws://localhost:51279/devtoo..., se:cdpVersion: 137.0.7151.104, setWindowRect: true, strictFileInteractability: false, timeouts: {implicit: 0, pageLoad: 300000, script: 30000}, unhandledPromptBehavior: dismiss and notify, webauthn:extension:credBlob: true, webauthn:extension:largeBlob: true, webauthn:extension:minPinLength: true, webauthn:extension:prf: true, webauthn:virtualAuthenticators: true}
Element: [[ChromeDriver: chrome on windows (668572a616bf41db23c1e01bb688de53)] -> xpath: //span[@class='p-menuitem-text' and text()='Accounts']]
Session ID: 668572a616bf41db23c1e01bb688de53
2025-06-13 12:23:36 [main] INFO  a.pages.AccountsPage - ⏳ Waiting for spinner to fully disappear...
2025-06-13 12:23:54 [main] INFO  a.pages.AccountsPage - ✅ Spinner disappeared.
2025-06-13 12:23:54 [main] INFO  a.pages.AccountsPage - ⏳ Waiting for spinner to fully disappear...
2025-06-13 12:23:55 [main] INFO  a.pages.AccountsPage - ✅ Spinner disappeared.
2025-06-13 12:23:55 [main] INFO  a.pages.AccountsPage - ⏳ Waiting for spinner to fully disappear...
2025-06-13 12:24:17 [main] INFO  a.pages.AccountsPage - ✅ Spinner disappeared.
2025-06-13 12:24:17 [main] INFO  a.pages.AccountsPage - ✅ Accounts Tab Clicked
2025-06-13 12:24:17 [main] INFO  a.pages.AccountsPage - ⏳ Waiting for spinner to fully disappear...
2025-06-13 12:24:37 [main] INFO  a.pages.AccountsPage - ✅ Spinner disappeared.
2025-06-13 12:24:37 [main] INFO  a.pages.AccountsPage - ⏳ Waiting for spinner to fully disappear...
2025-06-13 12:24:59 [main] INFO  a.pages.AccountsPage - ✅ Spinner disappeared.
2025-06-13 12:24:59 [main] INFO  a.pages.AccountsPage - ⏳ Waiting for spinner to fully disappear...
2025-06-13 12:25:19 [main] INFO  a.pages.AccountsPage - ✅ Spinner disappeared.
2025-06-13 12:25:19 [main] INFO  a.pages.AccountsPage - ✅ Detailed Account Statement Button Clicked
2025-06-13 12:25:19 [main] INFO  a.pages.AccountsPage - ⏳ Waiting for spinner to fully disappear...
2025-06-13 12:25:39 [main] INFO  a.pages.AccountsPage - ✅ Spinner disappeared.
2025-06-13 12:25:40 [main] INFO  a.pages.AccountsPage - ⏳ Waiting for spinner to fully disappear...
2025-06-13 12:25:40 [main] INFO  a.pages.AccountsPage - ✅ Spinner disappeared.
2025-06-13 12:25:40 [main] INFO  a.pages.AccountsPage - ⏳ Waiting for spinner to fully disappear...
2025-06-13 12:26:01 [main] INFO  a.pages.AccountsPage - ✅ Spinner disappeared.
2025-06-13 12:26:01 [main] INFO  a.pages.AccountsPage - ✅ 3 Months Button Clicked
2025-06-13 12:26:01 [main] INFO  a.pages.AccountsPage - ⏳ Waiting for spinner to fully disappear...
2025-06-13 12:26:22 [main] INFO  a.pages.AccountsPage - ✅ Spinner disappeared.
2025-06-13 12:26:22 [main] INFO  a.pages.AccountsPage - ⏳ Waiting for spinner to fully disappear...
2025-06-13 12:26:42 [main] INFO  a.pages.AccountsPage - ✅ Spinner disappeared.
2025-06-13 12:26:42 [main] INFO  a.pages.AccountsPage - ✅ Download Button Clicked
2025-06-13 12:26:42 [main] INFO  a.pages.AccountsPage - ⏳ Waiting for spinner to fully disappear...
2025-06-13 12:27:03 [main] INFO  a.pages.AccountsPage - ✅ Spinner disappeared.
2025-06-13 12:27:03 [main] INFO  a.pages.AccountsPage - ⏳ Waiting for spinner to fully disappear...
2025-06-13 12:27:18 [main] WARN  a.pages.AccountsPage - ⚠️ Spinner wait skipped or failed gracefully.
2025-06-13 12:27:18 [main] INFO  a.pages.AccountsPage - ✅ Download Statement Button Clicked
2025-06-13 12:27:18 [main] INFO  a.pages.AccountsPage - 🎉 Statement download for 3 Months (PDF) triggered successfully.
2025-06-13 12:27:18 [main] INFO  a.pages.AccountsPage - ▶️ Starting: Download 1 Month Statement in XLS format
2025-06-13 12:27:18 [main] INFO  a.pages.AccountsPage - Clicking Accounts Tab
2025-06-13 12:27:18 [main] INFO  a.pages.AccountsPage - ⏳ Waiting for spinner to fully disappear...
2025-06-13 12:27:39 [main] INFO  a.pages.AccountsPage - ✅ Spinner disappeared.
2025-06-13 12:27:39 [main] INFO  a.pages.AccountsPage - ⏳ Waiting for spinner to fully disappear...
2025-06-13 12:27:40 [main] INFO  a.pages.AccountsPage - ✅ Spinner disappeared.
2025-06-13 12:27:40 [main] INFO  a.pages.AccountsPage - ⏳ Waiting for spinner to fully disappear...
2025-06-13 12:28:01 [main] INFO  a.pages.AccountsPage - ✅ Spinner disappeared.
2025-06-13 12:28:01 [main] INFO  a.pages.AccountsPage - ✅ Accounts Tab Clicked
2025-06-13 12:28:01 [main] INFO  a.pages.AccountsPage - ⏳ Waiting for spinner to fully disappear...
2025-06-13 12:28:22 [main] INFO  a.pages.AccountsPage - ✅ Spinner disappeared.
2025-06-13 12:28:22 [main] INFO  a.pages.AccountsPage - ⏳ Waiting for spinner to fully disappear...
2025-06-13 12:28:23 [main] INFO  a.pages.AccountsPage - ✅ Spinner disappeared.
2025-06-13 12:28:23 [main] INFO  a.pages.AccountsPage - ⏳ Waiting for spinner to fully disappear...
2025-06-13 12:28:44 [main] INFO  a.pages.AccountsPage - ✅ Spinner disappeared.
2025-06-13 12:28:44 [main] INFO  a.pages.AccountsPage - ✅ Detailed Account Statement Button Clicked
2025-06-13 12:28:44 [main] INFO  a.pages.AccountsPage - ⏳ Waiting for spinner to fully disappear...
2025-06-13 12:29:04 [main] INFO  a.pages.AccountsPage - ✅ Spinner disappeared.
2025-06-13 12:29:04 [main] INFO  a.pages.AccountsPage - ⏳ Waiting for spinner to fully disappear...
2025-06-13 12:29:24 [main] INFO  a.pages.AccountsPage - ✅ Spinner disappeared.
2025-06-13 12:29:24 [main] INFO  a.pages.AccountsPage - ✅ Download Button Clicked
2025-06-13 12:29:24 [main] INFO  a.pages.AccountsPage - ⏳ Waiting for spinner to fully disappear...
2025-06-13 12:29:45 [main] INFO  a.pages.AccountsPage - ✅ Spinner disappeared.
2025-06-13 12:29:45 [main] INFO  a.pages.AccountsPage - ⏳ Waiting for spinner to fully disappear...
2025-06-13 12:30:05 [main] INFO  a.pages.AccountsPage - ✅ Spinner disappeared.
2025-06-13 12:30:05 [main] INFO  a.pages.AccountsPage - ✅ XLS Format Selected
2025-06-13 12:30:05 [main] INFO  a.pages.AccountsPage - ⏳ Waiting for spinner to fully disappear...
2025-06-13 12:30:26 [main] INFO  a.pages.AccountsPage - ✅ Spinner disappeared.
2025-06-13 12:30:26 [main] INFO  a.pages.AccountsPage - ⏳ Waiting for spinner to fully disappear...
2025-06-13 12:30:41 [main] WARN  a.pages.AccountsPage - ⚠️ Spinner wait skipped or failed gracefully.
2025-06-13 12:30:41 [main] INFO  a.pages.AccountsPage - ✅ Download Statement Button Clicked
2025-06-13 12:30:41 [main] INFO  a.pages.AccountsPage - ⏳ Waiting for spinner to fully disappear...
2025-06-13 12:31:03 [main] INFO  a.pages.AccountsPage - ✅ Spinner disappeared.
2025-06-13 12:31:03 [main] INFO  a.pages.AccountsPage - 🎉 Statement download for 1 Month (XLS) triggered successfully.
2025-06-13 12:31:03 [main] INFO  a.pages.AccountsPage - ▶️ Starting: Download 3 Months Statement in XLS format
2025-06-13 12:31:03 [main] INFO  a.pages.AccountsPage - Clicking Accounts Tab
2025-06-13 12:31:03 [main] INFO  a.pages.AccountsPage - ⏳ Waiting for spinner to fully disappear...
2025-06-13 12:31:23 [main] INFO  a.pages.AccountsPage - ✅ Spinner disappeared.
2025-06-13 12:31:23 [main] INFO  a.pages.AccountsPage - ⏳ Waiting for spinner to fully disappear...
2025-06-13 12:31:24 [main] INFO  a.pages.AccountsPage - ✅ Spinner disappeared.
2025-06-13 12:31:24 [main] INFO  a.pages.AccountsPage - ⏳ Waiting for spinner to fully disappear...
2025-06-13 12:31:46 [main] INFO  a.pages.AccountsPage - ✅ Spinner disappeared.
2025-06-13 12:31:46 [main] INFO  a.pages.AccountsPage - ✅ Accounts Tab Clicked
2025-06-13 12:31:46 [main] INFO  a.pages.AccountsPage - ⏳ Waiting for spinner to fully disappear...
2025-06-13 12:32:06 [main] INFO  a.pages.AccountsPage - ✅ Spinner disappeared.
2025-06-13 12:32:06 [main] INFO  a.pages.AccountsPage - ⏳ Waiting for spinner to fully disappear...
2025-06-13 12:32:07 [main] INFO  a.pages.AccountsPage - ✅ Spinner disappeared.
2025-06-13 12:32:07 [main] INFO  a.pages.AccountsPage - ⏳ Waiting for spinner to fully disappear...
2025-06-13 12:32:28 [main] INFO  a.pages.AccountsPage - ✅ Spinner disappeared.
2025-06-13 12:32:28 [main] INFO  a.pages.AccountsPage - ✅ Detailed Account Statement Button Clicked
2025-06-13 12:32:28 [main] INFO  a.pages.AccountsPage - ⏳ Waiting for spinner to fully disappear...
2025-06-13 12:32:48 [main] INFO  a.pages.AccountsPage - ✅ Spinner disappeared.
2025-06-13 12:32:48 [main] INFO  a.pages.AccountsPage - ⏳ Waiting for spinner to fully disappear...
2025-06-13 12:32:49 [main] INFO  a.pages.AccountsPage - ✅ Spinner disappeared.
2025-06-13 12:32:49 [main] INFO  a.pages.AccountsPage - ⏳ Waiting for spinner to fully disappear...
2025-06-13 12:33:11 [main] INFO  a.pages.AccountsPage - ✅ Spinner disappeared.
2025-06-13 12:33:11 [main] INFO  a.pages.AccountsPage - ✅ 3 Months Button Clicked
2025-06-13 12:33:11 [main] INFO  a.pages.AccountsPage - ⏳ Waiting for spinner to fully disappear...
2025-06-13 12:33:31 [main] INFO  a.pages.AccountsPage - ✅ Spinner disappeared.
2025-06-13 12:33:31 [main] INFO  a.pages.AccountsPage - ⏳ Waiting for spinner to fully disappear...
2025-06-13 12:33:51 [main] INFO  a.pages.AccountsPage - ✅ Spinner disappeared.
2025-06-13 12:33:51 [main] INFO  a.pages.AccountsPage - ✅ Download Button Clicked
2025-06-13 12:33:51 [main] INFO  a.pages.AccountsPage - ⏳ Waiting for spinner to fully disappear...
2025-06-13 12:34:12 [main] INFO  a.pages.AccountsPage - ✅ Spinner disappeared.
2025-06-13 12:34:12 [main] INFO  a.pages.AccountsPage - ⏳ Waiting for spinner to fully disappear...
2025-06-13 12:34:32 [main] INFO  a.pages.AccountsPage - ✅ Spinner disappeared.
2025-06-13 12:34:32 [main] INFO  a.pages.AccountsPage - ✅ XLS Format Selected
2025-06-13 12:34:32 [main] INFO  a.pages.AccountsPage - ⏳ Waiting for spinner to fully disappear...
2025-06-13 12:34:53 [main] INFO  a.pages.AccountsPage - ✅ Spinner disappeared.
2025-06-13 12:34:53 [main] INFO  a.pages.AccountsPage - ⏳ Waiting for spinner to fully disappear...
2025-06-13 12:34:54 [main] INFO  a.pages.AccountsPage - ✅ Spinner disappeared.
2025-06-13 12:34:54 [main] INFO  a.pages.AccountsPage - ✅ Download Statement Button Clicked
2025-06-13 12:34:54 [main] INFO  a.pages.AccountsPage - ⏳ Waiting for spinner to fully disappear...
2025-06-13 12:35:29 [main] INFO  a.pages.AccountsPage - ✅ Spinner disappeared.
2025-06-13 12:35:29 [main] INFO  a.pages.AccountsPage - 🎉 Statement download for 3 Months (XLS) triggered successfully.
