2025-06-18 19:00:24 [main] INFO  org.testng.internal.Utils - [Utils] MethodGroupsHelper.collectMethodsByGroup() took 1 ms.
2025-06-18 19:00:24 [main] INFO  org.testng.internal.Utils - [Utils] MethodGroupsHelper.sortMethods() took 2 ms.
2025-06-18 19:00:24 [main] INFO  org.testng.internal.Utils - [Utils] MethodGroupsHelper.collectMethodsByGroup() took 0 ms.
2025-06-18 19:00:24 [main] INFO  org.testng.internal.Utils - [Utils] MethodGroupsHelper.sortMethods() took 0 ms.
2025-06-18 19:00:24 [main] INFO  org.testng.internal.Utils - [Utils] MethodGroupsHelper.collectMethodsByGroup() took 0 ms.
2025-06-18 19:00:24 [main] INFO  org.testng.internal.Utils - [Utils] MethodGroupsHelper.sortMethods() took 0 ms.
2025-06-18 19:00:24 [main] INFO  org.testng.internal.Utils - [Utils] MethodGroupsHelper.collectMethodsByGroup() took 0 ms.
2025-06-18 19:00:24 [main] INFO  org.testng.internal.Utils - [Utils] MethodGroupsHelper.sortMethods() took 0 ms.
2025-06-18 19:00:25 [main] INFO  org.testng.internal.Utils - [Utils] MethodGroupsHelper.collectMethodsByGroup() took 8 ms.
2025-06-18 19:00:25 [main] INFO  org.testng.internal.Utils - [Utils] MethodGroupsHelper.sortMethods() took 18 ms.
2025-06-18 19:00:25 [main] INFO  org.testng.internal.Utils - [Utils] MethodGroupsHelper.collectMethodsByGroup() took 0 ms.
2025-06-18 19:00:25 [main] INFO  org.testng.internal.Utils - [Utils] MethodGroupsHelper.sortMethods() took 0 ms.
2025-06-18 19:00:25 [main] INFO  org.testng.internal.Utils - [Utils] MethodGroupsHelper.collectMethodsByGroup() took 0 ms.
2025-06-18 19:00:25 [main] INFO  org.testng.internal.Utils - [Utils] MethodGroupsHelper.sortMethods() took 0 ms.
2025-06-18 19:00:25 [main] INFO  org.testng.internal.Utils - [Utils] MethodGroupsHelper.collectMethodsByGroup() took 0 ms.
2025-06-18 19:00:25 [main] INFO  org.testng.internal.Utils - [Utils] MethodGroupsHelper.sortMethods() took 0 ms.
2025-06-18 19:00:25 [main] INFO  org.testng.internal.Utils - [Utils] MethodGroupsHelper.collectMethodsByGroup() took 0 ms.
2025-06-18 19:00:25 [main] INFO  org.testng.internal.Utils - [Utils] MethodGroupsHelper.sortMethods() took 0 ms.
2025-06-18 19:00:25 [main] INFO  org.testng.internal.Utils - [Utils] MethodGroupsHelper.collectMethodsByGroup() took 0 ms.
2025-06-18 19:00:25 [main] INFO  org.testng.internal.Utils - [Utils] MethodGroupsHelper.sortMethods() took 1 ms.
2025-06-18 19:00:25 [main] INFO  org.testng.internal.Utils - [Utils] MethodGroupsHelper.collectMethodsByGroup() took 0 ms.
2025-06-18 19:00:25 [main] INFO  org.testng.internal.Utils - [Utils] MethodGroupsHelper.sortMethods() took 0 ms.
2025-06-18 19:00:25 [main] INFO  org.testng.internal.Utils - [Utils] MethodGroupsHelper.collectMethodsByGroup() took 0 ms.
2025-06-18 19:00:25 [main] INFO  org.testng.internal.Utils - [Utils] MethodGroupsHelper.sortMethods() took 0 ms.
2025-06-18 19:00:25 [main] INFO  org.testng.internal.Utils - [Utils] MethodGroupsHelper.collectMethodsByGroup() took 1 ms.
2025-06-18 19:00:25 [main] INFO  org.testng.internal.Utils - [Utils] MethodGroupsHelper.sortMethods() took 9 ms.
2025-06-18 19:00:25 [main] INFO  org.testng.internal.Utils - [Utils] MethodGroupsHelper.collectMethodsByGroup() took 0 ms.
2025-06-18 19:00:25 [main] INFO  org.testng.internal.Utils - [Utils] MethodGroupsHelper.sortMethods() took 0 ms.
2025-06-18 19:00:25 [main] INFO  org.testng.internal.Utils - [Utils] MethodGroupsHelper.collectMethodsByGroup() took 0 ms.
2025-06-18 19:00:25 [main] INFO  org.testng.internal.Utils - [Utils] MethodGroupsHelper.sortMethods() took 0 ms.
2025-06-18 19:00:25 [main] INFO  org.testng.internal.Utils - [TestNG] Running:
  C:\Users\rajum\AppData\Local\Temp\testng-eclipse-631771579\testng-customsuite.xml

2025-06-18 19:00:25 [main] INFO  org.testng.internal.Utils - [Utils] DynamicGraphHelper.createDynamicGraph() took 8 ms.
2025-06-18 19:00:25 [main] INFO  automationFramework.utils.LoggerUtil - 🔧 Launching browser and loading properties...
2025-06-18 19:00:26 [main] INFO  i.g.bonigarcia.wdm.WebDriverManager - Using chromedriver 137.0.7151.119 (resolved driver for Chrome 137)
2025-06-18 19:00:26 [main] INFO  i.g.bonigarcia.wdm.WebDriverManager - Exporting webdriver.chrome.driver as C:\Users\rajum\.cache\selenium\chromedriver\win64\137.0.7151.119\chromedriver.exe
2025-06-18 19:00:28 [main] INFO  automationFramework.pages.LoginPage - ✅ Captcha wait time loaded: 10 seconds
2025-06-18 19:00:31 [main] INFO  automationFramework.pages.LoginPage - 🟦 Navigated to URL: https://uatnet.svcbank.com/ReachSVCInet/SVC-web/inet/netbanking
2025-06-18 19:00:31 [main] INFO  automationFramework.pages.LoginPage - ✅ Entered username: TEST001
2025-06-18 19:00:31 [main] INFO  automationFramework.pages.LoginPage - ⏳ Waiting for manual captcha input (10 seconds)
2025-06-18 19:00:41 [main] INFO  automationFramework.pages.LoginPage - ✅ Clicked first Login button
2025-06-18 19:00:42 [main] INFO  automationFramework.pages.LoginPage - ✅ Entered password
2025-06-18 19:00:42 [main] INFO  automationFramework.pages.LoginPage - ✅ Clicked final Login button
2025-06-18 19:00:43 [main] INFO  automationFramework.pages.LoginPage - 🎉 Login successful for user: TEST001
2025-06-18 19:00:43 [main] INFO  automationFramework.utils.LoggerUtil - ✅ Login successful
2025-06-18 19:00:43 [main] INFO  automationFramework.utils.LoggerUtil - ✅ Setup complete.
2025-06-18 19:00:43 [main] INFO  a.pages.ServicesPage - 🔄 Navigating to Services > Manage SMS...
2025-06-18 19:00:43 [main] INFO  a.pages.ServicesPage - ⏳ Waiting for spinner to fully disappear...
2025-06-18 19:00:57 [main] INFO  a.pages.ServicesPage - ✅ Spinner disappeared.
2025-06-18 19:00:57 [main] INFO  a.pages.ServicesPage - ⏳ Waiting for spinner to fully disappear...
2025-06-18 19:01:08 [main] INFO  a.pages.ServicesPage - ✅ Spinner disappeared.
2025-06-18 19:01:08 [main] INFO  a.pages.ServicesPage - ⏳ Waiting for spinner to fully disappear...
2025-06-18 19:01:19 [main] INFO  a.pages.ServicesPage - ✅ Spinner disappeared.
2025-06-18 19:01:19 [main] INFO  a.pages.ServicesPage - ⏳ Waiting for spinner to fully disappear...
2025-06-18 19:01:30 [main] INFO  a.pages.ServicesPage - ✅ Spinner disappeared.
2025-06-18 19:01:30 [main] INFO  a.pages.ServicesPage - ✅ Reached Manage SMS section.
2025-06-18 19:01:30 [main] INFO  a.pages.ServicesPage - 🔄 Generating random credit and debit amounts...
2025-06-18 19:01:30 [main] INFO  a.pages.ServicesPage - ✏️ Entering SMS thresholds - Credit: 4712, Debit: 6016
2025-06-18 19:01:31 [main] INFO  a.pages.ServicesPage - ✅ Amounts entered successfully with Credit: 4712, Debit: 6016
2025-06-18 19:01:31 [main] INFO  a.pages.ServicesPage - 💾 Clicking Save button...
2025-06-18 19:01:31 [main] INFO  a.pages.ServicesPage - ⏳ Waiting for spinner to fully disappear...
2025-06-18 19:01:41 [main] INFO  a.pages.ServicesPage - ✅ Spinner disappeared.
2025-06-18 19:01:41 [main] INFO  a.pages.ServicesPage - ⏳ Waiting for spinner to fully disappear...
2025-06-18 19:01:42 [main] INFO  a.pages.ServicesPage - ✅ Spinner disappeared.
2025-06-18 19:01:42 [main] INFO  a.pages.ServicesPage - 🔐 Entering OTP: 123456
2025-06-18 19:01:42 [main] INFO  a.pages.ServicesPage - ⏳ Waiting for spinner to fully disappear...
2025-06-18 19:01:53 [main] INFO  a.pages.ServicesPage - ✅ Spinner disappeared.
2025-06-18 19:01:53 [main] INFO  a.pages.ServicesPage - ⏳ Waiting for spinner to fully disappear...
2025-06-18 19:02:03 [main] INFO  a.pages.ServicesPage - ✅ Spinner disappeared.
2025-06-18 19:02:03 [main] INFO  a.pages.ServicesPage - ✅ OTP entered.
2025-06-18 19:02:03 [main] INFO  a.pages.ServicesPage - ➡️ Clicking Proceed...
2025-06-18 19:02:03 [main] INFO  a.pages.ServicesPage - ⏳ Waiting for spinner to fully disappear...
2025-06-18 19:02:13 [main] INFO  a.pages.ServicesPage - ✅ Spinner disappeared.
2025-06-18 19:02:14 [main] INFO  a.pages.ServicesPage - ⏳ Waiting for spinner to fully disappear...
2025-06-18 19:02:14 [main] INFO  a.pages.ServicesPage - ✅ Spinner disappeared.
2025-06-18 19:02:14 [main] INFO  a.pages.ServicesPage - ✅ Success popup visibility: true
2025-06-18 19:02:14 [main] INFO  a.pages.ServicesPage - 🆗 Clicking Okay on success popup...
2025-06-18 19:02:14 [main] INFO  a.pages.ServicesPage - ⏳ Waiting for spinner to fully disappear...
2025-06-18 19:02:20 [main] INFO  a.pages.ServicesPage - ✅ Spinner disappeared.
2025-06-18 19:02:20 [main] INFO  a.pages.ServicesPage - ⏳ Waiting for spinner to fully disappear...
2025-06-18 19:02:30 [main] INFO  a.pages.ServicesPage - ✅ Spinner disappeared.
2025-06-18 19:02:30 [main] INFO  automationFramework.utils.LoggerUtil - ✅ Threshold saved and verified successfully.
2025-06-18 19:02:30 [main] INFO  a.pages.ServicesPage - 🔄 Navigating to Services > Manage SMS...
2025-06-18 19:02:30 [main] INFO  a.pages.ServicesPage - ⏳ Waiting for spinner to fully disappear...
2025-06-18 19:02:41 [main] INFO  a.pages.ServicesPage - ✅ Spinner disappeared.
2025-06-18 19:02:41 [main] INFO  a.pages.ServicesPage - ⏳ Waiting for spinner to fully disappear...
2025-06-18 19:02:47 [main] INFO  a.pages.ServicesPage - ✅ Spinner disappeared.
2025-06-18 19:02:47 [main] INFO  a.pages.ServicesPage - ⏳ Waiting for spinner to fully disappear...
2025-06-18 19:02:57 [main] INFO  a.pages.ServicesPage - ✅ Spinner disappeared.
2025-06-18 19:02:57 [main] INFO  a.pages.ServicesPage - ⏳ Waiting for spinner to fully disappear...
2025-06-18 19:03:10 [main] INFO  a.pages.ServicesPage - ✅ Spinner disappeared.
2025-06-18 19:03:10 [main] INFO  a.pages.ServicesPage - ✅ Reached Manage SMS section.
2025-06-18 19:03:10 [main] INFO  a.pages.ServicesPage - 🔄 Setting invalid threshold values: empty=true, negative=false
2025-06-18 19:03:10 [main] INFO  a.pages.ServicesPage - ✏️ Invalid thresholds set - Credit: , Debit: 
2025-06-18 19:03:10 [main] INFO  a.pages.ServicesPage - 💾 Clicking Save button...
2025-06-18 19:03:10 [main] INFO  a.pages.ServicesPage - ⏳ Waiting for spinner to fully disappear...
2025-06-18 19:03:20 [main] INFO  a.pages.ServicesPage - ✅ Spinner disappeared.
2025-06-18 19:03:20 [main] INFO  a.pages.ServicesPage - ⏳ Waiting for spinner to fully disappear...
2025-06-18 19:03:31 [main] INFO  a.pages.ServicesPage - ✅ Spinner disappeared.
2025-06-18 19:03:31 [main] INFO  a.pages.ServicesPage - ✅ Validation messages found for both empty thresholds.
2025-06-18 19:03:31 [main] INFO  a.pages.ServicesPage - ⏳ Waiting for spinner to fully disappear...
2025-06-18 19:03:41 [main] INFO  a.pages.ServicesPage - ✅ Spinner disappeared.
2025-06-18 19:03:41 [main] INFO  a.pages.ServicesPage - ⏳ Waiting for spinner to fully disappear...
2025-06-18 19:03:52 [main] INFO  a.pages.ServicesPage - ✅ Spinner disappeared.
2025-06-18 19:03:52 [main] INFO  a.pages.ServicesPage - ❎ Closed the validation popup.
2025-06-18 19:03:52 [main] INFO  a.pages.ServicesPage - 🔄 Navigating to Services > Manage SMS...
2025-06-18 19:03:52 [main] INFO  a.pages.ServicesPage - ⏳ Waiting for spinner to fully disappear...
2025-06-18 19:04:02 [main] INFO  a.pages.ServicesPage - ✅ Spinner disappeared.
2025-06-18 19:04:02 [main] INFO  a.pages.ServicesPage - ⏳ Waiting for spinner to fully disappear...
2025-06-18 19:04:08 [main] INFO  a.pages.ServicesPage - ✅ Spinner disappeared.
2025-06-18 19:04:08 [main] INFO  a.pages.ServicesPage - ⏳ Waiting for spinner to fully disappear...
2025-06-18 19:04:19 [main] INFO  a.pages.ServicesPage - ✅ Spinner disappeared.
2025-06-18 19:04:19 [main] INFO  a.pages.ServicesPage - ⏳ Waiting for spinner to fully disappear...
2025-06-18 19:04:30 [main] INFO  a.pages.ServicesPage - ✅ Spinner disappeared.
2025-06-18 19:04:30 [main] INFO  a.pages.ServicesPage - ✅ Reached Manage SMS section.
2025-06-18 19:04:30 [main] INFO  a.pages.ServicesPage - ✅ Negative input converted to positive as expected.
2025-06-18 19:04:30 [main] INFO  automationFramework.utils.LoggerUtil - 🧹 Finalizing report...
2025-06-18 19:04:31 [main] INFO  automationFramework.utils.LoggerUtil - 📧 Sending report via email...
2025-06-18 19:04:36 [main] INFO  automationFramework.utils.LoggerUtil - ✅ dont close Browser .
2025-06-18 19:04:36 [main] INFO  org.testng.internal.Utils - [TestNG] Time taken by org.testng.reporters.jq.Main@34045582: 88 ms
2025-06-18 19:04:36 [main] INFO  org.testng.internal.Utils - [TestNG] Time taken by org.testng.reporters.FailedReporter@8c43966: 2 ms
2025-06-18 19:04:36 [main] INFO  org.testng.internal.Utils - [TestNG] Time taken by org.testng.reporters.XMLReporter@5b1e88f: 17 ms
2025-06-18 19:04:36 [main] INFO  org.testng.internal.Utils - [TestNG] Time taken by org.testng.reporters.EmailableReporter2@de579ff: 9 ms
2025-06-18 19:04:36 [main] INFO  org.testng.internal.Utils - [TestNG] Time taken by org.testng.reporters.JUnitReportReporter@4d518c66: 8 ms
2025-06-18 19:04:36 [main] INFO  org.testng.internal.Utils - [TestNG] Time taken by org.testng.internal.ExitCodeListener@411fa0ce: 0 ms
