2025-06-19 19:07:10 [main] INFO  org.testng.internal.Utils - [Utils] MethodGroupsHelper.collectMethodsByGroup() took 1 ms.
2025-06-19 19:07:10 [main] INFO  org.testng.internal.Utils - [Utils] MethodGroupsHelper.sortMethods() took 2 ms.
2025-06-19 19:07:10 [main] INFO  org.testng.internal.Utils - [Utils] MethodGroupsHelper.collectMethodsByGroup() took 0 ms.
2025-06-19 19:07:10 [main] INFO  org.testng.internal.Utils - [Utils] MethodGroupsHelper.sortMethods() took 0 ms.
2025-06-19 19:07:10 [main] INFO  org.testng.internal.Utils - [Utils] MethodGroupsHelper.collectMethodsByGroup() took 0 ms.
2025-06-19 19:07:10 [main] INFO  org.testng.internal.Utils - [Utils] MethodGroupsHelper.sortMethods() took 0 ms.
2025-06-19 19:07:10 [main] INFO  org.testng.internal.Utils - [Utils] MethodGroupsHelper.collectMethodsByGroup() took 0 ms.
2025-06-19 19:07:10 [main] INFO  org.testng.internal.Utils - [Utils] MethodGroupsHelper.sortMethods() took 0 ms.
2025-06-19 19:07:10 [main] INFO  org.testng.internal.Utils - [Utils] MethodGroupsHelper.collectMethodsByGroup() took 5 ms.
2025-06-19 19:07:11 [main] INFO  org.testng.internal.Utils - [Utils] MethodGroupsHelper.sortMethods() took 23 ms.
2025-06-19 19:07:11 [main] INFO  org.testng.internal.Utils - [Utils] MethodGroupsHelper.collectMethodsByGroup() took 0 ms.
2025-06-19 19:07:11 [main] INFO  org.testng.internal.Utils - [Utils] MethodGroupsHelper.sortMethods() took 1 ms.
2025-06-19 19:07:11 [main] INFO  org.testng.internal.Utils - [Utils] MethodGroupsHelper.collectMethodsByGroup() took 0 ms.
2025-06-19 19:07:11 [main] INFO  org.testng.internal.Utils - [Utils] MethodGroupsHelper.sortMethods() took 0 ms.
2025-06-19 19:07:11 [main] INFO  org.testng.internal.Utils - [Utils] MethodGroupsHelper.collectMethodsByGroup() took 0 ms.
2025-06-19 19:07:11 [main] INFO  org.testng.internal.Utils - [Utils] MethodGroupsHelper.sortMethods() took 0 ms.
2025-06-19 19:07:11 [main] INFO  org.testng.internal.Utils - [Utils] MethodGroupsHelper.collectMethodsByGroup() took 0 ms.
2025-06-19 19:07:11 [main] INFO  org.testng.internal.Utils - [Utils] MethodGroupsHelper.sortMethods() took 0 ms.
2025-06-19 19:07:11 [main] INFO  org.testng.internal.Utils - [Utils] MethodGroupsHelper.collectMethodsByGroup() took 0 ms.
2025-06-19 19:07:11 [main] INFO  org.testng.internal.Utils - [Utils] MethodGroupsHelper.sortMethods() took 0 ms.
2025-06-19 19:07:11 [main] INFO  org.testng.internal.Utils - [Utils] MethodGroupsHelper.collectMethodsByGroup() took 0 ms.
2025-06-19 19:07:11 [main] INFO  org.testng.internal.Utils - [Utils] MethodGroupsHelper.sortMethods() took 0 ms.
2025-06-19 19:07:11 [main] INFO  org.testng.internal.Utils - [Utils] MethodGroupsHelper.collectMethodsByGroup() took 0 ms.
2025-06-19 19:07:11 [main] INFO  org.testng.internal.Utils - [Utils] MethodGroupsHelper.sortMethods() took 0 ms.
2025-06-19 19:07:11 [main] INFO  org.testng.internal.Utils - [Utils] MethodGroupsHelper.collectMethodsByGroup() took 1 ms.
2025-06-19 19:07:11 [main] INFO  org.testng.internal.Utils - [Utils] MethodGroupsHelper.sortMethods() took 16 ms.
2025-06-19 19:07:11 [main] INFO  org.testng.internal.Utils - [Utils] MethodGroupsHelper.collectMethodsByGroup() took 0 ms.
2025-06-19 19:07:11 [main] INFO  org.testng.internal.Utils - [Utils] MethodGroupsHelper.sortMethods() took 0 ms.
2025-06-19 19:07:11 [main] INFO  org.testng.internal.Utils - [Utils] MethodGroupsHelper.collectMethodsByGroup() took 0 ms.
2025-06-19 19:07:11 [main] INFO  org.testng.internal.Utils - [Utils] MethodGroupsHelper.sortMethods() took 0 ms.
2025-06-19 19:07:11 [main] INFO  org.testng.internal.Utils - [TestNG] Running:
  C:\Users\rajum\AppData\Local\Temp\testng-eclipse-1822307212\testng-customsuite.xml

2025-06-19 19:07:11 [main] INFO  org.testng.internal.Utils - [Utils] DynamicGraphHelper.createDynamicGraph() took 9 ms.
2025-06-19 19:07:11 [main] INFO  automationFramework.utils.LoggerUtil - Initializing browser and report...
2025-06-19 19:07:12 [main] INFO  i.g.bonigarcia.wdm.WebDriverManager - Using chromedriver 137.0.7151.119 (resolved driver for Chrome 137)
2025-06-19 19:07:12 [main] INFO  i.g.bonigarcia.wdm.WebDriverManager - Exporting webdriver.chrome.driver as C:\Users\rajum\.cache\selenium\chromedriver\win64\137.0.7151.119\chromedriver.exe
2025-06-19 19:07:15 [main] INFO  automationFramework.utils.LoggerUtil - Setup complete.
2025-06-19 19:07:15 [main] INFO  automationFramework.pages.LoginPage - ✅ Captcha wait time loaded: 10 seconds
2025-06-19 19:07:21 [main] INFO  automationFramework.pages.LoginPage - 🟦 Navigated to URL: https://uatnet.svcbank.com/ReachSVCInet/SVC-web/inet/netbanking
2025-06-19 19:07:21 [main] INFO  automationFramework.pages.LoginPage - ✅ Entered username: TEST001
2025-06-19 19:07:21 [main] INFO  automationFramework.pages.LoginPage - ⏳ Waiting for manual captcha input (10 seconds)
2025-06-19 19:07:31 [main] INFO  automationFramework.pages.LoginPage - ✅ Clicked first Login button
2025-06-19 19:07:33 [main] INFO  automationFramework.pages.LoginPage - ✅ Entered password
2025-06-19 19:07:33 [main] INFO  automationFramework.pages.LoginPage - ✅ Clicked final Login button
2025-06-19 19:07:42 [main] INFO  automationFramework.pages.LoginPage - 🎉 Login successful for user: TEST001
2025-06-19 19:07:42 [main] INFO  a.pages.PaymentHistoryPage - 🟦 [STEP] Clicking on the Payment tab.
2025-06-19 19:07:42 [main] INFO  a.pages.PaymentHistoryPage - ⏳ Waiting for spinner to fully disappear...
2025-06-19 19:07:48 [main] INFO  a.pages.PaymentHistoryPage - ✅ Spinner disappeared.
2025-06-19 19:07:48 [main] INFO  a.pages.PaymentHistoryPage - ✅ [SUCCESS] Payment tab clicked.
2025-06-19 19:07:48 [main] INFO  a.pages.PaymentHistoryPage - ⏳ Waiting for spinner to fully disappear...
2025-06-19 19:07:49 [main] INFO  a.pages.PaymentHistoryPage - ✅ Spinner disappeared.
2025-06-19 19:07:49 [main] INFO  a.pages.PaymentHistoryPage - 🧪=== Starting Positive Test Cases for NEFT transaction for Payment to Payee ===
2025-06-19 19:07:49 [main] INFO  a.pages.PaymentHistoryPage - 🚀 [START] Initiating payment to payee: DXFCHGV
2025-06-19 19:07:49 [main] INFO  a.pages.PaymentHistoryPage - ⏳ Waiting for spinner to fully disappear...
2025-06-19 19:07:50 [main] INFO  a.pages.PaymentHistoryPage - ✅ Spinner disappeared.
2025-06-19 19:07:50 [main] INFO  a.pages.PaymentHistoryPage - ✅ [SUCCESS] Payee selected: DXFCHGV
2025-06-19 19:07:50 [main] INFO  a.pages.PaymentHistoryPage - ✅ [SUCCESS] Entered amount: ₹1
2025-06-19 19:07:50 [main] INFO  a.pages.PaymentHistoryPage - ✅ Amount '1' entered successfully.
2025-06-19 19:07:50 [main] INFO  a.pages.PaymentHistoryPage - ⏳ Waiting for spinner to fully disappear...
2025-06-19 19:07:52 [main] INFO  a.pages.PaymentHistoryPage - ✅ Spinner disappeared.
2025-06-19 19:07:52 [main] INFO  a.pages.PaymentHistoryPage - ✅ Spinner disappeared after entering amount.
2025-06-19 19:07:52 [main] INFO  a.pages.PaymentHistoryPage - 🟦 [STEP] Selecting NEFT option
2025-06-19 19:07:52 [main] INFO  a.pages.PaymentHistoryPage - Attempting to click NEFT option (Attempt 1)
2025-06-19 19:07:53 [main] INFO  a.pages.PaymentHistoryPage - 🔄 NEFT clicked via Actions.
2025-06-19 19:07:53 [main] INFO  a.pages.PaymentHistoryPage - ✅ NEFT option selected successfully.
2025-06-19 19:07:53 [main] INFO  a.pages.PaymentHistoryPage - ✅ NEFT option selected.
2025-06-19 19:07:53 [main] INFO  a.pages.PaymentHistoryPage - ✅ [SUCCESS] Entered remarks: test value
2025-06-19 19:07:53 [main] INFO  a.pages.PaymentHistoryPage - ✅ Remarks entered.
2025-06-19 19:07:53 [main] INFO  a.pages.PaymentHistoryPage - ⏳ Waiting for spinner to fully disappear...
2025-06-19 19:07:54 [main] INFO  a.pages.PaymentHistoryPage - ✅ Spinner disappeared.
2025-06-19 19:07:54 [main] INFO  a.pages.PaymentHistoryPage - ✅ [SUCCESS] Clicked Proceed after remarks.
2025-06-19 19:07:54 [main] INFO  a.pages.PaymentHistoryPage - ✅ Clicked on Proceed button after entering remarks.
2025-06-19 19:07:54 [main] INFO  a.pages.PaymentHistoryPage - ⏳ Waiting for spinner to fully disappear...
2025-06-19 19:07:54 [main] INFO  a.pages.PaymentHistoryPage - ✅ Spinner disappeared.
2025-06-19 19:07:54 [main] INFO  a.pages.PaymentHistoryPage - ✅ [SUCCESS] Confirm button clicked.
2025-06-19 19:07:54 [main] INFO  a.pages.PaymentHistoryPage - ✅ Confirm button clicked.
2025-06-19 19:07:55 [main] INFO  a.pages.PaymentHistoryPage - ✅ [SUCCESS] OTP entered.
2025-06-19 19:07:55 [main] INFO  a.pages.PaymentHistoryPage - ✅ OTP entered.
2025-06-19 19:07:55 [main] INFO  a.pages.PaymentHistoryPage - Waiting for any overlay/spinner to disappear.
2025-06-19 19:07:56 [main] INFO  a.pages.PaymentHistoryPage - ✅ [SUCCESS] Final Proceed clicked after OTP.
2025-06-19 19:07:56 [main] INFO  a.pages.PaymentHistoryPage - ✅ Final Proceed button clicked.
2025-06-19 19:07:56 [main] ERROR a.pages.PaymentHistoryPage - ❌ NEFT transaction failed: We are currently facing some technical issue.Please try in sometime
2025-06-19 19:07:56 [main] INFO  a.pages.PaymentHistoryPage - ℹ️ Clicked on 'Okay' button to dismiss the error popup.
2025-06-19 19:07:56 [main] INFO  a.pages.PaymentHistoryPage - 🟦 [STEP] Clicking on the Payment tab.
2025-06-19 19:07:56 [main] INFO  a.pages.PaymentHistoryPage - ⏳ Waiting for spinner to fully disappear...
2025-06-19 19:07:57 [main] INFO  a.pages.PaymentHistoryPage - ✅ Spinner disappeared.
2025-06-19 19:07:57 [main] INFO  a.pages.PaymentHistoryPage - ✅ [SUCCESS] Payment tab clicked.
2025-06-19 19:07:57 [main] INFO  a.pages.PaymentHistoryPage - ⏳ Waiting for spinner to fully disappear...
2025-06-19 19:07:58 [main] INFO  a.pages.PaymentHistoryPage - ✅ Spinner disappeared.
2025-06-19 19:07:58 [main] INFO  a.pages.PaymentHistoryPage - 🧪=== Starting Negative Test Cases for NETF transaction for Payment to payee ===
2025-06-19 19:07:58 [main] INFO  a.pages.PaymentHistoryPage - 🔹 Step : Selecting payee: DXFCHGV
2025-06-19 19:07:58 [main] INFO  a.pages.PaymentHistoryPage - ⏳ Waiting for spinner to fully disappear...
2025-06-19 19:07:58 [main] INFO  a.pages.PaymentHistoryPage - ✅ Spinner disappeared.
2025-06-19 19:07:59 [main] INFO  a.pages.PaymentHistoryPage - ✅ Payee selected successfully.
2025-06-19 19:07:59 [main] INFO  a.pages.PaymentHistoryPage - 
🔸 Test Case 1: Blank Amount
2025-06-19 19:07:59 [main] INFO  a.pages.PaymentHistoryPage - ⏳ Waiting for spinner to fully disappear...
2025-06-19 19:08:02 [main] INFO  a.pages.PaymentHistoryPage - ✅ Spinner disappeared.
2025-06-19 19:08:03 [main] INFO  a.pages.PaymentHistoryPage - [SUCCESS] ✅ Correct error displayed: 'Amount is required'
2025-06-19 19:08:03 [main] INFO  a.pages.PaymentHistoryPage - 
🔸 Test Case 2: Special Characters (@#$%)
2025-06-19 19:08:03 [main] INFO  a.pages.PaymentHistoryPage - [SUCCESS] ✅ Special characters were blocked as expected.
2025-06-19 19:08:03 [main] INFO  a.pages.PaymentHistoryPage - 
🔸 Test Case 3: Alphanumeric Characters (123abc)
2025-06-19 19:08:03 [main] INFO  a.pages.PaymentHistoryPage - [SUCCESS] ✅ Field blocked alphanumeric input completely.
2025-06-19 19:08:03 [main] INFO  a.pages.PaymentHistoryPage - 
🔸 Test Case 4: Zero Amount (0)
2025-06-19 19:08:03 [main] INFO  a.pages.PaymentHistoryPage - ⏳ Waiting for spinner to fully disappear...
2025-06-19 19:08:04 [main] INFO  a.pages.PaymentHistoryPage - ✅ Spinner disappeared.
2025-06-19 19:08:04 [main] INFO  a.pages.PaymentHistoryPage - [SUCCESS] ✅ Correct validation message shown: 'Minimum amount is 1.00'
2025-06-19 19:08:04 [main] INFO  a.pages.PaymentHistoryPage - 
🔸 Test Case 5: Amount Greater Than Account Balance
2025-06-19 19:08:04 [main] INFO  a.pages.PaymentHistoryPage - Fetched account balance: ₹2791791
2025-06-19 19:08:05 [main] INFO  a.pages.PaymentHistoryPage - ✅ Over-limit amount typed: '2792291'
2025-06-19 19:08:06 [main] INFO  a.pages.PaymentHistoryPage - ✅ 'Insufficient balance' popup displayed.
2025-06-19 19:08:06 [main] INFO  a.pages.PaymentHistoryPage - ✅ Clicked OK.
2025-06-19 19:08:06 [main] INFO  a.pages.PaymentHistoryPage - 
🔸 Test Case 6: Leave Remarks Field Blank and Proceed
2025-06-19 19:08:06 [main] INFO  a.pages.PaymentHistoryPage - ✅ Remarks field cleared.
2025-06-19 19:08:06 [main] INFO  a.pages.PaymentHistoryPage - ⏳ Waiting for spinner to fully disappear...
2025-06-19 19:08:07 [main] INFO  a.pages.PaymentHistoryPage - ✅ Spinner disappeared.
2025-06-19 19:08:07 [main] INFO  a.pages.PaymentHistoryPage - 🟦 [STEP] Selecting NEFT option
2025-06-19 19:08:07 [main] INFO  a.pages.PaymentHistoryPage - Attempting to click NEFT option (Attempt 1)
2025-06-19 19:08:07 [main] INFO  a.pages.PaymentHistoryPage - 🔄 NEFT clicked via Actions.
2025-06-19 19:08:08 [main] WARN  a.pages.PaymentHistoryPage - ⚠️ NEFT not selected yet. Retrying...
2025-06-19 19:08:08 [main] INFO  a.pages.PaymentHistoryPage - Attempting to click NEFT option (Attempt 2)
2025-06-19 19:08:08 [main] INFO  a.pages.PaymentHistoryPage - 🔄 NEFT clicked via Actions.
2025-06-19 19:08:09 [main] INFO  a.pages.PaymentHistoryPage - ✅ NEFT option selected successfully.
2025-06-19 19:08:09 [main] INFO  a.pages.PaymentHistoryPage - ⏳ Waiting for spinner to fully disappear...
2025-06-19 19:08:11 [main] INFO  a.pages.PaymentHistoryPage - ✅ Spinner disappeared.
2025-06-19 19:08:11 [main] INFO  a.pages.PaymentHistoryPage - ⏳ Waiting for spinner to fully disappear...
2025-06-19 19:08:11 [main] INFO  a.pages.PaymentHistoryPage - ✅ Spinner disappeared.
2025-06-19 19:08:13 [main] INFO  a.pages.PaymentHistoryPage - ✅ [SUCCESS] OTP entered.
2025-06-19 19:08:13 [main] INFO  a.pages.PaymentHistoryPage - Waiting for any overlay/spinner to disappear.
2025-06-19 19:08:13 [main] INFO  a.pages.PaymentHistoryPage - ✅ Final Proceed clicked.
2025-06-19 19:08:15 [main] INFO  a.pages.PaymentHistoryPage - [SUCCESS] ✅ Transaction succeeded.
2025-06-19 19:08:30 [main] WARN  a.pages.PaymentHistoryPage - ⚠️ [WARN] Close button not found or failed to click: Expected condition failed: waiting for element to be clickable: By.xpath: (//img[@alt='close' and contains(@src,'ic_closeCircle')])[last()] (tried for 15 second(s) with 500 milliseconds interval)
Build info: version: '4.20.0', revision: '866c76ca80'
System info: os.name: 'Windows 11', os.arch: 'amd64', os.version: '10.0', java.version: '17.0.12'
Driver info: org.openqa.selenium.chrome.ChromeDriver
Capabilities {acceptInsecureCerts: false, browserName: chrome, browserVersion: 137.0.7151.104, chrome: {chromedriverVersion: 137.0.7151.119 (e0ac9d12dff..., userDataDir: C:\Users\rajum\AppData\Loca...}, fedcm:accounts: true, goog:chromeOptions: {debuggerAddress: localhost:54895}, networkConnectionEnabled: false, pageLoadStrategy: normal, platformName: windows, proxy: Proxy(), se:cdp: ws://localhost:54895/devtoo..., se:cdpVersion: 137.0.7151.104, setWindowRect: true, strictFileInteractability: false, timeouts: {implicit: 0, pageLoad: 300000, script: 30000}, unhandledPromptBehavior: dismiss and notify, webauthn:extension:credBlob: true, webauthn:extension:largeBlob: true, webauthn:extension:minPinLength: true, webauthn:extension:prf: true, webauthn:virtualAuthenticators: true}
Session ID: 93dbdf6dcb1c117ff187d03c53c5ebf6
2025-06-19 19:08:30 [main] INFO  a.pages.PaymentHistoryPage - 
🔸 Test Case 7: Invalid OTP
2025-06-19 19:08:30 [main] INFO  a.pages.PaymentHistoryPage - ⏳ Waiting for spinner to fully disappear...
2025-06-19 19:08:30 [main] INFO  a.pages.PaymentHistoryPage - ✅ Spinner disappeared.
2025-06-19 19:08:45 [main] WARN  a.pages.PaymentHistoryPage - ⚠️ Click failed attempt 1/3: Expected condition failed: waiting for element to be clickable: By.xpath: //span[text()='DXFCHGV' and contains(@class, 'font-semibold')] (tried for 15 second(s) with 500 milliseconds interval)
Build info: version: '4.20.0', revision: '866c76ca80'
System info: os.name: 'Windows 11', os.arch: 'amd64', os.version: '10.0', java.version: '17.0.12'
Driver info: org.openqa.selenium.chrome.ChromeDriver
Capabilities {acceptInsecureCerts: false, browserName: chrome, browserVersion: 137.0.7151.104, chrome: {chromedriverVersion: 137.0.7151.119 (e0ac9d12dff..., userDataDir: C:\Users\rajum\AppData\Loca...}, fedcm:accounts: true, goog:chromeOptions: {debuggerAddress: localhost:54895}, networkConnectionEnabled: false, pageLoadStrategy: normal, platformName: windows, proxy: Proxy(), se:cdp: ws://localhost:54895/devtoo..., se:cdpVersion: 137.0.7151.104, setWindowRect: true, strictFileInteractability: false, timeouts: {implicit: 0, pageLoad: 300000, script: 30000}, unhandledPromptBehavior: dismiss and notify, webauthn:extension:credBlob: true, webauthn:extension:largeBlob: true, webauthn:extension:minPinLength: true, webauthn:extension:prf: true, webauthn:virtualAuthenticators: true}
Session ID: 93dbdf6dcb1c117ff187d03c53c5ebf6
2025-06-19 19:08:46 [main] INFO  a.pages.PaymentHistoryPage - ⏳ Waiting for spinner to fully disappear...
2025-06-19 19:08:46 [main] INFO  a.pages.PaymentHistoryPage - ✅ Spinner disappeared.
2025-06-19 19:09:01 [main] WARN  a.pages.PaymentHistoryPage - ⚠️ Click failed attempt 2/3: Expected condition failed: waiting for element to be clickable: By.xpath: //span[text()='DXFCHGV' and contains(@class, 'font-semibold')] (tried for 15 second(s) with 500 milliseconds interval)
Build info: version: '4.20.0', revision: '866c76ca80'
System info: os.name: 'Windows 11', os.arch: 'amd64', os.version: '10.0', java.version: '17.0.12'
Driver info: org.openqa.selenium.chrome.ChromeDriver
Capabilities {acceptInsecureCerts: false, browserName: chrome, browserVersion: 137.0.7151.104, chrome: {chromedriverVersion: 137.0.7151.119 (e0ac9d12dff..., userDataDir: C:\Users\rajum\AppData\Loca...}, fedcm:accounts: true, goog:chromeOptions: {debuggerAddress: localhost:54895}, networkConnectionEnabled: false, pageLoadStrategy: normal, platformName: windows, proxy: Proxy(), se:cdp: ws://localhost:54895/devtoo..., se:cdpVersion: 137.0.7151.104, setWindowRect: true, strictFileInteractability: false, timeouts: {implicit: 0, pageLoad: 300000, script: 30000}, unhandledPromptBehavior: dismiss and notify, webauthn:extension:credBlob: true, webauthn:extension:largeBlob: true, webauthn:extension:minPinLength: true, webauthn:extension:prf: true, webauthn:virtualAuthenticators: true}
Session ID: 93dbdf6dcb1c117ff187d03c53c5ebf6
2025-06-19 19:09:02 [main] INFO  a.pages.PaymentHistoryPage - ⏳ Waiting for spinner to fully disappear...
2025-06-19 19:09:02 [main] INFO  a.pages.PaymentHistoryPage - ✅ Spinner disappeared.
2025-06-19 19:09:17 [main] WARN  a.pages.PaymentHistoryPage - ⚠️ Click failed attempt 3/3: Expected condition failed: waiting for element to be clickable: By.xpath: //span[text()='DXFCHGV' and contains(@class, 'font-semibold')] (tried for 15 second(s) with 500 milliseconds interval)
Build info: version: '4.20.0', revision: '866c76ca80'
System info: os.name: 'Windows 11', os.arch: 'amd64', os.version: '10.0', java.version: '17.0.12'
Driver info: org.openqa.selenium.chrome.ChromeDriver
Capabilities {acceptInsecureCerts: false, browserName: chrome, browserVersion: 137.0.7151.104, chrome: {chromedriverVersion: 137.0.7151.119 (e0ac9d12dff..., userDataDir: C:\Users\rajum\AppData\Loca...}, fedcm:accounts: true, goog:chromeOptions: {debuggerAddress: localhost:54895}, networkConnectionEnabled: false, pageLoadStrategy: normal, platformName: windows, proxy: Proxy(), se:cdp: ws://localhost:54895/devtoo..., se:cdpVersion: 137.0.7151.104, setWindowRect: true, strictFileInteractability: false, timeouts: {implicit: 0, pageLoad: 300000, script: 30000}, unhandledPromptBehavior: dismiss and notify, webauthn:extension:credBlob: true, webauthn:extension:largeBlob: true, webauthn:extension:minPinLength: true, webauthn:extension:prf: true, webauthn:virtualAuthenticators: true}
Session ID: 93dbdf6dcb1c117ff187d03c53c5ebf6
2025-06-19 19:09:18 [main] ERROR a.pages.PaymentHistoryPage - ❌ Error in Invalid OTP Test: ❌ Click failed after 3 attempts: By.xpath: //span[text()='DXFCHGV' and contains(@class, 'font-semibold')]
2025-06-19 19:09:18 [main] INFO  a.pages.PaymentHistoryPage - 
✅ All negative test cases executed.
2025-06-19 19:09:18 [main] INFO  automationFramework.utils.LoggerUtil - Flushing extent report...
2025-06-19 19:09:18 [main] INFO  automationFramework.utils.LoggerUtil - 📧 Sending report via email...
2025-06-19 19:09:26 [main] INFO  org.testng.internal.Utils - [TestNG] Time taken by org.testng.reporters.jq.Main@602298b: 74 ms
2025-06-19 19:09:26 [main] INFO  org.testng.internal.Utils - [TestNG] Time taken by org.testng.reporters.FailedReporter@1a10c47e: 1 ms
2025-06-19 19:09:26 [main] INFO  org.testng.internal.Utils - [TestNG] Time taken by org.testng.reporters.XMLReporter@6f986501: 13 ms
2025-06-19 19:09:26 [main] INFO  org.testng.internal.Utils - [TestNG] Time taken by org.testng.reporters.EmailableReporter2@350bbd5d: 8 ms
2025-06-19 19:09:26 [main] INFO  org.testng.internal.Utils - [TestNG] Time taken by org.testng.reporters.JUnitReportReporter@7d28cdcd: 7 ms
2025-06-19 19:09:26 [main] INFO  org.testng.internal.Utils - [TestNG] Time taken by org.testng.internal.ExitCodeListener@255ed8e4: 1 ms
