2025-06-17 17:09:46 [main] INFO  org.testng.internal.Utils - [Utils] MethodGroupsHelper.collectMethodsByGroup() took 1 ms.
2025-06-17 17:09:46 [main] INFO  org.testng.internal.Utils - [Utils] MethodGroupsHelper.sortMethods() took 2 ms.
2025-06-17 17:09:46 [main] INFO  org.testng.internal.Utils - [Utils] MethodGroupsHelper.collectMethodsByGroup() took 0 ms.
2025-06-17 17:09:46 [main] INFO  org.testng.internal.Utils - [Utils] MethodGroupsHelper.sortMethods() took 0 ms.
2025-06-17 17:09:46 [main] INFO  org.testng.internal.Utils - [Utils] MethodGroupsHelper.collectMethodsByGroup() took 0 ms.
2025-06-17 17:09:46 [main] INFO  org.testng.internal.Utils - [Utils] MethodGroupsHelper.sortMethods() took 0 ms.
2025-06-17 17:09:46 [main] INFO  org.testng.internal.Utils - [Utils] MethodGroupsHelper.collectMethodsByGroup() took 0 ms.
2025-06-17 17:09:46 [main] INFO  org.testng.internal.Utils - [Utils] MethodGroupsHelper.sortMethods() took 0 ms.
2025-06-17 17:09:46 [main] INFO  org.testng.internal.Utils - [Utils] MethodGroupsHelper.collectMethodsByGroup() took 5 ms.
2025-06-17 17:09:46 [main] INFO  org.testng.internal.Utils - [Utils] MethodGroupsHelper.sortMethods() took 21 ms.
2025-06-17 17:09:46 [main] INFO  org.testng.internal.Utils - [Utils] MethodGroupsHelper.collectMethodsByGroup() took 0 ms.
2025-06-17 17:09:46 [main] INFO  org.testng.internal.Utils - [Utils] MethodGroupsHelper.sortMethods() took 1 ms.
2025-06-17 17:09:46 [main] INFO  org.testng.internal.Utils - [Utils] MethodGroupsHelper.collectMethodsByGroup() took 0 ms.
2025-06-17 17:09:46 [main] INFO  org.testng.internal.Utils - [Utils] MethodGroupsHelper.sortMethods() took 0 ms.
2025-06-17 17:09:46 [main] INFO  org.testng.internal.Utils - [Utils] MethodGroupsHelper.collectMethodsByGroup() took 0 ms.
2025-06-17 17:09:46 [main] INFO  org.testng.internal.Utils - [Utils] MethodGroupsHelper.sortMethods() took 0 ms.
2025-06-17 17:09:46 [main] INFO  org.testng.internal.Utils - [Utils] MethodGroupsHelper.collectMethodsByGroup() took 0 ms.
2025-06-17 17:09:46 [main] INFO  org.testng.internal.Utils - [Utils] MethodGroupsHelper.sortMethods() took 0 ms.
2025-06-17 17:09:46 [main] INFO  org.testng.internal.Utils - [Utils] MethodGroupsHelper.collectMethodsByGroup() took 0 ms.
2025-06-17 17:09:46 [main] INFO  org.testng.internal.Utils - [Utils] MethodGroupsHelper.sortMethods() took 1 ms.
2025-06-17 17:09:46 [main] INFO  org.testng.internal.Utils - [Utils] MethodGroupsHelper.collectMethodsByGroup() took 0 ms.
2025-06-17 17:09:46 [main] INFO  org.testng.internal.Utils - [Utils] MethodGroupsHelper.sortMethods() took 0 ms.
2025-06-17 17:09:46 [main] INFO  org.testng.internal.Utils - [Utils] MethodGroupsHelper.collectMethodsByGroup() took 0 ms.
2025-06-17 17:09:46 [main] INFO  org.testng.internal.Utils - [Utils] MethodGroupsHelper.sortMethods() took 0 ms.
2025-06-17 17:09:46 [main] INFO  org.testng.internal.Utils - [Utils] MethodGroupsHelper.collectMethodsByGroup() took 2 ms.
2025-06-17 17:09:46 [main] INFO  org.testng.internal.Utils - [Utils] MethodGroupsHelper.sortMethods() took 10 ms.
2025-06-17 17:09:46 [main] INFO  org.testng.internal.Utils - [Utils] MethodGroupsHelper.collectMethodsByGroup() took 0 ms.
2025-06-17 17:09:46 [main] INFO  org.testng.internal.Utils - [Utils] MethodGroupsHelper.sortMethods() took 0 ms.
2025-06-17 17:09:46 [main] INFO  org.testng.internal.Utils - [Utils] MethodGroupsHelper.collectMethodsByGroup() took 0 ms.
2025-06-17 17:09:46 [main] INFO  org.testng.internal.Utils - [Utils] MethodGroupsHelper.sortMethods() took 0 ms.
2025-06-17 17:09:46 [main] INFO  org.testng.internal.Utils - [TestNG] Running:
  C:\Users\rajum\AppData\Local\Temp\testng-eclipse-1254458389\testng-customsuite.xml

2025-06-17 17:09:46 [main] INFO  org.testng.internal.Utils - [Utils] DynamicGraphHelper.createDynamicGraph() took 8 ms.
2025-06-17 17:09:46 [main] INFO  automationFramework.utils.LoggerUtil - 🔧 Starting browser and loading properties...
2025-06-17 17:09:47 [main] INFO  i.g.bonigarcia.wdm.WebDriverManager - Using chromedriver 137.0.7151.70 (resolved driver for Chrome 137)
2025-06-17 17:09:47 [main] INFO  i.g.bonigarcia.wdm.WebDriverManager - Exporting webdriver.chrome.driver as C:\Users\rajum\.cache\selenium\chromedriver\win64\137.0.7151.70\chromedriver.exe
2025-06-17 17:09:50 [main] INFO  automationFramework.pages.LoginPage - ✅ Captcha wait time loaded: 10 seconds
2025-06-17 17:09:53 [main] INFO  automationFramework.pages.LoginPage - 🟦 Navigated to URL: https://uatnet.svcbank.com/ReachSVCInet/SVC-web/inet/netbanking
2025-06-17 17:09:53 [main] INFO  automationFramework.pages.LoginPage - ✅ Entered username: TEST001
2025-06-17 17:09:53 [main] INFO  automationFramework.pages.LoginPage - ⏳ Waiting for manual captcha input (10 seconds)
2025-06-17 17:10:03 [main] INFO  automationFramework.pages.LoginPage - ✅ Clicked first Login button
2025-06-17 17:10:08 [main] INFO  automationFramework.pages.LoginPage - ✅ Entered password
2025-06-17 17:10:08 [main] INFO  automationFramework.pages.LoginPage - ✅ Clicked final Login button
2025-06-17 17:10:10 [main] INFO  automationFramework.pages.LoginPage - 🎉 Login successful for user: TEST001
2025-06-17 17:10:10 [main] INFO  automationFramework.utils.LoggerUtil - ✅ Setup complete.
2025-06-17 17:10:10 [main] INFO  a.pages.AccountsPage - ▶️ Starting: Download Custom Statement for 6 in XLS format
2025-06-17 17:10:10 [main] INFO  a.pages.AccountsPage - 🔍 Checking if 'Detailed Statement' is visible.
2025-06-17 17:10:15 [main] WARN  a.pages.AccountsPage - ⚠️ 'Detailed Statement' not visible. Clicking Accounts Tab first.
2025-06-17 17:10:15 [main] INFO  a.pages.AccountsPage - Clicking Accounts Tab
2025-06-17 17:10:15 [main] INFO  a.pages.AccountsPage - ⏳ Waiting for spinner to fully disappear...
2025-06-17 17:10:26 [main] INFO  a.pages.AccountsPage - ✅ Spinner disappeared.
2025-06-17 17:10:26 [main] INFO  a.pages.AccountsPage - ⏳ Waiting for spinner to fully disappear...
2025-06-17 17:10:40 [main] INFO  a.pages.AccountsPage - ✅ Spinner disappeared.
2025-06-17 17:10:40 [main] INFO  a.pages.AccountsPage - ⏳ Waiting for spinner to fully disappear...
2025-06-17 17:10:50 [main] INFO  a.pages.AccountsPage - ✅ Spinner disappeared.
2025-06-17 17:11:10 [main] INFO  a.pages.AccountsPage - ✅ Accounts Tab Clicked
2025-06-17 17:11:10 [main] INFO  a.pages.AccountsPage - ✅ 'Detailed Statement' found after clicking Accounts Tab.
2025-06-17 17:11:10 [main] INFO  a.pages.AccountsPage - ⏳ Waiting for spinner to fully disappear...
2025-06-17 17:11:21 [main] INFO  a.pages.AccountsPage - ✅ Spinner disappeared.
2025-06-17 17:11:21 [main] INFO  a.pages.AccountsPage - ⏳ Waiting for spinner to fully disappear...
2025-06-17 17:11:33 [main] INFO  a.pages.AccountsPage - ✅ Spinner disappeared.
2025-06-17 17:11:53 [main] INFO  a.pages.AccountsPage - ⏳ Waiting for spinner to fully disappear...
2025-06-17 17:12:03 [main] INFO  a.pages.AccountsPage - ✅ Spinner disappeared.
2025-06-17 17:12:04 [main] INFO  a.pages.AccountsPage - ⏳ Waiting for spinner to fully disappear...
2025-06-17 17:12:14 [main] INFO  a.pages.AccountsPage - ✅ Spinner disappeared.
2025-06-17 17:12:34 [main] INFO  a.pages.AccountsPage - ⏳ Waiting for spinner to fully disappear...
2025-06-17 17:12:45 [main] INFO  a.pages.AccountsPage - ✅ Spinner disappeared.
2025-06-17 17:12:45 [main] INFO  a.pages.AccountsPage - ⏳ Waiting for spinner to fully disappear...
2025-06-17 17:12:55 [main] INFO  a.pages.AccountsPage - ✅ Spinner disappeared.
2025-06-17 17:13:15 [main] INFO  a.pages.AccountsPage - ⏳ Waiting for spinner to fully disappear...
2025-06-17 17:13:26 [main] INFO  a.pages.AccountsPage - ✅ Spinner disappeared.
2025-06-17 17:13:26 [main] INFO  a.pages.AccountsPage - ⏳ Waiting for spinner to fully disappear...
2025-06-17 17:13:27 [main] INFO  a.pages.AccountsPage - ✅ Spinner disappeared.
2025-06-17 17:14:17 [main] INFO  a.pages.AccountsPage - ⏳ Waiting for spinner to fully disappear...
2025-06-17 17:14:28 [main] INFO  a.pages.AccountsPage - ✅ Spinner disappeared.
2025-06-17 17:14:28 [main] INFO  a.pages.AccountsPage - ⏳ Waiting for spinner to fully disappear...
2025-06-17 17:14:38 [main] INFO  a.pages.AccountsPage - ✅ Spinner disappeared.
2025-06-17 17:14:38 [main] INFO  a.pages.AccountsPage - ⏳ Waiting for spinner to fully disappear...
2025-06-17 17:14:49 [main] INFO  a.pages.AccountsPage - ✅ Spinner disappeared.
2025-06-17 17:14:49 [main] INFO  a.pages.AccountsPage - ⏳ Waiting for spinner to fully disappear...
2025-06-17 17:14:59 [main] INFO  a.pages.AccountsPage - ✅ Spinner disappeared.
2025-06-17 17:14:59 [main] INFO  a.pages.AccountsPage - ⏳ Waiting for spinner to fully disappear...
2025-06-17 17:15:10 [main] INFO  a.pages.AccountsPage - ✅ Spinner disappeared.
2025-06-17 17:15:10 [main] INFO  a.pages.AccountsPage - ⏳ Waiting for spinner to fully disappear...
2025-06-17 17:15:11 [main] INFO  a.pages.AccountsPage - ✅ Spinner disappeared.
2025-06-17 17:15:11 [main] INFO  a.pages.AccountsPage - 🎉 Custom statement download for 6 months (XLS format) triggered successfully.
2025-06-17 17:15:11 [main] INFO  a.pages.AccountsPage - ▶️ Starting: Download Custom Statement for 12 in PDF format
2025-06-17 17:15:11 [main] INFO  a.pages.AccountsPage - 🔍 Checking if 'Detailed Statement' is visible.
2025-06-17 17:15:16 [main] WARN  a.pages.AccountsPage - ⚠️ 'Detailed Statement' not visible. Clicking Accounts Tab first.
2025-06-17 17:15:16 [main] INFO  a.pages.AccountsPage - Clicking Accounts Tab
2025-06-17 17:15:16 [main] INFO  a.pages.AccountsPage - ⏳ Waiting for spinner to fully disappear...
2025-06-17 17:15:33 [main] INFO  a.pages.AccountsPage - ✅ Spinner disappeared.
2025-06-17 17:15:34 [main] INFO  a.pages.AccountsPage - ⏳ Waiting for spinner to fully disappear...
2025-06-17 17:15:46 [main] INFO  a.pages.AccountsPage - ✅ Spinner disappeared.
2025-06-17 17:15:46 [main] INFO  a.pages.AccountsPage - ⏳ Waiting for spinner to fully disappear...
2025-06-17 17:15:56 [main] INFO  a.pages.AccountsPage - ✅ Spinner disappeared.
2025-06-17 17:16:16 [main] INFO  a.pages.AccountsPage - ✅ Accounts Tab Clicked
2025-06-17 17:16:16 [main] INFO  a.pages.AccountsPage - ✅ 'Detailed Statement' found after clicking Accounts Tab.
2025-06-17 17:16:16 [main] INFO  a.pages.AccountsPage - ⏳ Waiting for spinner to fully disappear...
2025-06-17 17:16:27 [main] INFO  a.pages.AccountsPage - ✅ Spinner disappeared.
2025-06-17 17:16:27 [main] INFO  a.pages.AccountsPage - ⏳ Waiting for spinner to fully disappear...
2025-06-17 17:16:44 [main] WARN  a.pages.AccountsPage - ⚠️ Spinner wait skipped or failed gracefully.
2025-06-17 17:17:05 [main] INFO  a.pages.AccountsPage - ⏳ Waiting for spinner to fully disappear...
2025-06-17 17:17:20 [main] WARN  a.pages.AccountsPage - ⚠️ Spinner wait skipped or failed gracefully.
2025-06-17 17:17:21 [main] WARN  a.pages.AccountsPage - ⚠️ Click intercepted attempt 1/3: element click intercepted: Element <button _ngcontent-ng-c1879628175="" appblockdblclick="" class="account_button gap-2 px-1 py-2 flex justify-content-center w-4">...</button> is not clickable at point (1288, 338). Other element would receive the click: <div _ngcontent-ng-c587276320="" class="ngx-spinner-overlay ng-tns-c587276320-1 ng-trigger ng-trigger-fadeIn ng-star-inserted ng-animating" style="background-color: rgba(51, 51, 51, 0.8); z-index: 99999; position: fixed;">...</div>
  (Session info: chrome=137.0.7151.104)
Build info: version: '4.20.0', revision: '866c76ca80'
System info: os.name: 'Windows 11', os.arch: 'amd64', os.version: '10.0', java.version: '17.0.12'
Driver info: org.openqa.selenium.chrome.ChromeDriver
Command: [d4dfed81872f52549167ddac994624f5, clickElement {id=f.CBC9472A24D9868ACDEC74C76CAB1DBF.d.0883A14759F78E6247DADEA8536556E3.e.227}]
Capabilities {acceptInsecureCerts: false, browserName: chrome, browserVersion: 137.0.7151.104, chrome: {chromedriverVersion: 137.0.7151.70 (dfa4dc56b2ab..., userDataDir: C:\Users\rajum\AppData\Loca...}, fedcm:accounts: true, goog:chromeOptions: {debuggerAddress: localhost:57394}, networkConnectionEnabled: false, pageLoadStrategy: normal, platformName: windows, proxy: Proxy(), se:cdp: ws://localhost:57394/devtoo..., se:cdpVersion: 137.0.7151.104, setWindowRect: true, strictFileInteractability: false, timeouts: {implicit: 0, pageLoad: 300000, script: 30000}, unhandledPromptBehavior: dismiss and notify, webauthn:extension:credBlob: true, webauthn:extension:largeBlob: true, webauthn:extension:minPinLength: true, webauthn:extension:prf: true, webauthn:virtualAuthenticators: true}
Element: [[ChromeDriver: chrome on windows (d4dfed81872f52549167ddac994624f5)] -> xpath: //button[contains(text(),'Custom')]]
Session ID: d4dfed81872f52549167ddac994624f5
2025-06-17 17:17:22 [main] INFO  a.pages.AccountsPage - ⏳ Waiting for spinner to fully disappear...
2025-06-17 17:17:37 [main] WARN  a.pages.AccountsPage - ⚠️ Spinner wait skipped or failed gracefully.
2025-06-17 17:17:38 [main] WARN  a.pages.AccountsPage - ⚠️ Click intercepted attempt 2/3: element click intercepted: Element <button _ngcontent-ng-c1879628175="" appblockdblclick="" class="account_button gap-2 px-1 py-2 flex justify-content-center w-4">...</button> is not clickable at point (1288, 338). Other element would receive the click: <div _ngcontent-ng-c587276320="" class="ngx-spinner-overlay ng-tns-c587276320-1 ng-trigger ng-trigger-fadeIn ng-star-inserted ng-animating" style="background-color: rgba(51, 51, 51, 0.8); z-index: 99999; position: fixed;">...</div>
  (Session info: chrome=137.0.7151.104)
Build info: version: '4.20.0', revision: '866c76ca80'
System info: os.name: 'Windows 11', os.arch: 'amd64', os.version: '10.0', java.version: '17.0.12'
Driver info: org.openqa.selenium.chrome.ChromeDriver
Command: [d4dfed81872f52549167ddac994624f5, clickElement {id=f.CBC9472A24D9868ACDEC74C76CAB1DBF.d.0883A14759F78E6247DADEA8536556E3.e.227}]
Capabilities {acceptInsecureCerts: false, browserName: chrome, browserVersion: 137.0.7151.104, chrome: {chromedriverVersion: 137.0.7151.70 (dfa4dc56b2ab..., userDataDir: C:\Users\rajum\AppData\Loca...}, fedcm:accounts: true, goog:chromeOptions: {debuggerAddress: localhost:57394}, networkConnectionEnabled: false, pageLoadStrategy: normal, platformName: windows, proxy: Proxy(), se:cdp: ws://localhost:57394/devtoo..., se:cdpVersion: 137.0.7151.104, setWindowRect: true, strictFileInteractability: false, timeouts: {implicit: 0, pageLoad: 300000, script: 30000}, unhandledPromptBehavior: dismiss and notify, webauthn:extension:credBlob: true, webauthn:extension:largeBlob: true, webauthn:extension:minPinLength: true, webauthn:extension:prf: true, webauthn:virtualAuthenticators: true}
Element: [[ChromeDriver: chrome on windows (d4dfed81872f52549167ddac994624f5)] -> xpath: //button[contains(text(),'Custom')]]
Session ID: d4dfed81872f52549167ddac994624f5
2025-06-17 17:17:38 [main] INFO  a.pages.AccountsPage - ⏳ Waiting for spinner to fully disappear...
2025-06-17 17:17:54 [main] WARN  a.pages.AccountsPage - ⚠️ Spinner wait skipped or failed gracefully.
2025-06-17 17:17:55 [main] WARN  a.pages.AccountsPage - ⚠️ Click intercepted attempt 3/3: element click intercepted: Element <button _ngcontent-ng-c1879628175="" appblockdblclick="" class="account_button gap-2 px-1 py-2 flex justify-content-center w-4">...</button> is not clickable at point (1288, 338). Other element would receive the click: <div _ngcontent-ng-c587276320="" class="ngx-spinner-overlay ng-tns-c587276320-1 ng-trigger ng-trigger-fadeIn ng-star-inserted ng-animating" style="background-color: rgba(51, 51, 51, 0.8); z-index: 99999; position: fixed;">...</div>
  (Session info: chrome=137.0.7151.104)
Build info: version: '4.20.0', revision: '866c76ca80'
System info: os.name: 'Windows 11', os.arch: 'amd64', os.version: '10.0', java.version: '17.0.12'
Driver info: org.openqa.selenium.chrome.ChromeDriver
Command: [d4dfed81872f52549167ddac994624f5, clickElement {id=f.CBC9472A24D9868ACDEC74C76CAB1DBF.d.0883A14759F78E6247DADEA8536556E3.e.227}]
Capabilities {acceptInsecureCerts: false, browserName: chrome, browserVersion: 137.0.7151.104, chrome: {chromedriverVersion: 137.0.7151.70 (dfa4dc56b2ab..., userDataDir: C:\Users\rajum\AppData\Loca...}, fedcm:accounts: true, goog:chromeOptions: {debuggerAddress: localhost:57394}, networkConnectionEnabled: false, pageLoadStrategy: normal, platformName: windows, proxy: Proxy(), se:cdp: ws://localhost:57394/devtoo..., se:cdpVersion: 137.0.7151.104, setWindowRect: true, strictFileInteractability: false, timeouts: {implicit: 0, pageLoad: 300000, script: 30000}, unhandledPromptBehavior: dismiss and notify, webauthn:extension:credBlob: true, webauthn:extension:largeBlob: true, webauthn:extension:minPinLength: true, webauthn:extension:prf: true, webauthn:virtualAuthenticators: true}
Element: [[ChromeDriver: chrome on windows (d4dfed81872f52549167ddac994624f5)] -> xpath: //button[contains(text(),'Custom')]]
Session ID: d4dfed81872f52549167ddac994624f5
2025-06-17 17:17:55 [main] ERROR a.pages.AccountsPage - ❌ Error during custom statement download (12 months - PDF): ❌ Click failed after 3 attempts: By.xpath: //button[contains(text(),'Custom')]
2025-06-17 17:17:56 [main] INFO  a.pages.AccountsPage - ▶️ Starting: Download Custom Statement for 6 in PDF format
2025-06-17 17:17:56 [main] INFO  a.pages.AccountsPage - 🔍 Checking if 'Detailed Statement' is visible.
2025-06-17 17:18:01 [main] WARN  a.pages.AccountsPage - ⚠️ 'Detailed Statement' not visible. Clicking Accounts Tab first.
2025-06-17 17:18:01 [main] INFO  a.pages.AccountsPage - Clicking Accounts Tab
2025-06-17 17:18:01 [main] INFO  a.pages.AccountsPage - ⏳ Waiting for spinner to fully disappear...
2025-06-17 17:18:11 [main] INFO  a.pages.AccountsPage - ✅ Spinner disappeared.
2025-06-17 17:18:11 [main] INFO  a.pages.AccountsPage - ⏳ Waiting for spinner to fully disappear...
2025-06-17 17:18:12 [main] INFO  a.pages.AccountsPage - ✅ Spinner disappeared.
2025-06-17 17:18:12 [main] INFO  a.pages.AccountsPage - ⏳ Waiting for spinner to fully disappear...
2025-06-17 17:18:25 [main] INFO  a.pages.AccountsPage - ✅ Spinner disappeared.
2025-06-17 17:18:45 [main] INFO  a.pages.AccountsPage - ✅ Accounts Tab Clicked
2025-06-17 17:18:45 [main] INFO  a.pages.AccountsPage - ✅ 'Detailed Statement' found after clicking Accounts Tab.
2025-06-17 17:18:45 [main] INFO  a.pages.AccountsPage - ⏳ Waiting for spinner to fully disappear...
2025-06-17 17:18:55 [main] INFO  a.pages.AccountsPage - ✅ Spinner disappeared.
2025-06-17 17:18:56 [main] INFO  a.pages.AccountsPage - ⏳ Waiting for spinner to fully disappear...
2025-06-17 17:19:05 [main] INFO  a.pages.AccountsPage - ✅ Spinner disappeared.
2025-06-17 17:19:25 [main] INFO  a.pages.AccountsPage - ⏳ Waiting for spinner to fully disappear...
2025-06-17 17:19:35 [main] INFO  a.pages.AccountsPage - ✅ Spinner disappeared.
2025-06-17 17:19:35 [main] INFO  a.pages.AccountsPage - ⏳ Waiting for spinner to fully disappear...
2025-06-17 17:19:46 [main] INFO  a.pages.AccountsPage - ✅ Spinner disappeared.
2025-06-17 17:20:06 [main] INFO  a.pages.AccountsPage - ⏳ Waiting for spinner to fully disappear...
2025-06-17 17:20:16 [main] INFO  a.pages.AccountsPage - ✅ Spinner disappeared.
2025-06-17 17:20:16 [main] INFO  a.pages.AccountsPage - ⏳ Waiting for spinner to fully disappear...
2025-06-17 17:20:27 [main] INFO  a.pages.AccountsPage - ✅ Spinner disappeared.
2025-06-17 17:20:47 [main] INFO  a.pages.AccountsPage - ⏳ Waiting for spinner to fully disappear...
2025-06-17 17:20:57 [main] INFO  a.pages.AccountsPage - ✅ Spinner disappeared.
2025-06-17 17:20:58 [main] INFO  a.pages.AccountsPage - ⏳ Waiting for spinner to fully disappear...
2025-06-17 17:21:18 [main] WARN  a.pages.AccountsPage - ⚠️ Spinner wait skipped or failed gracefully.
2025-06-17 17:22:08 [main] INFO  a.pages.AccountsPage - ⏳ Waiting for spinner to fully disappear...
2025-06-17 17:22:19 [main] INFO  a.pages.AccountsPage - ✅ Spinner disappeared.
2025-06-17 17:22:19 [main] INFO  a.pages.AccountsPage - ⏳ Waiting for spinner to fully disappear...
2025-06-17 17:22:29 [main] INFO  a.pages.AccountsPage - ✅ Spinner disappeared.
2025-06-17 17:22:29 [main] INFO  a.pages.AccountsPage - ⏳ Waiting for spinner to fully disappear...
2025-06-17 17:22:40 [main] INFO  a.pages.AccountsPage - ✅ Spinner disappeared.
2025-06-17 17:22:40 [main] INFO  a.pages.AccountsPage - ⏳ Waiting for spinner to fully disappear...
2025-06-17 17:22:55 [main] WARN  a.pages.AccountsPage - ⚠️ Spinner wait skipped or failed gracefully.
2025-06-17 17:22:55 [main] INFO  a.pages.AccountsPage - 🎉 Custom statement download for 6 months (PDF format) triggered successfully.
2025-06-17 17:22:55 [main] INFO  a.pages.AccountsPage - ▶️ Starting: Download Custom Statement for 12 in XLS format
2025-06-17 17:22:55 [main] INFO  a.pages.AccountsPage - 🔍 Checking if 'Detailed Statement' is visible.
2025-06-17 17:23:00 [main] WARN  a.pages.AccountsPage - ⚠️ 'Detailed Statement' not visible. Clicking Accounts Tab first.
2025-06-17 17:23:00 [main] INFO  a.pages.AccountsPage - Clicking Accounts Tab
2025-06-17 17:23:00 [main] INFO  a.pages.AccountsPage - ⏳ Waiting for spinner to fully disappear...
2025-06-17 17:23:11 [main] INFO  a.pages.AccountsPage - ✅ Spinner disappeared.
2025-06-17 17:23:11 [main] INFO  a.pages.AccountsPage - ⏳ Waiting for spinner to fully disappear...
2025-06-17 17:23:28 [main] WARN  a.pages.AccountsPage - ⚠️ Spinner wait skipped or failed gracefully.
2025-06-17 17:23:28 [main] INFO  a.pages.AccountsPage - ⏳ Waiting for spinner to fully disappear...
2025-06-17 17:23:43 [main] WARN  a.pages.AccountsPage - ⚠️ Spinner wait skipped or failed gracefully.
2025-06-17 17:24:04 [main] INFO  a.pages.AccountsPage - ✅ Accounts Tab Clicked
2025-06-17 17:24:04 [main] INFO  a.pages.AccountsPage - ✅ 'Detailed Statement' found after clicking Accounts Tab.
2025-06-17 17:24:04 [main] INFO  a.pages.AccountsPage - ⏳ Waiting for spinner to fully disappear...
2025-06-17 17:24:14 [main] INFO  a.pages.AccountsPage - ✅ Spinner disappeared.
2025-06-17 17:24:14 [main] INFO  a.pages.AccountsPage - ⏳ Waiting for spinner to fully disappear...
2025-06-17 17:24:33 [main] WARN  a.pages.AccountsPage - ⚠️ Spinner wait skipped or failed gracefully.
2025-06-17 17:24:53 [main] INFO  a.pages.AccountsPage - ⏳ Waiting for spinner to fully disappear...
2025-06-17 17:25:08 [main] WARN  a.pages.AccountsPage - ⚠️ Spinner wait skipped or failed gracefully.
2025-06-17 17:25:09 [main] WARN  a.pages.AccountsPage - ⚠️ Click intercepted attempt 1/3: element click intercepted: Element <button _ngcontent-ng-c1879628175="" appblockdblclick="" class="account_button gap-2 px-1 py-2 flex justify-content-center w-4">...</button> is not clickable at point (1288, 338). Other element would receive the click: <div _ngcontent-ng-c587276320="" class="ngx-spinner-overlay ng-tns-c587276320-1 ng-trigger ng-trigger-fadeIn ng-star-inserted ng-animating" style="background-color: rgba(51, 51, 51, 0.8); z-index: 99999; position: fixed;">...</div>
  (Session info: chrome=137.0.7151.104)
Build info: version: '4.20.0', revision: '866c76ca80'
System info: os.name: 'Windows 11', os.arch: 'amd64', os.version: '10.0', java.version: '17.0.12'
Driver info: org.openqa.selenium.chrome.ChromeDriver
Command: [d4dfed81872f52549167ddac994624f5, clickElement {id=f.CBC9472A24D9868ACDEC74C76CAB1DBF.d.0883A14759F78E6247DADEA8536556E3.e.336}]
Capabilities {acceptInsecureCerts: false, browserName: chrome, browserVersion: 137.0.7151.104, chrome: {chromedriverVersion: 137.0.7151.70 (dfa4dc56b2ab..., userDataDir: C:\Users\rajum\AppData\Loca...}, fedcm:accounts: true, goog:chromeOptions: {debuggerAddress: localhost:57394}, networkConnectionEnabled: false, pageLoadStrategy: normal, platformName: windows, proxy: Proxy(), se:cdp: ws://localhost:57394/devtoo..., se:cdpVersion: 137.0.7151.104, setWindowRect: true, strictFileInteractability: false, timeouts: {implicit: 0, pageLoad: 300000, script: 30000}, unhandledPromptBehavior: dismiss and notify, webauthn:extension:credBlob: true, webauthn:extension:largeBlob: true, webauthn:extension:minPinLength: true, webauthn:extension:prf: true, webauthn:virtualAuthenticators: true}
Element: [[ChromeDriver: chrome on windows (d4dfed81872f52549167ddac994624f5)] -> xpath: //button[contains(text(),'Custom')]]
Session ID: d4dfed81872f52549167ddac994624f5
2025-06-17 17:25:10 [main] INFO  a.pages.AccountsPage - ⏳ Waiting for spinner to fully disappear...
2025-06-17 17:25:25 [main] WARN  a.pages.AccountsPage - ⚠️ Spinner wait skipped or failed gracefully.
2025-06-17 17:25:26 [main] WARN  a.pages.AccountsPage - ⚠️ Click intercepted attempt 2/3: element click intercepted: Element <button _ngcontent-ng-c1879628175="" appblockdblclick="" class="account_button gap-2 px-1 py-2 flex justify-content-center w-4">...</button> is not clickable at point (1288, 338). Other element would receive the click: <div _ngcontent-ng-c587276320="" class="ngx-spinner-overlay ng-tns-c587276320-1 ng-trigger ng-trigger-fadeIn ng-star-inserted ng-animating" style="background-color: rgba(51, 51, 51, 0.8); z-index: 99999; position: fixed;">...</div>
  (Session info: chrome=137.0.7151.104)
Build info: version: '4.20.0', revision: '866c76ca80'
System info: os.name: 'Windows 11', os.arch: 'amd64', os.version: '10.0', java.version: '17.0.12'
Driver info: org.openqa.selenium.chrome.ChromeDriver
Command: [d4dfed81872f52549167ddac994624f5, clickElement {id=f.CBC9472A24D9868ACDEC74C76CAB1DBF.d.0883A14759F78E6247DADEA8536556E3.e.336}]
Capabilities {acceptInsecureCerts: false, browserName: chrome, browserVersion: 137.0.7151.104, chrome: {chromedriverVersion: 137.0.7151.70 (dfa4dc56b2ab..., userDataDir: C:\Users\rajum\AppData\Loca...}, fedcm:accounts: true, goog:chromeOptions: {debuggerAddress: localhost:57394}, networkConnectionEnabled: false, pageLoadStrategy: normal, platformName: windows, proxy: Proxy(), se:cdp: ws://localhost:57394/devtoo..., se:cdpVersion: 137.0.7151.104, setWindowRect: true, strictFileInteractability: false, timeouts: {implicit: 0, pageLoad: 300000, script: 30000}, unhandledPromptBehavior: dismiss and notify, webauthn:extension:credBlob: true, webauthn:extension:largeBlob: true, webauthn:extension:minPinLength: true, webauthn:extension:prf: true, webauthn:virtualAuthenticators: true}
Element: [[ChromeDriver: chrome on windows (d4dfed81872f52549167ddac994624f5)] -> xpath: //button[contains(text(),'Custom')]]
Session ID: d4dfed81872f52549167ddac994624f5
2025-06-17 17:25:27 [main] INFO  a.pages.AccountsPage - ⏳ Waiting for spinner to fully disappear...
2025-06-17 17:25:35 [main] INFO  a.pages.AccountsPage - ✅ Spinner disappeared.
2025-06-17 17:25:35 [main] INFO  a.pages.AccountsPage - ⏳ Waiting for spinner to fully disappear...
2025-06-17 17:25:46 [main] INFO  a.pages.AccountsPage - ✅ Spinner disappeared.
2025-06-17 17:26:06 [main] INFO  a.pages.AccountsPage - ⏳ Waiting for spinner to fully disappear...
2025-06-17 17:26:16 [main] INFO  a.pages.AccountsPage - ✅ Spinner disappeared.
2025-06-17 17:26:17 [main] INFO  a.pages.AccountsPage - ⏳ Waiting for spinner to fully disappear...
2025-06-17 17:26:27 [main] INFO  a.pages.AccountsPage - ✅ Spinner disappeared.
2025-06-17 17:26:47 [main] INFO  a.pages.AccountsPage - ⏳ Waiting for spinner to fully disappear...
2025-06-17 17:26:58 [main] INFO  a.pages.AccountsPage - ✅ Spinner disappeared.
2025-06-17 17:26:58 [main] INFO  a.pages.AccountsPage - ⏳ Waiting for spinner to fully disappear...
2025-06-17 17:27:21 [main] WARN  a.pages.AccountsPage - ⚠️ Spinner wait skipped or failed gracefully.
2025-06-17 17:28:11 [main] INFO  a.pages.AccountsPage - ⏳ Waiting for spinner to fully disappear...
2025-06-17 17:28:22 [main] INFO  a.pages.AccountsPage - ✅ Spinner disappeared.
2025-06-17 17:28:22 [main] INFO  a.pages.AccountsPage - ⏳ Waiting for spinner to fully disappear...
2025-06-17 17:28:32 [main] INFO  a.pages.AccountsPage - ✅ Spinner disappeared.
2025-06-17 17:28:48 [main] ERROR a.pages.AccountsPage - ❌ Error during custom statement download (12 months - XLS): Expected condition failed: waiting for element to be clickable: By.xpath: //img[contains(@src,'ic_excel_file.svg') and @alt='excel'] (tried for 15 second(s) with 500 milliseconds interval)
Build info: version: '4.20.0', revision: '866c76ca80'
System info: os.name: 'Windows 11', os.arch: 'amd64', os.version: '10.0', java.version: '17.0.12'
Driver info: org.openqa.selenium.chrome.ChromeDriver
Capabilities {acceptInsecureCerts: false, browserName: chrome, browserVersion: 137.0.7151.104, chrome: {chromedriverVersion: 137.0.7151.70 (dfa4dc56b2ab..., userDataDir: C:\Users\rajum\AppData\Loca...}, fedcm:accounts: true, goog:chromeOptions: {debuggerAddress: localhost:57394}, networkConnectionEnabled: false, pageLoadStrategy: normal, platformName: windows, proxy: Proxy(), se:cdp: ws://localhost:57394/devtoo..., se:cdpVersion: 137.0.7151.104, setWindowRect: true, strictFileInteractability: false, timeouts: {implicit: 0, pageLoad: 300000, script: 30000}, unhandledPromptBehavior: dismiss and notify, webauthn:extension:credBlob: true, webauthn:extension:largeBlob: true, webauthn:extension:minPinLength: true, webauthn:extension:prf: true, webauthn:virtualAuthenticators: true}
Session ID: d4dfed81872f52549167ddac994624f5
2025-06-17 17:28:49 [main] INFO  automationFramework.utils.LoggerUtil - 🧹 Finalizing report...
2025-06-17 17:28:49 [main] INFO  automationFramework.utils.LoggerUtil - 📧 Sending report via email...
2025-06-17 17:28:55 [main] INFO  org.testng.internal.Utils - [TestNG] Time taken by org.testng.reporters.jq.Main@52d68eb9: 128 ms
2025-06-17 17:28:55 [main] INFO  org.testng.internal.Utils - [TestNG] Time taken by org.testng.reporters.FailedReporter@487f025: 41 ms
2025-06-17 17:28:55 [main] INFO  org.testng.internal.Utils - [TestNG] Time taken by org.testng.reporters.XMLReporter@4dd28982: 37 ms
2025-06-17 17:28:55 [main] INFO  org.testng.internal.Utils - [TestNG] Time taken by org.testng.reporters.EmailableReporter2@3582077c: 36 ms
2025-06-17 17:28:55 [main] INFO  org.testng.internal.Utils - [TestNG] Time taken by org.testng.reporters.JUnitReportReporter@6d0cc47d: 26 ms
2025-06-17 17:28:55 [main] INFO  org.testng.internal.Utils - [TestNG] Time taken by org.testng.internal.ExitCodeListener@56dae6: 0 ms
