2025-06-18 18:38:37 [main] INFO  org.testng.internal.Utils - [Utils] MethodGroupsHelper.collectMethodsByGroup() took 1 ms.
2025-06-18 18:38:37 [main] INFO  org.testng.internal.Utils - [Utils] MethodGroupsHelper.sortMethods() took 2 ms.
2025-06-18 18:38:37 [main] INFO  org.testng.internal.Utils - [Utils] MethodGroupsHelper.collectMethodsByGroup() took 0 ms.
2025-06-18 18:38:37 [main] INFO  org.testng.internal.Utils - [Utils] MethodGroupsHelper.sortMethods() took 0 ms.
2025-06-18 18:38:37 [main] INFO  org.testng.internal.Utils - [Utils] MethodGroupsHelper.collectMethodsByGroup() took 0 ms.
2025-06-18 18:38:37 [main] INFO  org.testng.internal.Utils - [Utils] MethodGroupsHelper.sortMethods() took 0 ms.
2025-06-18 18:38:37 [main] INFO  org.testng.internal.Utils - [Utils] MethodGroupsHelper.collectMethodsByGroup() took 0 ms.
2025-06-18 18:38:37 [main] INFO  org.testng.internal.Utils - [Utils] MethodGroupsHelper.sortMethods() took 0 ms.
2025-06-18 18:38:37 [main] INFO  org.testng.internal.Utils - [Utils] MethodGroupsHelper.collectMethodsByGroup() took 6 ms.
2025-06-18 18:38:37 [main] INFO  org.testng.internal.Utils - [Utils] MethodGroupsHelper.sortMethods() took 17 ms.
2025-06-18 18:38:37 [main] INFO  org.testng.internal.Utils - [Utils] MethodGroupsHelper.collectMethodsByGroup() took 0 ms.
2025-06-18 18:38:37 [main] INFO  org.testng.internal.Utils - [Utils] MethodGroupsHelper.sortMethods() took 0 ms.
2025-06-18 18:38:37 [main] INFO  org.testng.internal.Utils - [Utils] MethodGroupsHelper.collectMethodsByGroup() took 0 ms.
2025-06-18 18:38:37 [main] INFO  org.testng.internal.Utils - [Utils] MethodGroupsHelper.sortMethods() took 0 ms.
2025-06-18 18:38:37 [main] INFO  org.testng.internal.Utils - [Utils] MethodGroupsHelper.collectMethodsByGroup() took 0 ms.
2025-06-18 18:38:37 [main] INFO  org.testng.internal.Utils - [Utils] MethodGroupsHelper.sortMethods() took 1 ms.
2025-06-18 18:38:37 [main] INFO  org.testng.internal.Utils - [Utils] MethodGroupsHelper.collectMethodsByGroup() took 0 ms.
2025-06-18 18:38:37 [main] INFO  org.testng.internal.Utils - [Utils] MethodGroupsHelper.sortMethods() took 0 ms.
2025-06-18 18:38:37 [main] INFO  org.testng.internal.Utils - [Utils] MethodGroupsHelper.collectMethodsByGroup() took 0 ms.
2025-06-18 18:38:37 [main] INFO  org.testng.internal.Utils - [Utils] MethodGroupsHelper.sortMethods() took 1 ms.
2025-06-18 18:38:37 [main] INFO  org.testng.internal.Utils - [Utils] MethodGroupsHelper.collectMethodsByGroup() took 0 ms.
2025-06-18 18:38:37 [main] INFO  org.testng.internal.Utils - [Utils] MethodGroupsHelper.sortMethods() took 0 ms.
2025-06-18 18:38:37 [main] INFO  org.testng.internal.Utils - [Utils] MethodGroupsHelper.collectMethodsByGroup() took 0 ms.
2025-06-18 18:38:37 [main] INFO  org.testng.internal.Utils - [Utils] MethodGroupsHelper.sortMethods() took 0 ms.
2025-06-18 18:38:37 [main] INFO  org.testng.internal.Utils - [Utils] MethodGroupsHelper.collectMethodsByGroup() took 0 ms.
2025-06-18 18:38:37 [main] INFO  org.testng.internal.Utils - [Utils] MethodGroupsHelper.sortMethods() took 8 ms.
2025-06-18 18:38:37 [main] INFO  org.testng.internal.Utils - [Utils] MethodGroupsHelper.collectMethodsByGroup() took 0 ms.
2025-06-18 18:38:37 [main] INFO  org.testng.internal.Utils - [Utils] MethodGroupsHelper.sortMethods() took 1 ms.
2025-06-18 18:38:37 [main] INFO  org.testng.internal.Utils - [Utils] MethodGroupsHelper.collectMethodsByGroup() took 0 ms.
2025-06-18 18:38:37 [main] INFO  org.testng.internal.Utils - [Utils] MethodGroupsHelper.sortMethods() took 0 ms.
2025-06-18 18:38:37 [main] INFO  org.testng.internal.Utils - [TestNG] Running:
  C:\Users\rajum\AppData\Local\Temp\testng-eclipse--931160008\testng-customsuite.xml

2025-06-18 18:38:37 [main] INFO  org.testng.internal.Utils - [Utils] DynamicGraphHelper.createDynamicGraph() took 8 ms.
2025-06-18 18:38:37 [main] INFO  automationFramework.utils.LoggerUtil - 🔧 Launching browser and loading properties...
2025-06-18 18:38:38 [main] INFO  i.g.bonigarcia.wdm.WebDriverManager - Using chromedriver 137.0.7151.119 (resolved driver for Chrome 137)
2025-06-18 18:38:38 [main] INFO  i.g.bonigarcia.wdm.WebDriverManager - Exporting webdriver.chrome.driver as C:\Users\rajum\.cache\selenium\chromedriver\win64\137.0.7151.119\chromedriver.exe
2025-06-18 18:38:40 [main] INFO  automationFramework.pages.LoginPage - ✅ Captcha wait time loaded: 10 seconds
2025-06-18 18:38:43 [main] INFO  automationFramework.pages.LoginPage - 🟦 Navigated to URL: https://uatnet.svcbank.com/ReachSVCInet/SVC-web/inet/netbanking
2025-06-18 18:38:43 [main] INFO  automationFramework.pages.LoginPage - ✅ Entered username: TEST001
2025-06-18 18:38:43 [main] INFO  automationFramework.pages.LoginPage - ⏳ Waiting for manual captcha input (10 seconds)
2025-06-18 18:38:54 [main] INFO  automationFramework.pages.LoginPage - ✅ Clicked first Login button
2025-06-18 18:38:54 [main] INFO  automationFramework.pages.LoginPage - ✅ Entered password
2025-06-18 18:38:55 [main] INFO  automationFramework.pages.LoginPage - ✅ Clicked final Login button
2025-06-18 18:38:57 [main] INFO  automationFramework.pages.LoginPage - 🎉 Login successful for user: TEST001
2025-06-18 18:38:57 [main] INFO  automationFramework.utils.LoggerUtil - ✅ Login successful
2025-06-18 18:38:57 [main] INFO  automationFramework.utils.LoggerUtil - ✅ Setup complete.
2025-06-18 18:38:57 [main] INFO  a.pages.ServicesPage - 🔄 Navigating to Services > Manage SMS...
2025-06-18 18:38:57 [main] INFO  a.pages.ServicesPage - ⏳ Waiting for spinner to fully disappear...
2025-06-18 18:39:11 [main] INFO  a.pages.ServicesPage - ✅ Spinner disappeared.
2025-06-18 18:39:11 [main] INFO  a.pages.ServicesPage - ⏳ Waiting for spinner to fully disappear...
2025-06-18 18:39:12 [main] INFO  a.pages.ServicesPage - ✅ Spinner disappeared.
2025-06-18 18:39:12 [main] INFO  a.pages.ServicesPage - ⏳ Waiting for spinner to fully disappear...
2025-06-18 18:39:23 [main] INFO  a.pages.ServicesPage - ✅ Spinner disappeared.
2025-06-18 18:39:23 [main] INFO  a.pages.ServicesPage - ⏳ Waiting for spinner to fully disappear...
2025-06-18 18:39:35 [main] INFO  a.pages.ServicesPage - ✅ Spinner disappeared.
2025-06-18 18:39:35 [main] INFO  a.pages.ServicesPage - ✅ Reached Manage SMS section.
2025-06-18 18:39:35 [main] INFO  a.pages.ServicesPage - 🔄 Generating random credit and debit amounts...
2025-06-18 18:39:35 [main] INFO  a.pages.ServicesPage - ✏️ Entering SMS thresholds - Credit: 6711, Debit: 899
2025-06-18 18:39:35 [main] INFO  a.pages.ServicesPage - ✅ Amounts entered successfully with Credit: 6711, Debit: 899
2025-06-18 18:39:35 [main] INFO  a.pages.ServicesPage - 💾 Clicking Save button...
2025-06-18 18:39:35 [main] INFO  a.pages.ServicesPage - ⏳ Waiting for spinner to fully disappear...
2025-06-18 18:39:45 [main] INFO  a.pages.ServicesPage - ✅ Spinner disappeared.
2025-06-18 18:39:45 [main] INFO  a.pages.ServicesPage - ⏳ Waiting for spinner to fully disappear...
2025-06-18 18:39:57 [main] INFO  a.pages.ServicesPage - ✅ Spinner disappeared.
2025-06-18 18:39:57 [main] INFO  a.pages.ServicesPage - 🔐 Entering OTP: 123456
2025-06-18 18:39:57 [main] INFO  a.pages.ServicesPage - ⏳ Waiting for spinner to fully disappear...
2025-06-18 18:40:07 [main] INFO  a.pages.ServicesPage - ✅ Spinner disappeared.
2025-06-18 18:40:07 [main] INFO  a.pages.ServicesPage - ⏳ Waiting for spinner to fully disappear...
2025-06-18 18:40:18 [main] INFO  a.pages.ServicesPage - ✅ Spinner disappeared.
2025-06-18 18:40:18 [main] INFO  a.pages.ServicesPage - ✅ OTP entered.
2025-06-18 18:40:18 [main] INFO  a.pages.ServicesPage - ➡️ Clicking Proceed...
2025-06-18 18:40:18 [main] INFO  a.pages.ServicesPage - ⏳ Waiting for spinner to fully disappear...
2025-06-18 18:40:28 [main] INFO  a.pages.ServicesPage - ✅ Spinner disappeared.
2025-06-18 18:40:28 [main] INFO  a.pages.ServicesPage - ⏳ Waiting for spinner to fully disappear...
2025-06-18 18:40:29 [main] INFO  a.pages.ServicesPage - ✅ Spinner disappeared.
2025-06-18 18:40:29 [main] INFO  a.pages.ServicesPage - ✅ Success popup visibility: true
2025-06-18 18:40:29 [main] INFO  a.pages.ServicesPage - 🆗 Clicking Okay on success popup...
2025-06-18 18:40:29 [main] INFO  a.pages.ServicesPage - ⏳ Waiting for spinner to fully disappear...
2025-06-18 18:40:40 [main] INFO  a.pages.ServicesPage - ✅ Spinner disappeared.
2025-06-18 18:40:40 [main] INFO  a.pages.ServicesPage - ⏳ Waiting for spinner to fully disappear...
2025-06-18 18:40:51 [main] INFO  a.pages.ServicesPage - ✅ Spinner disappeared.
2025-06-18 18:40:51 [main] INFO  automationFramework.utils.LoggerUtil - ✅ Threshold saved and verified successfully.
2025-06-18 18:40:51 [main] INFO  a.pages.ServicesPage - 🔄 Navigating to Services > Manage SMS...
2025-06-18 18:40:51 [main] INFO  a.pages.ServicesPage - ⏳ Waiting for spinner to fully disappear...
2025-06-18 18:41:01 [main] INFO  a.pages.ServicesPage - ✅ Spinner disappeared.
2025-06-18 18:41:01 [main] INFO  a.pages.ServicesPage - ⏳ Waiting for spinner to fully disappear...
2025-06-18 18:41:07 [main] INFO  a.pages.ServicesPage - ✅ Spinner disappeared.
2025-06-18 18:41:07 [main] INFO  a.pages.ServicesPage - ⏳ Waiting for spinner to fully disappear...
2025-06-18 18:41:18 [main] INFO  a.pages.ServicesPage - ✅ Spinner disappeared.
2025-06-18 18:41:18 [main] INFO  a.pages.ServicesPage - ⏳ Waiting for spinner to fully disappear...
2025-06-18 18:41:29 [main] INFO  a.pages.ServicesPage - ✅ Spinner disappeared.
2025-06-18 18:41:29 [main] INFO  a.pages.ServicesPage - ✅ Reached Manage SMS section.
2025-06-18 18:41:29 [main] INFO  a.pages.ServicesPage - 🔄 Setting invalid threshold values: empty=true, negative=false
2025-06-18 18:41:45 [main] INFO  a.pages.ServicesPage - 🔄 Navigating to Services > Manage SMS...
2025-06-18 18:41:45 [main] INFO  a.pages.ServicesPage - ⏳ Waiting for spinner to fully disappear...
