2025-06-19 10:33:54 [main] WARN  org.testng.xml.TestNGContentHandler - Failed to read [/C:/Users/rajum/eclipse-workspace/ToolsQA/SeleniumAutomotionSVCUATIB/testng-1.1.dtd] from CLASSPATH. Attempting to read from [file:///C:/Users/rajum/eclipse-workspace/ToolsQA/SeleniumAutomotionSVCUATIB/testng-1.1.dtd].
2025-06-19 10:33:54 [main] WARN  org.testng.xml.TestNGContentHandler - It is strongly recommended to add "<!DOCTYPE suite SYSTEM "https://testng.org/testng-1.1.dtd" >" at the top of the suite file [C:\Users\rajum\eclipse-workspace\ToolsQA\SeleniumAutomotionSVCUATIB\src\main\resources\testng.xml] otherwise TestNG may fail or not work as expected.
2025-06-19 10:33:55 [main] INFO  org.testng.internal.Utils - [TestNG] Running:
  C:\Users\rajum\eclipse-workspace\ToolsQA\SeleniumAutomotionSVCUATIB\src\main\resources\testng.xml

2025-06-19 10:33:55 [main] INFO  automationFramework.utils.LoggerUtil - Initializing browser and report...
2025-06-19 10:33:56 [main] INFO  i.g.bonigarcia.wdm.WebDriverManager - Using chromedriver 137.0.7151.119 (resolved driver for Chrome 137)
2025-06-19 10:33:56 [main] INFO  i.g.bonigarcia.wdm.WebDriverManager - Exporting webdriver.chrome.driver as C:\Users\rajum\.cache\selenium\chromedriver\win64\137.0.7151.119\chromedriver.exe
2025-06-19 10:33:58 [main] INFO  automationFramework.utils.LoggerUtil - Setup complete.
2025-06-19 10:33:58 [main] INFO  automationFramework.pages.LoginPage - ✅ Captcha wait time loaded: 10 seconds
2025-06-19 10:34:00 [main] INFO  automationFramework.pages.LoginPage - 🟦 Navigated to URL: https://uatnet.svcbank.com/ReachSVCInet/SVC-web/inet/netbanking
2025-06-19 10:34:01 [main] INFO  automationFramework.pages.LoginPage - ✅ Entered username: TEST001
2025-06-19 10:34:01 [main] INFO  automationFramework.pages.LoginPage - ⏳ Waiting for manual captcha input (10 seconds)
2025-06-19 10:34:11 [main] INFO  automationFramework.pages.LoginPage - ✅ Clicked first Login button
2025-06-19 10:34:11 [main] INFO  automationFramework.pages.LoginPage - ✅ Entered password
2025-06-19 10:34:12 [main] INFO  automationFramework.pages.LoginPage - ✅ Clicked final Login button
2025-06-19 10:34:13 [main] INFO  automationFramework.pages.LoginPage - 🎉 Login successful for user: TEST001
2025-06-19 10:34:13 [main] INFO  a.pages.PaymentHistoryPage - 🟦 [STEP] Clicking on the Payment tab.
2025-06-19 10:34:13 [main] INFO  a.pages.PaymentHistoryPage - ⏳ Waiting for spinner to fully disappear...
2025-06-19 10:34:17 [main] INFO  a.pages.PaymentHistoryPage - ✅ Spinner disappeared.
2025-06-19 10:34:17 [main] INFO  a.pages.PaymentHistoryPage - ⏳ Waiting for spinner to fully disappear...
2025-06-19 10:34:18 [main] WARN  a.pages.PaymentHistoryPage - ⚠️ Spinner wait skipped or failed gracefully.
2025-06-19 10:34:18 [main] INFO  a.pages.PaymentHistoryPage - ✅ [SUCCESS] Payment tab clicked.
2025-06-19 10:34:18 [main] INFO  a.pages.PaymentHistoryPage - ⏳ Waiting for spinner to fully disappear...
2025-06-19 10:34:18 [main] INFO  a.pages.PaymentHistoryPage - ✅ Spinner disappeared.
2025-06-19 10:34:18 [main] INFO  a.pages.PaymentHistoryPage - 🧪=== Starting Positive Test Cases for NEFT transaction for Payment to Payee ===
2025-06-19 10:34:18 [main] INFO  a.pages.PaymentHistoryPage - 🚀 [START] Initiating payment to payee: DXFCHGV
2025-06-19 10:34:18 [main] INFO  a.pages.PaymentHistoryPage - ⏳ Waiting for spinner to fully disappear...
2025-06-19 10:34:19 [main] INFO  a.pages.PaymentHistoryPage - ✅ Spinner disappeared.
2025-06-19 10:34:19 [main] INFO  a.pages.PaymentHistoryPage - ⏳ Waiting for spinner to fully disappear...
2025-06-19 10:34:20 [main] INFO  a.pages.PaymentHistoryPage - ✅ Spinner disappeared.
2025-06-19 10:34:20 [main] INFO  a.pages.PaymentHistoryPage - ✅ [SUCCESS] Payee selected: DXFCHGV
2025-06-19 10:34:20 [main] INFO  a.pages.PaymentHistoryPage - ✅ [SUCCESS] Entered amount: ₹1
2025-06-19 10:34:20 [main] INFO  a.pages.PaymentHistoryPage - ✅ Amount '1' entered successfully.
2025-06-19 10:34:20 [main] INFO  a.pages.PaymentHistoryPage - ⏳ Waiting for spinner to fully disappear...
2025-06-19 10:34:22 [main] INFO  a.pages.PaymentHistoryPage - ✅ Spinner disappeared.
2025-06-19 10:34:22 [main] INFO  a.pages.PaymentHistoryPage - ✅ Spinner disappeared after entering amount.
2025-06-19 10:34:22 [main] INFO  a.pages.PaymentHistoryPage - ✅ No critical service errors detected.
2025-06-19 10:34:22 [main] INFO  a.pages.PaymentHistoryPage - 🟦 [STEP] Selecting NEFT option
2025-06-19 10:34:22 [main] INFO  a.pages.PaymentHistoryPage - Attempting to click NEFT option (Attempt 1)
2025-06-19 10:34:23 [main] INFO  a.pages.PaymentHistoryPage - 🔄 NEFT clicked via Actions.
2025-06-19 10:34:23 [main] INFO  a.pages.PaymentHistoryPage - ✅ NEFT option selected successfully.
2025-06-19 10:34:23 [main] INFO  a.pages.PaymentHistoryPage - ✅ NEFT option selected.
2025-06-19 10:34:23 [main] INFO  a.pages.PaymentHistoryPage - ✅ [SUCCESS] Entered remarks: test value
2025-06-19 10:34:23 [main] INFO  a.pages.PaymentHistoryPage - ✅ Remarks entered.
2025-06-19 10:34:23 [main] INFO  a.pages.PaymentHistoryPage - ⏳ Waiting for spinner to fully disappear...
2025-06-19 10:34:24 [main] INFO  a.pages.PaymentHistoryPage - ✅ Spinner disappeared.
2025-06-19 10:34:24 [main] INFO  a.pages.PaymentHistoryPage - ⏳ Waiting for spinner to fully disappear...
2025-06-19 10:34:25 [main] INFO  a.pages.PaymentHistoryPage - ✅ Spinner disappeared.
2025-06-19 10:34:25 [main] INFO  a.pages.PaymentHistoryPage - ✅ [SUCCESS] Clicked Proceed after remarks.
2025-06-19 10:34:25 [main] INFO  a.pages.PaymentHistoryPage - ✅ Clicked on Proceed button after entering remarks.
2025-06-19 10:34:25 [main] INFO  a.pages.PaymentHistoryPage - ⏳ Waiting for spinner to fully disappear...
2025-06-19 10:34:25 [main] INFO  a.pages.PaymentHistoryPage - ✅ Spinner disappeared.
2025-06-19 10:34:25 [main] INFO  a.pages.PaymentHistoryPage - ⏳ Waiting for spinner to fully disappear...
2025-06-19 10:34:27 [main] INFO  a.pages.PaymentHistoryPage - ✅ Spinner disappeared.
2025-06-19 10:34:27 [main] INFO  a.pages.PaymentHistoryPage - ✅ [SUCCESS] Confirm button clicked.
2025-06-19 10:34:27 [main] INFO  a.pages.PaymentHistoryPage - ✅ Confirm button clicked.
2025-06-19 10:34:27 [main] INFO  a.pages.PaymentHistoryPage - ✅ [SUCCESS] OTP entered.
2025-06-19 10:34:27 [main] INFO  a.pages.PaymentHistoryPage - ✅ OTP entered.
2025-06-19 10:34:27 [main] INFO  a.pages.PaymentHistoryPage - Waiting for any overlay/spinner to disappear.
2025-06-19 10:34:27 [main] INFO  a.pages.PaymentHistoryPage - ✅ [SUCCESS] Final Proceed clicked after OTP.
2025-06-19 10:34:27 [main] INFO  a.pages.PaymentHistoryPage - ✅ Final Proceed button clicked.
