2025-06-13 13:21:07 [main] WARN  org.testng.xml.TestNGContentHandler - Failed to read [/C:/Users/rajum/eclipse-workspace/ToolsQA/SeleniumAutomotionSVCUATIB/testng-1.1.dtd] from CLASSPATH. Attempting to read from [file:///C:/Users/rajum/eclipse-workspace/ToolsQA/SeleniumAutomotionSVCUATIB/testng-1.1.dtd].
2025-06-13 13:21:07 [main] WARN  org.testng.xml.TestNGContentHandler - It is strongly recommended to add "<!DOCTYPE suite SYSTEM "https://testng.org/testng-1.1.dtd" >" at the top of the suite file [C:\Users\rajum\eclipse-workspace\ToolsQA\SeleniumAutomotionSVCUATIB\src\main\resources\testng.xml] otherwise TestNG may fail or not work as expected.
2025-06-13 13:21:07 [main] INFO  org.testng.internal.Utils - [TestNG] Running:
  C:\Users\rajum\eclipse-workspace\ToolsQA\SeleniumAutomotionSVCUATIB\src\main\resources\testng.xml

2025-06-13 13:21:09 [main] INFO  i.g.bonigarcia.wdm.WebDriverManager - Using chromedriver 137.0.7151.70 (resolved driver for Chrome 137)
2025-06-13 13:21:09 [main] INFO  i.g.bonigarcia.wdm.WebDriverManager - Exporting webdriver.chrome.driver as C:\Users\rajum\.cache\selenium\chromedriver\win64\137.0.7151.70\chromedriver.exe
2025-06-13 13:21:11 [main] INFO  automationFramework.pages.LoginPage - ✅ [SUCCESS] Config loaded from 'config.properties': captcha.wait.seconds = 10 seconds.
2025-06-13 13:21:14 [main] INFO  automationFramework.pages.LoginPage - 🟦 [STEP] Navigated to URL: https://uatnet.svcbank.com/ReachSVCInet/SVC-web/inet/netbanking
2025-06-13 13:21:14 [main] INFO  automationFramework.pages.LoginPage - ✅ [SUCCESS] Entered username: TEST001
2025-06-13 13:21:14 [main] INFO  automationFramework.pages.LoginPage - ⏳ [WAIT] Waiting for manual captcha input. You have 10 seconds.
2025-06-13 13:21:24 [main] INFO  automationFramework.pages.LoginPage - ✅ [SUCCESS] Clicked first Login button (after captcha).
2025-06-13 13:21:25 [main] INFO  automationFramework.pages.LoginPage - ✅ [SUCCESS] Entered password.
2025-06-13 13:21:25 [main] INFO  automationFramework.pages.LoginPage - ✅ [SUCCESS] Clicked final Login button.
2025-06-13 13:21:25 [main] INFO  automationFramework.pages.LoginPage - 🎉 [DONE] Login Test Completed successfully for user: TEST001.
2025-06-13 13:21:25 [main] INFO  a.pages.AccountsPage - Clicking Accounts Tab
2025-06-13 13:21:25 [main] INFO  a.pages.AccountsPage - ⏳ Waiting for spinner to fully disappear...
2025-06-13 13:21:31 [main] INFO  a.pages.AccountsPage - ✅ Spinner disappeared.
2025-06-13 13:21:31 [main] INFO  a.pages.AccountsPage - ⏳ Waiting for spinner to fully disappear...
2025-06-13 13:21:55 [main] INFO  a.pages.AccountsPage - ✅ Spinner disappeared.
2025-06-13 13:21:55 [main] INFO  a.pages.AccountsPage - ⏳ Waiting for spinner to fully disappear...
2025-06-13 13:22:15 [main] INFO  a.pages.AccountsPage - ✅ Spinner disappeared.
2025-06-13 13:22:15 [main] INFO  a.pages.AccountsPage - ✅ Accounts Tab Clicked
2025-06-13 13:22:15 [main] INFO  a.pages.AccountsPage - ⏳ Waiting for spinner to fully disappear...
2025-06-13 13:22:35 [main] INFO  a.pages.AccountsPage - ✅ Spinner disappeared.
2025-06-13 13:22:35 [main] INFO  a.pages.AccountsPage - Scrolling to 'View Balance Components' button
2025-06-13 13:22:35 [main] INFO  a.pages.AccountsPage - ⏳ Waiting for spinner to fully disappear...
2025-06-13 13:22:56 [main] INFO  a.pages.AccountsPage - ✅ Spinner disappeared.
2025-06-13 13:22:56 [main] INFO  a.pages.AccountsPage - Clicking 'View Balance Components' button
2025-06-13 13:22:56 [main] INFO  a.pages.AccountsPage - ⏳ Waiting for spinner to fully disappear...
2025-06-13 13:23:16 [main] INFO  a.pages.AccountsPage - ✅ Spinner disappeared.
2025-06-13 13:23:16 [main] INFO  a.pages.AccountsPage - ⏳ Waiting for spinner to fully disappear...
2025-06-13 13:23:37 [main] INFO  a.pages.AccountsPage - ✅ Spinner disappeared.
2025-06-13 13:23:37 [main] INFO  a.pages.AccountsPage - ⏳ Waiting for spinner to fully disappear...
2025-06-13 13:23:59 [main] INFO  a.pages.AccountsPage - ✅ Spinner disappeared.
2025-06-13 13:23:59 [main] INFO  a.pages.AccountsPage - ⏳ Waiting for spinner to fully disappear...
2025-06-13 13:24:19 [main] INFO  a.pages.AccountsPage - ✅ Spinner disappeared.
2025-06-13 13:24:19 [main] INFO  a.pages.AccountsPage - Closing balance modal
2025-06-13 13:24:19 [main] INFO  a.pages.AccountsPage - ⏳ Waiting for spinner to fully disappear...
2025-06-13 13:24:40 [main] INFO  a.pages.AccountsPage - ✅ Spinner disappeared.
2025-06-13 13:24:40 [main] INFO  a.pages.AccountsPage - ⏳ Waiting for spinner to fully disappear...
2025-06-13 13:25:00 [main] INFO  a.pages.AccountsPage - ✅ Spinner disappeared.
2025-06-13 13:25:01 [main] INFO  a.pages.AccountsPage - ⏳ Waiting for spinner to fully disappear...
2025-06-13 13:25:21 [main] INFO  a.pages.AccountsPage - ✅ Spinner disappeared.
2025-06-13 13:25:21 [main] INFO  a.pages.AccountsPage - ✅ Modal closed.
2025-06-13 13:25:21 [main] INFO  a.pages.AccountsPage - ⏳ Waiting for spinner to fully disappear...
2025-06-13 13:25:41 [main] INFO  a.pages.AccountsPage - ✅ Spinner disappeared.
2025-06-13 13:25:42 [main] INFO  a.pages.AccountsPage - ▶️ Starting: Download 1 Month Statement in PDF format
2025-06-13 13:25:42 [main] INFO  a.pages.AccountsPage - Clicking Accounts Tab
2025-06-13 13:25:42 [main] INFO  a.pages.AccountsPage - ⏳ Waiting for spinner to fully disappear...
2025-06-13 13:26:02 [main] INFO  a.pages.AccountsPage - ✅ Spinner disappeared.
2025-06-13 13:26:02 [main] INFO  a.pages.AccountsPage - ⏳ Waiting for spinner to fully disappear...
2025-06-13 13:26:25 [main] INFO  a.pages.AccountsPage - ✅ Spinner disappeared.
2025-06-13 13:26:25 [main] INFO  a.pages.AccountsPage - ⏳ Waiting for spinner to fully disappear...
2025-06-13 13:26:45 [main] INFO  a.pages.AccountsPage - ✅ Spinner disappeared.
2025-06-13 13:26:45 [main] INFO  a.pages.AccountsPage - ✅ Accounts Tab Clicked
2025-06-13 13:26:45 [main] INFO  a.pages.AccountsPage - ⏳ Waiting for spinner to fully disappear...
2025-06-13 13:27:06 [main] INFO  a.pages.AccountsPage - ✅ Spinner disappeared.
2025-06-13 13:27:06 [main] INFO  a.pages.AccountsPage - ⏳ Waiting for spinner to fully disappear...
2025-06-13 13:27:07 [main] INFO  a.pages.AccountsPage - ✅ Spinner disappeared.
2025-06-13 13:27:07 [main] INFO  a.pages.AccountsPage - ⏳ Waiting for spinner to fully disappear...
2025-06-13 13:27:28 [main] INFO  a.pages.AccountsPage - ✅ Spinner disappeared.
2025-06-13 13:27:28 [main] INFO  a.pages.AccountsPage - ✅ Detailed Account Statement Button Clicked
2025-06-13 13:27:28 [main] INFO  a.pages.AccountsPage - ⏳ Waiting for spinner to fully disappear...
2025-06-13 13:27:49 [main] INFO  a.pages.AccountsPage - ✅ Spinner disappeared.
2025-06-13 13:27:49 [main] INFO  a.pages.AccountsPage - ⏳ Waiting for spinner to fully disappear...
2025-06-13 13:28:09 [main] INFO  a.pages.AccountsPage - ✅ Spinner disappeared.
2025-06-13 13:28:09 [main] INFO  a.pages.AccountsPage - ✅ Download Button Clicked
2025-06-13 13:28:09 [main] INFO  a.pages.AccountsPage - ✅ Default Format (PDF) Selected
2025-06-13 13:28:09 [main] INFO  a.pages.AccountsPage - ⏳ Waiting for spinner to fully disappear...
2025-06-13 13:28:30 [main] INFO  a.pages.AccountsPage - ✅ Spinner disappeared.
2025-06-13 13:28:30 [main] INFO  a.pages.AccountsPage - ⏳ Waiting for spinner to fully disappear...
2025-06-13 13:28:45 [main] WARN  a.pages.AccountsPage - ⚠️ Spinner wait skipped or failed gracefully.
2025-06-13 13:28:45 [main] INFO  a.pages.AccountsPage - ✅ Download Statement Button Clicked
2025-06-13 13:28:45 [main] INFO  a.pages.AccountsPage - ⏳ Waiting for spinner to fully disappear...
2025-06-13 13:29:08 [main] INFO  a.pages.AccountsPage - ✅ Spinner disappeared.
2025-06-13 13:29:08 [main] INFO  a.pages.AccountsPage - 🎉 Statement download for 1 Month (PDF format) triggered successfully.
2025-06-13 13:29:08 [main] INFO  a.pages.AccountsPage - ▶️ Starting: Download 3 Months Statement in PDF format
2025-06-13 13:29:08 [main] INFO  a.pages.AccountsPage - Clicking Accounts Tab
2025-06-13 13:29:08 [main] INFO  a.pages.AccountsPage - ⏳ Waiting for spinner to fully disappear...
2025-06-13 13:29:29 [main] INFO  a.pages.AccountsPage - ✅ Spinner disappeared.
2025-06-13 13:29:29 [main] INFO  a.pages.AccountsPage - ⏳ Waiting for spinner to fully disappear...
2025-06-13 13:29:51 [main] INFO  a.pages.AccountsPage - ✅ Spinner disappeared.
2025-06-13 13:29:51 [main] INFO  a.pages.AccountsPage - ⏳ Waiting for spinner to fully disappear...
2025-06-13 13:30:12 [main] INFO  a.pages.AccountsPage - ✅ Spinner disappeared.
2025-06-13 13:30:12 [main] INFO  a.pages.AccountsPage - ✅ Accounts Tab Clicked
2025-06-13 13:30:12 [main] INFO  a.pages.AccountsPage - ⏳ Waiting for spinner to fully disappear...
2025-06-13 13:30:32 [main] INFO  a.pages.AccountsPage - ✅ Spinner disappeared.
2025-06-13 13:30:32 [main] INFO  a.pages.AccountsPage - ⏳ Waiting for spinner to fully disappear...
2025-06-13 13:30:33 [main] INFO  a.pages.AccountsPage - ✅ Spinner disappeared.
2025-06-13 13:30:33 [main] INFO  a.pages.AccountsPage - ⏳ Waiting for spinner to fully disappear...
2025-06-13 13:30:54 [main] INFO  a.pages.AccountsPage - ✅ Spinner disappeared.
2025-06-13 13:30:54 [main] INFO  a.pages.AccountsPage - ✅ Detailed Account Statement Button Clicked
2025-06-13 13:30:54 [main] INFO  a.pages.AccountsPage - ⏳ Waiting for spinner to fully disappear...
2025-06-13 13:31:14 [main] INFO  a.pages.AccountsPage - ✅ Spinner disappeared.
2025-06-13 13:31:15 [main] INFO  a.pages.AccountsPage - ⏳ Waiting for spinner to fully disappear...
2025-06-13 13:31:37 [main] INFO  a.pages.AccountsPage - ✅ Spinner disappeared.
2025-06-13 13:31:37 [main] INFO  a.pages.AccountsPage - ⏳ Waiting for spinner to fully disappear...
2025-06-13 13:31:57 [main] INFO  a.pages.AccountsPage - ✅ Spinner disappeared.
2025-06-13 13:31:57 [main] INFO  a.pages.AccountsPage - ✅ 3 Months Button Clicked
2025-06-13 13:31:57 [main] INFO  a.pages.AccountsPage - ⏳ Waiting for spinner to fully disappear...
2025-06-13 13:32:17 [main] INFO  a.pages.AccountsPage - ✅ Spinner disappeared.
2025-06-13 13:32:18 [main] INFO  a.pages.AccountsPage - ⏳ Waiting for spinner to fully disappear...
2025-06-13 13:32:38 [main] INFO  a.pages.AccountsPage - ✅ Spinner disappeared.
2025-06-13 13:32:38 [main] INFO  a.pages.AccountsPage - ✅ Download Button Clicked
2025-06-13 13:32:38 [main] INFO  a.pages.AccountsPage - ✅ Default Format (PDF) Selected
2025-06-13 13:32:38 [main] INFO  a.pages.AccountsPage - ⏳ Waiting for spinner to fully disappear...
2025-06-13 13:32:58 [main] INFO  a.pages.AccountsPage - ✅ Spinner disappeared.
2025-06-13 13:32:59 [main] INFO  a.pages.AccountsPage - ⏳ Waiting for spinner to fully disappear...
2025-06-13 13:32:59 [main] INFO  a.pages.AccountsPage - ✅ Spinner disappeared.
2025-06-13 13:32:59 [main] INFO  a.pages.AccountsPage - ✅ Download Statement Button Clicked
2025-06-13 13:32:59 [main] INFO  a.pages.AccountsPage - ⏳ Waiting for spinner to fully disappear...
2025-06-13 13:33:35 [main] INFO  a.pages.AccountsPage - ✅ Spinner disappeared.
2025-06-13 13:33:35 [main] INFO  a.pages.AccountsPage - 🎉 Statement download for 3 Months (PDF format) triggered successfully.
2025-06-13 13:33:35 [main] INFO  a.pages.AccountsPage - ▶️ Starting: Download 1 Month Statement in XLS format
2025-06-13 13:33:35 [main] INFO  a.pages.AccountsPage - Clicking Accounts Tab
2025-06-13 13:33:35 [main] INFO  a.pages.AccountsPage - ⏳ Waiting for spinner to fully disappear...
2025-06-13 13:33:56 [main] INFO  a.pages.AccountsPage - ✅ Spinner disappeared.
2025-06-13 13:33:56 [main] INFO  a.pages.AccountsPage - ⏳ Waiting for spinner to fully disappear...
2025-06-13 13:33:57 [main] INFO  a.pages.AccountsPage - ✅ Spinner disappeared.
2025-06-13 13:33:57 [main] INFO  a.pages.AccountsPage - ⏳ Waiting for spinner to fully disappear...
2025-06-13 13:34:18 [main] INFO  a.pages.AccountsPage - ✅ Spinner disappeared.
2025-06-13 13:34:18 [main] INFO  a.pages.AccountsPage - ✅ Accounts Tab Clicked
2025-06-13 13:34:18 [main] INFO  a.pages.AccountsPage - ⏳ Waiting for spinner to fully disappear...
2025-06-13 13:34:38 [main] INFO  a.pages.AccountsPage - ✅ Spinner disappeared.
2025-06-13 13:34:38 [main] INFO  a.pages.AccountsPage - ⏳ Waiting for spinner to fully disappear...
2025-06-13 13:34:39 [main] INFO  a.pages.AccountsPage - ✅ Spinner disappeared.
2025-06-13 13:34:39 [main] INFO  a.pages.AccountsPage - ⏳ Waiting for spinner to fully disappear...
2025-06-13 13:35:00 [main] INFO  a.pages.AccountsPage - ✅ Spinner disappeared.
2025-06-13 13:35:00 [main] INFO  a.pages.AccountsPage - ✅ Detailed Account Statement Button Clicked
2025-06-13 13:35:00 [main] INFO  a.pages.AccountsPage - ⏳ Waiting for spinner to fully disappear...
2025-06-13 13:35:20 [main] INFO  a.pages.AccountsPage - ✅ Spinner disappeared.
2025-06-13 13:35:21 [main] INFO  a.pages.AccountsPage - ⏳ Waiting for spinner to fully disappear...
2025-06-13 13:35:41 [main] INFO  a.pages.AccountsPage - ✅ Spinner disappeared.
2025-06-13 13:35:41 [main] INFO  a.pages.AccountsPage - ✅ Download Button Clicked
2025-06-13 13:35:41 [main] INFO  a.pages.AccountsPage - ⏳ Waiting for spinner to fully disappear...
2025-06-13 13:36:01 [main] INFO  a.pages.AccountsPage - ✅ Spinner disappeared.
2025-06-13 13:36:01 [main] INFO  a.pages.AccountsPage - ⏳ Waiting for spinner to fully disappear...
2025-06-13 13:36:22 [main] INFO  a.pages.AccountsPage - ✅ Spinner disappeared.
2025-06-13 13:36:22 [main] INFO  a.pages.AccountsPage - ✅ XLS Format Selected
2025-06-13 13:36:22 [main] INFO  a.pages.AccountsPage - ⏳ Waiting for spinner to fully disappear...
2025-06-13 13:36:42 [main] INFO  a.pages.AccountsPage - ✅ Spinner disappeared.
2025-06-13 13:36:42 [main] INFO  a.pages.AccountsPage - ⏳ Waiting for spinner to fully disappear...
2025-06-13 13:36:43 [main] INFO  a.pages.AccountsPage - ✅ Spinner disappeared.
2025-06-13 13:36:43 [main] INFO  a.pages.AccountsPage - ✅ Download Statement Button Clicked
2025-06-13 13:36:43 [main] INFO  a.pages.AccountsPage - ⏳ Waiting for spinner to fully disappear...
2025-06-13 13:37:09 [main] INFO  a.pages.AccountsPage - ✅ Spinner disappeared.
2025-06-13 13:37:09 [main] INFO  a.pages.AccountsPage - 🎉 Statement download for 1 Month (XLS format) triggered successfully.
2025-06-13 13:37:09 [main] INFO  a.pages.AccountsPage - ▶️ Starting: Download 3 Months Statement in XLS format
2025-06-13 13:37:09 [main] INFO  a.pages.AccountsPage - Clicking Accounts Tab
2025-06-13 13:37:09 [main] INFO  a.pages.AccountsPage - ⏳ Waiting for spinner to fully disappear...
2025-06-13 13:37:30 [main] INFO  a.pages.AccountsPage - ✅ Spinner disappeared.
2025-06-13 13:37:30 [main] INFO  a.pages.AccountsPage - ⏳ Waiting for spinner to fully disappear...
2025-06-13 13:37:31 [main] INFO  a.pages.AccountsPage - ✅ Spinner disappeared.
2025-06-13 13:37:31 [main] INFO  a.pages.AccountsPage - ⏳ Waiting for spinner to fully disappear...
2025-06-13 13:37:52 [main] INFO  a.pages.AccountsPage - ✅ Spinner disappeared.
2025-06-13 13:37:52 [main] INFO  a.pages.AccountsPage - ✅ Accounts Tab Clicked
2025-06-13 13:37:52 [main] INFO  a.pages.AccountsPage - ⏳ Waiting for spinner to fully disappear...
2025-06-13 13:38:13 [main] INFO  a.pages.AccountsPage - ✅ Spinner disappeared.
2025-06-13 13:38:13 [main] INFO  a.pages.AccountsPage - ⏳ Waiting for spinner to fully disappear...
2025-06-13 13:38:14 [main] INFO  a.pages.AccountsPage - ✅ Spinner disappeared.
2025-06-13 13:38:14 [main] INFO  a.pages.AccountsPage - ⏳ Waiting for spinner to fully disappear...
2025-06-13 13:38:35 [main] INFO  a.pages.AccountsPage - ✅ Spinner disappeared.
2025-06-13 13:38:35 [main] INFO  a.pages.AccountsPage - ✅ Detailed Account Statement Button Clicked
2025-06-13 13:38:35 [main] INFO  a.pages.AccountsPage - ⏳ Waiting for spinner to fully disappear...
2025-06-13 13:38:55 [main] INFO  a.pages.AccountsPage - ✅ Spinner disappeared.
2025-06-13 13:38:55 [main] INFO  a.pages.AccountsPage - ⏳ Waiting for spinner to fully disappear...
2025-06-13 13:38:56 [main] INFO  a.pages.AccountsPage - ✅ Spinner disappeared.
2025-06-13 13:38:56 [main] INFO  a.pages.AccountsPage - ⏳ Waiting for spinner to fully disappear...
2025-06-13 13:39:17 [main] INFO  a.pages.AccountsPage - ✅ Spinner disappeared.
2025-06-13 13:39:17 [main] INFO  a.pages.AccountsPage - ✅ 3 Months Button Clicked
2025-06-13 13:39:17 [main] INFO  a.pages.AccountsPage - ⏳ Waiting for spinner to fully disappear...
2025-06-13 13:39:38 [main] INFO  a.pages.AccountsPage - ✅ Spinner disappeared.
2025-06-13 13:39:38 [main] INFO  a.pages.AccountsPage - ⏳ Waiting for spinner to fully disappear...
2025-06-13 13:39:58 [main] INFO  a.pages.AccountsPage - ✅ Spinner disappeared.
2025-06-13 13:39:58 [main] INFO  a.pages.AccountsPage - ✅ Download Button Clicked
2025-06-13 13:39:58 [main] INFO  a.pages.AccountsPage - ⏳ Waiting for spinner to fully disappear...
2025-06-13 13:40:19 [main] INFO  a.pages.AccountsPage - ✅ Spinner disappeared.
2025-06-13 13:40:19 [main] INFO  a.pages.AccountsPage - ⏳ Waiting for spinner to fully disappear...
2025-06-13 13:40:39 [main] INFO  a.pages.AccountsPage - ✅ Spinner disappeared.
2025-06-13 13:40:39 [main] INFO  a.pages.AccountsPage - ✅ XLS Format Selected
2025-06-13 13:40:39 [main] INFO  a.pages.AccountsPage - ⏳ Waiting for spinner to fully disappear...
2025-06-13 13:41:00 [main] INFO  a.pages.AccountsPage - ✅ Spinner disappeared.
2025-06-13 13:41:00 [main] INFO  a.pages.AccountsPage - ⏳ Waiting for spinner to fully disappear...
2025-06-13 13:41:01 [main] INFO  a.pages.AccountsPage - ✅ Spinner disappeared.
2025-06-13 13:41:01 [main] INFO  a.pages.AccountsPage - ✅ Download Statement Button Clicked
2025-06-13 13:41:01 [main] INFO  a.pages.AccountsPage - ⏳ Waiting for spinner to fully disappear...
2025-06-13 13:41:36 [main] INFO  a.pages.AccountsPage - ✅ Spinner disappeared.
2025-06-13 13:41:36 [main] INFO  a.pages.AccountsPage - 🎉 Statement download for 3 Months (XLS format) triggered successfully.
