2025-06-16 17:58:35 [main] WARN  org.testng.xml.TestNGContentHandler - Failed to read [/C:/Users/rajum/eclipse-workspace/ToolsQA/SeleniumAutomotionSVCUATIB/testng-1.1.dtd] from CLASSPATH. Attempting to read from [file:///C:/Users/rajum/eclipse-workspace/ToolsQA/SeleniumAutomotionSVCUATIB/testng-1.1.dtd].
2025-06-16 17:58:35 [main] WARN  org.testng.xml.TestNGContentHandler - It is strongly recommended to add "<!DOCTYPE suite SYSTEM "https://testng.org/testng-1.1.dtd" >" at the top of the suite file [C:\Users\rajum\eclipse-workspace\ToolsQA\SeleniumAutomotionSVCUATIB\src\main\resources\testng.xml] otherwise TestNG may fail or not work as expected.
2025-06-16 17:58:36 [main] INFO  org.testng.internal.Utils - [TestNG] Running:
  C:\Users\rajum\eclipse-workspace\ToolsQA\SeleniumAutomotionSVCUATIB\src\main\resources\testng.xml

2025-06-16 17:58:37 [main] INFO  automationFramework.utils.LoggerUtil - 🔧 Starting browser and loading properties...
2025-06-16 17:58:37 [main] INFO  i.g.bonigarcia.wdm.WebDriverManager - Using chromedriver 137.0.7151.70 (resolved driver for Chrome 137)
2025-06-16 17:58:37 [main] INFO  i.g.bonigarcia.wdm.WebDriverManager - Exporting webdriver.chrome.driver as C:\Users\rajum\.cache\selenium\chromedriver\win64\137.0.7151.70\chromedriver.exe
2025-06-16 17:58:41 [main] INFO  automationFramework.pages.LoginPage - ✅ [SUCCESS] Config loaded from 'config.properties': captcha.wait.seconds = 10 seconds.
2025-06-16 17:58:44 [main] INFO  automationFramework.pages.LoginPage - 🟦 [STEP] Navigated to URL: https://uatnet.svcbank.com/ReachSVCInet/SVC-web/inet/netbanking
2025-06-16 17:58:44 [main] INFO  automationFramework.pages.LoginPage - ✅ [SUCCESS] Entered username: TEST001
2025-06-16 17:58:44 [main] INFO  automationFramework.pages.LoginPage - ⏳ [WAIT] Waiting for manual captcha input. You have 10 seconds.
2025-06-16 17:58:54 [main] INFO  automationFramework.pages.LoginPage - ✅ [SUCCESS] Clicked first Login button (after captcha).
2025-06-16 17:58:55 [main] INFO  automationFramework.pages.LoginPage - ✅ [SUCCESS] Entered password.
2025-06-16 17:58:55 [main] INFO  automationFramework.pages.LoginPage - ✅ [SUCCESS] Clicked final Login button.
2025-06-16 17:58:55 [main] INFO  automationFramework.utils.LoggerUtil - ✅ Setup complete.
2025-06-16 17:58:55 [main] INFO  a.pages.AccountsPage - Clicking Accounts Tab
2025-06-16 17:58:55 [main] INFO  a.pages.AccountsPage - ⏳ Waiting for spinner to fully disappear...
2025-06-16 17:59:21 [main] INFO  a.pages.AccountsPage - ✅ Spinner disappeared.
2025-06-16 17:59:21 [main] INFO  a.pages.AccountsPage - ⏳ Waiting for spinner to fully disappear...
2025-06-16 17:59:22 [main] INFO  a.pages.AccountsPage - ✅ Spinner disappeared.
2025-06-16 17:59:22 [main] INFO  a.pages.AccountsPage - ⏳ Waiting for spinner to fully disappear...
2025-06-16 17:59:44 [main] INFO  a.pages.AccountsPage - ✅ Spinner disappeared.
2025-06-16 18:00:14 [main] INFO  a.pages.AccountsPage - ✅ Accounts Tab Clicked
2025-06-16 18:00:14 [main] INFO  a.pages.AccountsPage - ⏳ Waiting for spinner to fully disappear...
2025-06-16 18:00:35 [main] INFO  a.pages.AccountsPage - ✅ Spinner disappeared.
2025-06-16 18:01:05 [main] INFO  a.pages.AccountsPage - Scrolling to 'View Balance Components' button
2025-06-16 18:01:05 [main] INFO  a.pages.AccountsPage - ⏳ Waiting for spinner to fully disappear...
2025-06-16 18:01:25 [main] INFO  a.pages.AccountsPage - ✅ Spinner disappeared.
2025-06-16 18:01:55 [main] INFO  a.pages.AccountsPage - Clicking 'View Balance Components' button
2025-06-16 18:01:55 [main] INFO  a.pages.AccountsPage - ⏳ Waiting for spinner to fully disappear...
2025-06-16 18:02:16 [main] INFO  a.pages.AccountsPage - ✅ Spinner disappeared.
2025-06-16 18:02:16 [main] INFO  a.pages.AccountsPage - ⏳ Waiting for spinner to fully disappear...
2025-06-16 18:02:36 [main] INFO  a.pages.AccountsPage - ✅ Spinner disappeared.
2025-06-16 18:02:36 [main] INFO  a.pages.AccountsPage - ⏳ Waiting for spinner to fully disappear...
2025-06-16 18:02:59 [main] INFO  a.pages.AccountsPage - ✅ Spinner disappeared.
2025-06-16 18:02:59 [main] INFO  a.pages.AccountsPage - ⏳ Waiting for spinner to fully disappear...
2025-06-16 18:03:19 [main] INFO  a.pages.AccountsPage - ✅ Spinner disappeared.
2025-06-16 18:03:49 [main] INFO  a.pages.AccountsPage - Closing balance modal
2025-06-16 18:03:49 [main] INFO  a.pages.AccountsPage - ⏳ Waiting for spinner to fully disappear...
2025-06-16 18:04:10 [main] INFO  a.pages.AccountsPage - ✅ Spinner disappeared.
2025-06-16 18:04:10 [main] INFO  a.pages.AccountsPage - ⏳ Waiting for spinner to fully disappear...
2025-06-16 18:04:30 [main] INFO  a.pages.AccountsPage - ✅ Spinner disappeared.
2025-06-16 18:04:30 [main] INFO  a.pages.AccountsPage - ⏳ Waiting for spinner to fully disappear...
2025-06-16 18:04:51 [main] INFO  a.pages.AccountsPage - ✅ Spinner disappeared.
2025-06-16 18:04:51 [main] INFO  a.pages.AccountsPage - ✅ Modal closed.
2025-06-16 18:04:51 [main] INFO  a.pages.AccountsPage - ⏳ Waiting for spinner to fully disappear...
2025-06-16 18:05:11 [main] INFO  a.pages.AccountsPage - ✅ Spinner disappeared.
2025-06-16 18:05:41 [main] INFO  a.pages.AccountsPage - ▶️ Starting: Download 1 Month Statement in PDF format
2025-06-16 18:05:41 [main] INFO  a.pages.AccountsPage - Clicking Accounts Tab
2025-06-16 18:05:41 [main] INFO  a.pages.AccountsPage - ⏳ Waiting for spinner to fully disappear...
2025-06-16 18:06:01 [main] INFO  a.pages.AccountsPage - ✅ Spinner disappeared.
2025-06-16 18:06:02 [main] INFO  a.pages.AccountsPage - ⏳ Waiting for spinner to fully disappear...
2025-06-16 18:06:22 [main] WARN  a.pages.AccountsPage - ⚠️ Spinner wait skipped or failed gracefully.
2025-06-16 18:06:22 [main] INFO  a.pages.AccountsPage - ⏳ Waiting for spinner to fully disappear...
2025-06-16 18:06:37 [main] WARN  a.pages.AccountsPage - ⚠️ Spinner wait skipped or failed gracefully.
2025-06-16 18:07:07 [main] INFO  a.pages.AccountsPage - ✅ Accounts Tab Clicked
2025-06-16 18:07:07 [main] INFO  a.pages.AccountsPage - ⏳ Waiting for spinner to fully disappear...
2025-06-16 18:07:27 [main] INFO  a.pages.AccountsPage - ✅ Spinner disappeared.
2025-06-16 18:07:27 [main] INFO  a.pages.AccountsPage - ⏳ Waiting for spinner to fully disappear...
2025-06-16 18:07:40 [main] INFO  a.pages.AccountsPage - ✅ Spinner disappeared.
2025-06-16 18:07:40 [main] INFO  a.pages.AccountsPage - ⏳ Waiting for spinner to fully disappear...
2025-06-16 18:08:00 [main] INFO  a.pages.AccountsPage - ✅ Spinner disappeared.
2025-06-16 18:08:30 [main] INFO  a.pages.AccountsPage - ✅ Detailed Account Statement Button Clicked
2025-06-16 18:08:30 [main] INFO  a.pages.AccountsPage - ⏳ Waiting for spinner to fully disappear...
2025-06-16 18:08:51 [main] INFO  a.pages.AccountsPage - ✅ Spinner disappeared.
2025-06-16 18:08:51 [main] INFO  a.pages.AccountsPage - ⏳ Waiting for spinner to fully disappear...
2025-06-16 18:09:11 [main] INFO  a.pages.AccountsPage - ✅ Spinner disappeared.
2025-06-16 18:09:11 [main] INFO  a.pages.AccountsPage - ⏳ Waiting for spinner to fully disappear...
2025-06-16 18:09:32 [main] INFO  a.pages.AccountsPage - ✅ Spinner disappeared.
2025-06-16 18:10:02 [main] INFO  a.pages.AccountsPage - ✅ Download Button Clicked
2025-06-16 18:10:02 [main] INFO  a.pages.AccountsPage - ✅ Default Format (PDF) Selected
2025-06-16 18:10:02 [main] INFO  a.pages.AccountsPage - ⏳ Waiting for spinner to fully disappear...
2025-06-16 18:10:22 [main] INFO  a.pages.AccountsPage - ✅ Spinner disappeared.
2025-06-16 18:10:22 [main] INFO  a.pages.AccountsPage - ⏳ Waiting for spinner to fully disappear...
2025-06-16 18:10:23 [main] INFO  a.pages.AccountsPage - ✅ Spinner disappeared.
2025-06-16 18:10:23 [main] INFO  a.pages.AccountsPage - ⏳ Waiting for spinner to fully disappear...
2025-06-16 18:10:38 [main] WARN  a.pages.AccountsPage - ⚠️ Spinner wait skipped or failed gracefully.
2025-06-16 18:11:08 [main] INFO  a.pages.AccountsPage - ✅ Download Statement Button Clicked
2025-06-16 18:11:08 [main] INFO  a.pages.AccountsPage - 🎉 Statement download for 1 Month (PDF format) triggered successfully.
2025-06-16 18:11:08 [main] INFO  a.pages.AccountsPage - ▶️ Starting: Download 3 Months Statement in PDF format
2025-06-16 18:11:08 [main] INFO  a.pages.AccountsPage - Clicking Accounts Tab
2025-06-16 18:11:08 [main] INFO  a.pages.AccountsPage - ⏳ Waiting for spinner to fully disappear...
2025-06-16 18:11:29 [main] INFO  a.pages.AccountsPage - ✅ Spinner disappeared.
2025-06-16 18:11:29 [main] INFO  a.pages.AccountsPage - ⏳ Waiting for spinner to fully disappear...
2025-06-16 18:11:45 [main] INFO  a.pages.AccountsPage - ✅ Spinner disappeared.
2025-06-16 18:11:45 [main] INFO  a.pages.AccountsPage - ⏳ Waiting for spinner to fully disappear...
2025-06-16 18:12:05 [main] INFO  a.pages.AccountsPage - ✅ Spinner disappeared.
2025-06-16 18:12:35 [main] INFO  a.pages.AccountsPage - ✅ Accounts Tab Clicked
2025-06-16 18:12:35 [main] INFO  a.pages.AccountsPage - ⏳ Waiting for spinner to fully disappear...
2025-06-16 18:12:56 [main] INFO  a.pages.AccountsPage - ✅ Spinner disappeared.
2025-06-16 18:12:56 [main] INFO  a.pages.AccountsPage - ⏳ Waiting for spinner to fully disappear...
2025-06-16 18:13:13 [main] WARN  a.pages.AccountsPage - ⚠️ Spinner wait skipped or failed gracefully.
2025-06-16 18:13:13 [main] INFO  a.pages.AccountsPage - ⏳ Waiting for spinner to fully disappear...
2025-06-16 18:13:29 [main] WARN  a.pages.AccountsPage - ⚠️ Spinner wait skipped or failed gracefully.
2025-06-16 18:13:59 [main] INFO  a.pages.AccountsPage - ✅ Detailed Account Statement Button Clicked
2025-06-16 18:13:59 [main] INFO  a.pages.AccountsPage - ⏳ Waiting for spinner to fully disappear...
2025-06-16 18:14:14 [main] WARN  a.pages.AccountsPage - ⚠️ Spinner wait skipped or failed gracefully.
2025-06-16 18:14:15 [main] WARN  a.pages.AccountsPage - ⚠️ Click intercepted attempt 1/3: element click intercepted: Element <button _ngcontent-ng-c1879628175="" appblockdblclick="" class="account_button gap-2 px-1 py-2 flex justify-content-center w-4">...</button> is not clickable at point (1182, 338). Other element would receive the click: <div _ngcontent-ng-c587276320="" class="ngx-spinner-overlay ng-tns-c587276320-1 ng-trigger ng-trigger-fadeIn ng-star-inserted ng-animating" style="background-color: rgba(51, 51, 51, 0.8); z-index: 99999; position: fixed;">...</div>
  (Session info: chrome=137.0.7151.104)
Build info: version: '4.20.0', revision: '866c76ca80'
System info: os.name: 'Windows 11', os.arch: 'amd64', os.version: '10.0', java.version: '17.0.12'
Driver info: org.openqa.selenium.chrome.ChromeDriver
Command: [71561626d5dda126c098f34eb7fba4ea, clickElement {id=f.4CAC536D88F185E2A250E67D988CC848.d.871DC7A8533EE611D2F792317B67FA1F.e.279}]
Capabilities {acceptInsecureCerts: false, browserName: chrome, browserVersion: 137.0.7151.104, chrome: {chromedriverVersion: 137.0.7151.70 (dfa4dc56b2ab..., userDataDir: C:\Users\rajum\AppData\Loca...}, fedcm:accounts: true, goog:chromeOptions: {debuggerAddress: localhost:62768}, networkConnectionEnabled: false, pageLoadStrategy: normal, platformName: windows, proxy: Proxy(), se:cdp: ws://localhost:62768/devtoo..., se:cdpVersion: 137.0.7151.104, setWindowRect: true, strictFileInteractability: false, timeouts: {implicit: 0, pageLoad: 300000, script: 30000}, unhandledPromptBehavior: dismiss and notify, webauthn:extension:credBlob: true, webauthn:extension:largeBlob: true, webauthn:extension:minPinLength: true, webauthn:extension:prf: true, webauthn:virtualAuthenticators: true}
Element: [[ChromeDriver: chrome on windows (71561626d5dda126c098f34eb7fba4ea)] -> xpath: //button[contains(text(),'3 Months')]]
Session ID: 71561626d5dda126c098f34eb7fba4ea
2025-06-16 18:14:16 [main] INFO  a.pages.AccountsPage - ⏳ Waiting for spinner to fully disappear...
2025-06-16 18:14:36 [main] INFO  a.pages.AccountsPage - ✅ Spinner disappeared.
2025-06-16 18:14:36 [main] INFO  a.pages.AccountsPage - ⏳ Waiting for spinner to fully disappear...
2025-06-16 18:14:55 [main] INFO  a.pages.AccountsPage - ✅ Spinner disappeared.
2025-06-16 18:14:55 [main] INFO  a.pages.AccountsPage - ⏳ Waiting for spinner to fully disappear...
2025-06-16 18:15:16 [main] INFO  a.pages.AccountsPage - ✅ Spinner disappeared.
2025-06-16 18:15:46 [main] INFO  a.pages.AccountsPage - ✅ 3 Months Button Clicked
2025-06-16 18:15:46 [main] INFO  a.pages.AccountsPage - ⏳ Waiting for spinner to fully disappear...
2025-06-16 18:16:06 [main] INFO  a.pages.AccountsPage - ✅ Spinner disappeared.
2025-06-16 18:16:06 [main] INFO  a.pages.AccountsPage - ⏳ Waiting for spinner to fully disappear...
2025-06-16 18:16:27 [main] INFO  a.pages.AccountsPage - ✅ Spinner disappeared.
2025-06-16 18:16:27 [main] INFO  a.pages.AccountsPage - ⏳ Waiting for spinner to fully disappear...
2025-06-16 18:16:47 [main] INFO  a.pages.AccountsPage - ✅ Spinner disappeared.
2025-06-16 18:17:17 [main] INFO  a.pages.AccountsPage - ✅ Download Button Clicked
2025-06-16 18:17:17 [main] INFO  a.pages.AccountsPage - ✅ Default Format (PDF) Selected
2025-06-16 18:17:17 [main] INFO  a.pages.AccountsPage - ⏳ Waiting for spinner to fully disappear...
2025-06-16 18:17:37 [main] INFO  a.pages.AccountsPage - ✅ Spinner disappeared.
2025-06-16 18:17:38 [main] INFO  a.pages.AccountsPage - ⏳ Waiting for spinner to fully disappear...
2025-06-16 18:17:38 [main] INFO  a.pages.AccountsPage - ✅ Spinner disappeared.
2025-06-16 18:17:38 [main] INFO  a.pages.AccountsPage - ⏳ Waiting for spinner to fully disappear...
2025-06-16 18:18:05 [main] INFO  a.pages.AccountsPage - ✅ Spinner disappeared.
2025-06-16 18:18:35 [main] INFO  a.pages.AccountsPage - ✅ Download Statement Button Clicked
2025-06-16 18:18:35 [main] INFO  a.pages.AccountsPage - 🎉 Statement download for 3 Months (PDF format) triggered successfully.
2025-06-16 18:18:35 [main] INFO  a.pages.AccountsPage - ▶️ Starting: Download 1 Month Statement in XLS format
2025-06-16 18:18:35 [main] INFO  a.pages.AccountsPage - Clicking Accounts Tab
2025-06-16 18:18:35 [main] INFO  a.pages.AccountsPage - ⏳ Waiting for spinner to fully disappear...
2025-06-16 18:18:56 [main] INFO  a.pages.AccountsPage - ✅ Spinner disappeared.
2025-06-16 18:18:56 [main] INFO  a.pages.AccountsPage - ⏳ Waiting for spinner to fully disappear...
2025-06-16 18:19:19 [main] INFO  a.pages.AccountsPage - ✅ Spinner disappeared.
2025-06-16 18:19:19 [main] INFO  a.pages.AccountsPage - ⏳ Waiting for spinner to fully disappear...
2025-06-16 18:19:39 [main] INFO  a.pages.AccountsPage - ✅ Spinner disappeared.
2025-06-16 18:20:09 [main] INFO  a.pages.AccountsPage - ✅ Accounts Tab Clicked
2025-06-16 18:20:09 [main] INFO  a.pages.AccountsPage - ⏳ Waiting for spinner to fully disappear...
2025-06-16 18:20:30 [main] INFO  a.pages.AccountsPage - ✅ Spinner disappeared.
2025-06-16 18:20:30 [main] INFO  a.pages.AccountsPage - ⏳ Waiting for spinner to fully disappear...
2025-06-16 18:20:31 [main] INFO  a.pages.AccountsPage - ✅ Spinner disappeared.
2025-06-16 18:20:31 [main] INFO  a.pages.AccountsPage - ⏳ Waiting for spinner to fully disappear...
2025-06-16 18:20:52 [main] INFO  a.pages.AccountsPage - ✅ Spinner disappeared.
2025-06-16 18:21:22 [main] INFO  a.pages.AccountsPage - ✅ Detailed Account Statement Button Clicked
2025-06-16 18:21:22 [main] INFO  a.pages.AccountsPage - ⏳ Waiting for spinner to fully disappear...
2025-06-16 18:21:43 [main] INFO  a.pages.AccountsPage - ✅ Spinner disappeared.
2025-06-16 18:21:43 [main] INFO  a.pages.AccountsPage - ⏳ Waiting for spinner to fully disappear...
2025-06-16 18:22:03 [main] INFO  a.pages.AccountsPage - ✅ Spinner disappeared.
2025-06-16 18:22:03 [main] INFO  a.pages.AccountsPage - ⏳ Waiting for spinner to fully disappear...
2025-06-16 18:22:24 [main] INFO  a.pages.AccountsPage - ✅ Spinner disappeared.
2025-06-16 18:22:54 [main] INFO  a.pages.AccountsPage - ✅ Download Button Clicked
2025-06-16 18:22:54 [main] INFO  a.pages.AccountsPage - ⏳ Waiting for spinner to fully disappear...
2025-06-16 18:23:14 [main] INFO  a.pages.AccountsPage - ✅ Spinner disappeared.
2025-06-16 18:23:14 [main] INFO  a.pages.AccountsPage - ⏳ Waiting for spinner to fully disappear...
2025-06-16 18:23:35 [main] INFO  a.pages.AccountsPage - ✅ Spinner disappeared.
2025-06-16 18:23:35 [main] INFO  a.pages.AccountsPage - ⏳ Waiting for spinner to fully disappear...
2025-06-16 18:23:55 [main] INFO  a.pages.AccountsPage - ✅ Spinner disappeared.
2025-06-16 18:24:25 [main] INFO  a.pages.AccountsPage - ✅ XLS Format Selected
2025-06-16 18:24:25 [main] INFO  a.pages.AccountsPage - ⏳ Waiting for spinner to fully disappear...
2025-06-16 18:24:45 [main] INFO  a.pages.AccountsPage - ✅ Spinner disappeared.
2025-06-16 18:24:46 [main] INFO  a.pages.AccountsPage - ⏳ Waiting for spinner to fully disappear...
2025-06-16 18:24:47 [main] INFO  a.pages.AccountsPage - ✅ Spinner disappeared.
2025-06-16 18:24:47 [main] INFO  a.pages.AccountsPage - ⏳ Waiting for spinner to fully disappear...
2025-06-16 18:25:13 [main] INFO  a.pages.AccountsPage - ✅ Spinner disappeared.
2025-06-16 18:25:43 [main] INFO  a.pages.AccountsPage - ✅ Download Statement Button Clicked
2025-06-16 18:25:43 [main] INFO  a.pages.AccountsPage - 🎉 Statement download for 1 Month (XLS format) triggered successfully.
2025-06-16 18:25:43 [main] INFO  a.pages.AccountsPage - ▶️ Starting: Download 3 Months Statement in XLS format
2025-06-16 18:25:43 [main] INFO  a.pages.AccountsPage - Clicking Accounts Tab
2025-06-16 18:25:43 [main] INFO  a.pages.AccountsPage - ⏳ Waiting for spinner to fully disappear...
2025-06-16 18:26:03 [main] INFO  a.pages.AccountsPage - ✅ Spinner disappeared.
2025-06-16 18:26:04 [main] INFO  a.pages.AccountsPage - ⏳ Waiting for spinner to fully disappear...
2025-06-16 18:26:21 [main] WARN  a.pages.AccountsPage - ⚠️ Spinner wait skipped or failed gracefully.
2025-06-16 18:26:21 [main] INFO  a.pages.AccountsPage - ⏳ Waiting for spinner to fully disappear...
2025-06-16 18:26:37 [main] WARN  a.pages.AccountsPage - ⚠️ Spinner wait skipped or failed gracefully.
2025-06-16 18:27:07 [main] INFO  a.pages.AccountsPage - ✅ Accounts Tab Clicked
2025-06-16 18:27:07 [main] INFO  a.pages.AccountsPage - ⏳ Waiting for spinner to fully disappear...
2025-06-16 18:27:27 [main] INFO  a.pages.AccountsPage - ✅ Spinner disappeared.
2025-06-16 18:27:27 [main] INFO  a.pages.AccountsPage - ⏳ Waiting for spinner to fully disappear...
2025-06-16 18:27:28 [main] INFO  a.pages.AccountsPage - ✅ Spinner disappeared.
2025-06-16 18:27:28 [main] INFO  a.pages.AccountsPage - ⏳ Waiting for spinner to fully disappear...
2025-06-16 18:27:49 [main] INFO  a.pages.AccountsPage - ✅ Spinner disappeared.
2025-06-16 18:28:19 [main] INFO  a.pages.AccountsPage - ✅ Detailed Account Statement Button Clicked
2025-06-16 18:28:19 [main] INFO  a.pages.AccountsPage - ⏳ Waiting for spinner to fully disappear...
2025-06-16 18:28:40 [main] INFO  a.pages.AccountsPage - ✅ Spinner disappeared.
2025-06-16 18:28:40 [main] INFO  a.pages.AccountsPage - ⏳ Waiting for spinner to fully disappear...
2025-06-16 18:28:58 [main] WARN  a.pages.AccountsPage - ⚠️ Spinner wait skipped or failed gracefully.
2025-06-16 18:28:58 [main] INFO  a.pages.AccountsPage - ⏳ Waiting for spinner to fully disappear...
2025-06-16 18:29:14 [main] WARN  a.pages.AccountsPage - ⚠️ Spinner wait skipped or failed gracefully.
2025-06-16 18:29:44 [main] INFO  a.pages.AccountsPage - ✅ 3 Months Button Clicked
2025-06-16 18:29:44 [main] INFO  a.pages.AccountsPage - ⏳ Waiting for spinner to fully disappear...
2025-06-16 18:29:59 [main] WARN  a.pages.AccountsPage - ⚠️ Spinner wait skipped or failed gracefully.
2025-06-16 18:30:00 [main] WARN  a.pages.AccountsPage - ⚠️ Click intercepted attempt 1/3: element click intercepted: Element <span _ngcontent-ng-c1879628175="" class="text-blue-500 font-semibold">...</span> is not clickable at point (1442, 182). Other element would receive the click: <div _ngcontent-ng-c587276320="" class="ngx-spinner-overlay ng-tns-c587276320-1 ng-trigger ng-trigger-fadeIn ng-star-inserted ng-animating" style="background-color: rgba(51, 51, 51, 0.8); z-index: 99999; position: fixed;">...</div>
  (Session info: chrome=137.0.7151.104)
Build info: version: '4.20.0', revision: '866c76ca80'
System info: os.name: 'Windows 11', os.arch: 'amd64', os.version: '10.0', java.version: '17.0.12'
Driver info: org.openqa.selenium.chrome.ChromeDriver
Command: [71561626d5dda126c098f34eb7fba4ea, clickElement {id=f.4CAC536D88F185E2A250E67D988CC848.d.871DC7A8533EE611D2F792317B67FA1F.e.414}]
Capabilities {acceptInsecureCerts: false, browserName: chrome, browserVersion: 137.0.7151.104, chrome: {chromedriverVersion: 137.0.7151.70 (dfa4dc56b2ab..., userDataDir: C:\Users\rajum\AppData\Loca...}, fedcm:accounts: true, goog:chromeOptions: {debuggerAddress: localhost:62768}, networkConnectionEnabled: false, pageLoadStrategy: normal, platformName: windows, proxy: Proxy(), se:cdp: ws://localhost:62768/devtoo..., se:cdpVersion: 137.0.7151.104, setWindowRect: true, strictFileInteractability: false, timeouts: {implicit: 0, pageLoad: 300000, script: 30000}, unhandledPromptBehavior: dismiss and notify, webauthn:extension:credBlob: true, webauthn:extension:largeBlob: true, webauthn:extension:minPinLength: true, webauthn:extension:prf: true, webauthn:virtualAuthenticators: true}
Element: [[ChromeDriver: chrome on windows (71561626d5dda126c098f34eb7fba4ea)] -> xpath: //span[contains(@class,'text-blue-500') and contains(text(),'Download')]]
Session ID: 71561626d5dda126c098f34eb7fba4ea
2025-06-16 18:30:01 [main] INFO  a.pages.AccountsPage - ⏳ Waiting for spinner to fully disappear...
2025-06-16 18:30:16 [main] INFO  a.pages.AccountsPage - ✅ Spinner disappeared.
2025-06-16 18:30:16 [main] INFO  a.pages.AccountsPage - ⏳ Waiting for spinner to fully disappear...
2025-06-16 18:30:37 [main] INFO  a.pages.AccountsPage - ✅ Spinner disappeared.
2025-06-16 18:30:37 [main] INFO  a.pages.AccountsPage - ⏳ Waiting for spinner to fully disappear...
2025-06-16 18:30:57 [main] INFO  a.pages.AccountsPage - ✅ Spinner disappeared.
2025-06-16 18:31:27 [main] INFO  a.pages.AccountsPage - ✅ Download Button Clicked
2025-06-16 18:31:27 [main] INFO  a.pages.AccountsPage - ⏳ Waiting for spinner to fully disappear...
2025-06-16 18:31:47 [main] INFO  a.pages.AccountsPage - ✅ Spinner disappeared.
2025-06-16 18:31:48 [main] INFO  a.pages.AccountsPage - ⏳ Waiting for spinner to fully disappear...
2025-06-16 18:32:08 [main] INFO  a.pages.AccountsPage - ✅ Spinner disappeared.
2025-06-16 18:32:08 [main] INFO  a.pages.AccountsPage - ⏳ Waiting for spinner to fully disappear...
2025-06-16 18:32:28 [main] INFO  a.pages.AccountsPage - ✅ Spinner disappeared.
2025-06-16 18:32:58 [main] INFO  a.pages.AccountsPage - ✅ XLS Format Selected
2025-06-16 18:32:58 [main] INFO  a.pages.AccountsPage - ⏳ Waiting for spinner to fully disappear...
2025-06-16 18:33:19 [main] INFO  a.pages.AccountsPage - ✅ Spinner disappeared.
2025-06-16 18:33:19 [main] INFO  a.pages.AccountsPage - ⏳ Waiting for spinner to fully disappear...
2025-06-16 18:33:34 [main] WARN  a.pages.AccountsPage - ⚠️ Spinner wait skipped or failed gracefully.
2025-06-16 18:33:34 [main] INFO  a.pages.AccountsPage - ⏳ Waiting for spinner to fully disappear...
2025-06-16 18:33:56 [main] INFO  a.pages.AccountsPage - ✅ Spinner disappeared.
2025-06-16 18:34:26 [main] INFO  a.pages.AccountsPage - ✅ Download Statement Button Clicked
2025-06-16 18:34:26 [main] INFO  a.pages.AccountsPage - 🎉 Statement download for 3 Months (XLS format) triggered successfully.
2025-06-16 18:34:26 [main] INFO  a.pages.AccountsPage - ▶️ Starting: Download Custom Statement for 6 in XLS format
2025-06-16 18:34:26 [main] INFO  a.pages.AccountsPage - Clicking Accounts Tab
2025-06-16 18:34:26 [main] INFO  a.pages.AccountsPage - ⏳ Waiting for spinner to fully disappear...
2025-06-16 18:34:47 [main] INFO  a.pages.AccountsPage - ✅ Spinner disappeared.
2025-06-16 18:34:47 [main] INFO  a.pages.AccountsPage - ⏳ Waiting for spinner to fully disappear...
2025-06-16 18:35:09 [main] INFO  a.pages.AccountsPage - ✅ Spinner disappeared.
2025-06-16 18:35:09 [main] INFO  a.pages.AccountsPage - ⏳ Waiting for spinner to fully disappear...
2025-06-16 18:35:30 [main] INFO  a.pages.AccountsPage - ✅ Spinner disappeared.
2025-06-16 18:36:00 [main] INFO  a.pages.AccountsPage - ✅ Accounts Tab Clicked
2025-06-16 18:36:00 [main] INFO  a.pages.AccountsPage - ⏳ Waiting for spinner to fully disappear...
2025-06-16 18:36:20 [main] INFO  a.pages.AccountsPage - ✅ Spinner disappeared.
2025-06-16 18:36:20 [main] INFO  a.pages.AccountsPage - ⏳ Waiting for spinner to fully disappear...
2025-06-16 18:36:21 [main] INFO  a.pages.AccountsPage - ✅ Spinner disappeared.
2025-06-16 18:36:21 [main] INFO  a.pages.AccountsPage - ⏳ Waiting for spinner to fully disappear...
2025-06-16 18:36:43 [main] INFO  a.pages.AccountsPage - ✅ Spinner disappeared.
2025-06-16 18:37:13 [main] INFO  a.pages.AccountsPage - ✅ Detailed Account Statement Button Clicked
2025-06-16 18:37:13 [main] INFO  a.pages.AccountsPage - ⏳ Waiting for spinner to fully disappear...
2025-06-16 18:37:33 [main] INFO  a.pages.AccountsPage - ✅ Spinner disappeared.
2025-06-16 18:37:33 [main] INFO  a.pages.AccountsPage - ⏳ Waiting for spinner to fully disappear...
2025-06-16 18:37:54 [main] INFO  a.pages.AccountsPage - ✅ Spinner disappeared.
2025-06-16 18:37:54 [main] INFO  a.pages.AccountsPage - ⏳ Waiting for spinner to fully disappear...
2025-06-16 18:38:14 [main] INFO  a.pages.AccountsPage - ✅ Spinner disappeared.
2025-06-16 18:38:44 [main] INFO  a.pages.AccountsPage - ✅ Custom Button Clicked
2025-06-16 18:38:46 [main] INFO  a.pages.AccountsPage - ⏳ Waiting for spinner to fully disappear...
2025-06-16 18:39:07 [main] INFO  a.pages.AccountsPage - ✅ Spinner disappeared.
2025-06-16 18:39:07 [main] INFO  a.pages.AccountsPage - ⏳ Waiting for spinner to fully disappear...
2025-06-16 18:39:27 [main] INFO  a.pages.AccountsPage - ✅ Spinner disappeared.
2025-06-16 18:39:27 [main] INFO  a.pages.AccountsPage - ⏳ Waiting for spinner to fully disappear...
2025-06-16 18:39:47 [main] INFO  a.pages.AccountsPage - ✅ Spinner disappeared.
2025-06-16 18:40:18 [main] INFO  a.pages.AccountsPage - ✅ 6 Months Option Selected
2025-06-16 18:40:19 [main] INFO  a.pages.AccountsPage - ⏳ Waiting for spinner to fully disappear...
2025-06-16 18:40:39 [main] INFO  a.pages.AccountsPage - ✅ Spinner disappeared.
2025-06-16 18:40:39 [main] INFO  a.pages.AccountsPage - ⏳ Waiting for spinner to fully disappear...
2025-06-16 18:40:40 [main] INFO  a.pages.AccountsPage - ✅ Spinner disappeared.
2025-06-16 18:40:40 [main] INFO  a.pages.AccountsPage - ⏳ Waiting for spinner to fully disappear...
2025-06-16 18:41:07 [main] INFO  a.pages.AccountsPage - ✅ Spinner disappeared.
2025-06-16 18:41:37 [main] INFO  a.pages.AccountsPage - ✅ Done Button Clicked
2025-06-16 18:41:37 [main] INFO  a.pages.AccountsPage - ⏳ Waiting for spinner to fully disappear...
2025-06-16 18:41:58 [main] INFO  a.pages.AccountsPage - ✅ Spinner disappeared.
2025-06-16 18:41:58 [main] INFO  a.pages.AccountsPage - ⏳ Waiting for spinner to fully disappear...
2025-06-16 18:42:18 [main] INFO  a.pages.AccountsPage - ✅ Spinner disappeared.
2025-06-16 18:42:18 [main] INFO  a.pages.AccountsPage - ⏳ Waiting for spinner to fully disappear...
2025-06-16 18:42:38 [main] INFO  a.pages.AccountsPage - ✅ Spinner disappeared.
2025-06-16 18:43:09 [main] INFO  a.pages.AccountsPage - ✅ Download Button Clicked
2025-06-16 18:43:09 [main] INFO  a.pages.AccountsPage - ⏳ Waiting for spinner to fully disappear...
2025-06-16 18:43:29 [main] INFO  a.pages.AccountsPage - ✅ Spinner disappeared.
2025-06-16 18:43:49 [main] WARN  a.pages.AccountsPage - ⚠️ Click failed attempt 1/3: Expected condition failed: waiting for element to be clickable: By.xpath: //img[contains(@src,'ic_excel_file.svg') and @alt='excel'] (tried for 15 second(s) with 500 milliseconds interval)
Build info: version: '4.20.0', revision: '866c76ca80'
System info: os.name: 'Windows 11', os.arch: 'amd64', os.version: '10.0', java.version: '17.0.12'
Driver info: org.openqa.selenium.chrome.ChromeDriver
Capabilities {acceptInsecureCerts: false, browserName: chrome, browserVersion: 137.0.7151.104, chrome: {chromedriverVersion: 137.0.7151.70 (dfa4dc56b2ab..., userDataDir: C:\Users\rajum\AppData\Loca...}, fedcm:accounts: true, goog:chromeOptions: {debuggerAddress: localhost:62768}, networkConnectionEnabled: false, pageLoadStrategy: normal, platformName: windows, proxy: Proxy(), se:cdp: ws://localhost:62768/devtoo..., se:cdpVersion: 137.0.7151.104, setWindowRect: true, strictFileInteractability: false, timeouts: {implicit: 0, pageLoad: 300000, script: 30000}, unhandledPromptBehavior: dismiss and notify, webauthn:extension:credBlob: true, webauthn:extension:largeBlob: true, webauthn:extension:minPinLength: true, webauthn:extension:prf: true, webauthn:virtualAuthenticators: true}
Session ID: 71561626d5dda126c098f34eb7fba4ea
2025-06-16 18:43:50 [main] INFO  a.pages.AccountsPage - ⏳ Waiting for spinner to fully disappear...
2025-06-16 18:44:10 [main] INFO  a.pages.AccountsPage - ✅ Spinner disappeared.
2025-06-16 18:44:31 [main] WARN  a.pages.AccountsPage - ⚠️ Click failed attempt 2/3: Expected condition failed: waiting for element to be clickable: By.xpath: //img[contains(@src,'ic_excel_file.svg') and @alt='excel'] (tried for 15 second(s) with 500 milliseconds interval)
Build info: version: '4.20.0', revision: '866c76ca80'
System info: os.name: 'Windows 11', os.arch: 'amd64', os.version: '10.0', java.version: '17.0.12'
Driver info: org.openqa.selenium.chrome.ChromeDriver
Capabilities {acceptInsecureCerts: false, browserName: chrome, browserVersion: 137.0.7151.104, chrome: {chromedriverVersion: 137.0.7151.70 (dfa4dc56b2ab..., userDataDir: C:\Users\rajum\AppData\Loca...}, fedcm:accounts: true, goog:chromeOptions: {debuggerAddress: localhost:62768}, networkConnectionEnabled: false, pageLoadStrategy: normal, platformName: windows, proxy: Proxy(), se:cdp: ws://localhost:62768/devtoo..., se:cdpVersion: 137.0.7151.104, setWindowRect: true, strictFileInteractability: false, timeouts: {implicit: 0, pageLoad: 300000, script: 30000}, unhandledPromptBehavior: dismiss and notify, webauthn:extension:credBlob: true, webauthn:extension:largeBlob: true, webauthn:extension:minPinLength: true, webauthn:extension:prf: true, webauthn:virtualAuthenticators: true}
Session ID: 71561626d5dda126c098f34eb7fba4ea
2025-06-16 18:44:31 [main] INFO  a.pages.AccountsPage - ⏳ Waiting for spinner to fully disappear...
2025-06-16 18:44:52 [main] INFO  a.pages.AccountsPage - ✅ Spinner disappeared.
2025-06-16 18:45:12 [main] WARN  a.pages.AccountsPage - ⚠️ Click failed attempt 3/3: Expected condition failed: waiting for element to be clickable: By.xpath: //img[contains(@src,'ic_excel_file.svg') and @alt='excel'] (tried for 15 second(s) with 500 milliseconds interval)
Build info: version: '4.20.0', revision: '866c76ca80'
System info: os.name: 'Windows 11', os.arch: 'amd64', os.version: '10.0', java.version: '17.0.12'
Driver info: org.openqa.selenium.chrome.ChromeDriver
Capabilities {acceptInsecureCerts: false, browserName: chrome, browserVersion: 137.0.7151.104, chrome: {chromedriverVersion: 137.0.7151.70 (dfa4dc56b2ab..., userDataDir: C:\Users\rajum\AppData\Loca...}, fedcm:accounts: true, goog:chromeOptions: {debuggerAddress: localhost:62768}, networkConnectionEnabled: false, pageLoadStrategy: normal, platformName: windows, proxy: Proxy(), se:cdp: ws://localhost:62768/devtoo..., se:cdpVersion: 137.0.7151.104, setWindowRect: true, strictFileInteractability: false, timeouts: {implicit: 0, pageLoad: 300000, script: 30000}, unhandledPromptBehavior: dismiss and notify, webauthn:extension:credBlob: true, webauthn:extension:largeBlob: true, webauthn:extension:minPinLength: true, webauthn:extension:prf: true, webauthn:virtualAuthenticators: true}
Session ID: 71561626d5dda126c098f34eb7fba4ea
2025-06-16 18:45:13 [main] ERROR a.pages.AccountsPage - ❌ Error during custom statement download (6 months - XLS): ❌ Click failed after 3 attempts: By.xpath: //img[contains(@src,'ic_excel_file.svg') and @alt='excel']
2025-06-16 18:45:13 [main] INFO  a.pages.AccountsPage - ▶️ Starting: Download Custom Statement for 12 in PDF format
2025-06-16 18:45:13 [main] INFO  a.pages.AccountsPage - Clicking Accounts Tab
2025-06-16 18:45:13 [main] INFO  a.pages.AccountsPage - ⏳ Waiting for spinner to fully disappear...
2025-06-16 18:45:34 [main] INFO  a.pages.AccountsPage - ✅ Spinner disappeared.
2025-06-16 18:45:34 [main] INFO  a.pages.AccountsPage - ⏳ Waiting for spinner to fully disappear...
2025-06-16 18:45:35 [main] INFO  a.pages.AccountsPage - ✅ Spinner disappeared.
2025-06-16 18:45:35 [main] INFO  a.pages.AccountsPage - ⏳ Waiting for spinner to fully disappear...
2025-06-16 18:45:56 [main] INFO  a.pages.AccountsPage - ✅ Spinner disappeared.
2025-06-16 18:46:26 [main] INFO  a.pages.AccountsPage - ✅ Accounts Tab Clicked
2025-06-16 18:46:26 [main] INFO  a.pages.AccountsPage - ⏳ Waiting for spinner to fully disappear...
2025-06-16 18:46:46 [main] INFO  a.pages.AccountsPage - ✅ Spinner disappeared.
2025-06-16 18:46:47 [main] INFO  a.pages.AccountsPage - ⏳ Waiting for spinner to fully disappear...
2025-06-16 18:47:04 [main] WARN  a.pages.AccountsPage - ⚠️ Spinner wait skipped or failed gracefully.
2025-06-16 18:47:04 [main] INFO  a.pages.AccountsPage - ⏳ Waiting for spinner to fully disappear...
2025-06-16 18:47:19 [main] INFO  a.pages.AccountsPage - ✅ Spinner disappeared.
2025-06-16 18:47:50 [main] INFO  a.pages.AccountsPage - ✅ Detailed Account Statement Button Clicked
2025-06-16 18:47:50 [main] INFO  a.pages.AccountsPage - ⏳ Waiting for spinner to fully disappear...
2025-06-16 18:48:10 [main] INFO  a.pages.AccountsPage - ✅ Spinner disappeared.
2025-06-16 18:48:10 [main] INFO  a.pages.AccountsPage - ⏳ Waiting for spinner to fully disappear...
2025-06-16 18:48:30 [main] INFO  a.pages.AccountsPage - ✅ Spinner disappeared.
2025-06-16 18:48:30 [main] INFO  a.pages.AccountsPage - ⏳ Waiting for spinner to fully disappear...
2025-06-16 18:48:51 [main] INFO  a.pages.AccountsPage - ✅ Spinner disappeared.
2025-06-16 18:49:21 [main] INFO  a.pages.AccountsPage - ✅ Custom Button Clicked
2025-06-16 18:49:23 [main] INFO  a.pages.AccountsPage - ⏳ Waiting for spinner to fully disappear...
2025-06-16 18:49:43 [main] INFO  a.pages.AccountsPage - ✅ Spinner disappeared.
2025-06-16 18:49:43 [main] INFO  a.pages.AccountsPage - ⏳ Waiting for spinner to fully disappear...
2025-06-16 18:50:04 [main] INFO  a.pages.AccountsPage - ✅ Spinner disappeared.
2025-06-16 18:50:04 [main] INFO  a.pages.AccountsPage - ⏳ Waiting for spinner to fully disappear...
2025-06-16 18:50:24 [main] INFO  a.pages.AccountsPage - ✅ Spinner disappeared.
2025-06-16 18:50:54 [main] INFO  a.pages.AccountsPage - ✅ 12 Months Option Selected
2025-06-16 18:50:55 [main] INFO  a.pages.AccountsPage - ⏳ Waiting for spinner to fully disappear...
2025-06-16 18:51:16 [main] INFO  a.pages.AccountsPage - ✅ Spinner disappeared.
2025-06-16 18:51:16 [main] INFO  a.pages.AccountsPage - ⏳ Waiting for spinner to fully disappear...
2025-06-16 18:51:44 [main] INFO  a.pages.AccountsPage - ✅ Spinner disappeared.
2025-06-16 18:51:44 [main] INFO  a.pages.AccountsPage - ⏳ Waiting for spinner to fully disappear...
2025-06-16 18:52:05 [main] INFO  a.pages.AccountsPage - ✅ Spinner disappeared.
2025-06-16 18:52:35 [main] INFO  a.pages.AccountsPage - ✅ Done Button Clicked
2025-06-16 18:52:35 [main] INFO  a.pages.AccountsPage - ⏳ Waiting for spinner to fully disappear...
2025-06-16 18:52:55 [main] INFO  a.pages.AccountsPage - ✅ Spinner disappeared.
2025-06-16 18:52:55 [main] INFO  a.pages.AccountsPage - ⏳ Waiting for spinner to fully disappear...
2025-06-16 18:53:16 [main] INFO  a.pages.AccountsPage - ✅ Spinner disappeared.
2025-06-16 18:53:16 [main] INFO  a.pages.AccountsPage - ⏳ Waiting for spinner to fully disappear...
2025-06-16 18:53:36 [main] INFO  a.pages.AccountsPage - ✅ Spinner disappeared.
2025-06-16 18:54:06 [main] INFO  a.pages.AccountsPage - ✅ Download Button Clicked
2025-06-16 18:54:06 [main] INFO  a.pages.AccountsPage - ✅ Default Format (PDF) Selected
2025-06-16 18:54:06 [main] INFO  a.pages.AccountsPage - ⏳ Waiting for spinner to fully disappear...
2025-06-16 18:54:26 [main] INFO  a.pages.AccountsPage - ✅ Spinner disappeared.
2025-06-16 18:54:47 [main] WARN  a.pages.AccountsPage - ⚠️ Click failed attempt 1/3: Expected condition failed: waiting for element to be clickable: By.xpath: //span[text()='Download statement'] (tried for 15 second(s) with 500 milliseconds interval)
Build info: version: '4.20.0', revision: '866c76ca80'
System info: os.name: 'Windows 11', os.arch: 'amd64', os.version: '10.0', java.version: '17.0.12'
Driver info: org.openqa.selenium.chrome.ChromeDriver
Capabilities {acceptInsecureCerts: false, browserName: chrome, browserVersion: 137.0.7151.104, chrome: {chromedriverVersion: 137.0.7151.70 (dfa4dc56b2ab..., userDataDir: C:\Users\rajum\AppData\Loca...}, fedcm:accounts: true, goog:chromeOptions: {debuggerAddress: localhost:62768}, networkConnectionEnabled: false, pageLoadStrategy: normal, platformName: windows, proxy: Proxy(), se:cdp: ws://localhost:62768/devtoo..., se:cdpVersion: 137.0.7151.104, setWindowRect: true, strictFileInteractability: false, timeouts: {implicit: 0, pageLoad: 300000, script: 30000}, unhandledPromptBehavior: dismiss and notify, webauthn:extension:credBlob: true, webauthn:extension:largeBlob: true, webauthn:extension:minPinLength: true, webauthn:extension:prf: true, webauthn:virtualAuthenticators: true}
Session ID: 71561626d5dda126c098f34eb7fba4ea
2025-06-16 18:54:47 [main] INFO  a.pages.AccountsPage - ⏳ Waiting for spinner to fully disappear...
2025-06-16 18:55:08 [main] INFO  a.pages.AccountsPage - ✅ Spinner disappeared.
2025-06-16 18:55:28 [main] WARN  a.pages.AccountsPage - ⚠️ Click failed attempt 2/3: Expected condition failed: waiting for element to be clickable: By.xpath: //span[text()='Download statement'] (tried for 15 second(s) with 500 milliseconds interval)
Build info: version: '4.20.0', revision: '866c76ca80'
System info: os.name: 'Windows 11', os.arch: 'amd64', os.version: '10.0', java.version: '17.0.12'
Driver info: org.openqa.selenium.chrome.ChromeDriver
Capabilities {acceptInsecureCerts: false, browserName: chrome, browserVersion: 137.0.7151.104, chrome: {chromedriverVersion: 137.0.7151.70 (dfa4dc56b2ab..., userDataDir: C:\Users\rajum\AppData\Loca...}, fedcm:accounts: true, goog:chromeOptions: {debuggerAddress: localhost:62768}, networkConnectionEnabled: false, pageLoadStrategy: normal, platformName: windows, proxy: Proxy(), se:cdp: ws://localhost:62768/devtoo..., se:cdpVersion: 137.0.7151.104, setWindowRect: true, strictFileInteractability: false, timeouts: {implicit: 0, pageLoad: 300000, script: 30000}, unhandledPromptBehavior: dismiss and notify, webauthn:extension:credBlob: true, webauthn:extension:largeBlob: true, webauthn:extension:minPinLength: true, webauthn:extension:prf: true, webauthn:virtualAuthenticators: true}
Session ID: 71561626d5dda126c098f34eb7fba4ea
2025-06-16 18:55:29 [main] INFO  a.pages.AccountsPage - ⏳ Waiting for spinner to fully disappear...
2025-06-16 18:55:49 [main] INFO  a.pages.AccountsPage - ✅ Spinner disappeared.
2025-06-16 18:56:10 [main] WARN  a.pages.AccountsPage - ⚠️ Click failed attempt 3/3: Expected condition failed: waiting for element to be clickable: By.xpath: //span[text()='Download statement'] (tried for 15 second(s) with 500 milliseconds interval)
Build info: version: '4.20.0', revision: '866c76ca80'
System info: os.name: 'Windows 11', os.arch: 'amd64', os.version: '10.0', java.version: '17.0.12'
Driver info: org.openqa.selenium.chrome.ChromeDriver
Capabilities {acceptInsecureCerts: false, browserName: chrome, browserVersion: 137.0.7151.104, chrome: {chromedriverVersion: 137.0.7151.70 (dfa4dc56b2ab..., userDataDir: C:\Users\rajum\AppData\Loca...}, fedcm:accounts: true, goog:chromeOptions: {debuggerAddress: localhost:62768}, networkConnectionEnabled: false, pageLoadStrategy: normal, platformName: windows, proxy: Proxy(), se:cdp: ws://localhost:62768/devtoo..., se:cdpVersion: 137.0.7151.104, setWindowRect: true, strictFileInteractability: false, timeouts: {implicit: 0, pageLoad: 300000, script: 30000}, unhandledPromptBehavior: dismiss and notify, webauthn:extension:credBlob: true, webauthn:extension:largeBlob: true, webauthn:extension:minPinLength: true, webauthn:extension:prf: true, webauthn:virtualAuthenticators: true}
Session ID: 71561626d5dda126c098f34eb7fba4ea
2025-06-16 18:56:10 [main] ERROR a.pages.AccountsPage - ❌ Error during custom statement download (12 months - PDF): ❌ Click failed after 3 attempts: By.xpath: //span[text()='Download statement']
2025-06-16 18:56:11 [main] INFO  a.pages.AccountsPage - ▶️ Starting: Download Custom Statement for 6 in PDF format
2025-06-16 18:56:11 [main] INFO  a.pages.AccountsPage - Clicking Accounts Tab
2025-06-16 18:56:11 [main] INFO  a.pages.AccountsPage - ⏳ Waiting for spinner to fully disappear...
2025-06-16 18:56:31 [main] INFO  a.pages.AccountsPage - ✅ Spinner disappeared.
2025-06-16 18:56:32 [main] WARN  a.pages.AccountsPage - ⚠️ Click intercepted attempt 1/3: element click intercepted: Element <span class="p-menuitem-text">...</span> is not clickable at point (153, 100). Other element would receive the click: <div class="ng-tns-c4033847114-86 p-dialog-mask p-component-overlay p-component-overlay-enter p-dialog-mask-scrollblocker" style="z-index: 11101;">...</div>
  (Session info: chrome=137.0.7151.104)
Build info: version: '4.20.0', revision: '866c76ca80'
System info: os.name: 'Windows 11', os.arch: 'amd64', os.version: '10.0', java.version: '17.0.12'
Driver info: org.openqa.selenium.chrome.ChromeDriver
Command: [71561626d5dda126c098f34eb7fba4ea, clickElement {id=f.4CAC536D88F185E2A250E67D988CC848.d.871DC7A8533EE611D2F792317B67FA1F.e.88}]
Capabilities {acceptInsecureCerts: false, browserName: chrome, browserVersion: 137.0.7151.104, chrome: {chromedriverVersion: 137.0.7151.70 (dfa4dc56b2ab..., userDataDir: C:\Users\rajum\AppData\Loca...}, fedcm:accounts: true, goog:chromeOptions: {debuggerAddress: localhost:62768}, networkConnectionEnabled: false, pageLoadStrategy: normal, platformName: windows, proxy: Proxy(), se:cdp: ws://localhost:62768/devtoo..., se:cdpVersion: 137.0.7151.104, setWindowRect: true, strictFileInteractability: false, timeouts: {implicit: 0, pageLoad: 300000, script: 30000}, unhandledPromptBehavior: dismiss and notify, webauthn:extension:credBlob: true, webauthn:extension:largeBlob: true, webauthn:extension:minPinLength: true, webauthn:extension:prf: true, webauthn:virtualAuthenticators: true}
Element: [[ChromeDriver: chrome on windows (71561626d5dda126c098f34eb7fba4ea)] -> xpath: //span[@class='p-menuitem-text' and text()='Accounts']]
Session ID: 71561626d5dda126c098f34eb7fba4ea
2025-06-16 18:56:33 [main] INFO  a.pages.AccountsPage - ⏳ Waiting for spinner to fully disappear...
2025-06-16 18:56:53 [main] INFO  a.pages.AccountsPage - ✅ Spinner disappeared.
2025-06-16 18:56:54 [main] WARN  a.pages.AccountsPage - ⚠️ Click intercepted attempt 2/3: element click intercepted: Element <span class="p-menuitem-text">...</span> is not clickable at point (153, 100). Other element would receive the click: <div class="ng-tns-c4033847114-86 p-dialog-mask p-component-overlay p-component-overlay-enter p-dialog-mask-scrollblocker" style="z-index: 11101;">...</div>
  (Session info: chrome=137.0.7151.104)
Build info: version: '4.20.0', revision: '866c76ca80'
System info: os.name: 'Windows 11', os.arch: 'amd64', os.version: '10.0', java.version: '17.0.12'
Driver info: org.openqa.selenium.chrome.ChromeDriver
Command: [71561626d5dda126c098f34eb7fba4ea, clickElement {id=f.4CAC536D88F185E2A250E67D988CC848.d.871DC7A8533EE611D2F792317B67FA1F.e.88}]
Capabilities {acceptInsecureCerts: false, browserName: chrome, browserVersion: 137.0.7151.104, chrome: {chromedriverVersion: 137.0.7151.70 (dfa4dc56b2ab..., userDataDir: C:\Users\rajum\AppData\Loca...}, fedcm:accounts: true, goog:chromeOptions: {debuggerAddress: localhost:62768}, networkConnectionEnabled: false, pageLoadStrategy: normal, platformName: windows, proxy: Proxy(), se:cdp: ws://localhost:62768/devtoo..., se:cdpVersion: 137.0.7151.104, setWindowRect: true, strictFileInteractability: false, timeouts: {implicit: 0, pageLoad: 300000, script: 30000}, unhandledPromptBehavior: dismiss and notify, webauthn:extension:credBlob: true, webauthn:extension:largeBlob: true, webauthn:extension:minPinLength: true, webauthn:extension:prf: true, webauthn:virtualAuthenticators: true}
Element: [[ChromeDriver: chrome on windows (71561626d5dda126c098f34eb7fba4ea)] -> xpath: //span[@class='p-menuitem-text' and text()='Accounts']]
Session ID: 71561626d5dda126c098f34eb7fba4ea
2025-06-16 18:56:55 [main] INFO  a.pages.AccountsPage - ⏳ Waiting for spinner to fully disappear...
2025-06-16 18:57:15 [main] INFO  a.pages.AccountsPage - ✅ Spinner disappeared.
2025-06-16 18:57:16 [main] WARN  a.pages.AccountsPage - ⚠️ Click intercepted attempt 3/3: element click intercepted: Element <span class="p-menuitem-text">...</span> is not clickable at point (153, 100). Other element would receive the click: <div class="ng-tns-c4033847114-86 p-dialog-mask p-component-overlay p-component-overlay-enter p-dialog-mask-scrollblocker" style="z-index: 11101;">...</div>
  (Session info: chrome=137.0.7151.104)
Build info: version: '4.20.0', revision: '866c76ca80'
System info: os.name: 'Windows 11', os.arch: 'amd64', os.version: '10.0', java.version: '17.0.12'
Driver info: org.openqa.selenium.chrome.ChromeDriver
Command: [71561626d5dda126c098f34eb7fba4ea, clickElement {id=f.4CAC536D88F185E2A250E67D988CC848.d.871DC7A8533EE611D2F792317B67FA1F.e.88}]
Capabilities {acceptInsecureCerts: false, browserName: chrome, browserVersion: 137.0.7151.104, chrome: {chromedriverVersion: 137.0.7151.70 (dfa4dc56b2ab..., userDataDir: C:\Users\rajum\AppData\Loca...}, fedcm:accounts: true, goog:chromeOptions: {debuggerAddress: localhost:62768}, networkConnectionEnabled: false, pageLoadStrategy: normal, platformName: windows, proxy: Proxy(), se:cdp: ws://localhost:62768/devtoo..., se:cdpVersion: 137.0.7151.104, setWindowRect: true, strictFileInteractability: false, timeouts: {implicit: 0, pageLoad: 300000, script: 30000}, unhandledPromptBehavior: dismiss and notify, webauthn:extension:credBlob: true, webauthn:extension:largeBlob: true, webauthn:extension:minPinLength: true, webauthn:extension:prf: true, webauthn:virtualAuthenticators: true}
Element: [[ChromeDriver: chrome on windows (71561626d5dda126c098f34eb7fba4ea)] -> xpath: //span[@class='p-menuitem-text' and text()='Accounts']]
Session ID: 71561626d5dda126c098f34eb7fba4ea
2025-06-16 18:57:17 [main] ERROR a.pages.AccountsPage - ❌ Error during custom statement download (6 months - PDF): ❌ Click failed after 3 attempts: By.xpath: //span[@class='p-menuitem-text' and text()='Accounts']
2025-06-16 18:57:17 [main] INFO  a.pages.AccountsPage - ▶️ Starting: Download Custom Statement for 12 in XLS format
2025-06-16 18:57:17 [main] INFO  a.pages.AccountsPage - Clicking Accounts Tab
2025-06-16 18:57:17 [main] INFO  a.pages.AccountsPage - ⏳ Waiting for spinner to fully disappear...
2025-06-16 18:57:38 [main] INFO  a.pages.AccountsPage - ✅ Spinner disappeared.
2025-06-16 18:57:38 [main] INFO  a.pages.AccountsPage - ⏳ Waiting for spinner to fully disappear...
2025-06-16 18:57:39 [main] INFO  a.pages.AccountsPage - ✅ Spinner disappeared.
2025-06-16 18:57:39 [main] INFO  a.pages.AccountsPage - ⏳ Waiting for spinner to fully disappear...
2025-06-16 18:58:00 [main] INFO  a.pages.AccountsPage - ✅ Spinner disappeared.
2025-06-16 18:58:30 [main] INFO  a.pages.AccountsPage - ✅ Accounts Tab Clicked
2025-06-16 18:58:30 [main] INFO  a.pages.AccountsPage - ⏳ Waiting for spinner to fully disappear...
2025-06-16 18:58:51 [main] INFO  a.pages.AccountsPage - ✅ Spinner disappeared.
2025-06-16 18:58:51 [main] INFO  a.pages.AccountsPage - ⏳ Waiting for spinner to fully disappear...
2025-06-16 18:59:08 [main] INFO  a.pages.AccountsPage - ✅ Spinner disappeared.
2025-06-16 18:59:08 [main] INFO  a.pages.AccountsPage - ⏳ Waiting for spinner to fully disappear...
2025-06-16 18:59:28 [main] INFO  a.pages.AccountsPage - ✅ Spinner disappeared.
2025-06-16 18:59:59 [main] INFO  a.pages.AccountsPage - ✅ Detailed Account Statement Button Clicked
2025-06-16 18:59:59 [main] INFO  a.pages.AccountsPage - ⏳ Waiting for spinner to fully disappear...
2025-06-16 19:00:19 [main] INFO  a.pages.AccountsPage - ✅ Spinner disappeared.
2025-06-16 19:00:19 [main] INFO  a.pages.AccountsPage - ⏳ Waiting for spinner to fully disappear...
2025-06-16 19:00:40 [main] INFO  a.pages.AccountsPage - ✅ Spinner disappeared.
2025-06-16 19:00:40 [main] INFO  a.pages.AccountsPage - ⏳ Waiting for spinner to fully disappear...
2025-06-16 19:01:00 [main] INFO  a.pages.AccountsPage - ✅ Spinner disappeared.
2025-06-16 19:01:30 [main] INFO  a.pages.AccountsPage - ✅ Custom Button Clicked
2025-06-16 19:01:32 [main] INFO  a.pages.AccountsPage - ⏳ Waiting for spinner to fully disappear...
2025-06-16 19:01:52 [main] INFO  a.pages.AccountsPage - ✅ Spinner disappeared.
2025-06-16 19:01:52 [main] INFO  a.pages.AccountsPage - ⏳ Waiting for spinner to fully disappear...
2025-06-16 19:02:13 [main] INFO  a.pages.AccountsPage - ✅ Spinner disappeared.
2025-06-16 19:02:13 [main] INFO  a.pages.AccountsPage - ⏳ Waiting for spinner to fully disappear...
2025-06-16 19:02:33 [main] INFO  a.pages.AccountsPage - ✅ Spinner disappeared.
2025-06-16 19:03:03 [main] INFO  a.pages.AccountsPage - ✅ 12 Months Option Selected
2025-06-16 19:03:04 [main] INFO  a.pages.AccountsPage - ⏳ Waiting for spinner to fully disappear...
2025-06-16 19:03:25 [main] INFO  a.pages.AccountsPage - ✅ Spinner disappeared.
2025-06-16 19:03:25 [main] INFO  a.pages.AccountsPage - ⏳ Waiting for spinner to fully disappear...
2025-06-16 19:03:26 [main] INFO  a.pages.AccountsPage - ✅ Spinner disappeared.
2025-06-16 19:03:26 [main] INFO  a.pages.AccountsPage - ⏳ Waiting for spinner to fully disappear...
2025-06-16 19:03:53 [main] INFO  a.pages.AccountsPage - ✅ Spinner disappeared.
2025-06-16 19:04:23 [main] INFO  a.pages.AccountsPage - ✅ Done Button Clicked
2025-06-16 19:04:23 [main] INFO  a.pages.AccountsPage - ⏳ Waiting for spinner to fully disappear...
2025-06-16 19:04:43 [main] INFO  a.pages.AccountsPage - ✅ Spinner disappeared.
2025-06-16 19:04:44 [main] INFO  a.pages.AccountsPage - ⏳ Waiting for spinner to fully disappear...
2025-06-16 19:05:04 [main] INFO  a.pages.AccountsPage - ✅ Spinner disappeared.
2025-06-16 19:05:04 [main] INFO  a.pages.AccountsPage - ⏳ Waiting for spinner to fully disappear...
2025-06-16 19:05:24 [main] INFO  a.pages.AccountsPage - ✅ Spinner disappeared.
2025-06-16 19:05:54 [main] INFO  a.pages.AccountsPage - ✅ Download Button Clicked
2025-06-16 19:05:54 [main] INFO  a.pages.AccountsPage - ⏳ Waiting for spinner to fully disappear...
2025-06-16 19:06:15 [main] INFO  a.pages.AccountsPage - ✅ Spinner disappeared.
2025-06-16 19:06:15 [main] INFO  a.pages.AccountsPage - ⏳ Waiting for spinner to fully disappear...
2025-06-16 19:06:35 [main] INFO  a.pages.AccountsPage - ✅ Spinner disappeared.
2025-06-16 19:06:35 [main] INFO  a.pages.AccountsPage - ⏳ Waiting for spinner to fully disappear...
2025-06-16 19:06:56 [main] INFO  a.pages.AccountsPage - ✅ Spinner disappeared.
2025-06-16 19:07:26 [main] INFO  a.pages.AccountsPage - ✅ XLS Format Selected
2025-06-16 19:07:26 [main] INFO  a.pages.AccountsPage - ⏳ Waiting for spinner to fully disappear...
2025-06-16 19:07:46 [main] INFO  a.pages.AccountsPage - ✅ Spinner disappeared.
2025-06-16 19:07:46 [main] INFO  a.pages.AccountsPage - ⏳ Waiting for spinner to fully disappear...
2025-06-16 19:07:47 [main] INFO  a.pages.AccountsPage - ✅ Spinner disappeared.
2025-06-16 19:07:47 [main] INFO  a.pages.AccountsPage - ⏳ Waiting for spinner to fully disappear...
2025-06-16 19:08:02 [main] WARN  a.pages.AccountsPage - ⚠️ Spinner wait skipped or failed gracefully.
2025-06-16 19:08:32 [main] INFO  a.pages.AccountsPage - ✅ Download Statement Button Clicked
2025-06-16 19:08:32 [main] INFO  a.pages.AccountsPage - 🎉 Custom statement download for 12 months (XLS format) triggered successfully.
2025-06-16 19:08:32 [main] INFO  automationFramework.utils.LoggerUtil - 🧹 Finalizing report...
2025-06-16 19:08:33 [main] INFO  automationFramework.utils.LoggerUtil - 📧 Sending report via email...
