2025-06-13 17:38:48 [main] WARN  org.testng.xml.TestNGContentHandler - Failed to read [/C:/Users/rajum/eclipse-workspace/ToolsQA/SeleniumAutomotionSVCUATIB/testng-1.1.dtd] from CLASSPATH. Attempting to read from [file:///C:/Users/rajum/eclipse-workspace/ToolsQA/SeleniumAutomotionSVCUATIB/testng-1.1.dtd].
2025-06-13 17:38:48 [main] WARN  org.testng.xml.TestNGContentHandler - It is strongly recommended to add "<!DOCTYPE suite SYSTEM "https://testng.org/testng-1.1.dtd" >" at the top of the suite file [C:\Users\rajum\eclipse-workspace\ToolsQA\SeleniumAutomotionSVCUATIB\src\main\resources\testng.xml] otherwise TestNG may fail or not work as expected.
2025-06-13 17:38:49 [main] INFO  org.testng.internal.Utils - [TestNG] Running:
  C:\Users\rajum\eclipse-workspace\ToolsQA\SeleniumAutomotionSVCUATIB\src\main\resources\testng.xml

2025-06-13 17:38:49 [main] INFO  i.g.bonigarcia.wdm.WebDriverManager - Using chromedriver 137.0.7151.70 (resolved driver for Chrome 137)
2025-06-13 17:38:49 [main] INFO  i.g.bonigarcia.wdm.WebDriverManager - Exporting webdriver.chrome.driver as C:\Users\rajum\.cache\selenium\chromedriver\win64\137.0.7151.70\chromedriver.exe
2025-06-13 17:38:52 [main] INFO  automationFramework.pages.LoginPage - ✅ [SUCCESS] Config loaded from 'config.properties': captcha.wait.seconds = 10 seconds.
2025-06-13 17:38:55 [main] INFO  automationFramework.pages.LoginPage - 🟦 [STEP] Navigated to URL: https://uatnet.svcbank.com/ReachSVCInet/SVC-web/inet/netbanking
2025-06-13 17:38:55 [main] INFO  automationFramework.pages.LoginPage - ✅ [SUCCESS] Entered username: TEST001
2025-06-13 17:38:55 [main] INFO  automationFramework.pages.LoginPage - ⏳ [WAIT] Waiting for manual captcha input. You have 10 seconds.
2025-06-13 17:39:05 [main] INFO  automationFramework.pages.LoginPage - ✅ [SUCCESS] Clicked first Login button (after captcha).
2025-06-13 17:39:11 [main] INFO  automationFramework.pages.LoginPage - ✅ [SUCCESS] Entered password.
2025-06-13 17:39:11 [main] INFO  automationFramework.pages.LoginPage - ✅ [SUCCESS] Clicked final Login button.
2025-06-13 17:39:11 [main] INFO  automationFramework.pages.LoginPage - 🎉 [DONE] Login Test Completed successfully for user: TEST001.
2025-06-13 17:39:11 [main] INFO  a.pages.AccountsPage - Clicking Accounts Tab
2025-06-13 17:39:11 [main] INFO  a.pages.AccountsPage - ⏳ Waiting for spinner to fully disappear...
2025-06-13 17:39:38 [main] INFO  a.pages.AccountsPage - ✅ Spinner disappeared.
2025-06-13 17:39:38 [main] INFO  a.pages.AccountsPage - ⏳ Waiting for spinner to fully disappear...
2025-06-13 17:40:02 [main] INFO  a.pages.AccountsPage - ✅ Spinner disappeared.
2025-06-13 17:40:02 [main] INFO  a.pages.AccountsPage - ⏳ Waiting for spinner to fully disappear...
2025-06-13 17:40:22 [main] INFO  a.pages.AccountsPage - ✅ Spinner disappeared.
2025-06-13 17:40:42 [main] INFO  a.pages.AccountsPage - ✅ Accounts Tab Clicked
2025-06-13 17:40:42 [main] INFO  a.pages.AccountsPage - ⏳ Waiting for spinner to fully disappear...
2025-06-13 17:41:03 [main] INFO  a.pages.AccountsPage - ✅ Spinner disappeared.
2025-06-13 17:41:23 [main] INFO  a.pages.AccountsPage - Scrolling to 'View Balance Components' button
2025-06-13 17:41:23 [main] INFO  a.pages.AccountsPage - ⏳ Waiting for spinner to fully disappear...
2025-06-13 17:41:43 [main] INFO  a.pages.AccountsPage - ✅ Spinner disappeared.
2025-06-13 17:42:03 [main] INFO  a.pages.AccountsPage - Clicking 'View Balance Components' button
2025-06-13 17:42:03 [main] INFO  a.pages.AccountsPage - ⏳ Waiting for spinner to fully disappear...
2025-06-13 17:42:24 [main] INFO  a.pages.AccountsPage - ✅ Spinner disappeared.
2025-06-13 17:42:24 [main] INFO  a.pages.AccountsPage - ⏳ Waiting for spinner to fully disappear...
2025-06-13 17:42:44 [main] INFO  a.pages.AccountsPage - ✅ Spinner disappeared.
2025-06-13 17:42:44 [main] INFO  a.pages.AccountsPage - ⏳ Waiting for spinner to fully disappear...
2025-06-13 17:42:45 [main] INFO  a.pages.AccountsPage - ✅ Spinner disappeared.
2025-06-13 17:42:45 [main] INFO  a.pages.AccountsPage - ⏳ Waiting for spinner to fully disappear...
2025-06-13 17:43:07 [main] INFO  a.pages.AccountsPage - ✅ Spinner disappeared.
2025-06-13 17:43:27 [main] INFO  a.pages.AccountsPage - Closing balance modal
2025-06-13 17:43:27 [main] INFO  a.pages.AccountsPage - ⏳ Waiting for spinner to fully disappear...
2025-06-13 17:43:47 [main] INFO  a.pages.AccountsPage - ✅ Spinner disappeared.
2025-06-13 17:43:47 [main] INFO  a.pages.AccountsPage - ⏳ Waiting for spinner to fully disappear...
2025-06-13 17:44:07 [main] INFO  a.pages.AccountsPage - ✅ Spinner disappeared.
2025-06-13 17:44:07 [main] INFO  a.pages.AccountsPage - ⏳ Waiting for spinner to fully disappear...
2025-06-13 17:44:28 [main] INFO  a.pages.AccountsPage - ✅ Spinner disappeared.
2025-06-13 17:44:28 [main] INFO  a.pages.AccountsPage - ✅ Modal closed.
2025-06-13 17:44:28 [main] INFO  a.pages.AccountsPage - ⏳ Waiting for spinner to fully disappear...
2025-06-13 17:44:48 [main] INFO  a.pages.AccountsPage - ✅ Spinner disappeared.
2025-06-13 17:45:08 [main] INFO  a.pages.AccountsPage - ▶️ Starting: Download 1 Month Statement in PDF format
2025-06-13 17:45:08 [main] INFO  a.pages.AccountsPage - Clicking Accounts Tab
2025-06-13 17:45:08 [main] INFO  a.pages.AccountsPage - ⏳ Waiting for spinner to fully disappear...
2025-06-13 17:45:29 [main] INFO  a.pages.AccountsPage - ✅ Spinner disappeared.
2025-06-13 17:45:29 [main] INFO  a.pages.AccountsPage - ⏳ Waiting for spinner to fully disappear...
2025-06-13 17:45:52 [main] INFO  a.pages.AccountsPage - ✅ Spinner disappeared.
2025-06-13 17:45:52 [main] INFO  a.pages.AccountsPage - ⏳ Waiting for spinner to fully disappear...
2025-06-13 17:46:12 [main] INFO  a.pages.AccountsPage - ✅ Spinner disappeared.
2025-06-13 17:46:33 [main] INFO  a.pages.AccountsPage - ✅ Accounts Tab Clicked
2025-06-13 17:46:33 [main] INFO  a.pages.AccountsPage - ⏳ Waiting for spinner to fully disappear...
2025-06-13 17:46:53 [main] INFO  a.pages.AccountsPage - ✅ Spinner disappeared.
2025-06-13 17:46:53 [main] INFO  a.pages.AccountsPage - ⏳ Waiting for spinner to fully disappear...
2025-06-13 17:47:07 [main] INFO  a.pages.AccountsPage - ✅ Spinner disappeared.
2025-06-13 17:47:07 [main] INFO  a.pages.AccountsPage - ⏳ Waiting for spinner to fully disappear...
2025-06-13 17:47:28 [main] INFO  a.pages.AccountsPage - ✅ Spinner disappeared.
2025-06-13 17:47:48 [main] INFO  a.pages.AccountsPage - ✅ Detailed Account Statement Button Clicked
2025-06-13 17:47:48 [main] INFO  a.pages.AccountsPage - ⏳ Waiting for spinner to fully disappear...
2025-06-13 17:48:08 [main] INFO  a.pages.AccountsPage - ✅ Spinner disappeared.
2025-06-13 17:48:08 [main] INFO  a.pages.AccountsPage - ⏳ Waiting for spinner to fully disappear...
2025-06-13 17:48:28 [main] INFO  a.pages.AccountsPage - ✅ Spinner disappeared.
2025-06-13 17:48:28 [main] INFO  a.pages.AccountsPage - ⏳ Waiting for spinner to fully disappear...
2025-06-13 17:48:49 [main] INFO  a.pages.AccountsPage - ✅ Spinner disappeared.
2025-06-13 17:49:09 [main] INFO  a.pages.AccountsPage - ✅ Download Button Clicked
2025-06-13 17:49:09 [main] INFO  a.pages.AccountsPage - ✅ Default Format (PDF) Selected
2025-06-13 17:49:09 [main] INFO  a.pages.AccountsPage - ⏳ Waiting for spinner to fully disappear...
2025-06-13 17:49:29 [main] INFO  a.pages.AccountsPage - ✅ Spinner disappeared.
2025-06-13 17:49:29 [main] INFO  a.pages.AccountsPage - ⏳ Waiting for spinner to fully disappear...
2025-06-13 17:49:45 [main] WARN  a.pages.AccountsPage - ⚠️ Spinner wait skipped or failed gracefully.
2025-06-13 17:49:45 [main] INFO  a.pages.AccountsPage - ⏳ Waiting for spinner to fully disappear...
2025-06-13 17:50:09 [main] INFO  a.pages.AccountsPage - ✅ Spinner disappeared.
2025-06-13 17:50:29 [main] INFO  a.pages.AccountsPage - ✅ Download Statement Button Clicked
2025-06-13 17:50:29 [main] INFO  a.pages.AccountsPage - 🎉 Statement download for 1 Month (PDF format) triggered successfully.
2025-06-13 17:50:29 [main] INFO  a.pages.AccountsPage - ▶️ Starting: Download 3 Months Statement in PDF format
2025-06-13 17:50:29 [main] INFO  a.pages.AccountsPage - Clicking Accounts Tab
2025-06-13 17:50:29 [main] INFO  a.pages.AccountsPage - ⏳ Waiting for spinner to fully disappear...
2025-06-13 17:50:49 [main] INFO  a.pages.AccountsPage - ✅ Spinner disappeared.
2025-06-13 17:50:49 [main] INFO  a.pages.AccountsPage - ⏳ Waiting for spinner to fully disappear...
2025-06-13 17:51:11 [main] INFO  a.pages.AccountsPage - ✅ Spinner disappeared.
2025-06-13 17:51:11 [main] INFO  a.pages.AccountsPage - ⏳ Waiting for spinner to fully disappear...
2025-06-13 17:51:32 [main] INFO  a.pages.AccountsPage - ✅ Spinner disappeared.
2025-06-13 17:51:52 [main] INFO  a.pages.AccountsPage - ✅ Accounts Tab Clicked
2025-06-13 17:51:52 [main] INFO  a.pages.AccountsPage - ⏳ Waiting for spinner to fully disappear...
2025-06-13 17:52:12 [main] INFO  a.pages.AccountsPage - ✅ Spinner disappeared.
2025-06-13 17:52:12 [main] INFO  a.pages.AccountsPage - ⏳ Waiting for spinner to fully disappear...
2025-06-13 17:52:30 [main] WARN  a.pages.AccountsPage - ⚠️ Spinner wait skipped or failed gracefully.
2025-06-13 17:52:30 [main] INFO  a.pages.AccountsPage - ⏳ Waiting for spinner to fully disappear...
2025-06-13 17:52:46 [main] WARN  a.pages.AccountsPage - ⚠️ Spinner wait skipped or failed gracefully.
2025-06-13 17:53:06 [main] INFO  a.pages.AccountsPage - ✅ Detailed Account Statement Button Clicked
2025-06-13 17:53:06 [main] INFO  a.pages.AccountsPage - ⏳ Waiting for spinner to fully disappear...
2025-06-13 17:53:21 [main] WARN  a.pages.AccountsPage - ⚠️ Spinner wait skipped or failed gracefully.
2025-06-13 17:53:22 [main] WARN  a.pages.AccountsPage - ⚠️ Click intercepted attempt 1/3: element click intercepted: Element <button _ngcontent-ng-c1879628175="" appblockdblclick="" class="account_button gap-2 px-1 py-2 flex justify-content-center w-4">...</button> is not clickable at point (1182, 338). Other element would receive the click: <div _ngcontent-ng-c587276320="" class="ngx-spinner-overlay ng-tns-c587276320-1 ng-trigger ng-trigger-fadeIn ng-star-inserted ng-animating" style="background-color: rgba(51, 51, 51, 0.8); z-index: 99999; position: fixed;">...</div>
  (Session info: chrome=137.0.7151.104)
Build info: version: '4.20.0', revision: '866c76ca80'
System info: os.name: 'Windows 11', os.arch: 'amd64', os.version: '10.0', java.version: '17.0.12'
Driver info: org.openqa.selenium.chrome.ChromeDriver
Command: [4bb6fa4f99af3e6291ea67ee6fd1bdee, clickElement {id=f.580B0BD24B3D3416665AD94B28774B58.d.596257884AE1B34CE2E8EA6153BF5998.e.254}]
Capabilities {acceptInsecureCerts: false, browserName: chrome, browserVersion: 137.0.7151.104, chrome: {chromedriverVersion: 137.0.7151.70 (dfa4dc56b2ab..., userDataDir: C:\Users\rajum\AppData\Loca...}, fedcm:accounts: true, goog:chromeOptions: {debuggerAddress: localhost:54177}, networkConnectionEnabled: false, pageLoadStrategy: normal, platformName: windows, proxy: Proxy(), se:cdp: ws://localhost:54177/devtoo..., se:cdpVersion: 137.0.7151.104, setWindowRect: true, strictFileInteractability: false, timeouts: {implicit: 0, pageLoad: 300000, script: 30000}, unhandledPromptBehavior: dismiss and notify, webauthn:extension:credBlob: true, webauthn:extension:largeBlob: true, webauthn:extension:minPinLength: true, webauthn:extension:prf: true, webauthn:virtualAuthenticators: true}
Element: [[ChromeDriver: chrome on windows (4bb6fa4f99af3e6291ea67ee6fd1bdee)] -> xpath: //button[contains(text(),'3 Months')]]
Session ID: 4bb6fa4f99af3e6291ea67ee6fd1bdee
2025-06-13 17:53:23 [main] INFO  a.pages.AccountsPage - ⏳ Waiting for spinner to fully disappear...
2025-06-13 17:53:39 [main] INFO  a.pages.AccountsPage - ✅ Spinner disappeared.
2025-06-13 17:53:39 [main] INFO  a.pages.AccountsPage - ⏳ Waiting for spinner to fully disappear...
2025-06-13 17:53:54 [main] INFO  a.pages.AccountsPage - ✅ Spinner disappeared.
2025-06-13 17:53:54 [main] INFO  a.pages.AccountsPage - ⏳ Waiting for spinner to fully disappear...
2025-06-13 17:54:14 [main] INFO  a.pages.AccountsPage - ✅ Spinner disappeared.
2025-06-13 17:54:35 [main] INFO  a.pages.AccountsPage - ✅ 3 Months Button Clicked
2025-06-13 17:54:35 [main] INFO  a.pages.AccountsPage - ⏳ Waiting for spinner to fully disappear...
2025-06-13 17:54:55 [main] INFO  a.pages.AccountsPage - ✅ Spinner disappeared.
2025-06-13 17:54:55 [main] INFO  a.pages.AccountsPage - ⏳ Waiting for spinner to fully disappear...
2025-06-13 17:55:15 [main] INFO  a.pages.AccountsPage - ✅ Spinner disappeared.
2025-06-13 17:55:15 [main] INFO  a.pages.AccountsPage - ⏳ Waiting for spinner to fully disappear...
2025-06-13 17:55:36 [main] INFO  a.pages.AccountsPage - ✅ Spinner disappeared.
2025-06-13 17:55:56 [main] INFO  a.pages.AccountsPage - ✅ Download Button Clicked
2025-06-13 17:55:56 [main] INFO  a.pages.AccountsPage - ✅ Default Format (PDF) Selected
2025-06-13 17:55:56 [main] INFO  a.pages.AccountsPage - ⏳ Waiting for spinner to fully disappear...
2025-06-13 17:56:16 [main] INFO  a.pages.AccountsPage - ✅ Spinner disappeared.
2025-06-13 17:56:16 [main] INFO  a.pages.AccountsPage - ⏳ Waiting for spinner to fully disappear...
2025-06-13 17:56:32 [main] WARN  a.pages.AccountsPage - ⚠️ Spinner wait skipped or failed gracefully.
2025-06-13 17:56:32 [main] INFO  a.pages.AccountsPage - ⏳ Waiting for spinner to fully disappear...
2025-06-13 17:56:53 [main] INFO  a.pages.AccountsPage - ✅ Spinner disappeared.
2025-06-13 17:57:13 [main] INFO  a.pages.AccountsPage - ✅ Download Statement Button Clicked
2025-06-13 17:57:13 [main] INFO  a.pages.AccountsPage - 🎉 Statement download for 3 Months (PDF format) triggered successfully.
2025-06-13 17:57:13 [main] INFO  a.pages.AccountsPage - ▶️ Starting: Download 1 Month Statement in XLS format
2025-06-13 17:57:13 [main] INFO  a.pages.AccountsPage - Clicking Accounts Tab
2025-06-13 17:57:13 [main] INFO  a.pages.AccountsPage - ⏳ Waiting for spinner to fully disappear...
2025-06-13 17:57:34 [main] INFO  a.pages.AccountsPage - ✅ Spinner disappeared.
2025-06-13 17:57:34 [main] INFO  a.pages.AccountsPage - ⏳ Waiting for spinner to fully disappear...
2025-06-13 17:57:51 [main] WARN  a.pages.AccountsPage - ⚠️ Spinner wait skipped or failed gracefully.
2025-06-13 17:57:51 [main] INFO  a.pages.AccountsPage - ⏳ Waiting for spinner to fully disappear...
2025-06-13 17:58:07 [main] WARN  a.pages.AccountsPage - ⚠️ Spinner wait skipped or failed gracefully.
2025-06-13 17:58:27 [main] INFO  a.pages.AccountsPage - ✅ Accounts Tab Clicked
2025-06-13 17:58:27 [main] INFO  a.pages.AccountsPage - ⏳ Waiting for spinner to fully disappear...
2025-06-13 17:58:42 [main] WARN  a.pages.AccountsPage - ⚠️ Spinner wait skipped or failed gracefully.
2025-06-13 17:58:43 [main] WARN  a.pages.AccountsPage - ⚠️ Click intercepted attempt 1/3: element click intercepted: Element <span _ngcontent-ng-c1284850809="" class="text-blue-500 font-semibold">...</span> is not clickable at point (1419, 182). Other element would receive the click: <div _ngcontent-ng-c587276320="" class="ngx-spinner-overlay ng-tns-c587276320-1 ng-trigger ng-trigger-fadeIn ng-star-inserted ng-animating" style="background-color: rgba(51, 51, 51, 0.8); z-index: 99999; position: fixed;">...</div>
  (Session info: chrome=137.0.7151.104)
Build info: version: '4.20.0', revision: '866c76ca80'
System info: os.name: 'Windows 11', os.arch: 'amd64', os.version: '10.0', java.version: '17.0.12'
Driver info: org.openqa.selenium.chrome.ChromeDriver
Command: [4bb6fa4f99af3e6291ea67ee6fd1bdee, clickElement {id=f.580B0BD24B3D3416665AD94B28774B58.d.596257884AE1B34CE2E8EA6153BF5998.e.297}]
Capabilities {acceptInsecureCerts: false, browserName: chrome, browserVersion: 137.0.7151.104, chrome: {chromedriverVersion: 137.0.7151.70 (dfa4dc56b2ab..., userDataDir: C:\Users\rajum\AppData\Loca...}, fedcm:accounts: true, goog:chromeOptions: {debuggerAddress: localhost:54177}, networkConnectionEnabled: false, pageLoadStrategy: normal, platformName: windows, proxy: Proxy(), se:cdp: ws://localhost:54177/devtoo..., se:cdpVersion: 137.0.7151.104, setWindowRect: true, strictFileInteractability: false, timeouts: {implicit: 0, pageLoad: 300000, script: 30000}, unhandledPromptBehavior: dismiss and notify, webauthn:extension:credBlob: true, webauthn:extension:largeBlob: true, webauthn:extension:minPinLength: true, webauthn:extension:prf: true, webauthn:virtualAuthenticators: true}
Element: [[ChromeDriver: chrome on windows (4bb6fa4f99af3e6291ea67ee6fd1bdee)] -> xpath: //span[contains(text(),'Detailed Statement')]]
Session ID: 4bb6fa4f99af3e6291ea67ee6fd1bdee
2025-06-13 17:58:44 [main] INFO  a.pages.AccountsPage - ⏳ Waiting for spinner to fully disappear...
2025-06-13 17:58:57 [main] INFO  a.pages.AccountsPage - ✅ Spinner disappeared.
2025-06-13 17:58:57 [main] INFO  a.pages.AccountsPage - ⏳ Waiting for spinner to fully disappear...
2025-06-13 17:59:15 [main] INFO  a.pages.AccountsPage - ✅ Spinner disappeared.
2025-06-13 17:59:15 [main] INFO  a.pages.AccountsPage - ⏳ Waiting for spinner to fully disappear...
2025-06-13 17:59:35 [main] INFO  a.pages.AccountsPage - ✅ Spinner disappeared.
2025-06-13 17:59:55 [main] INFO  a.pages.AccountsPage - ✅ Detailed Account Statement Button Clicked
2025-06-13 17:59:55 [main] INFO  a.pages.AccountsPage - ⏳ Waiting for spinner to fully disappear...
2025-06-13 18:00:16 [main] INFO  a.pages.AccountsPage - ✅ Spinner disappeared.
2025-06-13 18:00:16 [main] INFO  a.pages.AccountsPage - ⏳ Waiting for spinner to fully disappear...
2025-06-13 18:00:36 [main] INFO  a.pages.AccountsPage - ✅ Spinner disappeared.
2025-06-13 18:00:36 [main] INFO  a.pages.AccountsPage - ⏳ Waiting for spinner to fully disappear...
2025-06-13 18:00:56 [main] INFO  a.pages.AccountsPage - ✅ Spinner disappeared.
2025-06-13 18:01:16 [main] INFO  a.pages.AccountsPage - ✅ Download Button Clicked
2025-06-13 18:01:16 [main] INFO  a.pages.AccountsPage - ⏳ Waiting for spinner to fully disappear...
2025-06-13 18:01:37 [main] INFO  a.pages.AccountsPage - ✅ Spinner disappeared.
2025-06-13 18:01:37 [main] INFO  a.pages.AccountsPage - ⏳ Waiting for spinner to fully disappear...
2025-06-13 18:01:57 [main] INFO  a.pages.AccountsPage - ✅ Spinner disappeared.
2025-06-13 18:01:57 [main] INFO  a.pages.AccountsPage - ⏳ Waiting for spinner to fully disappear...
2025-06-13 18:02:18 [main] INFO  a.pages.AccountsPage - ✅ Spinner disappeared.
2025-06-13 18:02:38 [main] INFO  a.pages.AccountsPage - ✅ XLS Format Selected
2025-06-13 18:02:38 [main] INFO  a.pages.AccountsPage - ⏳ Waiting for spinner to fully disappear...
2025-06-13 18:02:58 [main] INFO  a.pages.AccountsPage - ✅ Spinner disappeared.
2025-06-13 18:02:58 [main] INFO  a.pages.AccountsPage - ⏳ Waiting for spinner to fully disappear...
2025-06-13 18:03:14 [main] WARN  a.pages.AccountsPage - ⚠️ Spinner wait skipped or failed gracefully.
2025-06-13 18:03:14 [main] INFO  a.pages.AccountsPage - ⏳ Waiting for spinner to fully disappear...
2025-06-13 18:03:36 [main] INFO  a.pages.AccountsPage - ✅ Spinner disappeared.
2025-06-13 18:03:56 [main] INFO  a.pages.AccountsPage - ✅ Download Statement Button Clicked
2025-06-13 18:03:56 [main] INFO  a.pages.AccountsPage - 🎉 Statement download for 1 Month (XLS format) triggered successfully.
2025-06-13 18:03:56 [main] INFO  a.pages.AccountsPage - ▶️ Starting: Download 3 Months Statement in XLS format
2025-06-13 18:03:56 [main] INFO  a.pages.AccountsPage - Clicking Accounts Tab
2025-06-13 18:03:56 [main] INFO  a.pages.AccountsPage - ⏳ Waiting for spinner to fully disappear...
2025-06-13 18:04:17 [main] INFO  a.pages.AccountsPage - ✅ Spinner disappeared.
2025-06-13 18:04:17 [main] INFO  a.pages.AccountsPage - ⏳ Waiting for spinner to fully disappear...
2025-06-13 18:04:18 [main] INFO  a.pages.AccountsPage - ✅ Spinner disappeared.
2025-06-13 18:04:18 [main] INFO  a.pages.AccountsPage - ⏳ Waiting for spinner to fully disappear...
2025-06-13 18:04:39 [main] INFO  a.pages.AccountsPage - ✅ Spinner disappeared.
2025-06-13 18:04:59 [main] INFO  a.pages.AccountsPage - ✅ Accounts Tab Clicked
2025-06-13 18:04:59 [main] INFO  a.pages.AccountsPage - ⏳ Waiting for spinner to fully disappear...
2025-06-13 18:05:20 [main] INFO  a.pages.AccountsPage - ✅ Spinner disappeared.
2025-06-13 18:05:20 [main] INFO  a.pages.AccountsPage - ⏳ Waiting for spinner to fully disappear...
2025-06-13 18:05:21 [main] INFO  a.pages.AccountsPage - ✅ Spinner disappeared.
2025-06-13 18:05:21 [main] INFO  a.pages.AccountsPage - ⏳ Waiting for spinner to fully disappear...
2025-06-13 18:05:42 [main] INFO  a.pages.AccountsPage - ✅ Spinner disappeared.
2025-06-13 18:06:02 [main] INFO  a.pages.AccountsPage - ✅ Detailed Account Statement Button Clicked
2025-06-13 18:06:02 [main] INFO  a.pages.AccountsPage - ⏳ Waiting for spinner to fully disappear...
2025-06-13 18:06:22 [main] INFO  a.pages.AccountsPage - ✅ Spinner disappeared.
2025-06-13 18:06:22 [main] INFO  a.pages.AccountsPage - ⏳ Waiting for spinner to fully disappear...
2025-06-13 18:06:23 [main] INFO  a.pages.AccountsPage - ✅ Spinner disappeared.
2025-06-13 18:06:23 [main] INFO  a.pages.AccountsPage - ⏳ Waiting for spinner to fully disappear...
2025-06-13 18:06:44 [main] INFO  a.pages.AccountsPage - ✅ Spinner disappeared.
2025-06-13 18:07:04 [main] INFO  a.pages.AccountsPage - ✅ 3 Months Button Clicked
2025-06-13 18:07:04 [main] INFO  a.pages.AccountsPage - ⏳ Waiting for spinner to fully disappear...
2025-06-13 18:07:24 [main] INFO  a.pages.AccountsPage - ✅ Spinner disappeared.
2025-06-13 18:07:24 [main] INFO  a.pages.AccountsPage - ⏳ Waiting for spinner to fully disappear...
2025-06-13 18:07:45 [main] INFO  a.pages.AccountsPage - ✅ Spinner disappeared.
2025-06-13 18:07:45 [main] INFO  a.pages.AccountsPage - ⏳ Waiting for spinner to fully disappear...
2025-06-13 18:08:05 [main] INFO  a.pages.AccountsPage - ✅ Spinner disappeared.
2025-06-13 18:08:25 [main] INFO  a.pages.AccountsPage - ✅ Download Button Clicked
2025-06-13 18:08:25 [main] INFO  a.pages.AccountsPage - ⏳ Waiting for spinner to fully disappear...
2025-06-13 18:08:46 [main] INFO  a.pages.AccountsPage - ✅ Spinner disappeared.
2025-06-13 18:08:46 [main] INFO  a.pages.AccountsPage - ⏳ Waiting for spinner to fully disappear...
2025-06-13 18:09:06 [main] INFO  a.pages.AccountsPage - ✅ Spinner disappeared.
2025-06-13 18:09:06 [main] INFO  a.pages.AccountsPage - ⏳ Waiting for spinner to fully disappear...
2025-06-13 18:09:26 [main] INFO  a.pages.AccountsPage - ✅ Spinner disappeared.
2025-06-13 18:09:47 [main] INFO  a.pages.AccountsPage - ✅ XLS Format Selected
2025-06-13 18:09:47 [main] INFO  a.pages.AccountsPage - ⏳ Waiting for spinner to fully disappear...
2025-06-13 18:10:07 [main] INFO  a.pages.AccountsPage - ✅ Spinner disappeared.
2025-06-13 18:10:07 [main] INFO  a.pages.AccountsPage - ⏳ Waiting for spinner to fully disappear...
2025-06-13 18:10:22 [main] WARN  a.pages.AccountsPage - ⚠️ Spinner wait skipped or failed gracefully.
2025-06-13 18:10:22 [main] INFO  a.pages.AccountsPage - ⏳ Waiting for spinner to fully disappear...
2025-06-13 18:10:45 [main] INFO  a.pages.AccountsPage - ✅ Spinner disappeared.
2025-06-13 18:11:05 [main] INFO  a.pages.AccountsPage - ✅ Download Statement Button Clicked
2025-06-13 18:11:05 [main] INFO  a.pages.AccountsPage - 🎉 Statement download for 3 Months (XLS format) triggered successfully.
2025-06-13 18:11:05 [main] INFO  a.pages.AccountsPage - ▶️ Starting: Download Custom Statement for 6 in XLS format
2025-06-13 18:11:05 [main] INFO  a.pages.AccountsPage - Clicking Accounts Tab
2025-06-13 18:11:05 [main] INFO  a.pages.AccountsPage - ⏳ Waiting for spinner to fully disappear...
2025-06-13 18:11:25 [main] INFO  a.pages.AccountsPage - ✅ Spinner disappeared.
2025-06-13 18:11:26 [main] INFO  a.pages.AccountsPage - ⏳ Waiting for spinner to fully disappear...
2025-06-13 18:11:44 [main] WARN  a.pages.AccountsPage - ⚠️ Spinner wait skipped or failed gracefully.
2025-06-13 18:11:44 [main] INFO  a.pages.AccountsPage - ⏳ Waiting for spinner to fully disappear...
2025-06-13 18:12:00 [main] WARN  a.pages.AccountsPage - ⚠️ Spinner wait skipped or failed gracefully.
2025-06-13 18:12:20 [main] INFO  a.pages.AccountsPage - ✅ Accounts Tab Clicked
2025-06-13 18:12:20 [main] INFO  a.pages.AccountsPage - ⏳ Waiting for spinner to fully disappear...
2025-06-13 18:12:45 [main] INFO  a.pages.AccountsPage - ✅ Spinner disappeared.
2025-06-13 18:12:45 [main] INFO  a.pages.AccountsPage - ⏳ Waiting for spinner to fully disappear...
2025-06-13 18:13:03 [main] WARN  a.pages.AccountsPage - ⚠️ Spinner wait skipped or failed gracefully.
2025-06-13 18:13:03 [main] INFO  a.pages.AccountsPage - ⏳ Waiting for spinner to fully disappear...
2025-06-13 18:13:19 [main] WARN  a.pages.AccountsPage - ⚠️ Spinner wait skipped or failed gracefully.
2025-06-13 18:13:39 [main] INFO  a.pages.AccountsPage - ✅ Detailed Account Statement Button Clicked
2025-06-13 18:13:39 [main] INFO  a.pages.AccountsPage - ⏳ Waiting for spinner to fully disappear...
2025-06-13 18:13:59 [main] INFO  a.pages.AccountsPage - ✅ Spinner disappeared.
2025-06-13 18:13:59 [main] INFO  a.pages.AccountsPage - ⏳ Waiting for spinner to fully disappear...
2025-06-13 18:14:20 [main] INFO  a.pages.AccountsPage - ✅ Spinner disappeared.
2025-06-13 18:14:20 [main] INFO  a.pages.AccountsPage - ⏳ Waiting for spinner to fully disappear...
2025-06-13 18:14:40 [main] INFO  a.pages.AccountsPage - ✅ Spinner disappeared.
2025-06-13 18:15:00 [main] INFO  a.pages.AccountsPage - ✅ Custom Button Clicked
2025-06-13 18:15:02 [main] INFO  a.pages.AccountsPage - ⏳ Waiting for spinner to fully disappear...
2025-06-13 18:15:22 [main] INFO  a.pages.AccountsPage - ✅ Spinner disappeared.
2025-06-13 18:15:23 [main] INFO  a.pages.AccountsPage - ⏳ Waiting for spinner to fully disappear...
2025-06-13 18:15:43 [main] INFO  a.pages.AccountsPage - ✅ Spinner disappeared.
2025-06-13 18:15:43 [main] INFO  a.pages.AccountsPage - ⏳ Waiting for spinner to fully disappear...
2025-06-13 18:16:03 [main] INFO  a.pages.AccountsPage - ✅ Spinner disappeared.
2025-06-13 18:16:24 [main] INFO  a.pages.AccountsPage - ✅ 6 Months Option Selected
2025-06-13 18:16:25 [main] INFO  a.pages.AccountsPage - ⏳ Waiting for spinner to fully disappear...
2025-06-13 18:16:45 [main] INFO  a.pages.AccountsPage - ✅ Spinner disappeared.
2025-06-13 18:16:45 [main] INFO  a.pages.AccountsPage - ⏳ Waiting for spinner to fully disappear...
2025-06-13 18:17:11 [main] INFO  a.pages.AccountsPage - ✅ Spinner disappeared.
2025-06-13 18:17:11 [main] INFO  a.pages.AccountsPage - ⏳ Waiting for spinner to fully disappear...
2025-06-13 18:17:32 [main] INFO  a.pages.AccountsPage - ✅ Spinner disappeared.
2025-06-13 18:17:52 [main] INFO  a.pages.AccountsPage - ✅ Done Button Clicked
2025-06-13 18:17:52 [main] INFO  a.pages.AccountsPage - ⏳ Waiting for spinner to fully disappear...
2025-06-13 18:18:12 [main] INFO  a.pages.AccountsPage - ✅ Spinner disappeared.
2025-06-13 18:18:12 [main] INFO  a.pages.AccountsPage - ⏳ Waiting for spinner to fully disappear...
2025-06-13 18:18:33 [main] INFO  a.pages.AccountsPage - ✅ Spinner disappeared.
2025-06-13 18:18:33 [main] INFO  a.pages.AccountsPage - ⏳ Waiting for spinner to fully disappear...
2025-06-13 18:18:53 [main] INFO  a.pages.AccountsPage - ✅ Spinner disappeared.
2025-06-13 18:19:13 [main] INFO  a.pages.AccountsPage - ✅ Download Button Clicked
2025-06-13 18:19:13 [main] INFO  a.pages.AccountsPage - ⏳ Waiting for spinner to fully disappear...
2025-06-13 18:19:33 [main] INFO  a.pages.AccountsPage - ✅ Spinner disappeared.
2025-06-13 18:19:34 [main] INFO  a.pages.AccountsPage - ⏳ Waiting for spinner to fully disappear...
2025-06-13 18:19:54 [main] INFO  a.pages.AccountsPage - ✅ Spinner disappeared.
2025-06-13 18:19:54 [main] INFO  a.pages.AccountsPage - ⏳ Waiting for spinner to fully disappear...
2025-06-13 18:20:14 [main] INFO  a.pages.AccountsPage - ✅ Spinner disappeared.
2025-06-13 18:20:34 [main] INFO  a.pages.AccountsPage - ✅ XLS Format Selected
2025-06-13 18:20:34 [main] INFO  a.pages.AccountsPage - ⏳ Waiting for spinner to fully disappear...
2025-06-13 18:20:55 [main] INFO  a.pages.AccountsPage - ✅ Spinner disappeared.
2025-06-13 18:20:55 [main] INFO  a.pages.AccountsPage - ⏳ Waiting for spinner to fully disappear...
2025-06-13 18:21:10 [main] WARN  a.pages.AccountsPage - ⚠️ Spinner wait skipped or failed gracefully.
2025-06-13 18:21:10 [main] INFO  a.pages.AccountsPage - ⏳ Waiting for spinner to fully disappear...
2025-06-13 18:21:33 [main] INFO  a.pages.AccountsPage - ✅ Spinner disappeared.
2025-06-13 18:21:53 [main] INFO  a.pages.AccountsPage - ✅ Download Statement Button Clicked
2025-06-13 18:21:53 [main] INFO  a.pages.AccountsPage - 🎉 Custom statement download for 6 months (XLS format) triggered successfully.
2025-06-13 18:21:53 [main] INFO  a.pages.AccountsPage - ▶️ Starting: Download Custom Statement for 12 in PDF format
2025-06-13 18:21:53 [main] INFO  a.pages.AccountsPage - Clicking Accounts Tab
2025-06-13 18:21:53 [main] INFO  a.pages.AccountsPage - ⏳ Waiting for spinner to fully disappear...
2025-06-13 18:22:14 [main] INFO  a.pages.AccountsPage - ✅ Spinner disappeared.
2025-06-13 18:22:14 [main] INFO  a.pages.AccountsPage - ⏳ Waiting for spinner to fully disappear...
2025-06-13 18:22:15 [main] INFO  a.pages.AccountsPage - ✅ Spinner disappeared.
2025-06-13 18:22:15 [main] INFO  a.pages.AccountsPage - ⏳ Waiting for spinner to fully disappear...
2025-06-13 18:22:37 [main] INFO  a.pages.AccountsPage - ✅ Spinner disappeared.
2025-06-13 18:22:57 [main] INFO  a.pages.AccountsPage - ✅ Accounts Tab Clicked
2025-06-13 18:22:57 [main] INFO  a.pages.AccountsPage - ⏳ Waiting for spinner to fully disappear...
2025-06-13 18:23:18 [main] INFO  a.pages.AccountsPage - ✅ Spinner disappeared.
2025-06-13 18:23:18 [main] INFO  a.pages.AccountsPage - ⏳ Waiting for spinner to fully disappear...
2025-06-13 18:23:19 [main] INFO  a.pages.AccountsPage - ✅ Spinner disappeared.
2025-06-13 18:23:19 [main] INFO  a.pages.AccountsPage - ⏳ Waiting for spinner to fully disappear...
2025-06-13 18:23:41 [main] INFO  a.pages.AccountsPage - ✅ Spinner disappeared.
2025-06-13 18:24:01 [main] INFO  a.pages.AccountsPage - ✅ Detailed Account Statement Button Clicked
2025-06-13 18:24:01 [main] INFO  a.pages.AccountsPage - ⏳ Waiting for spinner to fully disappear...
2025-06-13 18:24:21 [main] INFO  a.pages.AccountsPage - ✅ Spinner disappeared.
2025-06-13 18:24:21 [main] INFO  a.pages.AccountsPage - ⏳ Waiting for spinner to fully disappear...
2025-06-13 18:24:42 [main] INFO  a.pages.AccountsPage - ✅ Spinner disappeared.
2025-06-13 18:24:42 [main] INFO  a.pages.AccountsPage - ⏳ Waiting for spinner to fully disappear...
2025-06-13 18:25:02 [main] INFO  a.pages.AccountsPage - ✅ Spinner disappeared.
2025-06-13 18:25:22 [main] INFO  a.pages.AccountsPage - ✅ Custom Button Clicked
2025-06-13 18:25:24 [main] INFO  a.pages.AccountsPage - ⏳ Waiting for spinner to fully disappear...
2025-06-13 18:25:45 [main] INFO  a.pages.AccountsPage - ✅ Spinner disappeared.
2025-06-13 18:25:45 [main] INFO  a.pages.AccountsPage - ⏳ Waiting for spinner to fully disappear...
2025-06-13 18:26:05 [main] INFO  a.pages.AccountsPage - ✅ Spinner disappeared.
2025-06-13 18:26:05 [main] INFO  a.pages.AccountsPage - ⏳ Waiting for spinner to fully disappear...
2025-06-13 18:26:26 [main] INFO  a.pages.AccountsPage - ✅ Spinner disappeared.
2025-06-13 18:26:46 [main] INFO  a.pages.AccountsPage - ✅ 12 Months Option Selected
2025-06-13 18:26:47 [main] INFO  a.pages.AccountsPage - ⏳ Waiting for spinner to fully disappear...
2025-06-13 18:27:07 [main] INFO  a.pages.AccountsPage - ✅ Spinner disappeared.
2025-06-13 18:27:07 [main] INFO  a.pages.AccountsPage - ⏳ Waiting for spinner to fully disappear...
2025-06-13 18:27:08 [main] INFO  a.pages.AccountsPage - ✅ Spinner disappeared.
2025-06-13 18:27:08 [main] INFO  a.pages.AccountsPage - ⏳ Waiting for spinner to fully disappear...
2025-06-13 18:27:33 [main] INFO  a.pages.AccountsPage - ✅ Spinner disappeared.
2025-06-13 18:27:53 [main] INFO  a.pages.AccountsPage - ✅ Done Button Clicked
2025-06-13 18:27:53 [main] INFO  a.pages.AccountsPage - ⏳ Waiting for spinner to fully disappear...
2025-06-13 18:28:14 [main] INFO  a.pages.AccountsPage - ✅ Spinner disappeared.
2025-06-13 18:28:14 [main] INFO  a.pages.AccountsPage - ⏳ Waiting for spinner to fully disappear...
2025-06-13 18:28:34 [main] INFO  a.pages.AccountsPage - ✅ Spinner disappeared.
2025-06-13 18:28:34 [main] INFO  a.pages.AccountsPage - ⏳ Waiting for spinner to fully disappear...
2025-06-13 18:28:54 [main] INFO  a.pages.AccountsPage - ✅ Spinner disappeared.
2025-06-13 18:29:15 [main] INFO  a.pages.AccountsPage - ✅ Download Button Clicked
2025-06-13 18:29:15 [main] INFO  a.pages.AccountsPage - ✅ Default Format (PDF) Selected
2025-06-13 18:29:15 [main] INFO  a.pages.AccountsPage - ⏳ Waiting for spinner to fully disappear...
2025-06-13 18:29:35 [main] INFO  a.pages.AccountsPage - ✅ Spinner disappeared.
2025-06-13 18:29:35 [main] INFO  a.pages.AccountsPage - ⏳ Waiting for spinner to fully disappear...
2025-06-13 18:29:50 [main] WARN  a.pages.AccountsPage - ⚠️ Spinner wait skipped or failed gracefully.
2025-06-13 18:29:50 [main] INFO  a.pages.AccountsPage - ⏳ Waiting for spinner to fully disappear...
2025-06-13 18:30:13 [main] INFO  a.pages.AccountsPage - ✅ Spinner disappeared.
2025-06-13 18:30:34 [main] INFO  a.pages.AccountsPage - ✅ Download Statement Button Clicked
2025-06-13 18:30:34 [main] INFO  a.pages.AccountsPage - 🎉 Custom statement download for 12 months (PDF format) triggered successfully.
2025-06-13 18:30:34 [main] INFO  a.pages.AccountsPage - ▶️ Starting: Download Custom Statement for 6 in PDF format
2025-06-13 18:30:34 [main] INFO  a.pages.AccountsPage - Clicking Accounts Tab
2025-06-13 18:30:34 [main] INFO  a.pages.AccountsPage - ⏳ Waiting for spinner to fully disappear...
2025-06-13 18:30:54 [main] INFO  a.pages.AccountsPage - ✅ Spinner disappeared.
2025-06-13 18:30:54 [main] INFO  a.pages.AccountsPage - ⏳ Waiting for spinner to fully disappear...
2025-06-13 18:31:12 [main] WARN  a.pages.AccountsPage - ⚠️ Spinner wait skipped or failed gracefully.
2025-06-13 18:31:12 [main] INFO  a.pages.AccountsPage - ⏳ Waiting for spinner to fully disappear...
2025-06-13 18:31:28 [main] WARN  a.pages.AccountsPage - ⚠️ Spinner wait skipped or failed gracefully.
2025-06-13 18:31:48 [main] INFO  a.pages.AccountsPage - ✅ Accounts Tab Clicked
2025-06-13 18:31:48 [main] INFO  a.pages.AccountsPage - ⏳ Waiting for spinner to fully disappear...
2025-06-13 18:32:03 [main] WARN  a.pages.AccountsPage - ⚠️ Spinner wait skipped or failed gracefully.
2025-06-13 18:32:04 [main] WARN  a.pages.AccountsPage - ⚠️ Click intercepted attempt 1/3: element click intercepted: Element <span _ngcontent-ng-c1284850809="" class="text-blue-500 font-semibold">...</span> is not clickable at point (1419, 182). Other element would receive the click: <div _ngcontent-ng-c587276320="" class="ngx-spinner-overlay ng-tns-c587276320-1 ng-trigger ng-trigger-fadeIn ng-star-inserted ng-animating" style="background-color: rgba(51, 51, 51, 0.8); z-index: 99999; position: fixed;">...</div>
  (Session info: chrome=137.0.7151.104)
Build info: version: '4.20.0', revision: '866c76ca80'
System info: os.name: 'Windows 11', os.arch: 'amd64', os.version: '10.0', java.version: '17.0.12'
Driver info: org.openqa.selenium.chrome.ChromeDriver
Command: [4bb6fa4f99af3e6291ea67ee6fd1bdee, clickElement {id=f.580B0BD24B3D3416665AD94B28774B58.d.596257884AE1B34CE2E8EA6153BF5998.e.542}]
Capabilities {acceptInsecureCerts: false, browserName: chrome, browserVersion: 137.0.7151.104, chrome: {chromedriverVersion: 137.0.7151.70 (dfa4dc56b2ab..., userDataDir: C:\Users\rajum\AppData\Loca...}, fedcm:accounts: true, goog:chromeOptions: {debuggerAddress: localhost:54177}, networkConnectionEnabled: false, pageLoadStrategy: normal, platformName: windows, proxy: Proxy(), se:cdp: ws://localhost:54177/devtoo..., se:cdpVersion: 137.0.7151.104, setWindowRect: true, strictFileInteractability: false, timeouts: {implicit: 0, pageLoad: 300000, script: 30000}, unhandledPromptBehavior: dismiss and notify, webauthn:extension:credBlob: true, webauthn:extension:largeBlob: true, webauthn:extension:minPinLength: true, webauthn:extension:prf: true, webauthn:virtualAuthenticators: true}
Element: [[ChromeDriver: chrome on windows (4bb6fa4f99af3e6291ea67ee6fd1bdee)] -> xpath: //span[contains(text(),'Detailed Statement')]]
Session ID: 4bb6fa4f99af3e6291ea67ee6fd1bdee
2025-06-13 18:32:05 [main] INFO  a.pages.AccountsPage - ⏳ Waiting for spinner to fully disappear...
2025-06-13 18:32:20 [main] INFO  a.pages.AccountsPage - ✅ Spinner disappeared.
2025-06-13 18:32:20 [main] INFO  a.pages.AccountsPage - ⏳ Waiting for spinner to fully disappear...
2025-06-13 18:32:37 [main] WARN  a.pages.AccountsPage - ⚠️ Spinner wait skipped or failed gracefully.
2025-06-13 18:32:37 [main] INFO  a.pages.AccountsPage - ⏳ Waiting for spinner to fully disappear...
2025-06-13 18:32:53 [main] WARN  a.pages.AccountsPage - ⚠️ Spinner wait skipped or failed gracefully.
2025-06-13 18:33:13 [main] INFO  a.pages.AccountsPage - ✅ Detailed Account Statement Button Clicked
2025-06-13 18:33:13 [main] INFO  a.pages.AccountsPage - ⏳ Waiting for spinner to fully disappear...
2025-06-13 18:33:28 [main] WARN  a.pages.AccountsPage - ⚠️ Spinner wait skipped or failed gracefully.
2025-06-13 18:33:29 [main] WARN  a.pages.AccountsPage - ⚠️ Click intercepted attempt 1/3: element click intercepted: Element <button _ngcontent-ng-c1879628175="" appblockdblclick="" class="account_button gap-2 px-1 py-2 flex justify-content-center w-4">...</button> is not clickable at point (1288, 338). Other element would receive the click: <div _ngcontent-ng-c587276320="" class="ngx-spinner-overlay ng-tns-c587276320-1 ng-trigger ng-trigger-fadeIn ng-star-inserted ng-animating" style="background-color: rgba(51, 51, 51, 0.8); z-index: 99999; position: fixed;">...</div>
  (Session info: chrome=137.0.7151.104)
Build info: version: '4.20.0', revision: '866c76ca80'
System info: os.name: 'Windows 11', os.arch: 'amd64', os.version: '10.0', java.version: '17.0.12'
Driver info: org.openqa.selenium.chrome.ChromeDriver
Command: [4bb6fa4f99af3e6291ea67ee6fd1bdee, clickElement {id=f.580B0BD24B3D3416665AD94B28774B58.d.596257884AE1B34CE2E8EA6153BF5998.e.563}]
Capabilities {acceptInsecureCerts: false, browserName: chrome, browserVersion: 137.0.7151.104, chrome: {chromedriverVersion: 137.0.7151.70 (dfa4dc56b2ab..., userDataDir: C:\Users\rajum\AppData\Loca...}, fedcm:accounts: true, goog:chromeOptions: {debuggerAddress: localhost:54177}, networkConnectionEnabled: false, pageLoadStrategy: normal, platformName: windows, proxy: Proxy(), se:cdp: ws://localhost:54177/devtoo..., se:cdpVersion: 137.0.7151.104, setWindowRect: true, strictFileInteractability: false, timeouts: {implicit: 0, pageLoad: 300000, script: 30000}, unhandledPromptBehavior: dismiss and notify, webauthn:extension:credBlob: true, webauthn:extension:largeBlob: true, webauthn:extension:minPinLength: true, webauthn:extension:prf: true, webauthn:virtualAuthenticators: true}
Element: [[ChromeDriver: chrome on windows (4bb6fa4f99af3e6291ea67ee6fd1bdee)] -> xpath: //button[contains(text(),'Custom')]]
Session ID: 4bb6fa4f99af3e6291ea67ee6fd1bdee
2025-06-13 18:33:30 [main] INFO  a.pages.AccountsPage - ⏳ Waiting for spinner to fully disappear...
2025-06-13 18:33:45 [main] INFO  a.pages.AccountsPage - ✅ Spinner disappeared.
2025-06-13 18:33:45 [main] INFO  a.pages.AccountsPage - ⏳ Waiting for spinner to fully disappear...
2025-06-13 18:34:05 [main] INFO  a.pages.AccountsPage - ✅ Spinner disappeared.
2025-06-13 18:34:05 [main] INFO  a.pages.AccountsPage - ⏳ Waiting for spinner to fully disappear...
2025-06-13 18:34:26 [main] INFO  a.pages.AccountsPage - ✅ Spinner disappeared.
2025-06-13 18:34:46 [main] INFO  a.pages.AccountsPage - ✅ Custom Button Clicked
2025-06-13 18:34:48 [main] INFO  a.pages.AccountsPage - ⏳ Waiting for spinner to fully disappear...
2025-06-13 18:35:08 [main] INFO  a.pages.AccountsPage - ✅ Spinner disappeared.
2025-06-13 18:35:08 [main] INFO  a.pages.AccountsPage - ⏳ Waiting for spinner to fully disappear...
2025-06-13 18:35:28 [main] INFO  a.pages.AccountsPage - ✅ Spinner disappeared.
2025-06-13 18:35:28 [main] INFO  a.pages.AccountsPage - ⏳ Waiting for spinner to fully disappear...
2025-06-13 18:35:49 [main] INFO  a.pages.AccountsPage - ✅ Spinner disappeared.
2025-06-13 18:36:09 [main] INFO  a.pages.AccountsPage - ✅ 6 Months Option Selected
2025-06-13 18:36:10 [main] INFO  a.pages.AccountsPage - ⏳ Waiting for spinner to fully disappear...
2025-06-13 18:36:30 [main] INFO  a.pages.AccountsPage - ✅ Spinner disappeared.
2025-06-13 18:36:30 [main] INFO  a.pages.AccountsPage - ⏳ Waiting for spinner to fully disappear...
2025-06-13 18:36:54 [main] WARN  a.pages.AccountsPage - ⚠️ Spinner wait skipped or failed gracefully.
2025-06-13 18:36:54 [main] INFO  a.pages.AccountsPage - ⏳ Waiting for spinner to fully disappear...
2025-06-13 18:37:09 [main] WARN  a.pages.AccountsPage - ⚠️ Spinner wait skipped or failed gracefully.
2025-06-13 18:37:29 [main] INFO  a.pages.AccountsPage - ✅ Done Button Clicked
2025-06-13 18:37:29 [main] INFO  a.pages.AccountsPage - ⏳ Waiting for spinner to fully disappear...
2025-06-13 18:37:45 [main] WARN  a.pages.AccountsPage - ⚠️ Spinner wait skipped or failed gracefully.
2025-06-13 18:37:46 [main] WARN  a.pages.AccountsPage - ⚠️ Click intercepted attempt 1/3: element click intercepted: Element <span _ngcontent-ng-c1879628175="" class="text-blue-500 font-semibold">...</span> is not clickable at point (1442, 182). Other element would receive the click: <div _ngcontent-ng-c587276320="" class="ngx-spinner-overlay ng-tns-c587276320-1 ng-trigger ng-trigger-fadeIn ng-star-inserted ng-animating" style="background-color: rgba(51, 51, 51, 0.8); z-index: 99999; position: fixed;">...</div>
  (Session info: chrome=137.0.7151.104)
Build info: version: '4.20.0', revision: '866c76ca80'
System info: os.name: 'Windows 11', os.arch: 'amd64', os.version: '10.0', java.version: '17.0.12'
Driver info: org.openqa.selenium.chrome.ChromeDriver
Command: [4bb6fa4f99af3e6291ea67ee6fd1bdee, clickElement {id=f.580B0BD24B3D3416665AD94B28774B58.d.596257884AE1B34CE2E8EA6153BF5998.e.594}]
Capabilities {acceptInsecureCerts: false, browserName: chrome, browserVersion: 137.0.7151.104, chrome: {chromedriverVersion: 137.0.7151.70 (dfa4dc56b2ab..., userDataDir: C:\Users\rajum\AppData\Loca...}, fedcm:accounts: true, goog:chromeOptions: {debuggerAddress: localhost:54177}, networkConnectionEnabled: false, pageLoadStrategy: normal, platformName: windows, proxy: Proxy(), se:cdp: ws://localhost:54177/devtoo..., se:cdpVersion: 137.0.7151.104, setWindowRect: true, strictFileInteractability: false, timeouts: {implicit: 0, pageLoad: 300000, script: 30000}, unhandledPromptBehavior: dismiss and notify, webauthn:extension:credBlob: true, webauthn:extension:largeBlob: true, webauthn:extension:minPinLength: true, webauthn:extension:prf: true, webauthn:virtualAuthenticators: true}
Element: [[ChromeDriver: chrome on windows (4bb6fa4f99af3e6291ea67ee6fd1bdee)] -> xpath: //span[contains(@class,'text-blue-500') and contains(text(),'Download')]]
Session ID: 4bb6fa4f99af3e6291ea67ee6fd1bdee
2025-06-13 18:37:46 [main] INFO  a.pages.AccountsPage - ⏳ Waiting for spinner to fully disappear...
2025-06-13 18:37:52 [main] WARN  a.pages.AccountsPage - ⚠️ Spinner wait skipped or failed gracefully.
2025-06-13 18:37:52 [main] INFO  a.pages.AccountsPage - ⏳ Waiting for spinner to fully disappear...
2025-06-13 18:38:12 [main] INFO  a.pages.AccountsPage - ✅ Spinner disappeared.
2025-06-13 18:38:12 [main] INFO  a.pages.AccountsPage - ⏳ Waiting for spinner to fully disappear...
2025-06-13 18:38:33 [main] INFO  a.pages.AccountsPage - ✅ Spinner disappeared.
2025-06-13 18:38:53 [main] INFO  a.pages.AccountsPage - ✅ Download Button Clicked
2025-06-13 18:38:53 [main] INFO  a.pages.AccountsPage - ✅ Default Format (PDF) Selected
2025-06-13 18:38:53 [main] INFO  a.pages.AccountsPage - ⏳ Waiting for spinner to fully disappear...
2025-06-13 18:39:13 [main] INFO  a.pages.AccountsPage - ✅ Spinner disappeared.
2025-06-13 18:39:13 [main] INFO  a.pages.AccountsPage - ⏳ Waiting for spinner to fully disappear...
2025-06-13 18:39:28 [main] WARN  a.pages.AccountsPage - ⚠️ Spinner wait skipped or failed gracefully.
2025-06-13 18:39:28 [main] INFO  a.pages.AccountsPage - ⏳ Waiting for spinner to fully disappear...
2025-06-13 18:39:51 [main] INFO  a.pages.AccountsPage - ✅ Spinner disappeared.
2025-06-13 18:40:11 [main] INFO  a.pages.AccountsPage - ✅ Download Statement Button Clicked
2025-06-13 18:40:11 [main] INFO  a.pages.AccountsPage - 🎉 Custom statement download for 6 months (PDF format) triggered successfully.
2025-06-13 18:40:11 [main] INFO  a.pages.AccountsPage - ▶️ Starting: Download Custom Statement for 12 in XLS format
2025-06-13 18:40:11 [main] INFO  a.pages.AccountsPage - Clicking Accounts Tab
2025-06-13 18:40:11 [main] INFO  a.pages.AccountsPage - ⏳ Waiting for spinner to fully disappear...
2025-06-13 18:40:32 [main] INFO  a.pages.AccountsPage - ✅ Spinner disappeared.
2025-06-13 18:40:32 [main] INFO  a.pages.AccountsPage - ⏳ Waiting for spinner to fully disappear...
2025-06-13 18:40:55 [main] INFO  a.pages.AccountsPage - ✅ Spinner disappeared.
2025-06-13 18:40:55 [main] INFO  a.pages.AccountsPage - ⏳ Waiting for spinner to fully disappear...
2025-06-13 18:41:16 [main] INFO  a.pages.AccountsPage - ✅ Spinner disappeared.
2025-06-13 18:41:36 [main] INFO  a.pages.AccountsPage - ✅ Accounts Tab Clicked
2025-06-13 18:41:36 [main] INFO  a.pages.AccountsPage - ⏳ Waiting for spinner to fully disappear...
2025-06-13 18:41:56 [main] INFO  a.pages.AccountsPage - ✅ Spinner disappeared.
2025-06-13 18:41:57 [main] INFO  a.pages.AccountsPage - ⏳ Waiting for spinner to fully disappear...
2025-06-13 18:42:15 [main] WARN  a.pages.AccountsPage - ⚠️ Spinner wait skipped or failed gracefully.
2025-06-13 18:42:15 [main] INFO  a.pages.AccountsPage - ⏳ Waiting for spinner to fully disappear...
2025-06-13 18:42:31 [main] WARN  a.pages.AccountsPage - ⚠️ Spinner wait skipped or failed gracefully.
2025-06-13 18:42:51 [main] INFO  a.pages.AccountsPage - ✅ Detailed Account Statement Button Clicked
2025-06-13 18:42:51 [main] INFO  a.pages.AccountsPage - ⏳ Waiting for spinner to fully disappear...
2025-06-13 18:43:06 [main] WARN  a.pages.AccountsPage - ⚠️ Spinner wait skipped or failed gracefully.
2025-06-13 18:43:07 [main] WARN  a.pages.AccountsPage - ⚠️ Click intercepted attempt 1/3: element click intercepted: Element <button _ngcontent-ng-c1879628175="" appblockdblclick="" class="account_button gap-2 px-1 py-2 flex justify-content-center w-4">...</button> is not clickable at point (1288, 338). Other element would receive the click: <div _ngcontent-ng-c587276320="" class="ngx-spinner-overlay ng-tns-c587276320-1 ng-trigger ng-trigger-fadeIn ng-star-inserted ng-animating" style="background-color: rgba(51, 51, 51, 0.8); z-index: 99999; position: fixed;">...</div>
  (Session info: chrome=137.0.7151.104)
Build info: version: '4.20.0', revision: '866c76ca80'
System info: os.name: 'Windows 11', os.arch: 'amd64', os.version: '10.0', java.version: '17.0.12'
Driver info: org.openqa.selenium.chrome.ChromeDriver
Command: [4bb6fa4f99af3e6291ea67ee6fd1bdee, clickElement {id=f.580B0BD24B3D3416665AD94B28774B58.d.596257884AE1B34CE2E8EA6153BF5998.e.633}]
Capabilities {acceptInsecureCerts: false, browserName: chrome, browserVersion: 137.0.7151.104, chrome: {chromedriverVersion: 137.0.7151.70 (dfa4dc56b2ab..., userDataDir: C:\Users\rajum\AppData\Loca...}, fedcm:accounts: true, goog:chromeOptions: {debuggerAddress: localhost:54177}, networkConnectionEnabled: false, pageLoadStrategy: normal, platformName: windows, proxy: Proxy(), se:cdp: ws://localhost:54177/devtoo..., se:cdpVersion: 137.0.7151.104, setWindowRect: true, strictFileInteractability: false, timeouts: {implicit: 0, pageLoad: 300000, script: 30000}, unhandledPromptBehavior: dismiss and notify, webauthn:extension:credBlob: true, webauthn:extension:largeBlob: true, webauthn:extension:minPinLength: true, webauthn:extension:prf: true, webauthn:virtualAuthenticators: true}
Element: [[ChromeDriver: chrome on windows (4bb6fa4f99af3e6291ea67ee6fd1bdee)] -> xpath: //button[contains(text(),'Custom')]]
Session ID: 4bb6fa4f99af3e6291ea67ee6fd1bdee
2025-06-13 18:43:08 [main] INFO  a.pages.AccountsPage - ⏳ Waiting for spinner to fully disappear...
2025-06-13 18:43:24 [main] INFO  a.pages.AccountsPage - ✅ Spinner disappeared.
2025-06-13 18:43:24 [main] INFO  a.pages.AccountsPage - ⏳ Waiting for spinner to fully disappear...
2025-06-13 18:43:44 [main] INFO  a.pages.AccountsPage - ✅ Spinner disappeared.
2025-06-13 18:43:44 [main] INFO  a.pages.AccountsPage - ⏳ Waiting for spinner to fully disappear...
2025-06-13 18:44:05 [main] INFO  a.pages.AccountsPage - ✅ Spinner disappeared.
2025-06-13 18:44:25 [main] INFO  a.pages.AccountsPage - ✅ Custom Button Clicked
2025-06-13 18:44:27 [main] INFO  a.pages.AccountsPage - ⏳ Waiting for spinner to fully disappear...
2025-06-13 18:44:47 [main] INFO  a.pages.AccountsPage - ✅ Spinner disappeared.
2025-06-13 18:44:47 [main] INFO  a.pages.AccountsPage - ⏳ Waiting for spinner to fully disappear...
2025-06-13 18:45:08 [main] INFO  a.pages.AccountsPage - ✅ Spinner disappeared.
2025-06-13 18:45:08 [main] INFO  a.pages.AccountsPage - ⏳ Waiting for spinner to fully disappear...
2025-06-13 18:45:28 [main] INFO  a.pages.AccountsPage - ✅ Spinner disappeared.
2025-06-13 18:45:48 [main] INFO  a.pages.AccountsPage - ✅ 12 Months Option Selected
2025-06-13 18:45:49 [main] INFO  a.pages.AccountsPage - ⏳ Waiting for spinner to fully disappear...
2025-06-13 18:46:10 [main] INFO  a.pages.AccountsPage - ✅ Spinner disappeared.
2025-06-13 18:46:10 [main] INFO  a.pages.AccountsPage - ⏳ Waiting for spinner to fully disappear...
2025-06-13 18:46:34 [main] WARN  a.pages.AccountsPage - ⚠️ Spinner wait skipped or failed gracefully.
2025-06-13 18:46:34 [main] INFO  a.pages.AccountsPage - ⏳ Waiting for spinner to fully disappear...
2025-06-13 18:46:49 [main] WARN  a.pages.AccountsPage - ⚠️ Spinner wait skipped or failed gracefully.
2025-06-13 18:47:10 [main] INFO  a.pages.AccountsPage - ✅ Done Button Clicked
2025-06-13 18:47:10 [main] INFO  a.pages.AccountsPage - ⏳ Waiting for spinner to fully disappear...
2025-06-13 18:47:23 [main] INFO  a.pages.AccountsPage - ✅ Spinner disappeared.
2025-06-13 18:47:23 [main] INFO  a.pages.AccountsPage - ⏳ Waiting for spinner to fully disappear...
2025-06-13 18:47:43 [main] INFO  a.pages.AccountsPage - ✅ Spinner disappeared.
2025-06-13 18:47:43 [main] INFO  a.pages.AccountsPage - ⏳ Waiting for spinner to fully disappear...
2025-06-13 18:48:03 [main] INFO  a.pages.AccountsPage - ✅ Spinner disappeared.
2025-06-13 18:48:23 [main] INFO  a.pages.AccountsPage - ✅ Download Button Clicked
2025-06-13 18:48:23 [main] INFO  a.pages.AccountsPage - ⏳ Waiting for spinner to fully disappear...
2025-06-13 18:48:44 [main] INFO  a.pages.AccountsPage - ✅ Spinner disappeared.
2025-06-13 18:48:44 [main] INFO  a.pages.AccountsPage - ⏳ Waiting for spinner to fully disappear...
2025-06-13 18:49:04 [main] INFO  a.pages.AccountsPage - ✅ Spinner disappeared.
2025-06-13 18:49:04 [main] INFO  a.pages.AccountsPage - ⏳ Waiting for spinner to fully disappear...
2025-06-13 18:49:25 [main] INFO  a.pages.AccountsPage - ✅ Spinner disappeared.
2025-06-13 18:49:45 [main] INFO  a.pages.AccountsPage - ✅ XLS Format Selected
2025-06-13 18:49:45 [main] INFO  a.pages.AccountsPage - ⏳ Waiting for spinner to fully disappear...
2025-06-13 18:50:05 [main] INFO  a.pages.AccountsPage - ✅ Spinner disappeared.
2025-06-13 18:50:05 [main] INFO  a.pages.AccountsPage - ⏳ Waiting for spinner to fully disappear...
2025-06-13 18:50:06 [main] INFO  a.pages.AccountsPage - ✅ Spinner disappeared.
2025-06-13 18:50:06 [main] INFO  a.pages.AccountsPage - ⏳ Waiting for spinner to fully disappear...
2025-06-13 18:50:21 [main] WARN  a.pages.AccountsPage - ⚠️ Spinner wait skipped or failed gracefully.
2025-06-13 18:50:42 [main] INFO  a.pages.AccountsPage - ✅ Download Statement Button Clicked
2025-06-13 18:50:42 [main] INFO  a.pages.AccountsPage - 🎉 Custom statement download for 12 months (XLS format) triggered successfully.
