2025-06-20 12:55:36 [main] INFO  org.testng.internal.Utils - [Utils] MethodGroupsHelper.collectMethodsByGroup() took 1 ms.
2025-06-20 12:55:36 [main] INFO  org.testng.internal.Utils - [Utils] MethodGroupsHelper.sortMethods() took 3 ms.
2025-06-20 12:55:36 [main] INFO  org.testng.internal.Utils - [Utils] MethodGroupsHelper.collectMethodsByGroup() took 0 ms.
2025-06-20 12:55:36 [main] INFO  org.testng.internal.Utils - [Utils] MethodGroupsHelper.sortMethods() took 0 ms.
2025-06-20 12:55:36 [main] INFO  org.testng.internal.Utils - [Utils] MethodGroupsHelper.collectMethodsByGroup() took 0 ms.
2025-06-20 12:55:36 [main] INFO  org.testng.internal.Utils - [Utils] MethodGroupsHelper.sortMethods() took 0 ms.
2025-06-20 12:55:36 [main] INFO  org.testng.internal.Utils - [Utils] MethodGroupsHelper.collectMethodsByGroup() took 0 ms.
2025-06-20 12:55:36 [main] INFO  org.testng.internal.Utils - [Utils] MethodGroupsHelper.sortMethods() took 0 ms.
2025-06-20 12:55:36 [main] INFO  org.testng.internal.Utils - [Utils] MethodGroupsHelper.collectMethodsByGroup() took 6 ms.
2025-06-20 12:55:36 [main] INFO  org.testng.internal.Utils - [Utils] MethodGroupsHelper.sortMethods() took 30 ms.
2025-06-20 12:55:36 [main] INFO  org.testng.internal.Utils - [Utils] MethodGroupsHelper.collectMethodsByGroup() took 1 ms.
2025-06-20 12:55:36 [main] INFO  org.testng.internal.Utils - [Utils] MethodGroupsHelper.sortMethods() took 1 ms.
2025-06-20 12:55:36 [main] INFO  org.testng.internal.Utils - [Utils] MethodGroupsHelper.collectMethodsByGroup() took 0 ms.
2025-06-20 12:55:36 [main] INFO  org.testng.internal.Utils - [Utils] MethodGroupsHelper.sortMethods() took 0 ms.
2025-06-20 12:55:36 [main] INFO  org.testng.internal.Utils - [Utils] MethodGroupsHelper.collectMethodsByGroup() took 0 ms.
2025-06-20 12:55:36 [main] INFO  org.testng.internal.Utils - [Utils] MethodGroupsHelper.sortMethods() took 0 ms.
2025-06-20 12:55:36 [main] INFO  org.testng.internal.Utils - [Utils] MethodGroupsHelper.collectMethodsByGroup() took 0 ms.
2025-06-20 12:55:36 [main] INFO  org.testng.internal.Utils - [Utils] MethodGroupsHelper.sortMethods() took 0 ms.
2025-06-20 12:55:36 [main] INFO  org.testng.internal.Utils - [Utils] MethodGroupsHelper.collectMethodsByGroup() took 1 ms.
2025-06-20 12:55:36 [main] INFO  org.testng.internal.Utils - [Utils] MethodGroupsHelper.sortMethods() took 1 ms.
2025-06-20 12:55:36 [main] INFO  org.testng.internal.Utils - [Utils] MethodGroupsHelper.collectMethodsByGroup() took 0 ms.
2025-06-20 12:55:36 [main] INFO  org.testng.internal.Utils - [Utils] MethodGroupsHelper.sortMethods() took 0 ms.
2025-06-20 12:55:36 [main] INFO  org.testng.internal.Utils - [Utils] MethodGroupsHelper.collectMethodsByGroup() took 0 ms.
2025-06-20 12:55:36 [main] INFO  org.testng.internal.Utils - [Utils] MethodGroupsHelper.sortMethods() took 0 ms.
2025-06-20 12:55:36 [main] INFO  org.testng.internal.Utils - [Utils] MethodGroupsHelper.collectMethodsByGroup() took 3 ms.
2025-06-20 12:55:36 [main] INFO  org.testng.internal.Utils - [Utils] MethodGroupsHelper.sortMethods() took 35 ms.
2025-06-20 12:55:36 [main] INFO  org.testng.internal.Utils - [Utils] MethodGroupsHelper.collectMethodsByGroup() took 0 ms.
2025-06-20 12:55:36 [main] INFO  org.testng.internal.Utils - [Utils] MethodGroupsHelper.sortMethods() took 0 ms.
2025-06-20 12:55:36 [main] INFO  org.testng.internal.Utils - [Utils] MethodGroupsHelper.collectMethodsByGroup() took 0 ms.
2025-06-20 12:55:36 [main] INFO  org.testng.internal.Utils - [Utils] MethodGroupsHelper.sortMethods() took 0 ms.
2025-06-20 12:55:36 [main] INFO  org.testng.internal.Utils - [TestNG] Running:
  C:\Users\rajum\AppData\Local\Temp\testng-eclipse-1631215591\testng-customsuite.xml

2025-06-20 12:55:37 [main] INFO  org.testng.internal.Utils - [Utils] DynamicGraphHelper.createDynamicGraph() took 19 ms.
2025-06-20 12:55:37 [main] INFO  automationFramework.utils.LoggerUtil - 🔧 Initializing browser and loading configuration...
2025-06-20 12:55:38 [main] INFO  i.g.bonigarcia.wdm.WebDriverManager - Using chromedriver 137.0.7151.119 (resolved driver for Chrome 137)
2025-06-20 12:55:38 [main] INFO  i.g.bonigarcia.wdm.WebDriverManager - Exporting webdriver.chrome.driver as C:\Users\rajum\.cache\selenium\chromedriver\win64\137.0.7151.119\chromedriver.exe
2025-06-20 12:55:42 [main] INFO  automationFramework.utils.LoggerUtil - ✅ Setup complete.
2025-06-20 12:55:42 [main] INFO  automationFramework.pages.LoginPage - ✅ Captcha wait time loaded: 10 seconds
2025-06-20 12:55:48 [main] INFO  automationFramework.pages.LoginPage - 🟦 Navigated to URL: https://uatnet.svcbank.com/ReachSVCInet/SVC-web/inet/netbanking
2025-06-20 12:55:48 [main] INFO  automationFramework.pages.LoginPage - ✅ Entered username: TEST001
2025-06-20 12:55:48 [main] INFO  automationFramework.pages.LoginPage - ⏳ Waiting for manual captcha input (10 seconds)
2025-06-20 12:55:58 [main] INFO  automationFramework.pages.LoginPage - ✅ Clicked first Login button
2025-06-20 12:56:00 [main] INFO  automationFramework.pages.LoginPage - ✅ Entered password
2025-06-20 12:56:00 [main] INFO  automationFramework.pages.LoginPage - ✅ Clicked final Login button
2025-06-20 12:56:06 [main] INFO  automationFramework.pages.LoginPage - 🎉 Login successful for user: TEST001
2025-06-20 12:56:06 [main] INFO  a.pages.ServicesPage - 🔄 Navigating to Services > Manage SMS...
2025-06-20 12:56:06 [main] INFO  a.pages.ServicesPage - ⏳ Waiting for spinner to fully disappear...
2025-06-20 12:56:19 [main] INFO  a.pages.ServicesPage - ✅ Spinner disappeared.
2025-06-20 12:56:20 [main] INFO  a.pages.ServicesPage - ⏳ Waiting for spinner to fully disappear...
2025-06-20 12:56:33 [main] INFO  a.pages.ServicesPage - ✅ Spinner disappeared.
2025-06-20 12:56:33 [main] INFO  a.pages.ServicesPage - ✅ Reached Manage SMS section.
2025-06-20 12:56:33 [main] INFO  a.pages.ServicesPage - 🔄 Generating random credit and debit amounts...
2025-06-20 12:56:33 [main] INFO  a.pages.ServicesPage - ✏️ Entering SMS thresholds - Credit: 6127, Debit: 4799
2025-06-20 12:56:35 [main] INFO  a.pages.ServicesPage - ✅ Amounts entered successfully with Credit: 6127, Debit: 4799
2025-06-20 12:56:35 [main] INFO  a.pages.ServicesPage - 💾 Clicking Save button...
2025-06-20 12:56:35 [main] INFO  a.pages.ServicesPage - ⏳ Waiting for spinner to fully disappear...
2025-06-20 12:56:45 [main] INFO  a.pages.ServicesPage - ✅ Spinner disappeared.
2025-06-20 12:56:45 [main] INFO  a.pages.ServicesPage - 🔐 Entering OTP: 123456
2025-06-20 12:56:45 [main] INFO  a.pages.ServicesPage - ⏳ Waiting for spinner to fully disappear...
2025-06-20 12:56:46 [main] INFO  a.pages.ServicesPage - ✅ Spinner disappeared.
2025-06-20 12:56:47 [main] INFO  a.pages.ServicesPage - ⏳ Waiting for spinner to fully disappear...
2025-06-20 12:56:52 [main] INFO  a.pages.ServicesPage - ✅ Spinner disappeared.
2025-06-20 12:56:52 [main] INFO  a.pages.ServicesPage - ✅ OTP entered.
2025-06-20 12:56:52 [main] INFO  a.pages.ServicesPage - ➡️ Clicking Proceed...
2025-06-20 12:56:52 [main] INFO  a.pages.ServicesPage - ⏳ Waiting for spinner to fully disappear...
2025-06-20 12:57:02 [main] INFO  a.pages.ServicesPage - ✅ Spinner disappeared.
2025-06-20 12:57:04 [main] INFO  a.pages.ServicesPage - ✅ Success popup visibility: true
2025-06-20 12:57:04 [main] INFO  a.pages.ServicesPage - 🆗 Clicking Okay on success popup...
2025-06-20 12:57:04 [main] INFO  a.pages.ServicesPage - ⏳ Waiting for spinner to fully disappear...
2025-06-20 12:57:15 [main] INFO  a.pages.ServicesPage - ✅ Spinner disappeared.
2025-06-20 12:57:15 [main] INFO  a.pages.ServicesPage - 🔄 Navigating to Services > Manage SMS...
2025-06-20 12:57:15 [main] INFO  a.pages.ServicesPage - ⏳ Waiting for spinner to fully disappear...
2025-06-20 12:57:26 [main] INFO  a.pages.ServicesPage - ✅ Spinner disappeared.
2025-06-20 12:57:26 [main] INFO  a.pages.ServicesPage - ⏳ Waiting for spinner to fully disappear...
2025-06-20 12:57:32 [main] INFO  a.pages.ServicesPage - ✅ Spinner disappeared.
2025-06-20 12:57:32 [main] INFO  a.pages.ServicesPage - ✅ Reached Manage SMS section.
2025-06-20 12:57:32 [main] INFO  a.pages.ServicesPage - 🔄 Setting invalid threshold values: empty=true, negative=false
2025-06-20 12:57:34 [main] INFO  a.pages.ServicesPage - ✏️ Invalid thresholds set - Credit: , Debit: 
2025-06-20 12:57:34 [main] INFO  a.pages.ServicesPage - 💾 Clicking Save button...
2025-06-20 12:57:34 [main] INFO  a.pages.ServicesPage - ⏳ Waiting for spinner to fully disappear...
2025-06-20 12:57:44 [main] INFO  a.pages.ServicesPage - ✅ Spinner disappeared.
2025-06-20 12:57:44 [main] INFO  a.pages.ServicesPage - ✅ Validation messages found for both empty thresholds.
2025-06-20 12:57:44 [main] INFO  a.pages.ServicesPage - ⏳ Waiting for spinner to fully disappear...
2025-06-20 12:57:55 [main] INFO  a.pages.ServicesPage - ✅ Spinner disappeared.
2025-06-20 12:57:55 [main] INFO  a.pages.ServicesPage - ❎ Closed the validation popup.
2025-06-20 12:57:55 [main] INFO  a.pages.ServicesPage - 🔄 Navigating to Services > Manage SMS...
2025-06-20 12:57:55 [main] INFO  a.pages.ServicesPage - ⏳ Waiting for spinner to fully disappear...
2025-06-20 12:58:05 [main] INFO  a.pages.ServicesPage - ✅ Spinner disappeared.
2025-06-20 12:58:05 [main] INFO  a.pages.ServicesPage - ⏳ Waiting for spinner to fully disappear...
2025-06-20 12:58:11 [main] INFO  a.pages.ServicesPage - ✅ Spinner disappeared.
2025-06-20 12:58:12 [main] INFO  a.pages.ServicesPage - ✅ Reached Manage SMS section.
2025-06-20 12:58:14 [main] INFO  a.pages.ServicesPage - ✅ Negative input converted to positive as expected.
2025-06-20 12:58:14 [main] INFO  a.pages.ServicesPage - ⏳ Waiting for spinner to fully disappear...
2025-06-20 12:58:24 [main] INFO  a.pages.ServicesPage - ✅ Spinner disappeared.
2025-06-20 12:58:24 [main] INFO  a.pages.ServicesPage - ❎ Closed the popup for Next Test.
2025-06-20 12:58:24 [main] INFO  a.pages.ServicesPage - 🔄 Navigating to Services > Manage SMS...
2025-06-20 12:58:24 [main] INFO  a.pages.ServicesPage - ⏳ Waiting for spinner to fully disappear...
2025-06-20 12:58:35 [main] INFO  a.pages.ServicesPage - ✅ Spinner disappeared.
2025-06-20 12:58:35 [main] INFO  a.pages.ServicesPage - ⏳ Waiting for spinner to fully disappear...
2025-06-20 12:58:41 [main] INFO  a.pages.ServicesPage - ✅ Spinner disappeared.
2025-06-20 12:58:41 [main] INFO  a.pages.ServicesPage - ✅ Reached Manage SMS section.
2025-06-20 12:58:41 [main] INFO  a.pages.ServicesPage - 🔄 Generating random credit and debit amounts...
2025-06-20 12:58:41 [main] INFO  a.pages.ServicesPage - ✏️ Entering SMS thresholds - Credit: 2471, Debit: 1023
2025-06-20 12:58:43 [main] INFO  a.pages.ServicesPage - ✅ Amounts entered successfully with Credit: 2471, Debit: 1023
2025-06-20 12:58:43 [main] INFO  a.pages.ServicesPage - 💾 Clicking Save button...
2025-06-20 12:58:43 [main] INFO  a.pages.ServicesPage - ⏳ Waiting for spinner to fully disappear...
2025-06-20 12:58:53 [main] INFO  a.pages.ServicesPage - ✅ Spinner disappeared.
2025-06-20 12:58:53 [main] INFO  a.pages.ServicesPage - 🔐 Entering OTP: 000000
2025-06-20 12:58:53 [main] INFO  a.pages.ServicesPage - ⏳ Waiting for spinner to fully disappear...
2025-06-20 12:59:05 [main] INFO  a.pages.ServicesPage - ✅ Spinner disappeared.
2025-06-20 12:59:05 [main] INFO  a.pages.ServicesPage - ⏳ Waiting for spinner to fully disappear...
2025-06-20 12:59:16 [main] INFO  a.pages.ServicesPage - ✅ Spinner disappeared.
2025-06-20 12:59:16 [main] INFO  a.pages.ServicesPage - ✅ OTP entered.
2025-06-20 12:59:16 [main] INFO  a.pages.ServicesPage - ➡️ Clicking Proceed...
2025-06-20 12:59:16 [main] INFO  a.pages.ServicesPage - ⏳ Waiting for spinner to fully disappear...
2025-06-20 12:59:26 [main] INFO  a.pages.ServicesPage - ✅ Spinner disappeared.
2025-06-20 12:59:26 [main] INFO  a.pages.ServicesPage - ⏳ Waiting for spinner to fully disappear...
2025-06-20 12:59:27 [main] INFO  a.pages.ServicesPage - ✅ Spinner disappeared.
2025-06-20 12:59:27 [main] INFO  a.pages.ServicesPage - ❌ Error Message Shown: Enter Mobile OTP
2025-06-20 12:59:27 [main] INFO  a.pages.ServicesPage - ✅ OTP validation error appeared as expected.
2025-06-20 12:59:27 [main] INFO  a.pages.ServicesPage - ⏳ Waiting for spinner to fully disappear...
2025-06-20 12:59:39 [main] INFO  a.pages.ServicesPage - ✅ Spinner disappeared.
2025-06-20 12:59:39 [main] INFO  a.pages.ServicesPage - ❎ Clicking Cancel button...
2025-06-20 12:59:39 [main] INFO  a.pages.ServicesPage - ⏳ Waiting for spinner to fully disappear...
2025-06-20 12:59:49 [main] INFO  a.pages.ServicesPage - ✅ Spinner disappeared.
2025-06-20 12:59:49 [main] INFO  a.pages.ServicesPage - ❎ Clicking Close Arrow...
2025-06-20 12:59:49 [main] INFO  a.pages.ServicesPage - ⏳ Waiting for spinner to fully disappear...
2025-06-20 13:00:00 [main] INFO  a.pages.ServicesPage - ✅ Spinner disappeared.
2025-06-20 13:00:00 [main] INFO  a.pages.PaymentHistoryPage - 🟦 [STEP] Clicking on the Payment tab.
2025-06-20 13:00:00 [main] INFO  a.pages.PaymentHistoryPage - ⏳ Waiting for spinner to fully disappear...
2025-06-20 13:00:10 [main] INFO  a.pages.PaymentHistoryPage - ✅ Spinner disappeared.
2025-06-20 13:00:26 [main] WARN  a.pages.PaymentHistoryPage - ⚠️ Click failed attempt 1/3: Expected condition failed: waiting for element to be clickable: By.xpath: //span[contains(@class, 'font-semibold') and text()='DXFCHGV'] (tried for 15 second(s) with 500 milliseconds interval)
Build info: version: '4.20.0', revision: '866c76ca80'
System info: os.name: 'Windows 11', os.arch: 'amd64', os.version: '10.0', java.version: '17.0.12'
Driver info: org.openqa.selenium.chrome.ChromeDriver
Capabilities {acceptInsecureCerts: false, browserName: chrome, browserVersion: 137.0.7151.104, chrome: {chromedriverVersion: 137.0.7151.119 (e0ac9d12dff..., userDataDir: C:\Users\rajum\AppData\Loca...}, fedcm:accounts: true, goog:chromeOptions: {debuggerAddress: localhost:57814}, networkConnectionEnabled: false, pageLoadStrategy: normal, platformName: windows, proxy: Proxy(), se:cdp: ws://localhost:57814/devtoo..., se:cdpVersion: 137.0.7151.104, setWindowRect: true, strictFileInteractability: false, timeouts: {implicit: 0, pageLoad: 300000, script: 30000}, unhandledPromptBehavior: dismiss and notify, webauthn:extension:credBlob: true, webauthn:extension:largeBlob: true, webauthn:extension:minPinLength: true, webauthn:extension:prf: true, webauthn:virtualAuthenticators: true}
Session ID: 10f67d8d165637b3c199b338abb74aeb
2025-06-20 13:00:27 [main] INFO  a.pages.PaymentHistoryPage - ⏳ Waiting for spinner to fully disappear...
2025-06-20 13:00:37 [main] INFO  a.pages.PaymentHistoryPage - ✅ Spinner disappeared.
2025-06-20 13:00:53 [main] WARN  a.pages.PaymentHistoryPage - ⚠️ Click failed attempt 2/3: Expected condition failed: waiting for element to be clickable: By.xpath: //span[contains(@class, 'font-semibold') and text()='DXFCHGV'] (tried for 15 second(s) with 500 milliseconds interval)
Build info: version: '4.20.0', revision: '866c76ca80'
System info: os.name: 'Windows 11', os.arch: 'amd64', os.version: '10.0', java.version: '17.0.12'
Driver info: org.openqa.selenium.chrome.ChromeDriver
Capabilities {acceptInsecureCerts: false, browserName: chrome, browserVersion: 137.0.7151.104, chrome: {chromedriverVersion: 137.0.7151.119 (e0ac9d12dff..., userDataDir: C:\Users\rajum\AppData\Loca...}, fedcm:accounts: true, goog:chromeOptions: {debuggerAddress: localhost:57814}, networkConnectionEnabled: false, pageLoadStrategy: normal, platformName: windows, proxy: Proxy(), se:cdp: ws://localhost:57814/devtoo..., se:cdpVersion: 137.0.7151.104, setWindowRect: true, strictFileInteractability: false, timeouts: {implicit: 0, pageLoad: 300000, script: 30000}, unhandledPromptBehavior: dismiss and notify, webauthn:extension:credBlob: true, webauthn:extension:largeBlob: true, webauthn:extension:minPinLength: true, webauthn:extension:prf: true, webauthn:virtualAuthenticators: true}
Session ID: 10f67d8d165637b3c199b338abb74aeb
2025-06-20 13:00:54 [main] INFO  a.pages.PaymentHistoryPage - ⏳ Waiting for spinner to fully disappear...
2025-06-20 13:01:04 [main] INFO  a.pages.PaymentHistoryPage - ✅ Spinner disappeared.
2025-06-20 13:01:20 [main] WARN  a.pages.PaymentHistoryPage - ⚠️ Click failed attempt 3/3: Expected condition failed: waiting for element to be clickable: By.xpath: //span[contains(@class, 'font-semibold') and text()='DXFCHGV'] (tried for 15 second(s) with 500 milliseconds interval)
Build info: version: '4.20.0', revision: '866c76ca80'
System info: os.name: 'Windows 11', os.arch: 'amd64', os.version: '10.0', java.version: '17.0.12'
Driver info: org.openqa.selenium.chrome.ChromeDriver
Capabilities {acceptInsecureCerts: false, browserName: chrome, browserVersion: 137.0.7151.104, chrome: {chromedriverVersion: 137.0.7151.119 (e0ac9d12dff..., userDataDir: C:\Users\rajum\AppData\Loca...}, fedcm:accounts: true, goog:chromeOptions: {debuggerAddress: localhost:57814}, networkConnectionEnabled: false, pageLoadStrategy: normal, platformName: windows, proxy: Proxy(), se:cdp: ws://localhost:57814/devtoo..., se:cdpVersion: 137.0.7151.104, setWindowRect: true, strictFileInteractability: false, timeouts: {implicit: 0, pageLoad: 300000, script: 30000}, unhandledPromptBehavior: dismiss and notify, webauthn:extension:credBlob: true, webauthn:extension:largeBlob: true, webauthn:extension:minPinLength: true, webauthn:extension:prf: true, webauthn:virtualAuthenticators: true}
Session ID: 10f67d8d165637b3c199b338abb74aeb
2025-06-20 13:01:22 [main] INFO  a.pages.PaymentHistoryPage - 🟦 [STEP] Clicking on the Payment tab.
2025-06-20 13:01:22 [main] INFO  a.pages.PaymentHistoryPage - ⏳ Waiting for spinner to fully disappear...
2025-06-20 13:01:32 [main] INFO  a.pages.PaymentHistoryPage - ✅ Spinner disappeared.
2025-06-20 13:01:48 [main] WARN  a.pages.PaymentHistoryPage - ⚠️ Click failed attempt 1/3: Expected condition failed: waiting for element to be clickable: By.xpath: //span[contains(@class, 'font-semibold') and text()='DXFCHGV'] (tried for 15 second(s) with 500 milliseconds interval)
Build info: version: '4.20.0', revision: '866c76ca80'
System info: os.name: 'Windows 11', os.arch: 'amd64', os.version: '10.0', java.version: '17.0.12'
Driver info: org.openqa.selenium.chrome.ChromeDriver
Capabilities {acceptInsecureCerts: false, browserName: chrome, browserVersion: 137.0.7151.104, chrome: {chromedriverVersion: 137.0.7151.119 (e0ac9d12dff..., userDataDir: C:\Users\rajum\AppData\Loca...}, fedcm:accounts: true, goog:chromeOptions: {debuggerAddress: localhost:57814}, networkConnectionEnabled: false, pageLoadStrategy: normal, platformName: windows, proxy: Proxy(), se:cdp: ws://localhost:57814/devtoo..., se:cdpVersion: 137.0.7151.104, setWindowRect: true, strictFileInteractability: false, timeouts: {implicit: 0, pageLoad: 300000, script: 30000}, unhandledPromptBehavior: dismiss and notify, webauthn:extension:credBlob: true, webauthn:extension:largeBlob: true, webauthn:extension:minPinLength: true, webauthn:extension:prf: true, webauthn:virtualAuthenticators: true}
Session ID: 10f67d8d165637b3c199b338abb74aeb
2025-06-20 13:01:49 [main] INFO  a.pages.PaymentHistoryPage - ⏳ Waiting for spinner to fully disappear...
2025-06-20 13:01:59 [main] INFO  a.pages.PaymentHistoryPage - ✅ Spinner disappeared.
2025-06-20 13:02:15 [main] WARN  a.pages.PaymentHistoryPage - ⚠️ Click failed attempt 2/3: Expected condition failed: waiting for element to be clickable: By.xpath: //span[contains(@class, 'font-semibold') and text()='DXFCHGV'] (tried for 15 second(s) with 500 milliseconds interval)
Build info: version: '4.20.0', revision: '866c76ca80'
System info: os.name: 'Windows 11', os.arch: 'amd64', os.version: '10.0', java.version: '17.0.12'
Driver info: org.openqa.selenium.chrome.ChromeDriver
Capabilities {acceptInsecureCerts: false, browserName: chrome, browserVersion: 137.0.7151.104, chrome: {chromedriverVersion: 137.0.7151.119 (e0ac9d12dff..., userDataDir: C:\Users\rajum\AppData\Loca...}, fedcm:accounts: true, goog:chromeOptions: {debuggerAddress: localhost:57814}, networkConnectionEnabled: false, pageLoadStrategy: normal, platformName: windows, proxy: Proxy(), se:cdp: ws://localhost:57814/devtoo..., se:cdpVersion: 137.0.7151.104, setWindowRect: true, strictFileInteractability: false, timeouts: {implicit: 0, pageLoad: 300000, script: 30000}, unhandledPromptBehavior: dismiss and notify, webauthn:extension:credBlob: true, webauthn:extension:largeBlob: true, webauthn:extension:minPinLength: true, webauthn:extension:prf: true, webauthn:virtualAuthenticators: true}
Session ID: 10f67d8d165637b3c199b338abb74aeb
2025-06-20 13:02:16 [main] INFO  a.pages.PaymentHistoryPage - ⏳ Waiting for spinner to fully disappear...
2025-06-20 13:02:26 [main] INFO  a.pages.PaymentHistoryPage - ✅ Spinner disappeared.
