2025-06-19 15:17:44 [main] INFO  org.testng.internal.Utils - [Utils] MethodGroupsHelper.collectMethodsByGroup() took 1 ms.
2025-06-19 15:17:44 [main] INFO  org.testng.internal.Utils - [Utils] MethodGroupsHelper.sortMethods() took 2 ms.
2025-06-19 15:17:44 [main] INFO  org.testng.internal.Utils - [Utils] MethodGroupsHelper.collectMethodsByGroup() took 0 ms.
2025-06-19 15:17:44 [main] INFO  org.testng.internal.Utils - [Utils] MethodGroupsHelper.sortMethods() took 0 ms.
2025-06-19 15:17:44 [main] INFO  org.testng.internal.Utils - [Utils] MethodGroupsHelper.collectMethodsByGroup() took 0 ms.
2025-06-19 15:17:44 [main] INFO  org.testng.internal.Utils - [Utils] MethodGroupsHelper.sortMethods() took 0 ms.
2025-06-19 15:17:44 [main] INFO  org.testng.internal.Utils - [Utils] MethodGroupsHelper.collectMethodsByGroup() took 0 ms.
2025-06-19 15:17:44 [main] INFO  org.testng.internal.Utils - [Utils] MethodGroupsHelper.sortMethods() took 0 ms.
2025-06-19 15:17:44 [main] INFO  org.testng.internal.Utils - [Utils] MethodGroupsHelper.collectMethodsByGroup() took 5 ms.
2025-06-19 15:17:44 [main] INFO  org.testng.internal.Utils - [Utils] MethodGroupsHelper.sortMethods() took 17 ms.
2025-06-19 15:17:44 [main] INFO  org.testng.internal.Utils - [Utils] MethodGroupsHelper.collectMethodsByGroup() took 0 ms.
2025-06-19 15:17:44 [main] INFO  org.testng.internal.Utils - [Utils] MethodGroupsHelper.sortMethods() took 0 ms.
2025-06-19 15:17:44 [main] INFO  org.testng.internal.Utils - [Utils] MethodGroupsHelper.collectMethodsByGroup() took 0 ms.
2025-06-19 15:17:44 [main] INFO  org.testng.internal.Utils - [Utils] MethodGroupsHelper.sortMethods() took 0 ms.
2025-06-19 15:17:44 [main] INFO  org.testng.internal.Utils - [Utils] MethodGroupsHelper.collectMethodsByGroup() took 0 ms.
2025-06-19 15:17:44 [main] INFO  org.testng.internal.Utils - [Utils] MethodGroupsHelper.sortMethods() took 0 ms.
2025-06-19 15:17:44 [main] INFO  org.testng.internal.Utils - [Utils] MethodGroupsHelper.collectMethodsByGroup() took 0 ms.
2025-06-19 15:17:44 [main] INFO  org.testng.internal.Utils - [Utils] MethodGroupsHelper.sortMethods() took 0 ms.
2025-06-19 15:17:44 [main] INFO  org.testng.internal.Utils - [Utils] MethodGroupsHelper.collectMethodsByGroup() took 0 ms.
2025-06-19 15:17:44 [main] INFO  org.testng.internal.Utils - [Utils] MethodGroupsHelper.sortMethods() took 1 ms.
2025-06-19 15:17:44 [main] INFO  org.testng.internal.Utils - [Utils] MethodGroupsHelper.collectMethodsByGroup() took 0 ms.
2025-06-19 15:17:44 [main] INFO  org.testng.internal.Utils - [Utils] MethodGroupsHelper.sortMethods() took 0 ms.
2025-06-19 15:17:44 [main] INFO  org.testng.internal.Utils - [Utils] MethodGroupsHelper.collectMethodsByGroup() took 0 ms.
2025-06-19 15:17:44 [main] INFO  org.testng.internal.Utils - [Utils] MethodGroupsHelper.sortMethods() took 0 ms.
2025-06-19 15:17:44 [main] INFO  org.testng.internal.Utils - [Utils] MethodGroupsHelper.collectMethodsByGroup() took 2 ms.
2025-06-19 15:17:44 [main] INFO  org.testng.internal.Utils - [Utils] MethodGroupsHelper.sortMethods() took 8 ms.
2025-06-19 15:17:44 [main] INFO  org.testng.internal.Utils - [Utils] MethodGroupsHelper.collectMethodsByGroup() took 0 ms.
2025-06-19 15:17:44 [main] INFO  org.testng.internal.Utils - [Utils] MethodGroupsHelper.sortMethods() took 0 ms.
2025-06-19 15:17:44 [main] INFO  org.testng.internal.Utils - [Utils] MethodGroupsHelper.collectMethodsByGroup() took 0 ms.
2025-06-19 15:17:44 [main] INFO  org.testng.internal.Utils - [Utils] MethodGroupsHelper.sortMethods() took 0 ms.
2025-06-19 15:17:44 [main] INFO  org.testng.internal.Utils - [TestNG] Running:
  C:\Users\rajum\AppData\Local\Temp\testng-eclipse-1970728261\testng-customsuite.xml

2025-06-19 15:17:44 [main] INFO  org.testng.internal.Utils - [Utils] DynamicGraphHelper.createDynamicGraph() took 7 ms.
2025-06-19 15:17:44 [main] INFO  automationFramework.utils.LoggerUtil - 🔧 Launching browser and loading properties...
2025-06-19 15:17:45 [main] INFO  i.g.bonigarcia.wdm.WebDriverManager - Using chromedriver 137.0.7151.119 (resolved driver for Chrome 137)
2025-06-19 15:17:45 [main] INFO  i.g.bonigarcia.wdm.WebDriverManager - Exporting webdriver.chrome.driver as C:\Users\rajum\.cache\selenium\chromedriver\win64\137.0.7151.119\chromedriver.exe
2025-06-19 15:17:47 [main] INFO  automationFramework.pages.LoginPage - ✅ Captcha wait time loaded: 10 seconds
2025-06-19 15:17:52 [main] INFO  automationFramework.pages.LoginPage - 🟦 Navigated to URL: https://uatnet.svcbank.com/ReachSVCInet/SVC-web/inet/netbanking
2025-06-19 15:17:52 [main] INFO  automationFramework.pages.LoginPage - ✅ Entered username: MADHU97
2025-06-19 15:17:52 [main] INFO  automationFramework.pages.LoginPage - ⏳ Waiting for manual captcha input (10 seconds)
2025-06-19 15:18:02 [main] INFO  automationFramework.pages.LoginPage - ✅ Clicked first Login button
2025-06-19 15:18:03 [main] INFO  automationFramework.pages.LoginPage - ✅ Entered password
2025-06-19 15:18:03 [main] INFO  automationFramework.pages.LoginPage - ✅ Clicked final Login button
2025-06-19 15:18:11 [main] INFO  automationFramework.pages.LoginPage - 🔐 Pin code input field detected.
2025-06-19 15:18:11 [main] INFO  automationFramework.pages.LoginPage - ✅ Entered pin code: 1
2025-06-19 15:18:11 [main] INFO  automationFramework.pages.LoginPage - ➡️ Clicked Proceed.
2025-06-19 15:18:14 [main] INFO  automationFramework.pages.LoginPage - 🎉 Login successful for user: MADHU97
2025-06-19 15:18:14 [main] INFO  automationFramework.utils.LoggerUtil - ✅ Login successful
2025-06-19 15:18:14 [main] INFO  automationFramework.utils.LoggerUtil - ✅ Setup complete.
2025-06-19 15:18:15 [main] INFO  a.pages.ServicesPage - 🔄 Navigating to Services > Manage SMS...
2025-06-19 15:18:15 [main] INFO  a.pages.ServicesPage - ⏳ Waiting for spinner to fully disappear...
2025-06-19 15:18:30 [main] INFO  a.pages.ServicesPage - ✅ Spinner disappeared.
2025-06-19 15:18:30 [main] INFO  a.pages.ServicesPage - ⏳ Waiting for spinner to fully disappear...
2025-06-19 15:18:42 [main] INFO  a.pages.ServicesPage - ✅ Spinner disappeared.
2025-06-19 15:18:42 [main] INFO  a.pages.ServicesPage - ⏳ Waiting for spinner to fully disappear...
2025-06-19 15:18:53 [main] INFO  a.pages.ServicesPage - ✅ Spinner disappeared.
2025-06-19 15:18:53 [main] INFO  a.pages.ServicesPage - ⏳ Waiting for spinner to fully disappear...
2025-06-19 15:19:04 [main] INFO  a.pages.ServicesPage - ✅ Spinner disappeared.
2025-06-19 15:19:04 [main] INFO  a.pages.ServicesPage - ✅ Reached Manage SMS section.
2025-06-19 15:19:04 [main] INFO  a.pages.ServicesPage - 🔄 Generating random credit and debit amounts...
2025-06-19 15:19:04 [main] INFO  a.pages.ServicesPage - ✏️ Entering SMS thresholds - Credit: 5452, Debit: 2327
2025-06-19 15:19:05 [main] INFO  a.pages.ServicesPage - ✅ Amounts entered successfully with Credit: 5452, Debit: 2327
2025-06-19 15:19:05 [main] INFO  a.pages.ServicesPage - 💾 Clicking Save button...
2025-06-19 15:19:05 [main] INFO  a.pages.ServicesPage - ⏳ Waiting for spinner to fully disappear...
2025-06-19 15:19:15 [main] INFO  a.pages.ServicesPage - ✅ Spinner disappeared.
2025-06-19 15:19:15 [main] INFO  a.pages.ServicesPage - ⏳ Waiting for spinner to fully disappear...
2025-06-19 15:19:22 [main] INFO  a.pages.ServicesPage - ✅ Spinner disappeared.
2025-06-19 15:19:22 [main] INFO  a.pages.ServicesPage - 🔐 Entering OTP: 123456
2025-06-19 15:19:22 [main] INFO  a.pages.ServicesPage - ⏳ Waiting for spinner to fully disappear...
2025-06-19 15:19:32 [main] INFO  a.pages.ServicesPage - ✅ Spinner disappeared.
2025-06-19 15:19:32 [main] INFO  a.pages.ServicesPage - ⏳ Waiting for spinner to fully disappear...
2025-06-19 15:19:43 [main] INFO  a.pages.ServicesPage - ✅ Spinner disappeared.
2025-06-19 15:19:43 [main] INFO  a.pages.ServicesPage - ✅ OTP entered.
2025-06-19 15:19:43 [main] INFO  a.pages.ServicesPage - ➡️ Clicking Proceed...
2025-06-19 15:19:43 [main] INFO  a.pages.ServicesPage - ⏳ Waiting for spinner to fully disappear...
2025-06-19 15:19:53 [main] INFO  a.pages.ServicesPage - ✅ Spinner disappeared.
2025-06-19 15:19:53 [main] INFO  a.pages.ServicesPage - ⏳ Waiting for spinner to fully disappear...
2025-06-19 15:19:54 [main] INFO  a.pages.ServicesPage - ✅ Spinner disappeared.
2025-06-19 15:19:54 [main] INFO  a.pages.ServicesPage - ✅ Success popup visibility: true
2025-06-19 15:19:54 [main] INFO  a.pages.ServicesPage - 🆗 Clicking Okay on success popup...
2025-06-19 15:19:54 [main] INFO  a.pages.ServicesPage - ⏳ Waiting for spinner to fully disappear...
2025-06-19 15:20:05 [main] INFO  a.pages.ServicesPage - ✅ Spinner disappeared.
2025-06-19 15:20:05 [main] INFO  a.pages.ServicesPage - ⏳ Waiting for spinner to fully disappear...
2025-06-19 15:20:16 [main] INFO  a.pages.ServicesPage - ✅ Spinner disappeared.
2025-06-19 15:20:16 [main] INFO  automationFramework.utils.LoggerUtil - ✅ Threshold saved and verified successfully.
2025-06-19 15:20:16 [main] INFO  a.pages.ServicesPage - 🔄 Navigating to Services > Manage SMS...
2025-06-19 15:20:16 [main] INFO  a.pages.ServicesPage - ⏳ Waiting for spinner to fully disappear...
2025-06-19 15:20:26 [main] INFO  a.pages.ServicesPage - ✅ Spinner disappeared.
2025-06-19 15:20:26 [main] INFO  a.pages.ServicesPage - ⏳ Waiting for spinner to fully disappear...
2025-06-19 15:20:42 [main] WARN  a.pages.ServicesPage - ⚠️ Spinner wait skipped or failed gracefully.
2025-06-19 15:20:42 [main] INFO  a.pages.ServicesPage - ⏳ Waiting for spinner to fully disappear...
2025-06-19 15:20:57 [main] WARN  a.pages.ServicesPage - ⚠️ Spinner wait skipped or failed gracefully.
2025-06-19 15:20:58 [main] WARN  a.pages.ServicesPage - ⚠️ Click intercepted attempt 1/3: element click intercepted: Element <span class="font-semibold cursor-pointer h-fit align-self-center text-large">...</span> is not clickable at point (163, 291). Other element would receive the click: <div _ngcontent-ng-c587276320="" class="ngx-spinner-overlay ng-tns-c587276320-1 ng-trigger ng-trigger-fadeIn ng-star-inserted ng-animating" style="background-color: rgba(51, 51, 51, 0.8); z-index: 99999; position: fixed;">...</div>
  (Session info: chrome=137.0.7151.104)
Build info: version: '4.20.0', revision: '866c76ca80'
System info: os.name: 'Windows 11', os.arch: 'amd64', os.version: '10.0', java.version: '17.0.12'
Driver info: org.openqa.selenium.chrome.ChromeDriver
Command: [bc118bee89f3f3efb2c593eb766a4f71, clickElement {id=f.36807371607B3EE40E8C0E3C94E5043A.d.9E7154B79F59689E14AFAF892909C906.e.158}]
Capabilities {acceptInsecureCerts: false, browserName: chrome, browserVersion: 137.0.7151.104, chrome: {chromedriverVersion: 137.0.7151.119 (e0ac9d12dff..., userDataDir: C:\Users\rajum\AppData\Loca...}, fedcm:accounts: true, goog:chromeOptions: {debuggerAddress: localhost:50203}, networkConnectionEnabled: false, pageLoadStrategy: normal, platformName: windows, proxy: Proxy(), se:cdp: ws://localhost:50203/devtoo..., se:cdpVersion: 137.0.7151.104, setWindowRect: true, strictFileInteractability: false, timeouts: {implicit: 0, pageLoad: 300000, script: 30000}, unhandledPromptBehavior: dismiss and notify, webauthn:extension:credBlob: true, webauthn:extension:largeBlob: true, webauthn:extension:minPinLength: true, webauthn:extension:prf: true, webauthn:virtualAuthenticators: true}
Element: [[ChromeDriver: chrome on windows (bc118bee89f3f3efb2c593eb766a4f71)] -> xpath: //span[text()='Manage SMS']]
Session ID: bc118bee89f3f3efb2c593eb766a4f71
2025-06-19 15:20:59 [main] INFO  a.pages.ServicesPage - ⏳ Waiting for spinner to fully disappear...
2025-06-19 15:21:06 [main] INFO  a.pages.ServicesPage - ✅ Spinner disappeared.
2025-06-19 15:21:06 [main] INFO  a.pages.ServicesPage - ⏳ Waiting for spinner to fully disappear...
2025-06-19 15:21:25 [main] WARN  a.pages.ServicesPage - ⚠️ Spinner wait skipped or failed gracefully.
2025-06-19 15:21:25 [main] INFO  a.pages.ServicesPage - ✅ Reached Manage SMS section.
2025-06-19 15:21:25 [main] INFO  a.pages.ServicesPage - 🔄 Setting invalid threshold values: empty=true, negative=false
2025-06-19 15:21:28 [main] INFO  a.pages.ServicesPage - ✏️ Invalid thresholds set - Credit: , Debit: 
2025-06-19 15:21:28 [main] INFO  a.pages.ServicesPage - 💾 Clicking Save button...
2025-06-19 15:21:28 [main] INFO  a.pages.ServicesPage - ⏳ Waiting for spinner to fully disappear...
2025-06-19 15:21:39 [main] INFO  a.pages.ServicesPage - ✅ Spinner disappeared.
2025-06-19 15:21:39 [main] INFO  a.pages.ServicesPage - ⏳ Waiting for spinner to fully disappear...
2025-06-19 15:21:49 [main] INFO  a.pages.ServicesPage - ✅ Spinner disappeared.
2025-06-19 15:21:49 [main] INFO  a.pages.ServicesPage - ✅ Validation messages found for both empty thresholds.
2025-06-19 15:21:49 [main] INFO  a.pages.ServicesPage - ⏳ Waiting for spinner to fully disappear...
2025-06-19 15:22:00 [main] INFO  a.pages.ServicesPage - ✅ Spinner disappeared.
2025-06-19 15:22:00 [main] INFO  a.pages.ServicesPage - ⏳ Waiting for spinner to fully disappear...
2025-06-19 15:22:10 [main] INFO  a.pages.ServicesPage - ✅ Spinner disappeared.
2025-06-19 15:22:10 [main] INFO  a.pages.ServicesPage - ❎ Closed the validation popup.
2025-06-19 15:22:10 [main] INFO  a.pages.ServicesPage - 🔄 Navigating to Services > Manage SMS...
2025-06-19 15:22:10 [main] INFO  a.pages.ServicesPage - ⏳ Waiting for spinner to fully disappear...
2025-06-19 15:22:21 [main] INFO  a.pages.ServicesPage - ✅ Spinner disappeared.
2025-06-19 15:22:21 [main] INFO  a.pages.ServicesPage - ⏳ Waiting for spinner to fully disappear...
2025-06-19 15:22:31 [main] INFO  a.pages.ServicesPage - ✅ Spinner disappeared.
2025-06-19 15:22:31 [main] INFO  a.pages.ServicesPage - ⏳ Waiting for spinner to fully disappear...
2025-06-19 15:22:41 [main] INFO  a.pages.ServicesPage - ✅ Spinner disappeared.
2025-06-19 15:22:41 [main] INFO  a.pages.ServicesPage - ⏳ Waiting for spinner to fully disappear...
2025-06-19 15:22:54 [main] INFO  a.pages.ServicesPage - ✅ Spinner disappeared.
2025-06-19 15:22:54 [main] INFO  a.pages.ServicesPage - ✅ Reached Manage SMS section.
2025-06-19 15:22:54 [main] INFO  a.pages.ServicesPage - ✅ Negative input converted to positive as expected.
2025-06-19 15:22:54 [main] INFO  a.pages.ServicesPage - ⏳ Waiting for spinner to fully disappear...
2025-06-19 15:23:04 [main] INFO  a.pages.ServicesPage - ✅ Spinner disappeared.
2025-06-19 15:23:05 [main] INFO  a.pages.ServicesPage - ⏳ Waiting for spinner to fully disappear...
2025-06-19 15:23:15 [main] INFO  a.pages.ServicesPage - ✅ Spinner disappeared.
2025-06-19 15:23:15 [main] INFO  a.pages.ServicesPage - ❎ Closed the popup for Next Test.
2025-06-19 15:23:15 [main] INFO  a.pages.ServicesPage - 🔄 Navigating to Services > Manage SMS...
2025-06-19 15:23:15 [main] INFO  a.pages.ServicesPage - ⏳ Waiting for spinner to fully disappear...
2025-06-19 15:23:25 [main] INFO  a.pages.ServicesPage - ✅ Spinner disappeared.
2025-06-19 15:23:26 [main] INFO  a.pages.ServicesPage - ⏳ Waiting for spinner to fully disappear...
2025-06-19 15:23:41 [main] WARN  a.pages.ServicesPage - ⚠️ Spinner wait skipped or failed gracefully.
2025-06-19 15:23:41 [main] INFO  a.pages.ServicesPage - ⏳ Waiting for spinner to fully disappear...
2025-06-19 15:23:49 [main] INFO  a.pages.ServicesPage - ✅ Spinner disappeared.
2025-06-19 15:23:50 [main] INFO  a.pages.ServicesPage - ⏳ Waiting for spinner to fully disappear...
2025-06-19 15:24:02 [main] INFO  a.pages.ServicesPage - ✅ Spinner disappeared.
2025-06-19 15:24:02 [main] INFO  a.pages.ServicesPage - ✅ Reached Manage SMS section.
2025-06-19 15:24:02 [main] INFO  a.pages.ServicesPage - 🔄 Generating random credit and debit amounts...
2025-06-19 15:24:02 [main] INFO  a.pages.ServicesPage - ✏️ Entering SMS thresholds - Credit: 6243, Debit: 9320
2025-06-19 15:24:05 [main] INFO  a.pages.ServicesPage - ✅ Amounts entered successfully with Credit: 6243, Debit: 9320
2025-06-19 15:24:05 [main] INFO  a.pages.ServicesPage - 💾 Clicking Save button...
2025-06-19 15:24:05 [main] INFO  a.pages.ServicesPage - ⏳ Waiting for spinner to fully disappear...
2025-06-19 15:24:15 [main] INFO  a.pages.ServicesPage - ✅ Spinner disappeared.
2025-06-19 15:24:16 [main] INFO  a.pages.ServicesPage - ⏳ Waiting for spinner to fully disappear...
2025-06-19 15:24:27 [main] INFO  a.pages.ServicesPage - ✅ Spinner disappeared.
2025-06-19 15:24:27 [main] INFO  a.pages.ServicesPage - 🔐 Entering OTP: 000000
2025-06-19 15:24:27 [main] INFO  a.pages.ServicesPage - ⏳ Waiting for spinner to fully disappear...
2025-06-19 15:24:38 [main] INFO  a.pages.ServicesPage - ✅ Spinner disappeared.
2025-06-19 15:24:38 [main] INFO  a.pages.ServicesPage - ⏳ Waiting for spinner to fully disappear...
2025-06-19 15:24:48 [main] INFO  a.pages.ServicesPage - ✅ Spinner disappeared.
2025-06-19 15:24:48 [main] INFO  a.pages.ServicesPage - ✅ OTP entered.
2025-06-19 15:24:48 [main] INFO  a.pages.ServicesPage - ➡️ Clicking Proceed...
2025-06-19 15:24:48 [main] INFO  a.pages.ServicesPage - ⏳ Waiting for spinner to fully disappear...
2025-06-19 15:24:58 [main] INFO  a.pages.ServicesPage - ✅ Spinner disappeared.
2025-06-19 15:24:59 [main] INFO  a.pages.ServicesPage - ⏳ Waiting for spinner to fully disappear...
2025-06-19 15:25:11 [main] INFO  a.pages.ServicesPage - ✅ Spinner disappeared.
2025-06-19 15:25:22 [main] INFO  automationFramework.utils.LoggerUtil - 🧹 Finalizing report...
2025-06-19 15:25:22 [main] INFO  automationFramework.utils.LoggerUtil - 📧 Sending report via email...
2025-06-19 15:25:30 [main] INFO  automationFramework.utils.LoggerUtil - ✅ dont close Browser .
2025-06-19 15:25:31 [main] INFO  org.testng.internal.Utils - [TestNG] Time taken by org.testng.reporters.jq.Main@4888425d: 92 ms
2025-06-19 15:25:31 [main] INFO  org.testng.internal.Utils - [TestNG] Time taken by org.testng.reporters.FailedReporter@3a3bc0da: 38 ms
2025-06-19 15:25:31 [main] INFO  org.testng.internal.Utils - [TestNG] Time taken by org.testng.reporters.XMLReporter@bea5941: 57 ms
2025-06-19 15:25:31 [main] INFO  org.testng.internal.Utils - [TestNG] Time taken by org.testng.reporters.EmailableReporter2@5ae87de0: 14 ms
2025-06-19 15:25:31 [main] INFO  org.testng.internal.Utils - [TestNG] Time taken by org.testng.reporters.JUnitReportReporter@45cb5307: 13 ms
2025-06-19 15:25:31 [main] INFO  org.testng.internal.Utils - [TestNG] Time taken by org.testng.internal.ExitCodeListener@1c8e2850: 0 ms
