2025-06-17 17:34:51 [main] INFO  org.testng.internal.Utils - [Utils] MethodGroupsHelper.collectMethodsByGroup() took 1 ms.
2025-06-17 17:34:51 [main] INFO  org.testng.internal.Utils - [Utils] MethodGroupsHelper.sortMethods() took 2 ms.
2025-06-17 17:34:51 [main] INFO  org.testng.internal.Utils - [Utils] MethodGroupsHelper.collectMethodsByGroup() took 0 ms.
2025-06-17 17:34:51 [main] INFO  org.testng.internal.Utils - [Utils] MethodGroupsHelper.sortMethods() took 0 ms.
2025-06-17 17:34:51 [main] INFO  org.testng.internal.Utils - [Utils] MethodGroupsHelper.collectMethodsByGroup() took 0 ms.
2025-06-17 17:34:51 [main] INFO  org.testng.internal.Utils - [Utils] MethodGroupsHelper.sortMethods() took 1 ms.
2025-06-17 17:34:51 [main] INFO  org.testng.internal.Utils - [Utils] MethodGroupsHelper.collectMethodsByGroup() took 0 ms.
2025-06-17 17:34:51 [main] INFO  org.testng.internal.Utils - [Utils] MethodGroupsHelper.sortMethods() took 0 ms.
2025-06-17 17:34:51 [main] INFO  org.testng.internal.Utils - [Utils] MethodGroupsHelper.collectMethodsByGroup() took 6 ms.
2025-06-17 17:34:51 [main] INFO  org.testng.internal.Utils - [Utils] MethodGroupsHelper.sortMethods() took 25 ms.
2025-06-17 17:34:51 [main] INFO  org.testng.internal.Utils - [Utils] MethodGroupsHelper.collectMethodsByGroup() took 0 ms.
2025-06-17 17:34:51 [main] INFO  org.testng.internal.Utils - [Utils] MethodGroupsHelper.sortMethods() took 0 ms.
2025-06-17 17:34:51 [main] INFO  org.testng.internal.Utils - [Utils] MethodGroupsHelper.collectMethodsByGroup() took 0 ms.
2025-06-17 17:34:51 [main] INFO  org.testng.internal.Utils - [Utils] MethodGroupsHelper.sortMethods() took 0 ms.
2025-06-17 17:34:51 [main] INFO  org.testng.internal.Utils - [Utils] MethodGroupsHelper.collectMethodsByGroup() took 0 ms.
2025-06-17 17:34:51 [main] INFO  org.testng.internal.Utils - [Utils] MethodGroupsHelper.sortMethods() took 0 ms.
2025-06-17 17:34:51 [main] INFO  org.testng.internal.Utils - [Utils] MethodGroupsHelper.collectMethodsByGroup() took 0 ms.
2025-06-17 17:34:51 [main] INFO  org.testng.internal.Utils - [Utils] MethodGroupsHelper.sortMethods() took 0 ms.
2025-06-17 17:34:51 [main] INFO  org.testng.internal.Utils - [Utils] MethodGroupsHelper.collectMethodsByGroup() took 0 ms.
2025-06-17 17:34:51 [main] INFO  org.testng.internal.Utils - [Utils] MethodGroupsHelper.sortMethods() took 0 ms.
2025-06-17 17:34:51 [main] INFO  org.testng.internal.Utils - [Utils] MethodGroupsHelper.collectMethodsByGroup() took 0 ms.
2025-06-17 17:34:51 [main] INFO  org.testng.internal.Utils - [Utils] MethodGroupsHelper.sortMethods() took 0 ms.
2025-06-17 17:34:51 [main] INFO  org.testng.internal.Utils - [Utils] MethodGroupsHelper.collectMethodsByGroup() took 0 ms.
2025-06-17 17:34:51 [main] INFO  org.testng.internal.Utils - [Utils] MethodGroupsHelper.sortMethods() took 0 ms.
2025-06-17 17:34:51 [main] INFO  org.testng.internal.Utils - [Utils] MethodGroupsHelper.collectMethodsByGroup() took 1 ms.
2025-06-17 17:34:51 [main] INFO  org.testng.internal.Utils - [Utils] MethodGroupsHelper.sortMethods() took 11 ms.
2025-06-17 17:34:51 [main] INFO  org.testng.internal.Utils - [Utils] MethodGroupsHelper.collectMethodsByGroup() took 0 ms.
2025-06-17 17:34:51 [main] INFO  org.testng.internal.Utils - [Utils] MethodGroupsHelper.sortMethods() took 0 ms.
2025-06-17 17:34:51 [main] INFO  org.testng.internal.Utils - [Utils] MethodGroupsHelper.collectMethodsByGroup() took 0 ms.
2025-06-17 17:34:51 [main] INFO  org.testng.internal.Utils - [Utils] MethodGroupsHelper.sortMethods() took 0 ms.
2025-06-17 17:34:51 [main] INFO  org.testng.internal.Utils - [TestNG] Running:
  C:\Users\rajum\AppData\Local\Temp\testng-eclipse--315166647\testng-customsuite.xml

2025-06-17 17:34:52 [main] INFO  org.testng.internal.Utils - [Utils] DynamicGraphHelper.createDynamicGraph() took 11 ms.
2025-06-17 17:34:52 [main] INFO  automationFramework.utils.LoggerUtil - 🔧 Starting browser and loading properties...
2025-06-17 17:34:53 [main] INFO  i.g.bonigarcia.wdm.WebDriverManager - Using chromedriver 137.0.7151.70 (resolved driver for Chrome 137)
2025-06-17 17:34:53 [main] INFO  i.g.bonigarcia.wdm.WebDriverManager - Exporting webdriver.chrome.driver as C:\Users\rajum\.cache\selenium\chromedriver\win64\137.0.7151.70\chromedriver.exe
2025-06-17 17:34:56 [main] INFO  automationFramework.pages.LoginPage - ✅ Captcha wait time loaded: 10 seconds
2025-06-17 17:34:59 [main] INFO  automationFramework.pages.LoginPage - 🟦 Navigated to URL: https://uatnet.svcbank.com/ReachSVCInet/SVC-web/inet/netbanking
2025-06-17 17:34:59 [main] INFO  automationFramework.pages.LoginPage - ✅ Entered username: TEST001
2025-06-17 17:34:59 [main] INFO  automationFramework.pages.LoginPage - ⏳ Waiting for manual captcha input (10 seconds)
2025-06-17 17:35:09 [main] INFO  automationFramework.pages.LoginPage - ✅ Clicked first Login button
2025-06-17 17:35:10 [main] INFO  automationFramework.pages.LoginPage - ✅ Entered password
2025-06-17 17:35:11 [main] INFO  automationFramework.pages.LoginPage - ✅ Clicked final Login button
2025-06-17 17:35:12 [main] INFO  automationFramework.pages.LoginPage - 🎉 Login successful for user: TEST001
2025-06-17 17:35:12 [main] INFO  automationFramework.utils.LoggerUtil - ✅ Setup complete.
2025-06-17 17:35:12 [main] INFO  a.pages.AccountsPage - ▶️ Starting: Download Custom Statement for 6 in XLS format
2025-06-17 17:35:12 [main] INFO  a.pages.AccountsPage - 🔍 Checking if 'Detailed Statement' is visible.
2025-06-17 17:35:17 [main] WARN  a.pages.AccountsPage - ⚠️ 'Detailed Statement' not visible. Clicking Accounts Tab first.
2025-06-17 17:35:17 [main] INFO  a.pages.AccountsPage - Clicking Accounts Tab
2025-06-17 17:35:17 [main] INFO  a.pages.AccountsPage - ⏳ Waiting for spinner to fully disappear...
2025-06-17 17:35:28 [main] INFO  a.pages.AccountsPage - ✅ Spinner disappeared.
2025-06-17 17:35:28 [main] INFO  a.pages.AccountsPage - ⏳ Waiting for spinner to fully disappear...
2025-06-17 17:35:29 [main] INFO  a.pages.AccountsPage - ✅ Spinner disappeared.
2025-06-17 17:35:29 [main] INFO  a.pages.AccountsPage - ⏳ Waiting for spinner to fully disappear...
2025-06-17 17:35:41 [main] INFO  a.pages.AccountsPage - ✅ Spinner disappeared.
2025-06-17 17:36:01 [main] INFO  a.pages.AccountsPage - ✅ Accounts Tab Clicked
2025-06-17 17:36:02 [main] INFO  a.pages.AccountsPage - ✅ 'Detailed Statement' found after clicking Accounts Tab.
2025-06-17 17:36:02 [main] INFO  a.pages.AccountsPage - ⏳ Waiting for spinner to fully disappear...
2025-06-17 17:36:12 [main] INFO  a.pages.AccountsPage - ✅ Spinner disappeared.
2025-06-17 17:36:12 [main] INFO  a.pages.AccountsPage - ⏳ Waiting for spinner to fully disappear...
2025-06-17 17:36:13 [main] INFO  a.pages.AccountsPage - ✅ Spinner disappeared.
2025-06-17 17:36:33 [main] INFO  a.pages.AccountsPage - ⏳ Waiting for spinner to fully disappear...
2025-06-17 17:36:44 [main] INFO  a.pages.AccountsPage - ✅ Spinner disappeared.
2025-06-17 17:36:44 [main] INFO  a.pages.AccountsPage - 🔁 Attempt 1 to fetch custom statement data
2025-06-17 17:36:44 [main] INFO  a.pages.AccountsPage - ⏳ Waiting for spinner to fully disappear...
2025-06-17 17:36:54 [main] INFO  a.pages.AccountsPage - ✅ Spinner disappeared.
2025-06-17 17:36:54 [main] INFO  a.pages.AccountsPage - ⏳ Waiting for spinner to fully disappear...
2025-06-17 17:37:04 [main] INFO  a.pages.AccountsPage - ✅ Spinner disappeared.
2025-06-17 17:37:25 [main] INFO  a.pages.AccountsPage - ⏳ Waiting for spinner to fully disappear...
2025-06-17 17:37:35 [main] INFO  a.pages.AccountsPage - ✅ Spinner disappeared.
2025-06-17 17:37:35 [main] INFO  a.pages.AccountsPage - ⏳ Waiting for spinner to fully disappear...
2025-06-17 17:37:46 [main] INFO  a.pages.AccountsPage - ✅ Spinner disappeared.
2025-06-17 17:38:06 [main] INFO  a.pages.AccountsPage - ⏳ Waiting for spinner to fully disappear...
2025-06-17 17:38:16 [main] INFO  a.pages.AccountsPage - ✅ Spinner disappeared.
2025-06-17 17:38:16 [main] INFO  a.pages.AccountsPage - ⏳ Waiting for spinner to fully disappear...
2025-06-17 17:38:17 [main] INFO  a.pages.AccountsPage - ✅ Spinner disappeared.
2025-06-17 17:38:42 [main] INFO  a.pages.AccountsPage - ⏳ Waiting for spinner to fully disappear...
2025-06-17 17:38:53 [main] INFO  a.pages.AccountsPage - ✅ Spinner disappeared.
2025-06-17 17:39:18 [main] INFO  a.pages.AccountsPage - ⏳ Waiting for spinner to fully disappear...
2025-06-17 17:39:28 [main] INFO  a.pages.AccountsPage - ✅ Spinner disappeared.
2025-06-17 17:39:29 [main] INFO  a.pages.AccountsPage - ⏳ Waiting for spinner to fully disappear...
2025-06-17 17:39:39 [main] INFO  a.pages.AccountsPage - ✅ Spinner disappeared.
2025-06-17 17:39:39 [main] INFO  a.pages.AccountsPage - ⏳ Waiting for spinner to fully disappear...
2025-06-17 17:39:49 [main] INFO  a.pages.AccountsPage - ✅ Spinner disappeared.
2025-06-17 17:39:49 [main] INFO  a.pages.AccountsPage - ⏳ Waiting for spinner to fully disappear...
2025-06-17 17:40:00 [main] INFO  a.pages.AccountsPage - ✅ Spinner disappeared.
2025-06-17 17:40:00 [main] INFO  a.pages.AccountsPage - ⏳ Waiting for spinner to fully disappear...
2025-06-17 17:40:10 [main] INFO  a.pages.AccountsPage - ✅ Spinner disappeared.
2025-06-17 17:40:10 [main] INFO  a.pages.AccountsPage - ⏳ Waiting for spinner to fully disappear...
2025-06-17 17:40:21 [main] INFO  a.pages.AccountsPage - ✅ Spinner disappeared.
2025-06-17 17:40:21 [main] INFO  a.pages.AccountsPage - ⏳ Waiting for spinner to fully disappear...
2025-06-17 17:40:36 [main] WARN  a.pages.AccountsPage - ⚠️ Spinner wait skipped or failed gracefully.
2025-06-17 17:40:36 [main] INFO  a.pages.AccountsPage - 🎉 Custom statement download for 6 months (XLS format) triggered successfully.
2025-06-17 17:40:36 [main] INFO  a.pages.AccountsPage - ▶️ Starting: Download Custom Statement for 12 in PDF format
2025-06-17 17:40:36 [main] INFO  a.pages.AccountsPage - 🔍 Checking if 'Detailed Statement' is visible.
2025-06-17 17:40:41 [main] WARN  a.pages.AccountsPage - ⚠️ 'Detailed Statement' not visible. Clicking Accounts Tab first.
2025-06-17 17:40:41 [main] INFO  a.pages.AccountsPage - Clicking Accounts Tab
2025-06-17 17:40:41 [main] INFO  a.pages.AccountsPage - ⏳ Waiting for spinner to fully disappear...
2025-06-17 17:40:52 [main] INFO  a.pages.AccountsPage - ✅ Spinner disappeared.
2025-06-17 17:40:52 [main] INFO  a.pages.AccountsPage - ⏳ Waiting for spinner to fully disappear...
2025-06-17 17:41:02 [main] INFO  a.pages.AccountsPage - ✅ Spinner disappeared.
2025-06-17 17:41:02 [main] INFO  a.pages.AccountsPage - ⏳ Waiting for spinner to fully disappear...
2025-06-17 17:41:12 [main] INFO  a.pages.AccountsPage - ✅ Spinner disappeared.
2025-06-17 17:41:32 [main] INFO  a.pages.AccountsPage - ✅ Accounts Tab Clicked
2025-06-17 17:41:32 [main] INFO  a.pages.AccountsPage - ✅ 'Detailed Statement' found after clicking Accounts Tab.
2025-06-17 17:41:32 [main] INFO  a.pages.AccountsPage - ⏳ Waiting for spinner to fully disappear...
2025-06-17 17:41:43 [main] INFO  a.pages.AccountsPage - ✅ Spinner disappeared.
2025-06-17 17:41:43 [main] INFO  a.pages.AccountsPage - ⏳ Waiting for spinner to fully disappear...
2025-06-17 17:42:00 [main] WARN  a.pages.AccountsPage - ⚠️ Spinner wait skipped or failed gracefully.
2025-06-17 17:42:20 [main] INFO  a.pages.AccountsPage - ⏳ Waiting for spinner to fully disappear...
2025-06-17 17:42:36 [main] WARN  a.pages.AccountsPage - ⚠️ Spinner wait skipped or failed gracefully.
2025-06-17 17:42:36 [main] INFO  a.pages.AccountsPage - 🔁 Attempt 1 to fetch custom statement data
2025-06-17 17:42:36 [main] INFO  a.pages.AccountsPage - ⏳ Waiting for spinner to fully disappear...
2025-06-17 17:42:51 [main] WARN  a.pages.AccountsPage - ⚠️ Spinner wait skipped or failed gracefully.
2025-06-17 17:42:52 [main] WARN  a.pages.AccountsPage - ⚠️ Click intercepted attempt 1/3: element click intercepted: Element <button _ngcontent-ng-c1879628175="" appblockdblclick="" class="account_button gap-2 px-1 py-2 flex justify-content-center w-4">...</button> is not clickable at point (1288, 338). Other element would receive the click: <div _ngcontent-ng-c587276320="" class="ngx-spinner-overlay ng-tns-c587276320-1 ng-trigger ng-trigger-fadeIn ng-star-inserted ng-animating" style="background-color: rgba(51, 51, 51, 0.8); z-index: 99999; position: fixed;">...</div>
  (Session info: chrome=137.0.7151.104)
Build info: version: '4.20.0', revision: '866c76ca80'
System info: os.name: 'Windows 11', os.arch: 'amd64', os.version: '10.0', java.version: '17.0.12'
Driver info: org.openqa.selenium.chrome.ChromeDriver
Command: [39e9c165687d5f69c2bcacd73e6a51fc, clickElement {id=f.140C829AD0F8F2DD79BF193D653E92D5.d.7FB8DCB20E82593EC72636ACDE1CF6BF.e.232}]
Capabilities {acceptInsecureCerts: false, browserName: chrome, browserVersion: 137.0.7151.104, chrome: {chromedriverVersion: 137.0.7151.70 (dfa4dc56b2ab..., userDataDir: C:\Users\rajum\AppData\Loca...}, fedcm:accounts: true, goog:chromeOptions: {debuggerAddress: localhost:57663}, networkConnectionEnabled: false, pageLoadStrategy: normal, platformName: windows, proxy: Proxy(), se:cdp: ws://localhost:57663/devtoo..., se:cdpVersion: 137.0.7151.104, setWindowRect: true, strictFileInteractability: false, timeouts: {implicit: 0, pageLoad: 300000, script: 30000}, unhandledPromptBehavior: dismiss and notify, webauthn:extension:credBlob: true, webauthn:extension:largeBlob: true, webauthn:extension:minPinLength: true, webauthn:extension:prf: true, webauthn:virtualAuthenticators: true}
Element: [[ChromeDriver: chrome on windows (39e9c165687d5f69c2bcacd73e6a51fc)] -> xpath: //button[contains(text(),'Custom')]]
Session ID: 39e9c165687d5f69c2bcacd73e6a51fc
2025-06-17 17:42:52 [main] INFO  a.pages.AccountsPage - ⏳ Waiting for spinner to fully disappear...
2025-06-17 17:43:01 [main] INFO  a.pages.AccountsPage - ✅ Spinner disappeared.
2025-06-17 17:43:02 [main] INFO  a.pages.AccountsPage - ⏳ Waiting for spinner to fully disappear...
2025-06-17 17:43:12 [main] INFO  a.pages.AccountsPage - ✅ Spinner disappeared.
2025-06-17 17:43:32 [main] INFO  a.pages.AccountsPage - ⏳ Waiting for spinner to fully disappear...
2025-06-17 17:43:42 [main] INFO  a.pages.AccountsPage - ✅ Spinner disappeared.
2025-06-17 17:43:43 [main] INFO  a.pages.AccountsPage - ⏳ Waiting for spinner to fully disappear...
2025-06-17 17:43:53 [main] INFO  a.pages.AccountsPage - ✅ Spinner disappeared.
2025-06-17 17:44:13 [main] INFO  a.pages.AccountsPage - ⏳ Waiting for spinner to fully disappear...
2025-06-17 17:44:24 [main] INFO  a.pages.AccountsPage - ✅ Spinner disappeared.
2025-06-17 17:44:24 [main] INFO  a.pages.AccountsPage - ⏳ Waiting for spinner to fully disappear...
2025-06-17 17:44:46 [main] WARN  a.pages.AccountsPage - ⚠️ Spinner wait skipped or failed gracefully.
2025-06-17 17:45:11 [main] INFO  a.pages.AccountsPage - ⏳ Waiting for spinner to fully disappear...
2025-06-17 17:45:17 [main] INFO  a.pages.AccountsPage - ✅ Spinner disappeared.
2025-06-17 17:45:42 [main] INFO  a.pages.AccountsPage - ⏳ Waiting for spinner to fully disappear...
2025-06-17 17:45:53 [main] INFO  a.pages.AccountsPage - ✅ Spinner disappeared.
2025-06-17 17:45:53 [main] INFO  a.pages.AccountsPage - ⏳ Waiting for spinner to fully disappear...
2025-06-17 17:46:03 [main] INFO  a.pages.AccountsPage - ✅ Spinner disappeared.
2025-06-17 17:46:03 [main] INFO  a.pages.AccountsPage - ⏳ Waiting for spinner to fully disappear...
2025-06-17 17:46:14 [main] INFO  a.pages.AccountsPage - ✅ Spinner disappeared.
2025-06-17 17:46:14 [main] INFO  a.pages.AccountsPage - ⏳ Waiting for spinner to fully disappear...
2025-06-17 17:46:24 [main] INFO  a.pages.AccountsPage - ✅ Spinner disappeared.
2025-06-17 17:46:25 [main] INFO  a.pages.AccountsPage - ⏳ Waiting for spinner to fully disappear...
2025-06-17 17:46:40 [main] WARN  a.pages.AccountsPage - ⚠️ Spinner wait skipped or failed gracefully.
2025-06-17 17:46:40 [main] INFO  a.pages.AccountsPage - 🎉 Custom statement download for 12 months (PDF format) triggered successfully.
2025-06-17 17:46:40 [main] INFO  a.pages.AccountsPage - ▶️ Starting: Download Custom Statement for 6 in PDF format
2025-06-17 17:46:40 [main] INFO  a.pages.AccountsPage - 🔍 Checking if 'Detailed Statement' is visible.
2025-06-17 17:46:45 [main] WARN  a.pages.AccountsPage - ⚠️ 'Detailed Statement' not visible. Clicking Accounts Tab first.
2025-06-17 17:46:45 [main] INFO  a.pages.AccountsPage - Clicking Accounts Tab
2025-06-17 17:46:45 [main] INFO  a.pages.AccountsPage - ⏳ Waiting for spinner to fully disappear...
2025-06-17 17:46:56 [main] INFO  a.pages.AccountsPage - ✅ Spinner disappeared.
2025-06-17 17:46:56 [main] INFO  a.pages.AccountsPage - ⏳ Waiting for spinner to fully disappear...
2025-06-17 17:47:14 [main] WARN  a.pages.AccountsPage - ⚠️ Spinner wait skipped or failed gracefully.
2025-06-17 17:47:14 [main] INFO  a.pages.AccountsPage - ⏳ Waiting for spinner to fully disappear...
2025-06-17 17:47:29 [main] WARN  a.pages.AccountsPage - ⚠️ Spinner wait skipped or failed gracefully.
2025-06-17 17:47:50 [main] INFO  a.pages.AccountsPage - ✅ Accounts Tab Clicked
2025-06-17 17:47:50 [main] INFO  a.pages.AccountsPage - ✅ 'Detailed Statement' found after clicking Accounts Tab.
2025-06-17 17:47:50 [main] INFO  a.pages.AccountsPage - ⏳ Waiting for spinner to fully disappear...
2025-06-17 17:48:09 [main] INFO  a.pages.AccountsPage - ✅ Spinner disappeared.
2025-06-17 17:48:09 [main] INFO  a.pages.AccountsPage - ⏳ Waiting for spinner to fully disappear...
2025-06-17 17:48:23 [main] INFO  a.pages.AccountsPage - ✅ Spinner disappeared.
2025-06-17 17:48:43 [main] INFO  a.pages.AccountsPage - ⏳ Waiting for spinner to fully disappear...
2025-06-17 17:48:53 [main] INFO  a.pages.AccountsPage - ✅ Spinner disappeared.
2025-06-17 17:48:53 [main] INFO  a.pages.AccountsPage - 🔁 Attempt 1 to fetch custom statement data
2025-06-17 17:48:53 [main] INFO  a.pages.AccountsPage - ⏳ Waiting for spinner to fully disappear...
2025-06-17 17:49:04 [main] INFO  a.pages.AccountsPage - ✅ Spinner disappeared.
2025-06-17 17:49:04 [main] INFO  a.pages.AccountsPage - ⏳ Waiting for spinner to fully disappear...
2025-06-17 17:49:14 [main] INFO  a.pages.AccountsPage - ✅ Spinner disappeared.
2025-06-17 17:49:35 [main] INFO  a.pages.AccountsPage - ⏳ Waiting for spinner to fully disappear...
2025-06-17 17:49:45 [main] INFO  a.pages.AccountsPage - ✅ Spinner disappeared.
2025-06-17 17:49:45 [main] INFO  a.pages.AccountsPage - ⏳ Waiting for spinner to fully disappear...
2025-06-17 17:49:55 [main] INFO  a.pages.AccountsPage - ✅ Spinner disappeared.
2025-06-17 17:50:16 [main] INFO  a.pages.AccountsPage - ⏳ Waiting for spinner to fully disappear...
2025-06-17 17:50:26 [main] INFO  a.pages.AccountsPage - ✅ Spinner disappeared.
2025-06-17 17:50:26 [main] INFO  a.pages.AccountsPage - ⏳ Waiting for spinner to fully disappear...
2025-06-17 17:50:27 [main] INFO  a.pages.AccountsPage - ✅ Spinner disappeared.
2025-06-17 17:50:52 [main] INFO  a.pages.AccountsPage - ⏳ Waiting for spinner to fully disappear...
2025-06-17 17:51:02 [main] INFO  a.pages.AccountsPage - ✅ Spinner disappeared.
2025-06-17 17:51:28 [main] INFO  a.pages.AccountsPage - ⏳ Waiting for spinner to fully disappear...
2025-06-17 17:51:38 [main] INFO  a.pages.AccountsPage - ✅ Spinner disappeared.
2025-06-17 17:51:38 [main] INFO  a.pages.AccountsPage - ⏳ Waiting for spinner to fully disappear...
2025-06-17 17:51:49 [main] INFO  a.pages.AccountsPage - ✅ Spinner disappeared.
2025-06-17 17:51:49 [main] INFO  a.pages.AccountsPage - ⏳ Waiting for spinner to fully disappear...
2025-06-17 17:51:59 [main] INFO  a.pages.AccountsPage - ✅ Spinner disappeared.
2025-06-17 17:51:59 [main] INFO  a.pages.AccountsPage - ⏳ Waiting for spinner to fully disappear...
2025-06-17 17:52:09 [main] INFO  a.pages.AccountsPage - ✅ Spinner disappeared.
2025-06-17 17:52:09 [main] INFO  a.pages.AccountsPage - ⏳ Waiting for spinner to fully disappear...
2025-06-17 17:52:25 [main] WARN  a.pages.AccountsPage - ⚠️ Spinner wait skipped or failed gracefully.
2025-06-17 17:52:25 [main] INFO  a.pages.AccountsPage - 🎉 Custom statement download for 6 months (PDF format) triggered successfully.
2025-06-17 17:52:25 [main] INFO  a.pages.AccountsPage - ▶️ Starting: Download Custom Statement for 12 in XLS format
2025-06-17 17:52:25 [main] INFO  a.pages.AccountsPage - 🔍 Checking if 'Detailed Statement' is visible.
2025-06-17 17:52:30 [main] WARN  a.pages.AccountsPage - ⚠️ 'Detailed Statement' not visible. Clicking Accounts Tab first.
2025-06-17 17:52:30 [main] INFO  a.pages.AccountsPage - Clicking Accounts Tab
2025-06-17 17:52:30 [main] INFO  a.pages.AccountsPage - ⏳ Waiting for spinner to fully disappear...
2025-06-17 17:52:40 [main] INFO  a.pages.AccountsPage - ✅ Spinner disappeared.
2025-06-17 17:52:40 [main] INFO  a.pages.AccountsPage - ⏳ Waiting for spinner to fully disappear...
2025-06-17 17:52:59 [main] WARN  a.pages.AccountsPage - ⚠️ Spinner wait skipped or failed gracefully.
2025-06-17 17:52:59 [main] INFO  a.pages.AccountsPage - ⏳ Waiting for spinner to fully disappear...
2025-06-17 17:53:15 [main] WARN  a.pages.AccountsPage - ⚠️ Spinner wait skipped or failed gracefully.
2025-06-17 17:53:35 [main] INFO  a.pages.AccountsPage - ✅ Accounts Tab Clicked
2025-06-17 17:53:35 [main] INFO  a.pages.AccountsPage - ✅ 'Detailed Statement' found after clicking Accounts Tab.
2025-06-17 17:53:35 [main] INFO  a.pages.AccountsPage - ⏳ Waiting for spinner to fully disappear...
2025-06-17 17:53:41 [main] INFO  a.pages.AccountsPage - ✅ Spinner disappeared.
2025-06-17 17:53:41 [main] INFO  a.pages.AccountsPage - ⏳ Waiting for spinner to fully disappear...
2025-06-17 17:53:59 [main] WARN  a.pages.AccountsPage - ⚠️ Spinner wait skipped or failed gracefully.
2025-06-17 17:54:20 [main] INFO  a.pages.AccountsPage - ⏳ Waiting for spinner to fully disappear...
2025-06-17 17:54:35 [main] WARN  a.pages.AccountsPage - ⚠️ Spinner wait skipped or failed gracefully.
2025-06-17 17:54:35 [main] INFO  a.pages.AccountsPage - 🔁 Attempt 1 to fetch custom statement data
2025-06-17 17:54:35 [main] INFO  a.pages.AccountsPage - ⏳ Waiting for spinner to fully disappear...
2025-06-17 17:54:50 [main] WARN  a.pages.AccountsPage - ⚠️ Spinner wait skipped or failed gracefully.
2025-06-17 17:54:51 [main] WARN  a.pages.AccountsPage - ⚠️ Click intercepted attempt 1/3: element click intercepted: Element <button _ngcontent-ng-c1879628175="" appblockdblclick="" class="account_button gap-2 px-1 py-2 flex justify-content-center w-4">...</button> is not clickable at point (1288, 338). Other element would receive the click: <div _ngcontent-ng-c587276320="" class="ngx-spinner-overlay ng-tns-c587276320-1 ng-trigger ng-trigger-fadeIn ng-star-inserted ng-animating" style="background-color: rgba(51, 51, 51, 0.8); z-index: 99999; position: fixed;">...</div>
  (Session info: chrome=137.0.7151.104)
Build info: version: '4.20.0', revision: '866c76ca80'
System info: os.name: 'Windows 11', os.arch: 'amd64', os.version: '10.0', java.version: '17.0.12'
Driver info: org.openqa.selenium.chrome.ChromeDriver
Command: [39e9c165687d5f69c2bcacd73e6a51fc, clickElement {id=f.140C829AD0F8F2DD79BF193D653E92D5.d.7FB8DCB20E82593EC72636ACDE1CF6BF.e.374}]
Capabilities {acceptInsecureCerts: false, browserName: chrome, browserVersion: 137.0.7151.104, chrome: {chromedriverVersion: 137.0.7151.70 (dfa4dc56b2ab..., userDataDir: C:\Users\rajum\AppData\Loca...}, fedcm:accounts: true, goog:chromeOptions: {debuggerAddress: localhost:57663}, networkConnectionEnabled: false, pageLoadStrategy: normal, platformName: windows, proxy: Proxy(), se:cdp: ws://localhost:57663/devtoo..., se:cdpVersion: 137.0.7151.104, setWindowRect: true, strictFileInteractability: false, timeouts: {implicit: 0, pageLoad: 300000, script: 30000}, unhandledPromptBehavior: dismiss and notify, webauthn:extension:credBlob: true, webauthn:extension:largeBlob: true, webauthn:extension:minPinLength: true, webauthn:extension:prf: true, webauthn:virtualAuthenticators: true}
Element: [[ChromeDriver: chrome on windows (39e9c165687d5f69c2bcacd73e6a51fc)] -> xpath: //button[contains(text(),'Custom')]]
Session ID: 39e9c165687d5f69c2bcacd73e6a51fc
2025-06-17 17:54:52 [main] INFO  a.pages.AccountsPage - ⏳ Waiting for spinner to fully disappear...
2025-06-17 17:55:07 [main] WARN  a.pages.AccountsPage - ⚠️ Spinner wait skipped or failed gracefully.
2025-06-17 17:55:08 [main] WARN  a.pages.AccountsPage - ⚠️ Click intercepted attempt 2/3: element click intercepted: Element <button _ngcontent-ng-c1879628175="" appblockdblclick="" class="account_button gap-2 px-1 py-2 flex justify-content-center w-4">...</button> is not clickable at point (1288, 338). Other element would receive the click: <div _ngcontent-ng-c587276320="" class="ngx-spinner-overlay ng-tns-c587276320-1 ng-trigger ng-trigger-fadeIn ng-star-inserted ng-animating" style="background-color: rgba(51, 51, 51, 0.8); z-index: 99999; position: fixed;">...</div>
  (Session info: chrome=137.0.7151.104)
Build info: version: '4.20.0', revision: '866c76ca80'
System info: os.name: 'Windows 11', os.arch: 'amd64', os.version: '10.0', java.version: '17.0.12'
Driver info: org.openqa.selenium.chrome.ChromeDriver
Command: [39e9c165687d5f69c2bcacd73e6a51fc, clickElement {id=f.140C829AD0F8F2DD79BF193D653E92D5.d.7FB8DCB20E82593EC72636ACDE1CF6BF.e.374}]
Capabilities {acceptInsecureCerts: false, browserName: chrome, browserVersion: 137.0.7151.104, chrome: {chromedriverVersion: 137.0.7151.70 (dfa4dc56b2ab..., userDataDir: C:\Users\rajum\AppData\Loca...}, fedcm:accounts: true, goog:chromeOptions: {debuggerAddress: localhost:57663}, networkConnectionEnabled: false, pageLoadStrategy: normal, platformName: windows, proxy: Proxy(), se:cdp: ws://localhost:57663/devtoo..., se:cdpVersion: 137.0.7151.104, setWindowRect: true, strictFileInteractability: false, timeouts: {implicit: 0, pageLoad: 300000, script: 30000}, unhandledPromptBehavior: dismiss and notify, webauthn:extension:credBlob: true, webauthn:extension:largeBlob: true, webauthn:extension:minPinLength: true, webauthn:extension:prf: true, webauthn:virtualAuthenticators: true}
Element: [[ChromeDriver: chrome on windows (39e9c165687d5f69c2bcacd73e6a51fc)] -> xpath: //button[contains(text(),'Custom')]]
Session ID: 39e9c165687d5f69c2bcacd73e6a51fc
2025-06-17 17:55:08 [main] INFO  a.pages.AccountsPage - ⏳ Waiting for spinner to fully disappear...
2025-06-17 17:55:25 [main] INFO  a.pages.AccountsPage - ✅ Spinner disappeared.
2025-06-17 17:55:25 [main] INFO  a.pages.AccountsPage - ⏳ Waiting for spinner to fully disappear...
2025-06-17 17:55:36 [main] INFO  a.pages.AccountsPage - ✅ Spinner disappeared.
2025-06-17 17:55:56 [main] INFO  a.pages.AccountsPage - ⏳ Waiting for spinner to fully disappear...
2025-06-17 17:56:06 [main] INFO  a.pages.AccountsPage - ✅ Spinner disappeared.
2025-06-17 17:56:06 [main] INFO  a.pages.AccountsPage - ⏳ Waiting for spinner to fully disappear...
2025-06-17 17:56:17 [main] INFO  a.pages.AccountsPage - ✅ Spinner disappeared.
2025-06-17 17:56:37 [main] INFO  a.pages.AccountsPage - ⏳ Waiting for spinner to fully disappear...
2025-06-17 17:56:47 [main] INFO  a.pages.AccountsPage - ✅ Spinner disappeared.
2025-06-17 17:56:48 [main] INFO  a.pages.AccountsPage - ⏳ Waiting for spinner to fully disappear...
2025-06-17 17:57:04 [main] INFO  a.pages.AccountsPage - ✅ Spinner disappeared.
2025-06-17 17:57:29 [main] INFO  a.pages.AccountsPage - ⏳ Waiting for spinner to fully disappear...
2025-06-17 17:57:39 [main] INFO  a.pages.AccountsPage - ✅ Spinner disappeared.
2025-06-17 17:58:04 [main] INFO  a.pages.AccountsPage - ⏳ Waiting for spinner to fully disappear...
2025-06-17 17:58:15 [main] INFO  a.pages.AccountsPage - ✅ Spinner disappeared.
2025-06-17 17:58:15 [main] INFO  a.pages.AccountsPage - ⏳ Waiting for spinner to fully disappear...
2025-06-17 17:58:25 [main] INFO  a.pages.AccountsPage - ✅ Spinner disappeared.
2025-06-17 17:58:25 [main] INFO  a.pages.AccountsPage - ⏳ Waiting for spinner to fully disappear...
2025-06-17 17:58:36 [main] INFO  a.pages.AccountsPage - ✅ Spinner disappeared.
2025-06-17 17:58:36 [main] INFO  a.pages.AccountsPage - ⏳ Waiting for spinner to fully disappear...
2025-06-17 17:58:46 [main] INFO  a.pages.AccountsPage - ✅ Spinner disappeared.
2025-06-17 17:58:46 [main] INFO  a.pages.AccountsPage - ⏳ Waiting for spinner to fully disappear...
2025-06-17 17:58:57 [main] INFO  a.pages.AccountsPage - ✅ Spinner disappeared.
2025-06-17 17:58:57 [main] INFO  a.pages.AccountsPage - ⏳ Waiting for spinner to fully disappear...
2025-06-17 17:59:07 [main] INFO  a.pages.AccountsPage - ✅ Spinner disappeared.
2025-06-17 17:59:07 [main] INFO  a.pages.AccountsPage - ⏳ Waiting for spinner to fully disappear...
2025-06-17 17:59:23 [main] WARN  a.pages.AccountsPage - ⚠️ Spinner wait skipped or failed gracefully.
2025-06-17 17:59:23 [main] INFO  a.pages.AccountsPage - 🎉 Custom statement download for 12 months (XLS format) triggered successfully.
2025-06-17 17:59:23 [main] INFO  automationFramework.utils.LoggerUtil - 🧹 Finalizing report...
2025-06-17 17:59:23 [main] INFO  automationFramework.utils.LoggerUtil - 📧 Sending report via email...
2025-06-17 17:59:31 [main] INFO  org.testng.internal.Utils - [TestNG] Time taken by org.testng.reporters.jq.Main@6a5ed5f9: 87 ms
2025-06-17 17:59:31 [main] INFO  org.testng.internal.Utils - [TestNG] Time taken by org.testng.reporters.FailedReporter@522941b2: 2 ms
2025-06-17 17:59:31 [main] INFO  org.testng.internal.Utils - [TestNG] Time taken by org.testng.reporters.XMLReporter@3e60b1b: 13 ms
2025-06-17 17:59:31 [main] INFO  org.testng.internal.Utils - [TestNG] Time taken by org.testng.reporters.EmailableReporter2@1f3c3291: 8 ms
2025-06-17 17:59:31 [main] INFO  org.testng.internal.Utils - [TestNG] Time taken by org.testng.reporters.JUnitReportReporter@47d7792e: 9 ms
2025-06-17 17:59:31 [main] INFO  org.testng.internal.Utils - [TestNG] Time taken by org.testng.internal.ExitCodeListener@4eb2a0c2: 0 ms
