2025-06-19 18:27:35 [main] INFO  org.testng.internal.Utils - [Utils] MethodGroupsHelper.collectMethodsByGroup() took 2 ms.
2025-06-19 18:27:35 [main] INFO  org.testng.internal.Utils - [Utils] MethodGroupsHelper.sortMethods() took 2 ms.
2025-06-19 18:27:35 [main] INFO  org.testng.internal.Utils - [Utils] MethodGroupsHelper.collectMethodsByGroup() took 0 ms.
2025-06-19 18:27:35 [main] INFO  org.testng.internal.Utils - [Utils] MethodGroupsHelper.sortMethods() took 0 ms.
2025-06-19 18:27:35 [main] INFO  org.testng.internal.Utils - [Utils] MethodGroupsHelper.collectMethodsByGroup() took 0 ms.
2025-06-19 18:27:35 [main] INFO  org.testng.internal.Utils - [Utils] MethodGroupsHelper.sortMethods() took 0 ms.
2025-06-19 18:27:35 [main] INFO  org.testng.internal.Utils - [Utils] MethodGroupsHelper.collectMethodsByGroup() took 0 ms.
2025-06-19 18:27:35 [main] INFO  org.testng.internal.Utils - [Utils] MethodGroupsHelper.sortMethods() took 0 ms.
2025-06-19 18:27:35 [main] INFO  org.testng.internal.Utils - [Utils] MethodGroupsHelper.collectMethodsByGroup() took 6 ms.
2025-06-19 18:27:35 [main] INFO  org.testng.internal.Utils - [Utils] MethodGroupsHelper.sortMethods() took 21 ms.
2025-06-19 18:27:35 [main] INFO  org.testng.internal.Utils - [Utils] MethodGroupsHelper.collectMethodsByGroup() took 1 ms.
2025-06-19 18:27:35 [main] INFO  org.testng.internal.Utils - [Utils] MethodGroupsHelper.sortMethods() took 1 ms.
2025-06-19 18:27:35 [main] INFO  org.testng.internal.Utils - [Utils] MethodGroupsHelper.collectMethodsByGroup() took 0 ms.
2025-06-19 18:27:35 [main] INFO  org.testng.internal.Utils - [Utils] MethodGroupsHelper.sortMethods() took 0 ms.
2025-06-19 18:27:35 [main] INFO  org.testng.internal.Utils - [Utils] MethodGroupsHelper.collectMethodsByGroup() took 0 ms.
2025-06-19 18:27:35 [main] INFO  org.testng.internal.Utils - [Utils] MethodGroupsHelper.sortMethods() took 0 ms.
2025-06-19 18:27:35 [main] INFO  org.testng.internal.Utils - [Utils] MethodGroupsHelper.collectMethodsByGroup() took 0 ms.
2025-06-19 18:27:35 [main] INFO  org.testng.internal.Utils - [Utils] MethodGroupsHelper.sortMethods() took 0 ms.
2025-06-19 18:27:35 [main] INFO  org.testng.internal.Utils - [Utils] MethodGroupsHelper.collectMethodsByGroup() took 0 ms.
2025-06-19 18:27:35 [main] INFO  org.testng.internal.Utils - [Utils] MethodGroupsHelper.sortMethods() took 1 ms.
2025-06-19 18:27:35 [main] INFO  org.testng.internal.Utils - [Utils] MethodGroupsHelper.collectMethodsByGroup() took 0 ms.
2025-06-19 18:27:35 [main] INFO  org.testng.internal.Utils - [Utils] MethodGroupsHelper.sortMethods() took 0 ms.
2025-06-19 18:27:35 [main] INFO  org.testng.internal.Utils - [Utils] MethodGroupsHelper.collectMethodsByGroup() took 0 ms.
2025-06-19 18:27:35 [main] INFO  org.testng.internal.Utils - [Utils] MethodGroupsHelper.sortMethods() took 1 ms.
2025-06-19 18:27:35 [main] INFO  org.testng.internal.Utils - [Utils] MethodGroupsHelper.collectMethodsByGroup() took 1 ms.
2025-06-19 18:27:35 [main] INFO  org.testng.internal.Utils - [Utils] MethodGroupsHelper.sortMethods() took 20 ms.
2025-06-19 18:27:35 [main] INFO  org.testng.internal.Utils - [Utils] MethodGroupsHelper.collectMethodsByGroup() took 0 ms.
2025-06-19 18:27:35 [main] INFO  org.testng.internal.Utils - [Utils] MethodGroupsHelper.sortMethods() took 0 ms.
2025-06-19 18:27:35 [main] INFO  org.testng.internal.Utils - [Utils] MethodGroupsHelper.collectMethodsByGroup() took 0 ms.
2025-06-19 18:27:35 [main] INFO  org.testng.internal.Utils - [Utils] MethodGroupsHelper.sortMethods() took 0 ms.
2025-06-19 18:27:35 [main] INFO  org.testng.internal.Utils - [TestNG] Running:
  C:\Users\rajum\AppData\Local\Temp\testng-eclipse--2089251489\testng-customsuite.xml

2025-06-19 18:27:35 [main] INFO  org.testng.internal.Utils - [Utils] DynamicGraphHelper.createDynamicGraph() took 12 ms.
2025-06-19 18:27:35 [main] INFO  automationFramework.utils.LoggerUtil - Initializing browser and report...
2025-06-19 18:27:37 [main] INFO  i.g.bonigarcia.wdm.WebDriverManager - Using chromedriver 137.0.7151.119 (resolved driver for Chrome 137)
2025-06-19 18:27:37 [main] INFO  i.g.bonigarcia.wdm.WebDriverManager - Exporting webdriver.chrome.driver as C:\Users\rajum\.cache\selenium\chromedriver\win64\137.0.7151.119\chromedriver.exe
2025-06-19 18:27:39 [main] INFO  automationFramework.utils.LoggerUtil - Setup complete.
2025-06-19 18:27:39 [main] INFO  automationFramework.pages.LoginPage - ✅ Captcha wait time loaded: 10 seconds
2025-06-19 18:27:44 [main] INFO  automationFramework.pages.LoginPage - 🟦 Navigated to URL: https://uatnet.svcbank.com/ReachSVCInet/SVC-web/inet/netbanking
2025-06-19 18:27:44 [main] INFO  automationFramework.pages.LoginPage - ✅ Entered username: TEST001
2025-06-19 18:27:44 [main] INFO  automationFramework.pages.LoginPage - ⏳ Waiting for manual captcha input (10 seconds)
2025-06-19 18:27:55 [main] INFO  automationFramework.pages.LoginPage - ✅ Clicked first Login button
2025-06-19 18:27:57 [main] INFO  automationFramework.pages.LoginPage - ✅ Entered password
2025-06-19 18:27:57 [main] INFO  automationFramework.pages.LoginPage - ✅ Clicked final Login button
2025-06-19 18:28:00 [main] INFO  automationFramework.pages.LoginPage - 🎉 Login successful for user: TEST001
2025-06-19 18:28:00 [main] INFO  a.pages.PaymentHistoryPage - 🟦 [STEP] Clicking on the Payment tab.
2025-06-19 18:28:00 [main] INFO  a.pages.PaymentHistoryPage - ⏳ Waiting for spinner to fully disappear...
2025-06-19 18:28:05 [main] INFO  a.pages.PaymentHistoryPage - ✅ Spinner disappeared.
2025-06-19 18:28:05 [main] INFO  a.pages.PaymentHistoryPage - ✅ [SUCCESS] Payment tab clicked.
2025-06-19 18:28:05 [main] INFO  a.pages.PaymentHistoryPage - ⏳ Waiting for spinner to fully disappear...
2025-06-19 18:28:06 [main] INFO  a.pages.PaymentHistoryPage - ✅ Spinner disappeared.
2025-06-19 18:28:06 [main] INFO  a.pages.PaymentHistoryPage - 🧪=== Starting Positive Test Cases for NEFT transaction for Payment to Payee ===
2025-06-19 18:28:06 [main] INFO  a.pages.PaymentHistoryPage - 🚀 [START] Initiating payment to payee: DXFCHGV
2025-06-19 18:28:06 [main] INFO  a.pages.PaymentHistoryPage - ⏳ Waiting for spinner to fully disappear...
2025-06-19 18:28:06 [main] INFO  a.pages.PaymentHistoryPage - ✅ Spinner disappeared.
2025-06-19 18:28:07 [main] INFO  a.pages.PaymentHistoryPage - ✅ [SUCCESS] Payee selected: DXFCHGV
2025-06-19 18:28:07 [main] INFO  a.pages.PaymentHistoryPage - ✅ [SUCCESS] Entered amount: ₹1
2025-06-19 18:28:07 [main] INFO  a.pages.PaymentHistoryPage - ✅ Amount '1' entered successfully.
2025-06-19 18:28:07 [main] INFO  a.pages.PaymentHistoryPage - ⏳ Waiting for spinner to fully disappear...
2025-06-19 18:28:09 [main] INFO  a.pages.PaymentHistoryPage - ✅ Spinner disappeared.
2025-06-19 18:28:09 [main] INFO  a.pages.PaymentHistoryPage - ✅ Spinner disappeared after entering amount.
2025-06-19 18:28:09 [main] INFO  a.pages.PaymentHistoryPage - ✅ No critical service errors detected.
2025-06-19 18:28:09 [main] INFO  a.pages.PaymentHistoryPage - 🟦 [STEP] Selecting NEFT option
2025-06-19 18:28:09 [main] INFO  a.pages.PaymentHistoryPage - Attempting to click NEFT option (Attempt 1)
2025-06-19 18:28:10 [main] INFO  a.pages.PaymentHistoryPage - 🔄 NEFT clicked via Actions.
2025-06-19 18:28:10 [main] INFO  a.pages.PaymentHistoryPage - ✅ NEFT option selected successfully.
2025-06-19 18:28:10 [main] INFO  a.pages.PaymentHistoryPage - ✅ NEFT option selected.
2025-06-19 18:28:10 [main] INFO  a.pages.PaymentHistoryPage - ✅ [SUCCESS] Entered remarks: test value
2025-06-19 18:28:10 [main] INFO  a.pages.PaymentHistoryPage - ✅ Remarks entered.
2025-06-19 18:28:10 [main] INFO  a.pages.PaymentHistoryPage - ⏳ Waiting for spinner to fully disappear...
2025-06-19 18:28:11 [main] INFO  a.pages.PaymentHistoryPage - ✅ Spinner disappeared.
2025-06-19 18:28:11 [main] INFO  a.pages.PaymentHistoryPage - ✅ [SUCCESS] Clicked Proceed after remarks.
2025-06-19 18:28:11 [main] INFO  a.pages.PaymentHistoryPage - ✅ Clicked on Proceed button after entering remarks.
2025-06-19 18:28:11 [main] INFO  a.pages.PaymentHistoryPage - ⏳ Waiting for spinner to fully disappear...
2025-06-19 18:28:11 [main] INFO  a.pages.PaymentHistoryPage - ✅ Spinner disappeared.
2025-06-19 18:28:11 [main] INFO  a.pages.PaymentHistoryPage - ✅ [SUCCESS] Confirm button clicked.
2025-06-19 18:28:11 [main] INFO  a.pages.PaymentHistoryPage - ✅ Confirm button clicked.
2025-06-19 18:28:12 [main] INFO  a.pages.PaymentHistoryPage - ✅ [SUCCESS] OTP entered.
2025-06-19 18:28:12 [main] INFO  a.pages.PaymentHistoryPage - ✅ OTP entered.
2025-06-19 18:28:12 [main] INFO  a.pages.PaymentHistoryPage - Waiting for any overlay/spinner to disappear.
2025-06-19 18:28:12 [main] INFO  a.pages.PaymentHistoryPage - ✅ [SUCCESS] Final Proceed clicked after OTP.
2025-06-19 18:28:12 [main] INFO  a.pages.PaymentHistoryPage - ✅ Final Proceed button clicked.
2025-06-19 18:28:28 [main] WARN  a.pages.PaymentHistoryPage - ⚠️ [WARN] Close button not found or failed to click: Expected condition failed: waiting for element to be clickable: By.xpath: (//img[@alt='close' and contains(@src,'ic_closeCircle')])[last()] (tried for 15 second(s) with 500 milliseconds interval)
Build info: version: '4.20.0', revision: '866c76ca80'
System info: os.name: 'Windows 11', os.arch: 'amd64', os.version: '10.0', java.version: '17.0.12'
Driver info: org.openqa.selenium.chrome.ChromeDriver
Capabilities {acceptInsecureCerts: false, browserName: chrome, browserVersion: 137.0.7151.104, chrome: {chromedriverVersion: 137.0.7151.119 (e0ac9d12dff..., userDataDir: C:\Users\rajum\AppData\Loca...}, fedcm:accounts: true, goog:chromeOptions: {debuggerAddress: localhost:53058}, networkConnectionEnabled: false, pageLoadStrategy: normal, platformName: windows, proxy: Proxy(), se:cdp: ws://localhost:53058/devtoo..., se:cdpVersion: 137.0.7151.104, setWindowRect: true, strictFileInteractability: false, timeouts: {implicit: 0, pageLoad: 300000, script: 30000}, unhandledPromptBehavior: dismiss and notify, webauthn:extension:credBlob: true, webauthn:extension:largeBlob: true, webauthn:extension:minPinLength: true, webauthn:extension:prf: true, webauthn:virtualAuthenticators: true}
Session ID: 7a6d27ad25496390c065278b1db034d1
2025-06-19 18:28:28 [main] INFO  a.pages.PaymentHistoryPage - ✅ Close button clicked after transaction.
2025-06-19 18:28:28 [main] INFO  a.pages.PaymentHistoryPage - 🎉 [DONE] ✅ Positive test case for Payment to payee 'DXFCHGV' successfully executed.
2025-06-19 18:28:28 [main] INFO  a.pages.PaymentHistoryPage - 🟦 [STEP] Clicking on the Payment tab.
2025-06-19 18:28:28 [main] INFO  a.pages.PaymentHistoryPage - ⏳ Waiting for spinner to fully disappear...
2025-06-19 18:28:28 [main] INFO  a.pages.PaymentHistoryPage - ✅ Spinner disappeared.
2025-06-19 18:28:28 [main] INFO  a.pages.PaymentHistoryPage - ✅ [SUCCESS] Payment tab clicked.
2025-06-19 18:28:28 [main] INFO  a.pages.PaymentHistoryPage - ⏳ Waiting for spinner to fully disappear...
2025-06-19 18:28:28 [main] INFO  a.pages.PaymentHistoryPage - ✅ Spinner disappeared.
2025-06-19 18:28:28 [main] INFO  a.pages.PaymentHistoryPage - 🧪=== Starting Negative Test Cases for NETF transaction for Payment to payee ===
2025-06-19 18:28:28 [main] INFO  a.pages.PaymentHistoryPage - 🔹 Step : Selecting payee: DXFCHGV
2025-06-19 18:28:28 [main] INFO  a.pages.PaymentHistoryPage - ⏳ Waiting for spinner to fully disappear...
2025-06-19 18:28:29 [main] INFO  a.pages.PaymentHistoryPage - ✅ Spinner disappeared.
2025-06-19 18:28:31 [main] INFO  a.pages.PaymentHistoryPage - ✅ Payee selected successfully.
2025-06-19 18:28:31 [main] INFO  a.pages.PaymentHistoryPage - 
🔸 Test Case 1: Blank Amount
2025-06-19 18:28:31 [main] INFO  a.pages.PaymentHistoryPage - ⏳ Waiting for spinner to fully disappear...
2025-06-19 18:28:33 [main] INFO  a.pages.PaymentHistoryPage - ✅ Spinner disappeared.
2025-06-19 18:28:34 [main] INFO  a.pages.PaymentHistoryPage - [SUCCESS] ✅ Correct error displayed: 'Amount is required'
2025-06-19 18:28:34 [main] INFO  a.pages.PaymentHistoryPage - 
🔸 Test Case 2: Special Characters (@#$%)
2025-06-19 18:28:34 [main] INFO  a.pages.PaymentHistoryPage - [SUCCESS] ✅ Special characters were blocked as expected.
2025-06-19 18:28:34 [main] INFO  a.pages.PaymentHistoryPage - 
🔸 Test Case 3: Alphanumeric Characters (123abc)
2025-06-19 18:28:34 [main] INFO  a.pages.PaymentHistoryPage - [SUCCESS] ✅ Field blocked alphanumeric input completely.
2025-06-19 18:28:34 [main] INFO  a.pages.PaymentHistoryPage - 
🔸 Test Case 4: Zero Amount (0)
2025-06-19 18:28:34 [main] INFO  a.pages.PaymentHistoryPage - ⏳ Waiting for spinner to fully disappear...
2025-06-19 18:28:34 [main] INFO  a.pages.PaymentHistoryPage - ✅ Spinner disappeared.
2025-06-19 18:28:35 [main] INFO  a.pages.PaymentHistoryPage - [SUCCESS] ✅ Correct validation message shown: 'Minimum amount is 1.00'
2025-06-19 18:28:35 [main] INFO  a.pages.PaymentHistoryPage - 
🔸 Test Case 5: Amount Greater Than Account Balance
2025-06-19 18:28:35 [main] INFO  a.pages.PaymentHistoryPage - Fetched account balance: ₹2791791
2025-06-19 18:28:36 [main] INFO  a.pages.PaymentHistoryPage - ✅ Over-limit amount typed: '2792291'
2025-06-19 18:28:37 [main] INFO  a.pages.PaymentHistoryPage - ✅ 'Insufficient balance' popup displayed.
2025-06-19 18:28:37 [main] INFO  a.pages.PaymentHistoryPage - ✅ Clicked OK.
2025-06-19 18:28:37 [main] INFO  a.pages.PaymentHistoryPage - 
🔸 Test Case 6: Leave Remarks Field Blank and Proceed
2025-06-19 18:28:37 [main] INFO  a.pages.PaymentHistoryPage - ✅ Remarks field cleared.
2025-06-19 18:28:37 [main] INFO  a.pages.PaymentHistoryPage - ⏳ Waiting for spinner to fully disappear...
2025-06-19 18:28:37 [main] INFO  a.pages.PaymentHistoryPage - ✅ Spinner disappeared.
2025-06-19 18:28:37 [main] INFO  a.pages.PaymentHistoryPage - 🟦 [STEP] Selecting NEFT option
2025-06-19 18:28:37 [main] INFO  a.pages.PaymentHistoryPage - Attempting to click NEFT option (Attempt 1)
2025-06-19 18:28:38 [main] INFO  a.pages.PaymentHistoryPage - 🔄 NEFT clicked via Actions.
2025-06-19 18:28:39 [main] WARN  a.pages.PaymentHistoryPage - ⚠️ NEFT not selected yet. Retrying...
2025-06-19 18:28:39 [main] INFO  a.pages.PaymentHistoryPage - Attempting to click NEFT option (Attempt 2)
2025-06-19 18:28:39 [main] INFO  a.pages.PaymentHistoryPage - 🔄 NEFT clicked via Actions.
2025-06-19 18:28:40 [main] WARN  a.pages.PaymentHistoryPage - ⚠️ NEFT not selected yet. Retrying...
2025-06-19 18:28:40 [main] INFO  a.pages.PaymentHistoryPage - Attempting to click NEFT option (Attempt 3)
2025-06-19 18:28:41 [main] INFO  a.pages.PaymentHistoryPage - 🔄 NEFT clicked via Actions.
2025-06-19 18:28:41 [main] INFO  a.pages.PaymentHistoryPage - ✅ NEFT option selected successfully.
2025-06-19 18:28:41 [main] INFO  a.pages.PaymentHistoryPage - ⏳ Waiting for spinner to fully disappear...
2025-06-19 18:28:42 [main] INFO  a.pages.PaymentHistoryPage - ✅ Spinner disappeared.
2025-06-19 18:28:42 [main] INFO  a.pages.PaymentHistoryPage - ⏳ Waiting for spinner to fully disappear...
2025-06-19 18:28:42 [main] INFO  a.pages.PaymentHistoryPage - ✅ Spinner disappeared.
2025-06-19 18:28:44 [main] INFO  a.pages.PaymentHistoryPage - ✅ [SUCCESS] OTP entered.
2025-06-19 18:28:44 [main] INFO  a.pages.PaymentHistoryPage - Waiting for any overlay/spinner to disappear.
2025-06-19 18:28:44 [main] INFO  a.pages.PaymentHistoryPage - ✅ Final Proceed clicked.
2025-06-19 18:28:46 [main] INFO  a.pages.PaymentHistoryPage - [SUCCESS] ✅ Transaction succeeded.
2025-06-19 18:29:01 [main] WARN  a.pages.PaymentHistoryPage - ⚠️ [WARN] Close button not found or failed to click: Expected condition failed: waiting for element to be clickable: By.xpath: (//img[@alt='close' and contains(@src,'ic_closeCircle')])[last()] (tried for 15 second(s) with 500 milliseconds interval)
Build info: version: '4.20.0', revision: '866c76ca80'
System info: os.name: 'Windows 11', os.arch: 'amd64', os.version: '10.0', java.version: '17.0.12'
Driver info: org.openqa.selenium.chrome.ChromeDriver
Capabilities {acceptInsecureCerts: false, browserName: chrome, browserVersion: 137.0.7151.104, chrome: {chromedriverVersion: 137.0.7151.119 (e0ac9d12dff..., userDataDir: C:\Users\rajum\AppData\Loca...}, fedcm:accounts: true, goog:chromeOptions: {debuggerAddress: localhost:53058}, networkConnectionEnabled: false, pageLoadStrategy: normal, platformName: windows, proxy: Proxy(), se:cdp: ws://localhost:53058/devtoo..., se:cdpVersion: 137.0.7151.104, setWindowRect: true, strictFileInteractability: false, timeouts: {implicit: 0, pageLoad: 300000, script: 30000}, unhandledPromptBehavior: dismiss and notify, webauthn:extension:credBlob: true, webauthn:extension:largeBlob: true, webauthn:extension:minPinLength: true, webauthn:extension:prf: true, webauthn:virtualAuthenticators: true}
Session ID: 7a6d27ad25496390c065278b1db034d1
2025-06-19 18:29:01 [main] INFO  a.pages.PaymentHistoryPage - 
🔸 Test Case 7: Invalid OTP
2025-06-19 18:29:01 [main] INFO  a.pages.PaymentHistoryPage - ⏳ Waiting for spinner to fully disappear...
2025-06-19 18:29:01 [main] INFO  a.pages.PaymentHistoryPage - ✅ Spinner disappeared.
2025-06-19 18:29:16 [main] WARN  a.pages.PaymentHistoryPage - ⚠️ Click failed attempt 1/3: Expected condition failed: waiting for element to be clickable: By.xpath: //span[text()='DXFCHGV' and contains(@class, 'font-semibold')] (tried for 15 second(s) with 500 milliseconds interval)
Build info: version: '4.20.0', revision: '866c76ca80'
System info: os.name: 'Windows 11', os.arch: 'amd64', os.version: '10.0', java.version: '17.0.12'
Driver info: org.openqa.selenium.chrome.ChromeDriver
Capabilities {acceptInsecureCerts: false, browserName: chrome, browserVersion: 137.0.7151.104, chrome: {chromedriverVersion: 137.0.7151.119 (e0ac9d12dff..., userDataDir: C:\Users\rajum\AppData\Loca...}, fedcm:accounts: true, goog:chromeOptions: {debuggerAddress: localhost:53058}, networkConnectionEnabled: false, pageLoadStrategy: normal, platformName: windows, proxy: Proxy(), se:cdp: ws://localhost:53058/devtoo..., se:cdpVersion: 137.0.7151.104, setWindowRect: true, strictFileInteractability: false, timeouts: {implicit: 0, pageLoad: 300000, script: 30000}, unhandledPromptBehavior: dismiss and notify, webauthn:extension:credBlob: true, webauthn:extension:largeBlob: true, webauthn:extension:minPinLength: true, webauthn:extension:prf: true, webauthn:virtualAuthenticators: true}
Session ID: 7a6d27ad25496390c065278b1db034d1
2025-06-19 18:29:17 [main] INFO  a.pages.PaymentHistoryPage - ⏳ Waiting for spinner to fully disappear...
2025-06-19 18:29:17 [main] INFO  a.pages.PaymentHistoryPage - ✅ Spinner disappeared.
2025-06-19 18:29:33 [main] WARN  a.pages.PaymentHistoryPage - ⚠️ Click failed attempt 2/3: Expected condition failed: waiting for element to be clickable: By.xpath: //span[text()='DXFCHGV' and contains(@class, 'font-semibold')] (tried for 15 second(s) with 500 milliseconds interval)
Build info: version: '4.20.0', revision: '866c76ca80'
System info: os.name: 'Windows 11', os.arch: 'amd64', os.version: '10.0', java.version: '17.0.12'
Driver info: org.openqa.selenium.chrome.ChromeDriver
Capabilities {acceptInsecureCerts: false, browserName: chrome, browserVersion: 137.0.7151.104, chrome: {chromedriverVersion: 137.0.7151.119 (e0ac9d12dff..., userDataDir: C:\Users\rajum\AppData\Loca...}, fedcm:accounts: true, goog:chromeOptions: {debuggerAddress: localhost:53058}, networkConnectionEnabled: false, pageLoadStrategy: normal, platformName: windows, proxy: Proxy(), se:cdp: ws://localhost:53058/devtoo..., se:cdpVersion: 137.0.7151.104, setWindowRect: true, strictFileInteractability: false, timeouts: {implicit: 0, pageLoad: 300000, script: 30000}, unhandledPromptBehavior: dismiss and notify, webauthn:extension:credBlob: true, webauthn:extension:largeBlob: true, webauthn:extension:minPinLength: true, webauthn:extension:prf: true, webauthn:virtualAuthenticators: true}
Session ID: 7a6d27ad25496390c065278b1db034d1
2025-06-19 18:29:33 [main] INFO  a.pages.PaymentHistoryPage - ⏳ Waiting for spinner to fully disappear...
2025-06-19 18:29:33 [main] INFO  a.pages.PaymentHistoryPage - ✅ Spinner disappeared.
2025-06-19 18:29:49 [main] WARN  a.pages.PaymentHistoryPage - ⚠️ Click failed attempt 3/3: Expected condition failed: waiting for element to be clickable: By.xpath: //span[text()='DXFCHGV' and contains(@class, 'font-semibold')] (tried for 15 second(s) with 500 milliseconds interval)
Build info: version: '4.20.0', revision: '866c76ca80'
System info: os.name: 'Windows 11', os.arch: 'amd64', os.version: '10.0', java.version: '17.0.12'
Driver info: org.openqa.selenium.chrome.ChromeDriver
Capabilities {acceptInsecureCerts: false, browserName: chrome, browserVersion: 137.0.7151.104, chrome: {chromedriverVersion: 137.0.7151.119 (e0ac9d12dff..., userDataDir: C:\Users\rajum\AppData\Loca...}, fedcm:accounts: true, goog:chromeOptions: {debuggerAddress: localhost:53058}, networkConnectionEnabled: false, pageLoadStrategy: normal, platformName: windows, proxy: Proxy(), se:cdp: ws://localhost:53058/devtoo..., se:cdpVersion: 137.0.7151.104, setWindowRect: true, strictFileInteractability: false, timeouts: {implicit: 0, pageLoad: 300000, script: 30000}, unhandledPromptBehavior: dismiss and notify, webauthn:extension:credBlob: true, webauthn:extension:largeBlob: true, webauthn:extension:minPinLength: true, webauthn:extension:prf: true, webauthn:virtualAuthenticators: true}
Session ID: 7a6d27ad25496390c065278b1db034d1
2025-06-19 18:29:49 [main] ERROR a.pages.PaymentHistoryPage - ❌ Error in Invalid OTP Test: ❌ Click failed after 3 attempts: By.xpath: //span[text()='DXFCHGV' and contains(@class, 'font-semibold')]
2025-06-19 18:29:49 [main] INFO  a.pages.PaymentHistoryPage - 
✅ All negative test cases executed.
2025-06-19 18:29:49 [main] INFO  automationFramework.utils.LoggerUtil - Flushing extent report...
2025-06-19 18:29:50 [main] INFO  automationFramework.utils.LoggerUtil - 📧 Sending report via email...
2025-06-19 18:29:57 [main] INFO  org.testng.internal.Utils - [TestNG] Time taken by org.testng.reporters.jq.Main@5d92e8e2: 72 ms
2025-06-19 18:29:57 [main] INFO  org.testng.internal.Utils - [TestNG] Time taken by org.testng.reporters.FailedReporter@7dd45c93: 1 ms
2025-06-19 18:29:57 [main] INFO  org.testng.internal.Utils - [TestNG] Time taken by org.testng.reporters.XMLReporter@3ad847f8: 11 ms
2025-06-19 18:29:57 [main] INFO  org.testng.internal.Utils - [TestNG] Time taken by org.testng.reporters.EmailableReporter2@57416e49: 10 ms
2025-06-19 18:29:57 [main] INFO  org.testng.internal.Utils - [TestNG] Time taken by org.testng.reporters.JUnitReportReporter@3a88f6fb: 8 ms
2025-06-19 18:29:57 [main] INFO  org.testng.internal.Utils - [TestNG] Time taken by org.testng.internal.ExitCodeListener@7b451bf4: 0 ms
