2025-06-17 22:44:49 [main] INFO  org.testng.internal.Utils - [Utils] MethodGroupsHelper.collectMethodsByGroup() took 1 ms.
2025-06-17 22:44:49 [main] INFO  org.testng.internal.Utils - [Utils] MethodGroupsHelper.sortMethods() took 2 ms.
2025-06-17 22:44:49 [main] INFO  org.testng.internal.Utils - [Utils] MethodGroupsHelper.collectMethodsByGroup() took 0 ms.
2025-06-17 22:44:49 [main] INFO  org.testng.internal.Utils - [Utils] MethodGroupsHelper.sortMethods() took 0 ms.
2025-06-17 22:44:49 [main] INFO  org.testng.internal.Utils - [Utils] MethodGroupsHelper.collectMethodsByGroup() took 0 ms.
2025-06-17 22:44:49 [main] INFO  org.testng.internal.Utils - [Utils] MethodGroupsHelper.sortMethods() took 0 ms.
2025-06-17 22:44:49 [main] INFO  org.testng.internal.Utils - [Utils] MethodGroupsHelper.collectMethodsByGroup() took 0 ms.
2025-06-17 22:44:49 [main] INFO  org.testng.internal.Utils - [Utils] MethodGroupsHelper.sortMethods() took 0 ms.
2025-06-17 22:44:49 [main] INFO  org.testng.internal.Utils - [Utils] MethodGroupsHelper.collectMethodsByGroup() took 5 ms.
2025-06-17 22:44:49 [main] INFO  org.testng.internal.Utils - [Utils] MethodGroupsHelper.sortMethods() took 17 ms.
2025-06-17 22:44:49 [main] INFO  org.testng.internal.Utils - [Utils] MethodGroupsHelper.collectMethodsByGroup() took 0 ms.
2025-06-17 22:44:49 [main] INFO  org.testng.internal.Utils - [Utils] MethodGroupsHelper.sortMethods() took 0 ms.
2025-06-17 22:44:49 [main] INFO  org.testng.internal.Utils - [Utils] MethodGroupsHelper.collectMethodsByGroup() took 0 ms.
2025-06-17 22:44:49 [main] INFO  org.testng.internal.Utils - [Utils] MethodGroupsHelper.sortMethods() took 0 ms.
2025-06-17 22:44:49 [main] INFO  org.testng.internal.Utils - [Utils] MethodGroupsHelper.collectMethodsByGroup() took 0 ms.
2025-06-17 22:44:49 [main] INFO  org.testng.internal.Utils - [Utils] MethodGroupsHelper.sortMethods() took 0 ms.
2025-06-17 22:44:49 [main] INFO  org.testng.internal.Utils - [Utils] MethodGroupsHelper.collectMethodsByGroup() took 0 ms.
2025-06-17 22:44:49 [main] INFO  org.testng.internal.Utils - [Utils] MethodGroupsHelper.sortMethods() took 0 ms.
2025-06-17 22:44:49 [main] INFO  org.testng.internal.Utils - [Utils] MethodGroupsHelper.collectMethodsByGroup() took 0 ms.
2025-06-17 22:44:49 [main] INFO  org.testng.internal.Utils - [Utils] MethodGroupsHelper.sortMethods() took 0 ms.
2025-06-17 22:44:50 [main] INFO  org.testng.internal.Utils - [Utils] MethodGroupsHelper.collectMethodsByGroup() took 0 ms.
2025-06-17 22:44:50 [main] INFO  org.testng.internal.Utils - [Utils] MethodGroupsHelper.sortMethods() took 0 ms.
2025-06-17 22:44:50 [main] INFO  org.testng.internal.Utils - [Utils] MethodGroupsHelper.collectMethodsByGroup() took 0 ms.
2025-06-17 22:44:50 [main] INFO  org.testng.internal.Utils - [Utils] MethodGroupsHelper.sortMethods() took 1 ms.
2025-06-17 22:44:50 [main] INFO  org.testng.internal.Utils - [Utils] MethodGroupsHelper.collectMethodsByGroup() took 1 ms.
2025-06-17 22:44:50 [main] INFO  org.testng.internal.Utils - [Utils] MethodGroupsHelper.sortMethods() took 12 ms.
2025-06-17 22:44:50 [main] INFO  org.testng.internal.Utils - [Utils] MethodGroupsHelper.collectMethodsByGroup() took 0 ms.
2025-06-17 22:44:50 [main] INFO  org.testng.internal.Utils - [Utils] MethodGroupsHelper.sortMethods() took 0 ms.
2025-06-17 22:44:50 [main] INFO  org.testng.internal.Utils - [Utils] MethodGroupsHelper.collectMethodsByGroup() took 0 ms.
2025-06-17 22:44:50 [main] INFO  org.testng.internal.Utils - [Utils] MethodGroupsHelper.sortMethods() took 0 ms.
2025-06-17 22:44:50 [main] INFO  org.testng.internal.Utils - [TestNG] Running:
  C:\Users\rajum\AppData\Local\Temp\testng-eclipse-1154419871\testng-customsuite.xml

2025-06-17 22:44:50 [main] INFO  org.testng.internal.Utils - [Utils] DynamicGraphHelper.createDynamicGraph() took 9 ms.
2025-06-17 22:44:50 [main] INFO  automationFramework.utils.LoggerUtil - 🔧 Starting browser and loading properties...
2025-06-17 22:44:52 [main] INFO  i.g.bonigarcia.wdm.WebDriverManager - Using chromedriver 137.0.7151.70 (resolved driver for Chrome 137)
2025-06-17 22:44:52 [main] INFO  i.g.bonigarcia.wdm.WebDriverManager - Exporting webdriver.chrome.driver as C:\Users\rajum\.cache\selenium\chromedriver\win64\137.0.7151.70\chromedriver.exe
2025-06-17 22:44:55 [main] INFO  automationFramework.pages.LoginPage - ✅ Captcha wait time loaded: 10 seconds
2025-06-17 22:45:07 [main] INFO  automationFramework.pages.LoginPage - 🟦 Navigated to URL: https://uatnet.svcbank.com/ReachSVCInet/SVC-web/inet/netbanking
2025-06-17 22:45:07 [main] INFO  automationFramework.pages.LoginPage - ✅ Entered username: TEST001
2025-06-17 22:45:07 [main] INFO  automationFramework.pages.LoginPage - ⏳ Waiting for manual captcha input (10 seconds)
2025-06-17 22:45:17 [main] INFO  automationFramework.pages.LoginPage - ✅ Clicked first Login button
2025-06-17 22:45:19 [main] INFO  automationFramework.pages.LoginPage - ✅ Entered password
2025-06-17 22:45:19 [main] INFO  automationFramework.pages.LoginPage - ✅ Clicked final Login button
2025-06-17 22:45:23 [main] INFO  automationFramework.pages.LoginPage - 🎉 Login successful for user: TEST001
2025-06-17 22:45:23 [main] INFO  automationFramework.utils.LoggerUtil - ✅ Setup complete.
2025-06-17 22:45:23 [main] INFO  a.pages.AccountsPage - Clicking 'Accounts' tab.
2025-06-17 22:45:23 [main] INFO  a.pages.AccountsPage - ⏳ Waiting for spinner to fully disappear...
2025-06-17 22:45:38 [main] INFO  a.pages.AccountsPage - ✅ Spinner disappeared.
2025-06-17 22:45:38 [main] INFO  a.pages.AccountsPage - ⏳ Waiting for spinner to fully disappear...
2025-06-17 22:45:53 [main] INFO  a.pages.AccountsPage - ✅ Spinner disappeared.
2025-06-17 22:45:53 [main] INFO  a.pages.AccountsPage - Waiting for page to load and checking for service errors...
2025-06-17 22:45:53 [main] INFO  a.pages.AccountsPage - ⏳ Waiting for spinner to fully disappear...
2025-06-17 22:46:03 [main] INFO  a.pages.AccountsPage - ✅ Spinner disappeared.
2025-06-17 22:46:29 [main] INFO  a.pages.AccountsPage - ✅ Page is ready.
2025-06-17 22:46:29 [main] INFO  a.pages.AccountsPage - ✅ Clicked 'Accounts' tab.
2025-06-17 22:46:29 [main] INFO  a.pages.AccountsPage - Waiting for data to load...
2025-06-17 22:46:29 [main] INFO  a.pages.AccountsPage - Waiting for page to load and checking for service errors...
2025-06-17 22:46:29 [main] INFO  a.pages.AccountsPage - ⏳ Waiting for spinner to fully disappear...
2025-06-17 22:46:39 [main] INFO  a.pages.AccountsPage - ✅ Spinner disappeared.
2025-06-17 22:47:04 [main] INFO  a.pages.AccountsPage - ✅ Page is ready.
2025-06-17 22:47:04 [main] INFO  a.pages.AccountsPage - ✅ Data loaded.
2025-06-17 22:47:04 [main] INFO  a.pages.AccountsPage - Scrolling to 'View Balance Components' button.
2025-06-17 22:47:04 [main] INFO  a.pages.AccountsPage - Waiting for page to load and checking for service errors...
2025-06-17 22:47:04 [main] INFO  a.pages.AccountsPage - ⏳ Waiting for spinner to fully disappear...
2025-06-17 22:47:15 [main] INFO  a.pages.AccountsPage - ✅ Spinner disappeared.
2025-06-17 22:47:40 [main] INFO  a.pages.AccountsPage - ✅ Page is ready.
2025-06-17 22:47:40 [main] INFO  a.pages.AccountsPage - ✅ Scrolled to 'View Balance Components' button.
2025-06-17 22:47:40 [main] INFO  a.pages.AccountsPage - Clicking 'View Balance Components' button.
2025-06-17 22:47:40 [main] INFO  a.pages.AccountsPage - Waiting for page to load and checking for service errors...
2025-06-17 22:47:40 [main] INFO  a.pages.AccountsPage - ⏳ Waiting for spinner to fully disappear...
2025-06-17 22:47:50 [main] INFO  a.pages.AccountsPage - ✅ Spinner disappeared.
2025-06-17 22:48:15 [main] INFO  a.pages.AccountsPage - ✅ Page is ready.
2025-06-17 22:48:15 [main] INFO  a.pages.AccountsPage - ⏳ Waiting for spinner to fully disappear...
2025-06-17 22:48:26 [main] INFO  a.pages.AccountsPage - ✅ Spinner disappeared.
2025-06-17 22:48:26 [main] INFO  a.pages.AccountsPage - ⏳ Waiting for spinner to fully disappear...
2025-06-17 22:48:38 [main] INFO  a.pages.AccountsPage - ✅ Spinner disappeared.
2025-06-17 22:48:38 [main] INFO  a.pages.AccountsPage - Waiting for page to load and checking for service errors...
2025-06-17 22:48:38 [main] INFO  a.pages.AccountsPage - ⏳ Waiting for spinner to fully disappear...
2025-06-17 22:48:49 [main] INFO  a.pages.AccountsPage - ✅ Spinner disappeared.
2025-06-17 22:49:14 [main] INFO  a.pages.AccountsPage - ✅ Page is ready.
2025-06-17 22:49:14 [main] INFO  a.pages.AccountsPage - ✅ View Balance modal opened.
2025-06-17 22:49:14 [main] INFO  a.pages.AccountsPage - Attempting to close balance modal.
2025-06-17 22:49:14 [main] INFO  a.pages.AccountsPage - Waiting for page to load and checking for service errors...
2025-06-17 22:49:14 [main] INFO  a.pages.AccountsPage - ⏳ Waiting for spinner to fully disappear...
2025-06-17 22:49:24 [main] INFO  a.pages.AccountsPage - ✅ Spinner disappeared.
2025-06-17 22:49:49 [main] INFO  a.pages.AccountsPage - ✅ Page is ready.
2025-06-17 22:49:49 [main] INFO  a.pages.AccountsPage - ⏳ Waiting for spinner to fully disappear...
2025-06-17 22:50:00 [main] INFO  a.pages.AccountsPage - ✅ Spinner disappeared.
2025-06-17 22:50:00 [main] INFO  a.pages.AccountsPage - ⏳ Waiting for spinner to fully disappear...
2025-06-17 22:50:10 [main] INFO  a.pages.AccountsPage - ✅ Spinner disappeared.
2025-06-17 22:50:10 [main] INFO  a.pages.AccountsPage - ✅ Balance modal closed.
2025-06-17 22:50:10 [main] INFO  a.pages.AccountsPage - Waiting for page to load and checking for service errors...
2025-06-17 22:50:10 [main] INFO  a.pages.AccountsPage - ⏳ Waiting for spinner to fully disappear...
2025-06-17 22:50:21 [main] INFO  a.pages.AccountsPage - ✅ Spinner disappeared.
2025-06-17 22:50:46 [main] INFO  a.pages.AccountsPage - ✅ Page is ready.
2025-06-17 22:50:46 [main] INFO  a.pages.AccountsPage - Initiating download of '1 Month' statement in PDF
2025-06-17 22:50:46 [main] INFO  a.pages.AccountsPage - Checking visibility of 'Detailed Statement' button.
2025-06-17 22:50:46 [main] INFO  a.pages.AccountsPage - ✅ 'Detailed Statement' is visible.
2025-06-17 22:50:46 [main] INFO  a.pages.AccountsPage - ⏳ Waiting for spinner to fully disappear...
2025-06-17 22:50:56 [main] INFO  a.pages.AccountsPage - ✅ Spinner disappeared.
2025-06-17 22:50:57 [main] INFO  a.pages.AccountsPage - ⏳ Waiting for spinner to fully disappear...
2025-06-17 22:50:57 [main] INFO  a.pages.AccountsPage - ✅ Spinner disappeared.
2025-06-17 22:50:57 [main] INFO  a.pages.AccountsPage - Waiting for page to load and checking for service errors...
2025-06-17 22:50:57 [main] INFO  a.pages.AccountsPage - ⏳ Waiting for spinner to fully disappear...
2025-06-17 22:51:09 [main] INFO  a.pages.AccountsPage - ✅ Spinner disappeared.
2025-06-17 22:51:35 [main] INFO  a.pages.AccountsPage - ✅ Page is ready.
2025-06-17 22:51:35 [main] INFO  a.pages.AccountsPage - ⏳ Waiting for spinner to fully disappear...
2025-06-17 22:51:45 [main] INFO  a.pages.AccountsPage - ✅ Spinner disappeared.
2025-06-17 22:51:45 [main] INFO  a.pages.AccountsPage - ⏳ Waiting for spinner to fully disappear...
2025-06-17 22:51:56 [main] INFO  a.pages.AccountsPage - ✅ Spinner disappeared.
2025-06-17 22:51:56 [main] INFO  a.pages.AccountsPage - Waiting for page to load and checking for service errors...
2025-06-17 22:51:56 [main] INFO  a.pages.AccountsPage - ⏳ Waiting for spinner to fully disappear...
2025-06-17 22:52:06 [main] INFO  a.pages.AccountsPage - ✅ Spinner disappeared.
2025-06-17 22:52:31 [main] INFO  a.pages.AccountsPage - ✅ Page is ready.
2025-06-17 22:52:31 [main] INFO  a.pages.AccountsPage - ⏳ Waiting for spinner to fully disappear...
2025-06-17 22:52:41 [main] INFO  a.pages.AccountsPage - ✅ Spinner disappeared.
2025-06-17 22:52:42 [main] INFO  a.pages.AccountsPage - ⏳ Waiting for spinner to fully disappear...
2025-06-17 22:52:57 [main] WARN  a.pages.AccountsPage - ⚠️ Spinner wait skipped or failed gracefully.
2025-06-17 22:52:57 [main] INFO  a.pages.AccountsPage - Waiting for page to load and checking for service errors...
2025-06-17 22:52:57 [main] INFO  a.pages.AccountsPage - ⏳ Waiting for spinner to fully disappear...
2025-06-17 22:53:06 [main] INFO  a.pages.AccountsPage - ✅ Spinner disappeared.
2025-06-17 22:53:31 [main] INFO  a.pages.AccountsPage - ✅ Page is ready.
2025-06-17 22:53:31 [main] INFO  a.pages.AccountsPage - ✅ 1 Month statement download triggered.
2025-06-17 22:53:31 [main] INFO  a.pages.AccountsPage - Initiating download of '3 Months' statement in PDF
2025-06-17 22:53:31 [main] INFO  a.pages.AccountsPage - Checking visibility of 'Detailed Statement' button.
2025-06-17 22:53:36 [main] WARN  a.pages.AccountsPage - ⚠️ 'Detailed Statement' not visible. Re-clicking Accounts Tab.
2025-06-17 22:53:36 [main] INFO  a.pages.AccountsPage - ⏳ Waiting for spinner to fully disappear...
2025-06-17 22:53:47 [main] INFO  a.pages.AccountsPage - ✅ Spinner disappeared.
2025-06-17 22:53:47 [main] INFO  a.pages.AccountsPage - ⏳ Waiting for spinner to fully disappear...
2025-06-17 22:54:00 [main] INFO  a.pages.AccountsPage - ✅ Spinner disappeared.
2025-06-17 22:54:00 [main] INFO  a.pages.AccountsPage - ✅ 'Detailed Statement' became visible after re-clicking Accounts Tab.
2025-06-17 22:54:00 [main] INFO  a.pages.AccountsPage - ⏳ Waiting for spinner to fully disappear...
2025-06-17 22:54:10 [main] INFO  a.pages.AccountsPage - ✅ Spinner disappeared.
2025-06-17 22:54:11 [main] INFO  a.pages.AccountsPage - ⏳ Waiting for spinner to fully disappear...
2025-06-17 22:54:23 [main] INFO  a.pages.AccountsPage - ✅ Spinner disappeared.
2025-06-17 22:54:23 [main] INFO  a.pages.AccountsPage - Waiting for page to load and checking for service errors...
2025-06-17 22:54:23 [main] INFO  a.pages.AccountsPage - ⏳ Waiting for spinner to fully disappear...
2025-06-17 22:54:33 [main] INFO  a.pages.AccountsPage - ✅ Spinner disappeared.
2025-06-17 22:54:58 [main] INFO  a.pages.AccountsPage - ✅ Page is ready.
2025-06-17 22:54:58 [main] INFO  a.pages.AccountsPage - Selecting custom duration: 3 Months
2025-06-17 22:54:58 [main] INFO  a.pages.AccountsPage - ⏳ Waiting for spinner to fully disappear...
2025-06-17 22:55:08 [main] INFO  a.pages.AccountsPage - ✅ Spinner disappeared.
2025-06-17 22:55:09 [main] INFO  a.pages.AccountsPage - ⏳ Waiting for spinner to fully disappear...
2025-06-17 22:55:10 [main] INFO  a.pages.AccountsPage - ✅ Spinner disappeared.
2025-06-17 22:55:10 [main] INFO  a.pages.AccountsPage - Waiting for page to load and checking for service errors...
2025-06-17 22:55:10 [main] INFO  a.pages.AccountsPage - ⏳ Waiting for spinner to fully disappear...
2025-06-17 22:55:21 [main] INFO  a.pages.AccountsPage - ✅ Spinner disappeared.
2025-06-17 22:55:47 [main] INFO  a.pages.AccountsPage - ✅ Page is ready.
2025-06-17 22:55:47 [main] INFO  a.pages.AccountsPage - ⏳ Waiting for spinner to fully disappear...
2025-06-17 22:55:57 [main] INFO  a.pages.AccountsPage - ✅ Spinner disappeared.
2025-06-17 22:55:57 [main] INFO  a.pages.AccountsPage - ⏳ Waiting for spinner to fully disappear...
2025-06-17 22:56:08 [main] INFO  a.pages.AccountsPage - ✅ Spinner disappeared.
2025-06-17 22:56:08 [main] INFO  a.pages.AccountsPage - Waiting for page to load and checking for service errors...
2025-06-17 22:56:08 [main] INFO  a.pages.AccountsPage - ⏳ Waiting for spinner to fully disappear...
2025-06-17 22:56:18 [main] INFO  a.pages.AccountsPage - ✅ Spinner disappeared.
2025-06-17 22:56:43 [main] INFO  a.pages.AccountsPage - ✅ Page is ready.
2025-06-17 22:56:43 [main] INFO  a.pages.AccountsPage - ⏳ Waiting for spinner to fully disappear...
2025-06-17 22:56:53 [main] INFO  a.pages.AccountsPage - ✅ Spinner disappeared.
2025-06-17 22:56:54 [main] INFO  a.pages.AccountsPage - ⏳ Waiting for spinner to fully disappear...
2025-06-17 22:56:54 [main] INFO  a.pages.AccountsPage - ✅ Spinner disappeared.
2025-06-17 22:56:54 [main] INFO  a.pages.AccountsPage - Waiting for page to load and checking for service errors...
2025-06-17 22:56:54 [main] INFO  a.pages.AccountsPage - ⏳ Waiting for spinner to fully disappear...
2025-06-17 22:57:20 [main] INFO  a.pages.AccountsPage - ✅ Spinner disappeared.
2025-06-17 22:57:45 [main] INFO  a.pages.AccountsPage - ✅ Page is ready.
2025-06-17 22:57:45 [main] INFO  a.pages.AccountsPage - ✅ 3 Months statement download triggered.
2025-06-17 22:57:45 [main] INFO  a.pages.AccountsPage - Initiating download of '1 Month' statement in XLS
2025-06-17 22:57:45 [main] INFO  a.pages.AccountsPage - Checking visibility of 'Detailed Statement' button.
2025-06-17 22:57:50 [main] WARN  a.pages.AccountsPage - ⚠️ 'Detailed Statement' not visible. Re-clicking Accounts Tab.
2025-06-17 22:57:50 [main] INFO  a.pages.AccountsPage - ⏳ Waiting for spinner to fully disappear...
2025-06-17 22:58:01 [main] INFO  a.pages.AccountsPage - ✅ Spinner disappeared.
2025-06-17 22:58:01 [main] INFO  a.pages.AccountsPage - ⏳ Waiting for spinner to fully disappear...
2025-06-17 22:58:02 [main] INFO  a.pages.AccountsPage - ✅ Spinner disappeared.
2025-06-17 22:58:02 [main] INFO  a.pages.AccountsPage - ✅ 'Detailed Statement' became visible after re-clicking Accounts Tab.
2025-06-17 22:58:02 [main] INFO  a.pages.AccountsPage - ⏳ Waiting for spinner to fully disappear...
2025-06-17 22:58:13 [main] INFO  a.pages.AccountsPage - ✅ Spinner disappeared.
2025-06-17 22:58:13 [main] INFO  a.pages.AccountsPage - ⏳ Waiting for spinner to fully disappear...
2025-06-17 22:58:14 [main] INFO  a.pages.AccountsPage - ✅ Spinner disappeared.
2025-06-17 22:58:14 [main] INFO  a.pages.AccountsPage - Waiting for page to load and checking for service errors...
2025-06-17 22:58:14 [main] INFO  a.pages.AccountsPage - ⏳ Waiting for spinner to fully disappear...
2025-06-17 22:58:25 [main] INFO  a.pages.AccountsPage - ✅ Spinner disappeared.
2025-06-17 22:58:50 [main] INFO  a.pages.AccountsPage - ✅ Page is ready.
2025-06-17 22:58:50 [main] INFO  a.pages.AccountsPage - ⏳ Waiting for spinner to fully disappear...
2025-06-17 22:59:01 [main] INFO  a.pages.AccountsPage - ✅ Spinner disappeared.
2025-06-17 22:59:01 [main] INFO  a.pages.AccountsPage - ⏳ Waiting for spinner to fully disappear...
2025-06-17 22:59:11 [main] INFO  a.pages.AccountsPage - ✅ Spinner disappeared.
2025-06-17 22:59:11 [main] INFO  a.pages.AccountsPage - Waiting for page to load and checking for service errors...
2025-06-17 22:59:11 [main] INFO  a.pages.AccountsPage - ⏳ Waiting for spinner to fully disappear...
2025-06-17 22:59:22 [main] INFO  a.pages.AccountsPage - ✅ Spinner disappeared.
2025-06-17 22:59:47 [main] INFO  a.pages.AccountsPage - ✅ Page is ready.
2025-06-17 22:59:47 [main] INFO  a.pages.AccountsPage - ⏳ Waiting for spinner to fully disappear...
2025-06-17 22:59:57 [main] INFO  a.pages.AccountsPage - ✅ Spinner disappeared.
2025-06-17 22:59:57 [main] INFO  a.pages.AccountsPage - ⏳ Waiting for spinner to fully disappear...
2025-06-17 23:00:08 [main] INFO  a.pages.AccountsPage - ✅ Spinner disappeared.
2025-06-17 23:00:08 [main] INFO  a.pages.AccountsPage - Waiting for page to load and checking for service errors...
2025-06-17 23:00:08 [main] INFO  a.pages.AccountsPage - ⏳ Waiting for spinner to fully disappear...
2025-06-17 23:00:18 [main] INFO  a.pages.AccountsPage - ✅ Spinner disappeared.
2025-06-17 23:00:43 [main] INFO  a.pages.AccountsPage - ✅ Page is ready.
2025-06-17 23:00:43 [main] INFO  a.pages.AccountsPage - ⏳ Waiting for spinner to fully disappear...
2025-06-17 23:00:53 [main] INFO  a.pages.AccountsPage - ✅ Spinner disappeared.
2025-06-17 23:00:53 [main] INFO  a.pages.AccountsPage - ⏳ Waiting for spinner to fully disappear...
2025-06-17 23:00:54 [main] INFO  a.pages.AccountsPage - ✅ Spinner disappeared.
2025-06-17 23:00:54 [main] INFO  a.pages.AccountsPage - Waiting for page to load and checking for service errors...
2025-06-17 23:00:54 [main] INFO  a.pages.AccountsPage - ⏳ Waiting for spinner to fully disappear...
2025-06-17 23:01:09 [main] WARN  a.pages.AccountsPage - ⚠️ Spinner wait skipped or failed gracefully.
2025-06-17 23:01:35 [main] INFO  a.pages.AccountsPage - ✅ Page is ready.
2025-06-17 23:01:35 [main] INFO  a.pages.AccountsPage - ✅ 1 Month statement download triggered.
2025-06-17 23:01:35 [main] INFO  a.pages.AccountsPage - Initiating download of '3 Months' statement in XLS
2025-06-17 23:01:35 [main] INFO  a.pages.AccountsPage - Checking visibility of 'Detailed Statement' button.
2025-06-17 23:01:40 [main] WARN  a.pages.AccountsPage - ⚠️ 'Detailed Statement' not visible. Re-clicking Accounts Tab.
2025-06-17 23:01:40 [main] INFO  a.pages.AccountsPage - ⏳ Waiting for spinner to fully disappear...
2025-06-17 23:01:50 [main] INFO  a.pages.AccountsPage - ✅ Spinner disappeared.
2025-06-17 23:01:50 [main] INFO  a.pages.AccountsPage - ⏳ Waiting for spinner to fully disappear...
2025-06-17 23:01:51 [main] INFO  a.pages.AccountsPage - ✅ Spinner disappeared.
2025-06-17 23:01:51 [main] INFO  a.pages.AccountsPage - ✅ 'Detailed Statement' became visible after re-clicking Accounts Tab.
2025-06-17 23:01:51 [main] INFO  a.pages.AccountsPage - ⏳ Waiting for spinner to fully disappear...
2025-06-17 23:02:03 [main] INFO  a.pages.AccountsPage - ✅ Spinner disappeared.
2025-06-17 23:02:03 [main] INFO  a.pages.AccountsPage - ⏳ Waiting for spinner to fully disappear...
2025-06-17 23:02:15 [main] INFO  a.pages.AccountsPage - ✅ Spinner disappeared.
2025-06-17 23:02:15 [main] INFO  a.pages.AccountsPage - Waiting for page to load and checking for service errors...
2025-06-17 23:02:15 [main] INFO  a.pages.AccountsPage - ⏳ Waiting for spinner to fully disappear...
2025-06-17 23:02:25 [main] INFO  a.pages.AccountsPage - ✅ Spinner disappeared.
2025-06-17 23:02:50 [main] INFO  a.pages.AccountsPage - ✅ Page is ready.
2025-06-17 23:02:50 [main] INFO  a.pages.AccountsPage - Selecting custom duration: 3 Months
2025-06-17 23:02:50 [main] INFO  a.pages.AccountsPage - ⏳ Waiting for spinner to fully disappear...
2025-06-17 23:03:01 [main] INFO  a.pages.AccountsPage - ✅ Spinner disappeared.
2025-06-17 23:03:01 [main] INFO  a.pages.AccountsPage - ⏳ Waiting for spinner to fully disappear...
2025-06-17 23:03:02 [main] INFO  a.pages.AccountsPage - ✅ Spinner disappeared.
2025-06-17 23:03:02 [main] INFO  a.pages.AccountsPage - Waiting for page to load and checking for service errors...
2025-06-17 23:03:02 [main] INFO  a.pages.AccountsPage - ⏳ Waiting for spinner to fully disappear...
2025-06-17 23:03:13 [main] INFO  a.pages.AccountsPage - ✅ Spinner disappeared.
2025-06-17 23:03:38 [main] INFO  a.pages.AccountsPage - ✅ Page is ready.
2025-06-17 23:03:38 [main] INFO  a.pages.AccountsPage - ⏳ Waiting for spinner to fully disappear...
2025-06-17 23:03:48 [main] INFO  a.pages.AccountsPage - ✅ Spinner disappeared.
2025-06-17 23:03:48 [main] INFO  a.pages.AccountsPage - ⏳ Waiting for spinner to fully disappear...
2025-06-17 23:03:59 [main] INFO  a.pages.AccountsPage - ✅ Spinner disappeared.
2025-06-17 23:03:59 [main] INFO  a.pages.AccountsPage - Waiting for page to load and checking for service errors...
2025-06-17 23:03:59 [main] INFO  a.pages.AccountsPage - ⏳ Waiting for spinner to fully disappear...
2025-06-17 23:04:09 [main] INFO  a.pages.AccountsPage - ✅ Spinner disappeared.
2025-06-17 23:04:34 [main] INFO  a.pages.AccountsPage - ✅ Page is ready.
2025-06-17 23:04:34 [main] INFO  a.pages.AccountsPage - ⏳ Waiting for spinner to fully disappear...
2025-06-17 23:04:45 [main] INFO  a.pages.AccountsPage - ✅ Spinner disappeared.
2025-06-17 23:04:45 [main] INFO  a.pages.AccountsPage - ⏳ Waiting for spinner to fully disappear...
2025-06-17 23:04:55 [main] INFO  a.pages.AccountsPage - ✅ Spinner disappeared.
2025-06-17 23:04:55 [main] INFO  a.pages.AccountsPage - Waiting for page to load and checking for service errors...
2025-06-17 23:04:55 [main] INFO  a.pages.AccountsPage - ⏳ Waiting for spinner to fully disappear...
2025-06-17 23:05:06 [main] INFO  a.pages.AccountsPage - ✅ Spinner disappeared.
2025-06-17 23:05:31 [main] INFO  a.pages.AccountsPage - ✅ Page is ready.
2025-06-17 23:05:31 [main] INFO  a.pages.AccountsPage - ⏳ Waiting for spinner to fully disappear...
2025-06-17 23:05:41 [main] INFO  a.pages.AccountsPage - ✅ Spinner disappeared.
2025-06-17 23:05:41 [main] INFO  a.pages.AccountsPage - ⏳ Waiting for spinner to fully disappear...
2025-06-17 23:05:42 [main] INFO  a.pages.AccountsPage - ✅ Spinner disappeared.
2025-06-17 23:05:42 [main] INFO  a.pages.AccountsPage - Waiting for page to load and checking for service errors...
2025-06-17 23:05:42 [main] INFO  a.pages.AccountsPage - ⏳ Waiting for spinner to fully disappear...
2025-06-17 23:06:08 [main] INFO  a.pages.AccountsPage - ✅ Spinner disappeared.
2025-06-17 23:06:33 [main] INFO  a.pages.AccountsPage - ✅ Page is ready.
2025-06-17 23:06:33 [main] INFO  a.pages.AccountsPage - ✅ 3 Months statement download triggered.
2025-06-17 23:06:33 [main] INFO  a.pages.AccountsPage - Starting custom statement download for 6 months.
2025-06-17 23:06:33 [main] INFO  a.pages.AccountsPage - Checking visibility of 'Detailed Statement' button.
2025-06-17 23:06:38 [main] WARN  a.pages.AccountsPage - ⚠️ 'Detailed Statement' not visible. Re-clicking Accounts Tab.
2025-06-17 23:06:38 [main] INFO  a.pages.AccountsPage - ⏳ Waiting for spinner to fully disappear...
2025-06-17 23:06:48 [main] INFO  a.pages.AccountsPage - ✅ Spinner disappeared.
2025-06-17 23:06:48 [main] INFO  a.pages.AccountsPage - ⏳ Waiting for spinner to fully disappear...
2025-06-17 23:06:49 [main] INFO  a.pages.AccountsPage - ✅ Spinner disappeared.
2025-06-17 23:06:49 [main] INFO  a.pages.AccountsPage - ✅ 'Detailed Statement' became visible after re-clicking Accounts Tab.
2025-06-17 23:06:49 [main] INFO  a.pages.AccountsPage - ⏳ Waiting for spinner to fully disappear...
2025-06-17 23:07:01 [main] INFO  a.pages.AccountsPage - ✅ Spinner disappeared.
2025-06-17 23:07:01 [main] INFO  a.pages.AccountsPage - ⏳ Waiting for spinner to fully disappear...
2025-06-17 23:07:13 [main] INFO  a.pages.AccountsPage - ✅ Spinner disappeared.
2025-06-17 23:07:13 [main] INFO  a.pages.AccountsPage - Waiting for page to load and checking for service errors...
2025-06-17 23:07:13 [main] INFO  a.pages.AccountsPage - ⏳ Waiting for spinner to fully disappear...
2025-06-17 23:07:24 [main] INFO  a.pages.AccountsPage - ✅ Spinner disappeared.
2025-06-17 23:07:49 [main] INFO  a.pages.AccountsPage - ✅ Page is ready.
2025-06-17 23:07:49 [main] INFO  a.pages.AccountsPage - Attempt 1 for custom data fetch.
2025-06-17 23:07:49 [main] INFO  a.pages.AccountsPage - ⏳ Waiting for spinner to fully disappear...
2025-06-17 23:07:59 [main] INFO  a.pages.AccountsPage - ✅ Spinner disappeared.
2025-06-17 23:08:00 [main] INFO  a.pages.AccountsPage - ⏳ Waiting for spinner to fully disappear...
2025-06-17 23:08:10 [main] INFO  a.pages.AccountsPage - ✅ Spinner disappeared.
2025-06-17 23:08:10 [main] INFO  a.pages.AccountsPage - Waiting for page to load and checking for service errors...
2025-06-17 23:08:10 [main] INFO  a.pages.AccountsPage - ⏳ Waiting for spinner to fully disappear...
2025-06-17 23:08:20 [main] INFO  a.pages.AccountsPage - ✅ Spinner disappeared.
2025-06-17 23:08:46 [main] INFO  a.pages.AccountsPage - ✅ Page is ready.
2025-06-17 23:08:46 [main] INFO  a.pages.AccountsPage - ⏳ Waiting for spinner to fully disappear...
2025-06-17 23:08:56 [main] INFO  a.pages.AccountsPage - ✅ Spinner disappeared.
2025-06-17 23:08:56 [main] INFO  a.pages.AccountsPage - ⏳ Waiting for spinner to fully disappear...
2025-06-17 23:09:07 [main] INFO  a.pages.AccountsPage - ✅ Spinner disappeared.
2025-06-17 23:09:07 [main] INFO  a.pages.AccountsPage - Waiting for page to load and checking for service errors...
2025-06-17 23:09:07 [main] INFO  a.pages.AccountsPage - ⏳ Waiting for spinner to fully disappear...
2025-06-17 23:09:17 [main] INFO  a.pages.AccountsPage - ✅ Spinner disappeared.
2025-06-17 23:09:42 [main] INFO  a.pages.AccountsPage - ✅ Page is ready.
2025-06-17 23:09:42 [main] INFO  a.pages.AccountsPage - ⏳ Waiting for spinner to fully disappear...
2025-06-17 23:09:53 [main] INFO  a.pages.AccountsPage - ✅ Spinner disappeared.
2025-06-17 23:09:53 [main] INFO  a.pages.AccountsPage - ⏳ Waiting for spinner to fully disappear...
2025-06-17 23:09:54 [main] INFO  a.pages.AccountsPage - ✅ Spinner disappeared.
2025-06-17 23:09:54 [main] INFO  a.pages.AccountsPage - Waiting for page to load and checking for service errors...
2025-06-17 23:09:54 [main] INFO  a.pages.AccountsPage - ⏳ Waiting for spinner to fully disappear...
2025-06-17 23:10:10 [main] INFO  a.pages.AccountsPage - ✅ Spinner disappeared.
2025-06-17 23:10:35 [main] INFO  a.pages.AccountsPage - ✅ Page is ready.
2025-06-17 23:10:41 [main] INFO  a.pages.AccountsPage - Waiting for page to load and checking for service errors...
2025-06-17 23:10:41 [main] INFO  a.pages.AccountsPage - ⏳ Waiting for spinner to fully disappear...
2025-06-17 23:10:51 [main] INFO  a.pages.AccountsPage - ✅ Spinner disappeared.
2025-06-17 23:11:16 [main] INFO  a.pages.AccountsPage - ✅ Page is ready.
2025-06-17 23:11:21 [main] INFO  a.pages.AccountsPage - ⏳ Waiting for spinner to fully disappear...
2025-06-17 23:11:32 [main] INFO  a.pages.AccountsPage - ✅ Spinner disappeared.
2025-06-17 23:11:32 [main] INFO  a.pages.AccountsPage - ⏳ Waiting for spinner to fully disappear...
2025-06-17 23:11:42 [main] INFO  a.pages.AccountsPage - ✅ Spinner disappeared.
2025-06-17 23:11:42 [main] INFO  a.pages.AccountsPage - Waiting for page to load and checking for service errors...
2025-06-17 23:11:42 [main] INFO  a.pages.AccountsPage - ⏳ Waiting for spinner to fully disappear...
2025-06-17 23:11:52 [main] INFO  a.pages.AccountsPage - ✅ Spinner disappeared.
2025-06-17 23:12:18 [main] INFO  a.pages.AccountsPage - ✅ Page is ready.
2025-06-17 23:12:18 [main] INFO  a.pages.AccountsPage - ⏳ Waiting for spinner to fully disappear...
2025-06-17 23:12:28 [main] INFO  a.pages.AccountsPage - ✅ Spinner disappeared.
2025-06-17 23:12:44 [main] WARN  a.pages.AccountsPage - ⚠️ Click failed attempt 1/3: Expected condition failed: waiting for element to be clickable: By.xpath: //img[contains(@src,'ic_excel_file.svg') and @alt='excel'] (tried for 15 second(s) with 500 milliseconds interval)
Build info: version: '4.20.0', revision: '866c76ca80'
System info: os.name: 'Windows 11', os.arch: 'amd64', os.version: '10.0', java.version: '17.0.12'
Driver info: org.openqa.selenium.chrome.ChromeDriver
Capabilities {acceptInsecureCerts: false, browserName: chrome, browserVersion: 137.0.7151.104, chrome: {chromedriverVersion: 137.0.7151.70 (dfa4dc56b2ab..., userDataDir: C:\Users\rajum\AppData\Loca...}, fedcm:accounts: true, goog:chromeOptions: {debuggerAddress: localhost:60473}, networkConnectionEnabled: false, pageLoadStrategy: normal, platformName: windows, proxy: Proxy(), se:cdp: ws://localhost:60473/devtoo..., se:cdpVersion: 137.0.7151.104, setWindowRect: true, strictFileInteractability: false, timeouts: {implicit: 0, pageLoad: 300000, script: 30000}, unhandledPromptBehavior: dismiss and notify, webauthn:extension:credBlob: true, webauthn:extension:largeBlob: true, webauthn:extension:minPinLength: true, webauthn:extension:prf: true, webauthn:virtualAuthenticators: true}
Session ID: 8ba540bec9ddb7571ac7261a582031ff
2025-06-17 23:12:45 [main] INFO  a.pages.AccountsPage - ⏳ Waiting for spinner to fully disappear...
2025-06-17 23:12:55 [main] INFO  a.pages.AccountsPage - ✅ Spinner disappeared.
