2025-06-16 10:30:07 [main] WARN  org.testng.xml.TestNGContentHandler - Failed to read [/C:/Users/rajum/eclipse-workspace/ToolsQA/SeleniumAutomotionSVCUATIB/testng-1.1.dtd] from CLASSPATH. Attempting to read from [file:///C:/Users/rajum/eclipse-workspace/ToolsQA/SeleniumAutomotionSVCUATIB/testng-1.1.dtd].
2025-06-16 10:30:07 [main] WARN  org.testng.xml.TestNGContentHandler - It is strongly recommended to add "<!DOCTYPE suite SYSTEM "https://testng.org/testng-1.1.dtd" >" at the top of the suite file [C:\Users\rajum\eclipse-workspace\ToolsQA\SeleniumAutomotionSVCUATIB\src\main\resources\testng.xml] otherwise TestNG may fail or not work as expected.
2025-06-16 10:30:08 [main] INFO  org.testng.internal.Utils - [TestNG] Running:
  C:\Users\rajum\eclipse-workspace\ToolsQA\SeleniumAutomotionSVCUATIB\src\main\resources\testng.xml

2025-06-16 10:30:10 [main] INFO  i.g.bonigarcia.wdm.WebDriverManager - Using chromedriver 137.0.7151.70 (resolved driver for Chrome 137)
2025-06-16 10:30:11 [main] INFO  i.g.bonigarcia.wdm.WebDriverManager - Exporting webdriver.chrome.driver as C:\Users\rajum\.cache\selenium\chromedriver\win64\137.0.7151.70\chromedriver.exe
2025-06-16 10:30:14 [main] INFO  automationFramework.pages.LoginPage - ✅ [SUCCESS] Config loaded from 'config.properties': captcha.wait.seconds = 10 seconds.
2025-06-16 10:30:20 [main] INFO  automationFramework.pages.LoginPage - 🟦 [STEP] Navigated to URL: https://uatnet.svcbank.com/ReachSVCInet/SVC-web/inet/netbanking
2025-06-16 10:30:20 [main] INFO  automationFramework.pages.LoginPage - ✅ [SUCCESS] Entered username: TEST001
2025-06-16 10:30:20 [main] INFO  automationFramework.pages.LoginPage - ⏳ [WAIT] Waiting for manual captcha input. You have 10 seconds.
2025-06-16 10:30:31 [main] INFO  automationFramework.pages.LoginPage - ✅ [SUCCESS] Clicked first Login button (after captcha).
2025-06-16 10:30:32 [main] INFO  automationFramework.pages.LoginPage - ✅ [SUCCESS] Entered password.
2025-06-16 10:30:32 [main] INFO  automationFramework.pages.LoginPage - ✅ [SUCCESS] Clicked final Login button.
2025-06-16 10:30:32 [main] INFO  automationFramework.pages.LoginPage - 🎉 [DONE] Login Test Completed successfully for user: TEST001.
2025-06-16 10:30:32 [main] INFO  a.pages.AccountsPage - Clicking Accounts Tab
2025-06-16 10:30:32 [main] INFO  a.pages.AccountsPage - ⏳ Waiting for spinner to fully disappear...
2025-06-16 10:30:56 [main] INFO  a.pages.AccountsPage - ✅ Spinner disappeared.
2025-06-16 10:31:17 [main] WARN  a.pages.AccountsPage - ⚠️ Click failed attempt 1/3: Expected condition failed: waiting for element to be clickable: By.xpath: //span[@class='p-menuitem-text' and text()='Accounts'] (tried for 15 second(s) with 500 milliseconds interval)
Build info: version: '4.20.0', revision: '866c76ca80'
System info: os.name: 'Windows 11', os.arch: 'amd64', os.version: '10.0', java.version: '17.0.12'
Driver info: org.openqa.selenium.chrome.ChromeDriver
Capabilities {acceptInsecureCerts: false, browserName: chrome, browserVersion: 137.0.7151.104, chrome: {chromedriverVersion: 137.0.7151.70 (dfa4dc56b2ab..., userDataDir: C:\Users\rajum\AppData\Loca...}, fedcm:accounts: true, goog:chromeOptions: {debuggerAddress: localhost:57022}, networkConnectionEnabled: false, pageLoadStrategy: normal, platformName: windows, proxy: Proxy(), se:cdp: ws://localhost:57022/devtoo..., se:cdpVersion: 137.0.7151.104, setWindowRect: true, strictFileInteractability: false, timeouts: {implicit: 0, pageLoad: 300000, script: 30000}, unhandledPromptBehavior: dismiss and notify, webauthn:extension:credBlob: true, webauthn:extension:largeBlob: true, webauthn:extension:minPinLength: true, webauthn:extension:prf: true, webauthn:virtualAuthenticators: true}
Session ID: cae4ce50cf6e2623a937c373880bc9ce
2025-06-16 10:31:17 [main] INFO  a.pages.AccountsPage - ⏳ Waiting for spinner to fully disappear...
