2025-06-13 11:50:11 [main] WARN  org.testng.xml.TestNGContentHandler - Failed to read [/C:/Users/rajum/eclipse-workspace/ToolsQA/SeleniumAutomotionSVCUATIB/testng-1.1.dtd] from CLASSPATH. Attempting to read from [file:///C:/Users/rajum/eclipse-workspace/ToolsQA/SeleniumAutomotionSVCUATIB/testng-1.1.dtd].
2025-06-13 11:50:11 [main] WARN  org.testng.xml.TestNGContentHandler - It is strongly recommended to add "<!DOCTYPE suite SYSTEM "https://testng.org/testng-1.1.dtd" >" at the top of the suite file [C:\Users\rajum\eclipse-workspace\ToolsQA\SeleniumAutomotionSVCUATIB\src\main\resources\testng.xml] otherwise TestNG may fail or not work as expected.
2025-06-13 11:50:11 [main] INFO  org.testng.internal.Utils - [TestNG] Running:
  C:\Users\rajum\eclipse-workspace\ToolsQA\SeleniumAutomotionSVCUATIB\src\main\resources\testng.xml

2025-06-13 11:50:12 [main] INFO  i.g.bonigarcia.wdm.WebDriverManager - Using chromedriver 137.0.7151.70 (resolved driver for Chrome 137)
2025-06-13 11:50:12 [main] INFO  i.g.bonigarcia.wdm.WebDriverManager - Exporting webdriver.chrome.driver as C:\Users\rajum\.cache\selenium\chromedriver\win64\137.0.7151.70\chromedriver.exe
2025-06-13 11:50:14 [main] INFO  automationFramework.pages.LoginPage - ✅ [SUCCESS] Config loaded from 'config.properties': captcha.wait.seconds = 10 seconds.
2025-06-13 11:50:17 [main] INFO  automationFramework.pages.LoginPage - 🟦 [STEP] Navigated to URL: https://uatnet.svcbank.com/ReachSVCInet/SVC-web/inet/netbanking
2025-06-13 11:50:17 [main] INFO  automationFramework.pages.LoginPage - ✅ [SUCCESS] Entered username: TEST001
2025-06-13 11:50:17 [main] INFO  automationFramework.pages.LoginPage - ⏳ [WAIT] Waiting for manual captcha input. You have 10 seconds.
2025-06-13 11:50:27 [main] INFO  automationFramework.pages.LoginPage - ✅ [SUCCESS] Clicked first Login button (after captcha).
2025-06-13 11:50:28 [main] INFO  automationFramework.pages.LoginPage - ✅ [SUCCESS] Entered password.
2025-06-13 11:50:28 [main] INFO  automationFramework.pages.LoginPage - ✅ [SUCCESS] Clicked final Login button.
2025-06-13 11:50:28 [main] INFO  automationFramework.pages.LoginPage - 🎉 [DONE] Login Test Completed successfully for user: TEST001.
2025-06-13 11:50:28 [main] INFO  a.pages.AccountsPage - Clicking Accounts Tab
2025-06-13 11:50:28 [main] INFO  a.pages.AccountsPage - ⏳ Waiting for spinner to fully disappear...
2025-06-13 11:50:53 [main] INFO  a.pages.AccountsPage - ✅ Spinner disappeared.
2025-06-13 11:50:53 [main] INFO  a.pages.AccountsPage - ⏳ Waiting for spinner to fully disappear...
2025-06-13 11:50:54 [main] INFO  a.pages.AccountsPage - ✅ Spinner disappeared.
2025-06-13 11:50:54 [main] INFO  a.pages.AccountsPage - ⏳ Waiting for spinner to fully disappear...
2025-06-13 11:51:16 [main] INFO  a.pages.AccountsPage - ✅ Spinner disappeared.
2025-06-13 11:51:16 [main] INFO  a.pages.AccountsPage - ✅ Accounts Tab Clicked
2025-06-13 11:51:16 [main] INFO  a.pages.AccountsPage - ⏳ Waiting for spinner to fully disappear...
2025-06-13 11:51:37 [main] INFO  a.pages.AccountsPage - ✅ Spinner disappeared.
2025-06-13 11:51:37 [main] INFO  a.pages.AccountsPage - Scrolling to 'View Balance Components' button
2025-06-13 11:51:37 [main] INFO  a.pages.AccountsPage - ⏳ Waiting for spinner to fully disappear...
2025-06-13 11:51:57 [main] INFO  a.pages.AccountsPage - ✅ Spinner disappeared.
2025-06-13 11:51:57 [main] INFO  a.pages.AccountsPage - Clicking 'View Balance Components' button
2025-06-13 11:51:57 [main] INFO  a.pages.AccountsPage - ⏳ Waiting for spinner to fully disappear...
2025-06-13 11:52:18 [main] INFO  a.pages.AccountsPage - ✅ Spinner disappeared.
2025-06-13 11:52:18 [main] INFO  a.pages.AccountsPage - ⏳ Waiting for spinner to fully disappear...
2025-06-13 11:52:38 [main] INFO  a.pages.AccountsPage - ✅ Spinner disappeared.
2025-06-13 11:52:38 [main] INFO  a.pages.AccountsPage - ⏳ Waiting for spinner to fully disappear...
2025-06-13 11:52:39 [main] INFO  a.pages.AccountsPage - ✅ Spinner disappeared.
2025-06-13 11:52:39 [main] INFO  a.pages.AccountsPage - ⏳ Waiting for spinner to fully disappear...
2025-06-13 11:53:00 [main] INFO  a.pages.AccountsPage - ✅ Spinner disappeared.
2025-06-13 11:53:00 [main] INFO  a.pages.AccountsPage - Closing balance modal
2025-06-13 11:53:00 [main] INFO  a.pages.AccountsPage - ⏳ Waiting for spinner to fully disappear...
2025-06-13 11:53:20 [main] INFO  a.pages.AccountsPage - ✅ Spinner disappeared.
2025-06-13 11:53:20 [main] INFO  a.pages.AccountsPage - ⏳ Waiting for spinner to fully disappear...
2025-06-13 11:53:41 [main] INFO  a.pages.AccountsPage - ✅ Spinner disappeared.
2025-06-13 11:53:41 [main] INFO  a.pages.AccountsPage - ⏳ Waiting for spinner to fully disappear...
2025-06-13 11:54:01 [main] INFO  a.pages.AccountsPage - ✅ Spinner disappeared.
2025-06-13 11:54:01 [main] INFO  a.pages.AccountsPage - ✅ Modal closed.
2025-06-13 11:54:01 [main] INFO  a.pages.AccountsPage - ⏳ Waiting for spinner to fully disappear...
2025-06-13 11:54:22 [main] INFO  a.pages.AccountsPage - ✅ Spinner disappeared.
2025-06-13 11:54:22 [main] INFO  a.pages.AccountsPage - ▶️ Starting: Download 1 Month Statement in PDF format
2025-06-13 11:54:22 [main] INFO  a.pages.AccountsPage - Clicking Accounts Tab
2025-06-13 11:54:22 [main] INFO  a.pages.AccountsPage - ⏳ Waiting for spinner to fully disappear...
2025-06-13 11:54:42 [main] INFO  a.pages.AccountsPage - ✅ Spinner disappeared.
2025-06-13 11:54:42 [main] INFO  a.pages.AccountsPage - ⏳ Waiting for spinner to fully disappear...
2025-06-13 11:55:01 [main] WARN  a.pages.AccountsPage - ⚠️ Spinner wait skipped or failed gracefully.
2025-06-13 11:55:01 [main] INFO  a.pages.AccountsPage - ⏳ Waiting for spinner to fully disappear...
2025-06-13 11:55:16 [main] WARN  a.pages.AccountsPage - ⚠️ Spinner wait skipped or failed gracefully.
2025-06-13 11:55:16 [main] INFO  a.pages.AccountsPage - ✅ Accounts Tab Clicked
2025-06-13 11:55:16 [main] INFO  a.pages.AccountsPage - ⏳ Waiting for spinner to fully disappear...
2025-06-13 11:55:31 [main] WARN  a.pages.AccountsPage - ⚠️ Spinner wait skipped or failed gracefully.
2025-06-13 11:55:32 [main] WARN  a.pages.AccountsPage - ⚠️ Click intercepted attempt 1/3: element click intercepted: Element <span _ngcontent-ng-c1284850809="" class="text-blue-500 font-semibold">...</span> is not clickable at point (1419, 182). Other element would receive the click: <div _ngcontent-ng-c587276320="" class="ngx-spinner-overlay ng-tns-c587276320-1 ng-trigger ng-trigger-fadeIn ng-star-inserted ng-animating" style="background-color: rgba(51, 51, 51, 0.8); z-index: 99999; position: fixed;">...</div>
  (Session info: chrome=137.0.7151.104)
Build info: version: '4.20.0', revision: '866c76ca80'
System info: os.name: 'Windows 11', os.arch: 'amd64', os.version: '10.0', java.version: '17.0.12'
Driver info: org.openqa.selenium.chrome.ChromeDriver
Command: [a3ec2dba8044ec2cfceb25669ef17c03, clickElement {id=f.6D46776951AE3FF973EBAFA97092C436.d.007946BC1B25C7B22E91B3CA55045E4C.e.177}]
Capabilities {acceptInsecureCerts: false, browserName: chrome, browserVersion: 137.0.7151.104, chrome: {chromedriverVersion: 137.0.7151.70 (dfa4dc56b2ab..., userDataDir: C:\Users\rajum\AppData\Loca...}, fedcm:accounts: true, goog:chromeOptions: {debuggerAddress: localhost:51028}, networkConnectionEnabled: false, pageLoadStrategy: normal, platformName: windows, proxy: Proxy(), se:cdp: ws://localhost:51028/devtoo..., se:cdpVersion: 137.0.7151.104, setWindowRect: true, strictFileInteractability: false, timeouts: {implicit: 0, pageLoad: 300000, script: 30000}, unhandledPromptBehavior: dismiss and notify, webauthn:extension:credBlob: true, webauthn:extension:largeBlob: true, webauthn:extension:minPinLength: true, webauthn:extension:prf: true, webauthn:virtualAuthenticators: true}
Element: [[ChromeDriver: chrome on windows (a3ec2dba8044ec2cfceb25669ef17c03)] -> xpath: //span[contains(text(),'Detailed Statement')]]
Session ID: a3ec2dba8044ec2cfceb25669ef17c03
2025-06-13 11:55:33 [main] INFO  a.pages.AccountsPage - ⏳ Waiting for spinner to fully disappear...
2025-06-13 11:55:48 [main] WARN  a.pages.AccountsPage - ⚠️ Spinner wait skipped or failed gracefully.
2025-06-13 11:55:49 [main] WARN  a.pages.AccountsPage - ⚠️ Click intercepted attempt 2/3: element click intercepted: Element <span _ngcontent-ng-c1284850809="" class="text-blue-500 font-semibold">...</span> is not clickable at point (1419, 182). Other element would receive the click: <div _ngcontent-ng-c587276320="" class="ngx-spinner-overlay ng-tns-c587276320-1 ng-trigger ng-trigger-fadeIn ng-star-inserted ng-animating" style="background-color: rgba(51, 51, 51, 0.8); z-index: 99999; position: fixed;">...</div>
  (Session info: chrome=137.0.7151.104)
Build info: version: '4.20.0', revision: '866c76ca80'
System info: os.name: 'Windows 11', os.arch: 'amd64', os.version: '10.0', java.version: '17.0.12'
Driver info: org.openqa.selenium.chrome.ChromeDriver
Command: [a3ec2dba8044ec2cfceb25669ef17c03, clickElement {id=f.6D46776951AE3FF973EBAFA97092C436.d.007946BC1B25C7B22E91B3CA55045E4C.e.177}]
Capabilities {acceptInsecureCerts: false, browserName: chrome, browserVersion: 137.0.7151.104, chrome: {chromedriverVersion: 137.0.7151.70 (dfa4dc56b2ab..., userDataDir: C:\Users\rajum\AppData\Loca...}, fedcm:accounts: true, goog:chromeOptions: {debuggerAddress: localhost:51028}, networkConnectionEnabled: false, pageLoadStrategy: normal, platformName: windows, proxy: Proxy(), se:cdp: ws://localhost:51028/devtoo..., se:cdpVersion: 137.0.7151.104, setWindowRect: true, strictFileInteractability: false, timeouts: {implicit: 0, pageLoad: 300000, script: 30000}, unhandledPromptBehavior: dismiss and notify, webauthn:extension:credBlob: true, webauthn:extension:largeBlob: true, webauthn:extension:minPinLength: true, webauthn:extension:prf: true, webauthn:virtualAuthenticators: true}
Element: [[ChromeDriver: chrome on windows (a3ec2dba8044ec2cfceb25669ef17c03)] -> xpath: //span[contains(text(),'Detailed Statement')]]
Session ID: a3ec2dba8044ec2cfceb25669ef17c03
2025-06-13 11:55:50 [main] INFO  a.pages.AccountsPage - ⏳ Waiting for spinner to fully disappear...
2025-06-13 11:56:11 [main] INFO  a.pages.AccountsPage - ✅ Spinner disappeared.
2025-06-13 11:56:11 [main] INFO  a.pages.AccountsPage - ⏳ Waiting for spinner to fully disappear...
2025-06-13 11:56:35 [main] INFO  a.pages.AccountsPage - ✅ Spinner disappeared.
2025-06-13 11:56:35 [main] INFO  a.pages.AccountsPage - ⏳ Waiting for spinner to fully disappear...
2025-06-13 11:56:55 [main] INFO  a.pages.AccountsPage - ✅ Spinner disappeared.
2025-06-13 11:56:55 [main] INFO  a.pages.AccountsPage - ✅ Detailed Account Statement Button Clicked
2025-06-13 11:56:55 [main] INFO  a.pages.AccountsPage - ⏳ Waiting for spinner to fully disappear...
2025-06-13 11:57:15 [main] INFO  a.pages.AccountsPage - ✅ Spinner disappeared.
2025-06-13 11:57:15 [main] INFO  a.pages.AccountsPage - ⏳ Waiting for spinner to fully disappear...
2025-06-13 11:57:36 [main] INFO  a.pages.AccountsPage - ✅ Spinner disappeared.
2025-06-13 11:57:36 [main] INFO  a.pages.AccountsPage - ✅ Download Button Clicked
2025-06-13 11:57:36 [main] INFO  a.pages.AccountsPage - ⏳ Waiting for spinner to fully disappear...
2025-06-13 11:57:56 [main] INFO  a.pages.AccountsPage - ✅ Spinner disappeared.
2025-06-13 11:57:56 [main] INFO  a.pages.AccountsPage - ⏳ Waiting for spinner to fully disappear...
2025-06-13 11:57:57 [main] INFO  a.pages.AccountsPage - ✅ Spinner disappeared.
2025-06-13 11:57:57 [main] INFO  a.pages.AccountsPage - ✅ Download Statement Button Clicked
2025-06-13 11:57:57 [main] INFO  a.pages.AccountsPage - 🎉 Statement download for 1 Month (PDF) triggered successfully.
2025-06-13 11:57:57 [main] INFO  a.pages.AccountsPage - ▶️ Starting: Download 3 Months Statement in PDF format
2025-06-13 11:57:57 [main] INFO  a.pages.AccountsPage - Clicking Accounts Tab
2025-06-13 11:57:57 [main] INFO  a.pages.AccountsPage - ⏳ Waiting for spinner to fully disappear...
2025-06-13 11:58:33 [main] INFO  a.pages.AccountsPage - ✅ Spinner disappeared.
2025-06-13 11:58:33 [main] INFO  a.pages.AccountsPage - ⏳ Waiting for spinner to fully disappear...
2025-06-13 11:58:34 [main] INFO  a.pages.AccountsPage - ✅ Spinner disappeared.
2025-06-13 11:58:34 [main] INFO  a.pages.AccountsPage - ⏳ Waiting for spinner to fully disappear...
2025-06-13 11:58:55 [main] INFO  a.pages.AccountsPage - ✅ Spinner disappeared.
2025-06-13 11:58:55 [main] INFO  a.pages.AccountsPage - ✅ Accounts Tab Clicked
2025-06-13 11:58:55 [main] INFO  a.pages.AccountsPage - ⏳ Waiting for spinner to fully disappear...
2025-06-13 11:59:16 [main] INFO  a.pages.AccountsPage - ✅ Spinner disappeared.
2025-06-13 11:59:16 [main] INFO  a.pages.AccountsPage - ⏳ Waiting for spinner to fully disappear...
2025-06-13 11:59:17 [main] INFO  a.pages.AccountsPage - ✅ Spinner disappeared.
2025-06-13 11:59:17 [main] INFO  a.pages.AccountsPage - ⏳ Waiting for spinner to fully disappear...
2025-06-13 11:59:38 [main] INFO  a.pages.AccountsPage - ✅ Spinner disappeared.
2025-06-13 11:59:38 [main] INFO  a.pages.AccountsPage - ✅ Detailed Account Statement Button Clicked
2025-06-13 11:59:38 [main] INFO  a.pages.AccountsPage - ⏳ Waiting for spinner to fully disappear...
2025-06-13 11:59:58 [main] INFO  a.pages.AccountsPage - ✅ Spinner disappeared.
2025-06-13 11:59:58 [main] INFO  a.pages.AccountsPage - ⏳ Waiting for spinner to fully disappear...
2025-06-13 12:00:16 [main] WARN  a.pages.AccountsPage - ⚠️ Spinner wait skipped or failed gracefully.
2025-06-13 12:00:16 [main] INFO  a.pages.AccountsPage - ⏳ Waiting for spinner to fully disappear...
2025-06-13 12:00:32 [main] WARN  a.pages.AccountsPage - ⚠️ Spinner wait skipped or failed gracefully.
2025-06-13 12:00:32 [main] INFO  a.pages.AccountsPage - ✅ 3 Months Button Clicked
2025-06-13 12:00:32 [main] INFO  a.pages.AccountsPage - ⏳ Waiting for spinner to fully disappear...
2025-06-13 12:00:47 [main] WARN  a.pages.AccountsPage - ⚠️ Spinner wait skipped or failed gracefully.
2025-06-13 12:00:48 [main] WARN  a.pages.AccountsPage - ⚠️ Click intercepted attempt 1/3: element click intercepted: Element <span _ngcontent-ng-c1879628175="" class="text-blue-500 font-semibold">...</span> is not clickable at point (1442, 182). Other element would receive the click: <div _ngcontent-ng-c587276320="" class="ngx-spinner-overlay ng-tns-c587276320-1 ng-trigger ng-trigger-fadeIn ng-star-inserted ng-animating" style="background-color: rgba(51, 51, 51, 0.8); z-index: 99999; position: fixed;">...</div>
  (Session info: chrome=137.0.7151.104)
Build info: version: '4.20.0', revision: '866c76ca80'
System info: os.name: 'Windows 11', os.arch: 'amd64', os.version: '10.0', java.version: '17.0.12'
Driver info: org.openqa.selenium.chrome.ChromeDriver
Command: [a3ec2dba8044ec2cfceb25669ef17c03, clickElement {id=f.6D46776951AE3FF973EBAFA97092C436.d.007946BC1B25C7B22E91B3CA55045E4C.e.269}]
Capabilities {acceptInsecureCerts: false, browserName: chrome, browserVersion: 137.0.7151.104, chrome: {chromedriverVersion: 137.0.7151.70 (dfa4dc56b2ab..., userDataDir: C:\Users\rajum\AppData\Loca...}, fedcm:accounts: true, goog:chromeOptions: {debuggerAddress: localhost:51028}, networkConnectionEnabled: false, pageLoadStrategy: normal, platformName: windows, proxy: Proxy(), se:cdp: ws://localhost:51028/devtoo..., se:cdpVersion: 137.0.7151.104, setWindowRect: true, strictFileInteractability: false, timeouts: {implicit: 0, pageLoad: 300000, script: 30000}, unhandledPromptBehavior: dismiss and notify, webauthn:extension:credBlob: true, webauthn:extension:largeBlob: true, webauthn:extension:minPinLength: true, webauthn:extension:prf: true, webauthn:virtualAuthenticators: true}
Element: [[ChromeDriver: chrome on windows (a3ec2dba8044ec2cfceb25669ef17c03)] -> xpath: //span[contains(@class,'text-blue-500') and contains(text(),'Download')]]
Session ID: a3ec2dba8044ec2cfceb25669ef17c03
2025-06-13 12:00:49 [main] INFO  a.pages.AccountsPage - ⏳ Waiting for spinner to fully disappear...
2025-06-13 12:01:01 [main] INFO  a.pages.AccountsPage - ✅ Spinner disappeared.
2025-06-13 12:01:02 [main] INFO  a.pages.AccountsPage - ⏳ Waiting for spinner to fully disappear...
2025-06-13 12:01:22 [main] INFO  a.pages.AccountsPage - ✅ Spinner disappeared.
2025-06-13 12:01:22 [main] INFO  a.pages.AccountsPage - ✅ Download Button Clicked
2025-06-13 12:01:22 [main] INFO  a.pages.AccountsPage - ⏳ Waiting for spinner to fully disappear...
2025-06-13 12:01:42 [main] INFO  a.pages.AccountsPage - ✅ Spinner disappeared.
2025-06-13 12:01:43 [main] INFO  a.pages.AccountsPage - ⏳ Waiting for spinner to fully disappear...
2025-06-13 12:01:58 [main] WARN  a.pages.AccountsPage - ⚠️ Spinner wait skipped or failed gracefully.
2025-06-13 12:01:58 [main] INFO  a.pages.AccountsPage - ✅ Download Statement Button Clicked
2025-06-13 12:01:58 [main] INFO  a.pages.AccountsPage - 🎉 Statement download for 3 Months (PDF) triggered successfully.
2025-06-13 12:01:58 [main] INFO  a.pages.AccountsPage - ▶️ Starting: Download 1 Month Statement in XLS format
2025-06-13 12:01:58 [main] INFO  a.pages.AccountsPage - Clicking Accounts Tab
2025-06-13 12:01:58 [main] INFO  a.pages.AccountsPage - ⏳ Waiting for spinner to fully disappear...
2025-06-13 12:02:19 [main] INFO  a.pages.AccountsPage - ✅ Spinner disappeared.
2025-06-13 12:02:19 [main] INFO  a.pages.AccountsPage - ⏳ Waiting for spinner to fully disappear...
2025-06-13 12:02:20 [main] INFO  a.pages.AccountsPage - ✅ Spinner disappeared.
2025-06-13 12:02:20 [main] INFO  a.pages.AccountsPage - ⏳ Waiting for spinner to fully disappear...
2025-06-13 12:02:43 [main] INFO  a.pages.AccountsPage - ✅ Spinner disappeared.
2025-06-13 12:02:43 [main] INFO  a.pages.AccountsPage - ✅ Accounts Tab Clicked
2025-06-13 12:02:43 [main] INFO  a.pages.AccountsPage - ⏳ Waiting for spinner to fully disappear...
2025-06-13 12:03:03 [main] INFO  a.pages.AccountsPage - ✅ Spinner disappeared.
2025-06-13 12:03:03 [main] INFO  a.pages.AccountsPage - ⏳ Waiting for spinner to fully disappear...
2025-06-13 12:03:28 [main] INFO  a.pages.AccountsPage - ✅ Spinner disappeared.
2025-06-13 12:03:28 [main] INFO  a.pages.AccountsPage - ⏳ Waiting for spinner to fully disappear...
2025-06-13 12:03:48 [main] INFO  a.pages.AccountsPage - ✅ Spinner disappeared.
2025-06-13 12:03:48 [main] INFO  a.pages.AccountsPage - ✅ Detailed Account Statement Button Clicked
2025-06-13 12:03:48 [main] INFO  a.pages.AccountsPage - ⏳ Waiting for spinner to fully disappear...
2025-06-13 12:04:09 [main] INFO  a.pages.AccountsPage - ✅ Spinner disappeared.
2025-06-13 12:04:09 [main] INFO  a.pages.AccountsPage - ⏳ Waiting for spinner to fully disappear...
2025-06-13 12:04:29 [main] INFO  a.pages.AccountsPage - ✅ Spinner disappeared.
2025-06-13 12:04:29 [main] INFO  a.pages.AccountsPage - ✅ Download Button Clicked
2025-06-13 12:04:29 [main] INFO  a.pages.AccountsPage - ⏳ Waiting for spinner to fully disappear...
2025-06-13 12:04:50 [main] INFO  a.pages.AccountsPage - ✅ Spinner disappeared.
2025-06-13 12:04:50 [main] INFO  a.pages.AccountsPage - ⏳ Waiting for spinner to fully disappear...
2025-06-13 12:05:10 [main] INFO  a.pages.AccountsPage - ✅ Spinner disappeared.
2025-06-13 12:05:10 [main] INFO  a.pages.AccountsPage - ✅ XLS Format Selected
2025-06-13 12:05:10 [main] INFO  a.pages.AccountsPage - ⏳ Waiting for spinner to fully disappear...
2025-06-13 12:05:31 [main] INFO  a.pages.AccountsPage - ✅ Spinner disappeared.
2025-06-13 12:05:31 [main] INFO  a.pages.AccountsPage - ⏳ Waiting for spinner to fully disappear...
2025-06-13 12:05:32 [main] INFO  a.pages.AccountsPage - ✅ Spinner disappeared.
2025-06-13 12:05:32 [main] INFO  a.pages.AccountsPage - ✅ Download Statement Button Clicked
2025-06-13 12:05:32 [main] INFO  a.pages.AccountsPage - ⏳ Waiting for spinner to fully disappear...
2025-06-13 12:05:43 [main] INFO  a.pages.AccountsPage - ✅ Spinner disappeared.
2025-06-13 12:05:43 [main] INFO  a.pages.AccountsPage - 🎉 Statement download for 1 Month (XLS) triggered successfully.
2025-06-13 12:05:43 [main] INFO  a.pages.AccountsPage - ▶️ Starting: Download 3 Months Statement in XLS format
2025-06-13 12:05:43 [main] INFO  a.pages.AccountsPage - Clicking Accounts Tab
2025-06-13 12:05:43 [main] INFO  a.pages.AccountsPage - ⏳ Waiting for spinner to fully disappear...
2025-06-13 12:05:58 [main] INFO  a.pages.AccountsPage - ✅ Spinner disappeared.
2025-06-13 12:06:18 [main] WARN  a.pages.AccountsPage - ⚠️ Click failed attempt 1/3: Expected condition failed: waiting for element to be clickable: By.xpath: //span[@class='p-menuitem-text' and text()='Accounts'] (tried for 15 second(s) with 500 milliseconds interval)
Build info: version: '4.20.0', revision: '866c76ca80'
System info: os.name: 'Windows 11', os.arch: 'amd64', os.version: '10.0', java.version: '17.0.12'
Driver info: org.openqa.selenium.chrome.ChromeDriver
Capabilities {acceptInsecureCerts: false, browserName: chrome, browserVersion: 137.0.7151.104, chrome: {chromedriverVersion: 137.0.7151.70 (dfa4dc56b2ab..., userDataDir: C:\Users\rajum\AppData\Loca...}, fedcm:accounts: true, goog:chromeOptions: {debuggerAddress: localhost:51028}, networkConnectionEnabled: false, pageLoadStrategy: normal, platformName: windows, proxy: Proxy(), se:cdp: ws://localhost:51028/devtoo..., se:cdpVersion: 137.0.7151.104, setWindowRect: true, strictFileInteractability: false, timeouts: {implicit: 0, pageLoad: 300000, script: 30000}, unhandledPromptBehavior: dismiss and notify, webauthn:extension:credBlob: true, webauthn:extension:largeBlob: true, webauthn:extension:minPinLength: true, webauthn:extension:prf: true, webauthn:virtualAuthenticators: true}
Session ID: a3ec2dba8044ec2cfceb25669ef17c03
2025-06-13 12:06:19 [main] INFO  a.pages.AccountsPage - ⏳ Waiting for spinner to fully disappear...
2025-06-13 12:06:34 [main] WARN  a.pages.AccountsPage - ⚠️ Spinner wait skipped or failed gracefully.
2025-06-13 12:06:54 [main] WARN  a.pages.AccountsPage - ⚠️ Click failed attempt 2/3: Expected condition failed: waiting for element to be clickable: By.xpath: //span[@class='p-menuitem-text' and text()='Accounts'] (tried for 15 second(s) with 500 milliseconds interval)
Build info: version: '4.20.0', revision: '866c76ca80'
System info: os.name: 'Windows 11', os.arch: 'amd64', os.version: '10.0', java.version: '17.0.12'
Driver info: org.openqa.selenium.chrome.ChromeDriver
Capabilities {acceptInsecureCerts: false, browserName: chrome, browserVersion: 137.0.7151.104, chrome: {chromedriverVersion: 137.0.7151.70 (dfa4dc56b2ab..., userDataDir: C:\Users\rajum\AppData\Loca...}, fedcm:accounts: true, goog:chromeOptions: {debuggerAddress: localhost:51028}, networkConnectionEnabled: false, pageLoadStrategy: normal, platformName: windows, proxy: Proxy(), se:cdp: ws://localhost:51028/devtoo..., se:cdpVersion: 137.0.7151.104, setWindowRect: true, strictFileInteractability: false, timeouts: {implicit: 0, pageLoad: 300000, script: 30000}, unhandledPromptBehavior: dismiss and notify, webauthn:extension:credBlob: true, webauthn:extension:largeBlob: true, webauthn:extension:minPinLength: true, webauthn:extension:prf: true, webauthn:virtualAuthenticators: true}
Session ID: a3ec2dba8044ec2cfceb25669ef17c03
2025-06-13 12:06:55 [main] INFO  a.pages.AccountsPage - ⏳ Waiting for spinner to fully disappear...
2025-06-13 12:07:10 [main] WARN  a.pages.AccountsPage - ⚠️ Spinner wait skipped or failed gracefully.
2025-06-13 12:07:31 [main] WARN  a.pages.AccountsPage - ⚠️ Click failed attempt 3/3: Expected condition failed: waiting for element to be clickable: By.xpath: //span[@class='p-menuitem-text' and text()='Accounts'] (tried for 15 second(s) with 500 milliseconds interval)
Build info: version: '4.20.0', revision: '866c76ca80'
System info: os.name: 'Windows 11', os.arch: 'amd64', os.version: '10.0', java.version: '17.0.12'
Driver info: org.openqa.selenium.chrome.ChromeDriver
Capabilities {acceptInsecureCerts: false, browserName: chrome, browserVersion: 137.0.7151.104, chrome: {chromedriverVersion: 137.0.7151.70 (dfa4dc56b2ab..., userDataDir: C:\Users\rajum\AppData\Loca...}, fedcm:accounts: true, goog:chromeOptions: {debuggerAddress: localhost:51028}, networkConnectionEnabled: false, pageLoadStrategy: normal, platformName: windows, proxy: Proxy(), se:cdp: ws://localhost:51028/devtoo..., se:cdpVersion: 137.0.7151.104, setWindowRect: true, strictFileInteractability: false, timeouts: {implicit: 0, pageLoad: 300000, script: 30000}, unhandledPromptBehavior: dismiss and notify, webauthn:extension:credBlob: true, webauthn:extension:largeBlob: true, webauthn:extension:minPinLength: true, webauthn:extension:prf: true, webauthn:virtualAuthenticators: true}
Session ID: a3ec2dba8044ec2cfceb25669ef17c03
2025-06-13 12:07:31 [main] ERROR a.pages.AccountsPage - ❌ Error during 3 Months statement download (XLS): ❌ Click failed after 3 attempts: By.xpath: //span[@class='p-menuitem-text' and text()='Accounts']
