2025-06-20 13:03:02 [main] INFO  org.testng.internal.Utils - [Utils] MethodGroupsHelper.collectMethodsByGroup() took 2 ms.
2025-06-20 13:03:02 [main] INFO  org.testng.internal.Utils - [Utils] MethodGroupsHelper.sortMethods() took 3 ms.
2025-06-20 13:03:02 [main] INFO  org.testng.internal.Utils - [Utils] MethodGroupsHelper.collectMethodsByGroup() took 0 ms.
2025-06-20 13:03:02 [main] INFO  org.testng.internal.Utils - [Utils] MethodGroupsHelper.sortMethods() took 0 ms.
2025-06-20 13:03:02 [main] INFO  org.testng.internal.Utils - [Utils] MethodGroupsHelper.collectMethodsByGroup() took 0 ms.
2025-06-20 13:03:02 [main] INFO  org.testng.internal.Utils - [Utils] MethodGroupsHelper.sortMethods() took 0 ms.
2025-06-20 13:03:02 [main] INFO  org.testng.internal.Utils - [Utils] MethodGroupsHelper.collectMethodsByGroup() took 0 ms.
2025-06-20 13:03:02 [main] INFO  org.testng.internal.Utils - [Utils] MethodGroupsHelper.sortMethods() took 0 ms.
2025-06-20 13:03:02 [main] INFO  org.testng.internal.Utils - [Utils] MethodGroupsHelper.collectMethodsByGroup() took 7 ms.
2025-06-20 13:03:02 [main] INFO  org.testng.internal.Utils - [Utils] MethodGroupsHelper.sortMethods() took 27 ms.
2025-06-20 13:03:02 [main] INFO  org.testng.internal.Utils - [Utils] MethodGroupsHelper.collectMethodsByGroup() took 1 ms.
2025-06-20 13:03:02 [main] INFO  org.testng.internal.Utils - [Utils] MethodGroupsHelper.sortMethods() took 1 ms.
2025-06-20 13:03:02 [main] INFO  org.testng.internal.Utils - [Utils] MethodGroupsHelper.collectMethodsByGroup() took 0 ms.
2025-06-20 13:03:02 [main] INFO  org.testng.internal.Utils - [Utils] MethodGroupsHelper.sortMethods() took 0 ms.
2025-06-20 13:03:02 [main] INFO  org.testng.internal.Utils - [Utils] MethodGroupsHelper.collectMethodsByGroup() took 0 ms.
2025-06-20 13:03:02 [main] INFO  org.testng.internal.Utils - [Utils] MethodGroupsHelper.sortMethods() took 0 ms.
2025-06-20 13:03:02 [main] INFO  org.testng.internal.Utils - [Utils] MethodGroupsHelper.collectMethodsByGroup() took 0 ms.
2025-06-20 13:03:02 [main] INFO  org.testng.internal.Utils - [Utils] MethodGroupsHelper.sortMethods() took 0 ms.
2025-06-20 13:03:02 [main] INFO  org.testng.internal.Utils - [Utils] MethodGroupsHelper.collectMethodsByGroup() took 1 ms.
2025-06-20 13:03:02 [main] INFO  org.testng.internal.Utils - [Utils] MethodGroupsHelper.sortMethods() took 1 ms.
2025-06-20 13:03:02 [main] INFO  org.testng.internal.Utils - [Utils] MethodGroupsHelper.collectMethodsByGroup() took 0 ms.
2025-06-20 13:03:02 [main] INFO  org.testng.internal.Utils - [Utils] MethodGroupsHelper.sortMethods() took 0 ms.
2025-06-20 13:03:02 [main] INFO  org.testng.internal.Utils - [Utils] MethodGroupsHelper.collectMethodsByGroup() took 0 ms.
2025-06-20 13:03:02 [main] INFO  org.testng.internal.Utils - [Utils] MethodGroupsHelper.sortMethods() took 0 ms.
2025-06-20 13:03:02 [main] INFO  org.testng.internal.Utils - [Utils] MethodGroupsHelper.collectMethodsByGroup() took 2 ms.
2025-06-20 13:03:02 [main] INFO  org.testng.internal.Utils - [Utils] MethodGroupsHelper.sortMethods() took 29 ms.
2025-06-20 13:03:02 [main] INFO  org.testng.internal.Utils - [Utils] MethodGroupsHelper.collectMethodsByGroup() took 0 ms.
2025-06-20 13:03:02 [main] INFO  org.testng.internal.Utils - [Utils] MethodGroupsHelper.sortMethods() took 0 ms.
2025-06-20 13:03:02 [main] INFO  org.testng.internal.Utils - [Utils] MethodGroupsHelper.collectMethodsByGroup() took 0 ms.
2025-06-20 13:03:02 [main] INFO  org.testng.internal.Utils - [Utils] MethodGroupsHelper.sortMethods() took 0 ms.
2025-06-20 13:03:02 [main] INFO  org.testng.internal.Utils - [TestNG] Running:
  C:\Users\rajum\AppData\Local\Temp\testng-eclipse-1031976543\testng-customsuite.xml

2025-06-20 13:03:02 [main] INFO  org.testng.internal.Utils - [Utils] DynamicGraphHelper.createDynamicGraph() took 16 ms.
2025-06-20 13:03:02 [main] INFO  automationFramework.utils.LoggerUtil - Initializing browser and report...
2025-06-20 13:03:03 [main] INFO  i.g.bonigarcia.wdm.WebDriverManager - Using chromedriver 137.0.7151.119 (resolved driver for Chrome 137)
2025-06-20 13:03:03 [main] INFO  i.g.bonigarcia.wdm.WebDriverManager - Exporting webdriver.chrome.driver as C:\Users\rajum\.cache\selenium\chromedriver\win64\137.0.7151.119\chromedriver.exe
2025-06-20 13:03:07 [main] INFO  automationFramework.utils.LoggerUtil - Setup complete.
2025-06-20 13:03:07 [main] INFO  automationFramework.pages.LoginPage - ✅ Captcha wait time loaded: 10 seconds
2025-06-20 13:03:13 [main] INFO  automationFramework.pages.LoginPage - 🟦 Navigated to URL: https://uatnet.svcbank.com/ReachSVCInet/SVC-web/inet/netbanking
2025-06-20 13:03:13 [main] INFO  automationFramework.pages.LoginPage - ✅ Entered username: TEST001
2025-06-20 13:03:13 [main] INFO  automationFramework.pages.LoginPage - ⏳ Waiting for manual captcha input (10 seconds)
2025-06-20 13:03:23 [main] INFO  automationFramework.pages.LoginPage - ✅ Clicked first Login button
2025-06-20 13:03:25 [main] INFO  automationFramework.pages.LoginPage - ✅ Entered password
2025-06-20 13:03:26 [main] ERROR automationFramework.pages.LoginPage - ❌ Login failed: element click intercepted: Element <button pripple="" pautofocus="" class="p-ripple p-element p-button p-component p-button-raised" type="button" data-pc-name="button" data-pc-section="root">...</button> is not clickable at point (295, 632). Other element would receive the click: <div _ngcontent-ng-c587276320="" class="ngx-spinner-overlay ng-tns-c587276320-1 ng-trigger ng-trigger-fadeIn ng-star-inserted ng-animating" style="background-color: rgba(51, 51, 51, 0.8); z-index: 99999; position: fixed;">...</div>
  (Session info: chrome=137.0.7151.104)
Build info: version: '4.20.0', revision: '866c76ca80'
System info: os.name: 'Windows 11', os.arch: 'amd64', os.version: '10.0', java.version: '17.0.12'
Driver info: org.openqa.selenium.chrome.ChromeDriver
Command: [e85e2b8c8ccea719ee5ef45612dee5f0, clickElement {id=f.60F73A8FEF828D1E9DBB3F725BC50064.d.9FC8793E9B0947444A035881FB415EE5.e.47}]
Capabilities {acceptInsecureCerts: false, browserName: chrome, browserVersion: 137.0.7151.104, chrome: {chromedriverVersion: 137.0.7151.119 (e0ac9d12dff..., userDataDir: C:\Users\rajum\AppData\Loca...}, fedcm:accounts: true, goog:chromeOptions: {debuggerAddress: localhost:57913}, networkConnectionEnabled: false, pageLoadStrategy: normal, platformName: windows, proxy: Proxy(), se:cdp: ws://localhost:57913/devtoo..., se:cdpVersion: 137.0.7151.104, setWindowRect: true, strictFileInteractability: false, timeouts: {implicit: 0, pageLoad: 300000, script: 30000}, unhandledPromptBehavior: dismiss and notify, webauthn:extension:credBlob: true, webauthn:extension:largeBlob: true, webauthn:extension:minPinLength: true, webauthn:extension:prf: true, webauthn:virtualAuthenticators: true}
Element: [[ChromeDriver: chrome on windows (e85e2b8c8ccea719ee5ef45612dee5f0)] -> xpath: //button[.//span[text()='Login']]]
Session ID: e85e2b8c8ccea719ee5ef45612dee5f0
2025-06-20 13:03:27 [main] INFO  automationFramework.utils.LoggerUtil - Flushing extent report...
2025-06-20 13:03:28 [main] INFO  automationFramework.utils.LoggerUtil - 📧 Sending report via email...
