2025-06-18 17:13:51 [main] INFO  org.testng.internal.Utils - [Utils] MethodGroupsHelper.collectMethodsByGroup() took 2 ms.
2025-06-18 17:13:51 [main] INFO  org.testng.internal.Utils - [Utils] MethodGroupsHelper.sortMethods() took 3 ms.
2025-06-18 17:13:51 [main] INFO  org.testng.internal.Utils - [Utils] MethodGroupsHelper.collectMethodsByGroup() took 0 ms.
2025-06-18 17:13:51 [main] INFO  org.testng.internal.Utils - [Utils] MethodGroupsHelper.sortMethods() took 0 ms.
2025-06-18 17:13:51 [main] INFO  org.testng.internal.Utils - [Utils] MethodGroupsHelper.collectMethodsByGroup() took 0 ms.
2025-06-18 17:13:51 [main] INFO  org.testng.internal.Utils - [Utils] MethodGroupsHelper.sortMethods() took 0 ms.
2025-06-18 17:13:51 [main] INFO  org.testng.internal.Utils - [Utils] MethodGroupsHelper.collectMethodsByGroup() took 0 ms.
2025-06-18 17:13:51 [main] INFO  org.testng.internal.Utils - [Utils] MethodGroupsHelper.sortMethods() took 0 ms.
2025-06-18 17:13:51 [main] INFO  org.testng.internal.Utils - [Utils] MethodGroupsHelper.collectMethodsByGroup() took 7 ms.
2025-06-18 17:13:51 [main] INFO  org.testng.internal.Utils - [Utils] MethodGroupsHelper.sortMethods() took 29 ms.
2025-06-18 17:13:51 [main] INFO  org.testng.internal.Utils - [Utils] MethodGroupsHelper.collectMethodsByGroup() took 1 ms.
2025-06-18 17:13:51 [main] INFO  org.testng.internal.Utils - [Utils] MethodGroupsHelper.sortMethods() took 1 ms.
2025-06-18 17:13:51 [main] INFO  org.testng.internal.Utils - [Utils] MethodGroupsHelper.collectMethodsByGroup() took 0 ms.
2025-06-18 17:13:51 [main] INFO  org.testng.internal.Utils - [Utils] MethodGroupsHelper.sortMethods() took 0 ms.
2025-06-18 17:13:51 [main] INFO  org.testng.internal.Utils - [Utils] MethodGroupsHelper.collectMethodsByGroup() took 0 ms.
2025-06-18 17:13:51 [main] INFO  org.testng.internal.Utils - [Utils] MethodGroupsHelper.sortMethods() took 0 ms.
2025-06-18 17:13:51 [main] INFO  org.testng.internal.Utils - [Utils] MethodGroupsHelper.collectMethodsByGroup() took 0 ms.
2025-06-18 17:13:51 [main] INFO  org.testng.internal.Utils - [Utils] MethodGroupsHelper.sortMethods() took 0 ms.
2025-06-18 17:13:51 [main] INFO  org.testng.internal.Utils - [Utils] MethodGroupsHelper.collectMethodsByGroup() took 1 ms.
2025-06-18 17:13:51 [main] INFO  org.testng.internal.Utils - [Utils] MethodGroupsHelper.sortMethods() took 0 ms.
2025-06-18 17:13:51 [main] INFO  org.testng.internal.Utils - [Utils] MethodGroupsHelper.collectMethodsByGroup() took 0 ms.
2025-06-18 17:13:51 [main] INFO  org.testng.internal.Utils - [Utils] MethodGroupsHelper.sortMethods() took 0 ms.
2025-06-18 17:13:51 [main] INFO  org.testng.internal.Utils - [Utils] MethodGroupsHelper.collectMethodsByGroup() took 0 ms.
2025-06-18 17:13:51 [main] INFO  org.testng.internal.Utils - [Utils] MethodGroupsHelper.sortMethods() took 0 ms.
2025-06-18 17:13:51 [main] INFO  org.testng.internal.Utils - [Utils] MethodGroupsHelper.collectMethodsByGroup() took 2 ms.
2025-06-18 17:13:51 [main] INFO  org.testng.internal.Utils - [Utils] MethodGroupsHelper.sortMethods() took 15 ms.
2025-06-18 17:13:51 [main] INFO  org.testng.internal.Utils - [Utils] MethodGroupsHelper.collectMethodsByGroup() took 0 ms.
2025-06-18 17:13:51 [main] INFO  org.testng.internal.Utils - [Utils] MethodGroupsHelper.sortMethods() took 0 ms.
2025-06-18 17:13:51 [main] INFO  org.testng.internal.Utils - [Utils] MethodGroupsHelper.collectMethodsByGroup() took 0 ms.
2025-06-18 17:13:51 [main] INFO  org.testng.internal.Utils - [Utils] MethodGroupsHelper.sortMethods() took 0 ms.
2025-06-18 17:13:51 [main] INFO  org.testng.internal.Utils - [TestNG] Running:
  C:\Users\rajum\AppData\Local\Temp\testng-eclipse-539948234\testng-customsuite.xml

2025-06-18 17:13:51 [main] INFO  org.testng.internal.Utils - [Utils] DynamicGraphHelper.createDynamicGraph() took 13 ms.
2025-06-18 17:13:51 [main] INFO  automationFramework.utils.LoggerUtil - 🔧 Launching browser and loading properties...
2025-06-18 17:13:53 [main] INFO  i.g.bonigarcia.wdm.WebDriverManager - Using chromedriver 137.0.7151.119 (resolved driver for Chrome 137)
2025-06-18 17:13:53 [main] INFO  i.g.bonigarcia.wdm.WebDriverManager - Exporting webdriver.chrome.driver as C:\Users\rajum\.cache\selenium\chromedriver\win64\137.0.7151.119\chromedriver.exe
2025-06-18 17:13:56 [main] INFO  automationFramework.pages.LoginPage - ✅ Captcha wait time loaded: 10 seconds
2025-06-18 17:14:03 [main] INFO  automationFramework.pages.LoginPage - 🟦 Navigated to URL: https://uatnet.svcbank.com/ReachSVCInet/SVC-web/inet/netbanking
2025-06-18 17:14:03 [main] INFO  automationFramework.pages.LoginPage - ✅ Entered username: TEST001
2025-06-18 17:14:03 [main] INFO  automationFramework.pages.LoginPage - ⏳ Waiting for manual captcha input (10 seconds)
2025-06-18 17:14:14 [main] INFO  automationFramework.pages.LoginPage - ✅ Clicked first Login button
2025-06-18 17:14:14 [main] INFO  automationFramework.pages.LoginPage - ✅ Entered password
2025-06-18 17:14:15 [main] INFO  automationFramework.pages.LoginPage - ✅ Clicked final Login button
2025-06-18 17:14:17 [main] INFO  automationFramework.pages.LoginPage - 🎉 Login successful for user: TEST001
2025-06-18 17:14:17 [main] INFO  automationFramework.utils.LoggerUtil - ✅ Login successful
2025-06-18 17:14:17 [main] INFO  automationFramework.utils.LoggerUtil - ✅ Setup complete.
2025-06-18 17:14:17 [main] INFO  a.pages.ServicesPage - 🔄 Navigating to Services > Manage SMS...
2025-06-18 17:14:17 [main] INFO  a.pages.ServicesPage - ⏳ Waiting for spinner to fully disappear...
2025-06-18 17:14:31 [main] INFO  a.pages.ServicesPage - ✅ Spinner disappeared.
2025-06-18 17:14:32 [main] INFO  a.pages.ServicesPage - ⏳ Waiting for spinner to fully disappear...
2025-06-18 17:14:44 [main] INFO  a.pages.ServicesPage - ✅ Spinner disappeared.
2025-06-18 17:14:44 [main] INFO  a.pages.ServicesPage - ⏳ Waiting for spinner to fully disappear...
2025-06-18 17:14:54 [main] INFO  a.pages.ServicesPage - ✅ Spinner disappeared.
2025-06-18 17:14:54 [main] INFO  a.pages.ServicesPage - ⏳ Waiting for spinner to fully disappear...
2025-06-18 17:15:07 [main] INFO  a.pages.ServicesPage - ✅ Spinner disappeared.
2025-06-18 17:15:07 [main] INFO  a.pages.ServicesPage - ✅ Reached Manage SMS section.
2025-06-18 17:15:07 [main] INFO  a.pages.ServicesPage - 🔄 Generating random credit and debit amounts...
2025-06-18 17:15:07 [main] INFO  a.pages.ServicesPage - ✏️ Entering SMS thresholds - Credit: 9325, Debit: 2010
2025-06-18 17:15:07 [main] INFO  a.pages.ServicesPage - ✅ Amounts entered successfully with Credit: 9325, Debit: 2010
2025-06-18 17:15:07 [main] INFO  a.pages.ServicesPage - 💾 Clicking Save button...
2025-06-18 17:15:07 [main] INFO  a.pages.ServicesPage - ⏳ Waiting for spinner to fully disappear...
2025-06-18 17:15:17 [main] INFO  a.pages.ServicesPage - ✅ Spinner disappeared.
2025-06-18 17:15:17 [main] INFO  a.pages.ServicesPage - ⏳ Waiting for spinner to fully disappear...
2025-06-18 17:15:24 [main] INFO  a.pages.ServicesPage - ✅ Spinner disappeared.
2025-06-18 17:15:24 [main] INFO  a.pages.ServicesPage - 🔐 Entering OTP: 123456
2025-06-18 17:15:24 [main] INFO  a.pages.ServicesPage - ⏳ Waiting for spinner to fully disappear...
2025-06-18 17:15:34 [main] INFO  a.pages.ServicesPage - ✅ Spinner disappeared.
2025-06-18 17:15:34 [main] INFO  a.pages.ServicesPage - ⏳ Waiting for spinner to fully disappear...
2025-06-18 17:15:45 [main] INFO  a.pages.ServicesPage - ✅ Spinner disappeared.
2025-06-18 17:15:45 [main] INFO  a.pages.ServicesPage - ✅ OTP entered.
2025-06-18 17:15:45 [main] INFO  a.pages.ServicesPage - ➡️ Clicking Proceed...
2025-06-18 17:15:45 [main] INFO  a.pages.ServicesPage - ⏳ Waiting for spinner to fully disappear...
2025-06-18 17:15:55 [main] INFO  a.pages.ServicesPage - ✅ Spinner disappeared.
2025-06-18 17:15:55 [main] INFO  a.pages.ServicesPage - ⏳ Waiting for spinner to fully disappear...
2025-06-18 17:15:56 [main] INFO  a.pages.ServicesPage - ✅ Spinner disappeared.
2025-06-18 17:15:56 [main] INFO  a.pages.ServicesPage - ✅ Success popup visibility: true
2025-06-18 17:15:56 [main] INFO  a.pages.ServicesPage - 🆗 Clicking Okay on success popup...
2025-06-18 17:15:56 [main] INFO  a.pages.ServicesPage - ⏳ Waiting for spinner to fully disappear...
2025-06-18 17:16:07 [main] INFO  a.pages.ServicesPage - ✅ Spinner disappeared.
2025-06-18 17:16:07 [main] INFO  a.pages.ServicesPage - ⏳ Waiting for spinner to fully disappear...
2025-06-18 17:16:17 [main] INFO  a.pages.ServicesPage - ✅ Spinner disappeared.
2025-06-18 17:16:17 [main] INFO  automationFramework.utils.LoggerUtil - ✅ Threshold saved and verified successfully.
2025-06-18 17:16:17 [main] INFO  a.pages.ServicesPage - 🔄 Navigating to Services > Manage SMS...
2025-06-18 17:16:17 [main] INFO  a.pages.ServicesPage - ⏳ Waiting for spinner to fully disappear...
2025-06-18 17:16:28 [main] INFO  a.pages.ServicesPage - ✅ Spinner disappeared.
2025-06-18 17:16:28 [main] INFO  a.pages.ServicesPage - ⏳ Waiting for spinner to fully disappear...
2025-06-18 17:16:34 [main] INFO  a.pages.ServicesPage - ✅ Spinner disappeared.
2025-06-18 17:16:34 [main] INFO  a.pages.ServicesPage - ⏳ Waiting for spinner to fully disappear...
2025-06-18 17:16:44 [main] INFO  a.pages.ServicesPage - ✅ Spinner disappeared.
2025-06-18 17:16:44 [main] INFO  a.pages.ServicesPage - ⏳ Waiting for spinner to fully disappear...
2025-06-18 17:16:56 [main] INFO  a.pages.ServicesPage - ✅ Spinner disappeared.
2025-06-18 17:16:56 [main] INFO  a.pages.ServicesPage - ✅ Reached Manage SMS section.
2025-06-18 17:16:56 [main] INFO  a.pages.ServicesPage - 🔄 Setting invalid threshold values: empty=true, negative=false
2025-06-18 17:16:57 [main] INFO  a.pages.ServicesPage - ✏️ Invalid thresholds set - Credit: , Debit: 
2025-06-18 17:16:57 [main] INFO  a.pages.ServicesPage - 💾 Clicking Save button...
2025-06-18 17:16:57 [main] INFO  a.pages.ServicesPage - ⏳ Waiting for spinner to fully disappear...
2025-06-18 17:17:07 [main] INFO  a.pages.ServicesPage - ✅ Spinner disappeared.
2025-06-18 17:17:07 [main] INFO  a.pages.ServicesPage - ⏳ Waiting for spinner to fully disappear...
2025-06-18 17:17:17 [main] INFO  a.pages.ServicesPage - ✅ Spinner disappeared.
2025-06-18 17:17:34 [main] INFO  a.pages.ServicesPage - ⚠️ No error message found.
2025-06-18 17:17:34 [main] INFO  a.pages.ServicesPage - 🔄 Navigating to Services > Manage SMS...
2025-06-18 17:17:34 [main] INFO  a.pages.ServicesPage - ⏳ Waiting for spinner to fully disappear...
2025-06-18 17:17:44 [main] INFO  a.pages.ServicesPage - ✅ Spinner disappeared.
2025-06-18 17:17:45 [main] WARN  a.pages.ServicesPage - ⚠️ Click intercepted attempt 1/3: element click intercepted: Element <span class="p-menuitem-text">...</span> is not clickable at point (354, 100). Other element would receive the click: <div class="ng-tns-c1946505645-22 p-dialog-mask p-component-overlay p-component-overlay-enter p-dialog-mask-scrollblocker ng-star-inserted" style="z-index: 1101;">...</div>
  (Session info: chrome=137.0.7151.104)
Build info: version: '4.20.0', revision: '866c76ca80'
System info: os.name: 'Windows 11', os.arch: 'amd64', os.version: '10.0', java.version: '17.0.12'
Driver info: org.openqa.selenium.chrome.ChromeDriver
Command: [c4c85fb814305fba5405d4f07d67437a, clickElement {id=f.D4961F457D6FF6542BB204C807564EBA.d.42A8975390D689ADE19858A7C56F50CC.e.92}]
Capabilities {acceptInsecureCerts: false, browserName: chrome, browserVersion: 137.0.7151.104, chrome: {chromedriverVersion: 137.0.7151.119 (e0ac9d12dff..., userDataDir: C:\Users\rajum\AppData\Loca...}, fedcm:accounts: true, goog:chromeOptions: {debuggerAddress: localhost:58721}, networkConnectionEnabled: false, pageLoadStrategy: normal, platformName: windows, proxy: Proxy(), se:cdp: ws://localhost:58721/devtoo..., se:cdpVersion: 137.0.7151.104, setWindowRect: true, strictFileInteractability: false, timeouts: {implicit: 0, pageLoad: 300000, script: 30000}, unhandledPromptBehavior: dismiss and notify, webauthn:extension:credBlob: true, webauthn:extension:largeBlob: true, webauthn:extension:minPinLength: true, webauthn:extension:prf: true, webauthn:virtualAuthenticators: true}
Element: [[ChromeDriver: chrome on windows (c4c85fb814305fba5405d4f07d67437a)] -> xpath: //span[text()='Services']]
Session ID: c4c85fb814305fba5405d4f07d67437a
2025-06-18 17:17:46 [main] INFO  a.pages.ServicesPage - ⏳ Waiting for spinner to fully disappear...
2025-06-18 17:17:56 [main] INFO  a.pages.ServicesPage - ✅ Spinner disappeared.
2025-06-18 17:17:57 [main] WARN  a.pages.ServicesPage - ⚠️ Click intercepted attempt 2/3: element click intercepted: Element <span class="p-menuitem-text">...</span> is not clickable at point (354, 100). Other element would receive the click: <div class="ng-tns-c1946505645-22 p-dialog-mask p-component-overlay p-component-overlay-enter p-dialog-mask-scrollblocker ng-star-inserted" style="z-index: 1101;">...</div>
  (Session info: chrome=137.0.7151.104)
Build info: version: '4.20.0', revision: '866c76ca80'
System info: os.name: 'Windows 11', os.arch: 'amd64', os.version: '10.0', java.version: '17.0.12'
Driver info: org.openqa.selenium.chrome.ChromeDriver
Command: [c4c85fb814305fba5405d4f07d67437a, clickElement {id=f.D4961F457D6FF6542BB204C807564EBA.d.42A8975390D689ADE19858A7C56F50CC.e.92}]
Capabilities {acceptInsecureCerts: false, browserName: chrome, browserVersion: 137.0.7151.104, chrome: {chromedriverVersion: 137.0.7151.119 (e0ac9d12dff..., userDataDir: C:\Users\rajum\AppData\Loca...}, fedcm:accounts: true, goog:chromeOptions: {debuggerAddress: localhost:58721}, networkConnectionEnabled: false, pageLoadStrategy: normal, platformName: windows, proxy: Proxy(), se:cdp: ws://localhost:58721/devtoo..., se:cdpVersion: 137.0.7151.104, setWindowRect: true, strictFileInteractability: false, timeouts: {implicit: 0, pageLoad: 300000, script: 30000}, unhandledPromptBehavior: dismiss and notify, webauthn:extension:credBlob: true, webauthn:extension:largeBlob: true, webauthn:extension:minPinLength: true, webauthn:extension:prf: true, webauthn:virtualAuthenticators: true}
Element: [[ChromeDriver: chrome on windows (c4c85fb814305fba5405d4f07d67437a)] -> xpath: //span[text()='Services']]
Session ID: c4c85fb814305fba5405d4f07d67437a
2025-06-18 17:17:58 [main] INFO  a.pages.ServicesPage - ⏳ Waiting for spinner to fully disappear...
