2025-06-20 14:38:34 [main] INFO  org.testng.internal.Utils - [Utils] MethodGroupsHelper.collectMethodsByGroup() took 1 ms.
2025-06-20 14:38:34 [main] INFO  org.testng.internal.Utils - [Utils] MethodGroupsHelper.sortMethods() took 2 ms.
2025-06-20 14:38:34 [main] INFO  org.testng.internal.Utils - [Utils] MethodGroupsHelper.collectMethodsByGroup() took 0 ms.
2025-06-20 14:38:34 [main] INFO  org.testng.internal.Utils - [Utils] MethodGroupsHelper.sortMethods() took 0 ms.
2025-06-20 14:38:34 [main] INFO  org.testng.internal.Utils - [Utils] MethodGroupsHelper.collectMethodsByGroup() took 0 ms.
2025-06-20 14:38:34 [main] INFO  org.testng.internal.Utils - [Utils] MethodGroupsHelper.sortMethods() took 0 ms.
2025-06-20 14:38:34 [main] INFO  org.testng.internal.Utils - [Utils] MethodGroupsHelper.collectMethodsByGroup() took 0 ms.
2025-06-20 14:38:34 [main] INFO  org.testng.internal.Utils - [Utils] MethodGroupsHelper.sortMethods() took 0 ms.
2025-06-20 14:38:34 [main] INFO  org.testng.internal.Utils - [Utils] MethodGroupsHelper.collectMethodsByGroup() took 5 ms.
2025-06-20 14:38:34 [main] INFO  org.testng.internal.Utils - [Utils] MethodGroupsHelper.sortMethods() took 23 ms.
2025-06-20 14:38:34 [main] INFO  org.testng.internal.Utils - [Utils] MethodGroupsHelper.collectMethodsByGroup() took 0 ms.
2025-06-20 14:38:34 [main] INFO  org.testng.internal.Utils - [Utils] MethodGroupsHelper.sortMethods() took 1 ms.
2025-06-20 14:38:34 [main] INFO  org.testng.internal.Utils - [Utils] MethodGroupsHelper.collectMethodsByGroup() took 0 ms.
2025-06-20 14:38:34 [main] INFO  org.testng.internal.Utils - [Utils] MethodGroupsHelper.sortMethods() took 0 ms.
2025-06-20 14:38:34 [main] INFO  org.testng.internal.Utils - [Utils] MethodGroupsHelper.collectMethodsByGroup() took 0 ms.
2025-06-20 14:38:34 [main] INFO  org.testng.internal.Utils - [Utils] MethodGroupsHelper.sortMethods() took 0 ms.
2025-06-20 14:38:34 [main] INFO  org.testng.internal.Utils - [Utils] MethodGroupsHelper.collectMethodsByGroup() took 0 ms.
2025-06-20 14:38:34 [main] INFO  org.testng.internal.Utils - [Utils] MethodGroupsHelper.sortMethods() took 0 ms.
2025-06-20 14:38:34 [main] INFO  org.testng.internal.Utils - [Utils] MethodGroupsHelper.collectMethodsByGroup() took 1 ms.
2025-06-20 14:38:34 [main] INFO  org.testng.internal.Utils - [Utils] MethodGroupsHelper.sortMethods() took 1 ms.
2025-06-20 14:38:34 [main] INFO  org.testng.internal.Utils - [Utils] MethodGroupsHelper.collectMethodsByGroup() took 0 ms.
2025-06-20 14:38:34 [main] INFO  org.testng.internal.Utils - [Utils] MethodGroupsHelper.sortMethods() took 0 ms.
2025-06-20 14:38:34 [main] INFO  org.testng.internal.Utils - [Utils] MethodGroupsHelper.collectMethodsByGroup() took 0 ms.
2025-06-20 14:38:34 [main] INFO  org.testng.internal.Utils - [Utils] MethodGroupsHelper.sortMethods() took 0 ms.
2025-06-20 14:38:34 [main] INFO  org.testng.internal.Utils - [Utils] MethodGroupsHelper.collectMethodsByGroup() took 1 ms.
2025-06-20 14:38:34 [main] INFO  org.testng.internal.Utils - [Utils] MethodGroupsHelper.sortMethods() took 17 ms.
2025-06-20 14:38:34 [main] INFO  org.testng.internal.Utils - [Utils] MethodGroupsHelper.collectMethodsByGroup() took 0 ms.
2025-06-20 14:38:34 [main] INFO  org.testng.internal.Utils - [Utils] MethodGroupsHelper.sortMethods() took 0 ms.
2025-06-20 14:38:34 [main] INFO  org.testng.internal.Utils - [Utils] MethodGroupsHelper.collectMethodsByGroup() took 0 ms.
2025-06-20 14:38:34 [main] INFO  org.testng.internal.Utils - [Utils] MethodGroupsHelper.sortMethods() took 0 ms.
2025-06-20 14:38:34 [main] INFO  org.testng.internal.Utils - [TestNG] Running:
  C:\Users\rajum\AppData\Local\Temp\testng-eclipse--2085481283\testng-customsuite.xml

2025-06-20 14:38:34 [main] INFO  org.testng.internal.Utils - [Utils] DynamicGraphHelper.createDynamicGraph() took 13 ms.
2025-06-20 14:38:34 [main] INFO  automationFramework.utils.LoggerUtil - Initializing browser and report...
2025-06-20 14:38:35 [main] INFO  i.g.bonigarcia.wdm.WebDriverManager - Using chromedriver 137.0.7151.119 (resolved driver for Chrome 137)
2025-06-20 14:38:36 [main] INFO  i.g.bonigarcia.wdm.WebDriverManager - Exporting webdriver.chrome.driver as C:\Users\rajum\.cache\selenium\chromedriver\win64\137.0.7151.119\chromedriver.exe
2025-06-20 14:38:40 [main] INFO  automationFramework.utils.LoggerUtil - Setup complete.
2025-06-20 14:38:41 [main] INFO  automationFramework.pages.LoginPage - ✅ Captcha wait time loaded: 10 seconds
2025-06-20 14:38:44 [main] INFO  automationFramework.pages.LoginPage - 🟦 Navigated to URL: https://uatnet.svcbank.com/ReachSVCInet/SVC-web/inet/netbanking
2025-06-20 14:38:44 [main] INFO  automationFramework.pages.LoginPage - ✅ Entered username: TEST001
2025-06-20 14:38:44 [main] INFO  automationFramework.pages.LoginPage - ⏳ Waiting for manual captcha input (10 seconds)
2025-06-20 14:38:54 [main] INFO  automationFramework.pages.LoginPage - ✅ Clicked first Login button
2025-06-20 14:38:55 [main] INFO  automationFramework.pages.LoginPage - ✅ Entered password
2025-06-20 14:38:55 [main] INFO  automationFramework.pages.LoginPage - ✅ Clicked final Login button
2025-06-20 14:39:02 [main] INFO  automationFramework.pages.LoginPage - 🎉 Login successful for user: TEST001
2025-06-20 14:39:02 [main] INFO  a.pages.PaymentHistoryPage - 🟦 [STEP] Clicking on the Payment tab.
2025-06-20 14:39:02 [main] INFO  a.pages.PaymentHistoryPage - ⏳ Waiting for spinner to fully disappear...
2025-06-20 14:39:02 [main] INFO  a.pages.PaymentHistoryPage - ✅ Spinner disappeared.
2025-06-20 14:39:03 [main] INFO  a.pages.PaymentHistoryPage - ✅ [SUCCESS] Payment tab clicked.
2025-06-20 14:39:03 [main] INFO  a.pages.PaymentHistoryPage - ⏳ Waiting for spinner to fully disappear...
2025-06-20 14:39:04 [main] INFO  a.pages.PaymentHistoryPage - ✅ Spinner disappeared.
2025-06-20 14:39:04 [main] INFO  a.pages.PaymentHistoryPage - 🧪=== Starting Positive Test Cases for NEFT transaction for Payment to Payee ===
2025-06-20 14:39:04 [main] INFO  a.pages.PaymentHistoryPage - 🚀 [START] Initiating payment to payee: DXFCHGV
2025-06-20 14:39:04 [main] INFO  a.pages.PaymentHistoryPage - ⏳ Waiting for spinner to fully disappear...
2025-06-20 14:39:04 [main] INFO  a.pages.PaymentHistoryPage - ✅ Spinner disappeared.
2025-06-20 14:39:04 [main] INFO  a.pages.PaymentHistoryPage - ✅ [SUCCESS] Payee selected: DXFCHGV
2025-06-20 14:39:05 [main] INFO  a.pages.PaymentHistoryPage - ✅ [SUCCESS] Entered amount: ₹1
2025-06-20 14:39:05 [main] INFO  a.pages.PaymentHistoryPage - ✅ Amount '1' entered successfully.
2025-06-20 14:39:05 [main] INFO  a.pages.PaymentHistoryPage - ⏳ Waiting for spinner to fully disappear...
2025-06-20 14:39:07 [main] INFO  a.pages.PaymentHistoryPage - ✅ Spinner disappeared.
2025-06-20 14:39:07 [main] INFO  a.pages.PaymentHistoryPage - ✅ Spinner disappeared after entering amount.
2025-06-20 14:39:07 [main] INFO  a.pages.PaymentHistoryPage - ✅ No critical service errors detected.
2025-06-20 14:39:07 [main] INFO  a.pages.PaymentHistoryPage - 🟦 [STEP] Selecting NEFT option
2025-06-20 14:39:07 [main] INFO  a.pages.PaymentHistoryPage - Attempting to click NEFT option (Attempt 1)
2025-06-20 14:39:08 [main] INFO  a.pages.PaymentHistoryPage - 🔄 NEFT clicked via Actions.
2025-06-20 14:39:08 [main] INFO  a.pages.PaymentHistoryPage - ✅ NEFT option selected successfully.
2025-06-20 14:39:08 [main] INFO  a.pages.PaymentHistoryPage - ✅ NEFT option selected.
2025-06-20 14:39:08 [main] INFO  a.pages.PaymentHistoryPage - ✅ [SUCCESS] Entered remarks: test value
2025-06-20 14:39:08 [main] INFO  a.pages.PaymentHistoryPage - ✅ Remarks entered.
2025-06-20 14:39:08 [main] INFO  a.pages.PaymentHistoryPage - ⏳ Waiting for spinner to fully disappear...
2025-06-20 14:39:09 [main] INFO  a.pages.PaymentHistoryPage - ✅ Spinner disappeared.
2025-06-20 14:39:09 [main] INFO  a.pages.PaymentHistoryPage - ✅ [SUCCESS] Clicked Proceed after remarks.
2025-06-20 14:39:09 [main] INFO  a.pages.PaymentHistoryPage - ✅ Clicked on Proceed button after entering remarks.
2025-06-20 14:39:09 [main] INFO  a.pages.PaymentHistoryPage - ⏳ Waiting for spinner to fully disappear...
2025-06-20 14:39:09 [main] INFO  a.pages.PaymentHistoryPage - ✅ Spinner disappeared.
2025-06-20 14:39:10 [main] INFO  a.pages.PaymentHistoryPage - ✅ [SUCCESS] Confirm button clicked.
2025-06-20 14:39:10 [main] INFO  a.pages.PaymentHistoryPage - ✅ Confirm button clicked.
2025-06-20 14:39:10 [main] INFO  a.pages.PaymentHistoryPage - ✅ [SUCCESS] OTP entered.
2025-06-20 14:39:10 [main] INFO  a.pages.PaymentHistoryPage - ✅ OTP entered.
2025-06-20 14:39:10 [main] INFO  a.pages.PaymentHistoryPage - Waiting for any overlay/spinner to disappear.
2025-06-20 14:39:10 [main] INFO  a.pages.PaymentHistoryPage - ✅ [SUCCESS] Final Proceed clicked after OTP.
2025-06-20 14:39:10 [main] INFO  a.pages.PaymentHistoryPage - ✅ Final Proceed button clicked.
2025-06-20 14:39:11 [main] ERROR a.pages.PaymentHistoryPage - ❌ NEFT transaction failed: We are currently facing some technical issue.Please try in sometime
2025-06-20 14:39:11 [main] INFO  a.pages.PaymentHistoryPage - ℹ️ Clicked on 'Okay' button to dismiss the error popup.
2025-06-20 14:39:11 [main] INFO  a.pages.PaymentHistoryPage - 🟦 [STEP] Clicking on the Payment tab.
2025-06-20 14:39:11 [main] INFO  a.pages.PaymentHistoryPage - ⏳ Waiting for spinner to fully disappear...
2025-06-20 14:39:11 [main] INFO  a.pages.PaymentHistoryPage - ✅ Spinner disappeared.
2025-06-20 14:39:12 [main] INFO  a.pages.PaymentHistoryPage - ✅ [SUCCESS] Payment tab clicked.
2025-06-20 14:39:12 [main] INFO  a.pages.PaymentHistoryPage - ⏳ Waiting for spinner to fully disappear...
2025-06-20 14:39:13 [main] INFO  a.pages.PaymentHistoryPage - ✅ Spinner disappeared.
2025-06-20 14:39:13 [main] INFO  a.pages.PaymentHistoryPage - 🧪=== Starting Negative Test Cases for NETF transaction for Payment to payee ===
2025-06-20 14:39:13 [main] INFO  a.pages.PaymentHistoryPage - 🔹 Step : Selecting payee: DXFCHGV
2025-06-20 14:39:13 [main] INFO  a.pages.PaymentHistoryPage - ⏳ Waiting for spinner to fully disappear...
2025-06-20 14:39:13 [main] INFO  a.pages.PaymentHistoryPage - ✅ Spinner disappeared.
2025-06-20 14:39:13 [main] INFO  a.pages.PaymentHistoryPage - ✅ Payee selected successfully.
2025-06-20 14:39:13 [main] INFO  a.pages.PaymentHistoryPage - 
🔸 Test Case 1: Blank Amount
2025-06-20 14:39:13 [main] INFO  a.pages.PaymentHistoryPage - ⏳ Waiting for spinner to fully disappear...
2025-06-20 14:39:15 [main] INFO  a.pages.PaymentHistoryPage - ✅ Spinner disappeared.
2025-06-20 14:39:16 [main] INFO  a.pages.PaymentHistoryPage - [SUCCESS] ✅ Correct error displayed: 'Amount is required'
2025-06-20 14:39:16 [main] INFO  a.pages.PaymentHistoryPage - 
🔸 Test Case 2: Special Characters (@#$%)
2025-06-20 14:39:16 [main] INFO  a.pages.PaymentHistoryPage - [SUCCESS] ✅ Special characters were blocked as expected.
2025-06-20 14:39:16 [main] INFO  a.pages.PaymentHistoryPage - 
🔸 Test Case 3: Alphanumeric Characters (123abc)
2025-06-20 14:39:16 [main] INFO  a.pages.PaymentHistoryPage - [SUCCESS] ✅ Field blocked alphanumeric input completely.
2025-06-20 14:39:16 [main] INFO  a.pages.PaymentHistoryPage - 
🔸 Test Case 4: Zero Amount (0)
2025-06-20 14:39:17 [main] INFO  a.pages.PaymentHistoryPage - ⏳ Waiting for spinner to fully disappear...
2025-06-20 14:39:17 [main] INFO  a.pages.PaymentHistoryPage - ✅ Spinner disappeared.
2025-06-20 14:39:18 [main] INFO  a.pages.PaymentHistoryPage - [SUCCESS] ✅ Correct validation message shown: 'Minimum amount is 1.00'
2025-06-20 14:39:18 [main] INFO  a.pages.PaymentHistoryPage - 
🔸 Test Case 5: Amount Greater Than Account Balance
2025-06-20 14:39:18 [main] INFO  a.pages.PaymentHistoryPage - Fetched account balance: ₹2791791
2025-06-20 14:39:18 [main] INFO  a.pages.PaymentHistoryPage - ✅ Over-limit amount typed: '2792291'
2025-06-20 14:39:20 [main] INFO  a.pages.PaymentHistoryPage - ✅ 'Insufficient balance' popup displayed.
2025-06-20 14:39:20 [main] INFO  a.pages.PaymentHistoryPage - ✅ Clicked OK.
2025-06-20 14:39:20 [main] INFO  a.pages.PaymentHistoryPage - 
🔸 Test Case 6: Leave Remarks Field Blank and Proceed
2025-06-20 14:39:20 [main] INFO  a.pages.PaymentHistoryPage - ✅ Remarks field cleared.
2025-06-20 14:39:20 [main] INFO  a.pages.PaymentHistoryPage - ⏳ Waiting for spinner to fully disappear...
2025-06-20 14:39:20 [main] INFO  a.pages.PaymentHistoryPage - ✅ Spinner disappeared.
2025-06-20 14:39:20 [main] INFO  a.pages.PaymentHistoryPage - 🟦 [STEP] Selecting NEFT option
2025-06-20 14:39:20 [main] INFO  a.pages.PaymentHistoryPage - Attempting to click NEFT option (Attempt 1)
2025-06-20 14:39:21 [main] INFO  a.pages.PaymentHistoryPage - 🔄 NEFT clicked via Actions.
2025-06-20 14:39:22 [main] WARN  a.pages.PaymentHistoryPage - ⚠️ NEFT not selected yet. Retrying...
2025-06-20 14:39:22 [main] INFO  a.pages.PaymentHistoryPage - Attempting to click NEFT option (Attempt 2)
2025-06-20 14:39:22 [main] INFO  a.pages.PaymentHistoryPage - 🔄 NEFT clicked via Actions.
2025-06-20 14:39:23 [main] INFO  a.pages.PaymentHistoryPage - ✅ NEFT option selected successfully.
2025-06-20 14:39:23 [main] INFO  a.pages.PaymentHistoryPage - ⏳ Waiting for spinner to fully disappear...
2025-06-20 14:39:23 [main] INFO  a.pages.PaymentHistoryPage - ✅ Spinner disappeared.
2025-06-20 14:39:23 [main] INFO  a.pages.PaymentHistoryPage - ⏳ Waiting for spinner to fully disappear...
2025-06-20 14:39:24 [main] INFO  a.pages.PaymentHistoryPage - ✅ Spinner disappeared.
2025-06-20 14:39:25 [main] INFO  a.pages.PaymentHistoryPage - ✅ [SUCCESS] OTP entered.
2025-06-20 14:39:25 [main] INFO  a.pages.PaymentHistoryPage - Waiting for any overlay/spinner to disappear.
2025-06-20 14:39:25 [main] INFO  a.pages.PaymentHistoryPage - ✅ Final Proceed clicked.
2025-06-20 14:39:26 [main] ERROR a.pages.PaymentHistoryPage - ❌ NEFT transaction failed: We are currently facing some technical issue.Please try in sometime
2025-06-20 14:39:26 [main] INFO  a.pages.PaymentHistoryPage - ℹ️ Clicked on 'Okay' button to dismiss the error popup.
2025-06-20 14:39:26 [main] INFO  a.pages.PaymentHistoryPage - 
🔸 Test Case 7: Invalid OTP
2025-06-20 14:39:26 [main] INFO  a.pages.PaymentHistoryPage - ✅ [SUCCESS] Entered amount: ₹3
2025-06-20 14:39:26 [main] INFO  a.pages.PaymentHistoryPage - ⏳ Waiting for spinner to fully disappear...
2025-06-20 14:39:26 [main] INFO  a.pages.PaymentHistoryPage - ✅ Spinner disappeared.
2025-06-20 14:39:27 [main] INFO  a.pages.PaymentHistoryPage - 🟦 [STEP] Selecting NEFT option
2025-06-20 14:39:27 [main] INFO  a.pages.PaymentHistoryPage - Attempting to click NEFT option (Attempt 1)
2025-06-20 14:39:27 [main] INFO  a.pages.PaymentHistoryPage - 🔄 NEFT clicked via Actions.
2025-06-20 14:39:28 [main] INFO  a.pages.PaymentHistoryPage - ✅ NEFT option selected successfully.
2025-06-20 14:39:28 [main] INFO  a.pages.PaymentHistoryPage - ✅ [SUCCESS] Entered remarks: test value
2025-06-20 14:39:28 [main] INFO  a.pages.PaymentHistoryPage - ⏳ Waiting for spinner to fully disappear...
2025-06-20 14:39:28 [main] INFO  a.pages.PaymentHistoryPage - ✅ Spinner disappeared.
2025-06-20 14:39:28 [main] INFO  a.pages.PaymentHistoryPage - ✅ [SUCCESS] Clicked Proceed after remarks.
2025-06-20 14:39:28 [main] INFO  a.pages.PaymentHistoryPage - ⏳ Waiting for spinner to fully disappear...
2025-06-20 14:39:29 [main] INFO  a.pages.PaymentHistoryPage - ✅ Spinner disappeared.
2025-06-20 14:39:29 [main] INFO  a.pages.PaymentHistoryPage - ✅ [SUCCESS] Confirm button clicked.
2025-06-20 14:39:30 [main] INFO  a.pages.PaymentHistoryPage - ✅ [SUCCESS] OTP entered.
2025-06-20 14:39:30 [main] INFO  a.pages.PaymentHistoryPage - Waiting for any overlay/spinner to disappear.
2025-06-20 14:39:30 [main] INFO  a.pages.PaymentHistoryPage - ✅ [SUCCESS] Final Proceed clicked after OTP.
2025-06-20 14:39:30 [main] INFO  a.pages.PaymentHistoryPage - ✅ Correct error: 'Invalid OTP'
2025-06-20 14:39:31 [main] INFO  a.pages.PaymentHistoryPage - ⏳ Waiting for spinner to fully disappear...
2025-06-20 14:39:31 [main] INFO  a.pages.PaymentHistoryPage - ✅ Spinner disappeared.
2025-06-20 14:39:31 [main] INFO  a.pages.PaymentHistoryPage - ⏳ Waiting for spinner to fully disappear...
2025-06-20 14:39:32 [main] INFO  a.pages.PaymentHistoryPage - ✅ Spinner disappeared.
2025-06-20 14:39:32 [main] INFO  a.pages.PaymentHistoryPage - 
✅ All negative test cases executed.
2025-06-20 14:39:32 [main] INFO  automationFramework.utils.LoggerUtil - Flushing extent report...
2025-06-20 14:39:33 [main] INFO  automationFramework.utils.LoggerUtil - 📧 Sending report via email...
2025-06-20 14:39:38 [main] INFO  org.testng.internal.Utils - [TestNG] Time taken by org.testng.reporters.jq.Main@24197b13: 158 ms
2025-06-20 14:39:38 [main] INFO  org.testng.internal.Utils - [TestNG] Time taken by org.testng.reporters.FailedReporter@1c62c3fd: 2 ms
2025-06-20 14:39:38 [main] INFO  org.testng.internal.Utils - [TestNG] Time taken by org.testng.reporters.XMLReporter@48567727: 24 ms
2025-06-20 14:39:38 [main] INFO  org.testng.internal.Utils - [TestNG] Time taken by org.testng.reporters.EmailableReporter2@440ef8d: 12 ms
2025-06-20 14:39:38 [main] INFO  org.testng.internal.Utils - [TestNG] Time taken by org.testng.reporters.JUnitReportReporter@5e9bf744: 12 ms
2025-06-20 14:39:38 [main] INFO  org.testng.internal.Utils - [TestNG] Time taken by org.testng.internal.ExitCodeListener@45e140ae: 1 ms
