2025-06-11 15:38:08 [main] WARN  org.testng.xml.TestNGContentHandler - It is strongly recommended to add "<!DOCTYPE suite SYSTEM "https://testng.org/testng-1.1.dtd" >" at the top of the suite file [C:\Users\rajum\eclipse-workspace\ToolsQA\SeleniumAutomotionSVCUATIB\testng.xml] otherwise TestNG may fail or not work as expected.
2025-06-11 15:38:08 [main] INFO  org.testng.internal.Utils - [TestNG] Running:
  C:\Users\rajum\eclipse-workspace\ToolsQA\SeleniumAutomotionSVCUATIB\testng.xml

2025-06-11 15:38:09 [main] INFO  i.g.bonigarcia.wdm.WebDriverManager - Using chromedriver 137.0.7151.70 (resolved driver for Chrome 137)
2025-06-11 15:38:09 [main] INFO  i.g.bonigarcia.wdm.WebDriverManager - Exporting webdriver.chrome.driver as C:\Users\rajum\.cache\selenium\chromedriver\win64\137.0.7151.70\chromedriver.exe
2025-06-11 15:38:13 [main] ERROR automationFramework.pages.LoginPage - ❌ [FAIL] Invalid number format for 'captcha.wait.seconds' in 'config.properties'. Using default 10 seconds. Error: For input string: "15      # Wait time for CAPTCHA, if applicable"
2025-06-11 15:38:16 [main] INFO  automationFramework.pages.LoginPage - 🟦 [STEP] Navigated to URL: https://uatnet.svcbank.com/ReachSVCInet/SVC-web/inet/netbanking
2025-06-11 15:38:16 [main] INFO  automationFramework.pages.LoginPage - ✅ [SUCCESS] Entered username: TEST001
2025-06-11 15:38:16 [main] INFO  automationFramework.pages.LoginPage - ⏳ [WAIT] Waiting for manual captcha input. You have 10 seconds.
2025-06-11 15:38:26 [main] INFO  automationFramework.pages.LoginPage - ✅ [SUCCESS] Clicked first Login button (after captcha).
2025-06-11 15:38:27 [main] INFO  automationFramework.pages.LoginPage - ✅ [SUCCESS] Entered password.
2025-06-11 15:38:27 [main] INFO  automationFramework.pages.LoginPage - ✅ [SUCCESS] Clicked final Login button.
2025-06-11 15:38:27 [main] INFO  automationFramework.pages.LoginPage - 🎉 [DONE] Login Test Completed successfully for user: TEST001.
2025-06-11 15:38:27 [main] INFO  a.pages.AccountsPage - Clicking Accounts Tab
2025-06-11 15:38:42 [main] WARN  a.pages.AccountsPage - Spinner not found or already gone.
2025-06-11 15:38:43 [main] WARN  a.pages.AccountsPage - Click intercepted attempt 1/3: element click intercepted: Element <span class="p-menuitem-text">...</span> is not clickable at point (153, 100). Other element would receive the click: <div _ngcontent-ng-c587276320="" class="ngx-spinner-overlay ng-tns-c587276320-1 ng-trigger ng-trigger-fadeIn ng-star-inserted" style="background-color: rgba(51, 51, 51, 0.8); z-index: 99999; position: fixed; opacity: 1;">...</div>
  (Session info: chrome=137.0.7151.103)
Build info: version: '4.20.0', revision: '866c76ca80'
System info: os.name: 'Windows 11', os.arch: 'amd64', os.version: '10.0', java.version: '17.0.12'
Driver info: org.openqa.selenium.chrome.ChromeDriver
Command: [c075dc7354dae6c8a056a2a3e3b13d47, clickElement {id=f.2F27E3971D7C80372224707FE4329F38.d.27883C344456518A7AF5A763738B4790.e.88}]
Capabilities {acceptInsecureCerts: false, browserName: chrome, browserVersion: 137.0.7151.103, chrome: {chromedriverVersion: 137.0.7151.70 (dfa4dc56b2ab..., userDataDir: C:\Users\rajum\AppData\Loca...}, fedcm:accounts: true, goog:chromeOptions: {debuggerAddress: localhost:65177}, networkConnectionEnabled: false, pageLoadStrategy: normal, platformName: windows, proxy: Proxy(), se:cdp: ws://localhost:65177/devtoo..., se:cdpVersion: 137.0.7151.103, setWindowRect: true, strictFileInteractability: false, timeouts: {implicit: 0, pageLoad: 300000, script: 30000}, unhandledPromptBehavior: dismiss and notify, webauthn:extension:credBlob: true, webauthn:extension:largeBlob: true, webauthn:extension:minPinLength: true, webauthn:extension:prf: true, webauthn:virtualAuthenticators: true}
Element: [[ChromeDriver: chrome on windows (c075dc7354dae6c8a056a2a3e3b13d47)] -> xpath: //span[text()='Accounts']]
Session ID: c075dc7354dae6c8a056a2a3e3b13d47
2025-06-11 15:38:55 [main] INFO  a.pages.AccountsPage - Scrolling to 'View Balance Components' button
2025-06-11 15:39:17 [main] INFO  a.pages.AccountsPage - Scrolled to button.
2025-06-11 15:39:17 [main] INFO  a.pages.AccountsPage - Clicking 'View Balance Components' button
2025-06-11 15:39:52 [main] INFO  a.pages.AccountsPage - Closing balance modal
2025-06-11 15:40:03 [main] INFO  a.pages.AccountsPage - Modal closed.
2025-06-11 15:40:13 [main] INFO  a.pages.AccountsPage - Clicking Accounts Tab
2025-06-11 15:40:44 [main] INFO  a.pages.AccountsPage - Clicking Detailed Statement...
2025-06-11 15:40:54 [main] INFO  a.pages.AccountsPage - Selecting range: 1 Month      # Options: 1 Month, 3 Months, Custom
2025-06-11 15:41:31 [main] WARN  a.pages.AccountsPage - Click failed attempt 1/3: Expected condition failed: waiting for element to be clickable: By.xpath: //button[contains(text(),'1 Month      # Options: 1 Month, 3 Months, Custom')] (tried for 15 second(s) with 500 milliseconds interval)
Build info: version: '4.20.0', revision: '866c76ca80'
System info: os.name: 'Windows 11', os.arch: 'amd64', os.version: '10.0', java.version: '17.0.12'
Driver info: org.openqa.selenium.chrome.ChromeDriver
Capabilities {acceptInsecureCerts: false, browserName: chrome, browserVersion: 137.0.7151.103, chrome: {chromedriverVersion: 137.0.7151.70 (dfa4dc56b2ab..., userDataDir: C:\Users\rajum\AppData\Loca...}, fedcm:accounts: true, goog:chromeOptions: {debuggerAddress: localhost:65177}, networkConnectionEnabled: false, pageLoadStrategy: normal, platformName: windows, proxy: Proxy(), se:cdp: ws://localhost:65177/devtoo..., se:cdpVersion: 137.0.7151.103, setWindowRect: true, strictFileInteractability: false, timeouts: {implicit: 0, pageLoad: 300000, script: 30000}, unhandledPromptBehavior: dismiss and notify, webauthn:extension:credBlob: true, webauthn:extension:largeBlob: true, webauthn:extension:minPinLength: true, webauthn:extension:prf: true, webauthn:virtualAuthenticators: true}
Session ID: c075dc7354dae6c8a056a2a3e3b13d47
2025-06-11 15:42:02 [main] WARN  a.pages.AccountsPage - Click failed attempt 2/3: Expected condition failed: waiting for element to be clickable: By.xpath: //button[contains(text(),'1 Month      # Options: 1 Month, 3 Months, Custom')] (tried for 15 second(s) with 500 milliseconds interval)
Build info: version: '4.20.0', revision: '866c76ca80'
System info: os.name: 'Windows 11', os.arch: 'amd64', os.version: '10.0', java.version: '17.0.12'
Driver info: org.openqa.selenium.chrome.ChromeDriver
Capabilities {acceptInsecureCerts: false, browserName: chrome, browserVersion: 137.0.7151.103, chrome: {chromedriverVersion: 137.0.7151.70 (dfa4dc56b2ab..., userDataDir: C:\Users\rajum\AppData\Loca...}, fedcm:accounts: true, goog:chromeOptions: {debuggerAddress: localhost:65177}, networkConnectionEnabled: false, pageLoadStrategy: normal, platformName: windows, proxy: Proxy(), se:cdp: ws://localhost:65177/devtoo..., se:cdpVersion: 137.0.7151.103, setWindowRect: true, strictFileInteractability: false, timeouts: {implicit: 0, pageLoad: 300000, script: 30000}, unhandledPromptBehavior: dismiss and notify, webauthn:extension:credBlob: true, webauthn:extension:largeBlob: true, webauthn:extension:minPinLength: true, webauthn:extension:prf: true, webauthn:virtualAuthenticators: true}
Session ID: c075dc7354dae6c8a056a2a3e3b13d47
2025-06-11 15:42:34 [main] WARN  a.pages.AccountsPage - Click failed attempt 3/3: Expected condition failed: waiting for element to be clickable: By.xpath: //button[contains(text(),'1 Month      # Options: 1 Month, 3 Months, Custom')] (tried for 15 second(s) with 500 milliseconds interval)
Build info: version: '4.20.0', revision: '866c76ca80'
System info: os.name: 'Windows 11', os.arch: 'amd64', os.version: '10.0', java.version: '17.0.12'
Driver info: org.openqa.selenium.chrome.ChromeDriver
Capabilities {acceptInsecureCerts: false, browserName: chrome, browserVersion: 137.0.7151.103, chrome: {chromedriverVersion: 137.0.7151.70 (dfa4dc56b2ab..., userDataDir: C:\Users\rajum\AppData\Loca...}, fedcm:accounts: true, goog:chromeOptions: {debuggerAddress: localhost:65177}, networkConnectionEnabled: false, pageLoadStrategy: normal, platformName: windows, proxy: Proxy(), se:cdp: ws://localhost:65177/devtoo..., se:cdpVersion: 137.0.7151.103, setWindowRect: true, strictFileInteractability: false, timeouts: {implicit: 0, pageLoad: 300000, script: 30000}, unhandledPromptBehavior: dismiss and notify, webauthn:extension:credBlob: true, webauthn:extension:largeBlob: true, webauthn:extension:minPinLength: true, webauthn:extension:prf: true, webauthn:virtualAuthenticators: true}
Session ID: c075dc7354dae6c8a056a2a3e3b13d47
