2025-06-20 12:39:21 [main] INFO  org.testng.internal.Utils - [Utils] MethodGroupsHelper.collectMethodsByGroup() took 2 ms.
2025-06-20 12:39:21 [main] INFO  org.testng.internal.Utils - [Utils] MethodGroupsHelper.sortMethods() took 3 ms.
2025-06-20 12:39:21 [main] INFO  org.testng.internal.Utils - [Utils] MethodGroupsHelper.collectMethodsByGroup() took 0 ms.
2025-06-20 12:39:21 [main] INFO  org.testng.internal.Utils - [Utils] MethodGroupsHelper.sortMethods() took 0 ms.
2025-06-20 12:39:21 [main] INFO  org.testng.internal.Utils - [Utils] MethodGroupsHelper.collectMethodsByGroup() took 1 ms.
2025-06-20 12:39:21 [main] INFO  org.testng.internal.Utils - [Utils] MethodGroupsHelper.sortMethods() took 0 ms.
2025-06-20 12:39:21 [main] INFO  org.testng.internal.Utils - [Utils] MethodGroupsHelper.collectMethodsByGroup() took 0 ms.
2025-06-20 12:39:21 [main] INFO  org.testng.internal.Utils - [Utils] MethodGroupsHelper.sortMethods() took 0 ms.
2025-06-20 12:39:21 [main] INFO  org.testng.internal.Utils - [Utils] MethodGroupsHelper.collectMethodsByGroup() took 9 ms.
2025-06-20 12:39:21 [main] INFO  org.testng.internal.Utils - [Utils] MethodGroupsHelper.sortMethods() took 37 ms.
2025-06-20 12:39:21 [main] INFO  org.testng.internal.Utils - [Utils] MethodGroupsHelper.collectMethodsByGroup() took 1 ms.
2025-06-20 12:39:21 [main] INFO  org.testng.internal.Utils - [Utils] MethodGroupsHelper.sortMethods() took 1 ms.
2025-06-20 12:39:21 [main] INFO  org.testng.internal.Utils - [Utils] MethodGroupsHelper.collectMethodsByGroup() took 0 ms.
2025-06-20 12:39:21 [main] INFO  org.testng.internal.Utils - [Utils] MethodGroupsHelper.sortMethods() took 0 ms.
2025-06-20 12:39:21 [main] INFO  org.testng.internal.Utils - [Utils] MethodGroupsHelper.collectMethodsByGroup() took 0 ms.
2025-06-20 12:39:21 [main] INFO  org.testng.internal.Utils - [Utils] MethodGroupsHelper.sortMethods() took 0 ms.
2025-06-20 12:39:21 [main] INFO  org.testng.internal.Utils - [Utils] MethodGroupsHelper.collectMethodsByGroup() took 0 ms.
2025-06-20 12:39:21 [main] INFO  org.testng.internal.Utils - [Utils] MethodGroupsHelper.sortMethods() took 0 ms.
2025-06-20 12:39:21 [main] INFO  org.testng.internal.Utils - [Utils] MethodGroupsHelper.collectMethodsByGroup() took 0 ms.
2025-06-20 12:39:21 [main] INFO  org.testng.internal.Utils - [Utils] MethodGroupsHelper.sortMethods() took 1 ms.
2025-06-20 12:39:21 [main] INFO  org.testng.internal.Utils - [Utils] MethodGroupsHelper.collectMethodsByGroup() took 0 ms.
2025-06-20 12:39:21 [main] INFO  org.testng.internal.Utils - [Utils] MethodGroupsHelper.sortMethods() took 0 ms.
2025-06-20 12:39:21 [main] INFO  org.testng.internal.Utils - [Utils] MethodGroupsHelper.collectMethodsByGroup() took 0 ms.
2025-06-20 12:39:21 [main] INFO  org.testng.internal.Utils - [Utils] MethodGroupsHelper.sortMethods() took 1 ms.
2025-06-20 12:39:21 [main] INFO  org.testng.internal.Utils - [Utils] MethodGroupsHelper.collectMethodsByGroup() took 4 ms.
2025-06-20 12:39:21 [main] INFO  org.testng.internal.Utils - [Utils] MethodGroupsHelper.sortMethods() took 38 ms.
2025-06-20 12:39:21 [main] INFO  org.testng.internal.Utils - [Utils] MethodGroupsHelper.collectMethodsByGroup() took 0 ms.
2025-06-20 12:39:21 [main] INFO  org.testng.internal.Utils - [Utils] MethodGroupsHelper.sortMethods() took 0 ms.
2025-06-20 12:39:21 [main] INFO  org.testng.internal.Utils - [Utils] MethodGroupsHelper.collectMethodsByGroup() took 0 ms.
2025-06-20 12:39:21 [main] INFO  org.testng.internal.Utils - [Utils] MethodGroupsHelper.sortMethods() took 1 ms.
2025-06-20 12:39:21 [main] INFO  org.testng.internal.Utils - [TestNG] Running:
  C:\Users\rajum\AppData\Local\Temp\testng-eclipse--864471567\testng-customsuite.xml

2025-06-20 12:39:21 [main] INFO  org.testng.internal.Utils - [Utils] DynamicGraphHelper.createDynamicGraph() took 18 ms.
2025-06-20 12:39:21 [main] INFO  automationFramework.utils.LoggerUtil - 🔧 Initializing browser and loading configuration...
2025-06-20 12:39:24 [main] INFO  i.g.bonigarcia.wdm.WebDriverManager - Using chromedriver 137.0.7151.119 (resolved driver for Chrome 137)
2025-06-20 12:39:24 [main] INFO  i.g.bonigarcia.wdm.WebDriverManager - Exporting webdriver.chrome.driver as C:\Users\rajum\.cache\selenium\chromedriver\win64\137.0.7151.119\chromedriver.exe
2025-06-20 12:39:28 [main] INFO  automationFramework.utils.LoggerUtil - ✅ Setup complete.
2025-06-20 12:39:28 [main] INFO  automationFramework.pages.LoginPage - ✅ Captcha wait time loaded: 10 seconds
2025-06-20 12:39:34 [main] INFO  automationFramework.pages.LoginPage - 🟦 Navigated to URL: https://uatnet.svcbank.com/ReachSVCInet/SVC-web/inet/netbanking
2025-06-20 12:39:35 [main] INFO  automationFramework.pages.LoginPage - ✅ Entered username: TEST001
2025-06-20 12:39:35 [main] INFO  automationFramework.pages.LoginPage - ⏳ Waiting for manual captcha input (10 seconds)
2025-06-20 12:39:45 [main] INFO  automationFramework.pages.LoginPage - ✅ Clicked first Login button
2025-06-20 12:39:47 [main] INFO  automationFramework.pages.LoginPage - ✅ Entered password
2025-06-20 12:39:47 [main] INFO  automationFramework.pages.LoginPage - ✅ Clicked final Login button
2025-06-20 12:39:50 [main] INFO  automationFramework.pages.LoginPage - 🎉 Login successful for user: TEST001
2025-06-20 12:39:50 [main] INFO  a.pages.ServicesPage - 🔄 Navigating to Services > Manage SMS...
2025-06-20 12:39:50 [main] INFO  a.pages.ServicesPage - ⏳ Waiting for spinner to fully disappear...
2025-06-20 12:40:05 [main] INFO  a.pages.ServicesPage - ✅ Spinner disappeared.
2025-06-20 12:40:05 [main] INFO  a.pages.ServicesPage - ⏳ Waiting for spinner to fully disappear...
2025-06-20 12:40:19 [main] INFO  a.pages.ServicesPage - ✅ Spinner disappeared.
2025-06-20 12:40:19 [main] INFO  a.pages.ServicesPage - ✅ Reached Manage SMS section.
2025-06-20 12:40:19 [main] INFO  a.pages.ServicesPage - 🔄 Generating random credit and debit amounts...
2025-06-20 12:40:19 [main] INFO  a.pages.ServicesPage - ✏️ Entering SMS thresholds - Credit: 8753, Debit: 4406
2025-06-20 12:40:21 [main] INFO  a.pages.ServicesPage - ✅ Amounts entered successfully with Credit: 8753, Debit: 4406
2025-06-20 12:40:21 [main] INFO  a.pages.ServicesPage - 💾 Clicking Save button...
2025-06-20 12:40:21 [main] INFO  a.pages.ServicesPage - ⏳ Waiting for spinner to fully disappear...
2025-06-20 12:40:31 [main] INFO  a.pages.ServicesPage - ✅ Spinner disappeared.
2025-06-20 12:40:31 [main] INFO  a.pages.ServicesPage - 🔐 Entering OTP: 123456
2025-06-20 12:40:31 [main] INFO  a.pages.ServicesPage - ⏳ Waiting for spinner to fully disappear...
2025-06-20 12:40:44 [main] INFO  a.pages.ServicesPage - ✅ Spinner disappeared.
2025-06-20 12:40:44 [main] INFO  a.pages.ServicesPage - ⏳ Waiting for spinner to fully disappear...
2025-06-20 12:40:54 [main] INFO  a.pages.ServicesPage - ✅ Spinner disappeared.
2025-06-20 12:40:54 [main] INFO  a.pages.ServicesPage - ✅ OTP entered.
2025-06-20 12:40:54 [main] INFO  a.pages.ServicesPage - ➡️ Clicking Proceed...
2025-06-20 12:40:54 [main] INFO  a.pages.ServicesPage - ⏳ Waiting for spinner to fully disappear...
2025-06-20 12:41:05 [main] INFO  a.pages.ServicesPage - ✅ Spinner disappeared.
2025-06-20 12:41:07 [main] INFO  a.pages.ServicesPage - ✅ Success popup visibility: true
2025-06-20 12:41:07 [main] INFO  a.pages.ServicesPage - 🆗 Clicking Okay on success popup...
2025-06-20 12:41:07 [main] INFO  a.pages.ServicesPage - ⏳ Waiting for spinner to fully disappear...
2025-06-20 12:41:18 [main] INFO  a.pages.ServicesPage - ✅ Spinner disappeared.
2025-06-20 12:41:18 [main] INFO  a.pages.ServicesPage - 🔄 Navigating to Services > Manage SMS...
2025-06-20 12:41:18 [main] INFO  a.pages.ServicesPage - ⏳ Waiting for spinner to fully disappear...
2025-06-20 12:41:28 [main] INFO  a.pages.ServicesPage - ✅ Spinner disappeared.
2025-06-20 12:41:28 [main] INFO  a.pages.ServicesPage - ⏳ Waiting for spinner to fully disappear...
2025-06-20 12:41:34 [main] INFO  a.pages.ServicesPage - ✅ Spinner disappeared.
2025-06-20 12:41:34 [main] INFO  a.pages.ServicesPage - ✅ Reached Manage SMS section.
2025-06-20 12:41:34 [main] INFO  a.pages.ServicesPage - 🔄 Setting invalid threshold values: empty=true, negative=false
2025-06-20 12:41:37 [main] INFO  a.pages.ServicesPage - ✏️ Invalid thresholds set - Credit: , Debit: 
2025-06-20 12:41:37 [main] INFO  a.pages.ServicesPage - 💾 Clicking Save button...
2025-06-20 12:41:37 [main] INFO  a.pages.ServicesPage - ⏳ Waiting for spinner to fully disappear...
2025-06-20 12:41:47 [main] INFO  a.pages.ServicesPage - ✅ Spinner disappeared.
2025-06-20 12:41:47 [main] INFO  a.pages.ServicesPage - ✅ Validation messages found for both empty thresholds.
2025-06-20 12:41:47 [main] INFO  a.pages.ServicesPage - ⏳ Waiting for spinner to fully disappear...
2025-06-20 12:41:58 [main] INFO  a.pages.ServicesPage - ✅ Spinner disappeared.
2025-06-20 12:41:58 [main] INFO  a.pages.ServicesPage - ❎ Closed the validation popup.
2025-06-20 12:41:58 [main] INFO  a.pages.ServicesPage - 🔄 Navigating to Services > Manage SMS...
2025-06-20 12:41:58 [main] INFO  a.pages.ServicesPage - ⏳ Waiting for spinner to fully disappear...
2025-06-20 12:42:08 [main] INFO  a.pages.ServicesPage - ✅ Spinner disappeared.
2025-06-20 12:42:08 [main] INFO  a.pages.ServicesPage - ⏳ Waiting for spinner to fully disappear...
2025-06-20 12:42:14 [main] INFO  a.pages.ServicesPage - ✅ Spinner disappeared.
2025-06-20 12:42:14 [main] INFO  a.pages.ServicesPage - ✅ Reached Manage SMS section.
2025-06-20 12:42:20 [main] INFO  a.pages.ServicesPage - 🔄 Navigating to Services > Manage SMS...
2025-06-20 12:42:20 [main] INFO  a.pages.ServicesPage - ⏳ Waiting for spinner to fully disappear...
2025-06-20 12:42:30 [main] INFO  a.pages.ServicesPage - ✅ Spinner disappeared.
2025-06-20 12:42:30 [main] INFO  a.pages.ServicesPage - ⏳ Waiting for spinner to fully disappear...
2025-06-20 12:42:36 [main] INFO  a.pages.ServicesPage - ✅ Spinner disappeared.
2025-06-20 12:42:36 [main] INFO  a.pages.ServicesPage - ✅ Reached Manage SMS section.
2025-06-20 12:42:36 [main] INFO  a.pages.ServicesPage - 🔄 Generating random credit and debit amounts...
2025-06-20 12:42:36 [main] INFO  a.pages.ServicesPage - ✏️ Entering SMS thresholds - Credit: 168, Debit: 5873
2025-06-20 12:42:39 [main] INFO  a.pages.ServicesPage - ✅ Amounts entered successfully with Credit: 168, Debit: 5873
2025-06-20 12:42:39 [main] INFO  a.pages.ServicesPage - 💾 Clicking Save button...
2025-06-20 12:42:39 [main] INFO  a.pages.ServicesPage - ⏳ Waiting for spinner to fully disappear...
2025-06-20 12:42:50 [main] INFO  a.pages.ServicesPage - ✅ Spinner disappeared.
2025-06-20 12:42:50 [main] INFO  a.pages.ServicesPage - 🔐 Entering OTP: 000000
2025-06-20 12:42:50 [main] INFO  a.pages.ServicesPage - ⏳ Waiting for spinner to fully disappear...
2025-06-20 12:42:51 [main] INFO  a.pages.ServicesPage - ✅ Spinner disappeared.
2025-06-20 12:42:51 [main] INFO  a.pages.ServicesPage - ⏳ Waiting for spinner to fully disappear...
2025-06-20 12:43:02 [main] INFO  a.pages.ServicesPage - ✅ Spinner disappeared.
2025-06-20 12:43:02 [main] INFO  a.pages.ServicesPage - ✅ OTP entered.
2025-06-20 12:43:02 [main] INFO  a.pages.ServicesPage - ➡️ Clicking Proceed...
2025-06-20 12:43:02 [main] INFO  a.pages.ServicesPage - ⏳ Waiting for spinner to fully disappear...
2025-06-20 12:43:13 [main] INFO  a.pages.ServicesPage - ✅ Spinner disappeared.
2025-06-20 12:43:13 [main] INFO  a.pages.ServicesPage - ⏳ Waiting for spinner to fully disappear...
2025-06-20 12:43:25 [main] INFO  a.pages.ServicesPage - ✅ Spinner disappeared.
2025-06-20 12:43:25 [main] INFO  a.pages.ServicesPage - ❌ Error Message Shown: Enter Mobile OTP
2025-06-20 12:43:25 [main] INFO  a.pages.ServicesPage - ✅ OTP validation error appeared as expected.
2025-06-20 12:43:25 [main] INFO  a.pages.ServicesPage - ⏳ Waiting for spinner to fully disappear...
2025-06-20 12:43:35 [main] INFO  a.pages.ServicesPage - ✅ Spinner disappeared.
2025-06-20 12:43:35 [main] INFO  a.pages.ServicesPage - ❎ Clicking Cancel button...
2025-06-20 12:43:35 [main] INFO  a.pages.ServicesPage - ⏳ Waiting for spinner to fully disappear...
2025-06-20 12:43:46 [main] INFO  a.pages.ServicesPage - ✅ Spinner disappeared.
2025-06-20 12:43:46 [main] INFO  a.pages.ServicesPage - ❎ Clicking Close Arrow...
2025-06-20 12:43:46 [main] INFO  a.pages.ServicesPage - ⏳ Waiting for spinner to fully disappear...
2025-06-20 12:43:56 [main] INFO  a.pages.ServicesPage - ✅ Spinner disappeared.
2025-06-20 12:43:56 [main] INFO  a.pages.PaymentHistoryPage - 🟦 [STEP] Clicking on the Payment tab.
2025-06-20 12:43:56 [main] INFO  a.pages.PaymentHistoryPage - ⏳ Waiting for spinner to fully disappear...
2025-06-20 12:44:07 [main] INFO  a.pages.PaymentHistoryPage - ✅ Spinner disappeared.
2025-06-20 12:44:07 [main] INFO  a.pages.PaymentHistoryPage - ✅ [SUCCESS] Payment tab clicked.
2025-06-20 12:44:07 [main] INFO  a.pages.PaymentHistoryPage - ⏳ Waiting for spinner to fully disappear...
2025-06-20 12:44:24 [main] INFO  a.pages.PaymentHistoryPage - ✅ Spinner disappeared.
2025-06-20 12:44:24 [main] INFO  a.pages.PaymentHistoryPage - 🧪=== Starting Positive Test Cases for NEFT transaction for Payment to Payee ===
2025-06-20 12:44:24 [main] INFO  a.pages.PaymentHistoryPage - 🚀 [START] Initiating payment to payee: DXFCHGV
2025-06-20 12:44:24 [main] INFO  a.pages.PaymentHistoryPage - ⏳ Waiting for spinner to fully disappear...
2025-06-20 12:44:34 [main] INFO  a.pages.PaymentHistoryPage - ✅ Spinner disappeared.
2025-06-20 12:44:50 [main] WARN  a.pages.PaymentHistoryPage - ⚠️ Click failed attempt 1/3: Expected condition failed: waiting for element to be clickable: By.xpath: //span[@class='font-semibold mb-1' and text()='RAJATH CANARA'] (tried for 15 second(s) with 500 milliseconds interval)
Build info: version: '4.20.0', revision: '866c76ca80'
System info: os.name: 'Windows 11', os.arch: 'amd64', os.version: '10.0', java.version: '17.0.12'
Driver info: org.openqa.selenium.chrome.ChromeDriver
Capabilities {acceptInsecureCerts: false, browserName: chrome, browserVersion: 137.0.7151.104, chrome: {chromedriverVersion: 137.0.7151.119 (e0ac9d12dff..., userDataDir: C:\Users\rajum\AppData\Loca...}, fedcm:accounts: true, goog:chromeOptions: {debuggerAddress: localhost:57590}, networkConnectionEnabled: false, pageLoadStrategy: normal, platformName: windows, proxy: Proxy(), se:cdp: ws://localhost:57590/devtoo..., se:cdpVersion: 137.0.7151.104, setWindowRect: true, strictFileInteractability: false, timeouts: {implicit: 0, pageLoad: 300000, script: 30000}, unhandledPromptBehavior: dismiss and notify, webauthn:extension:credBlob: true, webauthn:extension:largeBlob: true, webauthn:extension:minPinLength: true, webauthn:extension:prf: true, webauthn:virtualAuthenticators: true}
Session ID: 3a64a5eccb5c953686db53f82c351b54
2025-06-20 12:44:50 [main] INFO  a.pages.PaymentHistoryPage - ⏳ Waiting for spinner to fully disappear...
2025-06-20 12:45:01 [main] INFO  a.pages.PaymentHistoryPage - ✅ Spinner disappeared.
