2025-06-18 12:42:09 [main] INFO  org.testng.internal.Utils - [Utils] MethodGroupsHelper.collectMethodsByGroup() took 1 ms.
2025-06-18 12:42:09 [main] INFO  org.testng.internal.Utils - [Utils] MethodGroupsHelper.sortMethods() took 2 ms.
2025-06-18 12:42:09 [main] INFO  org.testng.internal.Utils - [Utils] MethodGroupsHelper.collectMethodsByGroup() took 0 ms.
2025-06-18 12:42:09 [main] INFO  org.testng.internal.Utils - [Utils] MethodGroupsHelper.sortMethods() took 0 ms.
2025-06-18 12:42:09 [main] INFO  org.testng.internal.Utils - [Utils] MethodGroupsHelper.collectMethodsByGroup() took 0 ms.
2025-06-18 12:42:09 [main] INFO  org.testng.internal.Utils - [Utils] MethodGroupsHelper.sortMethods() took 0 ms.
2025-06-18 12:42:09 [main] INFO  org.testng.internal.Utils - [Utils] MethodGroupsHelper.collectMethodsByGroup() took 0 ms.
2025-06-18 12:42:09 [main] INFO  org.testng.internal.Utils - [Utils] MethodGroupsHelper.sortMethods() took 0 ms.
2025-06-18 12:42:09 [main] INFO  org.testng.internal.Utils - [Utils] MethodGroupsHelper.collectMethodsByGroup() took 5 ms.
2025-06-18 12:42:09 [main] INFO  org.testng.internal.Utils - [Utils] MethodGroupsHelper.sortMethods() took 20 ms.
2025-06-18 12:42:09 [main] INFO  org.testng.internal.Utils - [Utils] MethodGroupsHelper.collectMethodsByGroup() took 0 ms.
2025-06-18 12:42:09 [main] INFO  org.testng.internal.Utils - [Utils] MethodGroupsHelper.sortMethods() took 1 ms.
2025-06-18 12:42:09 [main] INFO  org.testng.internal.Utils - [Utils] MethodGroupsHelper.collectMethodsByGroup() took 0 ms.
2025-06-18 12:42:09 [main] INFO  org.testng.internal.Utils - [Utils] MethodGroupsHelper.sortMethods() took 0 ms.
2025-06-18 12:42:09 [main] INFO  org.testng.internal.Utils - [Utils] MethodGroupsHelper.collectMethodsByGroup() took 0 ms.
2025-06-18 12:42:09 [main] INFO  org.testng.internal.Utils - [Utils] MethodGroupsHelper.sortMethods() took 0 ms.
2025-06-18 12:42:09 [main] INFO  org.testng.internal.Utils - [Utils] MethodGroupsHelper.collectMethodsByGroup() took 0 ms.
2025-06-18 12:42:09 [main] INFO  org.testng.internal.Utils - [Utils] MethodGroupsHelper.sortMethods() took 0 ms.
2025-06-18 12:42:09 [main] INFO  org.testng.internal.Utils - [Utils] MethodGroupsHelper.collectMethodsByGroup() took 0 ms.
2025-06-18 12:42:09 [main] INFO  org.testng.internal.Utils - [Utils] MethodGroupsHelper.sortMethods() took 0 ms.
2025-06-18 12:42:09 [main] INFO  org.testng.internal.Utils - [Utils] MethodGroupsHelper.collectMethodsByGroup() took 0 ms.
2025-06-18 12:42:09 [main] INFO  org.testng.internal.Utils - [Utils] MethodGroupsHelper.sortMethods() took 0 ms.
2025-06-18 12:42:09 [main] INFO  org.testng.internal.Utils - [Utils] MethodGroupsHelper.collectMethodsByGroup() took 0 ms.
2025-06-18 12:42:09 [main] INFO  org.testng.internal.Utils - [Utils] MethodGroupsHelper.sortMethods() took 0 ms.
2025-06-18 12:42:09 [main] INFO  org.testng.internal.Utils - [Utils] MethodGroupsHelper.collectMethodsByGroup() took 1 ms.
2025-06-18 12:42:09 [main] INFO  org.testng.internal.Utils - [Utils] MethodGroupsHelper.sortMethods() took 18 ms.
2025-06-18 12:42:09 [main] INFO  org.testng.internal.Utils - [Utils] MethodGroupsHelper.collectMethodsByGroup() took 0 ms.
2025-06-18 12:42:09 [main] INFO  org.testng.internal.Utils - [Utils] MethodGroupsHelper.sortMethods() took 0 ms.
2025-06-18 12:42:09 [main] INFO  org.testng.internal.Utils - [Utils] MethodGroupsHelper.collectMethodsByGroup() took 0 ms.
2025-06-18 12:42:09 [main] INFO  org.testng.internal.Utils - [Utils] MethodGroupsHelper.sortMethods() took 0 ms.
2025-06-18 12:42:09 [main] INFO  org.testng.internal.Utils - [TestNG] Running:
  C:\Users\rajum\AppData\Local\Temp\testng-eclipse--1557683714\testng-customsuite.xml

2025-06-18 12:42:09 [main] INFO  org.testng.internal.Utils - [Utils] DynamicGraphHelper.createDynamicGraph() took 10 ms.
2025-06-18 12:42:09 [main] INFO  automationFramework.utils.LoggerUtil - Initializing browser and report...
2025-06-18 12:42:10 [main] INFO  i.g.bonigarcia.wdm.WebDriverManager - Using chromedriver 137.0.7151.119 (resolved driver for Chrome 137)
2025-06-18 12:42:11 [main] INFO  i.g.bonigarcia.wdm.WebDriverManager - Exporting webdriver.chrome.driver as C:\Users\rajum\.cache\selenium\chromedriver\win64\137.0.7151.119\chromedriver.exe
2025-06-18 12:42:13 [main] INFO  automationFramework.utils.LoggerUtil - Setup complete.
2025-06-18 12:42:13 [main] INFO  automationFramework.pages.LoginPage - ✅ Captcha wait time loaded: 10 seconds
2025-06-18 12:42:16 [main] INFO  automationFramework.pages.LoginPage - 🟦 Navigated to URL: https://uatnet.svcbank.com/ReachSVCInet/SVC-web/inet/netbanking
2025-06-18 12:42:16 [main] INFO  automationFramework.pages.LoginPage - ✅ Entered username: TEST001
2025-06-18 12:42:16 [main] INFO  automationFramework.pages.LoginPage - ⏳ Waiting for manual captcha input (10 seconds)
2025-06-18 12:42:27 [main] INFO  automationFramework.pages.LoginPage - ✅ Clicked first Login button
2025-06-18 12:42:29 [main] INFO  automationFramework.pages.LoginPage - ✅ Entered password
2025-06-18 12:42:30 [main] INFO  automationFramework.pages.LoginPage - ✅ Clicked final Login button
2025-06-18 12:42:34 [main] INFO  automationFramework.pages.LoginPage - 🎉 Login successful for user: TEST001
2025-06-18 12:42:34 [main] INFO  a.pages.PaymentHistoryPage - 🟦 [STEP] Clicking on the Payment tab.
2025-06-18 12:42:34 [main] INFO  a.pages.PaymentHistoryPage - ⏳ Waiting for spinner to fully disappear...
2025-06-18 12:42:38 [main] INFO  a.pages.PaymentHistoryPage - ✅ Spinner disappeared.
2025-06-18 12:42:39 [main] INFO  a.pages.PaymentHistoryPage - ⏳ Waiting for spinner to fully disappear...
2025-06-18 12:42:39 [main] INFO  a.pages.PaymentHistoryPage - ✅ Spinner disappeared.
2025-06-18 12:42:39 [main] INFO  a.pages.PaymentHistoryPage - ✅ [SUCCESS] Payment tab clicked.
2025-06-18 12:42:39 [main] INFO  a.pages.PaymentHistoryPage - ⏳ Waiting for spinner to fully disappear...
2025-06-18 12:42:40 [main] INFO  a.pages.PaymentHistoryPage - ✅ Spinner disappeared.
2025-06-18 12:42:40 [main] INFO  a.pages.PaymentHistoryPage - 🧪=== Starting Positive Test Cases for NEFT transaction for Payment to Payee ===
2025-06-18 12:42:40 [main] INFO  a.pages.PaymentHistoryPage - 🚀 [START] Initiating payment to payee: DXFCHGV
2025-06-18 12:42:40 [main] INFO  a.pages.PaymentHistoryPage - ⏳ Waiting for spinner to fully disappear...
2025-06-18 12:42:40 [main] INFO  a.pages.PaymentHistoryPage - ✅ Spinner disappeared.
2025-06-18 12:42:40 [main] INFO  a.pages.PaymentHistoryPage - ⏳ Waiting for spinner to fully disappear...
2025-06-18 12:42:41 [main] INFO  a.pages.PaymentHistoryPage - ✅ Spinner disappeared.
2025-06-18 12:42:41 [main] INFO  a.pages.PaymentHistoryPage - ✅ [SUCCESS] Payee selected: DXFCHGV
2025-06-18 12:42:41 [main] INFO  a.pages.PaymentHistoryPage - ✅ [SUCCESS] Entered amount: ₹1
2025-06-18 12:42:41 [main] INFO  a.pages.PaymentHistoryPage - ✅ Amount '1' entered successfully.
2025-06-18 12:42:41 [main] INFO  a.pages.PaymentHistoryPage - ⏳ Waiting for spinner to fully disappear...
2025-06-18 12:42:42 [main] INFO  a.pages.PaymentHistoryPage - ✅ Spinner disappeared.
2025-06-18 12:42:42 [main] INFO  a.pages.PaymentHistoryPage - ✅ Spinner disappeared after entering amount.
2025-06-18 12:42:42 [main] INFO  a.pages.PaymentHistoryPage - ✅ No critical service errors detected.
2025-06-18 12:42:42 [main] INFO  a.pages.PaymentHistoryPage - 🟦 [STEP] Selecting NEFT option
2025-06-18 12:42:42 [main] INFO  a.pages.PaymentHistoryPage - Attempting to click NEFT option (Attempt 1)
2025-06-18 12:42:43 [main] INFO  a.pages.PaymentHistoryPage - 🔄 NEFT clicked via Actions.
2025-06-18 12:42:44 [main] INFO  a.pages.PaymentHistoryPage - ✅ NEFT option selected successfully.
2025-06-18 12:42:44 [main] INFO  a.pages.PaymentHistoryPage - ✅ NEFT option selected.
2025-06-18 12:42:44 [main] INFO  a.pages.PaymentHistoryPage - ✅ [SUCCESS] Entered remarks: test value
2025-06-18 12:42:44 [main] INFO  a.pages.PaymentHistoryPage - ✅ Remarks entered.
2025-06-18 12:42:44 [main] INFO  a.pages.PaymentHistoryPage - ⏳ Waiting for spinner to fully disappear...
2025-06-18 12:42:44 [main] INFO  a.pages.PaymentHistoryPage - ✅ Spinner disappeared.
2025-06-18 12:42:44 [main] INFO  a.pages.PaymentHistoryPage - ⏳ Waiting for spinner to fully disappear...
2025-06-18 12:42:45 [main] INFO  a.pages.PaymentHistoryPage - ✅ Spinner disappeared.
2025-06-18 12:42:45 [main] INFO  a.pages.PaymentHistoryPage - ✅ [SUCCESS] Clicked Proceed after remarks.
2025-06-18 12:42:45 [main] INFO  a.pages.PaymentHistoryPage - ✅ Clicked on Proceed button after entering remarks.
2025-06-18 12:42:45 [main] INFO  a.pages.PaymentHistoryPage - ⏳ Waiting for spinner to fully disappear...
2025-06-18 12:42:45 [main] INFO  a.pages.PaymentHistoryPage - ✅ Spinner disappeared.
2025-06-18 12:42:45 [main] INFO  a.pages.PaymentHistoryPage - ⏳ Waiting for spinner to fully disappear...
2025-06-18 12:42:47 [main] INFO  a.pages.PaymentHistoryPage - ✅ Spinner disappeared.
2025-06-18 12:42:47 [main] INFO  a.pages.PaymentHistoryPage - ✅ [SUCCESS] Confirm button clicked.
2025-06-18 12:42:47 [main] INFO  a.pages.PaymentHistoryPage - ✅ Confirm button clicked.
2025-06-18 12:42:47 [main] INFO  a.pages.PaymentHistoryPage - ✅ [SUCCESS] OTP entered.
2025-06-18 12:42:47 [main] INFO  a.pages.PaymentHistoryPage - ✅ OTP entered.
2025-06-18 12:42:47 [main] INFO  a.pages.PaymentHistoryPage - Waiting for any overlay/spinner to disappear.
2025-06-18 12:42:47 [main] INFO  a.pages.PaymentHistoryPage - ✅ [SUCCESS] Final Proceed clicked after OTP.
2025-06-18 12:42:47 [main] INFO  a.pages.PaymentHistoryPage - ✅ Final Proceed button clicked.
2025-06-18 12:42:54 [main] INFO  a.pages.PaymentHistoryPage - ✅ [SUCCESS] Close button clicked.
2025-06-18 12:42:54 [main] INFO  a.pages.PaymentHistoryPage - ✅ Close button clicked after transaction.
2025-06-18 12:42:54 [main] INFO  a.pages.PaymentHistoryPage - 🎉 [DONE] ✅ Positive test case for Payment to payee 'DXFCHGV' successfully executed.
2025-06-18 12:42:54 [main] INFO  a.pages.PaymentHistoryPage - 🟦 [STEP] Clicking on the Payment tab.
2025-06-18 12:42:54 [main] INFO  a.pages.PaymentHistoryPage - ⏳ Waiting for spinner to fully disappear...
2025-06-18 12:42:55 [main] INFO  a.pages.PaymentHistoryPage - ✅ Spinner disappeared.
2025-06-18 12:42:55 [main] INFO  a.pages.PaymentHistoryPage - ⏳ Waiting for spinner to fully disappear...
2025-06-18 12:42:58 [main] INFO  a.pages.PaymentHistoryPage - ✅ Spinner disappeared.
2025-06-18 12:42:58 [main] INFO  a.pages.PaymentHistoryPage - ✅ [SUCCESS] Payment tab clicked.
2025-06-18 12:42:58 [main] INFO  a.pages.PaymentHistoryPage - ⏳ Waiting for spinner to fully disappear...
2025-06-18 12:42:58 [main] INFO  a.pages.PaymentHistoryPage - ✅ Spinner disappeared.
2025-06-18 12:42:58 [main] INFO  a.pages.PaymentHistoryPage - 🧪=== Starting Negative Test Cases for NETF transaction for Payment to payee ===
2025-06-18 12:42:58 [main] INFO  a.pages.PaymentHistoryPage - 🔹 Step : Selecting payee: DXFCHGV
2025-06-18 12:42:58 [main] INFO  a.pages.PaymentHistoryPage - ⏳ Waiting for spinner to fully disappear...
2025-06-18 12:42:58 [main] INFO  a.pages.PaymentHistoryPage - ✅ Spinner disappeared.
2025-06-18 12:42:58 [main] INFO  a.pages.PaymentHistoryPage - ⏳ Waiting for spinner to fully disappear...
2025-06-18 12:42:59 [main] INFO  a.pages.PaymentHistoryPage - ✅ Spinner disappeared.
2025-06-18 12:42:59 [main] INFO  a.pages.PaymentHistoryPage - ✅ Payee selected successfully.
2025-06-18 12:42:59 [main] INFO  a.pages.PaymentHistoryPage - 
🔸 Test Case 1: Blank Amount
2025-06-18 12:42:59 [main] INFO  a.pages.PaymentHistoryPage - ⏳ Waiting for spinner to fully disappear...
2025-06-18 12:43:02 [main] INFO  a.pages.PaymentHistoryPage - ✅ Spinner disappeared.
2025-06-18 12:43:02 [main] INFO  a.pages.PaymentHistoryPage - ⏳ Waiting for spinner to fully disappear...
2025-06-18 12:43:03 [main] INFO  a.pages.PaymentHistoryPage - ✅ Spinner disappeared.
2025-06-18 12:43:03 [main] INFO  a.pages.PaymentHistoryPage - [SUCCESS] ✅ Correct error displayed: 'Amount is required'
2025-06-18 12:43:03 [main] INFO  a.pages.PaymentHistoryPage - 
🔸 Test Case 2: Special Characters (@#$%)
2025-06-18 12:43:03 [main] INFO  a.pages.PaymentHistoryPage - [SUCCESS] ✅ Special characters were blocked as expected.
2025-06-18 12:43:03 [main] INFO  a.pages.PaymentHistoryPage - 
🔸 Test Case 3: Alphanumeric Characters (123abc)
2025-06-18 12:43:04 [main] INFO  a.pages.PaymentHistoryPage - [SUCCESS] ✅ Field blocked alphanumeric input completely.
2025-06-18 12:43:04 [main] INFO  a.pages.PaymentHistoryPage - 
🔸 Test Case 4: Zero Amount (0)
2025-06-18 12:43:04 [main] INFO  a.pages.PaymentHistoryPage - ⏳ Waiting for spinner to fully disappear...
2025-06-18 12:43:04 [main] INFO  a.pages.PaymentHistoryPage - ✅ Spinner disappeared.
2025-06-18 12:43:04 [main] INFO  a.pages.PaymentHistoryPage - ⏳ Waiting for spinner to fully disappear...
2025-06-18 12:43:04 [main] INFO  a.pages.PaymentHistoryPage - ✅ Spinner disappeared.
2025-06-18 12:43:05 [main] INFO  a.pages.PaymentHistoryPage - [SUCCESS] ✅ Correct validation message shown: 'Minimum amount is 1.00'
2025-06-18 12:43:05 [main] INFO  a.pages.PaymentHistoryPage - 
🔸 Test Case 5: Amount Greater Than Account Balance
2025-06-18 12:43:05 [main] INFO  a.pages.PaymentHistoryPage - Fetched account balance: ₹2791794
2025-06-18 12:43:06 [main] INFO  a.pages.PaymentHistoryPage - ✅ Over-limit amount typed: '2792294'
2025-06-18 12:43:07 [main] INFO  a.pages.PaymentHistoryPage - ✅ 'Insufficient balance' popup displayed.
2025-06-18 12:43:07 [main] INFO  a.pages.PaymentHistoryPage - ✅ Clicked OK.
2025-06-18 12:43:07 [main] INFO  a.pages.PaymentHistoryPage - 
🔸 Test Case 6: Leave Remarks Field Blank and Proceed
2025-06-18 12:43:07 [main] INFO  a.pages.PaymentHistoryPage - ✅ Remarks field cleared.
2025-06-18 12:43:07 [main] INFO  a.pages.PaymentHistoryPage - ⏳ Waiting for spinner to fully disappear...
2025-06-18 12:43:07 [main] INFO  a.pages.PaymentHistoryPage - ✅ Spinner disappeared.
2025-06-18 12:43:08 [main] INFO  a.pages.PaymentHistoryPage - 🟦 [STEP] Selecting NEFT option
2025-06-18 12:43:08 [main] INFO  a.pages.PaymentHistoryPage - Attempting to click NEFT option (Attempt 1)
2025-06-18 12:43:08 [main] INFO  a.pages.PaymentHistoryPage - 🔄 NEFT clicked via Actions.
2025-06-18 12:43:09 [main] WARN  a.pages.PaymentHistoryPage - ⚠️ NEFT not selected yet. Retrying...
2025-06-18 12:43:09 [main] INFO  a.pages.PaymentHistoryPage - Attempting to click NEFT option (Attempt 2)
2025-06-18 12:43:09 [main] INFO  a.pages.PaymentHistoryPage - 🔄 NEFT clicked via Actions.
2025-06-18 12:43:10 [main] WARN  a.pages.PaymentHistoryPage - ⚠️ NEFT not selected yet. Retrying...
2025-06-18 12:43:10 [main] INFO  a.pages.PaymentHistoryPage - Attempting to click NEFT option (Attempt 3)
2025-06-18 12:43:25 [main] ERROR a.pages.PaymentHistoryPage - ❌ NEFT selection error: Expected condition failed: waiting for element to be clickable: By.xpath: //*[normalize-space(text())='NEFT']/ancestor::*[self::div or self::label or self::button][1] (tried for 15 second(s) with 500 milliseconds interval)
Build info: version: '4.20.0', revision: '866c76ca80'
System info: os.name: 'Windows 11', os.arch: 'amd64', os.version: '10.0', java.version: '17.0.12'
Driver info: org.openqa.selenium.chrome.ChromeDriver
Capabilities {acceptInsecureCerts: false, browserName: chrome, browserVersion: 137.0.7151.104, chrome: {chromedriverVersion: 137.0.7151.119 (e0ac9d12dff..., userDataDir: C:\Users\rajum\AppData\Loca...}, fedcm:accounts: true, goog:chromeOptions: {debuggerAddress: localhost:54083}, networkConnectionEnabled: false, pageLoadStrategy: normal, platformName: windows, proxy: Proxy(), se:cdp: ws://localhost:54083/devtoo..., se:cdpVersion: 137.0.7151.104, setWindowRect: true, strictFileInteractability: false, timeouts: {implicit: 0, pageLoad: 300000, script: 30000}, unhandledPromptBehavior: dismiss and notify, webauthn:extension:credBlob: true, webauthn:extension:largeBlob: true, webauthn:extension:minPinLength: true, webauthn:extension:prf: true, webauthn:virtualAuthenticators: true}
Session ID: 6bbf2a9469ec74a3721bdaed44b5b3dc
2025-06-18 12:43:25 [main] INFO  a.pages.PaymentHistoryPage - Attempting to click NEFT option (Attempt 4)
