2025-06-17 19:10:49 [main] INFO  org.testng.internal.Utils - [Utils] MethodGroupsHelper.collectMethodsByGroup() took 1 ms.
2025-06-17 19:10:49 [main] INFO  org.testng.internal.Utils - [Utils] MethodGroupsHelper.sortMethods() took 2 ms.
2025-06-17 19:10:49 [main] INFO  org.testng.internal.Utils - [Utils] MethodGroupsHelper.collectMethodsByGroup() took 0 ms.
2025-06-17 19:10:49 [main] INFO  org.testng.internal.Utils - [Utils] MethodGroupsHelper.sortMethods() took 0 ms.
2025-06-17 19:10:49 [main] INFO  org.testng.internal.Utils - [Utils] MethodGroupsHelper.collectMethodsByGroup() took 0 ms.
2025-06-17 19:10:49 [main] INFO  org.testng.internal.Utils - [Utils] MethodGroupsHelper.sortMethods() took 0 ms.
2025-06-17 19:10:50 [main] INFO  org.testng.internal.Utils - [Utils] MethodGroupsHelper.collectMethodsByGroup() took 0 ms.
2025-06-17 19:10:50 [main] INFO  org.testng.internal.Utils - [Utils] MethodGroupsHelper.sortMethods() took 0 ms.
2025-06-17 19:10:50 [main] INFO  org.testng.internal.Utils - [Utils] MethodGroupsHelper.collectMethodsByGroup() took 7 ms.
2025-06-17 19:10:50 [main] INFO  org.testng.internal.Utils - [Utils] MethodGroupsHelper.sortMethods() took 21 ms.
2025-06-17 19:10:50 [main] INFO  org.testng.internal.Utils - [Utils] MethodGroupsHelper.collectMethodsByGroup() took 0 ms.
2025-06-17 19:10:50 [main] INFO  org.testng.internal.Utils - [Utils] MethodGroupsHelper.sortMethods() took 1 ms.
2025-06-17 19:10:50 [main] INFO  org.testng.internal.Utils - [Utils] MethodGroupsHelper.collectMethodsByGroup() took 0 ms.
2025-06-17 19:10:50 [main] INFO  org.testng.internal.Utils - [Utils] MethodGroupsHelper.sortMethods() took 0 ms.
2025-06-17 19:10:50 [main] INFO  org.testng.internal.Utils - [Utils] MethodGroupsHelper.collectMethodsByGroup() took 0 ms.
2025-06-17 19:10:50 [main] INFO  org.testng.internal.Utils - [Utils] MethodGroupsHelper.sortMethods() took 0 ms.
2025-06-17 19:10:50 [main] INFO  org.testng.internal.Utils - [Utils] MethodGroupsHelper.collectMethodsByGroup() took 0 ms.
2025-06-17 19:10:50 [main] INFO  org.testng.internal.Utils - [Utils] MethodGroupsHelper.sortMethods() took 0 ms.
2025-06-17 19:10:50 [main] INFO  org.testng.internal.Utils - [Utils] MethodGroupsHelper.collectMethodsByGroup() took 0 ms.
2025-06-17 19:10:50 [main] INFO  org.testng.internal.Utils - [Utils] MethodGroupsHelper.sortMethods() took 1 ms.
2025-06-17 19:10:50 [main] INFO  org.testng.internal.Utils - [Utils] MethodGroupsHelper.collectMethodsByGroup() took 0 ms.
2025-06-17 19:10:50 [main] INFO  org.testng.internal.Utils - [Utils] MethodGroupsHelper.sortMethods() took 1 ms.
2025-06-17 19:10:50 [main] INFO  org.testng.internal.Utils - [Utils] MethodGroupsHelper.collectMethodsByGroup() took 0 ms.
2025-06-17 19:10:50 [main] INFO  org.testng.internal.Utils - [Utils] MethodGroupsHelper.sortMethods() took 0 ms.
2025-06-17 19:10:50 [main] INFO  org.testng.internal.Utils - [Utils] MethodGroupsHelper.collectMethodsByGroup() took 1 ms.
2025-06-17 19:10:50 [main] INFO  org.testng.internal.Utils - [Utils] MethodGroupsHelper.sortMethods() took 9 ms.
2025-06-17 19:10:50 [main] INFO  org.testng.internal.Utils - [Utils] MethodGroupsHelper.collectMethodsByGroup() took 0 ms.
2025-06-17 19:10:50 [main] INFO  org.testng.internal.Utils - [Utils] MethodGroupsHelper.sortMethods() took 0 ms.
2025-06-17 19:10:50 [main] INFO  org.testng.internal.Utils - [Utils] MethodGroupsHelper.collectMethodsByGroup() took 0 ms.
2025-06-17 19:10:50 [main] INFO  org.testng.internal.Utils - [Utils] MethodGroupsHelper.sortMethods() took 0 ms.
2025-06-17 19:10:50 [main] INFO  org.testng.internal.Utils - [TestNG] Running:
  C:\Users\rajum\AppData\Local\Temp\testng-eclipse-1429772704\testng-customsuite.xml

2025-06-17 19:10:50 [main] INFO  org.testng.internal.Utils - [Utils] DynamicGraphHelper.createDynamicGraph() took 8 ms.
2025-06-17 19:10:50 [main] INFO  automationFramework.utils.LoggerUtil - 🔧 Starting browser and loading properties...
2025-06-17 19:10:51 [main] INFO  i.g.bonigarcia.wdm.WebDriverManager - Using chromedriver 137.0.7151.70 (resolved driver for Chrome 137)
2025-06-17 19:10:51 [main] INFO  i.g.bonigarcia.wdm.WebDriverManager - Exporting webdriver.chrome.driver as C:\Users\rajum\.cache\selenium\chromedriver\win64\137.0.7151.70\chromedriver.exe
2025-06-17 19:10:53 [main] INFO  automationFramework.pages.LoginPage - ✅ Captcha wait time loaded: 10 seconds
2025-06-17 19:10:58 [main] INFO  automationFramework.pages.LoginPage - 🟦 Navigated to URL: https://uatnet.svcbank.com/ReachSVCInet/SVC-web/inet/netbanking
2025-06-17 19:10:59 [main] INFO  automationFramework.pages.LoginPage - ✅ Entered username: TEST001
2025-06-17 19:10:59 [main] INFO  automationFramework.pages.LoginPage - ⏳ Waiting for manual captcha input (10 seconds)
2025-06-17 19:11:09 [main] INFO  automationFramework.pages.LoginPage - ✅ Clicked first Login button
2025-06-17 19:11:10 [main] INFO  automationFramework.pages.LoginPage - ✅ Entered password
2025-06-17 19:11:11 [main] INFO  automationFramework.pages.LoginPage - ✅ Clicked final Login button
2025-06-17 19:11:13 [main] INFO  automationFramework.pages.LoginPage - 🎉 Login successful for user: TEST001
2025-06-17 19:11:13 [main] INFO  automationFramework.utils.LoggerUtil - ✅ Setup complete.
2025-06-17 19:11:13 [main] INFO  a.pages.AccountsPage - Clicking Accounts Tab
2025-06-17 19:11:13 [main] INFO  a.pages.AccountsPage - ⏳ Waiting for spinner to fully disappear...
2025-06-17 19:11:28 [main] INFO  a.pages.AccountsPage - ✅ Spinner disappeared.
2025-06-17 19:11:28 [main] INFO  a.pages.AccountsPage - ⏳ Waiting for spinner to fully disappear...
2025-06-17 19:11:43 [main] INFO  a.pages.AccountsPage - ✅ Spinner disappeared.
2025-06-17 19:11:43 [main] INFO  a.pages.AccountsPage - ⏳ Waiting for spinner to fully disappear...
2025-06-17 19:11:53 [main] INFO  a.pages.AccountsPage - ✅ Spinner disappeared.
2025-06-17 19:12:19 [main] INFO  a.pages.AccountsPage - ⏳ Waiting for spinner to fully disappear...
2025-06-17 19:12:29 [main] INFO  a.pages.AccountsPage - ✅ Spinner disappeared.
2025-06-17 19:12:54 [main] INFO  a.pages.AccountsPage - ⏳ Waiting for spinner to fully disappear...
2025-06-17 19:13:04 [main] INFO  a.pages.AccountsPage - ✅ Spinner disappeared.
2025-06-17 19:13:30 [main] INFO  a.pages.AccountsPage - ⏳ Waiting for spinner to fully disappear...
2025-06-17 19:13:40 [main] INFO  a.pages.AccountsPage - ✅ Spinner disappeared.
2025-06-17 19:14:05 [main] INFO  a.pages.AccountsPage - ⏳ Waiting for spinner to fully disappear...
2025-06-17 19:14:16 [main] INFO  a.pages.AccountsPage - ✅ Spinner disappeared.
2025-06-17 19:14:16 [main] INFO  a.pages.AccountsPage - ⏳ Waiting for spinner to fully disappear...
2025-06-17 19:14:34 [main] WARN  a.pages.AccountsPage - ⚠️ Spinner wait skipped or failed gracefully.
2025-06-17 19:14:34 [main] INFO  a.pages.AccountsPage - ⏳ Waiting for spinner to fully disappear...
2025-06-17 19:14:50 [main] WARN  a.pages.AccountsPage - ⚠️ Spinner wait skipped or failed gracefully.
2025-06-17 19:15:15 [main] INFO  a.pages.AccountsPage - ⏳ Waiting for spinner to fully disappear...
2025-06-17 19:15:30 [main] WARN  a.pages.AccountsPage - ⚠️ Spinner wait skipped or failed gracefully.
2025-06-17 19:15:56 [main] INFO  a.pages.AccountsPage - ⏳ Waiting for spinner to fully disappear...
2025-06-17 19:16:15 [main] INFO  a.pages.AccountsPage - ✅ Spinner disappeared.
2025-06-17 19:16:15 [main] INFO  a.pages.AccountsPage - ⏳ Waiting for spinner to fully disappear...
2025-06-17 19:16:26 [main] INFO  a.pages.AccountsPage - ✅ Spinner disappeared.
2025-06-17 19:16:26 [main] INFO  a.pages.AccountsPage - ⏳ Waiting for spinner to fully disappear...
2025-06-17 19:16:36 [main] INFO  a.pages.AccountsPage - ✅ Spinner disappeared.
2025-06-17 19:17:01 [main] INFO  a.pages.AccountsPage - 🔍 Checking if 'Detailed Statement' is visible.
2025-06-17 19:17:01 [main] INFO  a.pages.AccountsPage - ✅ 'Detailed Statement' is visible.
2025-06-17 19:17:01 [main] INFO  a.pages.AccountsPage - ⏳ Waiting for spinner to fully disappear...
2025-06-17 19:17:12 [main] INFO  a.pages.AccountsPage - ✅ Spinner disappeared.
2025-06-17 19:17:13 [main] WARN  a.pages.AccountsPage - ⚠️ Click intercepted attempt 1/3: element click intercepted: Element <span _ngcontent-ng-c1284850809="" class="text-blue-500 font-semibold">...</span> is not clickable at point (1423, 182). Other element would receive the click: <div class="ng-tns-c4033847114-18 p-dialog-mask p-component-overlay p-component-overlay-enter p-dialog-mask-scrollblocker p-component-overlay-leave" style="z-index: 11101;">...</div>
  (Session info: chrome=137.0.7151.104)
Build info: version: '4.20.0', revision: '866c76ca80'
System info: os.name: 'Windows 11', os.arch: 'amd64', os.version: '10.0', java.version: '17.0.12'
Driver info: org.openqa.selenium.chrome.ChromeDriver
Command: [a5dae78f312fce03c7d8ba251a2306ee, clickElement {id=f.491835966318C3788DC6015EEBEC08FA.d.03B287E0A482B78849C31D09E75EBCDB.e.160}]
Capabilities {acceptInsecureCerts: false, browserName: chrome, browserVersion: 137.0.7151.104, chrome: {chromedriverVersion: 137.0.7151.70 (dfa4dc56b2ab..., userDataDir: C:\Users\rajum\AppData\Loca...}, fedcm:accounts: true, goog:chromeOptions: {debuggerAddress: localhost:58866}, networkConnectionEnabled: false, pageLoadStrategy: normal, platformName: windows, proxy: Proxy(), se:cdp: ws://localhost:58866/devtoo..., se:cdpVersion: 137.0.7151.104, setWindowRect: true, strictFileInteractability: false, timeouts: {implicit: 0, pageLoad: 300000, script: 30000}, unhandledPromptBehavior: dismiss and notify, webauthn:extension:credBlob: true, webauthn:extension:largeBlob: true, webauthn:extension:minPinLength: true, webauthn:extension:prf: true, webauthn:virtualAuthenticators: true}
Element: [[ChromeDriver: chrome on windows (a5dae78f312fce03c7d8ba251a2306ee)] -> xpath: //span[contains(text(),'Detailed Statement')]]
Session ID: a5dae78f312fce03c7d8ba251a2306ee
2025-06-17 19:17:13 [main] INFO  a.pages.AccountsPage - ⏳ Waiting for spinner to fully disappear...
2025-06-17 19:17:24 [main] INFO  a.pages.AccountsPage - ✅ Spinner disappeared.
2025-06-17 19:17:24 [main] INFO  a.pages.AccountsPage - ⏳ Waiting for spinner to fully disappear...
2025-06-17 19:17:42 [main] WARN  a.pages.AccountsPage - ⚠️ Spinner wait skipped or failed gracefully.
2025-06-17 19:17:42 [main] INFO  a.pages.AccountsPage - ⏳ Waiting for spinner to fully disappear...
2025-06-17 19:17:58 [main] WARN  a.pages.AccountsPage - ⚠️ Spinner wait skipped or failed gracefully.
2025-06-17 19:18:23 [main] INFO  a.pages.AccountsPage - ⏳ Waiting for spinner to fully disappear...
2025-06-17 19:18:39 [main] INFO  a.pages.AccountsPage - ✅ Spinner disappeared.
2025-06-17 19:18:39 [main] INFO  a.pages.AccountsPage - ⏳ Waiting for spinner to fully disappear...
2025-06-17 19:18:49 [main] INFO  a.pages.AccountsPage - ✅ Spinner disappeared.
2025-06-17 19:18:49 [main] INFO  a.pages.AccountsPage - ⏳ Waiting for spinner to fully disappear...
2025-06-17 19:19:00 [main] INFO  a.pages.AccountsPage - ✅ Spinner disappeared.
2025-06-17 19:19:25 [main] INFO  a.pages.AccountsPage - ⏳ Waiting for spinner to fully disappear...
2025-06-17 19:19:35 [main] INFO  a.pages.AccountsPage - ✅ Spinner disappeared.
2025-06-17 19:19:35 [main] INFO  a.pages.AccountsPage - ⏳ Waiting for spinner to fully disappear...
2025-06-17 19:19:51 [main] WARN  a.pages.AccountsPage - ⚠️ Spinner wait skipped or failed gracefully.
2025-06-17 19:19:51 [main] INFO  a.pages.AccountsPage - ⏳ Waiting for spinner to fully disappear...
2025-06-17 19:20:05 [main] INFO  a.pages.AccountsPage - ✅ Spinner disappeared.
2025-06-17 19:20:31 [main] INFO  a.pages.AccountsPage - 🔍 Checking if 'Detailed Statement' is visible.
2025-06-17 19:20:36 [main] WARN  a.pages.AccountsPage - ⚠️ 'Detailed Statement' not visible. Clicking Accounts Tab first.
2025-06-17 19:20:36 [main] INFO  a.pages.AccountsPage - ⏳ Waiting for spinner to fully disappear...
2025-06-17 19:20:46 [main] INFO  a.pages.AccountsPage - ✅ Spinner disappeared.
2025-06-17 19:20:46 [main] INFO  a.pages.AccountsPage - ⏳ Waiting for spinner to fully disappear...
2025-06-17 19:21:05 [main] WARN  a.pages.AccountsPage - ⚠️ Spinner wait skipped or failed gracefully.
2025-06-17 19:21:05 [main] INFO  a.pages.AccountsPage - ✅ 'Detailed Statement' found after clicking Accounts Tab.
2025-06-17 19:21:05 [main] INFO  a.pages.AccountsPage - ⏳ Waiting for spinner to fully disappear...
2025-06-17 19:21:21 [main] WARN  a.pages.AccountsPage - ⚠️ Spinner wait skipped or failed gracefully.
2025-06-17 19:21:22 [main] WARN  a.pages.AccountsPage - ⚠️ Click intercepted attempt 1/3: element click intercepted: Element <span _ngcontent-ng-c1284850809="" class="text-blue-500 font-semibold">...</span> is not clickable at point (1419, 182). Other element would receive the click: <div _ngcontent-ng-c587276320="" class="ngx-spinner-overlay ng-tns-c587276320-1 ng-trigger ng-trigger-fadeIn ng-star-inserted ng-animating" style="background-color: rgba(51, 51, 51, 0.8); z-index: 99999; position: fixed;">...</div>
  (Session info: chrome=137.0.7151.104)
Build info: version: '4.20.0', revision: '866c76ca80'
System info: os.name: 'Windows 11', os.arch: 'amd64', os.version: '10.0', java.version: '17.0.12'
Driver info: org.openqa.selenium.chrome.ChromeDriver
Command: [a5dae78f312fce03c7d8ba251a2306ee, clickElement {id=f.491835966318C3788DC6015EEBEC08FA.d.03B287E0A482B78849C31D09E75EBCDB.e.199}]
Capabilities {acceptInsecureCerts: false, browserName: chrome, browserVersion: 137.0.7151.104, chrome: {chromedriverVersion: 137.0.7151.70 (dfa4dc56b2ab..., userDataDir: C:\Users\rajum\AppData\Loca...}, fedcm:accounts: true, goog:chromeOptions: {debuggerAddress: localhost:58866}, networkConnectionEnabled: false, pageLoadStrategy: normal, platformName: windows, proxy: Proxy(), se:cdp: ws://localhost:58866/devtoo..., se:cdpVersion: 137.0.7151.104, setWindowRect: true, strictFileInteractability: false, timeouts: {implicit: 0, pageLoad: 300000, script: 30000}, unhandledPromptBehavior: dismiss and notify, webauthn:extension:credBlob: true, webauthn:extension:largeBlob: true, webauthn:extension:minPinLength: true, webauthn:extension:prf: true, webauthn:virtualAuthenticators: true}
Element: [[ChromeDriver: chrome on windows (a5dae78f312fce03c7d8ba251a2306ee)] -> xpath: //span[contains(text(),'Detailed Statement')]]
Session ID: a5dae78f312fce03c7d8ba251a2306ee
2025-06-17 19:21:22 [main] INFO  a.pages.AccountsPage - ⏳ Waiting for spinner to fully disappear...
2025-06-17 19:21:38 [main] WARN  a.pages.AccountsPage - ⚠️ Spinner wait skipped or failed gracefully.
2025-06-17 19:21:39 [main] WARN  a.pages.AccountsPage - ⚠️ Click intercepted attempt 2/3: element click intercepted: Element <span _ngcontent-ng-c1284850809="" class="text-blue-500 font-semibold">...</span> is not clickable at point (1419, 182). Other element would receive the click: <div _ngcontent-ng-c587276320="" class="ngx-spinner-overlay ng-tns-c587276320-1 ng-trigger ng-trigger-fadeIn ng-star-inserted ng-animating" style="background-color: rgba(51, 51, 51, 0.8); z-index: 99999; position: fixed;">...</div>
  (Session info: chrome=137.0.7151.104)
Build info: version: '4.20.0', revision: '866c76ca80'
System info: os.name: 'Windows 11', os.arch: 'amd64', os.version: '10.0', java.version: '17.0.12'
Driver info: org.openqa.selenium.chrome.ChromeDriver
Command: [a5dae78f312fce03c7d8ba251a2306ee, clickElement {id=f.491835966318C3788DC6015EEBEC08FA.d.03B287E0A482B78849C31D09E75EBCDB.e.199}]
Capabilities {acceptInsecureCerts: false, browserName: chrome, browserVersion: 137.0.7151.104, chrome: {chromedriverVersion: 137.0.7151.70 (dfa4dc56b2ab..., userDataDir: C:\Users\rajum\AppData\Loca...}, fedcm:accounts: true, goog:chromeOptions: {debuggerAddress: localhost:58866}, networkConnectionEnabled: false, pageLoadStrategy: normal, platformName: windows, proxy: Proxy(), se:cdp: ws://localhost:58866/devtoo..., se:cdpVersion: 137.0.7151.104, setWindowRect: true, strictFileInteractability: false, timeouts: {implicit: 0, pageLoad: 300000, script: 30000}, unhandledPromptBehavior: dismiss and notify, webauthn:extension:credBlob: true, webauthn:extension:largeBlob: true, webauthn:extension:minPinLength: true, webauthn:extension:prf: true, webauthn:virtualAuthenticators: true}
Element: [[ChromeDriver: chrome on windows (a5dae78f312fce03c7d8ba251a2306ee)] -> xpath: //span[contains(text(),'Detailed Statement')]]
Session ID: a5dae78f312fce03c7d8ba251a2306ee
2025-06-17 19:21:39 [main] INFO  a.pages.AccountsPage - ⏳ Waiting for spinner to fully disappear...
2025-06-17 19:21:55 [main] WARN  a.pages.AccountsPage - ⚠️ Spinner wait skipped or failed gracefully.
2025-06-17 19:21:56 [main] WARN  a.pages.AccountsPage - ⚠️ Click intercepted attempt 3/3: element click intercepted: Element <span _ngcontent-ng-c1284850809="" class="text-blue-500 font-semibold">...</span> is not clickable at point (1419, 182). Other element would receive the click: <div _ngcontent-ng-c587276320="" class="ngx-spinner-overlay ng-tns-c587276320-1 ng-trigger ng-trigger-fadeIn ng-star-inserted ng-animating" style="background-color: rgba(51, 51, 51, 0.8); z-index: 99999; position: fixed;">...</div>
  (Session info: chrome=137.0.7151.104)
Build info: version: '4.20.0', revision: '866c76ca80'
System info: os.name: 'Windows 11', os.arch: 'amd64', os.version: '10.0', java.version: '17.0.12'
Driver info: org.openqa.selenium.chrome.ChromeDriver
Command: [a5dae78f312fce03c7d8ba251a2306ee, clickElement {id=f.491835966318C3788DC6015EEBEC08FA.d.03B287E0A482B78849C31D09E75EBCDB.e.199}]
Capabilities {acceptInsecureCerts: false, browserName: chrome, browserVersion: 137.0.7151.104, chrome: {chromedriverVersion: 137.0.7151.70 (dfa4dc56b2ab..., userDataDir: C:\Users\rajum\AppData\Loca...}, fedcm:accounts: true, goog:chromeOptions: {debuggerAddress: localhost:58866}, networkConnectionEnabled: false, pageLoadStrategy: normal, platformName: windows, proxy: Proxy(), se:cdp: ws://localhost:58866/devtoo..., se:cdpVersion: 137.0.7151.104, setWindowRect: true, strictFileInteractability: false, timeouts: {implicit: 0, pageLoad: 300000, script: 30000}, unhandledPromptBehavior: dismiss and notify, webauthn:extension:credBlob: true, webauthn:extension:largeBlob: true, webauthn:extension:minPinLength: true, webauthn:extension:prf: true, webauthn:virtualAuthenticators: true}
Element: [[ChromeDriver: chrome on windows (a5dae78f312fce03c7d8ba251a2306ee)] -> xpath: //span[contains(text(),'Detailed Statement')]]
Session ID: a5dae78f312fce03c7d8ba251a2306ee
2025-06-17 19:21:57 [main] INFO  a.pages.AccountsPage - 🔍 Checking if 'Detailed Statement' is visible.
2025-06-17 19:21:57 [main] INFO  a.pages.AccountsPage - ✅ 'Detailed Statement' is visible.
2025-06-17 19:21:57 [main] INFO  a.pages.AccountsPage - ⏳ Waiting for spinner to fully disappear...
2025-06-17 19:22:07 [main] INFO  a.pages.AccountsPage - ✅ Spinner disappeared.
2025-06-17 19:22:07 [main] INFO  a.pages.AccountsPage - ⏳ Waiting for spinner to fully disappear...
2025-06-17 19:22:08 [main] INFO  a.pages.AccountsPage - ✅ Spinner disappeared.
2025-06-17 19:22:08 [main] INFO  a.pages.AccountsPage - ⏳ Waiting for spinner to fully disappear...
2025-06-17 19:22:21 [main] INFO  a.pages.AccountsPage - ✅ Spinner disappeared.
2025-06-17 19:22:46 [main] INFO  a.pages.AccountsPage - ⏳ Waiting for spinner to fully disappear...
2025-06-17 19:22:56 [main] INFO  a.pages.AccountsPage - ✅ Spinner disappeared.
2025-06-17 19:22:56 [main] INFO  a.pages.AccountsPage - ⏳ Waiting for spinner to fully disappear...
2025-06-17 19:23:07 [main] INFO  a.pages.AccountsPage - ✅ Spinner disappeared.
2025-06-17 19:23:07 [main] INFO  a.pages.AccountsPage - ⏳ Waiting for spinner to fully disappear...
2025-06-17 19:23:17 [main] INFO  a.pages.AccountsPage - ✅ Spinner disappeared.
2025-06-17 19:23:42 [main] INFO  a.pages.AccountsPage - ⏳ Waiting for spinner to fully disappear...
2025-06-17 19:23:53 [main] INFO  a.pages.AccountsPage - ✅ Spinner disappeared.
2025-06-17 19:23:53 [main] INFO  a.pages.AccountsPage - ⏳ Waiting for spinner to fully disappear...
2025-06-17 19:24:03 [main] INFO  a.pages.AccountsPage - ✅ Spinner disappeared.
2025-06-17 19:24:03 [main] INFO  a.pages.AccountsPage - ⏳ Waiting for spinner to fully disappear...
2025-06-17 19:24:14 [main] INFO  a.pages.AccountsPage - ✅ Spinner disappeared.
2025-06-17 19:24:39 [main] INFO  a.pages.AccountsPage - ⏳ Waiting for spinner to fully disappear...
2025-06-17 19:24:49 [main] INFO  a.pages.AccountsPage - ✅ Spinner disappeared.
2025-06-17 19:24:49 [main] INFO  a.pages.AccountsPage - ⏳ Waiting for spinner to fully disappear...
2025-06-17 19:25:05 [main] WARN  a.pages.AccountsPage - ⚠️ Spinner wait skipped or failed gracefully.
2025-06-17 19:25:05 [main] INFO  a.pages.AccountsPage - ⏳ Waiting for spinner to fully disappear...
2025-06-17 19:25:17 [main] INFO  a.pages.AccountsPage - ✅ Spinner disappeared.
2025-06-17 19:25:43 [main] INFO  a.pages.AccountsPage - 🔍 Checking if 'Detailed Statement' is visible.
2025-06-17 19:25:48 [main] WARN  a.pages.AccountsPage - ⚠️ 'Detailed Statement' not visible. Clicking Accounts Tab first.
2025-06-17 19:25:48 [main] INFO  a.pages.AccountsPage - ⏳ Waiting for spinner to fully disappear...
2025-06-17 19:25:58 [main] INFO  a.pages.AccountsPage - ✅ Spinner disappeared.
2025-06-17 19:25:58 [main] INFO  a.pages.AccountsPage - ⏳ Waiting for spinner to fully disappear...
2025-06-17 19:25:59 [main] INFO  a.pages.AccountsPage - ✅ Spinner disappeared.
2025-06-17 19:25:59 [main] INFO  a.pages.AccountsPage - ✅ 'Detailed Statement' found after clicking Accounts Tab.
2025-06-17 19:25:59 [main] INFO  a.pages.AccountsPage - ⏳ Waiting for spinner to fully disappear...
2025-06-17 19:26:12 [main] INFO  a.pages.AccountsPage - ✅ Spinner disappeared.
2025-06-17 19:26:12 [main] INFO  a.pages.AccountsPage - ⏳ Waiting for spinner to fully disappear...
2025-06-17 19:26:25 [main] INFO  a.pages.AccountsPage - ✅ Spinner disappeared.
2025-06-17 19:26:25 [main] INFO  a.pages.AccountsPage - ⏳ Waiting for spinner to fully disappear...
2025-06-17 19:26:35 [main] INFO  a.pages.AccountsPage - ✅ Spinner disappeared.
2025-06-17 19:27:00 [main] INFO  a.pages.AccountsPage - ⏳ Waiting for spinner to fully disappear...
2025-06-17 19:27:11 [main] INFO  a.pages.AccountsPage - ✅ Spinner disappeared.
2025-06-17 19:27:11 [main] INFO  a.pages.AccountsPage - ⏳ Waiting for spinner to fully disappear...
2025-06-17 19:27:29 [main] WARN  a.pages.AccountsPage - ⚠️ Spinner wait skipped or failed gracefully.
2025-06-17 19:27:29 [main] INFO  a.pages.AccountsPage - ⏳ Waiting for spinner to fully disappear...
2025-06-17 19:27:45 [main] WARN  a.pages.AccountsPage - ⚠️ Spinner wait skipped or failed gracefully.
2025-06-17 19:28:10 [main] INFO  a.pages.AccountsPage - ⏳ Waiting for spinner to fully disappear...
2025-06-17 19:28:25 [main] WARN  a.pages.AccountsPage - ⚠️ Spinner wait skipped or failed gracefully.
2025-06-17 19:28:27 [main] WARN  a.pages.AccountsPage - ⚠️ Click intercepted attempt 1/3: element click intercepted: Element <span _ngcontent-ng-c1879628175="" class="text-blue-500 font-semibold">...</span> is not clickable at point (1442, 182). Other element would receive the click: <div _ngcontent-ng-c587276320="" class="ngx-spinner-overlay ng-tns-c587276320-1 ng-trigger ng-trigger-fadeIn ng-star-inserted ng-animating" style="background-color: rgba(51, 51, 51, 0.8); z-index: 99999; position: fixed;">...</div>
  (Session info: chrome=137.0.7151.104)
Build info: version: '4.20.0', revision: '866c76ca80'
System info: os.name: 'Windows 11', os.arch: 'amd64', os.version: '10.0', java.version: '17.0.12'
Driver info: org.openqa.selenium.chrome.ChromeDriver
Command: [a5dae78f312fce03c7d8ba251a2306ee, clickElement {id=f.491835966318C3788DC6015EEBEC08FA.d.03B287E0A482B78849C31D09E75EBCDB.e.280}]
Capabilities {acceptInsecureCerts: false, browserName: chrome, browserVersion: 137.0.7151.104, chrome: {chromedriverVersion: 137.0.7151.70 (dfa4dc56b2ab..., userDataDir: C:\Users\rajum\AppData\Loca...}, fedcm:accounts: true, goog:chromeOptions: {debuggerAddress: localhost:58866}, networkConnectionEnabled: false, pageLoadStrategy: normal, platformName: windows, proxy: Proxy(), se:cdp: ws://localhost:58866/devtoo..., se:cdpVersion: 137.0.7151.104, setWindowRect: true, strictFileInteractability: false, timeouts: {implicit: 0, pageLoad: 300000, script: 30000}, unhandledPromptBehavior: dismiss and notify, webauthn:extension:credBlob: true, webauthn:extension:largeBlob: true, webauthn:extension:minPinLength: true, webauthn:extension:prf: true, webauthn:virtualAuthenticators: true}
Element: [[ChromeDriver: chrome on windows (a5dae78f312fce03c7d8ba251a2306ee)] -> xpath: //span[contains(@class,'text-blue-500') and contains(text(),'Download')]]
Session ID: a5dae78f312fce03c7d8ba251a2306ee
2025-06-17 19:28:27 [main] INFO  a.pages.AccountsPage - ⏳ Waiting for spinner to fully disappear...
2025-06-17 19:28:39 [main] INFO  a.pages.AccountsPage - ✅ Spinner disappeared.
2025-06-17 19:28:39 [main] INFO  a.pages.AccountsPage - ⏳ Waiting for spinner to fully disappear...
2025-06-17 19:28:50 [main] INFO  a.pages.AccountsPage - ✅ Spinner disappeared.
2025-06-17 19:28:50 [main] INFO  a.pages.AccountsPage - ⏳ Waiting for spinner to fully disappear...
2025-06-17 19:29:00 [main] INFO  a.pages.AccountsPage - ✅ Spinner disappeared.
2025-06-17 19:29:25 [main] INFO  a.pages.AccountsPage - ⏳ Waiting for spinner to fully disappear...
2025-06-17 19:29:36 [main] INFO  a.pages.AccountsPage - ✅ Spinner disappeared.
2025-06-17 19:29:36 [main] INFO  a.pages.AccountsPage - ⏳ Waiting for spinner to fully disappear...
2025-06-17 19:29:46 [main] INFO  a.pages.AccountsPage - ✅ Spinner disappeared.
2025-06-17 19:29:46 [main] INFO  a.pages.AccountsPage - ⏳ Waiting for spinner to fully disappear...
2025-06-17 19:29:57 [main] INFO  a.pages.AccountsPage - ✅ Spinner disappeared.
2025-06-17 19:30:22 [main] INFO  a.pages.AccountsPage - ⏳ Waiting for spinner to fully disappear...
2025-06-17 19:30:32 [main] INFO  a.pages.AccountsPage - ✅ Spinner disappeared.
2025-06-17 19:30:32 [main] INFO  a.pages.AccountsPage - ⏳ Waiting for spinner to fully disappear...
2025-06-17 19:30:33 [main] INFO  a.pages.AccountsPage - ✅ Spinner disappeared.
2025-06-17 19:30:33 [main] INFO  a.pages.AccountsPage - ⏳ Waiting for spinner to fully disappear...
2025-06-17 19:30:48 [main] WARN  a.pages.AccountsPage - ⚠️ Spinner wait skipped or failed gracefully.
2025-06-17 19:31:13 [main] INFO  a.pages.AccountsPage - 🔍 Checking if 'Detailed Statement' is visible.
2025-06-17 19:31:18 [main] WARN  a.pages.AccountsPage - ⚠️ 'Detailed Statement' not visible. Clicking Accounts Tab first.
2025-06-17 19:31:18 [main] INFO  a.pages.AccountsPage - ⏳ Waiting for spinner to fully disappear...
2025-06-17 19:31:29 [main] INFO  a.pages.AccountsPage - ✅ Spinner disappeared.
2025-06-17 19:31:29 [main] INFO  a.pages.AccountsPage - ⏳ Waiting for spinner to fully disappear...
2025-06-17 19:31:48 [main] WARN  a.pages.AccountsPage - ⚠️ Spinner wait skipped or failed gracefully.
2025-06-17 19:31:48 [main] INFO  a.pages.AccountsPage - ✅ 'Detailed Statement' found after clicking Accounts Tab.
2025-06-17 19:31:48 [main] INFO  a.pages.AccountsPage - ⏳ Waiting for spinner to fully disappear...
2025-06-17 19:31:59 [main] INFO  a.pages.AccountsPage - ✅ Spinner disappeared.
2025-06-17 19:31:59 [main] INFO  a.pages.AccountsPage - ⏳ Waiting for spinner to fully disappear...
2025-06-17 19:32:12 [main] INFO  a.pages.AccountsPage - ✅ Spinner disappeared.
2025-06-17 19:32:12 [main] INFO  a.pages.AccountsPage - ⏳ Waiting for spinner to fully disappear...
2025-06-17 19:32:22 [main] INFO  a.pages.AccountsPage - ✅ Spinner disappeared.
2025-06-17 19:32:47 [main] INFO  a.pages.AccountsPage - ⏳ Waiting for spinner to fully disappear...
2025-06-17 19:32:57 [main] INFO  a.pages.AccountsPage - ✅ Spinner disappeared.
2025-06-17 19:32:58 [main] INFO  a.pages.AccountsPage - ⏳ Waiting for spinner to fully disappear...
2025-06-17 19:33:08 [main] INFO  a.pages.AccountsPage - ✅ Spinner disappeared.
2025-06-17 19:33:08 [main] INFO  a.pages.AccountsPage - ⏳ Waiting for spinner to fully disappear...
2025-06-17 19:33:18 [main] INFO  a.pages.AccountsPage - ✅ Spinner disappeared.
2025-06-17 19:33:43 [main] INFO  a.pages.AccountsPage - ⏳ Waiting for spinner to fully disappear...
2025-06-17 19:33:54 [main] INFO  a.pages.AccountsPage - ✅ Spinner disappeared.
2025-06-17 19:33:54 [main] INFO  a.pages.AccountsPage - ⏳ Waiting for spinner to fully disappear...
2025-06-17 19:34:04 [main] INFO  a.pages.AccountsPage - ✅ Spinner disappeared.
2025-06-17 19:34:04 [main] INFO  a.pages.AccountsPage - ⏳ Waiting for spinner to fully disappear...
2025-06-17 19:34:15 [main] INFO  a.pages.AccountsPage - ✅ Spinner disappeared.
2025-06-17 19:34:40 [main] INFO  a.pages.AccountsPage - ⏳ Waiting for spinner to fully disappear...
2025-06-17 19:34:50 [main] INFO  a.pages.AccountsPage - ✅ Spinner disappeared.
2025-06-17 19:34:50 [main] INFO  a.pages.AccountsPage - ⏳ Waiting for spinner to fully disappear...
2025-06-17 19:34:51 [main] INFO  a.pages.AccountsPage - ✅ Spinner disappeared.
2025-06-17 19:34:51 [main] INFO  a.pages.AccountsPage - ⏳ Waiting for spinner to fully disappear...
2025-06-17 19:35:04 [main] INFO  a.pages.AccountsPage - ✅ Spinner disappeared.
2025-06-17 19:35:35 [main] INFO  a.pages.AccountsPage - ⏳ Waiting for spinner to fully disappear...
2025-06-17 19:35:45 [main] INFO  a.pages.AccountsPage - ✅ Spinner disappeared.
2025-06-17 19:36:15 [main] INFO  a.pages.AccountsPage - ⏳ Waiting for spinner to fully disappear...
2025-06-17 19:36:25 [main] INFO  a.pages.AccountsPage - ✅ Spinner disappeared.
2025-06-17 19:36:26 [main] INFO  a.pages.AccountsPage - ⏳ Waiting for spinner to fully disappear...
2025-06-17 19:36:36 [main] INFO  a.pages.AccountsPage - ✅ Spinner disappeared.
2025-06-17 19:36:36 [main] INFO  a.pages.AccountsPage - ⏳ Waiting for spinner to fully disappear...
2025-06-17 19:36:46 [main] INFO  a.pages.AccountsPage - ✅ Spinner disappeared.
2025-06-17 19:37:11 [main] INFO  a.pages.AccountsPage - ⏳ Waiting for spinner to fully disappear...
2025-06-17 19:37:22 [main] INFO  a.pages.AccountsPage - ✅ Spinner disappeared.
2025-06-17 19:37:22 [main] INFO  a.pages.AccountsPage - ⏳ Waiting for spinner to fully disappear...
2025-06-17 19:37:32 [main] INFO  a.pages.AccountsPage - ✅ Spinner disappeared.
2025-06-17 19:37:32 [main] INFO  a.pages.AccountsPage - ⏳ Waiting for spinner to fully disappear...
2025-06-17 19:37:43 [main] INFO  a.pages.AccountsPage - ✅ Spinner disappeared.
2025-06-17 19:38:08 [main] INFO  a.pages.AccountsPage - ⏳ Waiting for spinner to fully disappear...
2025-06-17 19:38:18 [main] INFO  a.pages.AccountsPage - ✅ Spinner disappeared.
2025-06-17 19:38:18 [main] INFO  a.pages.AccountsPage - ⏳ Waiting for spinner to fully disappear...
2025-06-17 19:38:33 [main] WARN  a.pages.AccountsPage - ⚠️ Spinner wait skipped or failed gracefully.
2025-06-17 19:38:33 [main] INFO  a.pages.AccountsPage - ⏳ Waiting for spinner to fully disappear...
2025-06-17 19:38:41 [main] INFO  a.pages.AccountsPage - ✅ Spinner disappeared.
2025-06-17 19:39:07 [main] INFO  a.pages.AccountsPage - 🔍 Checking if 'Detailed Statement' is visible.
2025-06-17 19:39:12 [main] WARN  a.pages.AccountsPage - ⚠️ 'Detailed Statement' not visible. Clicking Accounts Tab first.
2025-06-17 19:39:12 [main] INFO  a.pages.AccountsPage - ⏳ Waiting for spinner to fully disappear...
2025-06-17 19:39:22 [main] INFO  a.pages.AccountsPage - ✅ Spinner disappeared.
2025-06-17 19:39:22 [main] INFO  a.pages.AccountsPage - ⏳ Waiting for spinner to fully disappear...
2025-06-17 19:39:23 [main] INFO  a.pages.AccountsPage - ✅ Spinner disappeared.
2025-06-17 19:39:23 [main] INFO  a.pages.AccountsPage - ✅ 'Detailed Statement' found after clicking Accounts Tab.
2025-06-17 19:39:23 [main] INFO  a.pages.AccountsPage - ⏳ Waiting for spinner to fully disappear...
2025-06-17 19:39:35 [main] INFO  a.pages.AccountsPage - ✅ Spinner disappeared.
2025-06-17 19:39:35 [main] INFO  a.pages.AccountsPage - ⏳ Waiting for spinner to fully disappear...
2025-06-17 19:39:47 [main] INFO  a.pages.AccountsPage - ✅ Spinner disappeared.
2025-06-17 19:39:47 [main] INFO  a.pages.AccountsPage - ⏳ Waiting for spinner to fully disappear...
2025-06-17 19:39:57 [main] INFO  a.pages.AccountsPage - ✅ Spinner disappeared.
2025-06-17 19:40:22 [main] INFO  a.pages.AccountsPage - ⏳ Waiting for spinner to fully disappear...
2025-06-17 19:40:33 [main] INFO  a.pages.AccountsPage - ✅ Spinner disappeared.
2025-06-17 19:40:33 [main] INFO  a.pages.AccountsPage - ⏳ Waiting for spinner to fully disappear...
2025-06-17 19:40:43 [main] INFO  a.pages.AccountsPage - ✅ Spinner disappeared.
2025-06-17 19:40:43 [main] INFO  a.pages.AccountsPage - ⏳ Waiting for spinner to fully disappear...
2025-06-17 19:40:53 [main] INFO  a.pages.AccountsPage - ✅ Spinner disappeared.
2025-06-17 19:41:19 [main] INFO  a.pages.AccountsPage - ⏳ Waiting for spinner to fully disappear...
2025-06-17 19:41:29 [main] INFO  a.pages.AccountsPage - ✅ Spinner disappeared.
2025-06-17 19:41:29 [main] INFO  a.pages.AccountsPage - ⏳ Waiting for spinner to fully disappear...
2025-06-17 19:41:40 [main] INFO  a.pages.AccountsPage - ✅ Spinner disappeared.
2025-06-17 19:41:40 [main] INFO  a.pages.AccountsPage - ⏳ Waiting for spinner to fully disappear...
2025-06-17 19:41:50 [main] INFO  a.pages.AccountsPage - ✅ Spinner disappeared.
2025-06-17 19:42:15 [main] INFO  a.pages.AccountsPage - ⏳ Waiting for spinner to fully disappear...
2025-06-17 19:42:25 [main] INFO  a.pages.AccountsPage - ✅ Spinner disappeared.
2025-06-17 19:42:26 [main] INFO  a.pages.AccountsPage - ⏳ Waiting for spinner to fully disappear...
2025-06-17 19:42:26 [main] INFO  a.pages.AccountsPage - ✅ Spinner disappeared.
2025-06-17 19:42:26 [main] INFO  a.pages.AccountsPage - ⏳ Waiting for spinner to fully disappear...
2025-06-17 19:42:43 [main] INFO  a.pages.AccountsPage - ✅ Spinner disappeared.
2025-06-17 19:43:13 [main] INFO  a.pages.AccountsPage - ⏳ Waiting for spinner to fully disappear...
2025-06-17 21:03:40 [main] WARN  a.pages.AccountsPage - ⚠️ Spinner wait skipped or failed gracefully.
2025-06-17 21:03:46 [main] ERROR a.pages.AccountsPage - ❌ Error Detection Triggered: invalid session id
Build info: version: '4.20.0', revision: '866c76ca80'
System info: os.name: 'Windows 11', os.arch: 'amd64', os.version: '10.0', java.version: '17.0.12'
Driver info: org.openqa.selenium.chrome.ChromeDriver
Command: [a5dae78f312fce03c7d8ba251a2306ee, findElements {using=xpath, value=//*[contains(text(),'503 The service is currently unavailable')]}]
Capabilities {acceptInsecureCerts: false, browserName: chrome, browserVersion: 137.0.7151.104, chrome: {chromedriverVersion: 137.0.7151.70 (dfa4dc56b2ab..., userDataDir: C:\Users\rajum\AppData\Loca...}, fedcm:accounts: true, goog:chromeOptions: {debuggerAddress: localhost:58866}, networkConnectionEnabled: false, pageLoadStrategy: normal, platformName: windows, proxy: Proxy(), se:cdp: ws://localhost:58866/devtoo..., se:cdpVersion: 137.0.7151.104, setWindowRect: true, strictFileInteractability: false, timeouts: {implicit: 0, pageLoad: 300000, script: 30000}, unhandledPromptBehavior: dismiss and notify, webauthn:extension:credBlob: true, webauthn:extension:largeBlob: true, webauthn:extension:minPinLength: true, webauthn:extension:prf: true, webauthn:virtualAuthenticators: true}
Session ID: a5dae78f312fce03c7d8ba251a2306ee
2025-06-17 21:03:47 [main] INFO  org.testng.internal.Utils - [TestNG] Time taken by org.testng.reporters.jq.Main@775c865f: 434 ms
2025-06-17 21:03:47 [main] INFO  org.testng.internal.Utils - [TestNG] Time taken by org.testng.reporters.FailedReporter@bec2d81: 112 ms
2025-06-17 21:03:47 [main] INFO  org.testng.internal.Utils - [TestNG] Time taken by org.testng.reporters.XMLReporter@36cc6055: 67 ms
2025-06-17 21:03:47 [main] INFO  org.testng.internal.Utils - [TestNG] Time taken by org.testng.reporters.EmailableReporter2@4b5c84be: 32 ms
2025-06-17 21:03:47 [main] INFO  org.testng.internal.Utils - [TestNG] Time taken by org.testng.reporters.JUnitReportReporter@d332ebc: 42 ms
2025-06-17 21:03:47 [main] INFO  org.testng.internal.Utils - [TestNG] Time taken by org.testng.internal.ExitCodeListener@56de370d: 1 ms
