2025-06-19 10:41:34 [main] WARN  org.testng.xml.TestNGContentHandler - Failed to read [/C:/Users/rajum/eclipse-workspace/ToolsQA/SeleniumAutomotionSVCUATIB/testng-1.1.dtd] from CLASSPATH. Attempting to read from [file:///C:/Users/rajum/eclipse-workspace/ToolsQA/SeleniumAutomotionSVCUATIB/testng-1.1.dtd].
2025-06-19 10:41:34 [main] WARN  org.testng.xml.TestNGContentHandler - It is strongly recommended to add "<!DOCTYPE suite SYSTEM "https://testng.org/testng-1.1.dtd" >" at the top of the suite file [C:\Users\rajum\eclipse-workspace\ToolsQA\SeleniumAutomotionSVCUATIB\src\main\resources\testng.xml] otherwise TestNG may fail or not work as expected.
2025-06-19 10:41:35 [main] INFO  org.testng.internal.Utils - [TestNG] Running:
  C:\Users\rajum\eclipse-workspace\ToolsQA\SeleniumAutomotionSVCUATIB\src\main\resources\testng.xml

2025-06-19 10:41:35 [main] INFO  automationFramework.utils.LoggerUtil - 🔧 Launching browser and loading properties...
2025-06-19 10:41:36 [main] INFO  i.g.bonigarcia.wdm.WebDriverManager - Using chromedriver 137.0.7151.119 (resolved driver for Chrome 137)
2025-06-19 10:41:36 [main] INFO  i.g.bonigarcia.wdm.WebDriverManager - Exporting webdriver.chrome.driver as C:\Users\rajum\.cache\selenium\chromedriver\win64\137.0.7151.119\chromedriver.exe
2025-06-19 10:41:40 [main] INFO  automationFramework.pages.LoginPage - ✅ Captcha wait time loaded: 10 seconds
2025-06-19 10:41:44 [main] INFO  automationFramework.pages.LoginPage - 🟦 Navigated to URL: https://uatnet.svcbank.com/ReachSVCInet/SVC-web/inet/netbanking
2025-06-19 10:41:44 [main] INFO  automationFramework.pages.LoginPage - ✅ Entered username: TEST001
2025-06-19 10:41:44 [main] INFO  automationFramework.pages.LoginPage - ⏳ Waiting for manual captcha input (10 seconds)
2025-06-19 10:41:54 [main] INFO  automationFramework.pages.LoginPage - ✅ Clicked first Login button
2025-06-19 10:41:55 [main] INFO  automationFramework.pages.LoginPage - ✅ Entered password
2025-06-19 10:41:55 [main] INFO  automationFramework.pages.LoginPage - ✅ Clicked final Login button
2025-06-19 10:41:57 [main] INFO  automationFramework.pages.LoginPage - 🎉 Login successful for user: TEST001
2025-06-19 10:41:57 [main] INFO  automationFramework.utils.LoggerUtil - ✅ Login successful
2025-06-19 10:41:57 [main] INFO  automationFramework.utils.LoggerUtil - ✅ Setup complete.
2025-06-19 10:41:57 [main] INFO  a.pages.ServicesPage - 🔄 Navigating to Services > Manage SMS...
2025-06-19 10:41:57 [main] INFO  a.pages.ServicesPage - ⏳ Waiting for spinner to fully disappear...
2025-06-19 10:42:11 [main] INFO  a.pages.ServicesPage - ✅ Spinner disappeared.
2025-06-19 10:42:12 [main] INFO  a.pages.ServicesPage - ⏳ Waiting for spinner to fully disappear...
2025-06-19 10:42:18 [main] INFO  a.pages.ServicesPage - ✅ Spinner disappeared.
2025-06-19 10:42:18 [main] INFO  a.pages.ServicesPage - ⏳ Waiting for spinner to fully disappear...
2025-06-19 10:42:28 [main] INFO  a.pages.ServicesPage - ✅ Spinner disappeared.
2025-06-19 10:42:29 [main] INFO  a.pages.ServicesPage - ⏳ Waiting for spinner to fully disappear...
2025-06-19 10:42:41 [main] INFO  a.pages.ServicesPage - ✅ Spinner disappeared.
2025-06-19 10:42:41 [main] INFO  a.pages.ServicesPage - ✅ Reached Manage SMS section.
2025-06-19 10:42:41 [main] INFO  a.pages.ServicesPage - 🔄 Generating random credit and debit amounts...
2025-06-19 10:42:41 [main] INFO  a.pages.ServicesPage - ✏️ Entering SMS thresholds - Credit: 3037, Debit: 7255
2025-06-19 10:42:41 [main] INFO  a.pages.ServicesPage - ✅ Amounts entered successfully with Credit: 3037, Debit: 7255
2025-06-19 10:42:41 [main] INFO  a.pages.ServicesPage - 💾 Clicking Save button...
2025-06-19 10:42:41 [main] INFO  a.pages.ServicesPage - ⏳ Waiting for spinner to fully disappear...
2025-06-19 10:42:51 [main] INFO  a.pages.ServicesPage - ✅ Spinner disappeared.
2025-06-19 10:42:51 [main] INFO  a.pages.ServicesPage - ⏳ Waiting for spinner to fully disappear...
2025-06-19 10:43:03 [main] INFO  a.pages.ServicesPage - ✅ Spinner disappeared.
2025-06-19 10:43:03 [main] INFO  a.pages.ServicesPage - 🔐 Entering OTP: 123456
2025-06-19 10:43:03 [main] INFO  a.pages.ServicesPage - ⏳ Waiting for spinner to fully disappear...
2025-06-19 10:43:13 [main] INFO  a.pages.ServicesPage - ✅ Spinner disappeared.
2025-06-19 10:43:14 [main] INFO  a.pages.ServicesPage - ⏳ Waiting for spinner to fully disappear...
2025-06-19 10:43:24 [main] INFO  a.pages.ServicesPage - ✅ Spinner disappeared.
2025-06-19 10:43:24 [main] INFO  a.pages.ServicesPage - ✅ OTP entered.
2025-06-19 10:43:24 [main] INFO  a.pages.ServicesPage - ➡️ Clicking Proceed...
2025-06-19 10:43:24 [main] INFO  a.pages.ServicesPage - ⏳ Waiting for spinner to fully disappear...
2025-06-19 10:43:34 [main] INFO  a.pages.ServicesPage - ✅ Spinner disappeared.
2025-06-19 10:43:34 [main] INFO  a.pages.ServicesPage - ⏳ Waiting for spinner to fully disappear...
2025-06-19 10:43:35 [main] INFO  a.pages.ServicesPage - ✅ Spinner disappeared.
2025-06-19 10:43:36 [main] INFO  a.pages.ServicesPage - ✅ Success popup visibility: true
2025-06-19 10:43:36 [main] INFO  a.pages.ServicesPage - 🆗 Clicking Okay on success popup...
2025-06-19 10:43:36 [main] INFO  a.pages.ServicesPage - ⏳ Waiting for spinner to fully disappear...
2025-06-19 10:43:47 [main] INFO  a.pages.ServicesPage - ✅ Spinner disappeared.
2025-06-19 10:43:47 [main] INFO  a.pages.ServicesPage - ⏳ Waiting for spinner to fully disappear...
2025-06-19 10:43:57 [main] INFO  a.pages.ServicesPage - ✅ Spinner disappeared.
2025-06-19 10:43:57 [main] INFO  automationFramework.utils.LoggerUtil - ✅ Threshold saved and verified successfully.
2025-06-19 10:43:57 [main] INFO  a.pages.ServicesPage - 🔄 Navigating to Services > Manage SMS...
2025-06-19 10:43:57 [main] INFO  a.pages.ServicesPage - ⏳ Waiting for spinner to fully disappear...
2025-06-19 10:44:08 [main] INFO  a.pages.ServicesPage - ✅ Spinner disappeared.
2025-06-19 10:44:08 [main] INFO  a.pages.ServicesPage - ⏳ Waiting for spinner to fully disappear...
2025-06-19 10:44:14 [main] INFO  a.pages.ServicesPage - ✅ Spinner disappeared.
2025-06-19 10:44:14 [main] INFO  a.pages.ServicesPage - ⏳ Waiting for spinner to fully disappear...
2025-06-19 10:44:24 [main] INFO  a.pages.ServicesPage - ✅ Spinner disappeared.
2025-06-19 10:44:24 [main] INFO  a.pages.ServicesPage - ⏳ Waiting for spinner to fully disappear...
2025-06-19 10:44:38 [main] INFO  a.pages.ServicesPage - ✅ Spinner disappeared.
2025-06-19 10:44:38 [main] INFO  a.pages.ServicesPage - ✅ Reached Manage SMS section.
2025-06-19 10:44:38 [main] INFO  a.pages.ServicesPage - 🔄 Setting invalid threshold values: empty=true, negative=false
2025-06-19 10:44:39 [main] INFO  a.pages.ServicesPage - ✏️ Invalid thresholds set - Credit: , Debit: 
2025-06-19 10:44:39 [main] INFO  a.pages.ServicesPage - 💾 Clicking Save button...
2025-06-19 10:44:39 [main] INFO  a.pages.ServicesPage - ⏳ Waiting for spinner to fully disappear...
2025-06-19 10:44:49 [main] INFO  a.pages.ServicesPage - ✅ Spinner disappeared.
2025-06-19 10:44:49 [main] INFO  a.pages.ServicesPage - ⏳ Waiting for spinner to fully disappear...
2025-06-19 10:44:59 [main] INFO  a.pages.ServicesPage - ✅ Spinner disappeared.
2025-06-19 10:45:00 [main] INFO  a.pages.ServicesPage - ✅ Validation messages found for both empty thresholds.
2025-06-19 10:45:00 [main] INFO  a.pages.ServicesPage - ⏳ Waiting for spinner to fully disappear...
2025-06-19 10:45:10 [main] INFO  a.pages.ServicesPage - ✅ Spinner disappeared.
2025-06-19 10:45:10 [main] INFO  a.pages.ServicesPage - ⏳ Waiting for spinner to fully disappear...
2025-06-19 10:45:20 [main] INFO  a.pages.ServicesPage - ✅ Spinner disappeared.
2025-06-19 10:45:20 [main] INFO  a.pages.ServicesPage - ❎ Closed the validation popup.
2025-06-19 10:45:20 [main] INFO  a.pages.ServicesPage - 🔄 Navigating to Services > Manage SMS...
2025-06-19 10:45:20 [main] INFO  a.pages.ServicesPage - ⏳ Waiting for spinner to fully disappear...
2025-06-19 10:45:31 [main] INFO  a.pages.ServicesPage - ✅ Spinner disappeared.
2025-06-19 10:45:31 [main] INFO  a.pages.ServicesPage - ⏳ Waiting for spinner to fully disappear...
2025-06-19 10:45:37 [main] INFO  a.pages.ServicesPage - ✅ Spinner disappeared.
2025-06-19 10:45:37 [main] INFO  a.pages.ServicesPage - ⏳ Waiting for spinner to fully disappear...
2025-06-19 10:45:47 [main] INFO  a.pages.ServicesPage - ✅ Spinner disappeared.
2025-06-19 10:45:47 [main] INFO  a.pages.ServicesPage - ⏳ Waiting for spinner to fully disappear...
2025-06-19 10:45:59 [main] INFO  a.pages.ServicesPage - ✅ Spinner disappeared.
2025-06-19 10:45:59 [main] INFO  a.pages.ServicesPage - ✅ Reached Manage SMS section.
2025-06-19 10:46:00 [main] INFO  a.pages.ServicesPage - ✅ Negative input converted to positive as expected.
2025-06-19 10:46:00 [main] INFO  automationFramework.utils.LoggerUtil - 🧹 Finalizing report...
2025-06-19 10:46:00 [main] INFO  automationFramework.utils.LoggerUtil - 📧 Sending report via email...
2025-06-19 10:46:06 [main] INFO  automationFramework.utils.LoggerUtil - ✅ dont close Browser .
