2025-06-13 11:28:14 [main] WARN  org.testng.xml.TestNGContentHandler - Failed to read [/C:/Users/rajum/eclipse-workspace/ToolsQA/SeleniumAutomotionSVCUATIB/testng-1.1.dtd] from CLASSPATH. Attempting to read from [file:///C:/Users/rajum/eclipse-workspace/ToolsQA/SeleniumAutomotionSVCUATIB/testng-1.1.dtd].
2025-06-13 11:28:14 [main] WARN  org.testng.xml.TestNGContentHandler - It is strongly recommended to add "<!DOCTYPE suite SYSTEM "https://testng.org/testng-1.1.dtd" >" at the top of the suite file [C:\Users\rajum\eclipse-workspace\ToolsQA\SeleniumAutomotionSVCUATIB\src\main\resources\testng.xml] otherwise TestNG may fail or not work as expected.
2025-06-13 11:28:14 [main] INFO  org.testng.internal.Utils - [TestNG] Running:
  C:\Users\rajum\eclipse-workspace\ToolsQA\SeleniumAutomotionSVCUATIB\src\main\resources\testng.xml

2025-06-13 11:28:16 [main] INFO  i.g.bonigarcia.wdm.WebDriverManager - Using chromedriver 137.0.7151.70 (resolved driver for Chrome 137)
2025-06-13 11:28:16 [main] INFO  i.g.bonigarcia.wdm.WebDriverManager - Exporting webdriver.chrome.driver as C:\Users\rajum\.cache\selenium\chromedriver\win64\137.0.7151.70\chromedriver.exe
2025-06-13 11:28:18 [main] INFO  automationFramework.pages.LoginPage - ✅ [SUCCESS] Config loaded from 'config.properties': captcha.wait.seconds = 10 seconds.
2025-06-13 11:28:20 [main] INFO  automationFramework.pages.LoginPage - 🟦 [STEP] Navigated to URL: https://uatnet.svcbank.com/ReachSVCInet/SVC-web/inet/netbanking
2025-06-13 11:28:21 [main] INFO  automationFramework.pages.LoginPage - ✅ [SUCCESS] Entered username: TEST001
2025-06-13 11:28:21 [main] INFO  automationFramework.pages.LoginPage - ⏳ [WAIT] Waiting for manual captcha input. You have 10 seconds.
2025-06-13 11:28:31 [main] INFO  automationFramework.pages.LoginPage - ✅ [SUCCESS] Clicked first Login button (after captcha).
2025-06-13 11:28:31 [main] INFO  automationFramework.pages.LoginPage - ✅ [SUCCESS] Entered password.
2025-06-13 11:28:31 [main] INFO  automationFramework.pages.LoginPage - ✅ [SUCCESS] Clicked final Login button.
2025-06-13 11:28:31 [main] INFO  automationFramework.pages.LoginPage - 🎉 [DONE] Login Test Completed successfully for user: TEST001.
2025-06-13 11:28:31 [main] INFO  a.pages.AccountsPage - Clicking Accounts Tab
2025-06-13 11:28:31 [main] INFO  a.pages.AccountsPage - ⏳ Waiting for spinner to fully disappear...
2025-06-13 11:28:47 [main] WARN  a.pages.AccountsPage - ⚠️ Spinner wait skipped or failed gracefully.
2025-06-13 11:28:48 [main] WARN  a.pages.AccountsPage - ⚠️ Click intercepted attempt 1/3: element click intercepted: Element <span class="p-menuitem-text">...</span> is not clickable at point (153, 101). Other element would receive the click: <div _ngcontent-ng-c587276320="" class="ngx-spinner-overlay ng-tns-c587276320-1 ng-trigger ng-trigger-fadeIn ng-star-inserted ng-animating" style="background-color: rgba(51, 51, 51, 0.8); z-index: 99999; position: fixed;">...</div>
  (Session info: chrome=137.0.7151.104)
Build info: version: '4.20.0', revision: '866c76ca80'
System info: os.name: 'Windows 11', os.arch: 'amd64', os.version: '10.0', java.version: '17.0.12'
Driver info: org.openqa.selenium.chrome.ChromeDriver
Command: [c60b6523f9cdec31a395971b226cc08b, clickElement {id=f.C2A4558089D9F6DE1AD118A6E021295B.d.EB95BCA17A1AA96E8F8A1E8A55C08CF7.e.59}]
Capabilities {acceptInsecureCerts: false, browserName: chrome, browserVersion: 137.0.7151.104, chrome: {chromedriverVersion: 137.0.7151.70 (dfa4dc56b2ab..., userDataDir: C:\Users\rajum\AppData\Loca...}, fedcm:accounts: true, goog:chromeOptions: {debuggerAddress: localhost:50852}, networkConnectionEnabled: false, pageLoadStrategy: normal, platformName: windows, proxy: Proxy(), se:cdp: ws://localhost:50852/devtoo..., se:cdpVersion: 137.0.7151.104, setWindowRect: true, strictFileInteractability: false, timeouts: {implicit: 0, pageLoad: 300000, script: 30000}, unhandledPromptBehavior: dismiss and notify, webauthn:extension:credBlob: true, webauthn:extension:largeBlob: true, webauthn:extension:minPinLength: true, webauthn:extension:prf: true, webauthn:virtualAuthenticators: true}
Element: [[ChromeDriver: chrome on windows (c60b6523f9cdec31a395971b226cc08b)] -> xpath: //span[@class='p-menuitem-text' and text()='Accounts']]
Session ID: c60b6523f9cdec31a395971b226cc08b
2025-06-13 11:28:49 [main] INFO  a.pages.AccountsPage - ⏳ Waiting for spinner to fully disappear...
2025-06-13 11:29:04 [main] WARN  a.pages.AccountsPage - ⚠️ Spinner wait skipped or failed gracefully.
2025-06-13 11:29:05 [main] WARN  a.pages.AccountsPage - ⚠️ Click intercepted attempt 2/3: element click intercepted: Element <span class="p-menuitem-text">...</span> is not clickable at point (153, 101). Other element would receive the click: <div _ngcontent-ng-c587276320="" class="ngx-spinner-overlay ng-tns-c587276320-1 ng-trigger ng-trigger-fadeIn ng-star-inserted ng-animating" style="background-color: rgba(51, 51, 51, 0.8); z-index: 99999; position: fixed;">...</div>
  (Session info: chrome=137.0.7151.104)
Build info: version: '4.20.0', revision: '866c76ca80'
System info: os.name: 'Windows 11', os.arch: 'amd64', os.version: '10.0', java.version: '17.0.12'
Driver info: org.openqa.selenium.chrome.ChromeDriver
Command: [c60b6523f9cdec31a395971b226cc08b, clickElement {id=f.C2A4558089D9F6DE1AD118A6E021295B.d.EB95BCA17A1AA96E8F8A1E8A55C08CF7.e.59}]
Capabilities {acceptInsecureCerts: false, browserName: chrome, browserVersion: 137.0.7151.104, chrome: {chromedriverVersion: 137.0.7151.70 (dfa4dc56b2ab..., userDataDir: C:\Users\rajum\AppData\Loca...}, fedcm:accounts: true, goog:chromeOptions: {debuggerAddress: localhost:50852}, networkConnectionEnabled: false, pageLoadStrategy: normal, platformName: windows, proxy: Proxy(), se:cdp: ws://localhost:50852/devtoo..., se:cdpVersion: 137.0.7151.104, setWindowRect: true, strictFileInteractability: false, timeouts: {implicit: 0, pageLoad: 300000, script: 30000}, unhandledPromptBehavior: dismiss and notify, webauthn:extension:credBlob: true, webauthn:extension:largeBlob: true, webauthn:extension:minPinLength: true, webauthn:extension:prf: true, webauthn:virtualAuthenticators: true}
Element: [[ChromeDriver: chrome on windows (c60b6523f9cdec31a395971b226cc08b)] -> xpath: //span[@class='p-menuitem-text' and text()='Accounts']]
Session ID: c60b6523f9cdec31a395971b226cc08b
2025-06-13 11:29:06 [main] INFO  a.pages.AccountsPage - ⏳ Waiting for spinner to fully disappear...
2025-06-13 11:29:21 [main] WARN  a.pages.AccountsPage - ⚠️ Spinner wait skipped or failed gracefully.
2025-06-13 11:29:22 [main] WARN  a.pages.AccountsPage - ⚠️ Click intercepted attempt 3/3: element click intercepted: Element <span class="p-menuitem-text">...</span> is not clickable at point (153, 101). Other element would receive the click: <div _ngcontent-ng-c587276320="" class="ngx-spinner-overlay ng-tns-c587276320-1 ng-trigger ng-trigger-fadeIn ng-star-inserted ng-animating" style="background-color: rgba(51, 51, 51, 0.8); z-index: 99999; position: fixed;">...</div>
  (Session info: chrome=137.0.7151.104)
Build info: version: '4.20.0', revision: '866c76ca80'
System info: os.name: 'Windows 11', os.arch: 'amd64', os.version: '10.0', java.version: '17.0.12'
Driver info: org.openqa.selenium.chrome.ChromeDriver
Command: [c60b6523f9cdec31a395971b226cc08b, clickElement {id=f.C2A4558089D9F6DE1AD118A6E021295B.d.EB95BCA17A1AA96E8F8A1E8A55C08CF7.e.59}]
Capabilities {acceptInsecureCerts: false, browserName: chrome, browserVersion: 137.0.7151.104, chrome: {chromedriverVersion: 137.0.7151.70 (dfa4dc56b2ab..., userDataDir: C:\Users\rajum\AppData\Loca...}, fedcm:accounts: true, goog:chromeOptions: {debuggerAddress: localhost:50852}, networkConnectionEnabled: false, pageLoadStrategy: normal, platformName: windows, proxy: Proxy(), se:cdp: ws://localhost:50852/devtoo..., se:cdpVersion: 137.0.7151.104, setWindowRect: true, strictFileInteractability: false, timeouts: {implicit: 0, pageLoad: 300000, script: 30000}, unhandledPromptBehavior: dismiss and notify, webauthn:extension:credBlob: true, webauthn:extension:largeBlob: true, webauthn:extension:minPinLength: true, webauthn:extension:prf: true, webauthn:virtualAuthenticators: true}
Element: [[ChromeDriver: chrome on windows (c60b6523f9cdec31a395971b226cc08b)] -> xpath: //span[@class='p-menuitem-text' and text()='Accounts']]
Session ID: c60b6523f9cdec31a395971b226cc08b
2025-06-13 11:29:23 [main] INFO  a.pages.AccountsPage - ▶️ Starting: Download 1 Month Statement in PDF format
2025-06-13 11:29:23 [main] INFO  a.pages.AccountsPage - Clicking Accounts Tab
2025-06-13 11:29:23 [main] INFO  a.pages.AccountsPage - ⏳ Waiting for spinner to fully disappear...
2025-06-13 11:29:26 [main] INFO  a.pages.AccountsPage - ✅ Spinner disappeared.
2025-06-13 11:29:27 [main] WARN  a.pages.AccountsPage - ⚠️ Click intercepted attempt 1/3: element click intercepted: Element <span class="p-menuitem-text">...</span> is not clickable at point (153, 101). Other element would receive the click: <div _ngcontent-ng-c587276320="" class="ngx-spinner-overlay ng-tns-c587276320-1 ng-trigger ng-trigger-fadeIn ng-star-inserted" style="background-color: rgba(51, 51, 51, 0.8); z-index: 99999; position: fixed; opacity: 1;">...</div>
  (Session info: chrome=137.0.7151.104)
Build info: version: '4.20.0', revision: '866c76ca80'
System info: os.name: 'Windows 11', os.arch: 'amd64', os.version: '10.0', java.version: '17.0.12'
Driver info: org.openqa.selenium.chrome.ChromeDriver
Command: [c60b6523f9cdec31a395971b226cc08b, clickElement {id=f.C2A4558089D9F6DE1AD118A6E021295B.d.EB95BCA17A1AA96E8F8A1E8A55C08CF7.e.59}]
Capabilities {acceptInsecureCerts: false, browserName: chrome, browserVersion: 137.0.7151.104, chrome: {chromedriverVersion: 137.0.7151.70 (dfa4dc56b2ab..., userDataDir: C:\Users\rajum\AppData\Loca...}, fedcm:accounts: true, goog:chromeOptions: {debuggerAddress: localhost:50852}, networkConnectionEnabled: false, pageLoadStrategy: normal, platformName: windows, proxy: Proxy(), se:cdp: ws://localhost:50852/devtoo..., se:cdpVersion: 137.0.7151.104, setWindowRect: true, strictFileInteractability: false, timeouts: {implicit: 0, pageLoad: 300000, script: 30000}, unhandledPromptBehavior: dismiss and notify, webauthn:extension:credBlob: true, webauthn:extension:largeBlob: true, webauthn:extension:minPinLength: true, webauthn:extension:prf: true, webauthn:virtualAuthenticators: true}
Element: [[ChromeDriver: chrome on windows (c60b6523f9cdec31a395971b226cc08b)] -> xpath: //span[@class='p-menuitem-text' and text()='Accounts']]
Session ID: c60b6523f9cdec31a395971b226cc08b
2025-06-13 11:29:27 [main] INFO  a.pages.AccountsPage - ⏳ Waiting for spinner to fully disappear...
2025-06-13 11:29:54 [main] WARN  a.pages.AccountsPage - ⚠️ Spinner wait skipped or failed gracefully.
2025-06-13 11:29:55 [main] WARN  a.pages.AccountsPage - ⚠️ Click intercepted attempt 2/3: element click intercepted: Element <span class="p-menuitem-text">...</span> is not clickable at point (153, 101). Other element would receive the click: <div _ngcontent-ng-c587276320="" class="ngx-spinner-overlay ng-tns-c587276320-1 ng-trigger ng-trigger-fadeIn ng-star-inserted ng-animating" style="background-color: rgba(51, 51, 51, 0.8); z-index: 99999; position: fixed;">...</div>
  (Session info: chrome=137.0.7151.104)
Build info: version: '4.20.0', revision: '866c76ca80'
System info: os.name: 'Windows 11', os.arch: 'amd64', os.version: '10.0', java.version: '17.0.12'
Driver info: org.openqa.selenium.chrome.ChromeDriver
Command: [c60b6523f9cdec31a395971b226cc08b, clickElement {id=f.C2A4558089D9F6DE1AD118A6E021295B.d.EB95BCA17A1AA96E8F8A1E8A55C08CF7.e.59}]
Capabilities {acceptInsecureCerts: false, browserName: chrome, browserVersion: 137.0.7151.104, chrome: {chromedriverVersion: 137.0.7151.70 (dfa4dc56b2ab..., userDataDir: C:\Users\rajum\AppData\Loca...}, fedcm:accounts: true, goog:chromeOptions: {debuggerAddress: localhost:50852}, networkConnectionEnabled: false, pageLoadStrategy: normal, platformName: windows, proxy: Proxy(), se:cdp: ws://localhost:50852/devtoo..., se:cdpVersion: 137.0.7151.104, setWindowRect: true, strictFileInteractability: false, timeouts: {implicit: 0, pageLoad: 300000, script: 30000}, unhandledPromptBehavior: dismiss and notify, webauthn:extension:credBlob: true, webauthn:extension:largeBlob: true, webauthn:extension:minPinLength: true, webauthn:extension:prf: true, webauthn:virtualAuthenticators: true}
Element: [[ChromeDriver: chrome on windows (c60b6523f9cdec31a395971b226cc08b)] -> xpath: //span[@class='p-menuitem-text' and text()='Accounts']]
Session ID: c60b6523f9cdec31a395971b226cc08b
2025-06-13 11:29:56 [main] INFO  a.pages.AccountsPage - ⏳ Waiting for spinner to fully disappear...
2025-06-13 11:30:09 [main] INFO  a.pages.AccountsPage - ✅ Spinner disappeared.
2025-06-13 11:30:09 [main] INFO  a.pages.AccountsPage - ⏳ Waiting for spinner to fully disappear...
2025-06-13 11:30:28 [main] WARN  a.pages.AccountsPage - ⚠️ Spinner wait skipped or failed gracefully.
2025-06-13 11:30:28 [main] INFO  a.pages.AccountsPage - ⏳ Waiting for spinner to fully disappear...
2025-06-13 11:30:47 [main] INFO  a.pages.AccountsPage - ✅ Spinner disappeared.
2025-06-13 11:30:47 [main] INFO  a.pages.AccountsPage - ✅ Accounts Tab Clicked
2025-06-13 11:30:47 [main] INFO  a.pages.AccountsPage - ⏳ Waiting for spinner to fully disappear...
2025-06-13 11:31:07 [main] INFO  a.pages.AccountsPage - ✅ Spinner disappeared.
2025-06-13 11:31:07 [main] INFO  a.pages.AccountsPage - ⏳ Waiting for spinner to fully disappear...
2025-06-13 11:31:23 [main] WARN  a.pages.AccountsPage - ⚠️ Spinner wait skipped or failed gracefully.
2025-06-13 11:31:23 [main] INFO  a.pages.AccountsPage - ⏳ Waiting for spinner to fully disappear...
2025-06-13 11:31:38 [main] WARN  a.pages.AccountsPage - ⚠️ Spinner wait skipped or failed gracefully.
2025-06-13 11:31:38 [main] INFO  a.pages.AccountsPage - ✅ Detailed Account Statement Button Clicked
2025-06-13 11:31:38 [main] INFO  a.pages.AccountsPage - ⏳ Waiting for spinner to fully disappear...
2025-06-13 11:31:55 [main] INFO  a.pages.AccountsPage - ✅ Spinner disappeared.
2025-06-13 11:31:55 [main] INFO  a.pages.AccountsPage - ⏳ Waiting for spinner to fully disappear...
2025-06-13 11:32:15 [main] INFO  a.pages.AccountsPage - ✅ Spinner disappeared.
2025-06-13 11:32:15 [main] INFO  a.pages.AccountsPage - ✅ Download Button Clicked
2025-06-13 11:32:15 [main] INFO  a.pages.AccountsPage - ⏳ Waiting for spinner to fully disappear...
2025-06-13 11:32:36 [main] INFO  a.pages.AccountsPage - ✅ Spinner disappeared.
2025-06-13 11:32:36 [main] INFO  a.pages.AccountsPage - ⏳ Waiting for spinner to fully disappear...
2025-06-13 11:32:51 [main] WARN  a.pages.AccountsPage - ⚠️ Spinner wait skipped or failed gracefully.
2025-06-13 11:32:51 [main] INFO  a.pages.AccountsPage - ✅ Download Statement Button Clicked
2025-06-13 11:32:51 [main] INFO  a.pages.AccountsPage - 🎉 Statement download for 1 Month (PDF) triggered successfully.
2025-06-13 11:32:51 [main] INFO  a.pages.AccountsPage - ▶️ Starting: Download 3 Months Statement in PDF format
2025-06-13 11:32:51 [main] INFO  a.pages.AccountsPage - Clicking Accounts Tab
2025-06-13 11:32:51 [main] INFO  a.pages.AccountsPage - ⏳ Waiting for spinner to fully disappear...
2025-06-13 11:33:14 [main] INFO  a.pages.AccountsPage - ✅ Spinner disappeared.
2025-06-13 11:33:15 [main] INFO  a.pages.AccountsPage - ⏳ Waiting for spinner to fully disappear...
2025-06-13 11:33:32 [main] WARN  a.pages.AccountsPage - ⚠️ Spinner wait skipped or failed gracefully.
2025-06-13 11:33:32 [main] INFO  a.pages.AccountsPage - ⏳ Waiting for spinner to fully disappear...
2025-06-13 11:33:51 [main] INFO  a.pages.AccountsPage - ✅ Spinner disappeared.
2025-06-13 11:33:51 [main] INFO  a.pages.AccountsPage - ✅ Accounts Tab Clicked
2025-06-13 11:33:51 [main] INFO  a.pages.AccountsPage - ⏳ Waiting for spinner to fully disappear...
2025-06-13 11:34:12 [main] INFO  a.pages.AccountsPage - ✅ Spinner disappeared.
2025-06-13 11:34:12 [main] INFO  a.pages.AccountsPage - ⏳ Waiting for spinner to fully disappear...
2025-06-13 11:34:29 [main] WARN  a.pages.AccountsPage - ⚠️ Spinner wait skipped or failed gracefully.
2025-06-13 11:34:29 [main] INFO  a.pages.AccountsPage - ⏳ Waiting for spinner to fully disappear...
2025-06-13 11:34:53 [main] INFO  a.pages.AccountsPage - ✅ Spinner disappeared.
2025-06-13 11:34:53 [main] INFO  a.pages.AccountsPage - ✅ Detailed Account Statement Button Clicked
2025-06-13 11:34:53 [main] INFO  a.pages.AccountsPage - ⏳ Waiting for spinner to fully disappear...
2025-06-13 11:35:14 [main] INFO  a.pages.AccountsPage - ✅ Spinner disappeared.
2025-06-13 11:35:14 [main] INFO  a.pages.AccountsPage - ⏳ Waiting for spinner to fully disappear...
2025-06-13 11:35:15 [main] INFO  a.pages.AccountsPage - ✅ Spinner disappeared.
2025-06-13 11:35:15 [main] INFO  a.pages.AccountsPage - ⏳ Waiting for spinner to fully disappear...
2025-06-13 11:35:37 [main] INFO  a.pages.AccountsPage - ✅ Spinner disappeared.
2025-06-13 11:35:37 [main] INFO  a.pages.AccountsPage - ✅ 3 Months Button Clicked
2025-06-13 11:35:37 [main] INFO  a.pages.AccountsPage - ⏳ Waiting for spinner to fully disappear...
2025-06-13 11:35:57 [main] INFO  a.pages.AccountsPage - ✅ Spinner disappeared.
2025-06-13 11:35:57 [main] INFO  a.pages.AccountsPage - ⏳ Waiting for spinner to fully disappear...
2025-06-13 11:36:18 [main] INFO  a.pages.AccountsPage - ✅ Spinner disappeared.
2025-06-13 11:36:18 [main] INFO  a.pages.AccountsPage - ✅ Download Button Clicked
2025-06-13 11:36:18 [main] INFO  a.pages.AccountsPage - ⏳ Waiting for spinner to fully disappear...
2025-06-13 11:36:38 [main] INFO  a.pages.AccountsPage - ✅ Spinner disappeared.
2025-06-13 11:36:38 [main] INFO  a.pages.AccountsPage - ⏳ Waiting for spinner to fully disappear...
2025-06-13 11:36:53 [main] WARN  a.pages.AccountsPage - ⚠️ Spinner wait skipped or failed gracefully.
2025-06-13 11:36:53 [main] INFO  a.pages.AccountsPage - ✅ Download Statement Button Clicked
2025-06-13 11:36:53 [main] INFO  a.pages.AccountsPage - 🎉 Statement download for 3 Months (PDF) triggered successfully.
2025-06-13 11:36:53 [main] INFO  a.pages.AccountsPage - ▶️ Starting: Download 3 Months Statement in XLS format
2025-06-13 11:36:53 [main] INFO  a.pages.AccountsPage - Clicking Accounts Tab
2025-06-13 11:36:53 [main] INFO  a.pages.AccountsPage - ⏳ Waiting for spinner to fully disappear...
2025-06-13 11:37:14 [main] INFO  a.pages.AccountsPage - ✅ Spinner disappeared.
2025-06-13 11:37:14 [main] INFO  a.pages.AccountsPage - ⏳ Waiting for spinner to fully disappear...
2025-06-13 11:37:28 [main] INFO  a.pages.AccountsPage - ✅ Spinner disappeared.
2025-06-13 11:37:28 [main] INFO  a.pages.AccountsPage - ⏳ Waiting for spinner to fully disappear...
2025-06-13 11:37:48 [main] INFO  a.pages.AccountsPage - ✅ Spinner disappeared.
2025-06-13 11:37:48 [main] INFO  a.pages.AccountsPage - ✅ Accounts Tab Clicked
2025-06-13 11:37:48 [main] INFO  a.pages.AccountsPage - ⏳ Waiting for spinner to fully disappear...
2025-06-13 11:38:09 [main] INFO  a.pages.AccountsPage - ✅ Spinner disappeared.
2025-06-13 11:38:09 [main] INFO  a.pages.AccountsPage - ⏳ Waiting for spinner to fully disappear...
2025-06-13 11:38:31 [main] INFO  a.pages.AccountsPage - ✅ Spinner disappeared.
2025-06-13 11:38:31 [main] INFO  a.pages.AccountsPage - ⏳ Waiting for spinner to fully disappear...
2025-06-13 11:38:51 [main] INFO  a.pages.AccountsPage - ✅ Spinner disappeared.
2025-06-13 11:38:51 [main] INFO  a.pages.AccountsPage - ✅ Detailed Account Statement Button Clicked
2025-06-13 11:38:51 [main] INFO  a.pages.AccountsPage - ⏳ Waiting for spinner to fully disappear...
2025-06-13 11:39:12 [main] INFO  a.pages.AccountsPage - ✅ Spinner disappeared.
2025-06-13 11:39:12 [main] INFO  a.pages.AccountsPage - ⏳ Waiting for spinner to fully disappear...
2025-06-13 11:39:13 [main] INFO  a.pages.AccountsPage - ✅ Spinner disappeared.
2025-06-13 11:39:13 [main] INFO  a.pages.AccountsPage - ⏳ Waiting for spinner to fully disappear...
2025-06-13 11:39:34 [main] INFO  a.pages.AccountsPage - ✅ Spinner disappeared.
2025-06-13 11:39:34 [main] INFO  a.pages.AccountsPage - ✅ 3 Months Button Clicked
2025-06-13 11:39:34 [main] INFO  a.pages.AccountsPage - ⏳ Waiting for spinner to fully disappear...
2025-06-13 11:39:55 [main] INFO  a.pages.AccountsPage - ✅ Spinner disappeared.
2025-06-13 11:39:55 [main] INFO  a.pages.AccountsPage - ⏳ Waiting for spinner to fully disappear...
2025-06-13 11:40:15 [main] INFO  a.pages.AccountsPage - ✅ Spinner disappeared.
2025-06-13 11:40:15 [main] INFO  a.pages.AccountsPage - ✅ Download Button Clicked
2025-06-13 11:40:15 [main] INFO  a.pages.AccountsPage - ⏳ Waiting for spinner to fully disappear...
2025-06-13 11:40:35 [main] INFO  a.pages.AccountsPage - ✅ Spinner disappeared.
2025-06-13 11:40:35 [main] INFO  a.pages.AccountsPage - ⏳ Waiting for spinner to fully disappear...
2025-06-13 11:40:56 [main] INFO  a.pages.AccountsPage - ✅ Spinner disappeared.
2025-06-13 11:40:56 [main] INFO  a.pages.AccountsPage - ✅ XLS Format Selected
2025-06-13 11:40:56 [main] INFO  a.pages.AccountsPage - ⏳ Waiting for spinner to fully disappear...
2025-06-13 11:41:16 [main] INFO  a.pages.AccountsPage - ✅ Spinner disappeared.
2025-06-13 11:41:16 [main] INFO  a.pages.AccountsPage - ⏳ Waiting for spinner to fully disappear...
2025-06-13 11:41:17 [main] INFO  a.pages.AccountsPage - ✅ Spinner disappeared.
2025-06-13 11:41:17 [main] INFO  a.pages.AccountsPage - ✅ Download Statement Button Clicked
2025-06-13 11:41:17 [main] INFO  a.pages.AccountsPage - ⏳ Waiting for spinner to fully disappear...
2025-06-13 11:41:53 [main] INFO  a.pages.AccountsPage - ✅ Spinner disappeared.
2025-06-13 11:41:53 [main] INFO  a.pages.AccountsPage - 🎉 Statement download for 3 Months (XLS) triggered successfully.
