2025-06-20 15:19:15 [main] INFO  org.testng.internal.Utils - [Utils] MethodGroupsHelper.collectMethodsByGroup() took 2 ms.
2025-06-20 15:19:15 [main] INFO  org.testng.internal.Utils - [Utils] MethodGroupsHelper.sortMethods() took 2 ms.
2025-06-20 15:19:15 [main] INFO  org.testng.internal.Utils - [Utils] MethodGroupsHelper.collectMethodsByGroup() took 0 ms.
2025-06-20 15:19:15 [main] INFO  org.testng.internal.Utils - [Utils] MethodGroupsHelper.sortMethods() took 0 ms.
2025-06-20 15:19:15 [main] INFO  org.testng.internal.Utils - [Utils] MethodGroupsHelper.collectMethodsByGroup() took 0 ms.
2025-06-20 15:19:15 [main] INFO  org.testng.internal.Utils - [Utils] MethodGroupsHelper.sortMethods() took 0 ms.
2025-06-20 15:19:15 [main] INFO  org.testng.internal.Utils - [Utils] MethodGroupsHelper.collectMethodsByGroup() took 0 ms.
2025-06-20 15:19:15 [main] INFO  org.testng.internal.Utils - [Utils] MethodGroupsHelper.sortMethods() took 0 ms.
2025-06-20 15:19:15 [main] INFO  org.testng.internal.Utils - [Utils] MethodGroupsHelper.collectMethodsByGroup() took 5 ms.
2025-06-20 15:19:15 [main] INFO  org.testng.internal.Utils - [Utils] MethodGroupsHelper.sortMethods() took 23 ms.
2025-06-20 15:19:15 [main] INFO  org.testng.internal.Utils - [Utils] MethodGroupsHelper.collectMethodsByGroup() took 1 ms.
2025-06-20 15:19:15 [main] INFO  org.testng.internal.Utils - [Utils] MethodGroupsHelper.sortMethods() took 1 ms.
2025-06-20 15:19:15 [main] INFO  org.testng.internal.Utils - [Utils] MethodGroupsHelper.collectMethodsByGroup() took 0 ms.
2025-06-20 15:19:15 [main] INFO  org.testng.internal.Utils - [Utils] MethodGroupsHelper.sortMethods() took 0 ms.
2025-06-20 15:19:15 [main] INFO  org.testng.internal.Utils - [Utils] MethodGroupsHelper.collectMethodsByGroup() took 0 ms.
2025-06-20 15:19:15 [main] INFO  org.testng.internal.Utils - [Utils] MethodGroupsHelper.sortMethods() took 0 ms.
2025-06-20 15:19:15 [main] INFO  org.testng.internal.Utils - [Utils] MethodGroupsHelper.collectMethodsByGroup() took 0 ms.
2025-06-20 15:19:15 [main] INFO  org.testng.internal.Utils - [Utils] MethodGroupsHelper.sortMethods() took 0 ms.
2025-06-20 15:19:15 [main] INFO  org.testng.internal.Utils - [Utils] MethodGroupsHelper.collectMethodsByGroup() took 0 ms.
2025-06-20 15:19:15 [main] INFO  org.testng.internal.Utils - [Utils] MethodGroupsHelper.sortMethods() took 0 ms.
2025-06-20 15:19:15 [main] INFO  org.testng.internal.Utils - [Utils] MethodGroupsHelper.collectMethodsByGroup() took 0 ms.
2025-06-20 15:19:15 [main] INFO  org.testng.internal.Utils - [Utils] MethodGroupsHelper.sortMethods() took 0 ms.
2025-06-20 15:19:15 [main] INFO  org.testng.internal.Utils - [Utils] MethodGroupsHelper.collectMethodsByGroup() took 0 ms.
2025-06-20 15:19:15 [main] INFO  org.testng.internal.Utils - [Utils] MethodGroupsHelper.sortMethods() took 0 ms.
2025-06-20 15:19:15 [main] INFO  org.testng.internal.Utils - [Utils] MethodGroupsHelper.collectMethodsByGroup() took 2 ms.
2025-06-20 15:19:15 [main] INFO  org.testng.internal.Utils - [Utils] MethodGroupsHelper.sortMethods() took 30 ms.
2025-06-20 15:19:15 [main] INFO  org.testng.internal.Utils - [Utils] MethodGroupsHelper.collectMethodsByGroup() took 0 ms.
2025-06-20 15:19:15 [main] INFO  org.testng.internal.Utils - [Utils] MethodGroupsHelper.sortMethods() took 0 ms.
2025-06-20 15:19:15 [main] INFO  org.testng.internal.Utils - [Utils] MethodGroupsHelper.collectMethodsByGroup() took 0 ms.
2025-06-20 15:19:15 [main] INFO  org.testng.internal.Utils - [Utils] MethodGroupsHelper.sortMethods() took 0 ms.
2025-06-20 15:19:15 [main] INFO  org.testng.internal.Utils - [TestNG] Running:
  C:\Users\rajum\AppData\Local\Temp\testng-eclipse-1509922736\testng-customsuite.xml

2025-06-20 15:19:15 [main] INFO  org.testng.internal.Utils - [Utils] DynamicGraphHelper.createDynamicGraph() took 14 ms.
2025-06-20 15:19:15 [main] INFO  automationFramework.utils.LoggerUtil - 🔧 Initializing browser and loading configuration...
2025-06-20 15:19:16 [main] INFO  i.g.bonigarcia.wdm.WebDriverManager - Using chromedriver 137.0.7151.119 (resolved driver for Chrome 137)
2025-06-20 15:19:16 [main] INFO  i.g.bonigarcia.wdm.WebDriverManager - Exporting webdriver.chrome.driver as C:\Users\rajum\.cache\selenium\chromedriver\win64\137.0.7151.119\chromedriver.exe
2025-06-20 15:19:19 [main] INFO  automationFramework.utils.LoggerUtil - ✅ Setup complete.
2025-06-20 15:19:19 [main] INFO  automationFramework.pages.LoginPage - ✅ Captcha wait time loaded: 10 seconds
2025-06-20 15:19:23 [main] INFO  automationFramework.pages.LoginPage - 🟦 Navigated to URL: https://uatnet.svcbank.com/ReachSVCInet/SVC-web/inet/netbanking
2025-06-20 15:19:23 [main] INFO  automationFramework.pages.LoginPage - ✅ Entered username: TEST001
2025-06-20 15:19:23 [main] INFO  automationFramework.pages.LoginPage - ⏳ Waiting for manual captcha input (10 seconds)
2025-06-20 15:19:33 [main] INFO  automationFramework.pages.LoginPage - ✅ Clicked first Login button
2025-06-20 15:19:34 [main] INFO  automationFramework.pages.LoginPage - ✅ Entered password
2025-06-20 15:19:34 [main] INFO  automationFramework.pages.LoginPage - ✅ Clicked final Login button
2025-06-20 15:19:44 [main] INFO  automationFramework.pages.LoginPage - 🎉 Login successful for user: TEST001
2025-06-20 15:19:44 [main] INFO  a.pages.ServicesPage - 🔄 Navigating to Services > Manage SMS...
2025-06-20 15:19:44 [main] INFO  a.pages.ServicesPage - ⏳ Waiting for spinner to fully disappear...
2025-06-20 15:19:54 [main] INFO  a.pages.ServicesPage - ✅ Spinner disappeared.
2025-06-20 15:19:55 [main] INFO  a.pages.ServicesPage - ⏳ Waiting for spinner to fully disappear...
2025-06-20 15:19:55 [main] INFO  a.pages.ServicesPage - ✅ Spinner disappeared.
2025-06-20 15:19:56 [main] INFO  a.pages.ServicesPage - ✅ Reached Manage SMS section.
2025-06-20 15:19:56 [main] INFO  a.pages.ServicesPage - 🔄 Generating random credit and debit amounts...
2025-06-20 15:19:56 [main] INFO  a.pages.ServicesPage - ✏️ Entering SMS thresholds - Credit: 1177, Debit: 5198
2025-06-20 15:19:57 [main] INFO  a.pages.ServicesPage - ✅ Amounts entered successfully with Credit: 1177, Debit: 5198
2025-06-20 15:19:57 [main] INFO  a.pages.ServicesPage - 💾 Clicking Save button...
2025-06-20 15:19:57 [main] INFO  a.pages.ServicesPage - ⏳ Waiting for spinner to fully disappear...
2025-06-20 15:20:08 [main] INFO  a.pages.ServicesPage - ✅ Spinner disappeared.
2025-06-20 15:20:08 [main] INFO  a.pages.ServicesPage - 🔐 Entering OTP: 123456
2025-06-20 15:20:08 [main] INFO  a.pages.ServicesPage - ⏳ Waiting for spinner to fully disappear...
2025-06-20 15:20:14 [main] INFO  a.pages.ServicesPage - ✅ Spinner disappeared.
2025-06-20 15:20:14 [main] INFO  a.pages.ServicesPage - ⏳ Waiting for spinner to fully disappear...
2025-06-20 15:20:25 [main] INFO  a.pages.ServicesPage - ✅ Spinner disappeared.
2025-06-20 15:20:25 [main] INFO  a.pages.ServicesPage - ✅ OTP entered.
2025-06-20 15:20:25 [main] INFO  a.pages.ServicesPage - ➡️ Clicking Proceed...
2025-06-20 15:20:25 [main] INFO  a.pages.ServicesPage - ⏳ Waiting for spinner to fully disappear...
2025-06-20 15:20:35 [main] INFO  a.pages.ServicesPage - ✅ Spinner disappeared.
2025-06-20 15:20:36 [main] INFO  a.pages.ServicesPage - ✅ Success popup visibility: true
2025-06-20 15:20:36 [main] INFO  a.pages.ServicesPage - 🆗 Clicking Okay on success popup...
2025-06-20 15:20:36 [main] INFO  a.pages.ServicesPage - ⏳ Waiting for spinner to fully disappear...
2025-06-20 15:20:47 [main] INFO  a.pages.ServicesPage - ✅ Spinner disappeared.
2025-06-20 15:20:47 [main] INFO  a.pages.ServicesPage - 🔄 Navigating to Services > Manage SMS...
2025-06-20 15:20:47 [main] INFO  a.pages.ServicesPage - ⏳ Waiting for spinner to fully disappear...
2025-06-20 15:20:58 [main] INFO  a.pages.ServicesPage - ✅ Spinner disappeared.
2025-06-20 15:20:58 [main] INFO  a.pages.ServicesPage - ⏳ Waiting for spinner to fully disappear...
2025-06-20 15:21:04 [main] INFO  a.pages.ServicesPage - ✅ Spinner disappeared.
2025-06-20 15:21:04 [main] INFO  a.pages.ServicesPage - ✅ Reached Manage SMS section.
2025-06-20 15:21:04 [main] INFO  a.pages.ServicesPage - 🔄 Setting invalid threshold values: empty=true, negative=false
2025-06-20 15:21:05 [main] INFO  a.pages.ServicesPage - ✏️ Invalid thresholds set - Credit: , Debit: 
2025-06-20 15:21:05 [main] INFO  a.pages.ServicesPage - 💾 Clicking Save button...
2025-06-20 15:21:05 [main] INFO  a.pages.ServicesPage - ⏳ Waiting for spinner to fully disappear...
2025-06-20 15:21:15 [main] INFO  a.pages.ServicesPage - ✅ Spinner disappeared.
2025-06-20 15:21:16 [main] INFO  a.pages.ServicesPage - ✅ Validation messages found for both empty thresholds.
2025-06-20 15:21:16 [main] INFO  a.pages.ServicesPage - ⏳ Waiting for spinner to fully disappear...
2025-06-20 15:21:26 [main] INFO  a.pages.ServicesPage - ✅ Spinner disappeared.
2025-06-20 15:21:26 [main] INFO  a.pages.ServicesPage - ❎ Closed the validation popup.
2025-06-20 15:21:26 [main] INFO  a.pages.ServicesPage - 🔄 Navigating to Services > Manage SMS...
2025-06-20 15:21:26 [main] INFO  a.pages.ServicesPage - ⏳ Waiting for spinner to fully disappear...
2025-06-20 15:21:37 [main] INFO  a.pages.ServicesPage - ✅ Spinner disappeared.
2025-06-20 15:21:37 [main] INFO  a.pages.ServicesPage - ⏳ Waiting for spinner to fully disappear...
2025-06-20 15:21:43 [main] INFO  a.pages.ServicesPage - ✅ Spinner disappeared.
2025-06-20 15:21:43 [main] INFO  a.pages.ServicesPage - ✅ Reached Manage SMS section.
2025-06-20 15:21:44 [main] INFO  a.pages.ServicesPage - ✅ Negative input converted to positive as expected.
2025-06-20 15:21:44 [main] INFO  a.pages.ServicesPage - ⏳ Waiting for spinner to fully disappear...
2025-06-20 15:21:55 [main] INFO  a.pages.ServicesPage - ✅ Spinner disappeared.
2025-06-20 15:21:55 [main] INFO  a.pages.ServicesPage - ❎ Closed the popup for Next Test.
2025-06-20 15:21:55 [main] INFO  a.pages.ServicesPage - 🔄 Navigating to Services > Manage SMS...
2025-06-20 15:21:55 [main] INFO  a.pages.ServicesPage - ⏳ Waiting for spinner to fully disappear...
2025-06-20 15:22:05 [main] INFO  a.pages.ServicesPage - ✅ Spinner disappeared.
2025-06-20 15:22:05 [main] INFO  a.pages.ServicesPage - ⏳ Waiting for spinner to fully disappear...
2025-06-20 15:22:21 [main] WARN  a.pages.ServicesPage - ⚠️ Spinner wait skipped or failed gracefully.
2025-06-20 15:22:22 [main] WARN  a.pages.ServicesPage - ⚠️ Click intercepted attempt 1/3: element click intercepted: Element <span class="font-semibold cursor-pointer h-fit align-self-center text-large">...</span> is not clickable at point (163, 291). Other element would receive the click: <div _ngcontent-ng-c587276320="" class="ngx-spinner-overlay ng-tns-c587276320-1 ng-trigger ng-trigger-fadeIn ng-star-inserted ng-animating" style="background-color: rgba(51, 51, 51, 0.8); z-index: 99999; position: fixed;">...</div>
  (Session info: chrome=137.0.7151.104)
Build info: version: '4.20.0', revision: '866c76ca80'
System info: os.name: 'Windows 11', os.arch: 'amd64', os.version: '10.0', java.version: '17.0.12'
Driver info: org.openqa.selenium.chrome.ChromeDriver
Command: [cf4d0e440134855a0b82a890183fc0c4, clickElement {id=f.11C3A18807786A03385742A8F28541A8.d.889A92C151F48FBD67F4510A8804B29C.e.220}]
Capabilities {acceptInsecureCerts: false, browserName: chrome, browserVersion: 137.0.7151.104, chrome: {chromedriverVersion: 137.0.7151.119 (e0ac9d12dff..., userDataDir: C:\Users\rajum\AppData\Loca...}, fedcm:accounts: true, goog:chromeOptions: {debuggerAddress: localhost:59280}, networkConnectionEnabled: false, pageLoadStrategy: normal, platformName: windows, proxy: Proxy(), se:cdp: ws://localhost:59280/devtoo..., se:cdpVersion: 137.0.7151.104, setWindowRect: true, strictFileInteractability: false, timeouts: {implicit: 0, pageLoad: 300000, script: 30000}, unhandledPromptBehavior: dismiss and notify, webauthn:extension:credBlob: true, webauthn:extension:largeBlob: true, webauthn:extension:minPinLength: true, webauthn:extension:prf: true, webauthn:virtualAuthenticators: true}
Element: [[ChromeDriver: chrome on windows (cf4d0e440134855a0b82a890183fc0c4)] -> xpath: //span[text()='Manage SMS']]
Session ID: cf4d0e440134855a0b82a890183fc0c4
2025-06-20 15:22:23 [main] INFO  a.pages.ServicesPage - ⏳ Waiting for spinner to fully disappear...
2025-06-20 15:22:38 [main] WARN  a.pages.ServicesPage - ⚠️ Spinner wait skipped or failed gracefully.
2025-06-20 15:22:39 [main] WARN  a.pages.ServicesPage - ⚠️ Click intercepted attempt 2/3: element click intercepted: Element <span class="font-semibold cursor-pointer h-fit align-self-center text-large">...</span> is not clickable at point (163, 291). Other element would receive the click: <div _ngcontent-ng-c587276320="" class="ngx-spinner-overlay ng-tns-c587276320-1 ng-trigger ng-trigger-fadeIn ng-star-inserted ng-animating" style="background-color: rgba(51, 51, 51, 0.8); z-index: 99999; position: fixed;">...</div>
  (Session info: chrome=137.0.7151.104)
Build info: version: '4.20.0', revision: '866c76ca80'
System info: os.name: 'Windows 11', os.arch: 'amd64', os.version: '10.0', java.version: '17.0.12'
Driver info: org.openqa.selenium.chrome.ChromeDriver
Command: [cf4d0e440134855a0b82a890183fc0c4, clickElement {id=f.11C3A18807786A03385742A8F28541A8.d.889A92C151F48FBD67F4510A8804B29C.e.220}]
Capabilities {acceptInsecureCerts: false, browserName: chrome, browserVersion: 137.0.7151.104, chrome: {chromedriverVersion: 137.0.7151.119 (e0ac9d12dff..., userDataDir: C:\Users\rajum\AppData\Loca...}, fedcm:accounts: true, goog:chromeOptions: {debuggerAddress: localhost:59280}, networkConnectionEnabled: false, pageLoadStrategy: normal, platformName: windows, proxy: Proxy(), se:cdp: ws://localhost:59280/devtoo..., se:cdpVersion: 137.0.7151.104, setWindowRect: true, strictFileInteractability: false, timeouts: {implicit: 0, pageLoad: 300000, script: 30000}, unhandledPromptBehavior: dismiss and notify, webauthn:extension:credBlob: true, webauthn:extension:largeBlob: true, webauthn:extension:minPinLength: true, webauthn:extension:prf: true, webauthn:virtualAuthenticators: true}
Element: [[ChromeDriver: chrome on windows (cf4d0e440134855a0b82a890183fc0c4)] -> xpath: //span[text()='Manage SMS']]
Session ID: cf4d0e440134855a0b82a890183fc0c4
2025-06-20 15:22:40 [main] INFO  a.pages.ServicesPage - ⏳ Waiting for spinner to fully disappear...
2025-06-20 15:23:00 [main] INFO  a.pages.ServicesPage - ✅ Spinner disappeared.
2025-06-20 15:23:01 [main] INFO  a.pages.ServicesPage - ✅ Reached Manage SMS section.
2025-06-20 15:23:01 [main] INFO  a.pages.ServicesPage - 🔄 Generating random credit and debit amounts...
2025-06-20 15:23:01 [main] INFO  a.pages.ServicesPage - ✏️ Entering SMS thresholds - Credit: 6331, Debit: 6150
2025-06-20 15:23:11 [main] INFO  a.pages.ServicesPage - ✅ Amounts entered successfully with Credit: 6331, Debit: 6150
2025-06-20 15:23:11 [main] INFO  a.pages.ServicesPage - 💾 Clicking Save button...
2025-06-20 15:23:11 [main] INFO  a.pages.ServicesPage - ⏳ Waiting for spinner to fully disappear...
2025-06-20 15:23:26 [main] WARN  a.pages.ServicesPage - ⚠️ Spinner wait skipped or failed gracefully.
2025-06-20 15:23:27 [main] WARN  a.pages.ServicesPage - ⚠️ Click intercepted attempt 1/3: element click intercepted: Element <span class="p-button-label ng-star-inserted" data-pc-section="label">...</span> is not clickable at point (768, 503). Other element would receive the click: <div _ngcontent-ng-c587276320="" class="ngx-spinner-overlay ng-tns-c587276320-1 ng-trigger ng-trigger-fadeIn ng-star-inserted ng-animating" style="background-color: rgba(51, 51, 51, 0.8); z-index: 99999; position: fixed;">...</div>
  (Session info: chrome=137.0.7151.104)
Build info: version: '4.20.0', revision: '866c76ca80'
System info: os.name: 'Windows 11', os.arch: 'amd64', os.version: '10.0', java.version: '17.0.12'
Driver info: org.openqa.selenium.chrome.ChromeDriver
Command: [cf4d0e440134855a0b82a890183fc0c4, clickElement {id=f.11C3A18807786A03385742A8F28541A8.d.889A92C151F48FBD67F4510A8804B29C.e.242}]
Capabilities {acceptInsecureCerts: false, browserName: chrome, browserVersion: 137.0.7151.104, chrome: {chromedriverVersion: 137.0.7151.119 (e0ac9d12dff..., userDataDir: C:\Users\rajum\AppData\Loca...}, fedcm:accounts: true, goog:chromeOptions: {debuggerAddress: localhost:59280}, networkConnectionEnabled: false, pageLoadStrategy: normal, platformName: windows, proxy: Proxy(), se:cdp: ws://localhost:59280/devtoo..., se:cdpVersion: 137.0.7151.104, setWindowRect: true, strictFileInteractability: false, timeouts: {implicit: 0, pageLoad: 300000, script: 30000}, unhandledPromptBehavior: dismiss and notify, webauthn:extension:credBlob: true, webauthn:extension:largeBlob: true, webauthn:extension:minPinLength: true, webauthn:extension:prf: true, webauthn:virtualAuthenticators: true}
Element: [[ChromeDriver: chrome on windows (cf4d0e440134855a0b82a890183fc0c4)] -> xpath: //span[text()='Save']]
Session ID: cf4d0e440134855a0b82a890183fc0c4
2025-06-20 15:23:28 [main] INFO  a.pages.ServicesPage - ⏳ Waiting for spinner to fully disappear...
2025-06-20 15:23:43 [main] WARN  a.pages.ServicesPage - ⚠️ Spinner wait skipped or failed gracefully.
2025-06-20 15:23:44 [main] WARN  a.pages.ServicesPage - ⚠️ Click intercepted attempt 2/3: element click intercepted: Element <span class="p-button-label ng-star-inserted" data-pc-section="label">...</span> is not clickable at point (768, 503). Other element would receive the click: <div _ngcontent-ng-c587276320="" class="ngx-spinner-overlay ng-tns-c587276320-1 ng-trigger ng-trigger-fadeIn ng-star-inserted ng-animating" style="background-color: rgba(51, 51, 51, 0.8); z-index: 99999; position: fixed;">...</div>
  (Session info: chrome=137.0.7151.104)
Build info: version: '4.20.0', revision: '866c76ca80'
System info: os.name: 'Windows 11', os.arch: 'amd64', os.version: '10.0', java.version: '17.0.12'
Driver info: org.openqa.selenium.chrome.ChromeDriver
Command: [cf4d0e440134855a0b82a890183fc0c4, clickElement {id=f.11C3A18807786A03385742A8F28541A8.d.889A92C151F48FBD67F4510A8804B29C.e.242}]
Capabilities {acceptInsecureCerts: false, browserName: chrome, browserVersion: 137.0.7151.104, chrome: {chromedriverVersion: 137.0.7151.119 (e0ac9d12dff..., userDataDir: C:\Users\rajum\AppData\Loca...}, fedcm:accounts: true, goog:chromeOptions: {debuggerAddress: localhost:59280}, networkConnectionEnabled: false, pageLoadStrategy: normal, platformName: windows, proxy: Proxy(), se:cdp: ws://localhost:59280/devtoo..., se:cdpVersion: 137.0.7151.104, setWindowRect: true, strictFileInteractability: false, timeouts: {implicit: 0, pageLoad: 300000, script: 30000}, unhandledPromptBehavior: dismiss and notify, webauthn:extension:credBlob: true, webauthn:extension:largeBlob: true, webauthn:extension:minPinLength: true, webauthn:extension:prf: true, webauthn:virtualAuthenticators: true}
Element: [[ChromeDriver: chrome on windows (cf4d0e440134855a0b82a890183fc0c4)] -> xpath: //span[text()='Save']]
Session ID: cf4d0e440134855a0b82a890183fc0c4
2025-06-20 15:23:45 [main] INFO  a.pages.ServicesPage - ⏳ Waiting for spinner to fully disappear...
2025-06-20 15:23:51 [main] INFO  a.pages.ServicesPage - ✅ Spinner disappeared.
2025-06-20 15:23:51 [main] INFO  a.pages.ServicesPage - 🔐 Entering OTP: 000000
2025-06-20 15:23:51 [main] INFO  a.pages.ServicesPage - ⏳ Waiting for spinner to fully disappear...
2025-06-20 15:24:09 [main] WARN  a.pages.ServicesPage - ⚠️ Spinner wait skipped or failed gracefully.
2025-06-20 15:24:09 [main] INFO  a.pages.ServicesPage - ⏳ Waiting for spinner to fully disappear...
2025-06-20 15:24:24 [main] WARN  a.pages.ServicesPage - ⚠️ Spinner wait skipped or failed gracefully.
2025-06-20 15:24:24 [main] INFO  a.pages.ServicesPage - ✅ OTP entered.
2025-06-20 15:24:24 [main] INFO  a.pages.ServicesPage - ➡️ Clicking Proceed...
2025-06-20 15:24:24 [main] INFO  a.pages.ServicesPage - ⏳ Waiting for spinner to fully disappear...
2025-06-20 15:24:37 [main] INFO  a.pages.ServicesPage - ✅ Spinner disappeared.
2025-06-20 15:24:37 [main] INFO  a.pages.ServicesPage - ⏳ Waiting for spinner to fully disappear...
2025-06-20 15:24:46 [main] INFO  a.pages.ServicesPage - ✅ Spinner disappeared.
2025-06-20 15:24:46 [main] INFO  a.pages.ServicesPage - ❌ Error Message Shown: Enter Mobile OTP
2025-06-20 15:24:46 [main] INFO  a.pages.ServicesPage - ✅ OTP validation error appeared as expected.
2025-06-20 15:24:46 [main] INFO  a.pages.ServicesPage - ⏳ Waiting for spinner to fully disappear...
2025-06-20 15:24:56 [main] INFO  a.pages.ServicesPage - ✅ Spinner disappeared.
2025-06-20 15:24:56 [main] INFO  a.pages.ServicesPage - ❎ Clicking Cancel button...
2025-06-20 15:24:56 [main] INFO  a.pages.ServicesPage - ⏳ Waiting for spinner to fully disappear...
2025-06-20 15:25:06 [main] INFO  a.pages.ServicesPage - ✅ Spinner disappeared.
2025-06-20 15:25:07 [main] INFO  a.pages.ServicesPage - ❎ Clicking Close Arrow...
2025-06-20 15:25:07 [main] INFO  a.pages.ServicesPage - ⏳ Waiting for spinner to fully disappear...
2025-06-20 15:25:17 [main] INFO  a.pages.ServicesPage - ✅ Spinner disappeared.
2025-06-20 15:25:17 [main] INFO  a.pages.PaymentHistoryPage - 🟦 [STEP] Clicking on the Payment tab.
2025-06-20 15:25:17 [main] INFO  a.pages.PaymentHistoryPage - ⏳ Waiting for spinner to fully disappear...
2025-06-20 15:25:28 [main] INFO  a.pages.PaymentHistoryPage - ✅ Spinner disappeared.
2025-06-20 15:25:28 [main] INFO  a.pages.PaymentHistoryPage - ✅ [SUCCESS] Payment tab clicked.
2025-06-20 15:25:28 [main] INFO  a.pages.PaymentHistoryPage - ⏳ Waiting for spinner to fully disappear...
2025-06-20 15:25:29 [main] INFO  a.pages.PaymentHistoryPage - ✅ Spinner disappeared.
2025-06-20 15:25:29 [main] INFO  a.pages.PaymentHistoryPage - 🧪=== Starting Positive Test Cases for NEFT transaction for Payment to Payee ===
2025-06-20 15:25:29 [main] INFO  a.pages.PaymentHistoryPage - 🚀 [START] Initiating payment to payee: DXFCHGV
2025-06-20 15:25:29 [main] INFO  a.pages.PaymentHistoryPage - ⏳ Waiting for spinner to fully disappear...
2025-06-20 15:25:40 [main] INFO  a.pages.PaymentHistoryPage - ✅ Spinner disappeared.
2025-06-20 15:25:40 [main] INFO  a.pages.PaymentHistoryPage - ✅ [SUCCESS] Payee selected: DXFCHGV
2025-06-20 15:25:40 [main] INFO  a.pages.PaymentHistoryPage - ✅ [SUCCESS] Entered amount: ₹1
2025-06-20 15:25:40 [main] INFO  a.pages.PaymentHistoryPage - ✅ Amount '1' entered successfully.
2025-06-20 15:25:40 [main] INFO  a.pages.PaymentHistoryPage - ⏳ Waiting for spinner to fully disappear...
2025-06-20 15:25:52 [main] INFO  a.pages.PaymentHistoryPage - ✅ Spinner disappeared.
2025-06-20 15:25:52 [main] INFO  a.pages.PaymentHistoryPage - ✅ Spinner disappeared after entering amount.
2025-06-20 15:26:12 [main] INFO  a.pages.PaymentHistoryPage - ✅ No critical service errors detected.
2025-06-20 15:26:12 [main] INFO  a.pages.PaymentHistoryPage - 🟦 [STEP] Selecting NEFT option
2025-06-20 15:26:12 [main] INFO  a.pages.PaymentHistoryPage - Attempting to click NEFT option (Attempt 1)
2025-06-20 15:26:13 [main] INFO  a.pages.PaymentHistoryPage - 🔄 NEFT clicked via Actions.
2025-06-20 15:26:13 [main] INFO  a.pages.PaymentHistoryPage - ✅ NEFT option selected successfully.
2025-06-20 15:26:13 [main] INFO  a.pages.PaymentHistoryPage - ✅ NEFT option selected.
2025-06-20 15:26:14 [main] INFO  a.pages.PaymentHistoryPage - ✅ [SUCCESS] Entered remarks: test value
2025-06-20 15:26:14 [main] INFO  a.pages.PaymentHistoryPage - ✅ Remarks entered.
2025-06-20 15:26:14 [main] INFO  a.pages.PaymentHistoryPage - ⏳ Waiting for spinner to fully disappear...
2025-06-20 15:26:25 [main] INFO  a.pages.PaymentHistoryPage - ✅ Spinner disappeared.
2025-06-20 15:26:25 [main] INFO  a.pages.PaymentHistoryPage - ✅ [SUCCESS] Clicked Proceed after remarks.
2025-06-20 15:26:25 [main] INFO  a.pages.PaymentHistoryPage - ✅ Clicked on Proceed button after entering remarks.
2025-06-20 15:26:25 [main] INFO  a.pages.PaymentHistoryPage - ⏳ Waiting for spinner to fully disappear...
2025-06-20 15:26:35 [main] INFO  a.pages.PaymentHistoryPage - ✅ Spinner disappeared.
2025-06-20 15:26:35 [main] INFO  a.pages.PaymentHistoryPage - ✅ [SUCCESS] Confirm button clicked.
2025-06-20 15:26:35 [main] INFO  a.pages.PaymentHistoryPage - ✅ Confirm button clicked.
2025-06-20 15:26:36 [main] INFO  a.pages.PaymentHistoryPage - ✅ [SUCCESS] OTP entered.
2025-06-20 15:26:36 [main] INFO  a.pages.PaymentHistoryPage - ✅ OTP entered.
2025-06-20 15:26:36 [main] INFO  a.pages.PaymentHistoryPage - Waiting for any overlay/spinner to disappear.
2025-06-20 15:26:41 [main] INFO  a.pages.PaymentHistoryPage - ✅ [SUCCESS] Final Proceed clicked after OTP.
2025-06-20 15:26:41 [main] INFO  a.pages.PaymentHistoryPage - ✅ Final Proceed button clicked.
2025-06-20 15:26:42 [main] ERROR a.pages.PaymentHistoryPage - ❌ NEFT transaction failed: We are currently facing some technical issue.Please try in sometime
2025-06-20 15:26:43 [main] ERROR a.pages.PaymentHistoryPage - ❌ Unexpected error during payment failure popup handling: element click intercepted: Element <button pripple="" pautofocus="" class="p-ripple p-element p-button p-component bg-blue-700 font-bold border-none focus:shadow-none" type="button" data-pc-name="button" data-pc-section="root">...</button> is not clickable at point (762, 426). Other element would receive the click: <div _ngcontent-ng-c587276320="" class="ngx-spinner-overlay ng-tns-c587276320-1 ng-trigger ng-trigger-fadeIn ng-star-inserted ng-animating" style="background-color: rgba(51, 51, 51, 0.8); z-index: 99999; position: fixed;">...</div>
  (Session info: chrome=137.0.7151.104)
Build info: version: '4.20.0', revision: '866c76ca80'
System info: os.name: 'Windows 11', os.arch: 'amd64', os.version: '10.0', java.version: '17.0.12'
Driver info: org.openqa.selenium.chrome.ChromeDriver
Command: [cf4d0e440134855a0b82a890183fc0c4, clickElement {id=f.11C3A18807786A03385742A8F28541A8.d.889A92C151F48FBD67F4510A8804B29C.e.348}]
Capabilities {acceptInsecureCerts: false, browserName: chrome, browserVersion: 137.0.7151.104, chrome: {chromedriverVersion: 137.0.7151.119 (e0ac9d12dff..., userDataDir: C:\Users\rajum\AppData\Loca...}, fedcm:accounts: true, goog:chromeOptions: {debuggerAddress: localhost:59280}, networkConnectionEnabled: false, pageLoadStrategy: normal, platformName: windows, proxy: Proxy(), se:cdp: ws://localhost:59280/devtoo..., se:cdpVersion: 137.0.7151.104, setWindowRect: true, strictFileInteractability: false, timeouts: {implicit: 0, pageLoad: 300000, script: 30000}, unhandledPromptBehavior: dismiss and notify, webauthn:extension:credBlob: true, webauthn:extension:largeBlob: true, webauthn:extension:minPinLength: true, webauthn:extension:prf: true, webauthn:virtualAuthenticators: true}
Element: [[ChromeDriver: chrome on windows (cf4d0e440134855a0b82a890183fc0c4)] -> xpath: //span[text()='Okay']/ancestor::button]
Session ID: cf4d0e440134855a0b82a890183fc0c4
2025-06-20 15:26:43 [main] ERROR a.pages.PaymentHistoryPage - ❌ [ERROR] Exception during positive payment flow: element click intercepted: Element <button pripple="" pautofocus="" class="p-ripple p-element p-button p-component bg-blue-700 font-bold border-none focus:shadow-none" type="button" data-pc-name="button" data-pc-section="root">...</button> is not clickable at point (762, 426). Other element would receive the click: <div _ngcontent-ng-c587276320="" class="ngx-spinner-overlay ng-tns-c587276320-1 ng-trigger ng-trigger-fadeIn ng-star-inserted ng-animating" style="background-color: rgba(51, 51, 51, 0.8); z-index: 99999; position: fixed;">...</div>
  (Session info: chrome=137.0.7151.104)
Build info: version: '4.20.0', revision: '866c76ca80'
System info: os.name: 'Windows 11', os.arch: 'amd64', os.version: '10.0', java.version: '17.0.12'
Driver info: org.openqa.selenium.chrome.ChromeDriver
Command: [cf4d0e440134855a0b82a890183fc0c4, clickElement {id=f.11C3A18807786A03385742A8F28541A8.d.889A92C151F48FBD67F4510A8804B29C.e.348}]
Capabilities {acceptInsecureCerts: false, browserName: chrome, browserVersion: 137.0.7151.104, chrome: {chromedriverVersion: 137.0.7151.119 (e0ac9d12dff..., userDataDir: C:\Users\rajum\AppData\Loca...}, fedcm:accounts: true, goog:chromeOptions: {debuggerAddress: localhost:59280}, networkConnectionEnabled: false, pageLoadStrategy: normal, platformName: windows, proxy: Proxy(), se:cdp: ws://localhost:59280/devtoo..., se:cdpVersion: 137.0.7151.104, setWindowRect: true, strictFileInteractability: false, timeouts: {implicit: 0, pageLoad: 300000, script: 30000}, unhandledPromptBehavior: dismiss and notify, webauthn:extension:credBlob: true, webauthn:extension:largeBlob: true, webauthn:extension:minPinLength: true, webauthn:extension:prf: true, webauthn:virtualAuthenticators: true}
Element: [[ChromeDriver: chrome on windows (cf4d0e440134855a0b82a890183fc0c4)] -> xpath: //span[text()='Okay']/ancestor::button]
Session ID: cf4d0e440134855a0b82a890183fc0c4
2025-06-20 15:26:43 [main] INFO  a.pages.PaymentHistoryPage - 🟦 [STEP] Clicking on the Payment tab.
2025-06-20 15:26:43 [main] INFO  a.pages.PaymentHistoryPage - ⏳ Waiting for spinner to fully disappear...
2025-06-20 15:26:54 [main] INFO  a.pages.PaymentHistoryPage - ✅ Spinner disappeared.
2025-06-20 15:27:09 [main] WARN  a.pages.PaymentHistoryPage - ⚠️ Click failed attempt 1/3: Expected condition failed: waiting for element to be clickable: By.xpath: //span[@class='p-menuitem-text' and text()='Payment'] (tried for 15 second(s) with 500 milliseconds interval)
Build info: version: '4.20.0', revision: '866c76ca80'
System info: os.name: 'Windows 11', os.arch: 'amd64', os.version: '10.0', java.version: '17.0.12'
Driver info: org.openqa.selenium.chrome.ChromeDriver
Capabilities {acceptInsecureCerts: false, browserName: chrome, browserVersion: 137.0.7151.104, chrome: {chromedriverVersion: 137.0.7151.119 (e0ac9d12dff..., userDataDir: C:\Users\rajum\AppData\Loca...}, fedcm:accounts: true, goog:chromeOptions: {debuggerAddress: localhost:59280}, networkConnectionEnabled: false, pageLoadStrategy: normal, platformName: windows, proxy: Proxy(), se:cdp: ws://localhost:59280/devtoo..., se:cdpVersion: 137.0.7151.104, setWindowRect: true, strictFileInteractability: false, timeouts: {implicit: 0, pageLoad: 300000, script: 30000}, unhandledPromptBehavior: dismiss and notify, webauthn:extension:credBlob: true, webauthn:extension:largeBlob: true, webauthn:extension:minPinLength: true, webauthn:extension:prf: true, webauthn:virtualAuthenticators: true}
Session ID: cf4d0e440134855a0b82a890183fc0c4
2025-06-20 15:27:10 [main] INFO  a.pages.PaymentHistoryPage - ⏳ Waiting for spinner to fully disappear...
2025-06-20 15:27:20 [main] INFO  a.pages.PaymentHistoryPage - ✅ Spinner disappeared.
2025-06-20 15:27:35 [main] WARN  a.pages.PaymentHistoryPage - ⚠️ Click failed attempt 2/3: Expected condition failed: waiting for element to be clickable: By.xpath: //span[@class='p-menuitem-text' and text()='Payment'] (tried for 15 second(s) with 500 milliseconds interval)
Build info: version: '4.20.0', revision: '866c76ca80'
System info: os.name: 'Windows 11', os.arch: 'amd64', os.version: '10.0', java.version: '17.0.12'
Driver info: org.openqa.selenium.chrome.ChromeDriver
Capabilities {acceptInsecureCerts: false, browserName: chrome, browserVersion: 137.0.7151.104, chrome: {chromedriverVersion: 137.0.7151.119 (e0ac9d12dff..., userDataDir: C:\Users\rajum\AppData\Loca...}, fedcm:accounts: true, goog:chromeOptions: {debuggerAddress: localhost:59280}, networkConnectionEnabled: false, pageLoadStrategy: normal, platformName: windows, proxy: Proxy(), se:cdp: ws://localhost:59280/devtoo..., se:cdpVersion: 137.0.7151.104, setWindowRect: true, strictFileInteractability: false, timeouts: {implicit: 0, pageLoad: 300000, script: 30000}, unhandledPromptBehavior: dismiss and notify, webauthn:extension:credBlob: true, webauthn:extension:largeBlob: true, webauthn:extension:minPinLength: true, webauthn:extension:prf: true, webauthn:virtualAuthenticators: true}
Session ID: cf4d0e440134855a0b82a890183fc0c4
2025-06-20 15:27:36 [main] INFO  a.pages.PaymentHistoryPage - ⏳ Waiting for spinner to fully disappear...
2025-06-20 15:27:46 [main] INFO  a.pages.PaymentHistoryPage - ✅ Spinner disappeared.
2025-06-20 15:28:02 [main] WARN  a.pages.PaymentHistoryPage - ⚠️ Click failed attempt 3/3: Expected condition failed: waiting for element to be clickable: By.xpath: //span[@class='p-menuitem-text' and text()='Payment'] (tried for 15 second(s) with 500 milliseconds interval)
Build info: version: '4.20.0', revision: '866c76ca80'
System info: os.name: 'Windows 11', os.arch: 'amd64', os.version: '10.0', java.version: '17.0.12'
Driver info: org.openqa.selenium.chrome.ChromeDriver
Capabilities {acceptInsecureCerts: false, browserName: chrome, browserVersion: 137.0.7151.104, chrome: {chromedriverVersion: 137.0.7151.119 (e0ac9d12dff..., userDataDir: C:\Users\rajum\AppData\Loca...}, fedcm:accounts: true, goog:chromeOptions: {debuggerAddress: localhost:59280}, networkConnectionEnabled: false, pageLoadStrategy: normal, platformName: windows, proxy: Proxy(), se:cdp: ws://localhost:59280/devtoo..., se:cdpVersion: 137.0.7151.104, setWindowRect: true, strictFileInteractability: false, timeouts: {implicit: 0, pageLoad: 300000, script: 30000}, unhandledPromptBehavior: dismiss and notify, webauthn:extension:credBlob: true, webauthn:extension:largeBlob: true, webauthn:extension:minPinLength: true, webauthn:extension:prf: true, webauthn:virtualAuthenticators: true}
Session ID: cf4d0e440134855a0b82a890183fc0c4
2025-06-20 15:28:06 [main] INFO  automationFramework.utils.LoggerUtil - 🧹 Finalizing report...
