2025-06-17 21:31:49 [main] INFO  org.testng.internal.Utils - [Utils] MethodGroupsHelper.collectMethodsByGroup() took 1 ms.
2025-06-17 21:31:49 [main] INFO  org.testng.internal.Utils - [Utils] MethodGroupsHelper.sortMethods() took 3 ms.
2025-06-17 21:31:49 [main] INFO  org.testng.internal.Utils - [Utils] MethodGroupsHelper.collectMethodsByGroup() took 0 ms.
2025-06-17 21:31:49 [main] INFO  org.testng.internal.Utils - [Utils] MethodGroupsHelper.sortMethods() took 0 ms.
2025-06-17 21:31:49 [main] INFO  org.testng.internal.Utils - [Utils] MethodGroupsHelper.collectMethodsByGroup() took 0 ms.
2025-06-17 21:31:49 [main] INFO  org.testng.internal.Utils - [Utils] MethodGroupsHelper.sortMethods() took 0 ms.
2025-06-17 21:31:49 [main] INFO  org.testng.internal.Utils - [Utils] MethodGroupsHelper.collectMethodsByGroup() took 0 ms.
2025-06-17 21:31:49 [main] INFO  org.testng.internal.Utils - [Utils] MethodGroupsHelper.sortMethods() took 0 ms.
2025-06-17 21:31:49 [main] INFO  org.testng.internal.Utils - [Utils] MethodGroupsHelper.collectMethodsByGroup() took 5 ms.
2025-06-17 21:31:49 [main] INFO  org.testng.internal.Utils - [Utils] MethodGroupsHelper.sortMethods() took 20 ms.
2025-06-17 21:31:49 [main] INFO  org.testng.internal.Utils - [Utils] MethodGroupsHelper.collectMethodsByGroup() took 1 ms.
2025-06-17 21:31:49 [main] INFO  org.testng.internal.Utils - [Utils] MethodGroupsHelper.sortMethods() took 1 ms.
2025-06-17 21:31:49 [main] INFO  org.testng.internal.Utils - [Utils] MethodGroupsHelper.collectMethodsByGroup() took 0 ms.
2025-06-17 21:31:49 [main] INFO  org.testng.internal.Utils - [Utils] MethodGroupsHelper.sortMethods() took 0 ms.
2025-06-17 21:31:49 [main] INFO  org.testng.internal.Utils - [Utils] MethodGroupsHelper.collectMethodsByGroup() took 0 ms.
2025-06-17 21:31:49 [main] INFO  org.testng.internal.Utils - [Utils] MethodGroupsHelper.sortMethods() took 0 ms.
2025-06-17 21:31:49 [main] INFO  org.testng.internal.Utils - [Utils] MethodGroupsHelper.collectMethodsByGroup() took 0 ms.
2025-06-17 21:31:49 [main] INFO  org.testng.internal.Utils - [Utils] MethodGroupsHelper.sortMethods() took 0 ms.
2025-06-17 21:31:49 [main] INFO  org.testng.internal.Utils - [Utils] MethodGroupsHelper.collectMethodsByGroup() took 1 ms.
2025-06-17 21:31:49 [main] INFO  org.testng.internal.Utils - [Utils] MethodGroupsHelper.sortMethods() took 1 ms.
2025-06-17 21:31:49 [main] INFO  org.testng.internal.Utils - [Utils] MethodGroupsHelper.collectMethodsByGroup() took 0 ms.
2025-06-17 21:31:49 [main] INFO  org.testng.internal.Utils - [Utils] MethodGroupsHelper.sortMethods() took 0 ms.
2025-06-17 21:31:49 [main] INFO  org.testng.internal.Utils - [Utils] MethodGroupsHelper.collectMethodsByGroup() took 0 ms.
2025-06-17 21:31:49 [main] INFO  org.testng.internal.Utils - [Utils] MethodGroupsHelper.sortMethods() took 0 ms.
2025-06-17 21:31:49 [main] INFO  org.testng.internal.Utils - [Utils] MethodGroupsHelper.collectMethodsByGroup() took 1 ms.
2025-06-17 21:31:49 [main] INFO  org.testng.internal.Utils - [Utils] MethodGroupsHelper.sortMethods() took 8 ms.
2025-06-17 21:31:49 [main] INFO  org.testng.internal.Utils - [Utils] MethodGroupsHelper.collectMethodsByGroup() took 0 ms.
2025-06-17 21:31:49 [main] INFO  org.testng.internal.Utils - [Utils] MethodGroupsHelper.sortMethods() took 0 ms.
2025-06-17 21:31:49 [main] INFO  org.testng.internal.Utils - [Utils] MethodGroupsHelper.collectMethodsByGroup() took 0 ms.
2025-06-17 21:31:49 [main] INFO  org.testng.internal.Utils - [Utils] MethodGroupsHelper.sortMethods() took 0 ms.
2025-06-17 21:31:49 [main] INFO  org.testng.internal.Utils - [TestNG] Running:
  C:\Users\rajum\AppData\Local\Temp\testng-eclipse--2065057637\testng-customsuite.xml

2025-06-17 21:31:49 [main] INFO  org.testng.internal.Utils - [Utils] DynamicGraphHelper.createDynamicGraph() took 8 ms.
2025-06-17 21:31:49 [main] INFO  automationFramework.utils.LoggerUtil - 🔧 Starting browser and loading properties...
2025-06-17 21:31:50 [main] INFO  i.g.bonigarcia.wdm.WebDriverManager - Using chromedriver 137.0.7151.70 (resolved driver for Chrome 137)
2025-06-17 21:31:50 [main] INFO  i.g.bonigarcia.wdm.WebDriverManager - Exporting webdriver.chrome.driver as C:\Users\rajum\.cache\selenium\chromedriver\win64\137.0.7151.70\chromedriver.exe
2025-06-17 21:31:52 [main] INFO  automationFramework.pages.LoginPage - ✅ Captcha wait time loaded: 10 seconds
2025-06-17 21:31:59 [main] INFO  automationFramework.pages.LoginPage - 🟦 Navigated to URL: https://uatnet.svcbank.com/ReachSVCInet/SVC-web/inet/netbanking
2025-06-17 21:31:59 [main] INFO  automationFramework.pages.LoginPage - ✅ Entered username: TEST001
2025-06-17 21:31:59 [main] INFO  automationFramework.pages.LoginPage - ⏳ Waiting for manual captcha input (10 seconds)
2025-06-17 21:32:09 [main] INFO  automationFramework.pages.LoginPage - ✅ Clicked first Login button
2025-06-17 21:32:10 [main] INFO  automationFramework.pages.LoginPage - ✅ Entered password
2025-06-17 21:32:10 [main] INFO  automationFramework.pages.LoginPage - ✅ Clicked final Login button
2025-06-17 21:32:14 [main] INFO  automationFramework.pages.LoginPage - 🎉 Login successful for user: TEST001
2025-06-17 21:32:14 [main] INFO  automationFramework.utils.LoggerUtil - ✅ Setup complete.
2025-06-17 21:32:14 [main] INFO  a.pages.AccountsPage - Clicking 'Accounts' tab.
2025-06-17 21:32:14 [main] INFO  a.pages.AccountsPage - ⏳ Waiting for spinner to fully disappear...
2025-06-17 21:32:29 [main] INFO  a.pages.AccountsPage - ✅ Spinner disappeared.
2025-06-17 21:32:30 [main] INFO  a.pages.AccountsPage - ⏳ Waiting for spinner to fully disappear...
2025-06-17 21:32:30 [main] INFO  a.pages.AccountsPage - ✅ Spinner disappeared.
2025-06-17 21:32:30 [main] INFO  a.pages.AccountsPage - Waiting for page to load and checking for service errors...
2025-06-17 21:32:30 [main] INFO  a.pages.AccountsPage - ⏳ Waiting for spinner to fully disappear...
2025-06-17 21:32:45 [main] INFO  a.pages.AccountsPage - ✅ Spinner disappeared.
2025-06-17 21:33:10 [main] INFO  a.pages.AccountsPage - ✅ Page is ready.
2025-06-17 21:33:10 [main] INFO  a.pages.AccountsPage - ✅ Clicked 'Accounts' tab.
2025-06-17 21:33:10 [main] INFO  a.pages.AccountsPage - Waiting for data to load...
2025-06-17 21:33:10 [main] INFO  a.pages.AccountsPage - Waiting for page to load and checking for service errors...
2025-06-17 21:33:10 [main] INFO  a.pages.AccountsPage - ⏳ Waiting for spinner to fully disappear...
2025-06-17 21:33:20 [main] INFO  a.pages.AccountsPage - ✅ Spinner disappeared.
2025-06-17 21:33:46 [main] INFO  a.pages.AccountsPage - ✅ Page is ready.
2025-06-17 21:33:46 [main] INFO  a.pages.AccountsPage - ✅ Data loaded.
2025-06-17 21:33:46 [main] INFO  a.pages.AccountsPage - Scrolling to 'View Balance Components' button.
2025-06-17 21:33:46 [main] INFO  a.pages.AccountsPage - Waiting for page to load and checking for service errors...
2025-06-17 21:33:46 [main] INFO  a.pages.AccountsPage - ⏳ Waiting for spinner to fully disappear...
2025-06-17 21:33:56 [main] INFO  a.pages.AccountsPage - ✅ Spinner disappeared.
2025-06-17 21:34:21 [main] INFO  a.pages.AccountsPage - ✅ Page is ready.
2025-06-17 21:34:21 [main] INFO  a.pages.AccountsPage - ✅ Scrolled to 'View Balance Components' button.
2025-06-17 21:34:21 [main] INFO  a.pages.AccountsPage - Clicking 'View Balance Components' button.
2025-06-17 21:34:21 [main] INFO  a.pages.AccountsPage - Waiting for page to load and checking for service errors...
2025-06-17 21:34:21 [main] INFO  a.pages.AccountsPage - ⏳ Waiting for spinner to fully disappear...
2025-06-17 21:34:32 [main] INFO  a.pages.AccountsPage - ✅ Spinner disappeared.
2025-06-17 21:34:57 [main] INFO  a.pages.AccountsPage - ✅ Page is ready.
2025-06-17 21:34:57 [main] INFO  a.pages.AccountsPage - ⏳ Waiting for spinner to fully disappear...
2025-06-17 21:35:07 [main] INFO  a.pages.AccountsPage - ✅ Spinner disappeared.
2025-06-17 21:35:07 [main] INFO  a.pages.AccountsPage - ⏳ Waiting for spinner to fully disappear...
2025-06-17 21:35:19 [main] INFO  a.pages.AccountsPage - ✅ Spinner disappeared.
2025-06-17 21:35:19 [main] INFO  a.pages.AccountsPage - Waiting for page to load and checking for service errors...
2025-06-17 21:35:19 [main] INFO  a.pages.AccountsPage - ⏳ Waiting for spinner to fully disappear...
2025-06-17 21:35:30 [main] INFO  a.pages.AccountsPage - ✅ Spinner disappeared.
2025-06-17 21:35:55 [main] INFO  a.pages.AccountsPage - ✅ Page is ready.
2025-06-17 21:35:55 [main] INFO  a.pages.AccountsPage - ✅ View Balance modal opened.
2025-06-17 21:35:55 [main] INFO  a.pages.AccountsPage - Attempting to close balance modal.
2025-06-17 21:35:55 [main] INFO  a.pages.AccountsPage - Waiting for page to load and checking for service errors...
2025-06-17 21:35:55 [main] INFO  a.pages.AccountsPage - ⏳ Waiting for spinner to fully disappear...
2025-06-17 21:36:05 [main] INFO  a.pages.AccountsPage - ✅ Spinner disappeared.
2025-06-17 21:36:30 [main] INFO  a.pages.AccountsPage - ✅ Page is ready.
2025-06-17 21:36:30 [main] INFO  a.pages.AccountsPage - ⏳ Waiting for spinner to fully disappear...
2025-06-17 21:36:41 [main] INFO  a.pages.AccountsPage - ✅ Spinner disappeared.
2025-06-17 21:36:41 [main] INFO  a.pages.AccountsPage - ⏳ Waiting for spinner to fully disappear...
2025-06-17 21:36:51 [main] INFO  a.pages.AccountsPage - ✅ Spinner disappeared.
2025-06-17 21:36:51 [main] INFO  a.pages.AccountsPage - ✅ Balance modal closed.
2025-06-17 21:36:51 [main] INFO  a.pages.AccountsPage - Waiting for page to load and checking for service errors...
2025-06-17 21:36:51 [main] INFO  a.pages.AccountsPage - ⏳ Waiting for spinner to fully disappear...
2025-06-17 21:37:02 [main] INFO  a.pages.AccountsPage - ✅ Spinner disappeared.
2025-06-17 21:37:27 [main] INFO  a.pages.AccountsPage - ✅ Page is ready.
2025-06-17 21:37:27 [main] INFO  a.pages.AccountsPage - Initiating download of '1 Month' statement in PDF
2025-06-17 21:37:27 [main] INFO  a.pages.AccountsPage - Checking visibility of 'Detailed Statement' button.
2025-06-17 21:37:27 [main] INFO  a.pages.AccountsPage - ✅ 'Detailed Statement' is visible.
2025-06-17 21:37:27 [main] INFO  a.pages.AccountsPage - ⏳ Waiting for spinner to fully disappear...
2025-06-17 21:37:37 [main] INFO  a.pages.AccountsPage - ✅ Spinner disappeared.
2025-06-17 21:37:38 [main] INFO  a.pages.AccountsPage - ⏳ Waiting for spinner to fully disappear...
2025-06-17 21:37:50 [main] INFO  a.pages.AccountsPage - ✅ Spinner disappeared.
2025-06-17 21:37:50 [main] INFO  a.pages.AccountsPage - Waiting for page to load and checking for service errors...
2025-06-17 21:37:50 [main] INFO  a.pages.AccountsPage - ⏳ Waiting for spinner to fully disappear...
2025-06-17 21:38:00 [main] INFO  a.pages.AccountsPage - ✅ Spinner disappeared.
2025-06-17 21:38:25 [main] INFO  a.pages.AccountsPage - ✅ Page is ready.
2025-06-17 21:38:25 [main] INFO  a.pages.AccountsPage - ⏳ Waiting for spinner to fully disappear...
2025-06-17 21:38:36 [main] INFO  a.pages.AccountsPage - ✅ Spinner disappeared.
2025-06-17 21:38:36 [main] INFO  a.pages.AccountsPage - ⏳ Waiting for spinner to fully disappear...
2025-06-17 21:38:46 [main] INFO  a.pages.AccountsPage - ✅ Spinner disappeared.
2025-06-17 21:38:46 [main] INFO  a.pages.AccountsPage - Waiting for page to load and checking for service errors...
2025-06-17 21:38:46 [main] INFO  a.pages.AccountsPage - ⏳ Waiting for spinner to fully disappear...
2025-06-17 21:38:56 [main] INFO  a.pages.AccountsPage - ✅ Spinner disappeared.
2025-06-17 21:39:22 [main] INFO  a.pages.AccountsPage - ✅ Page is ready.
2025-06-17 21:39:22 [main] INFO  a.pages.AccountsPage - ⏳ Waiting for spinner to fully disappear...
2025-06-17 21:39:32 [main] INFO  a.pages.AccountsPage - ✅ Spinner disappeared.
2025-06-17 21:39:32 [main] INFO  a.pages.AccountsPage - ⏳ Waiting for spinner to fully disappear...
2025-06-17 21:39:47 [main] WARN  a.pages.AccountsPage - ⚠️ Spinner wait skipped or failed gracefully.
2025-06-17 21:39:47 [main] INFO  a.pages.AccountsPage - Waiting for page to load and checking for service errors...
2025-06-17 21:39:47 [main] INFO  a.pages.AccountsPage - ⏳ Waiting for spinner to fully disappear...
2025-06-17 21:39:54 [main] INFO  a.pages.AccountsPage - ✅ Spinner disappeared.
2025-06-17 21:40:19 [main] INFO  a.pages.AccountsPage - ✅ Page is ready.
2025-06-17 21:40:19 [main] INFO  a.pages.AccountsPage - ✅ 1 Month statement download triggered.
2025-06-17 21:40:19 [main] INFO  a.pages.AccountsPage - Initiating download of '3 Months' statement in PDF
2025-06-17 21:40:19 [main] INFO  a.pages.AccountsPage - Checking visibility of 'Detailed Statement' button.
2025-06-17 21:40:24 [main] WARN  a.pages.AccountsPage - ⚠️ 'Detailed Statement' not visible. Re-clicking Accounts Tab.
2025-06-17 21:40:24 [main] INFO  a.pages.AccountsPage - ⏳ Waiting for spinner to fully disappear...
2025-06-17 21:40:34 [main] INFO  a.pages.AccountsPage - ✅ Spinner disappeared.
2025-06-17 21:40:35 [main] INFO  a.pages.AccountsPage - ⏳ Waiting for spinner to fully disappear...
2025-06-17 21:40:47 [main] INFO  a.pages.AccountsPage - ✅ Spinner disappeared.
2025-06-17 21:40:47 [main] INFO  a.pages.AccountsPage - ✅ 'Detailed Statement' became visible after re-clicking Accounts Tab.
2025-06-17 21:40:47 [main] INFO  a.pages.AccountsPage - ⏳ Waiting for spinner to fully disappear...
2025-06-17 21:40:58 [main] INFO  a.pages.AccountsPage - ✅ Spinner disappeared.
2025-06-17 21:40:58 [main] INFO  a.pages.AccountsPage - ⏳ Waiting for spinner to fully disappear...
2025-06-17 21:41:09 [main] INFO  a.pages.AccountsPage - ✅ Spinner disappeared.
2025-06-17 21:41:09 [main] INFO  a.pages.AccountsPage - Waiting for page to load and checking for service errors...
2025-06-17 21:41:09 [main] INFO  a.pages.AccountsPage - ⏳ Waiting for spinner to fully disappear...
2025-06-17 21:41:20 [main] INFO  a.pages.AccountsPage - ✅ Spinner disappeared.
2025-06-17 21:41:45 [main] INFO  a.pages.AccountsPage - ✅ Page is ready.
2025-06-17 21:41:45 [main] INFO  a.pages.AccountsPage - Selecting custom duration: 3 Months
2025-06-17 21:41:45 [main] INFO  a.pages.AccountsPage - ⏳ Waiting for spinner to fully disappear...
2025-06-17 21:41:55 [main] INFO  a.pages.AccountsPage - ✅ Spinner disappeared.
2025-06-17 21:41:55 [main] INFO  a.pages.AccountsPage - ⏳ Waiting for spinner to fully disappear...
2025-06-17 21:41:56 [main] INFO  a.pages.AccountsPage - ✅ Spinner disappeared.
2025-06-17 21:41:56 [main] INFO  a.pages.AccountsPage - Waiting for page to load and checking for service errors...
2025-06-17 21:41:56 [main] INFO  a.pages.AccountsPage - ⏳ Waiting for spinner to fully disappear...
2025-06-17 21:42:07 [main] INFO  a.pages.AccountsPage - ✅ Spinner disappeared.
2025-06-17 21:42:32 [main] INFO  a.pages.AccountsPage - ✅ Page is ready.
2025-06-17 21:42:32 [main] INFO  a.pages.AccountsPage - ⏳ Waiting for spinner to fully disappear...
2025-06-17 21:42:43 [main] INFO  a.pages.AccountsPage - ✅ Spinner disappeared.
2025-06-17 21:42:43 [main] INFO  a.pages.AccountsPage - ⏳ Waiting for spinner to fully disappear...
2025-06-17 21:42:53 [main] INFO  a.pages.AccountsPage - ✅ Spinner disappeared.
2025-06-17 21:42:53 [main] INFO  a.pages.AccountsPage - Waiting for page to load and checking for service errors...
2025-06-17 21:42:53 [main] INFO  a.pages.AccountsPage - ⏳ Waiting for spinner to fully disappear...
2025-06-17 21:43:04 [main] INFO  a.pages.AccountsPage - ✅ Spinner disappeared.
2025-06-17 21:43:29 [main] INFO  a.pages.AccountsPage - ✅ Page is ready.
2025-06-17 21:43:29 [main] INFO  a.pages.AccountsPage - ⏳ Waiting for spinner to fully disappear...
2025-06-17 21:43:39 [main] INFO  a.pages.AccountsPage - ✅ Spinner disappeared.
2025-06-17 21:43:39 [main] INFO  a.pages.AccountsPage - ⏳ Waiting for spinner to fully disappear...
2025-06-17 21:43:40 [main] INFO  a.pages.AccountsPage - ✅ Spinner disappeared.
2025-06-17 21:43:40 [main] INFO  a.pages.AccountsPage - Waiting for page to load and checking for service errors...
2025-06-17 21:43:40 [main] INFO  a.pages.AccountsPage - ⏳ Waiting for spinner to fully disappear...
2025-06-17 21:44:06 [main] INFO  a.pages.AccountsPage - ✅ Spinner disappeared.
2025-06-17 21:44:31 [main] INFO  a.pages.AccountsPage - ✅ Page is ready.
2025-06-17 21:44:31 [main] INFO  a.pages.AccountsPage - ✅ 3 Months statement download triggered.
2025-06-17 21:44:31 [main] INFO  a.pages.AccountsPage - Initiating download of '1 Month' statement in XLS
2025-06-17 21:44:31 [main] INFO  a.pages.AccountsPage - Checking visibility of 'Detailed Statement' button.
2025-06-17 21:44:36 [main] WARN  a.pages.AccountsPage - ⚠️ 'Detailed Statement' not visible. Re-clicking Accounts Tab.
2025-06-17 21:44:36 [main] INFO  a.pages.AccountsPage - ⏳ Waiting for spinner to fully disappear...
2025-06-17 21:44:46 [main] INFO  a.pages.AccountsPage - ✅ Spinner disappeared.
2025-06-17 21:44:46 [main] INFO  a.pages.AccountsPage - ⏳ Waiting for spinner to fully disappear...
2025-06-17 21:44:47 [main] INFO  a.pages.AccountsPage - ✅ Spinner disappeared.
2025-06-17 21:44:47 [main] INFO  a.pages.AccountsPage - ✅ 'Detailed Statement' became visible after re-clicking Accounts Tab.
2025-06-17 21:44:47 [main] INFO  a.pages.AccountsPage - ⏳ Waiting for spinner to fully disappear...
2025-06-17 21:44:59 [main] INFO  a.pages.AccountsPage - ✅ Spinner disappeared.
2025-06-17 21:44:59 [main] INFO  a.pages.AccountsPage - ⏳ Waiting for spinner to fully disappear...
2025-06-17 21:45:11 [main] INFO  a.pages.AccountsPage - ✅ Spinner disappeared.
2025-06-17 21:45:11 [main] INFO  a.pages.AccountsPage - Waiting for page to load and checking for service errors...
2025-06-17 21:45:11 [main] INFO  a.pages.AccountsPage - ⏳ Waiting for spinner to fully disappear...
2025-06-17 21:45:21 [main] INFO  a.pages.AccountsPage - ✅ Spinner disappeared.
2025-06-17 21:45:46 [main] INFO  a.pages.AccountsPage - ✅ Page is ready.
2025-06-17 21:45:46 [main] INFO  a.pages.AccountsPage - ⏳ Waiting for spinner to fully disappear...
2025-06-17 21:45:57 [main] INFO  a.pages.AccountsPage - ✅ Spinner disappeared.
2025-06-17 21:45:57 [main] INFO  a.pages.AccountsPage - ⏳ Waiting for spinner to fully disappear...
2025-06-17 21:46:07 [main] INFO  a.pages.AccountsPage - ✅ Spinner disappeared.
2025-06-17 21:46:07 [main] INFO  a.pages.AccountsPage - Waiting for page to load and checking for service errors...
2025-06-17 21:46:07 [main] INFO  a.pages.AccountsPage - ⏳ Waiting for spinner to fully disappear...
2025-06-17 21:46:18 [main] INFO  a.pages.AccountsPage - ✅ Spinner disappeared.
2025-06-17 21:46:43 [main] INFO  a.pages.AccountsPage - ✅ Page is ready.
2025-06-17 21:46:43 [main] INFO  a.pages.AccountsPage - ⏳ Waiting for spinner to fully disappear...
2025-06-17 21:46:53 [main] INFO  a.pages.AccountsPage - ✅ Spinner disappeared.
2025-06-17 21:46:53 [main] INFO  a.pages.AccountsPage - ⏳ Waiting for spinner to fully disappear...
2025-06-17 21:47:04 [main] INFO  a.pages.AccountsPage - ✅ Spinner disappeared.
2025-06-17 21:47:04 [main] INFO  a.pages.AccountsPage - Waiting for page to load and checking for service errors...
2025-06-17 21:47:04 [main] INFO  a.pages.AccountsPage - ⏳ Waiting for spinner to fully disappear...
2025-06-17 21:47:14 [main] INFO  a.pages.AccountsPage - ✅ Spinner disappeared.
2025-06-17 21:47:39 [main] INFO  a.pages.AccountsPage - ✅ Page is ready.
2025-06-17 21:47:39 [main] INFO  a.pages.AccountsPage - ⏳ Waiting for spinner to fully disappear...
2025-06-17 21:47:50 [main] INFO  a.pages.AccountsPage - ✅ Spinner disappeared.
2025-06-17 21:47:50 [main] INFO  a.pages.AccountsPage - ⏳ Waiting for spinner to fully disappear...
2025-06-17 21:47:51 [main] INFO  a.pages.AccountsPage - ✅ Spinner disappeared.
2025-06-17 21:47:51 [main] INFO  a.pages.AccountsPage - Waiting for page to load and checking for service errors...
2025-06-17 21:47:51 [main] INFO  a.pages.AccountsPage - ⏳ Waiting for spinner to fully disappear...
2025-06-17 21:48:12 [main] INFO  a.pages.AccountsPage - ✅ Spinner disappeared.
2025-06-17 21:48:37 [main] INFO  a.pages.AccountsPage - ✅ Page is ready.
2025-06-17 21:48:37 [main] INFO  a.pages.AccountsPage - ✅ 1 Month statement download triggered.
2025-06-17 21:48:37 [main] INFO  a.pages.AccountsPage - Initiating download of '3 Months' statement in XLS
2025-06-17 21:48:37 [main] INFO  a.pages.AccountsPage - Checking visibility of 'Detailed Statement' button.
2025-06-17 21:48:42 [main] WARN  a.pages.AccountsPage - ⚠️ 'Detailed Statement' not visible. Re-clicking Accounts Tab.
2025-06-17 21:48:42 [main] INFO  a.pages.AccountsPage - ⏳ Waiting for spinner to fully disappear...
2025-06-17 21:48:52 [main] INFO  a.pages.AccountsPage - ✅ Spinner disappeared.
2025-06-17 21:48:52 [main] INFO  a.pages.AccountsPage - ⏳ Waiting for spinner to fully disappear...
2025-06-17 21:48:53 [main] INFO  a.pages.AccountsPage - ✅ Spinner disappeared.
2025-06-17 21:48:53 [main] INFO  a.pages.AccountsPage - ✅ 'Detailed Statement' became visible after re-clicking Accounts Tab.
2025-06-17 21:48:53 [main] INFO  a.pages.AccountsPage - ⏳ Waiting for spinner to fully disappear...
2025-06-17 21:49:05 [main] INFO  a.pages.AccountsPage - ✅ Spinner disappeared.
2025-06-17 21:49:05 [main] INFO  a.pages.AccountsPage - ⏳ Waiting for spinner to fully disappear...
2025-06-17 21:49:06 [main] INFO  a.pages.AccountsPage - ✅ Spinner disappeared.
2025-06-17 21:49:06 [main] INFO  a.pages.AccountsPage - Waiting for page to load and checking for service errors...
2025-06-17 21:49:06 [main] INFO  a.pages.AccountsPage - ⏳ Waiting for spinner to fully disappear...
2025-06-17 21:49:17 [main] INFO  a.pages.AccountsPage - ✅ Spinner disappeared.
2025-06-17 21:49:42 [main] INFO  a.pages.AccountsPage - ✅ Page is ready.
2025-06-17 21:49:42 [main] INFO  a.pages.AccountsPage - Selecting custom duration: 3 Months
2025-06-17 21:49:42 [main] INFO  a.pages.AccountsPage - ⏳ Waiting for spinner to fully disappear...
2025-06-17 21:49:52 [main] INFO  a.pages.AccountsPage - ✅ Spinner disappeared.
2025-06-17 21:49:52 [main] INFO  a.pages.AccountsPage - ⏳ Waiting for spinner to fully disappear...
2025-06-17 21:49:53 [main] INFO  a.pages.AccountsPage - ✅ Spinner disappeared.
2025-06-17 21:49:53 [main] INFO  a.pages.AccountsPage - Waiting for page to load and checking for service errors...
2025-06-17 21:49:53 [main] INFO  a.pages.AccountsPage - ⏳ Waiting for spinner to fully disappear...
2025-06-17 21:50:04 [main] INFO  a.pages.AccountsPage - ✅ Spinner disappeared.
2025-06-17 21:50:29 [main] INFO  a.pages.AccountsPage - ✅ Page is ready.
2025-06-17 21:50:29 [main] INFO  a.pages.AccountsPage - ⏳ Waiting for spinner to fully disappear...
2025-06-17 21:50:40 [main] INFO  a.pages.AccountsPage - ✅ Spinner disappeared.
2025-06-17 21:50:40 [main] INFO  a.pages.AccountsPage - ⏳ Waiting for spinner to fully disappear...
2025-06-17 21:50:50 [main] INFO  a.pages.AccountsPage - ✅ Spinner disappeared.
2025-06-17 21:50:50 [main] INFO  a.pages.AccountsPage - Waiting for page to load and checking for service errors...
2025-06-17 21:50:50 [main] INFO  a.pages.AccountsPage - ⏳ Waiting for spinner to fully disappear...
2025-06-17 21:51:01 [main] INFO  a.pages.AccountsPage - ✅ Spinner disappeared.
2025-06-17 21:51:26 [main] INFO  a.pages.AccountsPage - ✅ Page is ready.
2025-06-17 21:51:26 [main] INFO  a.pages.AccountsPage - ⏳ Waiting for spinner to fully disappear...
2025-06-17 21:51:36 [main] INFO  a.pages.AccountsPage - ✅ Spinner disappeared.
2025-06-17 21:51:36 [main] INFO  a.pages.AccountsPage - ⏳ Waiting for spinner to fully disappear...
2025-06-17 21:51:47 [main] INFO  a.pages.AccountsPage - ✅ Spinner disappeared.
2025-06-17 21:51:47 [main] INFO  a.pages.AccountsPage - Waiting for page to load and checking for service errors...
2025-06-17 21:51:47 [main] INFO  a.pages.AccountsPage - ⏳ Waiting for spinner to fully disappear...
2025-06-17 21:51:57 [main] INFO  a.pages.AccountsPage - ✅ Spinner disappeared.
2025-06-17 21:52:22 [main] INFO  a.pages.AccountsPage - ✅ Page is ready.
2025-06-17 21:52:22 [main] INFO  a.pages.AccountsPage - ⏳ Waiting for spinner to fully disappear...
2025-06-17 21:52:33 [main] INFO  a.pages.AccountsPage - ✅ Spinner disappeared.
2025-06-17 21:52:33 [main] INFO  a.pages.AccountsPage - ⏳ Waiting for spinner to fully disappear...
2025-06-17 21:52:34 [main] INFO  a.pages.AccountsPage - ✅ Spinner disappeared.
2025-06-17 21:52:34 [main] INFO  a.pages.AccountsPage - Waiting for page to load and checking for service errors...
2025-06-17 21:52:34 [main] INFO  a.pages.AccountsPage - ⏳ Waiting for spinner to fully disappear...
2025-06-17 21:52:55 [main] INFO  a.pages.AccountsPage - ✅ Spinner disappeared.
2025-06-17 21:53:20 [main] INFO  a.pages.AccountsPage - ✅ Page is ready.
2025-06-17 21:53:20 [main] INFO  a.pages.AccountsPage - ✅ 3 Months statement download triggered.
2025-06-17 21:53:20 [main] INFO  a.pages.AccountsPage - Starting custom statement download for 6 months.
2025-06-17 21:53:20 [main] INFO  a.pages.AccountsPage - Checking visibility of 'Detailed Statement' button.
2025-06-17 21:53:25 [main] WARN  a.pages.AccountsPage - ⚠️ 'Detailed Statement' not visible. Re-clicking Accounts Tab.
2025-06-17 21:53:25 [main] INFO  a.pages.AccountsPage - ⏳ Waiting for spinner to fully disappear...
2025-06-17 21:53:35 [main] INFO  a.pages.AccountsPage - ✅ Spinner disappeared.
2025-06-17 21:53:35 [main] INFO  a.pages.AccountsPage - ⏳ Waiting for spinner to fully disappear...
2025-06-17 21:53:36 [main] INFO  a.pages.AccountsPage - ✅ Spinner disappeared.
2025-06-17 21:53:36 [main] INFO  a.pages.AccountsPage - ✅ 'Detailed Statement' became visible after re-clicking Accounts Tab.
2025-06-17 21:53:36 [main] INFO  a.pages.AccountsPage - ⏳ Waiting for spinner to fully disappear...
2025-06-17 21:53:48 [main] INFO  a.pages.AccountsPage - ✅ Spinner disappeared.
2025-06-17 21:53:48 [main] INFO  a.pages.AccountsPage - ⏳ Waiting for spinner to fully disappear...
2025-06-17 21:53:49 [main] INFO  a.pages.AccountsPage - ✅ Spinner disappeared.
2025-06-17 21:53:49 [main] INFO  a.pages.AccountsPage - Waiting for page to load and checking for service errors...
2025-06-17 21:53:49 [main] INFO  a.pages.AccountsPage - ⏳ Waiting for spinner to fully disappear...
2025-06-17 21:54:00 [main] INFO  a.pages.AccountsPage - ✅ Spinner disappeared.
2025-06-17 21:54:25 [main] INFO  a.pages.AccountsPage - ✅ Page is ready.
2025-06-17 21:54:25 [main] INFO  a.pages.AccountsPage - Attempt 1 for custom data fetch.
2025-06-17 21:54:25 [main] INFO  a.pages.AccountsPage - ⏳ Waiting for spinner to fully disappear...
2025-06-17 21:54:35 [main] INFO  a.pages.AccountsPage - ✅ Spinner disappeared.
2025-06-17 21:54:35 [main] INFO  a.pages.AccountsPage - ⏳ Waiting for spinner to fully disappear...
2025-06-17 21:54:46 [main] INFO  a.pages.AccountsPage - ✅ Spinner disappeared.
2025-06-17 21:54:46 [main] INFO  a.pages.AccountsPage - Waiting for page to load and checking for service errors...
2025-06-17 21:54:46 [main] INFO  a.pages.AccountsPage - ⏳ Waiting for spinner to fully disappear...
2025-06-17 21:54:56 [main] INFO  a.pages.AccountsPage - ✅ Spinner disappeared.
2025-06-17 21:55:21 [main] INFO  a.pages.AccountsPage - ✅ Page is ready.
2025-06-17 21:55:21 [main] INFO  a.pages.AccountsPage - ⏳ Waiting for spinner to fully disappear...
2025-06-17 21:55:31 [main] INFO  a.pages.AccountsPage - ✅ Spinner disappeared.
2025-06-17 21:55:32 [main] INFO  a.pages.AccountsPage - ⏳ Waiting for spinner to fully disappear...
2025-06-17 21:55:42 [main] INFO  a.pages.AccountsPage - ✅ Spinner disappeared.
2025-06-17 21:55:42 [main] INFO  a.pages.AccountsPage - Waiting for page to load and checking for service errors...
2025-06-17 21:55:42 [main] INFO  a.pages.AccountsPage - ⏳ Waiting for spinner to fully disappear...
2025-06-17 21:55:52 [main] INFO  a.pages.AccountsPage - ✅ Spinner disappeared.
2025-06-17 21:56:17 [main] INFO  a.pages.AccountsPage - ✅ Page is ready.
2025-06-17 21:56:17 [main] INFO  a.pages.AccountsPage - ⏳ Waiting for spinner to fully disappear...
2025-06-17 21:56:28 [main] INFO  a.pages.AccountsPage - ✅ Spinner disappeared.
2025-06-17 21:56:28 [main] INFO  a.pages.AccountsPage - ⏳ Waiting for spinner to fully disappear...
2025-06-17 21:56:29 [main] INFO  a.pages.AccountsPage - ✅ Spinner disappeared.
2025-06-17 21:56:29 [main] INFO  a.pages.AccountsPage - Waiting for page to load and checking for service errors...
2025-06-17 21:56:29 [main] INFO  a.pages.AccountsPage - ⏳ Waiting for spinner to fully disappear...
2025-06-17 21:56:42 [main] INFO  a.pages.AccountsPage - ✅ Spinner disappeared.
2025-06-17 21:57:07 [main] INFO  a.pages.AccountsPage - ✅ Page is ready.
2025-06-17 21:57:12 [main] INFO  a.pages.AccountsPage - Waiting for page to load and checking for service errors...
2025-06-17 21:57:12 [main] INFO  a.pages.AccountsPage - ⏳ Waiting for spinner to fully disappear...
2025-06-17 21:57:23 [main] INFO  a.pages.AccountsPage - ✅ Spinner disappeared.
2025-06-17 21:57:48 [main] INFO  a.pages.AccountsPage - ✅ Page is ready.
2025-06-17 21:57:53 [main] INFO  a.pages.AccountsPage - ⏳ Waiting for spinner to fully disappear...
2025-06-17 21:58:03 [main] INFO  a.pages.AccountsPage - ✅ Spinner disappeared.
2025-06-17 21:58:03 [main] INFO  a.pages.AccountsPage - ⏳ Waiting for spinner to fully disappear...
2025-06-17 21:58:14 [main] INFO  a.pages.AccountsPage - ✅ Spinner disappeared.
2025-06-17 21:58:14 [main] INFO  a.pages.AccountsPage - Waiting for page to load and checking for service errors...
2025-06-17 21:58:14 [main] INFO  a.pages.AccountsPage - ⏳ Waiting for spinner to fully disappear...
2025-06-17 21:58:24 [main] INFO  a.pages.AccountsPage - ✅ Spinner disappeared.
2025-06-17 21:58:49 [main] INFO  a.pages.AccountsPage - ✅ Page is ready.
2025-06-17 21:58:49 [main] INFO  a.pages.AccountsPage - ⏳ Waiting for spinner to fully disappear...
2025-06-17 21:59:00 [main] INFO  a.pages.AccountsPage - ✅ Spinner disappeared.
2025-06-17 21:59:00 [main] INFO  a.pages.AccountsPage - ⏳ Waiting for spinner to fully disappear...
2025-06-17 21:59:10 [main] INFO  a.pages.AccountsPage - ✅ Spinner disappeared.
2025-06-17 21:59:10 [main] INFO  a.pages.AccountsPage - Waiting for page to load and checking for service errors...
2025-06-17 21:59:10 [main] INFO  a.pages.AccountsPage - ⏳ Waiting for spinner to fully disappear...
2025-06-17 21:59:21 [main] INFO  a.pages.AccountsPage - ✅ Spinner disappeared.
2025-06-17 21:59:46 [main] INFO  a.pages.AccountsPage - ✅ Page is ready.
2025-06-17 21:59:46 [main] INFO  a.pages.AccountsPage - ⏳ Waiting for spinner to fully disappear...
2025-06-17 21:59:56 [main] INFO  a.pages.AccountsPage - ✅ Spinner disappeared.
2025-06-17 21:59:56 [main] INFO  a.pages.AccountsPage - ⏳ Waiting for spinner to fully disappear...
2025-06-17 21:59:57 [main] INFO  a.pages.AccountsPage - ✅ Spinner disappeared.
2025-06-17 21:59:57 [main] INFO  a.pages.AccountsPage - Waiting for page to load and checking for service errors...
2025-06-17 21:59:57 [main] INFO  a.pages.AccountsPage - ⏳ Waiting for spinner to fully disappear...
2025-06-17 22:00:23 [main] INFO  a.pages.AccountsPage - ✅ Spinner disappeared.
2025-06-17 22:00:48 [main] INFO  a.pages.AccountsPage - ✅ Page is ready.
2025-06-17 22:00:48 [main] INFO  a.pages.AccountsPage - ✅ Custom statement download triggered.
2025-06-17 22:00:48 [main] INFO  a.pages.AccountsPage - Starting custom statement download for 12 months.
2025-06-17 22:00:48 [main] INFO  a.pages.AccountsPage - Checking visibility of 'Detailed Statement' button.
2025-06-17 22:00:53 [main] WARN  a.pages.AccountsPage - ⚠️ 'Detailed Statement' not visible. Re-clicking Accounts Tab.
2025-06-17 22:00:53 [main] INFO  a.pages.AccountsPage - ⏳ Waiting for spinner to fully disappear...
2025-06-17 22:01:03 [main] INFO  a.pages.AccountsPage - ✅ Spinner disappeared.
2025-06-17 22:01:03 [main] INFO  a.pages.AccountsPage - ⏳ Waiting for spinner to fully disappear...
2025-06-17 22:01:04 [main] INFO  a.pages.AccountsPage - ✅ Spinner disappeared.
2025-06-17 22:01:04 [main] INFO  a.pages.AccountsPage - ✅ 'Detailed Statement' became visible after re-clicking Accounts Tab.
2025-06-17 22:01:04 [main] INFO  a.pages.AccountsPage - ⏳ Waiting for spinner to fully disappear...
2025-06-17 22:01:16 [main] INFO  a.pages.AccountsPage - ✅ Spinner disappeared.
2025-06-17 22:01:16 [main] INFO  a.pages.AccountsPage - ⏳ Waiting for spinner to fully disappear...
2025-06-17 22:01:28 [main] INFO  a.pages.AccountsPage - ✅ Spinner disappeared.
2025-06-17 22:01:28 [main] INFO  a.pages.AccountsPage - Waiting for page to load and checking for service errors...
2025-06-17 22:01:28 [main] INFO  a.pages.AccountsPage - ⏳ Waiting for spinner to fully disappear...
2025-06-17 22:01:38 [main] INFO  a.pages.AccountsPage - ✅ Spinner disappeared.
2025-06-17 22:02:03 [main] INFO  a.pages.AccountsPage - ✅ Page is ready.
2025-06-17 22:02:03 [main] INFO  a.pages.AccountsPage - Attempt 1 for custom data fetch.
2025-06-17 22:02:03 [main] INFO  a.pages.AccountsPage - ⏳ Waiting for spinner to fully disappear...
2025-06-17 22:02:14 [main] INFO  a.pages.AccountsPage - ✅ Spinner disappeared.
2025-06-17 22:02:14 [main] INFO  a.pages.AccountsPage - ⏳ Waiting for spinner to fully disappear...
2025-06-17 22:02:24 [main] INFO  a.pages.AccountsPage - ✅ Spinner disappeared.
2025-06-17 22:02:24 [main] INFO  a.pages.AccountsPage - Waiting for page to load and checking for service errors...
2025-06-17 22:02:24 [main] INFO  a.pages.AccountsPage - ⏳ Waiting for spinner to fully disappear...
2025-06-17 22:02:35 [main] INFO  a.pages.AccountsPage - ✅ Spinner disappeared.
2025-06-17 22:03:00 [main] INFO  a.pages.AccountsPage - ✅ Page is ready.
2025-06-17 22:03:00 [main] INFO  a.pages.AccountsPage - ⏳ Waiting for spinner to fully disappear...
2025-06-17 22:03:10 [main] INFO  a.pages.AccountsPage - ✅ Spinner disappeared.
2025-06-17 22:03:10 [main] INFO  a.pages.AccountsPage - ⏳ Waiting for spinner to fully disappear...
2025-06-17 22:03:21 [main] INFO  a.pages.AccountsPage - ✅ Spinner disappeared.
2025-06-17 22:03:21 [main] INFO  a.pages.AccountsPage - Waiting for page to load and checking for service errors...
2025-06-17 22:03:21 [main] INFO  a.pages.AccountsPage - ⏳ Waiting for spinner to fully disappear...
2025-06-17 22:03:31 [main] INFO  a.pages.AccountsPage - ✅ Spinner disappeared.
2025-06-17 22:03:56 [main] INFO  a.pages.AccountsPage - ✅ Page is ready.
2025-06-17 22:03:56 [main] INFO  a.pages.AccountsPage - ⏳ Waiting for spinner to fully disappear...
2025-06-17 22:04:07 [main] INFO  a.pages.AccountsPage - ✅ Spinner disappeared.
2025-06-17 22:04:07 [main] INFO  a.pages.AccountsPage - ⏳ Waiting for spinner to fully disappear...
2025-06-17 22:04:08 [main] INFO  a.pages.AccountsPage - ✅ Spinner disappeared.
2025-06-17 22:04:08 [main] INFO  a.pages.AccountsPage - Waiting for page to load and checking for service errors...
2025-06-17 22:04:08 [main] INFO  a.pages.AccountsPage - ⏳ Waiting for spinner to fully disappear...
2025-06-17 22:04:24 [main] INFO  a.pages.AccountsPage - ✅ Spinner disappeared.
2025-06-17 22:04:50 [main] INFO  a.pages.AccountsPage - ✅ Page is ready.
2025-06-17 22:04:55 [main] INFO  a.pages.AccountsPage - Waiting for page to load and checking for service errors...
2025-06-17 22:04:55 [main] INFO  a.pages.AccountsPage - ⏳ Waiting for spinner to fully disappear...
2025-06-17 22:05:05 [main] INFO  a.pages.AccountsPage - ✅ Spinner disappeared.
2025-06-17 22:05:30 [main] INFO  a.pages.AccountsPage - ✅ Page is ready.
2025-06-17 22:05:35 [main] INFO  a.pages.AccountsPage - ⏳ Waiting for spinner to fully disappear...
2025-06-17 22:05:46 [main] INFO  a.pages.AccountsPage - ✅ Spinner disappeared.
2025-06-17 22:05:46 [main] INFO  a.pages.AccountsPage - ⏳ Waiting for spinner to fully disappear...
2025-06-17 22:05:56 [main] INFO  a.pages.AccountsPage - ✅ Spinner disappeared.
2025-06-17 22:05:56 [main] INFO  a.pages.AccountsPage - Waiting for page to load and checking for service errors...
2025-06-17 22:05:56 [main] INFO  a.pages.AccountsPage - ⏳ Waiting for spinner to fully disappear...
2025-06-17 22:06:07 [main] INFO  a.pages.AccountsPage - ✅ Spinner disappeared.
2025-06-17 22:06:32 [main] INFO  a.pages.AccountsPage - ✅ Page is ready.
2025-06-17 22:06:32 [main] INFO  a.pages.AccountsPage - ⏳ Waiting for spinner to fully disappear...
2025-06-17 22:06:42 [main] INFO  a.pages.AccountsPage - ✅ Spinner disappeared.
2025-06-17 22:06:58 [main] WARN  a.pages.AccountsPage - ⚠️ Click failed attempt 1/3: Expected condition failed: waiting for element to be clickable: By.xpath: //span[text()='Download statement'] (tried for 15 second(s) with 500 milliseconds interval)
Build info: version: '4.20.0', revision: '866c76ca80'
System info: os.name: 'Windows 11', os.arch: 'amd64', os.version: '10.0', java.version: '17.0.12'
Driver info: org.openqa.selenium.chrome.ChromeDriver
Capabilities {acceptInsecureCerts: false, browserName: chrome, browserVersion: 137.0.7151.104, chrome: {chromedriverVersion: 137.0.7151.70 (dfa4dc56b2ab..., userDataDir: C:\Users\rajum\AppData\Loca...}, fedcm:accounts: true, goog:chromeOptions: {debuggerAddress: localhost:59943}, networkConnectionEnabled: false, pageLoadStrategy: normal, platformName: windows, proxy: Proxy(), se:cdp: ws://localhost:59943/devtoo..., se:cdpVersion: 137.0.7151.104, setWindowRect: true, strictFileInteractability: false, timeouts: {implicit: 0, pageLoad: 300000, script: 30000}, unhandledPromptBehavior: dismiss and notify, webauthn:extension:credBlob: true, webauthn:extension:largeBlob: true, webauthn:extension:minPinLength: true, webauthn:extension:prf: true, webauthn:virtualAuthenticators: true}
Session ID: 811f5ba47bcc13821bb53d228bff21a0
2025-06-17 22:06:59 [main] INFO  a.pages.AccountsPage - ⏳ Waiting for spinner to fully disappear...
2025-06-17 22:07:09 [main] INFO  a.pages.AccountsPage - ✅ Spinner disappeared.
2025-06-17 22:07:25 [main] WARN  a.pages.AccountsPage - ⚠️ Click failed attempt 2/3: Expected condition failed: waiting for element to be clickable: By.xpath: //span[text()='Download statement'] (tried for 15 second(s) with 500 milliseconds interval)
Build info: version: '4.20.0', revision: '866c76ca80'
System info: os.name: 'Windows 11', os.arch: 'amd64', os.version: '10.0', java.version: '17.0.12'
Driver info: org.openqa.selenium.chrome.ChromeDriver
Capabilities {acceptInsecureCerts: false, browserName: chrome, browserVersion: 137.0.7151.104, chrome: {chromedriverVersion: 137.0.7151.70 (dfa4dc56b2ab..., userDataDir: C:\Users\rajum\AppData\Loca...}, fedcm:accounts: true, goog:chromeOptions: {debuggerAddress: localhost:59943}, networkConnectionEnabled: false, pageLoadStrategy: normal, platformName: windows, proxy: Proxy(), se:cdp: ws://localhost:59943/devtoo..., se:cdpVersion: 137.0.7151.104, setWindowRect: true, strictFileInteractability: false, timeouts: {implicit: 0, pageLoad: 300000, script: 30000}, unhandledPromptBehavior: dismiss and notify, webauthn:extension:credBlob: true, webauthn:extension:largeBlob: true, webauthn:extension:minPinLength: true, webauthn:extension:prf: true, webauthn:virtualAuthenticators: true}
Session ID: 811f5ba47bcc13821bb53d228bff21a0
2025-06-17 22:07:26 [main] INFO  a.pages.AccountsPage - ⏳ Waiting for spinner to fully disappear...
2025-06-17 22:07:36 [main] INFO  a.pages.AccountsPage - ✅ Spinner disappeared.
2025-06-17 22:07:52 [main] WARN  a.pages.AccountsPage - ⚠️ Click failed attempt 3/3: Expected condition failed: waiting for element to be clickable: By.xpath: //span[text()='Download statement'] (tried for 15 second(s) with 500 milliseconds interval)
Build info: version: '4.20.0', revision: '866c76ca80'
System info: os.name: 'Windows 11', os.arch: 'amd64', os.version: '10.0', java.version: '17.0.12'
Driver info: org.openqa.selenium.chrome.ChromeDriver
Capabilities {acceptInsecureCerts: false, browserName: chrome, browserVersion: 137.0.7151.104, chrome: {chromedriverVersion: 137.0.7151.70 (dfa4dc56b2ab..., userDataDir: C:\Users\rajum\AppData\Loca...}, fedcm:accounts: true, goog:chromeOptions: {debuggerAddress: localhost:59943}, networkConnectionEnabled: false, pageLoadStrategy: normal, platformName: windows, proxy: Proxy(), se:cdp: ws://localhost:59943/devtoo..., se:cdpVersion: 137.0.7151.104, setWindowRect: true, strictFileInteractability: false, timeouts: {implicit: 0, pageLoad: 300000, script: 30000}, unhandledPromptBehavior: dismiss and notify, webauthn:extension:credBlob: true, webauthn:extension:largeBlob: true, webauthn:extension:minPinLength: true, webauthn:extension:prf: true, webauthn:virtualAuthenticators: true}
Session ID: 811f5ba47bcc13821bb53d228bff21a0
2025-06-17 22:07:53 [main] ERROR a.pages.AccountsPage - ❌ Custom statement download failed: ❌ Click failed after 3 attempts: By.xpath: //span[text()='Download statement']
2025-06-17 22:07:53 [main] INFO  a.pages.AccountsPage - Starting custom statement download for 6 months.
2025-06-17 22:07:53 [main] INFO  a.pages.AccountsPage - Checking visibility of 'Detailed Statement' button.
2025-06-17 22:07:58 [main] WARN  a.pages.AccountsPage - ⚠️ 'Detailed Statement' not visible. Re-clicking Accounts Tab.
2025-06-17 22:07:58 [main] INFO  a.pages.AccountsPage - ⏳ Waiting for spinner to fully disappear...
2025-06-17 22:08:09 [main] INFO  a.pages.AccountsPage - ✅ Spinner disappeared.
2025-06-17 22:08:10 [main] WARN  a.pages.AccountsPage - ⚠️ Click intercepted attempt 1/3: element click intercepted: Element <span class="p-menuitem-text">...</span> is not clickable at point (153, 100). Other element would receive the click: <div class="ng-tns-c4033847114-82 p-dialog-mask p-component-overlay p-component-overlay-enter p-dialog-mask-scrollblocker" style="z-index: 11101;">...</div>
  (Session info: chrome=137.0.7151.104)
Build info: version: '4.20.0', revision: '866c76ca80'
System info: os.name: 'Windows 11', os.arch: 'amd64', os.version: '10.0', java.version: '17.0.12'
Driver info: org.openqa.selenium.chrome.ChromeDriver
Command: [811f5ba47bcc13821bb53d228bff21a0, clickElement {id=f.46B0CB56BA7384D5BB2368F7299133F6.d.9E007970D0DBA9BBD72AF47FEE839510.e.86}]
Capabilities {acceptInsecureCerts: false, browserName: chrome, browserVersion: 137.0.7151.104, chrome: {chromedriverVersion: 137.0.7151.70 (dfa4dc56b2ab..., userDataDir: C:\Users\rajum\AppData\Loca...}, fedcm:accounts: true, goog:chromeOptions: {debuggerAddress: localhost:59943}, networkConnectionEnabled: false, pageLoadStrategy: normal, platformName: windows, proxy: Proxy(), se:cdp: ws://localhost:59943/devtoo..., se:cdpVersion: 137.0.7151.104, setWindowRect: true, strictFileInteractability: false, timeouts: {implicit: 0, pageLoad: 300000, script: 30000}, unhandledPromptBehavior: dismiss and notify, webauthn:extension:credBlob: true, webauthn:extension:largeBlob: true, webauthn:extension:minPinLength: true, webauthn:extension:prf: true, webauthn:virtualAuthenticators: true}
Element: [[ChromeDriver: chrome on windows (811f5ba47bcc13821bb53d228bff21a0)] -> xpath: //span[@class='p-menuitem-text' and text()='Accounts']]
Session ID: 811f5ba47bcc13821bb53d228bff21a0
2025-06-17 22:08:10 [main] INFO  a.pages.AccountsPage - ⏳ Waiting for spinner to fully disappear...
2025-06-17 22:08:21 [main] INFO  a.pages.AccountsPage - ✅ Spinner disappeared.
2025-06-17 22:08:22 [main] WARN  a.pages.AccountsPage - ⚠️ Click intercepted attempt 2/3: element click intercepted: Element <span class="p-menuitem-text">...</span> is not clickable at point (153, 100). Other element would receive the click: <div class="ng-tns-c4033847114-82 p-dialog-mask p-component-overlay p-component-overlay-enter p-dialog-mask-scrollblocker" style="z-index: 11101;">...</div>
  (Session info: chrome=137.0.7151.104)
Build info: version: '4.20.0', revision: '866c76ca80'
System info: os.name: 'Windows 11', os.arch: 'amd64', os.version: '10.0', java.version: '17.0.12'
Driver info: org.openqa.selenium.chrome.ChromeDriver
Command: [811f5ba47bcc13821bb53d228bff21a0, clickElement {id=f.46B0CB56BA7384D5BB2368F7299133F6.d.9E007970D0DBA9BBD72AF47FEE839510.e.86}]
Capabilities {acceptInsecureCerts: false, browserName: chrome, browserVersion: 137.0.7151.104, chrome: {chromedriverVersion: 137.0.7151.70 (dfa4dc56b2ab..., userDataDir: C:\Users\rajum\AppData\Loca...}, fedcm:accounts: true, goog:chromeOptions: {debuggerAddress: localhost:59943}, networkConnectionEnabled: false, pageLoadStrategy: normal, platformName: windows, proxy: Proxy(), se:cdp: ws://localhost:59943/devtoo..., se:cdpVersion: 137.0.7151.104, setWindowRect: true, strictFileInteractability: false, timeouts: {implicit: 0, pageLoad: 300000, script: 30000}, unhandledPromptBehavior: dismiss and notify, webauthn:extension:credBlob: true, webauthn:extension:largeBlob: true, webauthn:extension:minPinLength: true, webauthn:extension:prf: true, webauthn:virtualAuthenticators: true}
Element: [[ChromeDriver: chrome on windows (811f5ba47bcc13821bb53d228bff21a0)] -> xpath: //span[@class='p-menuitem-text' and text()='Accounts']]
Session ID: 811f5ba47bcc13821bb53d228bff21a0
2025-06-17 22:08:22 [main] INFO  a.pages.AccountsPage - ⏳ Waiting for spinner to fully disappear...
2025-06-17 22:08:33 [main] INFO  a.pages.AccountsPage - ✅ Spinner disappeared.
2025-06-17 22:08:33 [main] INFO  a.pages.AccountsPage - ⏳ Waiting for spinner to fully disappear...
2025-06-17 22:08:34 [main] INFO  a.pages.AccountsPage - ✅ Spinner disappeared.
2025-06-17 22:08:34 [main] INFO  a.pages.AccountsPage - ✅ 'Detailed Statement' became visible after re-clicking Accounts Tab.
2025-06-17 22:08:34 [main] INFO  a.pages.AccountsPage - ⏳ Waiting for spinner to fully disappear...
2025-06-17 22:08:46 [main] INFO  a.pages.AccountsPage - ✅ Spinner disappeared.
2025-06-17 22:08:46 [main] INFO  a.pages.AccountsPage - ⏳ Waiting for spinner to fully disappear...
2025-06-17 22:09:03 [main] WARN  a.pages.AccountsPage - ⚠️ Spinner wait skipped or failed gracefully.
2025-06-17 22:09:03 [main] INFO  a.pages.AccountsPage - Waiting for page to load and checking for service errors...
2025-06-17 22:09:03 [main] INFO  a.pages.AccountsPage - ⏳ Waiting for spinner to fully disappear...
2025-06-17 22:09:12 [main] INFO  a.pages.AccountsPage - ✅ Spinner disappeared.
2025-06-17 22:09:38 [main] INFO  a.pages.AccountsPage - ✅ Page is ready.
2025-06-17 22:09:38 [main] INFO  a.pages.AccountsPage - Attempt 1 for custom data fetch.
2025-06-17 22:09:38 [main] INFO  a.pages.AccountsPage - ⏳ Waiting for spinner to fully disappear...
2025-06-17 22:09:48 [main] INFO  a.pages.AccountsPage - ✅ Spinner disappeared.
2025-06-17 22:09:48 [main] INFO  a.pages.AccountsPage - ⏳ Waiting for spinner to fully disappear...
2025-06-17 22:09:58 [main] INFO  a.pages.AccountsPage - ✅ Spinner disappeared.
2025-06-17 22:09:58 [main] INFO  a.pages.AccountsPage - Waiting for page to load and checking for service errors...
2025-06-17 22:09:58 [main] INFO  a.pages.AccountsPage - ⏳ Waiting for spinner to fully disappear...
2025-06-17 22:10:09 [main] INFO  a.pages.AccountsPage - ✅ Spinner disappeared.
2025-06-17 22:10:34 [main] INFO  a.pages.AccountsPage - ✅ Page is ready.
2025-06-17 22:10:34 [main] INFO  a.pages.AccountsPage - ⏳ Waiting for spinner to fully disappear...
2025-06-17 22:10:44 [main] INFO  a.pages.AccountsPage - ✅ Spinner disappeared.
2025-06-17 22:10:44 [main] INFO  a.pages.AccountsPage - ⏳ Waiting for spinner to fully disappear...
2025-06-17 22:10:55 [main] INFO  a.pages.AccountsPage - ✅ Spinner disappeared.
2025-06-17 22:10:55 [main] INFO  a.pages.AccountsPage - Waiting for page to load and checking for service errors...
2025-06-17 22:10:55 [main] INFO  a.pages.AccountsPage - ⏳ Waiting for spinner to fully disappear...
2025-06-17 22:11:05 [main] INFO  a.pages.AccountsPage - ✅ Spinner disappeared.
2025-06-17 22:11:30 [main] INFO  a.pages.AccountsPage - ✅ Page is ready.
2025-06-17 22:11:30 [main] INFO  a.pages.AccountsPage - ⏳ Waiting for spinner to fully disappear...
2025-06-17 22:11:41 [main] INFO  a.pages.AccountsPage - ✅ Spinner disappeared.
2025-06-17 22:11:41 [main] INFO  a.pages.AccountsPage - ⏳ Waiting for spinner to fully disappear...
2025-06-17 22:12:04 [main] WARN  a.pages.AccountsPage - ⚠️ Spinner wait skipped or failed gracefully.
2025-06-17 22:12:04 [main] INFO  a.pages.AccountsPage - Waiting for page to load and checking for service errors...
2025-06-17 22:12:04 [main] INFO  a.pages.AccountsPage - ⏳ Waiting for spinner to fully disappear...
2025-06-17 22:12:13 [main] INFO  a.pages.AccountsPage - ✅ Spinner disappeared.
2025-06-17 22:12:38 [main] INFO  a.pages.AccountsPage - ✅ Page is ready.
2025-06-17 22:12:43 [main] INFO  a.pages.AccountsPage - Waiting for page to load and checking for service errors...
2025-06-17 22:12:43 [main] INFO  a.pages.AccountsPage - ⏳ Waiting for spinner to fully disappear...
2025-06-17 22:12:53 [main] INFO  a.pages.AccountsPage - ✅ Spinner disappeared.
2025-06-17 22:13:19 [main] INFO  a.pages.AccountsPage - ✅ Page is ready.
2025-06-17 22:13:24 [main] INFO  a.pages.AccountsPage - ⏳ Waiting for spinner to fully disappear...
2025-06-17 22:13:34 [main] INFO  a.pages.AccountsPage - ✅ Spinner disappeared.
2025-06-17 22:13:34 [main] INFO  a.pages.AccountsPage - ⏳ Waiting for spinner to fully disappear...
2025-06-17 22:13:44 [main] INFO  a.pages.AccountsPage - ✅ Spinner disappeared.
2025-06-17 22:13:44 [main] INFO  a.pages.AccountsPage - Waiting for page to load and checking for service errors...
2025-06-17 22:13:44 [main] INFO  a.pages.AccountsPage - ⏳ Waiting for spinner to fully disappear...
2025-06-17 22:13:55 [main] INFO  a.pages.AccountsPage - ✅ Spinner disappeared.
2025-06-17 22:14:20 [main] INFO  a.pages.AccountsPage - ✅ Page is ready.
2025-06-17 22:14:20 [main] INFO  a.pages.AccountsPage - ⏳ Waiting for spinner to fully disappear...
2025-06-17 22:14:30 [main] INFO  a.pages.AccountsPage - ✅ Spinner disappeared.
2025-06-17 22:14:47 [main] WARN  a.pages.AccountsPage - ⚠️ Click failed attempt 1/3: Expected condition failed: waiting for element to be clickable: By.xpath: //span[text()='Download statement'] (tried for 15 second(s) with 500 milliseconds interval)
Build info: version: '4.20.0', revision: '866c76ca80'
System info: os.name: 'Windows 11', os.arch: 'amd64', os.version: '10.0', java.version: '17.0.12'
Driver info: org.openqa.selenium.chrome.ChromeDriver
Capabilities {acceptInsecureCerts: false, browserName: chrome, browserVersion: 137.0.7151.104, chrome: {chromedriverVersion: 137.0.7151.70 (dfa4dc56b2ab..., userDataDir: C:\Users\rajum\AppData\Loca...}, fedcm:accounts: true, goog:chromeOptions: {debuggerAddress: localhost:59943}, networkConnectionEnabled: false, pageLoadStrategy: normal, platformName: windows, proxy: Proxy(), se:cdp: ws://localhost:59943/devtoo..., se:cdpVersion: 137.0.7151.104, setWindowRect: true, strictFileInteractability: false, timeouts: {implicit: 0, pageLoad: 300000, script: 30000}, unhandledPromptBehavior: dismiss and notify, webauthn:extension:credBlob: true, webauthn:extension:largeBlob: true, webauthn:extension:minPinLength: true, webauthn:extension:prf: true, webauthn:virtualAuthenticators: true}
Session ID: 811f5ba47bcc13821bb53d228bff21a0
2025-06-17 22:14:47 [main] INFO  a.pages.AccountsPage - ⏳ Waiting for spinner to fully disappear...
2025-06-17 22:14:57 [main] INFO  a.pages.AccountsPage - ✅ Spinner disappeared.
2025-06-17 22:15:14 [main] WARN  a.pages.AccountsPage - ⚠️ Click failed attempt 2/3: Expected condition failed: waiting for element to be clickable: By.xpath: //span[text()='Download statement'] (tried for 15 second(s) with 500 milliseconds interval)
Build info: version: '4.20.0', revision: '866c76ca80'
System info: os.name: 'Windows 11', os.arch: 'amd64', os.version: '10.0', java.version: '17.0.12'
Driver info: org.openqa.selenium.chrome.ChromeDriver
Capabilities {acceptInsecureCerts: false, browserName: chrome, browserVersion: 137.0.7151.104, chrome: {chromedriverVersion: 137.0.7151.70 (dfa4dc56b2ab..., userDataDir: C:\Users\rajum\AppData\Loca...}, fedcm:accounts: true, goog:chromeOptions: {debuggerAddress: localhost:59943}, networkConnectionEnabled: false, pageLoadStrategy: normal, platformName: windows, proxy: Proxy(), se:cdp: ws://localhost:59943/devtoo..., se:cdpVersion: 137.0.7151.104, setWindowRect: true, strictFileInteractability: false, timeouts: {implicit: 0, pageLoad: 300000, script: 30000}, unhandledPromptBehavior: dismiss and notify, webauthn:extension:credBlob: true, webauthn:extension:largeBlob: true, webauthn:extension:minPinLength: true, webauthn:extension:prf: true, webauthn:virtualAuthenticators: true}
Session ID: 811f5ba47bcc13821bb53d228bff21a0
2025-06-17 22:15:14 [main] INFO  a.pages.AccountsPage - ⏳ Waiting for spinner to fully disappear...
2025-06-17 22:15:24 [main] INFO  a.pages.AccountsPage - ✅ Spinner disappeared.
2025-06-17 22:15:41 [main] WARN  a.pages.AccountsPage - ⚠️ Click failed attempt 3/3: Expected condition failed: waiting for element to be clickable: By.xpath: //span[text()='Download statement'] (tried for 15 second(s) with 500 milliseconds interval)
Build info: version: '4.20.0', revision: '866c76ca80'
System info: os.name: 'Windows 11', os.arch: 'amd64', os.version: '10.0', java.version: '17.0.12'
Driver info: org.openqa.selenium.chrome.ChromeDriver
Capabilities {acceptInsecureCerts: false, browserName: chrome, browserVersion: 137.0.7151.104, chrome: {chromedriverVersion: 137.0.7151.70 (dfa4dc56b2ab..., userDataDir: C:\Users\rajum\AppData\Loca...}, fedcm:accounts: true, goog:chromeOptions: {debuggerAddress: localhost:59943}, networkConnectionEnabled: false, pageLoadStrategy: normal, platformName: windows, proxy: Proxy(), se:cdp: ws://localhost:59943/devtoo..., se:cdpVersion: 137.0.7151.104, setWindowRect: true, strictFileInteractability: false, timeouts: {implicit: 0, pageLoad: 300000, script: 30000}, unhandledPromptBehavior: dismiss and notify, webauthn:extension:credBlob: true, webauthn:extension:largeBlob: true, webauthn:extension:minPinLength: true, webauthn:extension:prf: true, webauthn:virtualAuthenticators: true}
Session ID: 811f5ba47bcc13821bb53d228bff21a0
2025-06-17 22:15:41 [main] ERROR a.pages.AccountsPage - ❌ Custom statement download failed: ❌ Click failed after 3 attempts: By.xpath: //span[text()='Download statement']
2025-06-17 22:15:41 [main] INFO  a.pages.AccountsPage - Starting custom statement download for 12 months.
2025-06-17 22:15:41 [main] INFO  a.pages.AccountsPage - Checking visibility of 'Detailed Statement' button.
2025-06-17 22:15:46 [main] WARN  a.pages.AccountsPage - ⚠️ 'Detailed Statement' not visible. Re-clicking Accounts Tab.
2025-06-17 22:15:46 [main] INFO  a.pages.AccountsPage - ⏳ Waiting for spinner to fully disappear...
2025-06-17 22:15:57 [main] INFO  a.pages.AccountsPage - ✅ Spinner disappeared.
2025-06-17 22:15:57 [main] INFO  a.pages.AccountsPage - ⏳ Waiting for spinner to fully disappear...
2025-06-17 22:16:06 [main] INFO  a.pages.AccountsPage - ✅ Spinner disappeared.
2025-06-17 22:16:06 [main] INFO  a.pages.AccountsPage - ✅ 'Detailed Statement' became visible after re-clicking Accounts Tab.
2025-06-17 22:16:06 [main] INFO  a.pages.AccountsPage - ⏳ Waiting for spinner to fully disappear...
2025-06-17 22:16:16 [main] INFO  a.pages.AccountsPage - ✅ Spinner disappeared.
2025-06-17 22:16:17 [main] INFO  a.pages.AccountsPage - ⏳ Waiting for spinner to fully disappear...
2025-06-17 22:16:33 [main] WARN  a.pages.AccountsPage - ⚠️ Spinner wait skipped or failed gracefully.
2025-06-17 22:16:33 [main] INFO  a.pages.AccountsPage - Waiting for page to load and checking for service errors...
2025-06-17 22:16:33 [main] INFO  a.pages.AccountsPage - ⏳ Waiting for spinner to fully disappear...
2025-06-17 22:16:48 [main] WARN  a.pages.AccountsPage - ⚠️ Spinner wait skipped or failed gracefully.
2025-06-17 22:17:13 [main] INFO  a.pages.AccountsPage - ✅ Page is ready.
2025-06-17 22:17:13 [main] INFO  a.pages.AccountsPage - Attempt 1 for custom data fetch.
2025-06-17 22:17:13 [main] INFO  a.pages.AccountsPage - ⏳ Waiting for spinner to fully disappear...
2025-06-17 22:17:29 [main] WARN  a.pages.AccountsPage - ⚠️ Spinner wait skipped or failed gracefully.
2025-06-17 22:17:30 [main] WARN  a.pages.AccountsPage - ⚠️ Click intercepted attempt 1/3: element click intercepted: Element <button _ngcontent-ng-c1879628175="" appblockdblclick="" class="account_button gap-2 px-1 py-2 flex justify-content-center w-4">...</button> is not clickable at point (1288, 338). Other element would receive the click: <div _ngcontent-ng-c587276320="" class="ngx-spinner-overlay ng-tns-c587276320-1 ng-trigger ng-trigger-fadeIn ng-star-inserted ng-animating" style="background-color: rgba(51, 51, 51, 0.8); z-index: 99999; position: fixed;">...</div>
  (Session info: chrome=137.0.7151.104)
Build info: version: '4.20.0', revision: '866c76ca80'
System info: os.name: 'Windows 11', os.arch: 'amd64', os.version: '10.0', java.version: '17.0.12'
Driver info: org.openqa.selenium.chrome.ChromeDriver
Command: [811f5ba47bcc13821bb53d228bff21a0, clickElement {id=f.46B0CB56BA7384D5BB2368F7299133F6.d.9E007970D0DBA9BBD72AF47FEE839510.e.587}]
Capabilities {acceptInsecureCerts: false, browserName: chrome, browserVersion: 137.0.7151.104, chrome: {chromedriverVersion: 137.0.7151.70 (dfa4dc56b2ab..., userDataDir: C:\Users\rajum\AppData\Loca...}, fedcm:accounts: true, goog:chromeOptions: {debuggerAddress: localhost:59943}, networkConnectionEnabled: false, pageLoadStrategy: normal, platformName: windows, proxy: Proxy(), se:cdp: ws://localhost:59943/devtoo..., se:cdpVersion: 137.0.7151.104, setWindowRect: true, strictFileInteractability: false, timeouts: {implicit: 0, pageLoad: 300000, script: 30000}, unhandledPromptBehavior: dismiss and notify, webauthn:extension:credBlob: true, webauthn:extension:largeBlob: true, webauthn:extension:minPinLength: true, webauthn:extension:prf: true, webauthn:virtualAuthenticators: true}
Element: [[ChromeDriver: chrome on windows (811f5ba47bcc13821bb53d228bff21a0)] -> xpath: //button[contains(text(),'Custom')]]
Session ID: 811f5ba47bcc13821bb53d228bff21a0
2025-06-17 22:17:30 [main] INFO  a.pages.AccountsPage - ⏳ Waiting for spinner to fully disappear...
2025-06-17 22:17:38 [main] INFO  a.pages.AccountsPage - ✅ Spinner disappeared.
2025-06-17 22:17:38 [main] INFO  a.pages.AccountsPage - ⏳ Waiting for spinner to fully disappear...
2025-06-17 22:17:48 [main] INFO  a.pages.AccountsPage - ✅ Spinner disappeared.
2025-06-17 22:17:48 [main] INFO  a.pages.AccountsPage - Waiting for page to load and checking for service errors...
2025-06-17 22:17:48 [main] INFO  a.pages.AccountsPage - ⏳ Waiting for spinner to fully disappear...
2025-06-17 22:17:59 [main] INFO  a.pages.AccountsPage - ✅ Spinner disappeared.
2025-06-17 22:18:24 [main] INFO  a.pages.AccountsPage - ✅ Page is ready.
2025-06-17 22:18:24 [main] INFO  a.pages.AccountsPage - ⏳ Waiting for spinner to fully disappear...
2025-06-17 22:18:34 [main] INFO  a.pages.AccountsPage - ✅ Spinner disappeared.
2025-06-17 22:18:34 [main] INFO  a.pages.AccountsPage - ⏳ Waiting for spinner to fully disappear...
2025-06-17 22:18:45 [main] INFO  a.pages.AccountsPage - ✅ Spinner disappeared.
2025-06-17 22:18:45 [main] INFO  a.pages.AccountsPage - Waiting for page to load and checking for service errors...
2025-06-17 22:18:45 [main] INFO  a.pages.AccountsPage - ⏳ Waiting for spinner to fully disappear...
2025-06-17 22:18:55 [main] INFO  a.pages.AccountsPage - ✅ Spinner disappeared.
2025-06-17 22:19:20 [main] INFO  a.pages.AccountsPage - ✅ Page is ready.
2025-06-17 22:19:20 [main] INFO  a.pages.AccountsPage - ⏳ Waiting for spinner to fully disappear...
2025-06-17 22:19:31 [main] INFO  a.pages.AccountsPage - ✅ Spinner disappeared.
2025-06-17 22:19:31 [main] INFO  a.pages.AccountsPage - ⏳ Waiting for spinner to fully disappear...
2025-06-17 22:19:48 [main] INFO  a.pages.AccountsPage - ✅ Spinner disappeared.
2025-06-17 22:19:48 [main] INFO  a.pages.AccountsPage - Waiting for page to load and checking for service errors...
2025-06-17 22:19:48 [main] INFO  a.pages.AccountsPage - ⏳ Waiting for spinner to fully disappear...
2025-06-17 22:19:59 [main] INFO  a.pages.AccountsPage - ✅ Spinner disappeared.
2025-06-17 22:20:24 [main] INFO  a.pages.AccountsPage - ✅ Page is ready.
2025-06-17 22:20:29 [main] INFO  a.pages.AccountsPage - Waiting for page to load and checking for service errors...
2025-06-17 22:20:29 [main] INFO  a.pages.AccountsPage - ⏳ Waiting for spinner to fully disappear...
2025-06-17 22:20:39 [main] INFO  a.pages.AccountsPage - ✅ Spinner disappeared.
2025-06-17 22:21:05 [main] INFO  a.pages.AccountsPage - ✅ Page is ready.
2025-06-17 22:21:10 [main] INFO  a.pages.AccountsPage - ⏳ Waiting for spinner to fully disappear...
2025-06-17 22:21:20 [main] INFO  a.pages.AccountsPage - ✅ Spinner disappeared.
2025-06-17 22:21:20 [main] INFO  a.pages.AccountsPage - ⏳ Waiting for spinner to fully disappear...
2025-06-17 22:21:31 [main] INFO  a.pages.AccountsPage - ✅ Spinner disappeared.
2025-06-17 22:21:31 [main] INFO  a.pages.AccountsPage - Waiting for page to load and checking for service errors...
2025-06-17 22:21:31 [main] INFO  a.pages.AccountsPage - ⏳ Waiting for spinner to fully disappear...
2025-06-17 22:21:41 [main] INFO  a.pages.AccountsPage - ✅ Spinner disappeared.
2025-06-17 22:22:06 [main] INFO  a.pages.AccountsPage - ✅ Page is ready.
2025-06-17 22:22:06 [main] INFO  a.pages.AccountsPage - ⏳ Waiting for spinner to fully disappear...
2025-06-17 22:22:17 [main] INFO  a.pages.AccountsPage - ✅ Spinner disappeared.
2025-06-17 22:22:33 [main] WARN  a.pages.AccountsPage - ⚠️ Click failed attempt 1/3: Expected condition failed: waiting for element to be clickable: By.xpath: //img[contains(@src,'ic_excel_file.svg') and @alt='excel'] (tried for 15 second(s) with 500 milliseconds interval)
Build info: version: '4.20.0', revision: '866c76ca80'
System info: os.name: 'Windows 11', os.arch: 'amd64', os.version: '10.0', java.version: '17.0.12'
Driver info: org.openqa.selenium.chrome.ChromeDriver
Capabilities {acceptInsecureCerts: false, browserName: chrome, browserVersion: 137.0.7151.104, chrome: {chromedriverVersion: 137.0.7151.70 (dfa4dc56b2ab..., userDataDir: C:\Users\rajum\AppData\Loca...}, fedcm:accounts: true, goog:chromeOptions: {debuggerAddress: localhost:59943}, networkConnectionEnabled: false, pageLoadStrategy: normal, platformName: windows, proxy: Proxy(), se:cdp: ws://localhost:59943/devtoo..., se:cdpVersion: 137.0.7151.104, setWindowRect: true, strictFileInteractability: false, timeouts: {implicit: 0, pageLoad: 300000, script: 30000}, unhandledPromptBehavior: dismiss and notify, webauthn:extension:credBlob: true, webauthn:extension:largeBlob: true, webauthn:extension:minPinLength: true, webauthn:extension:prf: true, webauthn:virtualAuthenticators: true}
Session ID: 811f5ba47bcc13821bb53d228bff21a0
2025-06-17 22:22:33 [main] INFO  a.pages.AccountsPage - ⏳ Waiting for spinner to fully disappear...
2025-06-17 22:22:44 [main] INFO  a.pages.AccountsPage - ✅ Spinner disappeared.
2025-06-17 22:23:00 [main] WARN  a.pages.AccountsPage - ⚠️ Click failed attempt 2/3: Expected condition failed: waiting for element to be clickable: By.xpath: //img[contains(@src,'ic_excel_file.svg') and @alt='excel'] (tried for 15 second(s) with 500 milliseconds interval)
Build info: version: '4.20.0', revision: '866c76ca80'
System info: os.name: 'Windows 11', os.arch: 'amd64', os.version: '10.0', java.version: '17.0.12'
Driver info: org.openqa.selenium.chrome.ChromeDriver
Capabilities {acceptInsecureCerts: false, browserName: chrome, browserVersion: 137.0.7151.104, chrome: {chromedriverVersion: 137.0.7151.70 (dfa4dc56b2ab..., userDataDir: C:\Users\rajum\AppData\Loca...}, fedcm:accounts: true, goog:chromeOptions: {debuggerAddress: localhost:59943}, networkConnectionEnabled: false, pageLoadStrategy: normal, platformName: windows, proxy: Proxy(), se:cdp: ws://localhost:59943/devtoo..., se:cdpVersion: 137.0.7151.104, setWindowRect: true, strictFileInteractability: false, timeouts: {implicit: 0, pageLoad: 300000, script: 30000}, unhandledPromptBehavior: dismiss and notify, webauthn:extension:credBlob: true, webauthn:extension:largeBlob: true, webauthn:extension:minPinLength: true, webauthn:extension:prf: true, webauthn:virtualAuthenticators: true}
Session ID: 811f5ba47bcc13821bb53d228bff21a0
2025-06-17 22:23:00 [main] INFO  a.pages.AccountsPage - ⏳ Waiting for spinner to fully disappear...
2025-06-17 22:23:11 [main] INFO  a.pages.AccountsPage - ✅ Spinner disappeared.
2025-06-17 22:23:27 [main] WARN  a.pages.AccountsPage - ⚠️ Click failed attempt 3/3: Expected condition failed: waiting for element to be clickable: By.xpath: //img[contains(@src,'ic_excel_file.svg') and @alt='excel'] (tried for 15 second(s) with 500 milliseconds interval)
Build info: version: '4.20.0', revision: '866c76ca80'
System info: os.name: 'Windows 11', os.arch: 'amd64', os.version: '10.0', java.version: '17.0.12'
Driver info: org.openqa.selenium.chrome.ChromeDriver
Capabilities {acceptInsecureCerts: false, browserName: chrome, browserVersion: 137.0.7151.104, chrome: {chromedriverVersion: 137.0.7151.70 (dfa4dc56b2ab..., userDataDir: C:\Users\rajum\AppData\Loca...}, fedcm:accounts: true, goog:chromeOptions: {debuggerAddress: localhost:59943}, networkConnectionEnabled: false, pageLoadStrategy: normal, platformName: windows, proxy: Proxy(), se:cdp: ws://localhost:59943/devtoo..., se:cdpVersion: 137.0.7151.104, setWindowRect: true, strictFileInteractability: false, timeouts: {implicit: 0, pageLoad: 300000, script: 30000}, unhandledPromptBehavior: dismiss and notify, webauthn:extension:credBlob: true, webauthn:extension:largeBlob: true, webauthn:extension:minPinLength: true, webauthn:extension:prf: true, webauthn:virtualAuthenticators: true}
Session ID: 811f5ba47bcc13821bb53d228bff21a0
2025-06-17 22:23:27 [main] ERROR a.pages.AccountsPage - ❌ Custom statement download failed: ❌ Click failed after 3 attempts: By.xpath: //img[contains(@src,'ic_excel_file.svg') and @alt='excel']
2025-06-17 22:23:28 [main] INFO  automationFramework.utils.LoggerUtil - 🧹 Finalizing report...
2025-06-17 22:23:28 [main] INFO  automationFramework.utils.LoggerUtil - 📧 Sending report via email...
2025-06-17 22:23:34 [main] INFO  org.testng.internal.Utils - [TestNG] Time taken by org.testng.reporters.jq.Main@15a8b228: 88 ms
2025-06-17 22:23:34 [main] INFO  org.testng.internal.Utils - [TestNG] Time taken by org.testng.reporters.FailedReporter@578036a2: 24 ms
2025-06-17 22:23:34 [main] INFO  org.testng.internal.Utils - [TestNG] Time taken by org.testng.reporters.XMLReporter@4b5c84be: 26 ms
2025-06-17 22:23:34 [main] INFO  org.testng.internal.Utils - [TestNG] Time taken by org.testng.reporters.EmailableReporter2@655c1b: 13 ms
2025-06-17 22:23:34 [main] INFO  org.testng.internal.Utils - [TestNG] Time taken by org.testng.reporters.JUnitReportReporter@770093c5: 18 ms
2025-06-17 22:23:34 [main] INFO  org.testng.internal.Utils - [TestNG] Time taken by org.testng.internal.ExitCodeListener@785dbe3a: 0 ms
