2025-06-18 10:50:21 [main] INFO  org.testng.internal.Utils - [Utils] MethodGroupsHelper.collectMethodsByGroup() took 1 ms.
2025-06-18 10:50:21 [main] INFO  org.testng.internal.Utils - [Utils] MethodGroupsHelper.sortMethods() took 3 ms.
2025-06-18 10:50:21 [main] INFO  org.testng.internal.Utils - [Utils] MethodGroupsHelper.collectMethodsByGroup() took 0 ms.
2025-06-18 10:50:21 [main] INFO  org.testng.internal.Utils - [Utils] MethodGroupsHelper.sortMethods() took 0 ms.
2025-06-18 10:50:21 [main] INFO  org.testng.internal.Utils - [Utils] MethodGroupsHelper.collectMethodsByGroup() took 0 ms.
2025-06-18 10:50:21 [main] INFO  org.testng.internal.Utils - [Utils] MethodGroupsHelper.sortMethods() took 0 ms.
2025-06-18 10:50:21 [main] INFO  org.testng.internal.Utils - [Utils] MethodGroupsHelper.collectMethodsByGroup() took 0 ms.
2025-06-18 10:50:21 [main] INFO  org.testng.internal.Utils - [Utils] MethodGroupsHelper.sortMethods() took 0 ms.
2025-06-18 10:50:21 [main] INFO  org.testng.internal.Utils - [Utils] MethodGroupsHelper.collectMethodsByGroup() took 7 ms.
2025-06-18 10:50:21 [main] INFO  org.testng.internal.Utils - [Utils] MethodGroupsHelper.sortMethods() took 18 ms.
2025-06-18 10:50:21 [main] INFO  org.testng.internal.Utils - [Utils] MethodGroupsHelper.collectMethodsByGroup() took 0 ms.
2025-06-18 10:50:21 [main] INFO  org.testng.internal.Utils - [Utils] MethodGroupsHelper.sortMethods() took 1 ms.
2025-06-18 10:50:21 [main] INFO  org.testng.internal.Utils - [Utils] MethodGroupsHelper.collectMethodsByGroup() took 0 ms.
2025-06-18 10:50:21 [main] INFO  org.testng.internal.Utils - [Utils] MethodGroupsHelper.sortMethods() took 0 ms.
2025-06-18 10:50:21 [main] INFO  org.testng.internal.Utils - [Utils] MethodGroupsHelper.collectMethodsByGroup() took 0 ms.
2025-06-18 10:50:21 [main] INFO  org.testng.internal.Utils - [Utils] MethodGroupsHelper.sortMethods() took 0 ms.
2025-06-18 10:50:21 [main] INFO  org.testng.internal.Utils - [Utils] MethodGroupsHelper.collectMethodsByGroup() took 1 ms.
2025-06-18 10:50:21 [main] INFO  org.testng.internal.Utils - [Utils] MethodGroupsHelper.sortMethods() took 0 ms.
2025-06-18 10:50:21 [main] INFO  org.testng.internal.Utils - [Utils] MethodGroupsHelper.collectMethodsByGroup() took 0 ms.
2025-06-18 10:50:21 [main] INFO  org.testng.internal.Utils - [Utils] MethodGroupsHelper.sortMethods() took 1 ms.
2025-06-18 10:50:21 [main] INFO  org.testng.internal.Utils - [Utils] MethodGroupsHelper.collectMethodsByGroup() took 0 ms.
2025-06-18 10:50:21 [main] INFO  org.testng.internal.Utils - [Utils] MethodGroupsHelper.sortMethods() took 0 ms.
2025-06-18 10:50:21 [main] INFO  org.testng.internal.Utils - [Utils] MethodGroupsHelper.collectMethodsByGroup() took 0 ms.
2025-06-18 10:50:21 [main] INFO  org.testng.internal.Utils - [Utils] MethodGroupsHelper.sortMethods() took 0 ms.
2025-06-18 10:50:21 [main] INFO  org.testng.internal.Utils - [Utils] MethodGroupsHelper.collectMethodsByGroup() took 2 ms.
2025-06-18 10:50:21 [main] INFO  org.testng.internal.Utils - [Utils] MethodGroupsHelper.sortMethods() took 11 ms.
2025-06-18 10:50:21 [main] INFO  org.testng.internal.Utils - [Utils] MethodGroupsHelper.collectMethodsByGroup() took 0 ms.
2025-06-18 10:50:21 [main] INFO  org.testng.internal.Utils - [Utils] MethodGroupsHelper.sortMethods() took 0 ms.
2025-06-18 10:50:21 [main] INFO  org.testng.internal.Utils - [Utils] MethodGroupsHelper.collectMethodsByGroup() took 0 ms.
2025-06-18 10:50:21 [main] INFO  org.testng.internal.Utils - [Utils] MethodGroupsHelper.sortMethods() took 0 ms.
2025-06-18 10:50:22 [main] INFO  org.testng.internal.Utils - [TestNG] Running:
  C:\Users\rajum\AppData\Local\Temp\testng-eclipse--936045433\testng-customsuite.xml

2025-06-18 10:50:22 [main] INFO  org.testng.internal.Utils - [Utils] DynamicGraphHelper.createDynamicGraph() took 7 ms.
2025-06-18 10:50:22 [main] INFO  automationFramework.utils.LoggerUtil - 🔧 Starting browser and loading properties...
2025-06-18 10:50:24 [main] INFO  i.g.bonigarcia.wdm.WebDriverManager - Using chromedriver 137.0.7151.119 (resolved driver for Chrome 137)
2025-06-18 10:50:24 [main] INFO  i.g.bonigarcia.wdm.online.Downloader - Downloading https://storage.googleapis.com/chrome-for-testing-public/137.0.7151.119/win64/chromedriver-win64.zip
2025-06-18 10:50:28 [main] INFO  i.g.bonigarcia.wdm.online.Downloader - Extracting driver from compressed file chromedriver-win64.zip
2025-06-18 10:50:28 [main] INFO  i.g.bonigarcia.wdm.WebDriverManager - Exporting webdriver.chrome.driver as C:\Users\rajum\.cache\selenium\chromedriver\win64\137.0.7151.119\chromedriver.exe
2025-06-18 10:50:30 [main] INFO  automationFramework.pages.LoginPage - ✅ Captcha wait time loaded: 10 seconds
2025-06-18 10:50:43 [main] INFO  automationFramework.pages.LoginPage - 🟦 Navigated to URL: https://uatnet.svcbank.com/ReachSVCInet/SVC-web/inet/netbanking
2025-06-18 10:50:43 [main] INFO  automationFramework.pages.LoginPage - ✅ Entered username: TEST001
2025-06-18 10:50:43 [main] INFO  automationFramework.pages.LoginPage - ⏳ Waiting for manual captcha input (10 seconds)
2025-06-18 10:50:53 [main] INFO  automationFramework.pages.LoginPage - ✅ Clicked first Login button
2025-06-18 10:50:56 [main] INFO  automationFramework.pages.LoginPage - ✅ Entered password
2025-06-18 10:50:56 [main] INFO  automationFramework.pages.LoginPage - ✅ Clicked final Login button
2025-06-18 10:51:06 [main] INFO  automationFramework.pages.LoginPage - 🎉 Login successful for user: TEST001
2025-06-18 10:51:06 [main] INFO  automationFramework.utils.LoggerUtil - ✅ Setup complete.
2025-06-18 10:51:06 [main] INFO  a.pages.AccountsPage - Clicking Accounts Tab
2025-06-18 10:51:06 [main] INFO  a.pages.AccountsPage - ⏳ Waiting for spinner to fully disappear...
2025-06-18 10:51:26 [main] INFO  a.pages.AccountsPage - ✅ Spinner disappeared.
2025-06-18 10:51:26 [main] INFO  a.pages.AccountsPage - ⏳ Waiting for spinner to fully disappear...
2025-06-18 10:51:44 [main] INFO  a.pages.AccountsPage - ✅ Spinner disappeared.
2025-06-18 10:51:44 [main] INFO  a.pages.AccountsPage - ⏳ Waiting for spinner to fully disappear...
2025-06-18 10:51:54 [main] INFO  a.pages.AccountsPage - ✅ Spinner disappeared.
2025-06-18 10:52:14 [main] INFO  a.pages.AccountsPage - ✅ Accounts Tab Clicked
2025-06-18 10:52:14 [main] INFO  a.pages.AccountsPage - Waiting for data to load...
2025-06-18 10:52:14 [main] INFO  a.pages.AccountsPage - ⏳ Waiting for spinner to fully disappear...
2025-06-18 10:52:25 [main] INFO  a.pages.AccountsPage - ✅ Spinner disappeared.
2025-06-18 10:52:45 [main] INFO  a.pages.AccountsPage - ✅ Data load completed.
2025-06-18 10:52:45 [main] INFO  a.pages.AccountsPage - Scrolling to 'View Balance Components' button.
2025-06-18 10:52:45 [main] INFO  a.pages.AccountsPage - ⏳ Waiting for spinner to fully disappear...
2025-06-18 10:52:55 [main] INFO  a.pages.AccountsPage - ✅ Spinner disappeared.
2025-06-18 10:53:15 [main] INFO  a.pages.AccountsPage - ✅ Scrolled to 'View Balance Components' button.
2025-06-18 10:53:15 [main] INFO  a.pages.AccountsPage - Clicking 'View Balance Components' button.
2025-06-18 10:53:15 [main] INFO  a.pages.AccountsPage - ⏳ Waiting for spinner to fully disappear...
2025-06-18 10:53:26 [main] INFO  a.pages.AccountsPage - ✅ Spinner disappeared.
2025-06-18 10:53:26 [main] INFO  a.pages.AccountsPage - ⏳ Waiting for spinner to fully disappear...
2025-06-18 10:53:36 [main] INFO  a.pages.AccountsPage - ✅ Spinner disappeared.
2025-06-18 10:53:36 [main] INFO  a.pages.AccountsPage - ⏳ Waiting for spinner to fully disappear...
2025-06-18 10:53:55 [main] WARN  a.pages.AccountsPage - ⚠️ Spinner wait skipped or failed gracefully.
2025-06-18 10:53:55 [main] INFO  a.pages.AccountsPage - ⏳ Waiting for spinner to fully disappear...
2025-06-18 10:54:09 [main] INFO  a.pages.AccountsPage - ✅ Spinner disappeared.
2025-06-18 10:54:30 [main] INFO  a.pages.AccountsPage - ✅ View Balance modal opened.
2025-06-18 10:54:30 [main] INFO  a.pages.AccountsPage - Attempting to close balance modal.
2025-06-18 10:54:30 [main] INFO  a.pages.AccountsPage - ⏳ Waiting for spinner to fully disappear...
2025-06-18 10:54:40 [main] INFO  a.pages.AccountsPage - ✅ Spinner disappeared.
2025-06-18 10:54:40 [main] INFO  a.pages.AccountsPage - ⏳ Waiting for spinner to fully disappear...
2025-06-18 10:54:50 [main] INFO  a.pages.AccountsPage - ✅ Spinner disappeared.
2025-06-18 10:54:50 [main] INFO  a.pages.AccountsPage - ⏳ Waiting for spinner to fully disappear...
2025-06-18 10:55:01 [main] INFO  a.pages.AccountsPage - ✅ Spinner disappeared.
2025-06-18 10:55:01 [main] INFO  a.pages.AccountsPage - ✅ Balance modal closed.
2025-06-18 10:55:01 [main] INFO  a.pages.AccountsPage - ⏳ Waiting for spinner to fully disappear...
2025-06-18 10:55:11 [main] INFO  a.pages.AccountsPage - ✅ Spinner disappeared.
2025-06-18 10:55:31 [main] INFO  a.pages.AccountsPage - Initiating statement download for: 1 Month in format: PDF
2025-06-18 10:55:31 [main] INFO  a.pages.AccountsPage - 🔍 Checking if 'Detailed Statement' is visible.
2025-06-18 10:55:31 [main] INFO  a.pages.AccountsPage - ✅ 'Detailed Statement' is visible.
2025-06-18 10:55:31 [main] INFO  a.pages.AccountsPage - ⏳ Waiting for spinner to fully disappear...
2025-06-18 10:55:42 [main] INFO  a.pages.AccountsPage - ✅ Spinner disappeared.
2025-06-18 10:55:43 [main] WARN  a.pages.AccountsPage - ⚠️ Click intercepted attempt 1/3: element click intercepted: Element <span _ngcontent-ng-c1284850809="" class="text-blue-500 font-semibold">...</span> is not clickable at point (1423, 182). Other element would receive the click: <div class="ng-tns-c4033847114-18 p-dialog-mask p-component-overlay p-component-overlay-enter p-dialog-mask-scrollblocker p-component-overlay-leave" style="z-index: 11101;">...</div>
  (Session info: chrome=137.0.7151.104)
Build info: version: '4.20.0', revision: '866c76ca80'
System info: os.name: 'Windows 11', os.arch: 'amd64', os.version: '10.0', java.version: '17.0.12'
Driver info: org.openqa.selenium.chrome.ChromeDriver
Command: [188ad3312467a05bac3758683f45fb48, clickElement {id=f.C708D2FA2530BE984ABCAEA4D76C5001.d.782D1F75A98B54F2D7F7A3816829E6D9.e.176}]
Capabilities {acceptInsecureCerts: false, browserName: chrome, browserVersion: 137.0.7151.104, chrome: {chromedriverVersion: 137.0.7151.119 (e0ac9d12dff..., userDataDir: C:\Users\rajum\AppData\Loca...}, fedcm:accounts: true, goog:chromeOptions: {debuggerAddress: localhost:50793}, networkConnectionEnabled: false, pageLoadStrategy: normal, platformName: windows, proxy: Proxy(), se:cdp: ws://localhost:50793/devtoo..., se:cdpVersion: 137.0.7151.104, setWindowRect: true, strictFileInteractability: false, timeouts: {implicit: 0, pageLoad: 300000, script: 30000}, unhandledPromptBehavior: dismiss and notify, webauthn:extension:credBlob: true, webauthn:extension:largeBlob: true, webauthn:extension:minPinLength: true, webauthn:extension:prf: true, webauthn:virtualAuthenticators: true}
Element: [[ChromeDriver: chrome on windows (188ad3312467a05bac3758683f45fb48)] -> xpath: //span[contains(text(),'Detailed Statement')]]
Session ID: 188ad3312467a05bac3758683f45fb48
2025-06-18 10:55:43 [main] INFO  a.pages.AccountsPage - ⏳ Waiting for spinner to fully disappear...
2025-06-18 10:55:54 [main] INFO  a.pages.AccountsPage - ✅ Spinner disappeared.
2025-06-18 10:55:55 [main] WARN  a.pages.AccountsPage - ⚠️ Click intercepted attempt 2/3: element click intercepted: Element <span _ngcontent-ng-c1284850809="" class="text-blue-500 font-semibold">...</span> is not clickable at point (1423, 182). Other element would receive the click: <div class="ng-tns-c4033847114-18 p-dialog-mask p-component-overlay p-component-overlay-enter p-dialog-mask-scrollblocker p-component-overlay-leave" style="z-index: 11101;">...</div>
  (Session info: chrome=137.0.7151.104)
Build info: version: '4.20.0', revision: '866c76ca80'
System info: os.name: 'Windows 11', os.arch: 'amd64', os.version: '10.0', java.version: '17.0.12'
Driver info: org.openqa.selenium.chrome.ChromeDriver
Command: [188ad3312467a05bac3758683f45fb48, clickElement {id=f.C708D2FA2530BE984ABCAEA4D76C5001.d.782D1F75A98B54F2D7F7A3816829E6D9.e.176}]
Capabilities {acceptInsecureCerts: false, browserName: chrome, browserVersion: 137.0.7151.104, chrome: {chromedriverVersion: 137.0.7151.119 (e0ac9d12dff..., userDataDir: C:\Users\rajum\AppData\Loca...}, fedcm:accounts: true, goog:chromeOptions: {debuggerAddress: localhost:50793}, networkConnectionEnabled: false, pageLoadStrategy: normal, platformName: windows, proxy: Proxy(), se:cdp: ws://localhost:50793/devtoo..., se:cdpVersion: 137.0.7151.104, setWindowRect: true, strictFileInteractability: false, timeouts: {implicit: 0, pageLoad: 300000, script: 30000}, unhandledPromptBehavior: dismiss and notify, webauthn:extension:credBlob: true, webauthn:extension:largeBlob: true, webauthn:extension:minPinLength: true, webauthn:extension:prf: true, webauthn:virtualAuthenticators: true}
Element: [[ChromeDriver: chrome on windows (188ad3312467a05bac3758683f45fb48)] -> xpath: //span[contains(text(),'Detailed Statement')]]
Session ID: 188ad3312467a05bac3758683f45fb48
2025-06-18 10:55:55 [main] INFO  a.pages.AccountsPage - ⏳ Waiting for spinner to fully disappear...
2025-06-18 10:56:06 [main] INFO  a.pages.AccountsPage - ✅ Spinner disappeared.
2025-06-18 10:56:07 [main] WARN  a.pages.AccountsPage - ⚠️ Click intercepted attempt 3/3: element click intercepted: Element <span _ngcontent-ng-c1284850809="" class="text-blue-500 font-semibold">...</span> is not clickable at point (1423, 182). Other element would receive the click: <div class="ng-tns-c4033847114-18 p-dialog-mask p-component-overlay p-component-overlay-enter p-dialog-mask-scrollblocker p-component-overlay-leave" style="z-index: 11101;">...</div>
  (Session info: chrome=137.0.7151.104)
Build info: version: '4.20.0', revision: '866c76ca80'
System info: os.name: 'Windows 11', os.arch: 'amd64', os.version: '10.0', java.version: '17.0.12'
Driver info: org.openqa.selenium.chrome.ChromeDriver
Command: [188ad3312467a05bac3758683f45fb48, clickElement {id=f.C708D2FA2530BE984ABCAEA4D76C5001.d.782D1F75A98B54F2D7F7A3816829E6D9.e.176}]
Capabilities {acceptInsecureCerts: false, browserName: chrome, browserVersion: 137.0.7151.104, chrome: {chromedriverVersion: 137.0.7151.119 (e0ac9d12dff..., userDataDir: C:\Users\rajum\AppData\Loca...}, fedcm:accounts: true, goog:chromeOptions: {debuggerAddress: localhost:50793}, networkConnectionEnabled: false, pageLoadStrategy: normal, platformName: windows, proxy: Proxy(), se:cdp: ws://localhost:50793/devtoo..., se:cdpVersion: 137.0.7151.104, setWindowRect: true, strictFileInteractability: false, timeouts: {implicit: 0, pageLoad: 300000, script: 30000}, unhandledPromptBehavior: dismiss and notify, webauthn:extension:credBlob: true, webauthn:extension:largeBlob: true, webauthn:extension:minPinLength: true, webauthn:extension:prf: true, webauthn:virtualAuthenticators: true}
Element: [[ChromeDriver: chrome on windows (188ad3312467a05bac3758683f45fb48)] -> xpath: //span[contains(text(),'Detailed Statement')]]
Session ID: 188ad3312467a05bac3758683f45fb48
2025-06-18 10:56:08 [main] ERROR a.pages.AccountsPage - ❌ Error downloading 1 Month statement: ❌ Click failed after 3 attempts: By.xpath: //span[contains(text(),'Detailed Statement')]
2025-06-18 10:56:08 [main] INFO  a.pages.AccountsPage - Initiating statement download for: 3 Months in format: PDF
2025-06-18 10:56:08 [main] INFO  a.pages.AccountsPage - 🔍 Checking if 'Detailed Statement' is visible.
2025-06-18 10:56:08 [main] INFO  a.pages.AccountsPage - ✅ 'Detailed Statement' is visible.
2025-06-18 10:56:08 [main] INFO  a.pages.AccountsPage - ⏳ Waiting for spinner to fully disappear...
2025-06-18 10:56:18 [main] INFO  a.pages.AccountsPage - ✅ Spinner disappeared.
2025-06-18 10:56:18 [main] INFO  a.pages.AccountsPage - ⏳ Waiting for spinner to fully disappear...
2025-06-18 10:56:19 [main] INFO  a.pages.AccountsPage - ✅ Spinner disappeared.
2025-06-18 10:56:19 [main] INFO  a.pages.AccountsPage - ⏳ Waiting for spinner to fully disappear...
2025-06-18 10:56:33 [main] INFO  a.pages.AccountsPage - ✅ Spinner disappeared.
2025-06-18 10:56:33 [main] ERROR a.pages.AccountsPage - ❌ [503 Error] Service is currently unavailable.
2025-06-18 10:56:33 [main] ERROR a.pages.AccountsPage - ❌ Error Detection Triggered: 503 Service Unavailable
2025-06-18 10:56:33 [main] ERROR a.pages.AccountsPage - ❌ Error downloading 3 Months statement: 503 Service Unavailable
2025-06-18 10:56:33 [main] INFO  a.pages.AccountsPage - Initiating statement download for: 1 Month in format: XLS
2025-06-18 10:56:33 [main] INFO  a.pages.AccountsPage - 🔍 Checking if 'Detailed Statement' is visible.
2025-06-18 10:56:38 [main] WARN  a.pages.AccountsPage - ⚠️ 'Detailed Statement' not visible. Clicking Accounts Tab first.
2025-06-18 10:56:38 [main] INFO  a.pages.AccountsPage - ⏳ Waiting for spinner to fully disappear...
2025-06-18 10:56:49 [main] INFO  a.pages.AccountsPage - ✅ Spinner disappeared.
2025-06-18 10:57:05 [main] WARN  a.pages.AccountsPage - ⚠️ Click failed attempt 1/3: Expected condition failed: waiting for element to be clickable: By.xpath: //span[@class='p-menuitem-text' and text()='Accounts'] (tried for 15 second(s) with 500 milliseconds interval)
Build info: version: '4.20.0', revision: '866c76ca80'
System info: os.name: 'Windows 11', os.arch: 'amd64', os.version: '10.0', java.version: '17.0.12'
Driver info: org.openqa.selenium.chrome.ChromeDriver
Capabilities {acceptInsecureCerts: false, browserName: chrome, browserVersion: 137.0.7151.104, chrome: {chromedriverVersion: 137.0.7151.119 (e0ac9d12dff..., userDataDir: C:\Users\rajum\AppData\Loca...}, fedcm:accounts: true, goog:chromeOptions: {debuggerAddress: localhost:50793}, networkConnectionEnabled: false, pageLoadStrategy: normal, platformName: windows, proxy: Proxy(), se:cdp: ws://localhost:50793/devtoo..., se:cdpVersion: 137.0.7151.104, setWindowRect: true, strictFileInteractability: false, timeouts: {implicit: 0, pageLoad: 300000, script: 30000}, unhandledPromptBehavior: dismiss and notify, webauthn:extension:credBlob: true, webauthn:extension:largeBlob: true, webauthn:extension:minPinLength: true, webauthn:extension:prf: true, webauthn:virtualAuthenticators: true}
Session ID: 188ad3312467a05bac3758683f45fb48
2025-06-18 10:57:05 [main] INFO  a.pages.AccountsPage - ⏳ Waiting for spinner to fully disappear...
2025-06-18 10:57:16 [main] INFO  a.pages.AccountsPage - ✅ Spinner disappeared.
