2025-06-18 12:29:33 [main] INFO  org.testng.internal.Utils - [Utils] MethodGroupsHelper.collectMethodsByGroup() took 1 ms.
2025-06-18 12:29:33 [main] INFO  org.testng.internal.Utils - [Utils] MethodGroupsHelper.sortMethods() took 2 ms.
2025-06-18 12:29:33 [main] INFO  org.testng.internal.Utils - [Utils] MethodGroupsHelper.collectMethodsByGroup() took 0 ms.
2025-06-18 12:29:33 [main] INFO  org.testng.internal.Utils - [Utils] MethodGroupsHelper.sortMethods() took 0 ms.
2025-06-18 12:29:33 [main] INFO  org.testng.internal.Utils - [Utils] MethodGroupsHelper.collectMethodsByGroup() took 0 ms.
2025-06-18 12:29:33 [main] INFO  org.testng.internal.Utils - [Utils] MethodGroupsHelper.sortMethods() took 0 ms.
2025-06-18 12:29:33 [main] INFO  org.testng.internal.Utils - [Utils] MethodGroupsHelper.collectMethodsByGroup() took 0 ms.
2025-06-18 12:29:33 [main] INFO  org.testng.internal.Utils - [Utils] MethodGroupsHelper.sortMethods() took 0 ms.
2025-06-18 12:29:33 [main] INFO  org.testng.internal.Utils - [Utils] MethodGroupsHelper.collectMethodsByGroup() took 6 ms.
2025-06-18 12:29:33 [main] INFO  org.testng.internal.Utils - [Utils] MethodGroupsHelper.sortMethods() took 20 ms.
2025-06-18 12:29:33 [main] INFO  org.testng.internal.Utils - [Utils] MethodGroupsHelper.collectMethodsByGroup() took 0 ms.
2025-06-18 12:29:33 [main] INFO  org.testng.internal.Utils - [Utils] MethodGroupsHelper.sortMethods() took 1 ms.
2025-06-18 12:29:33 [main] INFO  org.testng.internal.Utils - [Utils] MethodGroupsHelper.collectMethodsByGroup() took 0 ms.
2025-06-18 12:29:33 [main] INFO  org.testng.internal.Utils - [Utils] MethodGroupsHelper.sortMethods() took 0 ms.
2025-06-18 12:29:33 [main] INFO  org.testng.internal.Utils - [Utils] MethodGroupsHelper.collectMethodsByGroup() took 0 ms.
2025-06-18 12:29:33 [main] INFO  org.testng.internal.Utils - [Utils] MethodGroupsHelper.sortMethods() took 0 ms.
2025-06-18 12:29:33 [main] INFO  org.testng.internal.Utils - [Utils] MethodGroupsHelper.collectMethodsByGroup() took 0 ms.
2025-06-18 12:29:33 [main] INFO  org.testng.internal.Utils - [Utils] MethodGroupsHelper.sortMethods() took 0 ms.
2025-06-18 12:29:33 [main] INFO  org.testng.internal.Utils - [Utils] MethodGroupsHelper.collectMethodsByGroup() took 1 ms.
2025-06-18 12:29:33 [main] INFO  org.testng.internal.Utils - [Utils] MethodGroupsHelper.sortMethods() took 1 ms.
2025-06-18 12:29:33 [main] INFO  org.testng.internal.Utils - [Utils] MethodGroupsHelper.collectMethodsByGroup() took 0 ms.
2025-06-18 12:29:33 [main] INFO  org.testng.internal.Utils - [Utils] MethodGroupsHelper.sortMethods() took 0 ms.
2025-06-18 12:29:33 [main] INFO  org.testng.internal.Utils - [Utils] MethodGroupsHelper.collectMethodsByGroup() took 0 ms.
2025-06-18 12:29:33 [main] INFO  org.testng.internal.Utils - [Utils] MethodGroupsHelper.sortMethods() took 0 ms.
2025-06-18 12:29:33 [main] INFO  org.testng.internal.Utils - [Utils] MethodGroupsHelper.collectMethodsByGroup() took 0 ms.
2025-06-18 12:29:33 [main] INFO  org.testng.internal.Utils - [Utils] MethodGroupsHelper.sortMethods() took 0 ms.
2025-06-18 12:29:33 [main] INFO  org.testng.internal.Utils - [Utils] MethodGroupsHelper.collectMethodsByGroup() took 0 ms.
2025-06-18 12:29:33 [main] INFO  org.testng.internal.Utils - [Utils] MethodGroupsHelper.sortMethods() took 0 ms.
2025-06-18 12:29:33 [main] INFO  org.testng.internal.Utils - [Utils] MethodGroupsHelper.collectMethodsByGroup() took 0 ms.
2025-06-18 12:29:33 [main] INFO  org.testng.internal.Utils - [Utils] MethodGroupsHelper.sortMethods() took 0 ms.
2025-06-18 12:29:33 [main] INFO  org.testng.internal.Utils - [TestNG] Running:
  C:\Users\rajum\AppData\Local\Temp\testng-eclipse--656661966\testng-customsuite.xml

2025-06-18 12:29:33 [main] INFO  org.testng.internal.Utils - [Utils] DynamicGraphHelper.createDynamicGraph() took 6 ms.
2025-06-18 12:29:33 [main] INFO  automationFramework.utils.LoggerUtil - 🔧 Launching browser and loading properties...
2025-06-18 12:29:34 [main] INFO  i.g.bonigarcia.wdm.WebDriverManager - Using chromedriver 137.0.7151.119 (resolved driver for Chrome 137)
2025-06-18 12:29:34 [main] INFO  i.g.bonigarcia.wdm.WebDriverManager - Exporting webdriver.chrome.driver as C:\Users\rajum\.cache\selenium\chromedriver\win64\137.0.7151.119\chromedriver.exe
2025-06-18 12:29:36 [main] INFO  automationFramework.pages.LoginPage - ✅ Captcha wait time loaded: 10 seconds
2025-06-18 12:29:40 [main] INFO  automationFramework.pages.LoginPage - 🟦 Navigated to URL: https://uatnet.svcbank.com/ReachSVCInet/SVC-web/inet/netbanking
2025-06-18 12:29:40 [main] INFO  automationFramework.pages.LoginPage - ✅ Entered username: TEST001
2025-06-18 12:29:40 [main] INFO  automationFramework.pages.LoginPage - ⏳ Waiting for manual captcha input (10 seconds)
2025-06-18 12:29:51 [main] INFO  automationFramework.pages.LoginPage - ✅ Clicked first Login button
2025-06-18 12:29:51 [main] INFO  automationFramework.pages.LoginPage - ✅ Entered password
2025-06-18 12:29:51 [main] INFO  automationFramework.pages.LoginPage - ✅ Clicked final Login button
2025-06-18 12:29:55 [main] INFO  automationFramework.pages.LoginPage - 🎉 Login successful for user: TEST001
2025-06-18 12:29:55 [main] INFO  automationFramework.utils.LoggerUtil - ✅ Setup complete.
2025-06-18 12:29:55 [main] INFO  automationFramework.utils.LoggerUtil - 📍 Navigating to Manage SMS...
2025-06-18 12:29:55 [main] INFO  a.pages.ServicesPage - 🔄 Navigating to Services > Manage SMS...
2025-06-18 12:29:55 [main] INFO  a.pages.ServicesPage - ⏳ Waiting for spinner to fully disappear...
2025-06-18 12:30:09 [main] INFO  a.pages.ServicesPage - ✅ Spinner disappeared.
2025-06-18 12:30:09 [main] INFO  a.pages.ServicesPage - ⏳ Waiting for any dialog/overlay to disappear...
2025-06-18 12:30:15 [main] INFO  a.pages.ServicesPage - Overlay count found: 0
2025-06-18 12:30:15 [main] INFO  a.pages.ServicesPage - ✅ Overlay/dialog disappeared.
2025-06-18 12:30:15 [main] INFO  a.pages.ServicesPage - ⏳ Waiting for spinner to fully disappear...
2025-06-18 12:30:32 [main] WARN  a.pages.ServicesPage - ⚠️ Spinner wait skipped or failed gracefully.
2025-06-18 12:30:32 [main] INFO  a.pages.ServicesPage - ⏳ Waiting for any dialog/overlay to disappear...
2025-06-18 12:30:37 [main] INFO  a.pages.ServicesPage - Overlay count found: 0
2025-06-18 12:30:38 [main] INFO  a.pages.ServicesPage - ✅ Overlay/dialog disappeared.
2025-06-18 12:30:38 [main] INFO  a.pages.ServicesPage - ⏳ Waiting for spinner to fully disappear...
2025-06-18 12:30:53 [main] INFO  a.pages.ServicesPage - ✅ Spinner disappeared.
2025-06-18 12:30:53 [main] INFO  a.pages.ServicesPage - ⏳ Waiting for any dialog/overlay to disappear...
2025-06-18 12:30:58 [main] INFO  a.pages.ServicesPage - Overlay count found: 0
2025-06-18 12:30:58 [main] INFO  a.pages.ServicesPage - ✅ Overlay/dialog disappeared.
2025-06-18 12:30:59 [main] INFO  a.pages.ServicesPage - ⏳ Waiting for spinner to fully disappear...
2025-06-18 12:31:15 [main] WARN  a.pages.ServicesPage - ⚠️ Spinner wait skipped or failed gracefully.
2025-06-18 12:31:15 [main] INFO  a.pages.ServicesPage - ⏳ Waiting for any dialog/overlay to disappear...
2025-06-18 12:31:15 [main] INFO  a.pages.ServicesPage - Overlay count found: 1
2025-06-18 12:31:15 [main] INFO  a.pages.ServicesPage - Overlay displayed? true
2025-06-18 12:31:15 [main] INFO  a.pages.ServicesPage - Overlay count found: 1
2025-06-18 12:31:15 [main] INFO  a.pages.ServicesPage - Overlay displayed? true
2025-06-18 12:31:16 [main] INFO  a.pages.ServicesPage - Overlay count found: 1
2025-06-18 12:31:16 [main] INFO  a.pages.ServicesPage - Overlay displayed? true
2025-06-18 12:31:16 [main] INFO  a.pages.ServicesPage - Overlay count found: 1
2025-06-18 12:31:16 [main] INFO  a.pages.ServicesPage - Overlay displayed? true
2025-06-18 12:31:17 [main] INFO  a.pages.ServicesPage - Overlay count found: 1
2025-06-18 12:31:17 [main] INFO  a.pages.ServicesPage - Overlay displayed? true
2025-06-18 12:31:17 [main] INFO  a.pages.ServicesPage - Overlay count found: 1
2025-06-18 12:31:17 [main] INFO  a.pages.ServicesPage - Overlay displayed? true
2025-06-18 12:31:18 [main] INFO  a.pages.ServicesPage - Overlay count found: 1
2025-06-18 12:31:18 [main] INFO  a.pages.ServicesPage - Overlay displayed? true
2025-06-18 12:31:19 [main] INFO  a.pages.ServicesPage - Overlay count found: 1
2025-06-18 12:31:19 [main] INFO  a.pages.ServicesPage - Overlay displayed? true
2025-06-18 12:31:19 [main] INFO  a.pages.ServicesPage - Overlay count found: 1
2025-06-18 12:31:19 [main] INFO  a.pages.ServicesPage - Overlay displayed? true
2025-06-18 12:31:20 [main] INFO  a.pages.ServicesPage - Overlay count found: 1
2025-06-18 12:31:20 [main] INFO  a.pages.ServicesPage - Overlay displayed? true
2025-06-18 12:31:20 [main] INFO  a.pages.ServicesPage - Overlay count found: 1
2025-06-18 12:31:20 [main] INFO  a.pages.ServicesPage - Overlay displayed? true
2025-06-18 12:31:21 [main] INFO  a.pages.ServicesPage - Overlay count found: 1
2025-06-18 12:31:21 [main] INFO  a.pages.ServicesPage - Overlay displayed? true
2025-06-18 12:31:21 [main] INFO  a.pages.ServicesPage - Overlay count found: 1
2025-06-18 12:31:21 [main] INFO  a.pages.ServicesPage - Overlay displayed? true
2025-06-18 12:31:22 [main] INFO  a.pages.ServicesPage - Overlay count found: 1
2025-06-18 12:31:22 [main] INFO  a.pages.ServicesPage - Overlay displayed? true
2025-06-18 12:31:22 [main] INFO  a.pages.ServicesPage - Overlay count found: 1
2025-06-18 12:31:22 [main] INFO  a.pages.ServicesPage - Overlay displayed? true
2025-06-18 12:31:23 [main] INFO  a.pages.ServicesPage - Overlay count found: 1
2025-06-18 12:31:23 [main] INFO  a.pages.ServicesPage - Overlay displayed? true
2025-06-18 12:31:23 [main] INFO  a.pages.ServicesPage - Overlay count found: 1
2025-06-18 12:31:23 [main] INFO  a.pages.ServicesPage - Overlay displayed? true
2025-06-18 12:31:24 [main] INFO  a.pages.ServicesPage - Overlay count found: 1
2025-06-18 12:31:24 [main] INFO  a.pages.ServicesPage - Overlay displayed? true
2025-06-18 12:31:24 [main] INFO  a.pages.ServicesPage - Overlay count found: 1
2025-06-18 12:31:24 [main] INFO  a.pages.ServicesPage - Overlay displayed? true
2025-06-18 12:31:25 [main] INFO  a.pages.ServicesPage - Overlay count found: 1
2025-06-18 12:31:25 [main] INFO  a.pages.ServicesPage - Overlay displayed? true
2025-06-18 12:31:26 [main] INFO  a.pages.ServicesPage - Overlay count found: 1
2025-06-18 12:31:26 [main] INFO  a.pages.ServicesPage - Overlay displayed? true
2025-06-18 12:31:26 [main] INFO  a.pages.ServicesPage - Overlay count found: 1
2025-06-18 12:31:26 [main] INFO  a.pages.ServicesPage - Overlay displayed? true
2025-06-18 12:31:27 [main] INFO  a.pages.ServicesPage - Overlay count found: 1
2025-06-18 12:31:27 [main] INFO  a.pages.ServicesPage - Overlay displayed? true
2025-06-18 12:31:27 [main] INFO  a.pages.ServicesPage - Overlay count found: 1
2025-06-18 12:31:27 [main] INFO  a.pages.ServicesPage - Overlay displayed? true
2025-06-18 12:31:28 [main] INFO  a.pages.ServicesPage - Overlay count found: 1
2025-06-18 12:31:28 [main] INFO  a.pages.ServicesPage - Overlay displayed? true
2025-06-18 12:31:28 [main] INFO  a.pages.ServicesPage - Overlay count found: 1
2025-06-18 12:31:28 [main] INFO  a.pages.ServicesPage - Overlay displayed? true
2025-06-18 12:31:29 [main] INFO  a.pages.ServicesPage - Overlay count found: 1
2025-06-18 12:31:29 [main] INFO  a.pages.ServicesPage - Overlay displayed? true
2025-06-18 12:31:29 [main] INFO  a.pages.ServicesPage - Overlay count found: 1
2025-06-18 12:31:29 [main] INFO  a.pages.ServicesPage - Overlay displayed? true
2025-06-18 12:31:30 [main] INFO  a.pages.ServicesPage - Overlay count found: 1
2025-06-18 12:31:30 [main] INFO  a.pages.ServicesPage - Overlay displayed? true
2025-06-18 12:31:30 [main] WARN  a.pages.ServicesPage - ⚠️ Overlay wait skipped or failed: Expected condition failed: waiting for automationFramework.pages.BasePage$$Lambda$698/0x000002b5812d9f38@1c61eda5 (tried for 15 second(s) with 500 milliseconds interval)
Build info: version: '4.20.0', revision: '866c76ca80'
System info: os.name: 'Windows 11', os.arch: 'amd64', os.version: '10.0', java.version: '17.0.12'
Driver info: org.openqa.selenium.chrome.ChromeDriver
Capabilities {acceptInsecureCerts: false, browserName: chrome, browserVersion: 137.0.7151.104, chrome: {chromedriverVersion: 137.0.7151.119 (e0ac9d12dff..., userDataDir: C:\Users\rajum\AppData\Loca...}, fedcm:accounts: true, goog:chromeOptions: {debuggerAddress: localhost:53584}, networkConnectionEnabled: false, pageLoadStrategy: normal, platformName: windows, proxy: Proxy(), se:cdp: ws://localhost:53584/devtoo..., se:cdpVersion: 137.0.7151.104, setWindowRect: true, strictFileInteractability: false, timeouts: {implicit: 0, pageLoad: 300000, script: 30000}, unhandledPromptBehavior: dismiss and notify, webauthn:extension:credBlob: true, webauthn:extension:largeBlob: true, webauthn:extension:minPinLength: true, webauthn:extension:prf: true, webauthn:virtualAuthenticators: true}
Session ID: 7a0f715e002e7bd371c40219703c2b5e
2025-06-18 12:31:30 [main] INFO  a.pages.ServicesPage - ✅ Reached Manage SMS section.
2025-06-18 12:31:30 [main] INFO  automationFramework.utils.LoggerUtil - 📍 Selecting random account...
2025-06-18 12:31:30 [main] INFO  a.pages.ServicesPage - 🔄 Selecting a random account from dropdown...
2025-06-18 12:31:30 [main] INFO  a.pages.ServicesPage - ⏳ Waiting for spinner to fully disappear...
2025-06-18 12:31:40 [main] INFO  a.pages.ServicesPage - ✅ Spinner disappeared.
2025-06-18 12:31:40 [main] INFO  a.pages.ServicesPage - ⏳ Waiting for any dialog/overlay to disappear...
2025-06-18 12:31:40 [main] INFO  a.pages.ServicesPage - Overlay count found: 1
2025-06-18 12:31:40 [main] INFO  a.pages.ServicesPage - Overlay displayed? true
2025-06-18 12:31:41 [main] INFO  a.pages.ServicesPage - Overlay count found: 1
2025-06-18 12:31:41 [main] INFO  a.pages.ServicesPage - Overlay displayed? true
2025-06-18 12:31:41 [main] INFO  a.pages.ServicesPage - Overlay count found: 1
2025-06-18 12:31:41 [main] INFO  a.pages.ServicesPage - Overlay displayed? true
2025-06-18 12:31:42 [main] INFO  a.pages.ServicesPage - Overlay count found: 1
2025-06-18 12:31:42 [main] INFO  a.pages.ServicesPage - Overlay displayed? true
2025-06-18 12:31:42 [main] INFO  a.pages.ServicesPage - Overlay count found: 1
2025-06-18 12:31:42 [main] INFO  a.pages.ServicesPage - Overlay displayed? true
2025-06-18 12:31:43 [main] INFO  a.pages.ServicesPage - Overlay count found: 1
2025-06-18 12:31:43 [main] INFO  a.pages.ServicesPage - Overlay displayed? true
2025-06-18 12:31:44 [main] INFO  a.pages.ServicesPage - Overlay count found: 1
2025-06-18 12:31:44 [main] INFO  a.pages.ServicesPage - Overlay displayed? true
2025-06-18 12:31:44 [main] INFO  a.pages.ServicesPage - Overlay count found: 1
2025-06-18 12:31:44 [main] INFO  a.pages.ServicesPage - Overlay displayed? true
2025-06-18 12:31:45 [main] INFO  a.pages.ServicesPage - Overlay count found: 1
2025-06-18 12:31:45 [main] INFO  a.pages.ServicesPage - Overlay displayed? true
2025-06-18 12:31:45 [main] INFO  a.pages.ServicesPage - Overlay count found: 1
2025-06-18 12:31:45 [main] INFO  a.pages.ServicesPage - Overlay displayed? true
2025-06-18 12:31:46 [main] INFO  a.pages.ServicesPage - Overlay count found: 1
2025-06-18 12:31:46 [main] INFO  a.pages.ServicesPage - Overlay displayed? true
2025-06-18 12:31:46 [main] INFO  a.pages.ServicesPage - Overlay count found: 1
2025-06-18 12:31:46 [main] INFO  a.pages.ServicesPage - Overlay displayed? true
2025-06-18 12:31:47 [main] INFO  a.pages.ServicesPage - Overlay count found: 1
2025-06-18 12:31:47 [main] INFO  a.pages.ServicesPage - Overlay displayed? true
2025-06-18 12:31:47 [main] INFO  a.pages.ServicesPage - Overlay count found: 1
2025-06-18 12:31:47 [main] INFO  a.pages.ServicesPage - Overlay displayed? true
2025-06-18 12:31:48 [main] INFO  a.pages.ServicesPage - Overlay count found: 1
2025-06-18 12:31:48 [main] INFO  a.pages.ServicesPage - Overlay displayed? true
2025-06-18 12:31:48 [main] INFO  a.pages.ServicesPage - Overlay count found: 1
2025-06-18 12:31:48 [main] INFO  a.pages.ServicesPage - Overlay displayed? true
2025-06-18 12:31:49 [main] INFO  a.pages.ServicesPage - Overlay count found: 1
2025-06-18 12:31:49 [main] INFO  a.pages.ServicesPage - Overlay displayed? true
2025-06-18 12:31:49 [main] INFO  a.pages.ServicesPage - Overlay count found: 1
2025-06-18 12:31:49 [main] INFO  a.pages.ServicesPage - Overlay displayed? true
2025-06-18 12:31:50 [main] INFO  a.pages.ServicesPage - Overlay count found: 1
2025-06-18 12:31:50 [main] INFO  a.pages.ServicesPage - Overlay displayed? true
2025-06-18 12:31:51 [main] INFO  a.pages.ServicesPage - Overlay count found: 1
2025-06-18 12:31:51 [main] INFO  a.pages.ServicesPage - Overlay displayed? true
2025-06-18 12:31:51 [main] INFO  a.pages.ServicesPage - Overlay count found: 1
2025-06-18 12:31:51 [main] INFO  a.pages.ServicesPage - Overlay displayed? true
2025-06-18 12:31:52 [main] INFO  a.pages.ServicesPage - Overlay count found: 1
2025-06-18 12:31:52 [main] INFO  a.pages.ServicesPage - Overlay displayed? true
2025-06-18 12:31:52 [main] INFO  a.pages.ServicesPage - Overlay count found: 1
2025-06-18 12:31:52 [main] INFO  a.pages.ServicesPage - Overlay displayed? true
2025-06-18 12:31:53 [main] INFO  a.pages.ServicesPage - Overlay count found: 1
2025-06-18 12:31:53 [main] INFO  a.pages.ServicesPage - Overlay displayed? true
2025-06-18 12:31:53 [main] INFO  a.pages.ServicesPage - Overlay count found: 1
2025-06-18 12:31:53 [main] INFO  a.pages.ServicesPage - Overlay displayed? true
2025-06-18 12:31:54 [main] INFO  a.pages.ServicesPage - Overlay count found: 1
2025-06-18 12:31:54 [main] INFO  a.pages.ServicesPage - Overlay displayed? true
2025-06-18 12:31:54 [main] INFO  a.pages.ServicesPage - Overlay count found: 1
2025-06-18 12:31:54 [main] INFO  a.pages.ServicesPage - Overlay displayed? true
2025-06-18 12:31:55 [main] INFO  a.pages.ServicesPage - Overlay count found: 1
2025-06-18 12:31:55 [main] INFO  a.pages.ServicesPage - Overlay displayed? true
2025-06-18 12:31:55 [main] INFO  a.pages.ServicesPage - Overlay count found: 1
2025-06-18 12:31:55 [main] INFO  a.pages.ServicesPage - Overlay displayed? true
2025-06-18 12:31:55 [main] WARN  a.pages.ServicesPage - ⚠️ Overlay wait skipped or failed: Expected condition failed: waiting for automationFramework.pages.BasePage$$Lambda$698/0x000002b5812d9f38@51ac12ac (tried for 15 second(s) with 500 milliseconds interval)
Build info: version: '4.20.0', revision: '866c76ca80'
System info: os.name: 'Windows 11', os.arch: 'amd64', os.version: '10.0', java.version: '17.0.12'
Driver info: org.openqa.selenium.chrome.ChromeDriver
Capabilities {acceptInsecureCerts: false, browserName: chrome, browserVersion: 137.0.7151.104, chrome: {chromedriverVersion: 137.0.7151.119 (e0ac9d12dff..., userDataDir: C:\Users\rajum\AppData\Loca...}, fedcm:accounts: true, goog:chromeOptions: {debuggerAddress: localhost:53584}, networkConnectionEnabled: false, pageLoadStrategy: normal, platformName: windows, proxy: Proxy(), se:cdp: ws://localhost:53584/devtoo..., se:cdpVersion: 137.0.7151.104, setWindowRect: true, strictFileInteractability: false, timeouts: {implicit: 0, pageLoad: 300000, script: 30000}, unhandledPromptBehavior: dismiss and notify, webauthn:extension:credBlob: true, webauthn:extension:largeBlob: true, webauthn:extension:minPinLength: true, webauthn:extension:prf: true, webauthn:virtualAuthenticators: true}
Session ID: 7a0f715e002e7bd371c40219703c2b5e
2025-06-18 12:31:55 [main] INFO  a.pages.ServicesPage - ⏳ Waiting for spinner to fully disappear...
2025-06-18 12:32:06 [main] INFO  a.pages.ServicesPage - ✅ Spinner disappeared.
2025-06-18 12:32:06 [main] WARN  a.pages.ServicesPage - ⚠️ Forced hidden 1 overlay(s) using JS due to hang.
2025-06-18 12:32:06 [main] INFO  a.pages.ServicesPage - ⏳ Waiting for any dialog/overlay to disappear...
2025-06-18 12:32:06 [main] INFO  a.pages.ServicesPage - Overlay count found: 1
2025-06-18 12:32:06 [main] INFO  a.pages.ServicesPage - Overlay displayed? false
2025-06-18 12:32:06 [main] INFO  a.pages.ServicesPage - ✅ Overlay/dialog disappeared.
2025-06-18 12:32:06 [main] INFO  a.pages.ServicesPage - ⏳ Waiting for spinner to fully disappear...
2025-06-18 12:32:17 [main] INFO  a.pages.ServicesPage - ✅ Spinner disappeared.
2025-06-18 12:32:17 [main] INFO  a.pages.ServicesPage - ⏳ Waiting for any dialog/overlay to disappear...
2025-06-18 12:32:17 [main] INFO  a.pages.ServicesPage - Overlay count found: 1
2025-06-18 12:32:17 [main] INFO  a.pages.ServicesPage - Overlay displayed? false
2025-06-18 12:32:17 [main] INFO  a.pages.ServicesPage - ✅ Overlay/dialog disappeared.
2025-06-18 12:32:33 [main] ERROR automationFramework.utils.LoggerUtil - ❌ Exception in testManageSMSFlow: 
org.openqa.selenium.TimeoutException: Expected condition failed: waiting for presence of any elements located by By.xpath: //p-dropdownitem (tried for 15 second(s) with 500 milliseconds interval)
Build info: version: '4.20.0', revision: '866c76ca80'
System info: os.name: 'Windows 11', os.arch: 'amd64', os.version: '10.0', java.version: '17.0.12'
Driver info: org.openqa.selenium.chrome.ChromeDriver
Capabilities {acceptInsecureCerts: false, browserName: chrome, browserVersion: 137.0.7151.104, chrome: {chromedriverVersion: 137.0.7151.119 (e0ac9d12dff..., userDataDir: C:\Users\rajum\AppData\Loca...}, fedcm:accounts: true, goog:chromeOptions: {debuggerAddress: localhost:53584}, networkConnectionEnabled: false, pageLoadStrategy: normal, platformName: windows, proxy: Proxy(), se:cdp: ws://localhost:53584/devtoo..., se:cdpVersion: 137.0.7151.104, setWindowRect: true, strictFileInteractability: false, timeouts: {implicit: 0, pageLoad: 300000, script: 30000}, unhandledPromptBehavior: dismiss and notify, webauthn:extension:credBlob: true, webauthn:extension:largeBlob: true, webauthn:extension:minPinLength: true, webauthn:extension:prf: true, webauthn:virtualAuthenticators: true}
Session ID: 7a0f715e002e7bd371c40219703c2b5e
	at org.openqa.selenium.support.ui.WebDriverWait.timeoutException(WebDriverWait.java:84)
	at org.openqa.selenium.support.ui.FluentWait.until(FluentWait.java:228)
	at automationFramework.pages.BasePage.findElements(BasePage.java:273)
	at automationFramework.pages.ServicesPage.selectRandomAccountFromDropdown(ServicesPage.java:46)
	at automationFramework.tests.ServicesTestNG.testManageSMSFlow(ServicesTestNG.java:68)
	at java.base/jdk.internal.reflect.NativeMethodAccessorImpl.invoke0(Native Method)
	at java.base/jdk.internal.reflect.NativeMethodAccessorImpl.invoke(NativeMethodAccessorImpl.java:77)
	at java.base/jdk.internal.reflect.DelegatingMethodAccessorImpl.invoke(DelegatingMethodAccessorImpl.java:43)
	at java.base/java.lang.reflect.Method.invoke(Method.java:568)
	at org.testng.internal.invokers.MethodInvocationHelper.invokeMethod(MethodInvocationHelper.java:141)
	at org.testng.internal.invokers.TestInvoker.invokeMethod(TestInvoker.java:687)
	at org.testng.internal.invokers.TestInvoker.invokeTestMethod(TestInvoker.java:230)
	at org.testng.internal.invokers.MethodRunner.runInSequence(MethodRunner.java:63)
	at org.testng.internal.invokers.TestInvoker$MethodInvocationAgent.invoke(TestInvoker.java:995)
	at org.testng.internal.invokers.TestInvoker.invokeTestMethods(TestInvoker.java:203)
	at org.testng.internal.invokers.TestMethodWorker.invokeTestMethods(TestMethodWorker.java:154)
	at org.testng.internal.invokers.TestMethodWorker.run(TestMethodWorker.java:134)
	at java.base/java.util.ArrayList.forEach(ArrayList.java:1511)
	at org.testng.TestRunner.privateRun(TestRunner.java:741)
	at org.testng.TestRunner.run(TestRunner.java:616)
	at org.testng.SuiteRunner.runTest(SuiteRunner.java:421)
	at org.testng.SuiteRunner.runSequentially(SuiteRunner.java:413)
	at org.testng.SuiteRunner.privateRun(SuiteRunner.java:373)
	at org.testng.SuiteRunner.run(SuiteRunner.java:312)
	at org.testng.SuiteRunnerWorker.runSuite(SuiteRunnerWorker.java:52)
	at org.testng.SuiteRunnerWorker.run(SuiteRunnerWorker.java:95)
	at org.testng.TestNG.runSuitesSequentially(TestNG.java:1274)
	at org.testng.TestNG.runSuitesLocally(TestNG.java:1208)
	at org.testng.TestNG.runSuites(TestNG.java:1112)
	at org.testng.TestNG.run(TestNG.java:1079)
	at org.testng.remote.AbstractRemoteTestNG.run(AbstractRemoteTestNG.java:115)
	at org.testng.remote.RemoteTestNG.initAndRun(RemoteTestNG.java:293)
	at org.testng.remote.RemoteTestNG.main(RemoteTestNG.java:91)
2025-06-18 12:32:33 [main] INFO  automationFramework.utils.LoggerUtil - 🧹 Finalizing report...
2025-06-18 12:32:34 [main] INFO  automationFramework.utils.LoggerUtil - 📧 Sending report via email...
2025-06-18 12:32:39 [main] INFO  automationFramework.utils.LoggerUtil - 🛑 Browser closed.
2025-06-18 12:32:39 [main] INFO  org.testng.internal.Utils - [TestNG] Time taken by org.testng.reporters.jq.Main@32e830a0: 96 ms
2025-06-18 12:32:39 [main] INFO  org.testng.internal.Utils - [TestNG] Time taken by org.testng.reporters.FailedReporter@6c5ae8fd: 29 ms
2025-06-18 12:32:39 [main] INFO  org.testng.internal.Utils - [TestNG] Time taken by org.testng.reporters.XMLReporter@4bbc21bd: 15 ms
2025-06-18 12:32:39 [main] INFO  org.testng.internal.Utils - [TestNG] Time taken by org.testng.reporters.EmailableReporter2@1846ad0f: 12 ms
2025-06-18 12:32:39 [main] INFO  org.testng.internal.Utils - [TestNG] Time taken by org.testng.reporters.JUnitReportReporter@75d97e18: 18 ms
2025-06-18 12:32:39 [main] INFO  org.testng.internal.Utils - [TestNG] Time taken by org.testng.internal.ExitCodeListener@5fdb7394: 0 ms
