2025-06-19 15:36:47 [main] INFO  org.testng.internal.Utils - [Utils] MethodGroupsHelper.collectMethodsByGroup() took 1 ms.
2025-06-19 15:36:47 [main] INFO  org.testng.internal.Utils - [Utils] MethodGroupsHelper.sortMethods() took 2 ms.
2025-06-19 15:36:47 [main] INFO  org.testng.internal.Utils - [Utils] MethodGroupsHelper.collectMethodsByGroup() took 0 ms.
2025-06-19 15:36:47 [main] INFO  org.testng.internal.Utils - [Utils] MethodGroupsHelper.sortMethods() took 0 ms.
2025-06-19 15:36:47 [main] INFO  org.testng.internal.Utils - [Utils] MethodGroupsHelper.collectMethodsByGroup() took 0 ms.
2025-06-19 15:36:47 [main] INFO  org.testng.internal.Utils - [Utils] MethodGroupsHelper.sortMethods() took 1 ms.
2025-06-19 15:36:47 [main] INFO  org.testng.internal.Utils - [Utils] MethodGroupsHelper.collectMethodsByGroup() took 0 ms.
2025-06-19 15:36:47 [main] INFO  org.testng.internal.Utils - [Utils] MethodGroupsHelper.sortMethods() took 0 ms.
2025-06-19 15:36:47 [main] INFO  org.testng.internal.Utils - [Utils] MethodGroupsHelper.collectMethodsByGroup() took 4 ms.
2025-06-19 15:36:47 [main] INFO  org.testng.internal.Utils - [Utils] MethodGroupsHelper.sortMethods() took 21 ms.
2025-06-19 15:36:47 [main] INFO  org.testng.internal.Utils - [Utils] MethodGroupsHelper.collectMethodsByGroup() took 0 ms.
2025-06-19 15:36:47 [main] INFO  org.testng.internal.Utils - [Utils] MethodGroupsHelper.sortMethods() took 1 ms.
2025-06-19 15:36:47 [main] INFO  org.testng.internal.Utils - [Utils] MethodGroupsHelper.collectMethodsByGroup() took 0 ms.
2025-06-19 15:36:47 [main] INFO  org.testng.internal.Utils - [Utils] MethodGroupsHelper.sortMethods() took 0 ms.
2025-06-19 15:36:47 [main] INFO  org.testng.internal.Utils - [Utils] MethodGroupsHelper.collectMethodsByGroup() took 0 ms.
2025-06-19 15:36:47 [main] INFO  org.testng.internal.Utils - [Utils] MethodGroupsHelper.sortMethods() took 0 ms.
2025-06-19 15:36:47 [main] INFO  org.testng.internal.Utils - [Utils] MethodGroupsHelper.collectMethodsByGroup() took 0 ms.
2025-06-19 15:36:47 [main] INFO  org.testng.internal.Utils - [Utils] MethodGroupsHelper.sortMethods() took 0 ms.
2025-06-19 15:36:47 [main] INFO  org.testng.internal.Utils - [Utils] MethodGroupsHelper.collectMethodsByGroup() took 0 ms.
2025-06-19 15:36:47 [main] INFO  org.testng.internal.Utils - [Utils] MethodGroupsHelper.sortMethods() took 0 ms.
2025-06-19 15:36:47 [main] INFO  org.testng.internal.Utils - [Utils] MethodGroupsHelper.collectMethodsByGroup() took 0 ms.
2025-06-19 15:36:47 [main] INFO  org.testng.internal.Utils - [Utils] MethodGroupsHelper.sortMethods() took 0 ms.
2025-06-19 15:36:47 [main] INFO  org.testng.internal.Utils - [Utils] MethodGroupsHelper.collectMethodsByGroup() took 0 ms.
2025-06-19 15:36:47 [main] INFO  org.testng.internal.Utils - [Utils] MethodGroupsHelper.sortMethods() took 0 ms.
2025-06-19 15:36:47 [main] INFO  org.testng.internal.Utils - [Utils] MethodGroupsHelper.collectMethodsByGroup() took 1 ms.
2025-06-19 15:36:47 [main] INFO  org.testng.internal.Utils - [Utils] MethodGroupsHelper.sortMethods() took 9 ms.
2025-06-19 15:36:47 [main] INFO  org.testng.internal.Utils - [Utils] MethodGroupsHelper.collectMethodsByGroup() took 0 ms.
2025-06-19 15:36:47 [main] INFO  org.testng.internal.Utils - [Utils] MethodGroupsHelper.sortMethods() took 0 ms.
2025-06-19 15:36:47 [main] INFO  org.testng.internal.Utils - [Utils] MethodGroupsHelper.collectMethodsByGroup() took 0 ms.
2025-06-19 15:36:47 [main] INFO  org.testng.internal.Utils - [Utils] MethodGroupsHelper.sortMethods() took 0 ms.
2025-06-19 15:36:47 [main] INFO  org.testng.internal.Utils - [TestNG] Running:
  C:\Users\rajum\AppData\Local\Temp\testng-eclipse--1463143114\testng-customsuite.xml

2025-06-19 15:36:47 [main] INFO  org.testng.internal.Utils - [Utils] DynamicGraphHelper.createDynamicGraph() took 6 ms.
2025-06-19 15:36:47 [main] INFO  automationFramework.utils.LoggerUtil - 🔧 Launching browser and loading properties...
2025-06-19 15:36:48 [main] INFO  i.g.bonigarcia.wdm.WebDriverManager - Using chromedriver 137.0.7151.119 (resolved driver for Chrome 137)
2025-06-19 15:36:48 [main] INFO  i.g.bonigarcia.wdm.WebDriverManager - Exporting webdriver.chrome.driver as C:\Users\rajum\.cache\selenium\chromedriver\win64\137.0.7151.119\chromedriver.exe
2025-06-19 15:36:51 [main] INFO  automationFramework.pages.LoginPage - ✅ Captcha wait time loaded: 10 seconds
2025-06-19 15:36:59 [main] INFO  automationFramework.pages.LoginPage - 🟦 Navigated to URL: https://uatnet.svcbank.com/ReachSVCInet/SVC-web/inet/netbanking
2025-06-19 15:36:59 [main] INFO  automationFramework.pages.LoginPage - ✅ Entered username: MADHU97
2025-06-19 15:36:59 [main] INFO  automationFramework.pages.LoginPage - ⏳ Waiting for manual captcha input (10 seconds)
2025-06-19 15:37:09 [main] INFO  automationFramework.pages.LoginPage - ✅ Clicked first Login button
2025-06-19 15:37:11 [main] INFO  automationFramework.pages.LoginPage - ✅ Entered password
2025-06-19 15:37:11 [main] INFO  automationFramework.pages.LoginPage - ✅ Clicked final Login button
2025-06-19 15:37:20 [main] INFO  automationFramework.pages.LoginPage - 🔐 Pin code input field detected.
2025-06-19 15:37:20 [main] INFO  automationFramework.pages.LoginPage - ✅ Entered pin code: 1
2025-06-19 15:37:20 [main] INFO  automationFramework.pages.LoginPage - ➡️ Clicked Proceed.
2025-06-19 15:37:24 [main] INFO  automationFramework.pages.LoginPage - 🎉 Login successful for user: MADHU97
2025-06-19 15:37:24 [main] INFO  automationFramework.utils.LoggerUtil - ✅ Login successful
2025-06-19 15:37:24 [main] INFO  automationFramework.utils.LoggerUtil - ✅ Setup complete.
2025-06-19 15:37:24 [main] INFO  a.pages.ServicesPage - 🔄 Navigating to Services > Manage SMS...
2025-06-19 15:37:24 [main] INFO  a.pages.ServicesPage - ⏳ Waiting for spinner to fully disappear...
2025-06-19 15:37:39 [main] INFO  a.pages.ServicesPage - ✅ Spinner disappeared.
2025-06-19 15:37:40 [main] INFO  a.pages.ServicesPage - ⏳ Waiting for spinner to fully disappear...
2025-06-19 15:37:40 [main] INFO  a.pages.ServicesPage - ✅ Spinner disappeared.
2025-06-19 15:37:40 [main] INFO  a.pages.ServicesPage - ⏳ Waiting for spinner to fully disappear...
2025-06-19 15:37:53 [main] INFO  a.pages.ServicesPage - ✅ Spinner disappeared.
2025-06-19 15:37:53 [main] INFO  a.pages.ServicesPage - ⏳ Waiting for spinner to fully disappear...
2025-06-19 15:38:06 [main] INFO  a.pages.ServicesPage - ✅ Spinner disappeared.
2025-06-19 15:38:06 [main] INFO  a.pages.ServicesPage - ✅ Reached Manage SMS section.
2025-06-19 15:38:06 [main] INFO  a.pages.ServicesPage - 🔄 Generating random credit and debit amounts...
2025-06-19 15:38:06 [main] INFO  a.pages.ServicesPage - ✏️ Entering SMS thresholds - Credit: 3701, Debit: 2209
2025-06-19 15:38:07 [main] INFO  a.pages.ServicesPage - ✅ Amounts entered successfully with Credit: 3701, Debit: 2209
2025-06-19 15:38:07 [main] INFO  a.pages.ServicesPage - 💾 Clicking Save button...
2025-06-19 15:38:07 [main] INFO  a.pages.ServicesPage - ⏳ Waiting for spinner to fully disappear...
2025-06-19 15:38:17 [main] INFO  a.pages.ServicesPage - ✅ Spinner disappeared.
2025-06-19 15:38:17 [main] INFO  a.pages.ServicesPage - ⏳ Waiting for spinner to fully disappear...
2025-06-19 15:38:18 [main] INFO  a.pages.ServicesPage - ✅ Spinner disappeared.
2025-06-19 15:38:18 [main] INFO  a.pages.ServicesPage - 🔐 Entering OTP: 123456
2025-06-19 15:38:18 [main] INFO  a.pages.ServicesPage - ⏳ Waiting for spinner to fully disappear...
2025-06-19 15:38:29 [main] INFO  a.pages.ServicesPage - ✅ Spinner disappeared.
2025-06-19 15:38:30 [main] INFO  a.pages.ServicesPage - ⏳ Waiting for spinner to fully disappear...
2025-06-19 15:38:40 [main] INFO  a.pages.ServicesPage - ✅ Spinner disappeared.
2025-06-19 15:38:40 [main] INFO  a.pages.ServicesPage - ✅ OTP entered.
2025-06-19 15:38:40 [main] INFO  a.pages.ServicesPage - ➡️ Clicking Proceed...
2025-06-19 15:38:40 [main] INFO  a.pages.ServicesPage - ⏳ Waiting for spinner to fully disappear...
2025-06-19 15:38:50 [main] INFO  a.pages.ServicesPage - ✅ Spinner disappeared.
2025-06-19 15:38:51 [main] INFO  a.pages.ServicesPage - ⏳ Waiting for spinner to fully disappear...
2025-06-19 15:38:51 [main] INFO  a.pages.ServicesPage - ✅ Spinner disappeared.
2025-06-19 15:38:52 [main] INFO  a.pages.ServicesPage - ✅ Success popup visibility: true
2025-06-19 15:38:52 [main] INFO  a.pages.ServicesPage - 🆗 Clicking Okay on success popup...
2025-06-19 15:38:52 [main] INFO  a.pages.ServicesPage - ⏳ Waiting for spinner to fully disappear...
2025-06-19 15:39:03 [main] INFO  a.pages.ServicesPage - ✅ Spinner disappeared.
2025-06-19 15:39:03 [main] INFO  a.pages.ServicesPage - ⏳ Waiting for spinner to fully disappear...
2025-06-19 15:39:13 [main] INFO  a.pages.ServicesPage - ✅ Spinner disappeared.
2025-06-19 15:39:13 [main] INFO  automationFramework.utils.LoggerUtil - ✅ Threshold saved and verified successfully.
2025-06-19 15:39:13 [main] INFO  a.pages.ServicesPage - 🔄 Navigating to Services > Manage SMS...
2025-06-19 15:39:13 [main] INFO  a.pages.ServicesPage - ⏳ Waiting for spinner to fully disappear...
2025-06-19 15:39:24 [main] INFO  a.pages.ServicesPage - ✅ Spinner disappeared.
2025-06-19 15:39:24 [main] INFO  a.pages.ServicesPage - ⏳ Waiting for spinner to fully disappear...
2025-06-19 15:39:30 [main] INFO  a.pages.ServicesPage - ✅ Spinner disappeared.
2025-06-19 15:39:30 [main] INFO  a.pages.ServicesPage - ⏳ Waiting for spinner to fully disappear...
2025-06-19 15:39:40 [main] INFO  a.pages.ServicesPage - ✅ Spinner disappeared.
2025-06-19 15:39:40 [main] INFO  a.pages.ServicesPage - ⏳ Waiting for spinner to fully disappear...
2025-06-19 15:39:59 [main] WARN  a.pages.ServicesPage - ⚠️ Spinner wait skipped or failed gracefully.
2025-06-19 15:39:59 [main] INFO  a.pages.ServicesPage - ✅ Reached Manage SMS section.
2025-06-19 15:39:59 [main] INFO  a.pages.ServicesPage - 🔄 Setting invalid threshold values: empty=true, negative=false
2025-06-19 15:40:08 [main] INFO  a.pages.ServicesPage - ✏️ Invalid thresholds set - Credit: , Debit: 
2025-06-19 15:40:08 [main] INFO  a.pages.ServicesPage - 💾 Clicking Save button...
2025-06-19 15:40:08 [main] INFO  a.pages.ServicesPage - ⏳ Waiting for spinner to fully disappear...
2025-06-19 15:40:18 [main] INFO  a.pages.ServicesPage - ✅ Spinner disappeared.
2025-06-19 15:40:19 [main] INFO  a.pages.ServicesPage - ⏳ Waiting for spinner to fully disappear...
2025-06-19 15:40:29 [main] INFO  a.pages.ServicesPage - ✅ Spinner disappeared.
2025-06-19 15:40:29 [main] INFO  a.pages.ServicesPage - ✅ Validation messages found for both empty thresholds.
2025-06-19 15:40:29 [main] INFO  a.pages.ServicesPage - ⏳ Waiting for spinner to fully disappear...
2025-06-19 15:40:39 [main] INFO  a.pages.ServicesPage - ✅ Spinner disappeared.
2025-06-19 15:40:40 [main] INFO  a.pages.ServicesPage - ⏳ Waiting for spinner to fully disappear...
2025-06-19 15:40:50 [main] INFO  a.pages.ServicesPage - ✅ Spinner disappeared.
2025-06-19 15:40:50 [main] INFO  a.pages.ServicesPage - ❎ Closed the validation popup.
2025-06-19 15:40:50 [main] INFO  a.pages.ServicesPage - 🔄 Navigating to Services > Manage SMS...
2025-06-19 15:40:50 [main] INFO  a.pages.ServicesPage - ⏳ Waiting for spinner to fully disappear...
2025-06-19 15:41:00 [main] INFO  a.pages.ServicesPage - ✅ Spinner disappeared.
2025-06-19 15:41:01 [main] INFO  a.pages.ServicesPage - ⏳ Waiting for spinner to fully disappear...
2025-06-19 15:41:16 [main] WARN  a.pages.ServicesPage - ⚠️ Spinner wait skipped or failed gracefully.
2025-06-19 15:41:16 [main] INFO  a.pages.ServicesPage - ⏳ Waiting for spinner to fully disappear...
2025-06-19 15:41:31 [main] WARN  a.pages.ServicesPage - ⚠️ Spinner wait skipped or failed gracefully.
2025-06-19 15:41:32 [main] WARN  a.pages.ServicesPage - ⚠️ Click intercepted attempt 1/3: element click intercepted: Element <span class="font-semibold cursor-pointer h-fit align-self-center text-large">...</span> is not clickable at point (163, 291). Other element would receive the click: <div _ngcontent-ng-c587276320="" class="ngx-spinner-overlay ng-tns-c587276320-1 ng-trigger ng-trigger-fadeIn ng-star-inserted ng-animating" style="background-color: rgba(51, 51, 51, 0.8); z-index: 99999; position: fixed;">...</div>
  (Session info: chrome=137.0.7151.104)
Build info: version: '4.20.0', revision: '866c76ca80'
System info: os.name: 'Windows 11', os.arch: 'amd64', os.version: '10.0', java.version: '17.0.12'
Driver info: org.openqa.selenium.chrome.ChromeDriver
Command: [5601a134d20dddfa8586467450a71325, clickElement {id=f.FFA07CC52EFD9269148F2D24325931CF.d.191C7F231300247313E5A12EBB13BB9C.e.215}]
Capabilities {acceptInsecureCerts: false, browserName: chrome, browserVersion: 137.0.7151.104, chrome: {chromedriverVersion: 137.0.7151.119 (e0ac9d12dff..., userDataDir: C:\Users\rajum\AppData\Loca...}, fedcm:accounts: true, goog:chromeOptions: {debuggerAddress: localhost:50459}, networkConnectionEnabled: false, pageLoadStrategy: normal, platformName: windows, proxy: Proxy(), se:cdp: ws://localhost:50459/devtoo..., se:cdpVersion: 137.0.7151.104, setWindowRect: true, strictFileInteractability: false, timeouts: {implicit: 0, pageLoad: 300000, script: 30000}, unhandledPromptBehavior: dismiss and notify, webauthn:extension:credBlob: true, webauthn:extension:largeBlob: true, webauthn:extension:minPinLength: true, webauthn:extension:prf: true, webauthn:virtualAuthenticators: true}
Element: [[ChromeDriver: chrome on windows (5601a134d20dddfa8586467450a71325)] -> xpath: //span[text()='Manage SMS']]
Session ID: 5601a134d20dddfa8586467450a71325
2025-06-19 15:41:33 [main] INFO  a.pages.ServicesPage - ⏳ Waiting for spinner to fully disappear...
2025-06-19 15:41:40 [main] INFO  a.pages.ServicesPage - ✅ Spinner disappeared.
2025-06-19 15:41:40 [main] INFO  a.pages.ServicesPage - ⏳ Waiting for spinner to fully disappear...
2025-06-19 15:41:50 [main] INFO  a.pages.ServicesPage - ✅ Spinner disappeared.
2025-06-19 15:41:50 [main] INFO  a.pages.ServicesPage - ✅ Reached Manage SMS section.
2025-06-19 15:42:01 [main] INFO  a.pages.ServicesPage - ✅ Negative input converted to positive as expected.
2025-06-19 15:42:01 [main] INFO  a.pages.ServicesPage - ⏳ Waiting for spinner to fully disappear...
2025-06-19 15:42:11 [main] INFO  a.pages.ServicesPage - ✅ Spinner disappeared.
2025-06-19 15:42:11 [main] INFO  a.pages.ServicesPage - ⏳ Waiting for spinner to fully disappear...
2025-06-19 15:42:21 [main] INFO  a.pages.ServicesPage - ✅ Spinner disappeared.
2025-06-19 15:42:21 [main] INFO  a.pages.ServicesPage - ❎ Closed the popup for Next Test.
2025-06-19 15:42:21 [main] INFO  a.pages.ServicesPage - 🔄 Navigating to Services > Manage SMS...
2025-06-19 15:42:21 [main] INFO  a.pages.ServicesPage - ⏳ Waiting for spinner to fully disappear...
2025-06-19 15:42:32 [main] INFO  a.pages.ServicesPage - ✅ Spinner disappeared.
2025-06-19 15:42:32 [main] INFO  a.pages.ServicesPage - ⏳ Waiting for spinner to fully disappear...
2025-06-19 15:42:48 [main] WARN  a.pages.ServicesPage - ⚠️ Spinner wait skipped or failed gracefully.
2025-06-19 15:42:48 [main] INFO  a.pages.ServicesPage - ⏳ Waiting for spinner to fully disappear...
2025-06-19 15:42:56 [main] INFO  a.pages.ServicesPage - ✅ Spinner disappeared.
2025-06-19 15:42:56 [main] INFO  a.pages.ServicesPage - ⏳ Waiting for spinner to fully disappear...
2025-06-19 15:43:11 [main] WARN  a.pages.ServicesPage - ⚠️ Spinner wait skipped or failed gracefully.
2025-06-19 15:43:11 [main] INFO  a.pages.ServicesPage - ✅ Reached Manage SMS section.
2025-06-19 15:43:11 [main] INFO  a.pages.ServicesPage - 🔄 Generating random credit and debit amounts...
2025-06-19 15:43:11 [main] INFO  a.pages.ServicesPage - ✏️ Entering SMS thresholds - Credit: 6051, Debit: 2726
2025-06-19 15:43:28 [main] INFO  automationFramework.utils.LoggerUtil - 🧹 Finalizing report...
2025-06-19 15:43:28 [main] INFO  automationFramework.utils.LoggerUtil - 📧 Sending report via email...
2025-06-19 15:43:36 [main] INFO  automationFramework.utils.LoggerUtil - ✅ dont close Browser .
2025-06-19 15:43:36 [main] INFO  org.testng.internal.Utils - [TestNG] Time taken by org.testng.reporters.jq.Main@6879e983: 82 ms
2025-06-19 15:43:36 [main] INFO  org.testng.internal.Utils - [TestNG] Time taken by org.testng.reporters.FailedReporter@408d945b: 22 ms
2025-06-19 15:43:36 [main] INFO  org.testng.internal.Utils - [TestNG] Time taken by org.testng.reporters.XMLReporter@388e4c25: 14 ms
2025-06-19 15:43:36 [main] INFO  org.testng.internal.Utils - [TestNG] Time taken by org.testng.reporters.EmailableReporter2@2133b712: 11 ms
2025-06-19 15:43:36 [main] INFO  org.testng.internal.Utils - [TestNG] Time taken by org.testng.reporters.JUnitReportReporter@51fb5fe6: 16 ms
2025-06-19 15:43:36 [main] INFO  org.testng.internal.Utils - [TestNG] Time taken by org.testng.internal.ExitCodeListener@5ca4c88a: 0 ms
