2025-06-18 18:31:07 [main] INFO  org.testng.internal.Utils - [Utils] MethodGroupsHelper.collectMethodsByGroup() took 1 ms.
2025-06-18 18:31:07 [main] INFO  org.testng.internal.Utils - [Utils] MethodGroupsHelper.sortMethods() took 1 ms.
2025-06-18 18:31:07 [main] INFO  org.testng.internal.Utils - [Utils] MethodGroupsHelper.collectMethodsByGroup() took 0 ms.
2025-06-18 18:31:07 [main] INFO  org.testng.internal.Utils - [Utils] MethodGroupsHelper.sortMethods() took 0 ms.
2025-06-18 18:31:07 [main] INFO  org.testng.internal.Utils - [Utils] MethodGroupsHelper.collectMethodsByGroup() took 0 ms.
2025-06-18 18:31:07 [main] INFO  org.testng.internal.Utils - [Utils] MethodGroupsHelper.sortMethods() took 0 ms.
2025-06-18 18:31:07 [main] INFO  org.testng.internal.Utils - [Utils] MethodGroupsHelper.collectMethodsByGroup() took 0 ms.
2025-06-18 18:31:07 [main] INFO  org.testng.internal.Utils - [Utils] MethodGroupsHelper.sortMethods() took 0 ms.
2025-06-18 18:31:07 [main] INFO  org.testng.internal.Utils - [Utils] MethodGroupsHelper.collectMethodsByGroup() took 5 ms.
2025-06-18 18:31:07 [main] INFO  org.testng.internal.Utils - [Utils] MethodGroupsHelper.sortMethods() took 18 ms.
2025-06-18 18:31:07 [main] INFO  org.testng.internal.Utils - [Utils] MethodGroupsHelper.collectMethodsByGroup() took 0 ms.
2025-06-18 18:31:07 [main] INFO  org.testng.internal.Utils - [Utils] MethodGroupsHelper.sortMethods() took 1 ms.
2025-06-18 18:31:07 [main] INFO  org.testng.internal.Utils - [Utils] MethodGroupsHelper.collectMethodsByGroup() took 0 ms.
2025-06-18 18:31:07 [main] INFO  org.testng.internal.Utils - [Utils] MethodGroupsHelper.sortMethods() took 0 ms.
2025-06-18 18:31:07 [main] INFO  org.testng.internal.Utils - [Utils] MethodGroupsHelper.collectMethodsByGroup() took 0 ms.
2025-06-18 18:31:07 [main] INFO  org.testng.internal.Utils - [Utils] MethodGroupsHelper.sortMethods() took 0 ms.
2025-06-18 18:31:07 [main] INFO  org.testng.internal.Utils - [Utils] MethodGroupsHelper.collectMethodsByGroup() took 0 ms.
2025-06-18 18:31:07 [main] INFO  org.testng.internal.Utils - [Utils] MethodGroupsHelper.sortMethods() took 0 ms.
2025-06-18 18:31:07 [main] INFO  org.testng.internal.Utils - [Utils] MethodGroupsHelper.collectMethodsByGroup() took 0 ms.
2025-06-18 18:31:07 [main] INFO  org.testng.internal.Utils - [Utils] MethodGroupsHelper.sortMethods() took 0 ms.
2025-06-18 18:31:07 [main] INFO  org.testng.internal.Utils - [Utils] MethodGroupsHelper.collectMethodsByGroup() took 0 ms.
2025-06-18 18:31:07 [main] INFO  org.testng.internal.Utils - [Utils] MethodGroupsHelper.sortMethods() took 0 ms.
2025-06-18 18:31:07 [main] INFO  org.testng.internal.Utils - [Utils] MethodGroupsHelper.collectMethodsByGroup() took 0 ms.
2025-06-18 18:31:07 [main] INFO  org.testng.internal.Utils - [Utils] MethodGroupsHelper.sortMethods() took 0 ms.
2025-06-18 18:31:07 [main] INFO  org.testng.internal.Utils - [Utils] MethodGroupsHelper.collectMethodsByGroup() took 0 ms.
2025-06-18 18:31:07 [main] INFO  org.testng.internal.Utils - [Utils] MethodGroupsHelper.sortMethods() took 10 ms.
2025-06-18 18:31:07 [main] INFO  org.testng.internal.Utils - [Utils] MethodGroupsHelper.collectMethodsByGroup() took 0 ms.
2025-06-18 18:31:07 [main] INFO  org.testng.internal.Utils - [Utils] MethodGroupsHelper.sortMethods() took 0 ms.
2025-06-18 18:31:07 [main] INFO  org.testng.internal.Utils - [Utils] MethodGroupsHelper.collectMethodsByGroup() took 0 ms.
2025-06-18 18:31:07 [main] INFO  org.testng.internal.Utils - [Utils] MethodGroupsHelper.sortMethods() took 0 ms.
2025-06-18 18:31:07 [main] INFO  org.testng.internal.Utils - [TestNG] Running:
  C:\Users\rajum\AppData\Local\Temp\testng-eclipse-1075998383\testng-customsuite.xml

2025-06-18 18:31:07 [main] INFO  org.testng.internal.Utils - [Utils] DynamicGraphHelper.createDynamicGraph() took 10 ms.
2025-06-18 18:31:07 [main] INFO  automationFramework.utils.LoggerUtil - 🔧 Launching browser and loading properties...
2025-06-18 18:31:08 [main] INFO  i.g.bonigarcia.wdm.WebDriverManager - Using chromedriver 137.0.7151.119 (resolved driver for Chrome 137)
2025-06-18 18:31:08 [main] INFO  i.g.bonigarcia.wdm.WebDriverManager - Exporting webdriver.chrome.driver as C:\Users\rajum\.cache\selenium\chromedriver\win64\137.0.7151.119\chromedriver.exe
2025-06-18 18:31:10 [main] INFO  automationFramework.pages.LoginPage - ✅ Captcha wait time loaded: 10 seconds
2025-06-18 18:31:13 [main] INFO  automationFramework.pages.LoginPage - 🟦 Navigated to URL: https://uatnet.svcbank.com/ReachSVCInet/SVC-web/inet/netbanking
2025-06-18 18:31:13 [main] INFO  automationFramework.pages.LoginPage - ✅ Entered username: TEST001
2025-06-18 18:31:13 [main] INFO  automationFramework.pages.LoginPage - ⏳ Waiting for manual captcha input (10 seconds)
2025-06-18 18:31:23 [main] INFO  automationFramework.pages.LoginPage - ✅ Clicked first Login button
2025-06-18 18:31:24 [main] INFO  automationFramework.pages.LoginPage - ✅ Entered password
2025-06-18 18:31:24 [main] INFO  automationFramework.pages.LoginPage - ✅ Clicked final Login button
2025-06-18 18:31:26 [main] INFO  automationFramework.pages.LoginPage - 🎉 Login successful for user: TEST001
2025-06-18 18:31:26 [main] INFO  automationFramework.utils.LoggerUtil - ✅ Login successful
2025-06-18 18:31:26 [main] INFO  automationFramework.utils.LoggerUtil - ✅ Setup complete.
2025-06-18 18:31:26 [main] INFO  a.pages.ServicesPage - 🔄 Navigating to Services > Manage SMS...
2025-06-18 18:31:26 [main] INFO  a.pages.ServicesPage - ⏳ Waiting for spinner to fully disappear...
2025-06-18 18:31:40 [main] INFO  a.pages.ServicesPage - ✅ Spinner disappeared.
2025-06-18 18:31:40 [main] INFO  a.pages.ServicesPage - ⏳ Waiting for spinner to fully disappear...
2025-06-18 18:31:41 [main] INFO  a.pages.ServicesPage - ✅ Spinner disappeared.
2025-06-18 18:31:41 [main] INFO  a.pages.ServicesPage - ⏳ Waiting for spinner to fully disappear...
2025-06-18 18:31:52 [main] INFO  a.pages.ServicesPage - ✅ Spinner disappeared.
2025-06-18 18:31:52 [main] INFO  a.pages.ServicesPage - ⏳ Waiting for spinner to fully disappear...
2025-06-18 18:32:04 [main] INFO  a.pages.ServicesPage - ✅ Spinner disappeared.
2025-06-18 18:32:04 [main] INFO  a.pages.ServicesPage - ✅ Reached Manage SMS section.
2025-06-18 18:32:04 [main] INFO  a.pages.ServicesPage - 🔄 Generating random credit and debit amounts...
2025-06-18 18:32:04 [main] INFO  a.pages.ServicesPage - ✏️ Entering SMS thresholds - Credit: 5511, Debit: 302
2025-06-18 18:32:05 [main] INFO  a.pages.ServicesPage - ✅ Amounts entered successfully with Credit: 5511, Debit: 302
2025-06-18 18:32:05 [main] INFO  a.pages.ServicesPage - 💾 Clicking Save button...
2025-06-18 18:32:05 [main] INFO  a.pages.ServicesPage - ⏳ Waiting for spinner to fully disappear...
2025-06-18 18:32:15 [main] INFO  a.pages.ServicesPage - ✅ Spinner disappeared.
2025-06-18 18:32:15 [main] INFO  a.pages.ServicesPage - ⏳ Waiting for spinner to fully disappear...
2025-06-18 18:32:16 [main] INFO  a.pages.ServicesPage - ✅ Spinner disappeared.
2025-06-18 18:32:16 [main] INFO  a.pages.ServicesPage - 🔐 Entering OTP: 123456
2025-06-18 18:32:16 [main] INFO  a.pages.ServicesPage - ⏳ Waiting for spinner to fully disappear...
2025-06-18 18:32:26 [main] INFO  a.pages.ServicesPage - ✅ Spinner disappeared.
2025-06-18 18:32:27 [main] INFO  a.pages.ServicesPage - ⏳ Waiting for spinner to fully disappear...
2025-06-18 18:32:37 [main] INFO  a.pages.ServicesPage - ✅ Spinner disappeared.
2025-06-18 18:32:37 [main] INFO  a.pages.ServicesPage - ✅ OTP entered.
2025-06-18 18:32:37 [main] INFO  a.pages.ServicesPage - ➡️ Clicking Proceed...
2025-06-18 18:32:37 [main] INFO  a.pages.ServicesPage - ⏳ Waiting for spinner to fully disappear...
2025-06-18 18:32:47 [main] INFO  a.pages.ServicesPage - ✅ Spinner disappeared.
2025-06-18 18:32:48 [main] INFO  a.pages.ServicesPage - ⏳ Waiting for spinner to fully disappear...
2025-06-18 18:32:48 [main] INFO  a.pages.ServicesPage - ✅ Spinner disappeared.
2025-06-18 18:32:48 [main] INFO  a.pages.ServicesPage - ✅ Success popup visibility: true
2025-06-18 18:32:48 [main] INFO  a.pages.ServicesPage - 🆗 Clicking Okay on success popup...
2025-06-18 18:32:48 [main] INFO  a.pages.ServicesPage - ⏳ Waiting for spinner to fully disappear...
2025-06-18 18:32:59 [main] INFO  a.pages.ServicesPage - ✅ Spinner disappeared.
2025-06-18 18:33:00 [main] INFO  a.pages.ServicesPage - ⏳ Waiting for spinner to fully disappear...
2025-06-18 18:33:10 [main] INFO  a.pages.ServicesPage - ✅ Spinner disappeared.
2025-06-18 18:33:10 [main] INFO  automationFramework.utils.LoggerUtil - ✅ Threshold saved and verified successfully.
2025-06-18 18:33:10 [main] INFO  a.pages.ServicesPage - 🔄 Navigating to Services > Manage SMS...
2025-06-18 18:33:10 [main] INFO  a.pages.ServicesPage - ⏳ Waiting for spinner to fully disappear...
2025-06-18 18:33:20 [main] INFO  a.pages.ServicesPage - ✅ Spinner disappeared.
2025-06-18 18:33:21 [main] INFO  a.pages.ServicesPage - ⏳ Waiting for spinner to fully disappear...
2025-06-18 18:33:26 [main] INFO  a.pages.ServicesPage - ✅ Spinner disappeared.
2025-06-18 18:33:26 [main] INFO  a.pages.ServicesPage - ⏳ Waiting for spinner to fully disappear...
2025-06-18 18:33:37 [main] INFO  a.pages.ServicesPage - ✅ Spinner disappeared.
2025-06-18 18:33:37 [main] INFO  a.pages.ServicesPage - ⏳ Waiting for spinner to fully disappear...
2025-06-18 18:33:49 [main] INFO  a.pages.ServicesPage - ✅ Spinner disappeared.
2025-06-18 18:33:49 [main] INFO  a.pages.ServicesPage - ✅ Reached Manage SMS section.
2025-06-18 18:33:49 [main] INFO  a.pages.ServicesPage - 🔄 Setting invalid threshold values: empty=true, negative=false
2025-06-18 18:33:49 [main] INFO  a.pages.ServicesPage - ✏️ Invalid thresholds set - Credit: , Debit: 
2025-06-18 18:33:49 [main] INFO  a.pages.ServicesPage - 💾 Clicking Save button...
2025-06-18 18:33:49 [main] INFO  a.pages.ServicesPage - ⏳ Waiting for spinner to fully disappear...
2025-06-18 18:34:00 [main] INFO  a.pages.ServicesPage - ✅ Spinner disappeared.
2025-06-18 18:34:00 [main] INFO  a.pages.ServicesPage - ⏳ Waiting for spinner to fully disappear...
2025-06-18 18:34:10 [main] INFO  a.pages.ServicesPage - ✅ Spinner disappeared.
2025-06-18 18:34:10 [main] INFO  a.pages.ServicesPage - ✅ Validation messages found for both empty thresholds.
2025-06-18 18:34:10 [main] INFO  a.pages.ServicesPage - ⏳ Waiting for spinner to fully disappear...
2025-06-18 18:34:21 [main] INFO  a.pages.ServicesPage - ✅ Spinner disappeared.
2025-06-18 18:34:21 [main] INFO  a.pages.ServicesPage - ⏳ Waiting for spinner to fully disappear...
2025-06-18 18:34:31 [main] INFO  a.pages.ServicesPage - ✅ Spinner disappeared.
2025-06-18 18:34:31 [main] INFO  a.pages.ServicesPage - ❎ Closed the validation popup.
2025-06-18 18:34:31 [main] INFO  a.pages.ServicesPage - 🔄 Navigating to Services > Manage SMS...
2025-06-18 18:34:31 [main] INFO  a.pages.ServicesPage - ⏳ Waiting for spinner to fully disappear...
2025-06-18 18:34:42 [main] INFO  a.pages.ServicesPage - ✅ Spinner disappeared.
2025-06-18 18:34:42 [main] INFO  a.pages.ServicesPage - ⏳ Waiting for spinner to fully disappear...
2025-06-18 18:35:02 [main] INFO  a.pages.ServicesPage - ✅ Spinner disappeared.
2025-06-18 18:35:02 [main] INFO  a.pages.ServicesPage - ⏳ Waiting for spinner to fully disappear...
2025-06-18 18:35:12 [main] INFO  a.pages.ServicesPage - ✅ Spinner disappeared.
2025-06-18 18:35:13 [main] INFO  a.pages.ServicesPage - ⏳ Waiting for spinner to fully disappear...
2025-06-18 18:35:29 [main] WARN  a.pages.ServicesPage - ⚠️ Spinner wait skipped or failed gracefully.
2025-06-18 18:35:29 [main] INFO  a.pages.ServicesPage - ✅ Reached Manage SMS section.
2025-06-18 18:35:32 [main] INFO  a.pages.ServicesPage - ✅ Negative input converted to positive as expected.
2025-06-18 18:35:32 [main] INFO  automationFramework.utils.LoggerUtil - 🧹 Finalizing report...
2025-06-18 18:35:32 [main] INFO  automationFramework.utils.LoggerUtil - 📧 Sending report via email...
2025-06-18 18:35:38 [main] INFO  automationFramework.utils.LoggerUtil - ✅ Browser closed successfully.
2025-06-18 18:35:38 [main] INFO  org.testng.internal.Utils - [TestNG] Time taken by org.testng.reporters.jq.Main@12cd129c: 80 ms
2025-06-18 18:35:38 [main] INFO  org.testng.internal.Utils - [TestNG] Time taken by org.testng.reporters.FailedReporter@13aed42b: 2 ms
2025-06-18 18:35:38 [main] INFO  org.testng.internal.Utils - [TestNG] Time taken by org.testng.reporters.XMLReporter@4f235e8e: 11 ms
2025-06-18 18:35:38 [main] INFO  org.testng.internal.Utils - [TestNG] Time taken by org.testng.reporters.EmailableReporter2@1182413a: 7 ms
2025-06-18 18:35:38 [main] INFO  org.testng.internal.Utils - [TestNG] Time taken by org.testng.reporters.JUnitReportReporter@2df3545d: 9 ms
2025-06-18 18:35:38 [main] INFO  org.testng.internal.Utils - [TestNG] Time taken by org.testng.internal.ExitCodeListener@75ad30c1: 0 ms
