2025-06-13 10:56:47 [main] WARN  org.testng.xml.TestNGContentHandler - Failed to read [/C:/Users/rajum/eclipse-workspace/ToolsQA/SeleniumAutomotionSVCUATIB/testng-1.1.dtd] from CLASSPATH. Attempting to read from [file:///C:/Users/rajum/eclipse-workspace/ToolsQA/SeleniumAutomotionSVCUATIB/testng-1.1.dtd].
2025-06-13 10:56:47 [main] WARN  org.testng.xml.TestNGContentHandler - It is strongly recommended to add "<!DOCTYPE suite SYSTEM "https://testng.org/testng-1.1.dtd" >" at the top of the suite file [C:\Users\rajum\eclipse-workspace\ToolsQA\SeleniumAutomotionSVCUATIB\src\main\resources\testng.xml] otherwise TestNG may fail or not work as expected.
2025-06-13 10:56:47 [main] INFO  org.testng.internal.Utils - [TestNG] Running:
  C:\Users\rajum\eclipse-workspace\ToolsQA\SeleniumAutomotionSVCUATIB\src\main\resources\testng.xml

2025-06-13 10:56:49 [main] INFO  i.g.bonigarcia.wdm.WebDriverManager - Using chromedriver 137.0.7151.70 (resolved driver for Chrome 137)
2025-06-13 10:56:49 [main] INFO  i.g.bonigarcia.wdm.WebDriverManager - Exporting webdriver.chrome.driver as C:\Users\rajum\.cache\selenium\chromedriver\win64\137.0.7151.70\chromedriver.exe
2025-06-13 10:56:52 [main] INFO  automationFramework.pages.LoginPage - ✅ [SUCCESS] Config loaded from 'config.properties': captcha.wait.seconds = 10 seconds.
2025-06-13 10:56:56 [main] INFO  automationFramework.pages.LoginPage - 🟦 [STEP] Navigated to URL: https://uatnet.svcbank.com/ReachSVCInet/SVC-web/inet/netbanking
2025-06-13 10:56:57 [main] INFO  automationFramework.pages.LoginPage - ✅ [SUCCESS] Entered username: TEST001
2025-06-13 10:56:57 [main] INFO  automationFramework.pages.LoginPage - ⏳ [WAIT] Waiting for manual captcha input. You have 10 seconds.
2025-06-13 10:57:07 [main] INFO  automationFramework.pages.LoginPage - ✅ [SUCCESS] Clicked first Login button (after captcha).
2025-06-13 10:57:08 [main] INFO  automationFramework.pages.LoginPage - ✅ [SUCCESS] Entered password.
2025-06-13 10:57:08 [main] INFO  automationFramework.pages.LoginPage - ✅ [SUCCESS] Clicked final Login button.
2025-06-13 10:57:08 [main] INFO  automationFramework.pages.LoginPage - 🎉 [DONE] Login Test Completed successfully for user: TEST001.
2025-06-13 10:57:08 [main] INFO  a.pages.AccountsPage - Clicking Accounts Tab
2025-06-13 10:57:08 [main] INFO  a.pages.AccountsPage - ⏳ Waiting for spinner to fully disappear...
2025-06-13 10:57:35 [main] INFO  a.pages.AccountsPage - ✅ Spinner disappeared.
2025-06-13 10:57:35 [main] INFO  a.pages.AccountsPage - ⏳ Waiting for spinner to fully disappear...
2025-06-13 10:57:58 [main] INFO  a.pages.AccountsPage - ✅ Spinner disappeared.
2025-06-13 10:57:58 [main] INFO  a.pages.AccountsPage - ⏳ Waiting for spinner to fully disappear...
2025-06-13 10:58:18 [main] INFO  a.pages.AccountsPage - ✅ Spinner disappeared.
2025-06-13 10:58:18 [main] INFO  a.pages.AccountsPage - ✅ Accounts Tab Clicked
2025-06-13 10:58:18 [main] INFO  a.pages.AccountsPage - ⏳ Waiting for spinner to fully disappear...
2025-06-13 10:58:39 [main] INFO  a.pages.AccountsPage - ✅ Spinner disappeared.
2025-06-13 10:58:39 [main] INFO  a.pages.AccountsPage - Scrolling to 'View Balance Components' button
2025-06-13 10:58:39 [main] INFO  a.pages.AccountsPage - ⏳ Waiting for spinner to fully disappear...
2025-06-13 10:58:59 [main] INFO  a.pages.AccountsPage - ✅ Spinner disappeared.
2025-06-13 10:58:59 [main] INFO  a.pages.AccountsPage - Clicking 'View Balance Components' button
2025-06-13 10:58:59 [main] INFO  a.pages.AccountsPage - ⏳ Waiting for spinner to fully disappear...
2025-06-13 10:59:20 [main] INFO  a.pages.AccountsPage - ✅ Spinner disappeared.
2025-06-13 10:59:20 [main] INFO  a.pages.AccountsPage - ⏳ Waiting for spinner to fully disappear...
2025-06-13 10:59:40 [main] INFO  a.pages.AccountsPage - ✅ Spinner disappeared.
2025-06-13 10:59:40 [main] INFO  a.pages.AccountsPage - ⏳ Waiting for spinner to fully disappear...
2025-06-13 11:00:02 [main] INFO  a.pages.AccountsPage - ✅ Spinner disappeared.
2025-06-13 11:00:02 [main] INFO  a.pages.AccountsPage - ⏳ Waiting for spinner to fully disappear...
2025-06-13 11:00:23 [main] INFO  a.pages.AccountsPage - ✅ Spinner disappeared.
2025-06-13 11:00:23 [main] INFO  a.pages.AccountsPage - Closing balance modal
2025-06-13 11:00:23 [main] INFO  a.pages.AccountsPage - ⏳ Waiting for spinner to fully disappear...
2025-06-13 11:00:43 [main] INFO  a.pages.AccountsPage - ✅ Spinner disappeared.
2025-06-13 11:00:43 [main] INFO  a.pages.AccountsPage - ⏳ Waiting for spinner to fully disappear...
2025-06-13 11:01:03 [main] INFO  a.pages.AccountsPage - ✅ Spinner disappeared.
2025-06-13 11:01:03 [main] INFO  a.pages.AccountsPage - ⏳ Waiting for spinner to fully disappear...
2025-06-13 11:01:24 [main] INFO  a.pages.AccountsPage - ✅ Spinner disappeared.
2025-06-13 11:01:24 [main] INFO  a.pages.AccountsPage - ✅ Modal closed.
2025-06-13 11:01:24 [main] INFO  a.pages.AccountsPage - ⏳ Waiting for spinner to fully disappear...
2025-06-13 11:01:44 [main] INFO  a.pages.AccountsPage - ✅ Spinner disappeared.
2025-06-13 11:01:44 [main] INFO  a.pages.AccountsPage - ▶️ Starting: Download 1 Month Statement in PDF format
2025-06-13 11:01:44 [main] INFO  a.pages.AccountsPage - Clicking Accounts Tab
2025-06-13 11:01:44 [main] INFO  a.pages.AccountsPage - ⏳ Waiting for spinner to fully disappear...
2025-06-13 11:02:05 [main] INFO  a.pages.AccountsPage - ✅ Spinner disappeared.
2025-06-13 11:02:05 [main] INFO  a.pages.AccountsPage - ⏳ Waiting for spinner to fully disappear...
2025-06-13 11:02:24 [main] WARN  a.pages.AccountsPage - ⚠️ Spinner wait skipped or failed gracefully.
2025-06-13 11:02:24 [main] INFO  a.pages.AccountsPage - ⏳ Waiting for spinner to fully disappear...
2025-06-13 11:02:39 [main] WARN  a.pages.AccountsPage - ⚠️ Spinner wait skipped or failed gracefully.
2025-06-13 11:02:39 [main] INFO  a.pages.AccountsPage - ✅ Accounts Tab Clicked
2025-06-13 11:02:39 [main] INFO  a.pages.AccountsPage - ⏳ Waiting for spinner to fully disappear...
2025-06-13 11:03:02 [main] INFO  a.pages.AccountsPage - ✅ Spinner disappeared.
2025-06-13 11:03:03 [main] INFO  a.pages.AccountsPage - ⏳ Waiting for spinner to fully disappear...
2025-06-13 11:03:26 [main] INFO  a.pages.AccountsPage - ✅ Spinner disappeared.
2025-06-13 11:03:26 [main] INFO  a.pages.AccountsPage - ⏳ Waiting for spinner to fully disappear...
2025-06-13 11:03:46 [main] INFO  a.pages.AccountsPage - ✅ Spinner disappeared.
2025-06-13 11:03:46 [main] INFO  a.pages.AccountsPage - ✅ Detailed Account Statement Button Clicked
2025-06-13 11:03:46 [main] INFO  a.pages.AccountsPage - ⏳ Waiting for spinner to fully disappear...
2025-06-13 11:04:06 [main] INFO  a.pages.AccountsPage - ✅ Spinner disappeared.
2025-06-13 11:04:07 [main] INFO  a.pages.AccountsPage - ⏳ Waiting for spinner to fully disappear...
2025-06-13 11:04:27 [main] INFO  a.pages.AccountsPage - ✅ Spinner disappeared.
2025-06-13 11:04:27 [main] INFO  a.pages.AccountsPage - ✅ Download Button Clicked
2025-06-13 11:04:27 [main] INFO  a.pages.AccountsPage - ⏳ Waiting for spinner to fully disappear...
2025-06-13 11:04:47 [main] INFO  a.pages.AccountsPage - ✅ Spinner disappeared.
2025-06-13 11:04:47 [main] INFO  a.pages.AccountsPage - ⏳ Waiting for spinner to fully disappear...
2025-06-13 11:05:03 [main] WARN  a.pages.AccountsPage - ⚠️ Spinner wait skipped or failed gracefully.
2025-06-13 11:05:03 [main] INFO  a.pages.AccountsPage - ✅ Download Statement Button Clicked
2025-06-13 11:05:03 [main] INFO  a.pages.AccountsPage - 🎉 Statement download for 1 Month (PDF) triggered successfully.
2025-06-13 11:05:03 [main] INFO  a.pages.AccountsPage - ▶️ Starting: Download 3 Months Statement in PDF format
2025-06-13 11:05:03 [main] INFO  a.pages.AccountsPage - Clicking Accounts Tab
2025-06-13 11:05:03 [main] INFO  a.pages.AccountsPage - ⏳ Waiting for spinner to fully disappear...
2025-06-13 11:05:26 [main] INFO  a.pages.AccountsPage - ✅ Spinner disappeared.
2025-06-13 11:05:26 [main] INFO  a.pages.AccountsPage - ⏳ Waiting for spinner to fully disappear...
2025-06-13 11:05:27 [main] INFO  a.pages.AccountsPage - ✅ Spinner disappeared.
2025-06-13 11:05:27 [main] INFO  a.pages.AccountsPage - ⏳ Waiting for spinner to fully disappear...
2025-06-13 11:05:49 [main] INFO  a.pages.AccountsPage - ✅ Spinner disappeared.
2025-06-13 11:05:49 [main] INFO  a.pages.AccountsPage - ✅ Accounts Tab Clicked
2025-06-13 11:05:49 [main] INFO  a.pages.AccountsPage - ⏳ Waiting for spinner to fully disappear...
2025-06-13 11:06:09 [main] INFO  a.pages.AccountsPage - ✅ Spinner disappeared.
2025-06-13 11:06:10 [main] INFO  a.pages.AccountsPage - ⏳ Waiting for spinner to fully disappear...
2025-06-13 11:06:27 [main] WARN  a.pages.AccountsPage - ⚠️ Spinner wait skipped or failed gracefully.
2025-06-13 11:06:27 [main] INFO  a.pages.AccountsPage - ⏳ Waiting for spinner to fully disappear...
2025-06-13 11:06:43 [main] WARN  a.pages.AccountsPage - ⚠️ Spinner wait skipped or failed gracefully.
2025-06-13 11:06:43 [main] INFO  a.pages.AccountsPage - ✅ Detailed Account Statement Button Clicked
2025-06-13 11:06:43 [main] INFO  a.pages.AccountsPage - ⏳ Waiting for spinner to fully disappear...
2025-06-13 11:06:58 [main] WARN  a.pages.AccountsPage - ⚠️ Spinner wait skipped or failed gracefully.
2025-06-13 11:06:59 [main] WARN  a.pages.AccountsPage - ⚠️ Click intercepted attempt 1/3: element click intercepted: Element <button _ngcontent-ng-c1879628175="" appblockdblclick="" class="account_button gap-2 px-1 py-2 flex justify-content-center w-4">...</button> is not clickable at point (1182, 338). Other element would receive the click: <div _ngcontent-ng-c587276320="" class="ngx-spinner-overlay ng-tns-c587276320-1 ng-trigger ng-trigger-fadeIn ng-star-inserted ng-animating" style="background-color: rgba(51, 51, 51, 0.8); z-index: 99999; position: fixed;">...</div>
  (Session info: chrome=137.0.7151.104)
Build info: version: '4.20.0', revision: '866c76ca80'
System info: os.name: 'Windows 11', os.arch: 'amd64', os.version: '10.0', java.version: '17.0.12'
Driver info: org.openqa.selenium.chrome.ChromeDriver
Command: [a5dc2c571f47c24fc8adb6bd5239f64e, clickElement {id=f.3C926BB88CE8AB215B9519C52E358D63.d.6461CD48BAF765A0F62E6D3173D79DEC.e.256}]
Capabilities {acceptInsecureCerts: false, browserName: chrome, browserVersion: 137.0.7151.104, chrome: {chromedriverVersion: 137.0.7151.70 (dfa4dc56b2ab..., userDataDir: C:\Users\rajum\AppData\Loca...}, fedcm:accounts: true, goog:chromeOptions: {debuggerAddress: localhost:50200}, networkConnectionEnabled: false, pageLoadStrategy: normal, platformName: windows, proxy: Proxy(), se:cdp: ws://localhost:50200/devtoo..., se:cdpVersion: 137.0.7151.104, setWindowRect: true, strictFileInteractability: false, timeouts: {implicit: 0, pageLoad: 300000, script: 30000}, unhandledPromptBehavior: dismiss and notify, webauthn:extension:credBlob: true, webauthn:extension:largeBlob: true, webauthn:extension:minPinLength: true, webauthn:extension:prf: true, webauthn:virtualAuthenticators: true}
Element: [[ChromeDriver: chrome on windows (a5dc2c571f47c24fc8adb6bd5239f64e)] -> xpath: //button[contains(text(),'3 Months')]]
Session ID: a5dc2c571f47c24fc8adb6bd5239f64e
2025-06-13 11:06:59 [main] INFO  a.pages.AccountsPage - ⏳ Waiting for spinner to fully disappear...
2025-06-13 11:07:19 [main] INFO  a.pages.AccountsPage - ✅ Spinner disappeared.
2025-06-13 11:07:19 [main] INFO  a.pages.AccountsPage - ⏳ Waiting for spinner to fully disappear...
2025-06-13 11:07:42 [main] INFO  a.pages.AccountsPage - ✅ Spinner disappeared.
2025-06-13 11:07:42 [main] INFO  a.pages.AccountsPage - ⏳ Waiting for spinner to fully disappear...
2025-06-13 11:08:02 [main] INFO  a.pages.AccountsPage - ✅ Spinner disappeared.
2025-06-13 11:08:02 [main] INFO  a.pages.AccountsPage - ✅ 3 Months Button Clicked
2025-06-13 11:08:02 [main] INFO  a.pages.AccountsPage - ⏳ Waiting for spinner to fully disappear...
2025-06-13 11:08:23 [main] INFO  a.pages.AccountsPage - ✅ Spinner disappeared.
2025-06-13 11:08:23 [main] INFO  a.pages.AccountsPage - ⏳ Waiting for spinner to fully disappear...
2025-06-13 11:08:43 [main] INFO  a.pages.AccountsPage - ✅ Spinner disappeared.
2025-06-13 11:08:43 [main] INFO  a.pages.AccountsPage - ✅ Download Button Clicked
2025-06-13 11:08:43 [main] INFO  a.pages.AccountsPage - ⏳ Waiting for spinner to fully disappear...
2025-06-13 11:09:04 [main] INFO  a.pages.AccountsPage - ✅ Spinner disappeared.
2025-06-13 11:09:04 [main] INFO  a.pages.AccountsPage - ⏳ Waiting for spinner to fully disappear...
2025-06-13 11:09:19 [main] WARN  a.pages.AccountsPage - ⚠️ Spinner wait skipped or failed gracefully.
2025-06-13 11:09:19 [main] INFO  a.pages.AccountsPage - ✅ Download Statement Button Clicked
2025-06-13 11:09:19 [main] INFO  a.pages.AccountsPage - 🎉 Statement download for 3 Months (PDF) triggered successfully.
