2025-06-17 11:19:41 [main] INFO  org.testng.internal.Utils - [Utils] MethodGroupsHelper.collectMethodsByGroup() took 2 ms.
2025-06-17 11:19:41 [main] INFO  org.testng.internal.Utils - [Utils] MethodGroupsHelper.sortMethods() took 2 ms.
2025-06-17 11:19:41 [main] INFO  org.testng.internal.Utils - [Utils] MethodGroupsHelper.collectMethodsByGroup() took 0 ms.
2025-06-17 11:19:41 [main] INFO  org.testng.internal.Utils - [Utils] MethodGroupsHelper.sortMethods() took 0 ms.
2025-06-17 11:19:41 [main] INFO  org.testng.internal.Utils - [Utils] MethodGroupsHelper.collectMethodsByGroup() took 0 ms.
2025-06-17 11:19:41 [main] INFO  org.testng.internal.Utils - [Utils] MethodGroupsHelper.sortMethods() took 0 ms.
2025-06-17 11:19:41 [main] INFO  org.testng.internal.Utils - [Utils] MethodGroupsHelper.collectMethodsByGroup() took 0 ms.
2025-06-17 11:19:41 [main] INFO  org.testng.internal.Utils - [Utils] MethodGroupsHelper.sortMethods() took 0 ms.
2025-06-17 11:19:41 [main] INFO  org.testng.internal.Utils - [Utils] MethodGroupsHelper.collectMethodsByGroup() took 5 ms.
2025-06-17 11:19:41 [main] INFO  org.testng.internal.Utils - [Utils] MethodGroupsHelper.sortMethods() took 22 ms.
2025-06-17 11:19:41 [main] INFO  org.testng.internal.Utils - [Utils] MethodGroupsHelper.collectMethodsByGroup() took 0 ms.
2025-06-17 11:19:41 [main] INFO  org.testng.internal.Utils - [Utils] MethodGroupsHelper.sortMethods() took 1 ms.
2025-06-17 11:19:41 [main] INFO  org.testng.internal.Utils - [Utils] MethodGroupsHelper.collectMethodsByGroup() took 0 ms.
2025-06-17 11:19:41 [main] INFO  org.testng.internal.Utils - [Utils] MethodGroupsHelper.sortMethods() took 0 ms.
2025-06-17 11:19:41 [main] INFO  org.testng.internal.Utils - [Utils] MethodGroupsHelper.collectMethodsByGroup() took 0 ms.
2025-06-17 11:19:41 [main] INFO  org.testng.internal.Utils - [Utils] MethodGroupsHelper.sortMethods() took 0 ms.
2025-06-17 11:19:41 [main] INFO  org.testng.internal.Utils - [Utils] MethodGroupsHelper.collectMethodsByGroup() took 0 ms.
2025-06-17 11:19:41 [main] INFO  org.testng.internal.Utils - [Utils] MethodGroupsHelper.sortMethods() took 0 ms.
2025-06-17 11:19:41 [main] INFO  org.testng.internal.Utils - [Utils] MethodGroupsHelper.collectMethodsByGroup() took 0 ms.
2025-06-17 11:19:41 [main] INFO  org.testng.internal.Utils - [Utils] MethodGroupsHelper.sortMethods() took 1 ms.
2025-06-17 11:19:41 [main] INFO  org.testng.internal.Utils - [Utils] MethodGroupsHelper.collectMethodsByGroup() took 0 ms.
2025-06-17 11:19:41 [main] INFO  org.testng.internal.Utils - [Utils] MethodGroupsHelper.sortMethods() took 0 ms.
2025-06-17 11:19:41 [main] INFO  org.testng.internal.Utils - [Utils] MethodGroupsHelper.collectMethodsByGroup() took 0 ms.
2025-06-17 11:19:41 [main] INFO  org.testng.internal.Utils - [Utils] MethodGroupsHelper.sortMethods() took 0 ms.
2025-06-17 11:19:41 [main] INFO  org.testng.internal.Utils - [Utils] MethodGroupsHelper.collectMethodsByGroup() took 1 ms.
2025-06-17 11:19:41 [main] INFO  org.testng.internal.Utils - [Utils] MethodGroupsHelper.sortMethods() took 22 ms.
2025-06-17 11:19:41 [main] INFO  org.testng.internal.Utils - [Utils] MethodGroupsHelper.collectMethodsByGroup() took 0 ms.
2025-06-17 11:19:41 [main] INFO  org.testng.internal.Utils - [Utils] MethodGroupsHelper.sortMethods() took 0 ms.
2025-06-17 11:19:41 [main] INFO  org.testng.internal.Utils - [Utils] MethodGroupsHelper.collectMethodsByGroup() took 0 ms.
2025-06-17 11:19:41 [main] INFO  org.testng.internal.Utils - [Utils] MethodGroupsHelper.sortMethods() took 0 ms.
2025-06-17 11:19:41 [main] INFO  org.testng.internal.Utils - [TestNG] Running:
  C:\Users\rajum\AppData\Local\Temp\testng-eclipse-1913095285\testng-customsuite.xml

2025-06-17 11:19:41 [main] INFO  org.testng.internal.Utils - [Utils] DynamicGraphHelper.createDynamicGraph() took 16 ms.
2025-06-17 11:19:41 [main] INFO  automationFramework.utils.LoggerUtil - Initializing browser and report...
2025-06-17 11:19:43 [main] INFO  i.g.bonigarcia.wdm.WebDriverManager - Using chromedriver 137.0.7151.70 (resolved driver for Chrome 137)
2025-06-17 11:19:43 [main] INFO  i.g.bonigarcia.wdm.WebDriverManager - Exporting webdriver.chrome.driver as C:\Users\rajum\.cache\selenium\chromedriver\win64\137.0.7151.70\chromedriver.exe
2025-06-17 11:19:46 [main] INFO  automationFramework.utils.LoggerUtil - Setup complete.
2025-06-17 11:19:46 [main] INFO  automationFramework.pages.LoginPage - ✅ Captcha wait time loaded: 10 seconds
2025-06-17 11:19:54 [main] INFO  automationFramework.pages.LoginPage - 🟦 Navigated to URL: https://uatnet.svcbank.com/ReachSVCInet/SVC-web/inet/netbanking
2025-06-17 11:19:54 [main] INFO  automationFramework.pages.LoginPage - ✅ Entered username: TEST001
2025-06-17 11:19:54 [main] INFO  automationFramework.pages.LoginPage - ⏳ Waiting for manual captcha input (10 seconds)
2025-06-17 11:20:05 [main] INFO  automationFramework.pages.LoginPage - ✅ Clicked first Login button
2025-06-17 11:20:07 [main] INFO  automationFramework.pages.LoginPage - ✅ Entered password
2025-06-17 11:20:08 [main] INFO  automationFramework.pages.LoginPage - ✅ Clicked final Login button
2025-06-17 11:20:12 [main] INFO  automationFramework.pages.LoginPage - 🎉 Login successful for user: TEST001
2025-06-17 11:20:12 [main] INFO  a.pages.PaymentHistoryPage - 🟦 [STEP] Clicking on the Payment tab.
2025-06-17 11:20:12 [main] INFO  a.pages.PaymentHistoryPage - ⏳ Waiting for spinner to fully disappear...
2025-06-17 11:20:19 [main] INFO  a.pages.PaymentHistoryPage - ✅ Spinner disappeared.
2025-06-17 11:20:19 [main] INFO  a.pages.PaymentHistoryPage - ⏳ Waiting for spinner to fully disappear...
2025-06-17 11:20:21 [main] INFO  a.pages.PaymentHistoryPage - ✅ Spinner disappeared.
2025-06-17 11:20:21 [main] INFO  a.pages.PaymentHistoryPage - ✅ [SUCCESS] Payment tab clicked.
2025-06-17 11:20:21 [main] INFO  a.pages.PaymentHistoryPage - ⏳ Waiting for spinner to fully disappear...
2025-06-17 11:20:21 [main] INFO  a.pages.PaymentHistoryPage - ✅ Spinner disappeared.
2025-06-17 11:20:21 [main] INFO  a.pages.PaymentHistoryPage - 🧪=== Starting Positive Test Cases for NETF transaction for Payment to payee ===
2025-06-17 11:20:21 [main] INFO  a.pages.PaymentHistoryPage - 🚀 [START] Initiating payment to payee: DXFCHGV
2025-06-17 11:20:21 [main] INFO  a.pages.PaymentHistoryPage - ⏳ Waiting for spinner to fully disappear...
2025-06-17 11:20:21 [main] INFO  a.pages.PaymentHistoryPage - ✅ Spinner disappeared.
2025-06-17 11:20:22 [main] INFO  a.pages.PaymentHistoryPage - ⏳ Waiting for spinner to fully disappear...
2025-06-17 11:20:22 [main] INFO  a.pages.PaymentHistoryPage - ✅ Spinner disappeared.
2025-06-17 11:20:22 [main] INFO  a.pages.PaymentHistoryPage - ✅ [SUCCESS] Payee selected: DXFCHGV
2025-06-17 11:20:23 [main] INFO  a.pages.PaymentHistoryPage - ✅ [SUCCESS] Entered amount: ₹1
2025-06-17 11:20:23 [main] INFO  a.pages.PaymentHistoryPage - ⏳ Waiting for spinner to fully disappear...
2025-06-17 11:20:24 [main] INFO  a.pages.PaymentHistoryPage - ✅ Spinner disappeared.
2025-06-17 11:20:24 [main] INFO  a.pages.PaymentHistoryPage - 🟦 [STEP] Selecting NEFT option
2025-06-17 11:20:24 [main] INFO  a.pages.PaymentHistoryPage - Attempting to click NEFT option (Attempt 1)
2025-06-17 11:20:24 [main] INFO  a.pages.PaymentHistoryPage - 🔄 NEFT clicked via Actions.
2025-06-17 11:20:25 [main] INFO  a.pages.PaymentHistoryPage - ✅ NEFT option selected successfully.
2025-06-17 11:20:25 [main] INFO  a.pages.PaymentHistoryPage - ✅ [SUCCESS] Entered remarks: test value
2025-06-17 11:20:25 [main] INFO  a.pages.PaymentHistoryPage - ⏳ Waiting for spinner to fully disappear...
2025-06-17 11:20:26 [main] INFO  a.pages.PaymentHistoryPage - ✅ Spinner disappeared.
2025-06-17 11:20:26 [main] INFO  a.pages.PaymentHistoryPage - ⏳ Waiting for spinner to fully disappear...
2025-06-17 11:20:26 [main] INFO  a.pages.PaymentHistoryPage - ✅ Spinner disappeared.
2025-06-17 11:20:26 [main] INFO  a.pages.PaymentHistoryPage - ✅ [SUCCESS] Clicked Proceed after remarks.
2025-06-17 11:20:26 [main] INFO  a.pages.PaymentHistoryPage - ⏳ Waiting for spinner to fully disappear...
2025-06-17 11:20:27 [main] INFO  a.pages.PaymentHistoryPage - ✅ Spinner disappeared.
2025-06-17 11:20:27 [main] INFO  a.pages.PaymentHistoryPage - ⏳ Waiting for spinner to fully disappear...
2025-06-17 11:20:28 [main] INFO  a.pages.PaymentHistoryPage - ✅ Spinner disappeared.
2025-06-17 11:20:28 [main] INFO  a.pages.PaymentHistoryPage - ✅ [SUCCESS] Confirm button clicked.
2025-06-17 11:20:28 [main] INFO  a.pages.PaymentHistoryPage - ✅ [SUCCESS] OTP entered.
2025-06-17 11:20:28 [main] INFO  a.pages.PaymentHistoryPage - Waiting for any overlay/spinner to disappear.
2025-06-17 11:20:28 [main] INFO  a.pages.PaymentHistoryPage - ✅ [SUCCESS] Final Proceed clicked after OTP.
2025-06-17 11:20:34 [main] INFO  a.pages.PaymentHistoryPage - ✅ [SUCCESS] Close button clicked.
2025-06-17 11:20:34 [main] INFO  a.pages.PaymentHistoryPage - 🎉 [DONE] ✅ Positive test cases for Payment to payee DXFCHGV successfully executed.
2025-06-17 11:20:34 [main] INFO  a.pages.PaymentHistoryPage - 🟦 [STEP] Clicking on the Payment tab.
2025-06-17 11:20:34 [main] INFO  a.pages.PaymentHistoryPage - ⏳ Waiting for spinner to fully disappear...
2025-06-17 11:20:39 [main] INFO  a.pages.PaymentHistoryPage - ✅ Spinner disappeared.
2025-06-17 11:20:39 [main] INFO  a.pages.PaymentHistoryPage - ⏳ Waiting for spinner to fully disappear...
2025-06-17 11:20:41 [main] INFO  a.pages.PaymentHistoryPage - ✅ Spinner disappeared.
2025-06-17 11:20:41 [main] INFO  a.pages.PaymentHistoryPage - ✅ [SUCCESS] Payment tab clicked.
2025-06-17 11:20:41 [main] INFO  a.pages.PaymentHistoryPage - ⏳ Waiting for spinner to fully disappear...
2025-06-17 11:20:42 [main] INFO  a.pages.PaymentHistoryPage - ✅ Spinner disappeared.
2025-06-17 11:20:42 [main] INFO  a.pages.PaymentHistoryPage - 🧪=== Starting Negative Test Cases for NETF transaction for Payment to payee ===
2025-06-17 11:20:42 [main] INFO  a.pages.PaymentHistoryPage - 🔹 Step : Selecting payee: DXFCHGV
2025-06-17 11:20:42 [main] INFO  a.pages.PaymentHistoryPage - ⏳ Waiting for spinner to fully disappear...
2025-06-17 11:20:42 [main] INFO  a.pages.PaymentHistoryPage - ✅ Spinner disappeared.
2025-06-17 11:20:42 [main] INFO  a.pages.PaymentHistoryPage - ⏳ Waiting for spinner to fully disappear...
2025-06-17 11:20:43 [main] INFO  a.pages.PaymentHistoryPage - ✅ Spinner disappeared.
2025-06-17 11:20:43 [main] INFO  a.pages.PaymentHistoryPage - ✅ Payee selected successfully.
2025-06-17 11:20:43 [main] INFO  a.pages.PaymentHistoryPage - 
🔸 Test Case 1: Blank Amount
2025-06-17 11:20:43 [main] INFO  a.pages.PaymentHistoryPage - ⏳ Waiting for spinner to fully disappear...
2025-06-17 11:20:46 [main] INFO  a.pages.PaymentHistoryPage - ✅ Spinner disappeared.
2025-06-17 11:20:46 [main] INFO  a.pages.PaymentHistoryPage - ⏳ Waiting for spinner to fully disappear...
2025-06-17 11:20:46 [main] INFO  a.pages.PaymentHistoryPage - ✅ Spinner disappeared.
2025-06-17 11:20:47 [main] INFO  a.pages.PaymentHistoryPage - [SUCCESS] ✅ Correct error displayed: 'Amount is required'
2025-06-17 11:20:47 [main] INFO  a.pages.PaymentHistoryPage - 
🔸 Test Case 2: Special Characters (@#$%)
2025-06-17 11:20:47 [main] INFO  a.pages.PaymentHistoryPage - [SUCCESS] ✅ Special characters were blocked as expected.
2025-06-17 11:20:47 [main] INFO  a.pages.PaymentHistoryPage - 
🔸 Test Case 3: Alphanumeric Characters (123abc)
2025-06-17 11:20:47 [main] INFO  a.pages.PaymentHistoryPage - [SUCCESS] ✅ Field blocked alphanumeric input completely.
2025-06-17 11:20:47 [main] INFO  a.pages.PaymentHistoryPage - 
🔸 Test Case 4: Zero Amount (0)
2025-06-17 11:20:47 [main] INFO  a.pages.PaymentHistoryPage - ⏳ Waiting for spinner to fully disappear...
2025-06-17 11:20:47 [main] INFO  a.pages.PaymentHistoryPage - ✅ Spinner disappeared.
2025-06-17 11:20:47 [main] INFO  a.pages.PaymentHistoryPage - ⏳ Waiting for spinner to fully disappear...
2025-06-17 11:20:48 [main] INFO  a.pages.PaymentHistoryPage - ✅ Spinner disappeared.
2025-06-17 11:20:48 [main] INFO  a.pages.PaymentHistoryPage - [SUCCESS] ✅ Correct validation message shown: 'Minimum amount is 1.00'
2025-06-17 11:20:48 [main] INFO  a.pages.PaymentHistoryPage - 
🔸 Test Case 5: Amount Greater Than Account Balance
2025-06-17 11:20:48 [main] INFO  a.pages.PaymentHistoryPage - Fetched account balance: ₹2791812
2025-06-17 11:20:48 [main] INFO  a.pages.PaymentHistoryPage - Attempting to enter over-limit amount: ₹2792312
2025-06-17 11:20:49 [main] INFO  a.pages.PaymentHistoryPage - ✅ Over-limit amount successfully typed: '2792312'
2025-06-17 11:20:50 [main] INFO  a.pages.PaymentHistoryPage - ✅ 'Insufficient balance' popup displayed.
2025-06-17 11:20:50 [main] INFO  a.pages.PaymentHistoryPage - ✅ Clicked 'Okay' button on popup.
2025-06-17 11:20:50 [main] INFO  a.pages.PaymentHistoryPage - [SUCCESS] ✅ Error Pop up Shown while Putting greater amount of account balance as Insufficient balance 
2025-06-17 11:20:50 [main] INFO  a.pages.PaymentHistoryPage - 
🔸 Test Case 6: Leave Remarks Field Blank and Proceed
2025-06-17 11:20:50 [main] INFO  a.pages.PaymentHistoryPage - ✅ Remarks field cleared (left blank).
2025-06-17 11:20:50 [main] INFO  a.pages.PaymentHistoryPage - ⏳ Waiting for spinner to fully disappear...
2025-06-17 11:20:51 [main] INFO  a.pages.PaymentHistoryPage - ✅ Spinner disappeared.
2025-06-17 11:20:51 [main] INFO  a.pages.PaymentHistoryPage - 🟦 [STEP] Selecting NEFT option
2025-06-17 11:20:51 [main] INFO  a.pages.PaymentHistoryPage - Attempting to click NEFT option (Attempt 1)
2025-06-17 11:20:51 [main] INFO  a.pages.PaymentHistoryPage - 🔄 NEFT clicked via Actions.
2025-06-17 11:20:52 [main] WARN  a.pages.PaymentHistoryPage - ⚠️ NEFT not selected yet. Retrying...
2025-06-17 11:20:52 [main] INFO  a.pages.PaymentHistoryPage - Attempting to click NEFT option (Attempt 2)
2025-06-17 11:20:53 [main] INFO  a.pages.PaymentHistoryPage - 🔄 NEFT clicked via Actions.
2025-06-17 11:20:53 [main] WARN  a.pages.PaymentHistoryPage - ⚠️ NEFT not selected yet. Retrying...
2025-06-17 11:20:53 [main] INFO  a.pages.PaymentHistoryPage - Attempting to click NEFT option (Attempt 3)
2025-06-17 11:20:54 [main] INFO  a.pages.PaymentHistoryPage - 🔄 NEFT clicked via Actions.
2025-06-17 11:20:54 [main] WARN  a.pages.PaymentHistoryPage - ⚠️ NEFT not selected yet. Retrying...
2025-06-17 11:20:54 [main] INFO  a.pages.PaymentHistoryPage - Attempting to click NEFT option (Attempt 4)
2025-06-17 11:20:55 [main] INFO  a.pages.PaymentHistoryPage - 🔄 NEFT clicked via Actions.
2025-06-17 11:20:56 [main] INFO  a.pages.PaymentHistoryPage - ✅ NEFT option selected successfully.
2025-06-17 11:20:56 [main] INFO  a.pages.PaymentHistoryPage - ⏳ Waiting for spinner to fully disappear...
2025-06-17 11:20:56 [main] INFO  a.pages.PaymentHistoryPage - ✅ Spinner disappeared.
2025-06-17 11:20:56 [main] INFO  a.pages.PaymentHistoryPage - ⏳ Waiting for spinner to fully disappear...
2025-06-17 11:20:56 [main] INFO  a.pages.PaymentHistoryPage - ✅ Spinner disappeared.
2025-06-17 11:20:56 [main] INFO  a.pages.PaymentHistoryPage - ⏳ Waiting for spinner to fully disappear...
2025-06-17 11:20:57 [main] INFO  a.pages.PaymentHistoryPage - ✅ Spinner disappeared.
2025-06-17 11:20:57 [main] INFO  a.pages.PaymentHistoryPage - ⏳ Waiting for spinner to fully disappear...
2025-06-17 11:20:57 [main] INFO  a.pages.PaymentHistoryPage - ✅ Spinner disappeared.
2025-06-17 11:21:00 [main] INFO  a.pages.PaymentHistoryPage - ✅ [SUCCESS] OTP entered.
2025-06-17 11:21:00 [main] INFO  a.pages.PaymentHistoryPage - Waiting for any overlay/spinner to disappear.
2025-06-17 11:21:00 [main] INFO  a.pages.PaymentHistoryPage - ✅ Final Proceed button clicked.
2025-06-17 11:21:02 [main] INFO  a.pages.PaymentHistoryPage - [SUCCESS] ✅ Transaction succeeded with blank remarks.
2025-06-17 11:21:06 [main] INFO  a.pages.PaymentHistoryPage - ✅ [SUCCESS] Close button clicked.
2025-06-17 11:21:06 [main] INFO  a.pages.PaymentHistoryPage - 
🔸 Test Case 7: Enter Invalid OTP
2025-06-17 11:21:06 [main] INFO  a.pages.PaymentHistoryPage - ⏳ Waiting for spinner to fully disappear...
2025-06-17 11:21:21 [main] WARN  a.pages.PaymentHistoryPage - ⚠️ Spinner wait skipped or failed gracefully.
2025-06-17 11:21:22 [main] WARN  a.pages.PaymentHistoryPage - ⚠️ Click intercepted attempt 1/3: element click intercepted: Element <span _ngcontent-ng-c1649134761="" class="font-semibold mb-1">...</span> is not clickable at point (483, 361). Other element would receive the click: <div _ngcontent-ng-c587276320="" class="ngx-spinner-overlay ng-tns-c587276320-1 ng-trigger ng-trigger-fadeIn ng-star-inserted ng-animating" style="background-color: rgba(51, 51, 51, 0.8); z-index: 99999; position: fixed;">...</div>
  (Session info: chrome=137.0.7151.104)
Build info: version: '4.20.0', revision: '866c76ca80'
System info: os.name: 'Windows 11', os.arch: 'amd64', os.version: '10.0', java.version: '17.0.12'
Driver info: org.openqa.selenium.chrome.ChromeDriver
Command: [010655c9f40c6fce4324446b8c343ede, clickElement {id=f.036E02F91D19D1C6B80A5E04FECBACD5.d.B2B74D89889F6D6A99D1C04E89AC7D40.e.256}]
Capabilities {acceptInsecureCerts: false, browserName: chrome, browserVersion: 137.0.7151.104, chrome: {chromedriverVersion: 137.0.7151.70 (dfa4dc56b2ab..., userDataDir: C:\Users\rajum\AppData\Loca...}, fedcm:accounts: true, goog:chromeOptions: {debuggerAddress: localhost:51633}, networkConnectionEnabled: false, pageLoadStrategy: normal, platformName: windows, proxy: Proxy(), se:cdp: ws://localhost:51633/devtoo..., se:cdpVersion: 137.0.7151.104, setWindowRect: true, strictFileInteractability: false, timeouts: {implicit: 0, pageLoad: 300000, script: 30000}, unhandledPromptBehavior: dismiss and notify, webauthn:extension:credBlob: true, webauthn:extension:largeBlob: true, webauthn:extension:minPinLength: true, webauthn:extension:prf: true, webauthn:virtualAuthenticators: true}
Element: [[ChromeDriver: chrome on windows (010655c9f40c6fce4324446b8c343ede)] -> xpath: //span[contains(@class, 'font-semibold') and text()='DXFCHGV']]
Session ID: 010655c9f40c6fce4324446b8c343ede
2025-06-17 11:21:23 [main] INFO  a.pages.PaymentHistoryPage - ⏳ Waiting for spinner to fully disappear...
2025-06-17 11:21:25 [main] INFO  a.pages.PaymentHistoryPage - ✅ Spinner disappeared.
2025-06-17 11:21:25 [main] INFO  a.pages.PaymentHistoryPage - ⏳ Waiting for spinner to fully disappear...
2025-06-17 11:21:32 [main] INFO  a.pages.PaymentHistoryPage - ✅ Spinner disappeared.
2025-06-17 11:21:32 [main] INFO  a.pages.PaymentHistoryPage - ✅ [SUCCESS] Entered amount: ₹3
2025-06-17 11:21:32 [main] INFO  a.pages.PaymentHistoryPage - ⏳ Waiting for spinner to fully disappear...
2025-06-17 11:21:32 [main] INFO  a.pages.PaymentHistoryPage - ✅ Spinner disappeared.
2025-06-17 11:21:32 [main] INFO  a.pages.PaymentHistoryPage - 🟦 [STEP] Selecting NEFT option
2025-06-17 11:21:32 [main] INFO  a.pages.PaymentHistoryPage - Attempting to click NEFT option (Attempt 1)
2025-06-17 11:21:33 [main] INFO  a.pages.PaymentHistoryPage - 🔄 NEFT clicked via Actions.
2025-06-17 11:21:34 [main] WARN  a.pages.PaymentHistoryPage - ⚠️ NEFT not selected yet. Retrying...
2025-06-17 11:21:34 [main] INFO  a.pages.PaymentHistoryPage - Attempting to click NEFT option (Attempt 2)
2025-06-17 11:21:34 [main] INFO  a.pages.PaymentHistoryPage - 🔄 NEFT clicked via Actions.
2025-06-17 11:21:35 [main] INFO  a.pages.PaymentHistoryPage - ✅ NEFT option selected successfully.
2025-06-17 11:21:35 [main] INFO  a.pages.PaymentHistoryPage - ✅ [SUCCESS] Entered remarks: test value
2025-06-17 11:21:35 [main] INFO  a.pages.PaymentHistoryPage - ⏳ Waiting for spinner to fully disappear...
2025-06-17 11:21:35 [main] INFO  a.pages.PaymentHistoryPage - ✅ Spinner disappeared.
2025-06-17 11:21:35 [main] INFO  a.pages.PaymentHistoryPage - ⏳ Waiting for spinner to fully disappear...
2025-06-17 11:21:36 [main] INFO  a.pages.PaymentHistoryPage - ✅ Spinner disappeared.
2025-06-17 11:21:36 [main] INFO  a.pages.PaymentHistoryPage - ✅ [SUCCESS] Clicked Proceed after remarks.
2025-06-17 11:21:36 [main] INFO  a.pages.PaymentHistoryPage - ⏳ Waiting for spinner to fully disappear...
2025-06-17 11:21:36 [main] INFO  a.pages.PaymentHistoryPage - ✅ Spinner disappeared.
2025-06-17 11:21:36 [main] INFO  a.pages.PaymentHistoryPage - ⏳ Waiting for spinner to fully disappear...
2025-06-17 11:21:37 [main] INFO  a.pages.PaymentHistoryPage - ✅ Spinner disappeared.
2025-06-17 11:21:37 [main] INFO  a.pages.PaymentHistoryPage - ✅ [SUCCESS] Confirm button clicked.
2025-06-17 11:21:38 [main] INFO  a.pages.PaymentHistoryPage - ✅ [SUCCESS] OTP entered.
2025-06-17 11:21:38 [main] INFO  a.pages.PaymentHistoryPage - Waiting for any overlay/spinner to disappear.
2025-06-17 11:21:38 [main] INFO  a.pages.PaymentHistoryPage - ✅ [SUCCESS] Final Proceed clicked after OTP.
2025-06-17 11:21:39 [main] INFO  a.pages.PaymentHistoryPage - ✅ Correct error message displayed: 'Invalid OTP'
2025-06-17 11:21:40 [main] INFO  a.pages.PaymentHistoryPage - ⏳ Waiting for spinner to fully disappear...
2025-06-17 11:21:51 [main] INFO  a.pages.PaymentHistoryPage - ✅ Spinner disappeared.
2025-06-17 11:21:51 [main] INFO  a.pages.PaymentHistoryPage - ⏳ Waiting for spinner to fully disappear...
2025-06-17 11:21:52 [main] INFO  a.pages.PaymentHistoryPage - ✅ Spinner disappeared.
2025-06-17 11:21:52 [main] INFO  a.pages.PaymentHistoryPage - ⏳ Waiting for spinner to fully disappear...
2025-06-17 11:21:52 [main] INFO  a.pages.PaymentHistoryPage - ✅ Spinner disappeared.
2025-06-17 11:21:52 [main] INFO  a.pages.PaymentHistoryPage - ⏳ Waiting for spinner to fully disappear...
2025-06-17 11:21:53 [main] INFO  a.pages.PaymentHistoryPage - ✅ Spinner disappeared.
2025-06-17 11:21:53 [main] INFO  a.pages.PaymentHistoryPage - 
✅ All negative test cases executed.
2025-06-17 11:21:53 [main] INFO  automationFramework.utils.LoggerUtil - Flushing extent report...
2025-06-17 11:21:53 [main] INFO  automationFramework.utils.LoggerUtil - 📧 Sending report via email...
2025-06-17 11:21:59 [main] INFO  org.testng.internal.Utils - [TestNG] Time taken by org.testng.reporters.jq.Main@556aed22: 74 ms
2025-06-17 11:21:59 [main] INFO  org.testng.internal.Utils - [TestNG] Time taken by org.testng.reporters.FailedReporter@1b69fc07: 1 ms
2025-06-17 11:21:59 [main] INFO  org.testng.internal.Utils - [TestNG] Time taken by org.testng.reporters.XMLReporter@54f373d4: 13 ms
2025-06-17 11:21:59 [main] INFO  org.testng.internal.Utils - [TestNG] Time taken by org.testng.reporters.EmailableReporter2@43f99817: 8 ms
2025-06-17 11:21:59 [main] INFO  org.testng.internal.Utils - [TestNG] Time taken by org.testng.reporters.JUnitReportReporter@4946485c: 8 ms
2025-06-17 11:21:59 [main] INFO  org.testng.internal.Utils - [TestNG] Time taken by org.testng.internal.ExitCodeListener@4ae958b0: 0 ms
