2025-06-12 13:20:15 [main] WARN  org.testng.xml.TestNGContentHandler - Failed to read [/C:/Users/rajum/eclipse-workspace/ToolsQA/SeleniumAutomotionSVCUATIB/testng-1.1.dtd] from CLASSPATH. Attempting to read from [file:///C:/Users/rajum/eclipse-workspace/ToolsQA/SeleniumAutomotionSVCUATIB/testng-1.1.dtd].
2025-06-12 13:20:15 [main] WARN  org.testng.xml.TestNGContentHandler - It is strongly recommended to add "<!DOCTYPE suite SYSTEM "https://testng.org/testng-1.1.dtd" >" at the top of the suite file [C:\Users\rajum\eclipse-workspace\ToolsQA\SeleniumAutomotionSVCUATIB\src\main\resources\testng.xml] otherwise TestNG may fail or not work as expected.
2025-06-12 13:20:16 [main] INFO  org.testng.internal.Utils - [TestNG] Running:
  C:\Users\rajum\eclipse-workspace\ToolsQA\SeleniumAutomotionSVCUATIB\src\main\resources\testng.xml

2025-06-12 13:20:18 [main] INFO  i.g.bonigarcia.wdm.WebDriverManager - Using chromedriver 137.0.7151.70 (resolved driver for Chrome 137)
2025-06-12 13:20:18 [main] INFO  i.g.bonigarcia.wdm.WebDriverManager - Exporting webdriver.chrome.driver as C:\Users\rajum\.cache\selenium\chromedriver\win64\137.0.7151.70\chromedriver.exe
2025-06-12 13:20:20 [main] INFO  automationFramework.pages.LoginPage - ✅ [SUCCESS] Config loaded from 'config.properties': captcha.wait.seconds = 10 seconds.
2025-06-12 13:20:24 [main] INFO  automationFramework.pages.LoginPage - 🟦 [STEP] Navigated to URL: https://uatnet.svcbank.com/ReachSVCInet/SVC-web/inet/netbanking
2025-06-12 13:20:24 [main] INFO  automationFramework.pages.LoginPage - ✅ [SUCCESS] Entered username: TEST001
2025-06-12 13:20:24 [main] INFO  automationFramework.pages.LoginPage - ⏳ [WAIT] Waiting for manual captcha input. You have 10 seconds.
2025-06-12 13:20:34 [main] INFO  automationFramework.pages.LoginPage - ✅ [SUCCESS] Clicked first Login button (after captcha).
2025-06-12 13:20:35 [main] INFO  automationFramework.pages.LoginPage - ✅ [SUCCESS] Entered password.
2025-06-12 13:20:35 [main] INFO  automationFramework.pages.LoginPage - ✅ [SUCCESS] Clicked final Login button.
2025-06-12 13:20:35 [main] INFO  automationFramework.pages.LoginPage - 🎉 [DONE] Login Test Completed successfully for user: TEST001.
2025-06-12 13:20:35 [main] INFO  a.AccountsPageTestCase - ========== Starting Account Summary Test ==========
2025-06-12 13:20:35 [main] INFO  a.pages.AccountsPage - Navigating to Accounts Tab...
2025-06-12 13:21:04 [main] INFO  a.pages.AccountsPage - 'View Balance Components' button in view.
2025-06-12 13:21:04 [main] INFO  a.pages.AccountsPage - Clicking 'View Balance Components'...
2025-06-12 13:21:46 [main] INFO  a.pages.AccountsPage - Closing balance modal...
2025-06-12 13:22:26 [main] INFO  a.AccountsPageTestCase - ✅ Account Summary Test completed successfully.
2025-06-12 13:22:26 [main] INFO  a.AccountsPageTestCase - ========== Account Summary Test Finished ==========
2025-06-12 13:22:26 [main] INFO  a.AccountsPageTestCase - ========== Starting Statement Download Test ==========
2025-06-12 13:22:26 [main] INFO  a.pages.AccountsPage - Navigating to Accounts Tab...
2025-06-12 13:22:50 [main] INFO  a.pages.AccountsPage - Opening Detailed Statement section...
2025-06-12 13:23:11 [main] INFO  a.pages.AccountsPage - Selecting statement range: 1 Month
2025-06-12 13:23:32 [main] INFO  a.pages.AccountsPage - Downloading statement in format: pdf
2025-06-12 13:24:37 [main] WARN  a.pages.AccountsPage - Spinner not found or already gone.
2025-06-12 13:24:37 [main] INFO  a.pages.AccountsPage - Statement download triggered.
2025-06-12 13:24:37 [main] INFO  a.AccountsPageTestCase - ✅ Statement Download Test completed successfully.
2025-06-12 13:24:37 [main] INFO  a.AccountsPageTestCase - ========== Statement Download Test Finished ==========
