2025-06-17 15:42:35 [main] WARN  org.testng.xml.TestNGContentHandler - Failed to read [/C:/Users/rajum/eclipse-workspace/ToolsQA/SeleniumAutomotionSVCUATIB/testng-1.1.dtd] from CLASSPATH. Attempting to read from [file:///C:/Users/rajum/eclipse-workspace/ToolsQA/SeleniumAutomotionSVCUATIB/testng-1.1.dtd].
2025-06-17 15:42:35 [main] WARN  org.testng.xml.TestNGContentHandler - It is strongly recommended to add "<!DOCTYPE suite SYSTEM "https://testng.org/testng-1.1.dtd" >" at the top of the suite file [C:\Users\rajum\eclipse-workspace\ToolsQA\SeleniumAutomotionSVCUATIB\src\main\resources\testng.xml] otherwise TestNG may fail or not work as expected.
2025-06-17 15:42:36 [main] INFO  org.testng.internal.Utils - [TestNG] Running:
  C:\Users\rajum\eclipse-workspace\ToolsQA\SeleniumAutomotionSVCUATIB\src\main\resources\testng.xml

2025-06-17 15:42:36 [main] INFO  automationFramework.utils.LoggerUtil - 🔧 Starting browser and loading properties...
2025-06-17 15:42:38 [main] INFO  i.g.bonigarcia.wdm.WebDriverManager - Using chromedriver 137.0.7151.70 (resolved driver for Chrome 137)
2025-06-17 15:42:38 [main] INFO  i.g.bonigarcia.wdm.WebDriverManager - Exporting webdriver.chrome.driver as C:\Users\rajum\.cache\selenium\chromedriver\win64\137.0.7151.70\chromedriver.exe
2025-06-17 15:42:41 [main] INFO  automationFramework.pages.LoginPage - ✅ Captcha wait time loaded: 10 seconds
2025-06-17 15:42:48 [main] INFO  automationFramework.pages.LoginPage - 🟦 Navigated to URL: https://uatnet.svcbank.com/ReachSVCInet/SVC-web/inet/netbanking
2025-06-17 15:42:49 [main] INFO  automationFramework.pages.LoginPage - ✅ Entered username: TEST001
2025-06-17 15:42:49 [main] INFO  automationFramework.pages.LoginPage - ⏳ Waiting for manual captcha input (10 seconds)
2025-06-17 15:42:59 [main] INFO  automationFramework.pages.LoginPage - ✅ Clicked first Login button
2025-06-17 15:43:06 [main] INFO  automationFramework.pages.LoginPage - ✅ Entered password
2025-06-17 15:43:06 [main] INFO  automationFramework.pages.LoginPage - ✅ Clicked final Login button
2025-06-17 15:43:13 [main] INFO  automationFramework.pages.LoginPage - 🎉 Login successful for user: TEST001
2025-06-17 15:43:13 [main] INFO  automationFramework.utils.LoggerUtil - ✅ Setup complete.
2025-06-17 15:43:13 [main] INFO  a.pages.AccountsPage - Clicking Accounts Tab
2025-06-17 15:43:13 [main] INFO  a.pages.AccountsPage - ⏳ Waiting for spinner to fully disappear...
2025-06-17 15:43:27 [main] INFO  a.pages.AccountsPage - ✅ Spinner disappeared.
2025-06-17 15:43:27 [main] INFO  a.pages.AccountsPage - ⏳ Waiting for spinner to fully disappear...
2025-06-17 15:43:28 [main] INFO  a.pages.AccountsPage - ✅ Spinner disappeared.
2025-06-17 15:43:28 [main] INFO  a.pages.AccountsPage - ⏳ Waiting for spinner to fully disappear...
2025-06-17 15:43:41 [main] INFO  a.pages.AccountsPage - ✅ Spinner disappeared.
2025-06-17 15:43:56 [main] INFO  a.pages.AccountsPage - ✅ Accounts Tab Clicked
2025-06-17 15:43:56 [main] INFO  a.pages.AccountsPage - ⏳ Waiting for spinner to fully disappear...
2025-06-17 15:44:07 [main] INFO  a.pages.AccountsPage - ✅ Spinner disappeared.
2025-06-17 15:44:22 [main] INFO  a.pages.AccountsPage - Scrolling to 'View Balance Components' button
2025-06-17 15:44:22 [main] INFO  a.pages.AccountsPage - ⏳ Waiting for spinner to fully disappear...
2025-06-17 15:44:32 [main] INFO  a.pages.AccountsPage - ✅ Spinner disappeared.
2025-06-17 15:44:47 [main] INFO  a.pages.AccountsPage - Clicking 'View Balance Components' button
2025-06-17 15:44:47 [main] INFO  a.pages.AccountsPage - ⏳ Waiting for spinner to fully disappear...
2025-06-17 15:44:58 [main] INFO  a.pages.AccountsPage - ✅ Spinner disappeared.
2025-06-17 15:44:58 [main] INFO  a.pages.AccountsPage - ⏳ Waiting for spinner to fully disappear...
2025-06-17 15:45:08 [main] INFO  a.pages.AccountsPage - ✅ Spinner disappeared.
2025-06-17 15:45:08 [main] INFO  a.pages.AccountsPage - ⏳ Waiting for spinner to fully disappear...
2025-06-17 15:45:22 [main] INFO  a.pages.AccountsPage - ✅ Spinner disappeared.
2025-06-17 15:45:22 [main] INFO  a.pages.AccountsPage - ⏳ Waiting for spinner to fully disappear...
2025-06-17 15:45:33 [main] INFO  a.pages.AccountsPage - ✅ Spinner disappeared.
2025-06-17 15:45:48 [main] INFO  a.pages.AccountsPage - Closing balance modal
2025-06-17 15:45:48 [main] INFO  a.pages.AccountsPage - ⏳ Waiting for spinner to fully disappear...
2025-06-17 15:45:58 [main] INFO  a.pages.AccountsPage - ✅ Spinner disappeared.
2025-06-17 15:45:58 [main] INFO  a.pages.AccountsPage - ⏳ Waiting for spinner to fully disappear...
2025-06-17 15:46:09 [main] INFO  a.pages.AccountsPage - ✅ Spinner disappeared.
2025-06-17 15:46:09 [main] INFO  a.pages.AccountsPage - ⏳ Waiting for spinner to fully disappear...
2025-06-17 15:46:19 [main] INFO  a.pages.AccountsPage - ✅ Spinner disappeared.
2025-06-17 15:46:19 [main] INFO  a.pages.AccountsPage - ✅ Modal closed.
2025-06-17 15:46:19 [main] INFO  a.pages.AccountsPage - ⏳ Waiting for spinner to fully disappear...
2025-06-17 15:46:29 [main] INFO  a.pages.AccountsPage - ✅ Spinner disappeared.
2025-06-17 15:46:45 [main] INFO  a.pages.AccountsPage - ▶️ Download 1 Month Statement in PDF format
2025-06-17 15:46:45 [main] INFO  a.pages.AccountsPage - ⏳ Waiting for spinner to fully disappear...
2025-06-17 15:46:55 [main] INFO  a.pages.AccountsPage - ✅ Spinner disappeared.
2025-06-17 15:46:55 [main] INFO  a.pages.AccountsPage - ⏳ Waiting for spinner to fully disappear...
2025-06-17 15:47:11 [main] WARN  a.pages.AccountsPage - ⚠️ Spinner wait skipped or failed gracefully.
2025-06-17 15:47:11 [main] INFO  a.pages.AccountsPage - ⏳ Waiting for spinner to fully disappear...
2025-06-17 15:47:15 [main] WARN  a.pages.AccountsPage - ⚠️ Spinner wait skipped or failed gracefully.
2025-06-17 15:47:30 [main] INFO  a.pages.AccountsPage - ⏳ Waiting for spinner to fully disappear...
2025-06-17 15:47:40 [main] INFO  a.pages.AccountsPage - ✅ Spinner disappeared.
2025-06-17 15:47:40 [main] INFO  a.pages.AccountsPage - ⏳ Waiting for spinner to fully disappear...
2025-06-17 15:47:51 [main] INFO  a.pages.AccountsPage - ✅ Spinner disappeared.
2025-06-17 15:47:51 [main] INFO  a.pages.AccountsPage - ⏳ Waiting for spinner to fully disappear...
2025-06-17 15:48:01 [main] INFO  a.pages.AccountsPage - ✅ Spinner disappeared.
2025-06-17 15:48:01 [main] INFO  a.pages.AccountsPage - ⏳ Waiting for spinner to fully disappear...
2025-06-17 15:48:11 [main] INFO  a.pages.AccountsPage - ✅ Spinner disappeared.
2025-06-17 15:48:12 [main] INFO  a.pages.AccountsPage - ⏳ Waiting for spinner to fully disappear...
2025-06-17 15:48:28 [main] WARN  a.pages.AccountsPage - ⚠️ Spinner wait skipped or failed gracefully.
2025-06-17 15:48:28 [main] INFO  a.pages.AccountsPage - ⏳ Waiting for spinner to fully disappear...
2025-06-17 15:48:41 [main] INFO  a.pages.AccountsPage - ✅ Spinner disappeared.
2025-06-17 15:48:41 [main] INFO  a.pages.AccountsPage - ✅ 1 Month Statement (PDF format) download triggered.
2025-06-17 15:48:41 [main] INFO  a.pages.AccountsPage - ▶️ Download 3 Months Statement in PDF format
2025-06-17 15:48:41 [main] INFO  a.pages.AccountsPage - ⏳ Waiting for spinner to fully disappear...
2025-06-17 15:48:52 [main] INFO  a.pages.AccountsPage - ✅ Spinner disappeared.
2025-06-17 15:49:08 [main] WARN  a.pages.AccountsPage - ⚠️ Click failed attempt 1/3: Expected condition failed: waiting for element to be clickable: By.xpath: //span[contains(text(),'Detailed Statement')] (tried for 15 second(s) with 500 milliseconds interval)
Build info: version: '4.20.0', revision: '866c76ca80'
System info: os.name: 'Windows 11', os.arch: 'amd64', os.version: '10.0', java.version: '17.0.12'
Driver info: org.openqa.selenium.chrome.ChromeDriver
Capabilities {acceptInsecureCerts: false, browserName: chrome, browserVersion: 137.0.7151.104, chrome: {chromedriverVersion: 137.0.7151.70 (dfa4dc56b2ab..., userDataDir: C:\Users\rajum\AppData\Loca...}, fedcm:accounts: true, goog:chromeOptions: {debuggerAddress: localhost:56288}, networkConnectionEnabled: false, pageLoadStrategy: normal, platformName: windows, proxy: Proxy(), se:cdp: ws://localhost:56288/devtoo..., se:cdpVersion: 137.0.7151.104, setWindowRect: true, strictFileInteractability: false, timeouts: {implicit: 0, pageLoad: 300000, script: 30000}, unhandledPromptBehavior: dismiss and notify, webauthn:extension:credBlob: true, webauthn:extension:largeBlob: true, webauthn:extension:minPinLength: true, webauthn:extension:prf: true, webauthn:virtualAuthenticators: true}
Session ID: 5db61d323141b2ee53d66f354abf0644
2025-06-17 15:49:08 [main] INFO  a.pages.AccountsPage - ⏳ Waiting for spinner to fully disappear...
2025-06-17 15:49:19 [main] INFO  a.pages.AccountsPage - ✅ Spinner disappeared.
2025-06-17 15:49:35 [main] WARN  a.pages.AccountsPage - ⚠️ Click failed attempt 2/3: Expected condition failed: waiting for element to be clickable: By.xpath: //span[contains(text(),'Detailed Statement')] (tried for 15 second(s) with 500 milliseconds interval)
Build info: version: '4.20.0', revision: '866c76ca80'
System info: os.name: 'Windows 11', os.arch: 'amd64', os.version: '10.0', java.version: '17.0.12'
Driver info: org.openqa.selenium.chrome.ChromeDriver
Capabilities {acceptInsecureCerts: false, browserName: chrome, browserVersion: 137.0.7151.104, chrome: {chromedriverVersion: 137.0.7151.70 (dfa4dc56b2ab..., userDataDir: C:\Users\rajum\AppData\Loca...}, fedcm:accounts: true, goog:chromeOptions: {debuggerAddress: localhost:56288}, networkConnectionEnabled: false, pageLoadStrategy: normal, platformName: windows, proxy: Proxy(), se:cdp: ws://localhost:56288/devtoo..., se:cdpVersion: 137.0.7151.104, setWindowRect: true, strictFileInteractability: false, timeouts: {implicit: 0, pageLoad: 300000, script: 30000}, unhandledPromptBehavior: dismiss and notify, webauthn:extension:credBlob: true, webauthn:extension:largeBlob: true, webauthn:extension:minPinLength: true, webauthn:extension:prf: true, webauthn:virtualAuthenticators: true}
Session ID: 5db61d323141b2ee53d66f354abf0644
2025-06-17 15:49:35 [main] INFO  a.pages.AccountsPage - ⏳ Waiting for spinner to fully disappear...
2025-06-17 15:49:46 [main] INFO  a.pages.AccountsPage - ✅ Spinner disappeared.
2025-06-17 15:50:02 [main] WARN  a.pages.AccountsPage - ⚠️ Click failed attempt 3/3: Expected condition failed: waiting for element to be clickable: By.xpath: //span[contains(text(),'Detailed Statement')] (tried for 15 second(s) with 500 milliseconds interval)
Build info: version: '4.20.0', revision: '866c76ca80'
System info: os.name: 'Windows 11', os.arch: 'amd64', os.version: '10.0', java.version: '17.0.12'
Driver info: org.openqa.selenium.chrome.ChromeDriver
Capabilities {acceptInsecureCerts: false, browserName: chrome, browserVersion: 137.0.7151.104, chrome: {chromedriverVersion: 137.0.7151.70 (dfa4dc56b2ab..., userDataDir: C:\Users\rajum\AppData\Loca...}, fedcm:accounts: true, goog:chromeOptions: {debuggerAddress: localhost:56288}, networkConnectionEnabled: false, pageLoadStrategy: normal, platformName: windows, proxy: Proxy(), se:cdp: ws://localhost:56288/devtoo..., se:cdpVersion: 137.0.7151.104, setWindowRect: true, strictFileInteractability: false, timeouts: {implicit: 0, pageLoad: 300000, script: 30000}, unhandledPromptBehavior: dismiss and notify, webauthn:extension:credBlob: true, webauthn:extension:largeBlob: true, webauthn:extension:minPinLength: true, webauthn:extension:prf: true, webauthn:virtualAuthenticators: true}
Session ID: 5db61d323141b2ee53d66f354abf0644
2025-06-17 15:50:02 [main] ERROR a.pages.AccountsPage - ❌ Error during 3 Months statement download (PDF): ❌ Click failed after 3 attempts: By.xpath: //span[contains(text(),'Detailed Statement')]
2025-06-17 15:50:03 [main] INFO  a.pages.AccountsPage - ▶️ Download 1 Month Statement in XLS format
2025-06-17 15:50:03 [main] INFO  a.pages.AccountsPage - ⏳ Waiting for spinner to fully disappear...
2025-06-17 15:50:13 [main] INFO  a.pages.AccountsPage - ✅ Spinner disappeared.
