2025-06-13 13:00:01 [main] WARN  org.testng.xml.TestNGContentHandler - Failed to read [/C:/Users/rajum/eclipse-workspace/ToolsQA/SeleniumAutomotionSVCUATIB/testng-1.1.dtd] from CLASSPATH. Attempting to read from [file:///C:/Users/rajum/eclipse-workspace/ToolsQA/SeleniumAutomotionSVCUATIB/testng-1.1.dtd].
2025-06-13 13:00:01 [main] WARN  org.testng.xml.TestNGContentHandler - It is strongly recommended to add "<!DOCTYPE suite SYSTEM "https://testng.org/testng-1.1.dtd" >" at the top of the suite file [C:\Users\rajum\eclipse-workspace\ToolsQA\SeleniumAutomotionSVCUATIB\src\main\resources\testng.xml] otherwise TestNG may fail or not work as expected.
2025-06-13 13:00:02 [main] INFO  org.testng.internal.Utils - [TestNG] Running:
  C:\Users\rajum\eclipse-workspace\ToolsQA\SeleniumAutomotionSVCUATIB\src\main\resources\testng.xml

2025-06-13 13:00:02 [main] INFO  i.g.bonigarcia.wdm.WebDriverManager - Using chromedriver 137.0.7151.70 (resolved driver for Chrome 137)
2025-06-13 13:00:02 [main] INFO  i.g.bonigarcia.wdm.WebDriverManager - Exporting webdriver.chrome.driver as C:\Users\rajum\.cache\selenium\chromedriver\win64\137.0.7151.70\chromedriver.exe
2025-06-13 13:00:04 [main] INFO  automationFramework.pages.LoginPage - ✅ [SUCCESS] Config loaded from 'config.properties': captcha.wait.seconds = 10 seconds.
2025-06-13 13:00:08 [main] INFO  automationFramework.pages.LoginPage - 🟦 [STEP] Navigated to URL: https://uatnet.svcbank.com/ReachSVCInet/SVC-web/inet/netbanking
2025-06-13 13:00:08 [main] INFO  automationFramework.pages.LoginPage - ✅ [SUCCESS] Entered username: TEST001
2025-06-13 13:00:08 [main] INFO  automationFramework.pages.LoginPage - ⏳ [WAIT] Waiting for manual captcha input. You have 10 seconds.
2025-06-13 13:00:19 [main] INFO  automationFramework.pages.LoginPage - ✅ [SUCCESS] Clicked first Login button (after captcha).
2025-06-13 13:00:19 [main] INFO  automationFramework.pages.LoginPage - ✅ [SUCCESS] Entered password.
2025-06-13 13:00:19 [main] INFO  automationFramework.pages.LoginPage - ✅ [SUCCESS] Clicked final Login button.
2025-06-13 13:00:19 [main] INFO  automationFramework.pages.LoginPage - 🎉 [DONE] Login Test Completed successfully for user: TEST001.
2025-06-13 13:00:19 [main] INFO  a.pages.AccountsPage - Clicking Accounts Tab
2025-06-13 13:00:19 [main] INFO  a.pages.AccountsPage - ⏳ Waiting for spinner to fully disappear...
2025-06-13 13:00:46 [main] INFO  a.pages.AccountsPage - ✅ Spinner disappeared.
2025-06-13 13:00:46 [main] INFO  a.pages.AccountsPage - ⏳ Waiting for spinner to fully disappear...
2025-06-13 13:00:47 [main] INFO  a.pages.AccountsPage - ✅ Spinner disappeared.
2025-06-13 13:00:47 [main] INFO  a.pages.AccountsPage - ⏳ Waiting for spinner to fully disappear...
2025-06-13 13:01:01 [main] INFO  a.pages.AccountsPage - ✅ Spinner disappeared.
2025-06-13 13:01:01 [main] INFO  a.pages.AccountsPage - ✅ Accounts Tab Clicked
2025-06-13 13:01:01 [main] INFO  a.pages.AccountsPage - ⏳ Waiting for spinner to fully disappear...
2025-06-13 13:01:22 [main] INFO  a.pages.AccountsPage - ✅ Spinner disappeared.
2025-06-13 13:01:22 [main] INFO  a.pages.AccountsPage - Scrolling to 'View Balance Components' button
2025-06-13 13:01:22 [main] INFO  a.pages.AccountsPage - ⏳ Waiting for spinner to fully disappear...
2025-06-13 13:01:42 [main] INFO  a.pages.AccountsPage - ✅ Spinner disappeared.
2025-06-13 13:01:42 [main] INFO  a.pages.AccountsPage - Clicking 'View Balance Components' button
2025-06-13 13:01:42 [main] INFO  a.pages.AccountsPage - ⏳ Waiting for spinner to fully disappear...
2025-06-13 13:02:02 [main] INFO  a.pages.AccountsPage - ✅ Spinner disappeared.
2025-06-13 13:02:02 [main] INFO  a.pages.AccountsPage - ⏳ Waiting for spinner to fully disappear...
2025-06-13 13:02:23 [main] INFO  a.pages.AccountsPage - ✅ Spinner disappeared.
2025-06-13 13:02:23 [main] INFO  a.pages.AccountsPage - ⏳ Waiting for spinner to fully disappear...
2025-06-13 13:02:38 [main] WARN  a.pages.AccountsPage - ⚠️ Spinner wait skipped or failed gracefully.
2025-06-13 13:02:38 [main] INFO  a.pages.AccountsPage - ⏳ Waiting for spinner to fully disappear...
2025-06-13 13:02:54 [main] WARN  a.pages.AccountsPage - ⚠️ Spinner wait skipped or failed gracefully.
2025-06-13 13:02:54 [main] INFO  a.pages.AccountsPage - Closing balance modal
2025-06-13 13:02:54 [main] INFO  a.pages.AccountsPage - ⏳ Waiting for spinner to fully disappear...
2025-06-13 13:03:09 [main] WARN  a.pages.AccountsPage - ⚠️ Spinner wait skipped or failed gracefully.
2025-06-13 13:03:09 [main] INFO  a.pages.AccountsPage - ⏳ Waiting for spinner to fully disappear...
2025-06-13 13:03:24 [main] WARN  a.pages.AccountsPage - ⚠️ Spinner wait skipped or failed gracefully.
2025-06-13 13:03:45 [main] WARN  a.pages.AccountsPage - ⚠️ Click failed attempt 1/3: Expected condition failed: waiting for element to be clickable: By.xpath: //span[text()='Close' and contains(@class, 'p-button-label')] (tried for 15 second(s) with 500 milliseconds interval)
Build info: version: '4.20.0', revision: '866c76ca80'
System info: os.name: 'Windows 11', os.arch: 'amd64', os.version: '10.0', java.version: '17.0.12'
Driver info: org.openqa.selenium.chrome.ChromeDriver
Capabilities {acceptInsecureCerts: false, browserName: chrome, browserVersion: 137.0.7151.104, chrome: {chromedriverVersion: 137.0.7151.70 (dfa4dc56b2ab..., userDataDir: C:\Users\rajum\AppData\Loca...}, fedcm:accounts: true, goog:chromeOptions: {debuggerAddress: localhost:51748}, networkConnectionEnabled: false, pageLoadStrategy: normal, platformName: windows, proxy: Proxy(), se:cdp: ws://localhost:51748/devtoo..., se:cdpVersion: 137.0.7151.104, setWindowRect: true, strictFileInteractability: false, timeouts: {implicit: 0, pageLoad: 300000, script: 30000}, unhandledPromptBehavior: dismiss and notify, webauthn:extension:credBlob: true, webauthn:extension:largeBlob: true, webauthn:extension:minPinLength: true, webauthn:extension:prf: true, webauthn:virtualAuthenticators: true}
Session ID: 28dcf9884b9a8ee6ab54ce24325818ca
2025-06-13 13:03:45 [main] INFO  a.pages.AccountsPage - ⏳ Waiting for spinner to fully disappear...
2025-06-13 13:04:00 [main] WARN  a.pages.AccountsPage - ⚠️ Spinner wait skipped or failed gracefully.
2025-06-13 13:04:21 [main] WARN  a.pages.AccountsPage - ⚠️ Click failed attempt 2/3: Expected condition failed: waiting for element to be clickable: By.xpath: //span[text()='Close' and contains(@class, 'p-button-label')] (tried for 15 second(s) with 500 milliseconds interval)
Build info: version: '4.20.0', revision: '866c76ca80'
System info: os.name: 'Windows 11', os.arch: 'amd64', os.version: '10.0', java.version: '17.0.12'
Driver info: org.openqa.selenium.chrome.ChromeDriver
Capabilities {acceptInsecureCerts: false, browserName: chrome, browserVersion: 137.0.7151.104, chrome: {chromedriverVersion: 137.0.7151.70 (dfa4dc56b2ab..., userDataDir: C:\Users\rajum\AppData\Loca...}, fedcm:accounts: true, goog:chromeOptions: {debuggerAddress: localhost:51748}, networkConnectionEnabled: false, pageLoadStrategy: normal, platformName: windows, proxy: Proxy(), se:cdp: ws://localhost:51748/devtoo..., se:cdpVersion: 137.0.7151.104, setWindowRect: true, strictFileInteractability: false, timeouts: {implicit: 0, pageLoad: 300000, script: 30000}, unhandledPromptBehavior: dismiss and notify, webauthn:extension:credBlob: true, webauthn:extension:largeBlob: true, webauthn:extension:minPinLength: true, webauthn:extension:prf: true, webauthn:virtualAuthenticators: true}
Session ID: 28dcf9884b9a8ee6ab54ce24325818ca
2025-06-13 13:04:22 [main] INFO  a.pages.AccountsPage - ⏳ Waiting for spinner to fully disappear...
2025-06-13 13:04:45 [main] INFO  a.pages.AccountsPage - ✅ Spinner disappeared.
