2025-06-11 15:45:37 [main] WARN  org.testng.xml.TestNGContentHandler - It is strongly recommended to add "<!DOCTYPE suite SYSTEM "https://testng.org/testng-1.1.dtd" >" at the top of the suite file [C:\Users\rajum\eclipse-workspace\ToolsQA\SeleniumAutomotionSVCUATIB\testng.xml] otherwise TestNG may fail or not work as expected.
2025-06-11 15:45:37 [main] INFO  org.testng.internal.Utils - [TestNG] Running:
  C:\Users\rajum\eclipse-workspace\ToolsQA\SeleniumAutomotionSVCUATIB\testng.xml

2025-06-11 15:45:39 [main] INFO  i.g.bonigarcia.wdm.WebDriverManager - Using chromedriver 137.0.7151.70 (resolved driver for Chrome 137)
2025-06-11 15:45:39 [main] INFO  i.g.bonigarcia.wdm.WebDriverManager - Exporting webdriver.chrome.driver as C:\Users\rajum\.cache\selenium\chromedriver\win64\137.0.7151.70\chromedriver.exe
2025-06-11 15:45:41 [main] INFO  automationFramework.pages.LoginPage - ✅ [SUCCESS] Config loaded from 'config.properties': captcha.wait.seconds = 10 seconds.
2025-06-11 15:45:44 [main] INFO  automationFramework.pages.LoginPage - 🟦 [STEP] Navigated to URL: https://uatnet.svcbank.com/ReachSVCInet/SVC-web/inet/netbanking
2025-06-11 15:45:44 [main] INFO  automationFramework.pages.LoginPage - ✅ [SUCCESS] Entered username: TEST001
2025-06-11 15:45:44 [main] INFO  automationFramework.pages.LoginPage - ⏳ [WAIT] Waiting for manual captcha input. You have 10 seconds.
2025-06-11 15:45:55 [main] INFO  automationFramework.pages.LoginPage - ✅ [SUCCESS] Clicked first Login button (after captcha).
2025-06-11 15:45:55 [main] INFO  automationFramework.pages.LoginPage - ✅ [SUCCESS] Entered password.
2025-06-11 15:45:55 [main] INFO  automationFramework.pages.LoginPage - ✅ [SUCCESS] Clicked final Login button.
2025-06-11 15:45:55 [main] INFO  automationFramework.pages.LoginPage - 🎉 [DONE] Login Test Completed successfully for user: TEST001.
2025-06-11 15:45:55 [main] INFO  a.pages.AccountsPage - Clicking Accounts Tab
2025-06-11 15:46:26 [main] WARN  a.pages.AccountsPage - Spinner not found or already gone.
2025-06-11 15:46:26 [main] INFO  a.pages.AccountsPage - Scrolling to 'View Balance Components' button
2025-06-11 15:46:39 [main] INFO  a.pages.AccountsPage - Scrolled to button.
2025-06-11 15:46:39 [main] INFO  a.pages.AccountsPage - Clicking 'View Balance Components' button
2025-06-11 15:47:02 [main] INFO  a.pages.AccountsPage - Closing balance modal
2025-06-11 15:47:12 [main] INFO  a.pages.AccountsPage - Modal closed.
2025-06-11 15:47:22 [main] INFO  a.pages.AccountsPage - Clicking Accounts Tab
2025-06-11 15:47:55 [main] INFO  a.pages.AccountsPage - Clicking Detailed Statement...
2025-06-11 15:48:05 [main] INFO  a.pages.AccountsPage - Selecting range: 1 Month
2025-06-11 15:48:27 [main] INFO  a.pages.AccountsPage - Initiating statement download in format: pdf
2025-06-11 15:49:33 [main] WARN  a.pages.AccountsPage - Spinner not found or already gone.
2025-06-11 15:49:33 [main] INFO  a.pages.AccountsPage - Download triggered.
2025-06-11 15:49:33 [main] INFO  i.g.bonigarcia.wdm.WebDriverManager - Using chromedriver 137.0.7151.70 (resolved driver for Chrome 137)
2025-06-11 15:49:33 [main] INFO  i.g.bonigarcia.wdm.WebDriverManager - Exporting webdriver.chrome.driver as C:\Users\rajum\.cache\selenium\chromedriver\win64\137.0.7151.70\chromedriver.exe
2025-06-11 15:49:35 [main] INFO  automationFramework.pages.LoginPage - ✅ [SUCCESS] Config loaded from 'config.properties': captcha.wait.seconds = 10 seconds.
2025-06-11 15:49:37 [main] INFO  automationFramework.pages.LoginPage - 🟦 [STEP] Navigated to URL: https://uatnet.svcbank.com/ReachSVCInet/SVC-web/inet/netbanking
2025-06-11 15:49:37 [main] INFO  automationFramework.pages.LoginPage - ✅ [SUCCESS] Entered username: TEST001
2025-06-11 15:49:37 [main] INFO  automationFramework.pages.LoginPage - ⏳ [WAIT] Waiting for manual captcha input. You have 10 seconds.
2025-06-11 15:49:48 [main] INFO  automationFramework.pages.LoginPage - ✅ [SUCCESS] Clicked first Login button (after captcha).
