2025-06-12 18:43:05 [main] WARN  org.testng.xml.TestNGContentHandler - Failed to read [/C:/Users/rajum/eclipse-workspace/ToolsQA/SeleniumAutomotionSVCUATIB/testng-1.1.dtd] from CLASSPATH. Attempting to read from [file:///C:/Users/rajum/eclipse-workspace/ToolsQA/SeleniumAutomotionSVCUATIB/testng-1.1.dtd].
2025-06-12 18:43:05 [main] WARN  org.testng.xml.TestNGContentHandler - It is strongly recommended to add "<!DOCTYPE suite SYSTEM "https://testng.org/testng-1.1.dtd" >" at the top of the suite file [C:\Users\rajum\eclipse-workspace\ToolsQA\SeleniumAutomotionSVCUATIB\src\main\resources\testng.xml] otherwise TestNG may fail or not work as expected.
2025-06-12 18:43:06 [main] INFO  org.testng.internal.Utils - [TestNG] Running:
  C:\Users\rajum\eclipse-workspace\ToolsQA\SeleniumAutomotionSVCUATIB\src\main\resources\testng.xml

2025-06-12 18:43:06 [main] INFO  i.g.bonigarcia.wdm.WebDriverManager - Using chromedriver 137.0.7151.70 (resolved driver for Chrome 137)
2025-06-12 18:43:07 [main] INFO  i.g.bonigarcia.wdm.WebDriverManager - Exporting webdriver.chrome.driver as C:\Users\rajum\.cache\selenium\chromedriver\win64\137.0.7151.70\chromedriver.exe
2025-06-12 18:43:08 [main] INFO  automationFramework.pages.LoginPage - ✅ [SUCCESS] Config loaded from 'config.properties': captcha.wait.seconds = 10 seconds.
2025-06-12 18:43:12 [main] INFO  automationFramework.pages.LoginPage - 🟦 [STEP] Navigated to URL: https://uatnet.svcbank.com/ReachSVCInet/SVC-web/inet/netbanking
2025-06-12 18:43:12 [main] INFO  automationFramework.pages.LoginPage - ✅ [SUCCESS] Entered username: TEST001
2025-06-12 18:43:12 [main] INFO  automationFramework.pages.LoginPage - ⏳ [WAIT] Waiting for manual captcha input. You have 10 seconds.
2025-06-12 18:43:22 [main] INFO  automationFramework.pages.LoginPage - ✅ [SUCCESS] Clicked first Login button (after captcha).
2025-06-12 18:43:22 [main] INFO  automationFramework.pages.LoginPage - ✅ [SUCCESS] Entered password.
2025-06-12 18:43:23 [main] INFO  automationFramework.pages.LoginPage - ✅ [SUCCESS] Clicked final Login button.
2025-06-12 18:43:23 [main] INFO  automationFramework.pages.LoginPage - 🎉 [DONE] Login Test Completed successfully for user: TEST001.
2025-06-12 18:43:23 [main] INFO  a.pages.AccountsPage - Clicking Accounts Tab
2025-06-12 18:44:00 [main] INFO  a.pages.AccountsPage - Scrolling to 'View Balance Components' button
2025-06-12 18:44:10 [main] INFO  a.pages.AccountsPage - Scrolled to button.
2025-06-12 18:44:10 [main] INFO  a.pages.AccountsPage - Clicking 'View Balance Components' button
2025-06-12 18:44:33 [main] INFO  a.pages.AccountsPage - Closing balance modal
2025-06-12 18:44:43 [main] INFO  a.pages.AccountsPage - Modal closed.
2025-06-12 18:44:53 [main] INFO  a.pages.AccountsPage - Check Detailed Account Statement download for 1 Month with PDF format
2025-06-12 18:45:06 [main] INFO  a.pages.AccountsPage - ✅ [SUCCESS] Detailed Account Statement Button Clicked
2025-06-12 18:45:06 [main] INFO  a.pages.AccountsPage - Clicking Download Button
2025-06-12 18:45:07 [main] WARN  a.pages.AccountsPage - Click intercepted attempt 1/3: element click intercepted: Element <span _ngcontent-ng-c1879628175="" class="text-blue-500 font-semibold">...</span> is not clickable at point (1442, 182). Other element would receive the click: <div _ngcontent-ng-c587276320="" class="ngx-spinner-overlay ng-tns-c587276320-1 ng-trigger ng-trigger-fadeIn ng-star-inserted ng-animating" style="background-color: rgba(51, 51, 51, 0.8); z-index: 99999; position: fixed;">...</div>
  (Session info: chrome=137.0.7151.103)
Build info: version: '4.20.0', revision: '866c76ca80'
System info: os.name: 'Windows 11', os.arch: 'amd64', os.version: '10.0', java.version: '17.0.12'
Driver info: org.openqa.selenium.chrome.ChromeDriver
Command: [27e2ddf44551d957cc031f313f9650d1, clickElement {id=f.D2B98F1729FF6A6987191CE0885FB0D9.d.922CFF0A348D7505CB4ABB4DBBE0F908.e.165}]
Capabilities {acceptInsecureCerts: false, browserName: chrome, browserVersion: 137.0.7151.103, chrome: {chromedriverVersion: 137.0.7151.70 (dfa4dc56b2ab..., userDataDir: C:\Users\rajum\AppData\Loca...}, fedcm:accounts: true, goog:chromeOptions: {debuggerAddress: localhost:60542}, networkConnectionEnabled: false, pageLoadStrategy: normal, platformName: windows, proxy: Proxy(), se:cdp: ws://localhost:60542/devtoo..., se:cdpVersion: 137.0.7151.103, setWindowRect: true, strictFileInteractability: false, timeouts: {implicit: 0, pageLoad: 300000, script: 30000}, unhandledPromptBehavior: dismiss and notify, webauthn:extension:credBlob: true, webauthn:extension:largeBlob: true, webauthn:extension:minPinLength: true, webauthn:extension:prf: true, webauthn:virtualAuthenticators: true}
Element: [[ChromeDriver: chrome on windows (27e2ddf44551d957cc031f313f9650d1)] -> xpath: //span[contains(@class,'text-blue-500') and contains(text(),'Download')]]
Session ID: 27e2ddf44551d957cc031f313f9650d1
2025-06-12 18:45:10 [main] WARN  a.pages.AccountsPage - Click intercepted attempt 2/3: element click intercepted: Element <span _ngcontent-ng-c1879628175="" class="text-blue-500 font-semibold">...</span> is not clickable at point (1442, 182). Other element would receive the click: <div _ngcontent-ng-c587276320="" class="ngx-spinner-overlay ng-tns-c587276320-1 ng-trigger ng-trigger-fadeIn ng-star-inserted ng-animating" style="background-color: rgba(51, 51, 51, 0.8); z-index: 99999; position: fixed;">...</div>
  (Session info: chrome=137.0.7151.103)
Build info: version: '4.20.0', revision: '866c76ca80'
System info: os.name: 'Windows 11', os.arch: 'amd64', os.version: '10.0', java.version: '17.0.12'
Driver info: org.openqa.selenium.chrome.ChromeDriver
Command: [27e2ddf44551d957cc031f313f9650d1, clickElement {id=f.D2B98F1729FF6A6987191CE0885FB0D9.d.922CFF0A348D7505CB4ABB4DBBE0F908.e.165}]
Capabilities {acceptInsecureCerts: false, browserName: chrome, browserVersion: 137.0.7151.103, chrome: {chromedriverVersion: 137.0.7151.70 (dfa4dc56b2ab..., userDataDir: C:\Users\rajum\AppData\Loca...}, fedcm:accounts: true, goog:chromeOptions: {debuggerAddress: localhost:60542}, networkConnectionEnabled: false, pageLoadStrategy: normal, platformName: windows, proxy: Proxy(), se:cdp: ws://localhost:60542/devtoo..., se:cdpVersion: 137.0.7151.103, setWindowRect: true, strictFileInteractability: false, timeouts: {implicit: 0, pageLoad: 300000, script: 30000}, unhandledPromptBehavior: dismiss and notify, webauthn:extension:credBlob: true, webauthn:extension:largeBlob: true, webauthn:extension:minPinLength: true, webauthn:extension:prf: true, webauthn:virtualAuthenticators: true}
Element: [[ChromeDriver: chrome on windows (27e2ddf44551d957cc031f313f9650d1)] -> xpath: //span[contains(@class,'text-blue-500') and contains(text(),'Download')]]
Session ID: 27e2ddf44551d957cc031f313f9650d1
