2025-06-17 16:05:14 [main] WARN  org.testng.xml.TestNGContentHandler - Failed to read [/C:/Users/rajum/eclipse-workspace/ToolsQA/SeleniumAutomotionSVCUATIB/testng-1.1.dtd] from CLASSPATH. Attempting to read from [file:///C:/Users/rajum/eclipse-workspace/ToolsQA/SeleniumAutomotionSVCUATIB/testng-1.1.dtd].
2025-06-17 16:05:14 [main] WARN  org.testng.xml.TestNGContentHandler - It is strongly recommended to add "<!DOCTYPE suite SYSTEM "https://testng.org/testng-1.1.dtd" >" at the top of the suite file [C:\Users\rajum\eclipse-workspace\ToolsQA\SeleniumAutomotionSVCUATIB\src\main\resources\testng.xml] otherwise TestNG may fail or not work as expected.
2025-06-17 16:05:15 [main] INFO  org.testng.internal.Utils - [TestNG] Running:
  C:\Users\rajum\eclipse-workspace\ToolsQA\SeleniumAutomotionSVCUATIB\src\main\resources\testng.xml

2025-06-17 16:05:15 [main] INFO  automationFramework.utils.LoggerUtil - 🔧 Starting browser and loading properties...
2025-06-17 16:05:16 [main] INFO  i.g.bonigarcia.wdm.WebDriverManager - Using chromedriver 137.0.7151.70 (resolved driver for Chrome 137)
2025-06-17 16:05:16 [main] INFO  i.g.bonigarcia.wdm.WebDriverManager - Exporting webdriver.chrome.driver as C:\Users\rajum\.cache\selenium\chromedriver\win64\137.0.7151.70\chromedriver.exe
2025-06-17 16:05:19 [main] INFO  automationFramework.pages.LoginPage - ✅ Captcha wait time loaded: 10 seconds
2025-06-17 16:05:23 [main] INFO  automationFramework.pages.LoginPage - 🟦 Navigated to URL: https://uatnet.svcbank.com/ReachSVCInet/SVC-web/inet/netbanking
2025-06-17 16:05:24 [main] INFO  automationFramework.pages.LoginPage - ✅ Entered username: TEST001
2025-06-17 16:05:24 [main] INFO  automationFramework.pages.LoginPage - ⏳ Waiting for manual captcha input (10 seconds)
2025-06-17 16:05:34 [main] INFO  automationFramework.pages.LoginPage - ✅ Clicked first Login button
2025-06-17 16:05:34 [main] INFO  automationFramework.pages.LoginPage - ✅ Entered password
2025-06-17 16:05:34 [main] INFO  automationFramework.pages.LoginPage - ✅ Clicked final Login button
2025-06-17 16:05:36 [main] INFO  automationFramework.pages.LoginPage - 🎉 Login successful for user: TEST001
2025-06-17 16:05:36 [main] INFO  automationFramework.utils.LoggerUtil - ✅ Setup complete.
2025-06-17 16:05:36 [main] INFO  a.pages.AccountsPage - Clicking Accounts Tab
2025-06-17 16:05:36 [main] INFO  a.pages.AccountsPage - ⏳ Waiting for spinner to fully disappear...
2025-06-17 16:05:51 [main] INFO  a.pages.AccountsPage - ✅ Spinner disappeared.
2025-06-17 16:05:51 [main] INFO  a.pages.AccountsPage - ⏳ Waiting for spinner to fully disappear...
2025-06-17 16:05:52 [main] INFO  a.pages.AccountsPage - ✅ Spinner disappeared.
2025-06-17 16:05:52 [main] INFO  a.pages.AccountsPage - ⏳ Waiting for spinner to fully disappear...
2025-06-17 16:06:06 [main] INFO  a.pages.AccountsPage - ✅ Spinner disappeared.
2025-06-17 16:06:21 [main] INFO  a.pages.AccountsPage - ✅ Accounts Tab Clicked
2025-06-17 16:06:21 [main] INFO  a.pages.AccountsPage - ⏳ Waiting for spinner to fully disappear...
2025-06-17 16:06:31 [main] INFO  a.pages.AccountsPage - ✅ Spinner disappeared.
2025-06-17 16:06:46 [main] INFO  a.pages.AccountsPage - Scrolling to 'View Balance Components' button
2025-06-17 16:06:46 [main] INFO  a.pages.AccountsPage - ⏳ Waiting for spinner to fully disappear...
2025-06-17 16:06:57 [main] INFO  a.pages.AccountsPage - ✅ Spinner disappeared.
2025-06-17 16:07:12 [main] INFO  a.pages.AccountsPage - Clicking 'View Balance Components' button
2025-06-17 16:07:12 [main] INFO  a.pages.AccountsPage - ⏳ Waiting for spinner to fully disappear...
2025-06-17 16:07:22 [main] INFO  a.pages.AccountsPage - ✅ Spinner disappeared.
2025-06-17 16:07:22 [main] INFO  a.pages.AccountsPage - ⏳ Waiting for spinner to fully disappear...
2025-06-17 16:07:33 [main] INFO  a.pages.AccountsPage - ✅ Spinner disappeared.
2025-06-17 16:07:33 [main] INFO  a.pages.AccountsPage - ⏳ Waiting for spinner to fully disappear...
2025-06-17 16:07:48 [main] WARN  a.pages.AccountsPage - ⚠️ Spinner wait skipped or failed gracefully.
2025-06-17 16:07:48 [main] INFO  a.pages.AccountsPage - ⏳ Waiting for spinner to fully disappear...
2025-06-17 16:08:03 [main] WARN  a.pages.AccountsPage - ⚠️ Spinner wait skipped or failed gracefully.
2025-06-17 16:08:18 [main] INFO  a.pages.AccountsPage - Closing balance modal
2025-06-17 16:08:18 [main] INFO  a.pages.AccountsPage - ⏳ Waiting for spinner to fully disappear...
2025-06-17 16:08:33 [main] WARN  a.pages.AccountsPage - ⚠️ Spinner wait skipped or failed gracefully.
2025-06-17 16:08:33 [main] INFO  a.pages.AccountsPage - ⏳ Waiting for spinner to fully disappear...
2025-06-17 16:08:45 [main] INFO  a.pages.AccountsPage - ✅ Spinner disappeared.
2025-06-17 16:08:45 [main] INFO  a.pages.AccountsPage - ⏳ Waiting for spinner to fully disappear...
2025-06-17 16:08:56 [main] INFO  a.pages.AccountsPage - ✅ Spinner disappeared.
2025-06-17 16:08:56 [main] INFO  a.pages.AccountsPage - ✅ Modal closed.
2025-06-17 16:08:56 [main] INFO  a.pages.AccountsPage - ⏳ Waiting for spinner to fully disappear...
2025-06-17 16:09:06 [main] INFO  a.pages.AccountsPage - ✅ Spinner disappeared.
2025-06-17 16:09:21 [main] INFO  a.pages.AccountsPage - ▶️ Download 1 Month Statement in PDF format
2025-06-17 16:09:21 [main] INFO  a.pages.AccountsPage - 🔍 Checking if 'Detailed Statement' is visible.
2025-06-17 16:09:21 [main] INFO  a.pages.AccountsPage - ✅ 'Detailed Statement' is visible.
2025-06-17 16:09:21 [main] INFO  a.pages.AccountsPage - ⏳ Waiting for spinner to fully disappear...
2025-06-17 16:09:32 [main] INFO  a.pages.AccountsPage - ✅ Spinner disappeared.
2025-06-17 16:09:32 [main] INFO  a.pages.AccountsPage - ⏳ Waiting for spinner to fully disappear...
2025-06-17 16:09:33 [main] INFO  a.pages.AccountsPage - ✅ Spinner disappeared.
2025-06-17 16:09:33 [main] INFO  a.pages.AccountsPage - ⏳ Waiting for spinner to fully disappear...
2025-06-17 16:09:45 [main] INFO  a.pages.AccountsPage - ✅ Spinner disappeared.
2025-06-17 16:10:00 [main] INFO  a.pages.AccountsPage - ⏳ Waiting for spinner to fully disappear...
2025-06-17 16:10:10 [main] INFO  a.pages.AccountsPage - ✅ Spinner disappeared.
2025-06-17 16:10:10 [main] INFO  a.pages.AccountsPage - ⏳ Waiting for spinner to fully disappear...
2025-06-17 16:10:21 [main] INFO  a.pages.AccountsPage - ✅ Spinner disappeared.
2025-06-17 16:10:21 [main] INFO  a.pages.AccountsPage - ⏳ Waiting for spinner to fully disappear...
2025-06-17 16:10:31 [main] INFO  a.pages.AccountsPage - ✅ Spinner disappeared.
2025-06-17 16:10:31 [main] INFO  a.pages.AccountsPage - ⏳ Waiting for spinner to fully disappear...
2025-06-17 16:10:41 [main] INFO  a.pages.AccountsPage - ✅ Spinner disappeared.
2025-06-17 16:10:42 [main] INFO  a.pages.AccountsPage - ⏳ Waiting for spinner to fully disappear...
2025-06-17 16:10:57 [main] WARN  a.pages.AccountsPage - ⚠️ Spinner wait skipped or failed gracefully.
2025-06-17 16:10:57 [main] INFO  a.pages.AccountsPage - ⏳ Waiting for spinner to fully disappear...
2025-06-17 16:11:11 [main] INFO  a.pages.AccountsPage - ✅ Spinner disappeared.
2025-06-17 16:11:11 [main] INFO  a.pages.AccountsPage - ✅ 1 Month Statement (PDF format) download triggered.
2025-06-17 16:11:11 [main] INFO  a.pages.AccountsPage - ▶️ Download 3 Months Statement in PDF format
2025-06-17 16:11:11 [main] INFO  a.pages.AccountsPage - 🔍 Checking if 'Detailed Statement' is visible.
2025-06-17 16:11:16 [main] WARN  a.pages.AccountsPage - ⚠️ 'Detailed Statement' not visible. Clicking Accounts Tab first.
2025-06-17 16:11:16 [main] INFO  a.pages.AccountsPage - Clicking Accounts Tab
2025-06-17 16:11:16 [main] INFO  a.pages.AccountsPage - ⏳ Waiting for spinner to fully disappear...
2025-06-17 16:11:27 [main] INFO  a.pages.AccountsPage - ✅ Spinner disappeared.
2025-06-17 16:11:27 [main] INFO  a.pages.AccountsPage - ⏳ Waiting for spinner to fully disappear...
2025-06-17 16:11:28 [main] INFO  a.pages.AccountsPage - ✅ Spinner disappeared.
2025-06-17 16:11:28 [main] INFO  a.pages.AccountsPage - ⏳ Waiting for spinner to fully disappear...
2025-06-17 16:11:40 [main] INFO  a.pages.AccountsPage - ✅ Spinner disappeared.
2025-06-17 16:11:55 [main] INFO  a.pages.AccountsPage - ✅ Accounts Tab Clicked
2025-06-17 16:11:55 [main] INFO  a.pages.AccountsPage - ✅ 'Detailed Statement' found after clicking Accounts Tab.
2025-06-17 16:11:55 [main] INFO  a.pages.AccountsPage - ⏳ Waiting for spinner to fully disappear...
2025-06-17 16:12:06 [main] INFO  a.pages.AccountsPage - ✅ Spinner disappeared.
2025-06-17 16:12:06 [main] INFO  a.pages.AccountsPage - ⏳ Waiting for spinner to fully disappear...
2025-06-17 16:12:24 [main] WARN  a.pages.AccountsPage - ⚠️ Spinner wait skipped or failed gracefully.
2025-06-17 16:12:24 [main] INFO  a.pages.AccountsPage - ⏳ Waiting for spinner to fully disappear...
2025-06-17 16:12:32 [main] INFO  a.pages.AccountsPage - ✅ Spinner disappeared.
2025-06-17 16:12:47 [main] INFO  a.pages.AccountsPage - ⏳ Waiting for spinner to fully disappear...
2025-06-17 16:12:57 [main] INFO  a.pages.AccountsPage - ✅ Spinner disappeared.
2025-06-17 16:12:57 [main] INFO  a.pages.AccountsPage - ⏳ Waiting for spinner to fully disappear...
2025-06-17 16:13:11 [main] INFO  a.pages.AccountsPage - ✅ Spinner disappeared.
2025-06-17 16:13:11 [main] INFO  a.pages.AccountsPage - ⏳ Waiting for spinner to fully disappear...
2025-06-17 16:13:21 [main] INFO  a.pages.AccountsPage - ✅ Spinner disappeared.
2025-06-17 16:13:37 [main] INFO  a.pages.AccountsPage - ⏳ Waiting for spinner to fully disappear...
2025-06-17 16:13:47 [main] INFO  a.pages.AccountsPage - ✅ Spinner disappeared.
2025-06-17 16:13:47 [main] INFO  a.pages.AccountsPage - ⏳ Waiting for spinner to fully disappear...
2025-06-17 16:13:57 [main] INFO  a.pages.AccountsPage - ✅ Spinner disappeared.
2025-06-17 16:13:57 [main] INFO  a.pages.AccountsPage - ⏳ Waiting for spinner to fully disappear...
2025-06-17 16:14:08 [main] INFO  a.pages.AccountsPage - ✅ Spinner disappeared.
2025-06-17 16:14:08 [main] INFO  a.pages.AccountsPage - ⏳ Waiting for spinner to fully disappear...
2025-06-17 16:14:18 [main] INFO  a.pages.AccountsPage - ✅ Spinner disappeared.
2025-06-17 16:14:18 [main] INFO  a.pages.AccountsPage - ⏳ Waiting for spinner to fully disappear...
2025-06-17 16:14:34 [main] WARN  a.pages.AccountsPage - ⚠️ Spinner wait skipped or failed gracefully.
2025-06-17 16:14:34 [main] INFO  a.pages.AccountsPage - ⏳ Waiting for spinner to fully disappear...
2025-06-17 16:14:46 [main] INFO  a.pages.AccountsPage - ✅ Spinner disappeared.
2025-06-17 16:14:46 [main] INFO  a.pages.AccountsPage - ✅ 3 Months Statement (PDF format) download triggered.
2025-06-17 16:14:46 [main] INFO  a.pages.AccountsPage - ▶️ Download 1 Month Statement in XLS format
2025-06-17 16:14:46 [main] INFO  a.pages.AccountsPage - 🔍 Checking if 'Detailed Statement' is visible.
2025-06-17 16:14:51 [main] WARN  a.pages.AccountsPage - ⚠️ 'Detailed Statement' not visible. Clicking Accounts Tab first.
2025-06-17 16:14:51 [main] INFO  a.pages.AccountsPage - Clicking Accounts Tab
2025-06-17 16:14:51 [main] INFO  a.pages.AccountsPage - ⏳ Waiting for spinner to fully disappear...
2025-06-17 16:15:02 [main] INFO  a.pages.AccountsPage - ✅ Spinner disappeared.
2025-06-17 16:15:02 [main] INFO  a.pages.AccountsPage - ⏳ Waiting for spinner to fully disappear...
2025-06-17 16:15:20 [main] WARN  a.pages.AccountsPage - ⚠️ Spinner wait skipped or failed gracefully.
2025-06-17 16:15:20 [main] INFO  a.pages.AccountsPage - ⏳ Waiting for spinner to fully disappear...
2025-06-17 16:15:35 [main] WARN  a.pages.AccountsPage - ⚠️ Spinner wait skipped or failed gracefully.
2025-06-17 16:15:51 [main] INFO  a.pages.AccountsPage - ✅ Accounts Tab Clicked
2025-06-17 16:15:51 [main] INFO  a.pages.AccountsPage - ✅ 'Detailed Statement' found after clicking Accounts Tab.
2025-06-17 16:15:51 [main] INFO  a.pages.AccountsPage - ⏳ Waiting for spinner to fully disappear...
2025-06-17 16:16:01 [main] INFO  a.pages.AccountsPage - ✅ Spinner disappeared.
2025-06-17 16:16:01 [main] INFO  a.pages.AccountsPage - ⏳ Waiting for spinner to fully disappear...
2025-06-17 16:16:18 [main] INFO  a.pages.AccountsPage - ✅ Spinner disappeared.
2025-06-17 16:16:18 [main] INFO  a.pages.AccountsPage - ⏳ Waiting for spinner to fully disappear...
2025-06-17 16:16:28 [main] INFO  a.pages.AccountsPage - ✅ Spinner disappeared.
2025-06-17 16:16:43 [main] INFO  a.pages.AccountsPage - ⏳ Waiting for spinner to fully disappear...
2025-06-17 16:16:54 [main] INFO  a.pages.AccountsPage - ✅ Spinner disappeared.
2025-06-17 16:16:54 [main] INFO  a.pages.AccountsPage - ⏳ Waiting for spinner to fully disappear...
2025-06-17 16:17:04 [main] INFO  a.pages.AccountsPage - ✅ Spinner disappeared.
2025-06-17 16:17:04 [main] INFO  a.pages.AccountsPage - ⏳ Waiting for spinner to fully disappear...
2025-06-17 16:17:15 [main] INFO  a.pages.AccountsPage - ✅ Spinner disappeared.
2025-06-17 16:17:15 [main] INFO  a.pages.AccountsPage - ⏳ Waiting for spinner to fully disappear...
2025-06-17 16:17:25 [main] INFO  a.pages.AccountsPage - ✅ Spinner disappeared.
2025-06-17 16:17:25 [main] INFO  a.pages.AccountsPage - ⏳ Waiting for spinner to fully disappear...
2025-06-17 16:17:36 [main] INFO  a.pages.AccountsPage - ✅ Spinner disappeared.
2025-06-17 16:17:36 [main] INFO  a.pages.AccountsPage - ⏳ Waiting for spinner to fully disappear...
2025-06-17 16:17:46 [main] INFO  a.pages.AccountsPage - ✅ Spinner disappeared.
2025-06-17 16:17:46 [main] INFO  a.pages.AccountsPage - ⏳ Waiting for spinner to fully disappear...
2025-06-17 16:17:56 [main] INFO  a.pages.AccountsPage - ✅ Spinner disappeared.
2025-06-17 16:17:56 [main] INFO  a.pages.AccountsPage - ⏳ Waiting for spinner to fully disappear...
2025-06-17 16:18:12 [main] WARN  a.pages.AccountsPage - ⚠️ Spinner wait skipped or failed gracefully.
2025-06-17 16:18:12 [main] INFO  a.pages.AccountsPage - ⏳ Waiting for spinner to fully disappear...
2025-06-17 16:18:29 [main] WARN  a.pages.AccountsPage - ⚠️ Spinner wait skipped or failed gracefully.
2025-06-17 16:18:29 [main] INFO  a.pages.AccountsPage - ✅ 1 Month Statement (XLS format) download triggered.
2025-06-17 16:18:29 [main] INFO  a.pages.AccountsPage - ▶️ Download 3 Months Statement in XLS format
2025-06-17 16:18:29 [main] INFO  a.pages.AccountsPage - 🔍 Checking if 'Detailed Statement' is visible.
2025-06-17 16:18:34 [main] WARN  a.pages.AccountsPage - ⚠️ 'Detailed Statement' not visible. Clicking Accounts Tab first.
2025-06-17 16:18:34 [main] INFO  a.pages.AccountsPage - Clicking Accounts Tab
2025-06-17 16:18:34 [main] INFO  a.pages.AccountsPage - ⏳ Waiting for spinner to fully disappear...
2025-06-17 16:18:49 [main] WARN  a.pages.AccountsPage - ⚠️ Spinner wait skipped or failed gracefully.
2025-06-17 16:18:50 [main] WARN  a.pages.AccountsPage - ⚠️ Click intercepted attempt 1/3: element click intercepted: Element <span class="p-menuitem-text">...</span> is not clickable at point (153, 101). Other element would receive the click: <div _ngcontent-ng-c587276320="" class="ngx-spinner-overlay ng-tns-c587276320-1 ng-trigger ng-trigger-fadeIn ng-star-inserted ng-animating" style="background-color: rgba(51, 51, 51, 0.8); z-index: 99999; position: fixed;">...</div>
  (Session info: chrome=137.0.7151.104)
Build info: version: '4.20.0', revision: '866c76ca80'
System info: os.name: 'Windows 11', os.arch: 'amd64', os.version: '10.0', java.version: '17.0.12'
Driver info: org.openqa.selenium.chrome.ChromeDriver
Command: [15f62038236ec69037b7f83c68b038f1, clickElement {id=f.6591BA372C3581D7381D18A0FFCE01E1.d.DC47499789829FBC039ED41FC03FCE5C.e.94}]
Capabilities {acceptInsecureCerts: false, browserName: chrome, browserVersion: 137.0.7151.104, chrome: {chromedriverVersion: 137.0.7151.70 (dfa4dc56b2ab..., userDataDir: C:\Users\rajum\AppData\Loca...}, fedcm:accounts: true, goog:chromeOptions: {debuggerAddress: localhost:56614}, networkConnectionEnabled: false, pageLoadStrategy: normal, platformName: windows, proxy: Proxy(), se:cdp: ws://localhost:56614/devtoo..., se:cdpVersion: 137.0.7151.104, setWindowRect: true, strictFileInteractability: false, timeouts: {implicit: 0, pageLoad: 300000, script: 30000}, unhandledPromptBehavior: dismiss and notify, webauthn:extension:credBlob: true, webauthn:extension:largeBlob: true, webauthn:extension:minPinLength: true, webauthn:extension:prf: true, webauthn:virtualAuthenticators: true}
Element: [[ChromeDriver: chrome on windows (15f62038236ec69037b7f83c68b038f1)] -> xpath: //span[@class='p-menuitem-text' and text()='Accounts']]
Session ID: 15f62038236ec69037b7f83c68b038f1
2025-06-17 16:18:51 [main] INFO  a.pages.AccountsPage - ⏳ Waiting for spinner to fully disappear...
2025-06-17 16:18:59 [main] INFO  a.pages.AccountsPage - ✅ Spinner disappeared.
2025-06-17 16:18:59 [main] INFO  a.pages.AccountsPage - ⏳ Waiting for spinner to fully disappear...
2025-06-17 16:19:00 [main] INFO  a.pages.AccountsPage - ✅ Spinner disappeared.
2025-06-17 16:19:00 [main] INFO  a.pages.AccountsPage - ⏳ Waiting for spinner to fully disappear...
2025-06-17 16:19:12 [main] INFO  a.pages.AccountsPage - ✅ Spinner disappeared.
2025-06-17 16:19:27 [main] INFO  a.pages.AccountsPage - ✅ Accounts Tab Clicked
2025-06-17 16:19:27 [main] INFO  a.pages.AccountsPage - ✅ 'Detailed Statement' found after clicking Accounts Tab.
2025-06-17 16:19:27 [main] INFO  a.pages.AccountsPage - ⏳ Waiting for spinner to fully disappear...
2025-06-17 16:19:37 [main] INFO  a.pages.AccountsPage - ✅ Spinner disappeared.
2025-06-17 16:19:38 [main] INFO  a.pages.AccountsPage - ⏳ Waiting for spinner to fully disappear...
2025-06-17 16:19:56 [main] WARN  a.pages.AccountsPage - ⚠️ Spinner wait skipped or failed gracefully.
2025-06-17 16:19:56 [main] INFO  a.pages.AccountsPage - ⏳ Waiting for spinner to fully disappear...
2025-06-17 16:20:12 [main] WARN  a.pages.AccountsPage - ⚠️ Spinner wait skipped or failed gracefully.
2025-06-17 16:20:27 [main] INFO  a.pages.AccountsPage - ⏳ Waiting for spinner to fully disappear...
2025-06-17 16:20:42 [main] WARN  a.pages.AccountsPage - ⚠️ Spinner wait skipped or failed gracefully.
2025-06-17 16:20:43 [main] WARN  a.pages.AccountsPage - ⚠️ Click intercepted attempt 1/3: element click intercepted: Element <button _ngcontent-ng-c1879628175="" appblockdblclick="" class="account_button gap-2 px-1 py-2 flex justify-content-center w-4">...</button> is not clickable at point (1182, 338). Other element would receive the click: <div _ngcontent-ng-c587276320="" class="ngx-spinner-overlay ng-tns-c587276320-1 ng-trigger ng-trigger-fadeIn ng-star-inserted ng-animating" style="background-color: rgba(51, 51, 51, 0.8); z-index: 99999; position: fixed;">...</div>
  (Session info: chrome=137.0.7151.104)
Build info: version: '4.20.0', revision: '866c76ca80'
System info: os.name: 'Windows 11', os.arch: 'amd64', os.version: '10.0', java.version: '17.0.12'
Driver info: org.openqa.selenium.chrome.ChromeDriver
Command: [15f62038236ec69037b7f83c68b038f1, clickElement {id=f.6591BA372C3581D7381D18A0FFCE01E1.d.DC47499789829FBC039ED41FC03FCE5C.e.348}]
Capabilities {acceptInsecureCerts: false, browserName: chrome, browserVersion: 137.0.7151.104, chrome: {chromedriverVersion: 137.0.7151.70 (dfa4dc56b2ab..., userDataDir: C:\Users\rajum\AppData\Loca...}, fedcm:accounts: true, goog:chromeOptions: {debuggerAddress: localhost:56614}, networkConnectionEnabled: false, pageLoadStrategy: normal, platformName: windows, proxy: Proxy(), se:cdp: ws://localhost:56614/devtoo..., se:cdpVersion: 137.0.7151.104, setWindowRect: true, strictFileInteractability: false, timeouts: {implicit: 0, pageLoad: 300000, script: 30000}, unhandledPromptBehavior: dismiss and notify, webauthn:extension:credBlob: true, webauthn:extension:largeBlob: true, webauthn:extension:minPinLength: true, webauthn:extension:prf: true, webauthn:virtualAuthenticators: true}
Element: [[ChromeDriver: chrome on windows (15f62038236ec69037b7f83c68b038f1)] -> xpath: //button[contains(text(),'3 Months')]]
Session ID: 15f62038236ec69037b7f83c68b038f1
2025-06-17 16:20:43 [main] INFO  a.pages.AccountsPage - ⏳ Waiting for spinner to fully disappear...
2025-06-17 16:20:59 [main] WARN  a.pages.AccountsPage - ⚠️ Spinner wait skipped or failed gracefully.
2025-06-17 16:21:00 [main] WARN  a.pages.AccountsPage - ⚠️ Click intercepted attempt 2/3: element click intercepted: Element <button _ngcontent-ng-c1879628175="" appblockdblclick="" class="account_button gap-2 px-1 py-2 flex justify-content-center w-4">...</button> is not clickable at point (1182, 338). Other element would receive the click: <div _ngcontent-ng-c587276320="" class="ngx-spinner-overlay ng-tns-c587276320-1 ng-trigger ng-trigger-fadeIn ng-star-inserted ng-animating" style="background-color: rgba(51, 51, 51, 0.8); z-index: 99999; position: fixed;">...</div>
  (Session info: chrome=137.0.7151.104)
Build info: version: '4.20.0', revision: '866c76ca80'
System info: os.name: 'Windows 11', os.arch: 'amd64', os.version: '10.0', java.version: '17.0.12'
Driver info: org.openqa.selenium.chrome.ChromeDriver
Command: [15f62038236ec69037b7f83c68b038f1, clickElement {id=f.6591BA372C3581D7381D18A0FFCE01E1.d.DC47499789829FBC039ED41FC03FCE5C.e.348}]
Capabilities {acceptInsecureCerts: false, browserName: chrome, browserVersion: 137.0.7151.104, chrome: {chromedriverVersion: 137.0.7151.70 (dfa4dc56b2ab..., userDataDir: C:\Users\rajum\AppData\Loca...}, fedcm:accounts: true, goog:chromeOptions: {debuggerAddress: localhost:56614}, networkConnectionEnabled: false, pageLoadStrategy: normal, platformName: windows, proxy: Proxy(), se:cdp: ws://localhost:56614/devtoo..., se:cdpVersion: 137.0.7151.104, setWindowRect: true, strictFileInteractability: false, timeouts: {implicit: 0, pageLoad: 300000, script: 30000}, unhandledPromptBehavior: dismiss and notify, webauthn:extension:credBlob: true, webauthn:extension:largeBlob: true, webauthn:extension:minPinLength: true, webauthn:extension:prf: true, webauthn:virtualAuthenticators: true}
Element: [[ChromeDriver: chrome on windows (15f62038236ec69037b7f83c68b038f1)] -> xpath: //button[contains(text(),'3 Months')]]
Session ID: 15f62038236ec69037b7f83c68b038f1
2025-06-17 16:21:00 [main] INFO  a.pages.AccountsPage - ⏳ Waiting for spinner to fully disappear...
2025-06-17 16:21:14 [main] INFO  a.pages.AccountsPage - ✅ Spinner disappeared.
2025-06-17 16:21:15 [main] INFO  a.pages.AccountsPage - ⏳ Waiting for spinner to fully disappear...
2025-06-17 16:21:26 [main] INFO  a.pages.AccountsPage - ✅ Spinner disappeared.
2025-06-17 16:21:26 [main] INFO  a.pages.AccountsPage - ⏳ Waiting for spinner to fully disappear...
2025-06-17 16:21:36 [main] INFO  a.pages.AccountsPage - ✅ Spinner disappeared.
2025-06-17 16:21:51 [main] INFO  a.pages.AccountsPage - ⏳ Waiting for spinner to fully disappear...
2025-06-17 16:22:01 [main] INFO  a.pages.AccountsPage - ✅ Spinner disappeared.
2025-06-17 16:22:02 [main] INFO  a.pages.AccountsPage - ⏳ Waiting for spinner to fully disappear...
2025-06-17 16:22:12 [main] INFO  a.pages.AccountsPage - ✅ Spinner disappeared.
2025-06-17 16:22:12 [main] INFO  a.pages.AccountsPage - ⏳ Waiting for spinner to fully disappear...
2025-06-17 16:22:22 [main] INFO  a.pages.AccountsPage - ✅ Spinner disappeared.
2025-06-17 16:22:22 [main] INFO  a.pages.AccountsPage - ⏳ Waiting for spinner to fully disappear...
2025-06-17 16:22:33 [main] INFO  a.pages.AccountsPage - ✅ Spinner disappeared.
2025-06-17 16:22:33 [main] INFO  a.pages.AccountsPage - ⏳ Waiting for spinner to fully disappear...
2025-06-17 16:22:43 [main] INFO  a.pages.AccountsPage - ✅ Spinner disappeared.
2025-06-17 16:22:43 [main] INFO  a.pages.AccountsPage - ⏳ Waiting for spinner to fully disappear...
2025-06-17 16:22:54 [main] INFO  a.pages.AccountsPage - ✅ Spinner disappeared.
2025-06-17 16:22:54 [main] INFO  a.pages.AccountsPage - ⏳ Waiting for spinner to fully disappear...
2025-06-17 16:23:04 [main] INFO  a.pages.AccountsPage - ✅ Spinner disappeared.
2025-06-17 16:23:04 [main] INFO  a.pages.AccountsPage - ⏳ Waiting for spinner to fully disappear...
2025-06-17 16:23:19 [main] WARN  a.pages.AccountsPage - ⚠️ Spinner wait skipped or failed gracefully.
2025-06-17 16:23:19 [main] INFO  a.pages.AccountsPage - ⏳ Waiting for spinner to fully disappear...
2025-06-17 16:23:27 [main] INFO  a.pages.AccountsPage - ✅ Spinner disappeared.
2025-06-17 16:23:27 [main] INFO  a.pages.AccountsPage - ✅ 3 Months Statement (XLS format) download triggered.
2025-06-17 16:23:27 [main] INFO  a.pages.AccountsPage - ▶️ Starting: Download Custom Statement for 6 in XLS format
2025-06-17 16:23:27 [main] INFO  a.pages.AccountsPage - 🔍 Checking if 'Detailed Statement' is visible.
2025-06-17 16:23:32 [main] WARN  a.pages.AccountsPage - ⚠️ 'Detailed Statement' not visible. Clicking Accounts Tab first.
2025-06-17 16:23:32 [main] INFO  a.pages.AccountsPage - Clicking Accounts Tab
2025-06-17 16:23:32 [main] INFO  a.pages.AccountsPage - ⏳ Waiting for spinner to fully disappear...
2025-06-17 16:23:42 [main] INFO  a.pages.AccountsPage - ✅ Spinner disappeared.
2025-06-17 16:23:42 [main] INFO  a.pages.AccountsPage - ⏳ Waiting for spinner to fully disappear...
2025-06-17 16:24:00 [main] WARN  a.pages.AccountsPage - ⚠️ Spinner wait skipped or failed gracefully.
2025-06-17 16:24:00 [main] INFO  a.pages.AccountsPage - ⏳ Waiting for spinner to fully disappear...
2025-06-17 16:24:15 [main] WARN  a.pages.AccountsPage - ⚠️ Spinner wait skipped or failed gracefully.
2025-06-17 16:24:31 [main] INFO  a.pages.AccountsPage - ✅ Accounts Tab Clicked
2025-06-17 16:24:31 [main] INFO  a.pages.AccountsPage - ✅ 'Detailed Statement' found after clicking Accounts Tab.
2025-06-17 16:24:31 [main] INFO  a.pages.AccountsPage - ⏳ Waiting for spinner to fully disappear...
2025-06-17 16:24:38 [main] INFO  a.pages.AccountsPage - ✅ Spinner disappeared.
2025-06-17 16:24:38 [main] INFO  a.pages.AccountsPage - ⏳ Waiting for spinner to fully disappear...
2025-06-17 16:24:59 [main] INFO  a.pages.AccountsPage - ✅ Spinner disappeared.
2025-06-17 16:24:59 [main] INFO  a.pages.AccountsPage - ⏳ Waiting for spinner to fully disappear...
2025-06-17 16:25:09 [main] INFO  a.pages.AccountsPage - ✅ Spinner disappeared.
2025-06-17 16:25:10 [main] INFO  a.pages.AccountsPage - ⏳ Waiting for spinner to fully disappear...
2025-06-17 16:25:20 [main] INFO  a.pages.AccountsPage - ✅ Spinner disappeared.
2025-06-17 16:25:20 [main] INFO  a.pages.AccountsPage - ⏳ Waiting for spinner to fully disappear...
2025-06-17 16:25:30 [main] INFO  a.pages.AccountsPage - ✅ Spinner disappeared.
2025-06-17 16:25:30 [main] INFO  a.pages.AccountsPage - ⏳ Waiting for spinner to fully disappear...
2025-06-17 16:25:41 [main] INFO  a.pages.AccountsPage - ✅ Spinner disappeared.
2025-06-17 16:25:41 [main] INFO  a.pages.AccountsPage - ⏳ Waiting for spinner to fully disappear...
2025-06-17 16:25:51 [main] INFO  a.pages.AccountsPage - ✅ Spinner disappeared.
2025-06-17 16:25:51 [main] INFO  a.pages.AccountsPage - ⏳ Waiting for spinner to fully disappear...
2025-06-17 16:26:08 [main] INFO  a.pages.AccountsPage - ✅ Spinner disappeared.
2025-06-17 16:26:08 [main] INFO  a.pages.AccountsPage - ⏳ Waiting for spinner to fully disappear...
2025-06-17 16:26:18 [main] INFO  a.pages.AccountsPage - ✅ Spinner disappeared.
2025-06-17 16:26:18 [main] INFO  a.pages.AccountsPage - ⏳ Waiting for spinner to fully disappear...
2025-06-17 16:26:29 [main] INFO  a.pages.AccountsPage - ✅ Spinner disappeared.
2025-06-17 16:26:45 [main] ERROR a.pages.AccountsPage - ❌ Error during custom statement download (6 months - XLS): Expected condition failed: waiting for element to be clickable: By.xpath: //img[contains(@src,'ic_excel_file.svg') and @alt='excel'] (tried for 15 second(s) with 500 milliseconds interval)
Build info: version: '4.20.0', revision: '866c76ca80'
System info: os.name: 'Windows 11', os.arch: 'amd64', os.version: '10.0', java.version: '17.0.12'
Driver info: org.openqa.selenium.chrome.ChromeDriver
Capabilities {acceptInsecureCerts: false, browserName: chrome, browserVersion: 137.0.7151.104, chrome: {chromedriverVersion: 137.0.7151.70 (dfa4dc56b2ab..., userDataDir: C:\Users\rajum\AppData\Loca...}, fedcm:accounts: true, goog:chromeOptions: {debuggerAddress: localhost:56614}, networkConnectionEnabled: false, pageLoadStrategy: normal, platformName: windows, proxy: Proxy(), se:cdp: ws://localhost:56614/devtoo..., se:cdpVersion: 137.0.7151.104, setWindowRect: true, strictFileInteractability: false, timeouts: {implicit: 0, pageLoad: 300000, script: 30000}, unhandledPromptBehavior: dismiss and notify, webauthn:extension:credBlob: true, webauthn:extension:largeBlob: true, webauthn:extension:minPinLength: true, webauthn:extension:prf: true, webauthn:virtualAuthenticators: true}
Session ID: 15f62038236ec69037b7f83c68b038f1
2025-06-17 16:26:45 [main] INFO  a.pages.AccountsPage - ▶️ Starting: Download Custom Statement for 12 in PDF format
2025-06-17 16:26:45 [main] INFO  a.pages.AccountsPage - 🔍 Checking if 'Detailed Statement' is visible.
2025-06-17 16:26:50 [main] WARN  a.pages.AccountsPage - ⚠️ 'Detailed Statement' not visible. Clicking Accounts Tab first.
2025-06-17 16:26:50 [main] INFO  a.pages.AccountsPage - Clicking Accounts Tab
2025-06-17 16:26:50 [main] INFO  a.pages.AccountsPage - ⏳ Waiting for spinner to fully disappear...
