2025-06-12 22:19:32 [main] WARN  org.testng.xml.TestNGContentHandler - Failed to read [/C:/Users/rajum/eclipse-workspace/ToolsQA/SeleniumAutomotionSVCUATIB/testng-1.1.dtd] from CLASSPATH. Attempting to read from [file:///C:/Users/rajum/eclipse-workspace/ToolsQA/SeleniumAutomotionSVCUATIB/testng-1.1.dtd].
2025-06-12 22:19:32 [main] WARN  org.testng.xml.TestNGContentHandler - It is strongly recommended to add "<!DOCTYPE suite SYSTEM "https://testng.org/testng-1.1.dtd" >" at the top of the suite file [C:\Users\rajum\eclipse-workspace\ToolsQA\SeleniumAutomotionSVCUATIB\src\main\resources\testng.xml] otherwise TestNG may fail or not work as expected.
2025-06-12 22:19:32 [main] INFO  org.testng.internal.Utils - [TestNG] Running:
  C:\Users\rajum\eclipse-workspace\ToolsQA\SeleniumAutomotionSVCUATIB\src\main\resources\testng.xml

2025-06-12 22:19:33 [main] INFO  i.g.bonigarcia.wdm.WebDriverManager - Using chromedriver 137.0.7151.70 (resolved driver for Chrome 137)
2025-06-12 22:19:33 [main] INFO  i.g.bonigarcia.wdm.WebDriverManager - Exporting webdriver.chrome.driver as C:\Users\rajum\.cache\selenium\chromedriver\win64\137.0.7151.70\chromedriver.exe
2025-06-12 22:19:35 [main] INFO  automationFramework.pages.LoginPage - ✅ [SUCCESS] Config loaded from 'config.properties': captcha.wait.seconds = 10 seconds.
2025-06-12 22:19:39 [main] INFO  automationFramework.pages.LoginPage - 🟦 [STEP] Navigated to URL: https://uatnet.svcbank.com/ReachSVCInet/SVC-web/inet/netbanking
2025-06-12 22:19:39 [main] INFO  automationFramework.pages.LoginPage - ✅ [SUCCESS] Entered username: TEST001
2025-06-12 22:19:39 [main] INFO  automationFramework.pages.LoginPage - ⏳ [WAIT] Waiting for manual captcha input. You have 10 seconds.
2025-06-12 22:19:49 [main] INFO  automationFramework.pages.LoginPage - ✅ [SUCCESS] Clicked first Login button (after captcha).
2025-06-12 22:19:49 [main] INFO  automationFramework.pages.LoginPage - ✅ [SUCCESS] Entered password.
2025-06-12 22:19:50 [main] INFO  automationFramework.pages.LoginPage - ✅ [SUCCESS] Clicked final Login button.
2025-06-12 22:19:50 [main] INFO  automationFramework.pages.LoginPage - 🎉 [DONE] Login Test Completed successfully for user: TEST001.
2025-06-12 22:19:50 [main] INFO  a.pages.AccountsPage - Clicking Accounts Tab
2025-06-12 22:20:17 [main] INFO  a.pages.AccountsPage - Scrolling to 'View Balance Components' button
2025-06-12 22:20:27 [main] INFO  a.pages.AccountsPage - Scrolled to button.
2025-06-12 22:20:27 [main] INFO  a.pages.AccountsPage - Clicking 'View Balance Components' button
2025-06-12 22:20:49 [main] INFO  a.pages.AccountsPage - Closing balance modal
2025-06-12 22:20:59 [main] INFO  a.pages.AccountsPage - Modal closed.
2025-06-12 22:21:09 [main] INFO  a.pages.AccountsPage - ▶️ Starting: Download 1 Month Statement in PDF format
2025-06-12 22:21:19 [main] INFO  a.pages.AccountsPage - ✅ Detailed Account Statement Button Clicked
2025-06-12 22:21:31 [main] INFO  a.pages.AccountsPage - ✅ Download Button Clicked
2025-06-12 22:21:41 [main] INFO  a.pages.AccountsPage - ✅ Download Statement Button Clicked
2025-06-12 22:21:41 [main] INFO  a.pages.AccountsPage - 🎉 Statement download for 1 Month (PDF) triggered successfully.
2025-06-12 22:21:41 [main] INFO  a.pages.AccountsPage - ▶️ Starting: Download 3 Months Statement in PDF format
2025-06-12 22:21:56 [main] WARN  a.pages.AccountsPage - Spinner not found or already gone.
2025-06-12 22:21:57 [main] INFO  a.pages.AccountsPage - ✅ Accounts Tab Clicked
2025-06-12 22:22:21 [main] INFO  a.pages.AccountsPage - ✅ Detailed Account Statement Button Clicked
2025-06-12 22:22:31 [main] INFO  a.pages.AccountsPage - ✅ 3 Months Button Clicked
2025-06-12 22:22:43 [main] INFO  a.pages.AccountsPage - ✅ Download Button Clicked
2025-06-12 22:22:53 [main] INFO  a.pages.AccountsPage - ✅ Download Statement Button Clicked
2025-06-12 22:22:53 [main] INFO  a.pages.AccountsPage - 🎉 Statement download for 3 Months (PDF) triggered successfully.
