2025-06-19 12:06:43 [main] INFO  org.testng.internal.Utils - [Utils] MethodGroupsHelper.collectMethodsByGroup() took 1 ms.
2025-06-19 12:06:43 [main] INFO  org.testng.internal.Utils - [Utils] MethodGroupsHelper.sortMethods() took 3 ms.
2025-06-19 12:06:43 [main] INFO  org.testng.internal.Utils - [Utils] MethodGroupsHelper.collectMethodsByGroup() took 0 ms.
2025-06-19 12:06:43 [main] INFO  org.testng.internal.Utils - [Utils] MethodGroupsHelper.sortMethods() took 0 ms.
2025-06-19 12:06:43 [main] INFO  org.testng.internal.Utils - [Utils] MethodGroupsHelper.collectMethodsByGroup() took 0 ms.
2025-06-19 12:06:43 [main] INFO  org.testng.internal.Utils - [Utils] MethodGroupsHelper.sortMethods() took 0 ms.
2025-06-19 12:06:43 [main] INFO  org.testng.internal.Utils - [Utils] MethodGroupsHelper.collectMethodsByGroup() took 0 ms.
2025-06-19 12:06:43 [main] INFO  org.testng.internal.Utils - [Utils] MethodGroupsHelper.sortMethods() took 0 ms.
2025-06-19 12:06:43 [main] INFO  org.testng.internal.Utils - [Utils] MethodGroupsHelper.collectMethodsByGroup() took 5 ms.
2025-06-19 12:06:43 [main] INFO  org.testng.internal.Utils - [Utils] MethodGroupsHelper.sortMethods() took 20 ms.
2025-06-19 12:06:43 [main] INFO  org.testng.internal.Utils - [Utils] MethodGroupsHelper.collectMethodsByGroup() took 0 ms.
2025-06-19 12:06:43 [main] INFO  org.testng.internal.Utils - [Utils] MethodGroupsHelper.sortMethods() took 1 ms.
2025-06-19 12:06:43 [main] INFO  org.testng.internal.Utils - [Utils] MethodGroupsHelper.collectMethodsByGroup() took 0 ms.
2025-06-19 12:06:43 [main] INFO  org.testng.internal.Utils - [Utils] MethodGroupsHelper.sortMethods() took 0 ms.
2025-06-19 12:06:43 [main] INFO  org.testng.internal.Utils - [Utils] MethodGroupsHelper.collectMethodsByGroup() took 0 ms.
2025-06-19 12:06:43 [main] INFO  org.testng.internal.Utils - [Utils] MethodGroupsHelper.sortMethods() took 0 ms.
2025-06-19 12:06:43 [main] INFO  org.testng.internal.Utils - [Utils] MethodGroupsHelper.collectMethodsByGroup() took 0 ms.
2025-06-19 12:06:43 [main] INFO  org.testng.internal.Utils - [Utils] MethodGroupsHelper.sortMethods() took 0 ms.
2025-06-19 12:06:43 [main] INFO  org.testng.internal.Utils - [Utils] MethodGroupsHelper.collectMethodsByGroup() took 0 ms.
2025-06-19 12:06:43 [main] INFO  org.testng.internal.Utils - [Utils] MethodGroupsHelper.sortMethods() took 0 ms.
2025-06-19 12:06:43 [main] INFO  org.testng.internal.Utils - [Utils] MethodGroupsHelper.collectMethodsByGroup() took 0 ms.
2025-06-19 12:06:43 [main] INFO  org.testng.internal.Utils - [Utils] MethodGroupsHelper.sortMethods() took 0 ms.
2025-06-19 12:06:43 [main] INFO  org.testng.internal.Utils - [Utils] MethodGroupsHelper.collectMethodsByGroup() took 0 ms.
2025-06-19 12:06:43 [main] INFO  org.testng.internal.Utils - [Utils] MethodGroupsHelper.sortMethods() took 0 ms.
2025-06-19 12:06:43 [main] INFO  org.testng.internal.Utils - [Utils] MethodGroupsHelper.collectMethodsByGroup() took 3 ms.
2025-06-19 12:06:43 [main] INFO  org.testng.internal.Utils - [Utils] MethodGroupsHelper.sortMethods() took 11 ms.
2025-06-19 12:06:43 [main] INFO  org.testng.internal.Utils - [Utils] MethodGroupsHelper.collectMethodsByGroup() took 0 ms.
2025-06-19 12:06:43 [main] INFO  org.testng.internal.Utils - [Utils] MethodGroupsHelper.sortMethods() took 0 ms.
2025-06-19 12:06:43 [main] INFO  org.testng.internal.Utils - [Utils] MethodGroupsHelper.collectMethodsByGroup() took 0 ms.
2025-06-19 12:06:43 [main] INFO  org.testng.internal.Utils - [Utils] MethodGroupsHelper.sortMethods() took 0 ms.
2025-06-19 12:06:43 [main] INFO  org.testng.internal.Utils - [TestNG] Running:
  C:\Users\rajum\AppData\Local\Temp\testng-eclipse--542516361\testng-customsuite.xml

2025-06-19 12:06:43 [main] INFO  org.testng.internal.Utils - [Utils] DynamicGraphHelper.createDynamicGraph() took 9 ms.
2025-06-19 12:06:43 [main] INFO  automationFramework.utils.LoggerUtil - 🔧 Launching browser and loading properties...
2025-06-19 12:06:44 [main] INFO  i.g.bonigarcia.wdm.WebDriverManager - Using chromedriver 137.0.7151.119 (resolved driver for Chrome 137)
2025-06-19 12:06:44 [main] INFO  i.g.bonigarcia.wdm.WebDriverManager - Exporting webdriver.chrome.driver as C:\Users\rajum\.cache\selenium\chromedriver\win64\137.0.7151.119\chromedriver.exe
2025-06-19 12:06:47 [main] INFO  automationFramework.pages.LoginPage - ✅ Captcha wait time loaded: 10 seconds
2025-06-19 12:06:54 [main] INFO  automationFramework.pages.LoginPage - 🟦 Navigated to URL: https://uatnet.svcbank.com/ReachSVCInet/SVC-web/inet/netbanking
2025-06-19 12:06:54 [main] INFO  automationFramework.pages.LoginPage - ✅ Entered username: TEST001
2025-06-19 12:06:54 [main] INFO  automationFramework.pages.LoginPage - ⏳ Waiting for manual captcha input (10 seconds)
2025-06-19 12:07:04 [main] INFO  automationFramework.pages.LoginPage - ✅ Clicked first Login button
2025-06-19 12:07:05 [main] INFO  automationFramework.pages.LoginPage - ✅ Entered password
2025-06-19 12:07:05 [main] INFO  automationFramework.pages.LoginPage - ✅ Clicked final Login button
2025-06-19 12:07:10 [main] INFO  automationFramework.pages.LoginPage - 🎉 Login successful for user: TEST001
2025-06-19 12:07:10 [main] INFO  automationFramework.utils.LoggerUtil - ✅ Login successful
2025-06-19 12:07:10 [main] INFO  automationFramework.utils.LoggerUtil - ✅ Setup complete.
2025-06-19 12:07:10 [main] INFO  a.pages.ServicesPage - 🔄 Navigating to Services > Manage SMS...
2025-06-19 12:07:10 [main] INFO  a.pages.ServicesPage - ⏳ Waiting for spinner to fully disappear...
2025-06-19 12:07:25 [main] INFO  a.pages.ServicesPage - ✅ Spinner disappeared.
2025-06-19 12:07:25 [main] INFO  a.pages.ServicesPage - ⏳ Waiting for spinner to fully disappear...
2025-06-19 12:07:38 [main] INFO  a.pages.ServicesPage - ✅ Spinner disappeared.
2025-06-19 12:07:38 [main] INFO  a.pages.ServicesPage - ⏳ Waiting for spinner to fully disappear...
2025-06-19 12:07:48 [main] INFO  a.pages.ServicesPage - ✅ Spinner disappeared.
2025-06-19 12:07:49 [main] INFO  a.pages.ServicesPage - ⏳ Waiting for spinner to fully disappear...
2025-06-19 12:08:02 [main] INFO  a.pages.ServicesPage - ✅ Spinner disappeared.
2025-06-19 12:08:02 [main] INFO  a.pages.ServicesPage - ✅ Reached Manage SMS section.
2025-06-19 12:08:02 [main] INFO  a.pages.ServicesPage - 🔄 Generating random credit and debit amounts...
2025-06-19 12:08:02 [main] INFO  a.pages.ServicesPage - ✏️ Entering SMS thresholds - Credit: 1889, Debit: 9678
2025-06-19 12:08:02 [main] INFO  a.pages.ServicesPage - ✅ Amounts entered successfully with Credit: 1889, Debit: 9678
2025-06-19 12:08:02 [main] INFO  a.pages.ServicesPage - 💾 Clicking Save button...
2025-06-19 12:08:02 [main] INFO  a.pages.ServicesPage - ⏳ Waiting for spinner to fully disappear...
2025-06-19 12:08:12 [main] INFO  a.pages.ServicesPage - ✅ Spinner disappeared.
2025-06-19 12:08:12 [main] INFO  a.pages.ServicesPage - ⏳ Waiting for spinner to fully disappear...
2025-06-19 12:08:31 [main] WARN  a.pages.ServicesPage - ⚠️ Spinner wait skipped or failed gracefully.
2025-06-19 12:08:31 [main] INFO  a.pages.ServicesPage - 🔐 Entering OTP: 123456
2025-06-19 12:08:31 [main] INFO  a.pages.ServicesPage - ⏳ Waiting for spinner to fully disappear...
2025-06-19 12:08:46 [main] WARN  a.pages.ServicesPage - ⚠️ Spinner wait skipped or failed gracefully.
2025-06-19 12:09:02 [main] ERROR automationFramework.utils.LoggerUtil - ❌ Exception in testManageSMSFlow: 
org.openqa.selenium.TimeoutException: Expected condition failed: waiting for visibility of element located by By.xpath: //input[@formcontrolname='otp'] (tried for 15 second(s) with 500 milliseconds interval)
Build info: version: '4.20.0', revision: '866c76ca80'
System info: os.name: 'Windows 11', os.arch: 'amd64', os.version: '10.0', java.version: '17.0.12'
Driver info: org.openqa.selenium.chrome.ChromeDriver
Capabilities {acceptInsecureCerts: false, browserName: chrome, browserVersion: 137.0.7151.104, chrome: {chromedriverVersion: 137.0.7151.119 (e0ac9d12dff..., userDataDir: C:\Users\rajum\AppData\Loca...}, fedcm:accounts: true, goog:chromeOptions: {debuggerAddress: localhost:63164}, networkConnectionEnabled: false, pageLoadStrategy: normal, platformName: windows, proxy: Proxy(), se:cdp: ws://localhost:63164/devtoo..., se:cdpVersion: 137.0.7151.104, setWindowRect: true, strictFileInteractability: false, timeouts: {implicit: 0, pageLoad: 300000, script: 30000}, unhandledPromptBehavior: dismiss and notify, webauthn:extension:credBlob: true, webauthn:extension:largeBlob: true, webauthn:extension:minPinLength: true, webauthn:extension:prf: true, webauthn:virtualAuthenticators: true}
Session ID: 1f0f5e8ee948ef8f5bb1b48825d01551
	at org.openqa.selenium.support.ui.WebDriverWait.timeoutException(WebDriverWait.java:84)
	at org.openqa.selenium.support.ui.FluentWait.until(FluentWait.java:228)
	at automationFramework.pages.BasePage.type(BasePage.java:195)
	at automationFramework.pages.ServicesPage.enterOTP(ServicesPage.java:81)
	at automationFramework.tests.ServicesTestNG.testManageSMSFlow(ServicesTestNG.java:67)
	at java.base/jdk.internal.reflect.NativeMethodAccessorImpl.invoke0(Native Method)
	at java.base/jdk.internal.reflect.NativeMethodAccessorImpl.invoke(NativeMethodAccessorImpl.java:77)
	at java.base/jdk.internal.reflect.DelegatingMethodAccessorImpl.invoke(DelegatingMethodAccessorImpl.java:43)
	at java.base/java.lang.reflect.Method.invoke(Method.java:568)
	at org.testng.internal.invokers.MethodInvocationHelper.invokeMethod(MethodInvocationHelper.java:141)
	at org.testng.internal.invokers.TestInvoker.invokeMethod(TestInvoker.java:687)
	at org.testng.internal.invokers.TestInvoker.invokeTestMethod(TestInvoker.java:230)
	at org.testng.internal.invokers.MethodRunner.runInSequence(MethodRunner.java:63)
	at org.testng.internal.invokers.TestInvoker$MethodInvocationAgent.invoke(TestInvoker.java:995)
	at org.testng.internal.invokers.TestInvoker.invokeTestMethods(TestInvoker.java:203)
	at org.testng.internal.invokers.TestMethodWorker.invokeTestMethods(TestMethodWorker.java:154)
	at org.testng.internal.invokers.TestMethodWorker.run(TestMethodWorker.java:134)
	at java.base/java.util.ArrayList.forEach(ArrayList.java:1511)
	at org.testng.TestRunner.privateRun(TestRunner.java:741)
	at org.testng.TestRunner.run(TestRunner.java:616)
	at org.testng.SuiteRunner.runTest(SuiteRunner.java:421)
	at org.testng.SuiteRunner.runSequentially(SuiteRunner.java:413)
	at org.testng.SuiteRunner.privateRun(SuiteRunner.java:373)
	at org.testng.SuiteRunner.run(SuiteRunner.java:312)
	at org.testng.SuiteRunnerWorker.runSuite(SuiteRunnerWorker.java:52)
	at org.testng.SuiteRunnerWorker.run(SuiteRunnerWorker.java:95)
	at org.testng.TestNG.runSuitesSequentially(TestNG.java:1274)
	at org.testng.TestNG.runSuitesLocally(TestNG.java:1208)
	at org.testng.TestNG.runSuites(TestNG.java:1112)
	at org.testng.TestNG.run(TestNG.java:1079)
	at org.testng.remote.AbstractRemoteTestNG.run(AbstractRemoteTestNG.java:115)
	at org.testng.remote.RemoteTestNG.initAndRun(RemoteTestNG.java:293)
	at org.testng.remote.RemoteTestNG.main(RemoteTestNG.java:91)
2025-06-19 12:09:03 [main] INFO  a.pages.ServicesPage - 🔄 Navigating to Services > Manage SMS...
2025-06-19 12:09:03 [main] INFO  a.pages.ServicesPage - ⏳ Waiting for spinner to fully disappear...
2025-06-19 12:09:13 [main] INFO  a.pages.ServicesPage - ✅ Spinner disappeared.
2025-06-19 12:09:28 [main] WARN  a.pages.ServicesPage - ⚠️ Click failed attempt 1/3: Expected condition failed: waiting for element to be clickable: By.xpath: //span[text()='Services'] (tried for 15 second(s) with 500 milliseconds interval)
Build info: version: '4.20.0', revision: '866c76ca80'
System info: os.name: 'Windows 11', os.arch: 'amd64', os.version: '10.0', java.version: '17.0.12'
Driver info: org.openqa.selenium.chrome.ChromeDriver
Capabilities {acceptInsecureCerts: false, browserName: chrome, browserVersion: 137.0.7151.104, chrome: {chromedriverVersion: 137.0.7151.119 (e0ac9d12dff..., userDataDir: C:\Users\rajum\AppData\Loca...}, fedcm:accounts: true, goog:chromeOptions: {debuggerAddress: localhost:63164}, networkConnectionEnabled: false, pageLoadStrategy: normal, platformName: windows, proxy: Proxy(), se:cdp: ws://localhost:63164/devtoo..., se:cdpVersion: 137.0.7151.104, setWindowRect: true, strictFileInteractability: false, timeouts: {implicit: 0, pageLoad: 300000, script: 30000}, unhandledPromptBehavior: dismiss and notify, webauthn:extension:credBlob: true, webauthn:extension:largeBlob: true, webauthn:extension:minPinLength: true, webauthn:extension:prf: true, webauthn:virtualAuthenticators: true}
Session ID: 1f0f5e8ee948ef8f5bb1b48825d01551
2025-06-19 12:09:29 [main] INFO  a.pages.ServicesPage - ⏳ Waiting for spinner to fully disappear...
2025-06-19 12:09:39 [main] INFO  a.pages.ServicesPage - ✅ Spinner disappeared.
2025-06-19 12:09:54 [main] WARN  a.pages.ServicesPage - ⚠️ Click failed attempt 2/3: Expected condition failed: waiting for element to be clickable: By.xpath: //span[text()='Services'] (tried for 15 second(s) with 500 milliseconds interval)
2025-06-19 12:09:55 [main] INFO  a.pages.ServicesPage - ⏳ Waiting for spinner to fully disappear...
2025-06-19 12:10:10 [main] WARN  a.pages.ServicesPage - ⚠️ Spinner wait skipped or failed gracefully.
2025-06-19 12:10:26 [main] WARN  a.pages.ServicesPage - ⚠️ Click failed attempt 3/3: Expected condition failed: waiting for element to be clickable: By.xpath: //span[text()='Services'] (tried for 15 second(s) with 500 milliseconds interval)
2025-06-19 12:10:26 [main] INFO  org.testng.internal.Utils - [TestNG] Time taken by org.testng.reporters.jq.Main@12192604: 83 ms
2025-06-19 12:10:26 [main] INFO  org.testng.internal.Utils - [TestNG] Time taken by org.testng.reporters.FailedReporter@6f50d55c: 25 ms
2025-06-19 12:10:26 [main] INFO  org.testng.internal.Utils - [TestNG] Time taken by org.testng.reporters.XMLReporter@10d18696: 19 ms
2025-06-19 12:10:26 [main] INFO  org.testng.internal.Utils - [TestNG] Time taken by org.testng.reporters.EmailableReporter2@530ee28b: 11 ms
2025-06-19 12:10:26 [main] INFO  org.testng.internal.Utils - [TestNG] Time taken by org.testng.reporters.JUnitReportReporter@6b4a4e40: 11 ms
2025-06-19 12:10:26 [main] INFO  org.testng.internal.Utils - [TestNG] Time taken by org.testng.internal.ExitCodeListener@46a8c2b4: 0 ms
