2025-06-13 16:50:23 [main] WARN  org.testng.xml.TestNGContentHandler - Failed to read [/C:/Users/rajum/eclipse-workspace/ToolsQA/SeleniumAutomotionSVCUATIB/testng-1.1.dtd] from CLASSPATH. Attempting to read from [file:///C:/Users/rajum/eclipse-workspace/ToolsQA/SeleniumAutomotionSVCUATIB/testng-1.1.dtd].
2025-06-13 16:50:23 [main] WARN  org.testng.xml.TestNGContentHandler - It is strongly recommended to add "<!DOCTYPE suite SYSTEM "https://testng.org/testng-1.1.dtd" >" at the top of the suite file [C:\Users\rajum\eclipse-workspace\ToolsQA\SeleniumAutomotionSVCUATIB\src\main\resources\testng.xml] otherwise TestNG may fail or not work as expected.
2025-06-13 16:50:23 [main] INFO  org.testng.internal.Utils - [TestNG] Running:
  C:\Users\rajum\eclipse-workspace\ToolsQA\SeleniumAutomotionSVCUATIB\src\main\resources\testng.xml

2025-06-13 16:50:24 [main] INFO  i.g.bonigarcia.wdm.WebDriverManager - Using chromedriver 137.0.7151.70 (resolved driver for Chrome 137)
2025-06-13 16:50:24 [main] INFO  i.g.bonigarcia.wdm.WebDriverManager - Exporting webdriver.chrome.driver as C:\Users\rajum\.cache\selenium\chromedriver\win64\137.0.7151.70\chromedriver.exe
2025-06-13 16:50:26 [main] INFO  automationFramework.pages.LoginPage - ✅ [SUCCESS] Config loaded from 'config.properties': captcha.wait.seconds = 10 seconds.
2025-06-13 16:50:31 [main] INFO  automationFramework.pages.LoginPage - 🟦 [STEP] Navigated to URL: https://uatnet.svcbank.com/ReachSVCInet/SVC-web/inet/netbanking
2025-06-13 16:50:31 [main] INFO  automationFramework.pages.LoginPage - ✅ [SUCCESS] Entered username: TEST001
2025-06-13 16:50:31 [main] INFO  automationFramework.pages.LoginPage - ⏳ [WAIT] Waiting for manual captcha input. You have 10 seconds.
2025-06-13 16:50:42 [main] INFO  automationFramework.pages.LoginPage - ✅ [SUCCESS] Clicked first Login button (after captcha).
2025-06-13 16:50:44 [main] INFO  automationFramework.pages.LoginPage - ✅ [SUCCESS] Entered password.
2025-06-13 16:50:44 [main] INFO  automationFramework.pages.LoginPage - ✅ [SUCCESS] Clicked final Login button.
2025-06-13 16:50:44 [main] INFO  automationFramework.pages.LoginPage - 🎉 [DONE] Login Test Completed successfully for user: TEST001.
2025-06-13 16:50:44 [main] INFO  a.pages.AccountsPage - Clicking Accounts Tab
2025-06-13 16:50:44 [main] INFO  a.pages.AccountsPage - ⏳ Waiting for spinner to fully disappear...
2025-06-13 16:51:12 [main] INFO  a.pages.AccountsPage - ✅ Spinner disappeared.
2025-06-13 16:51:12 [main] INFO  a.pages.AccountsPage - ⏳ Waiting for spinner to fully disappear...
2025-06-13 16:51:31 [main] WARN  a.pages.AccountsPage - ⚠️ Spinner wait skipped or failed gracefully.
2025-06-13 16:51:31 [main] INFO  a.pages.AccountsPage - ⏳ Waiting for spinner to fully disappear...
2025-06-13 16:51:46 [main] WARN  a.pages.AccountsPage - ⚠️ Spinner wait skipped or failed gracefully.
2025-06-13 16:52:06 [main] INFO  a.pages.AccountsPage - ✅ Accounts Tab Clicked
2025-06-13 16:52:06 [main] INFO  a.pages.AccountsPage - ⏳ Waiting for spinner to fully disappear...
2025-06-13 16:52:26 [main] INFO  a.pages.AccountsPage - ✅ Spinner disappeared.
2025-06-13 16:52:46 [main] INFO  a.pages.AccountsPage - Scrolling to 'View Balance Components' button
2025-06-13 16:52:46 [main] INFO  a.pages.AccountsPage - ⏳ Waiting for spinner to fully disappear...
2025-06-13 16:53:07 [main] INFO  a.pages.AccountsPage - ✅ Spinner disappeared.
2025-06-13 16:53:27 [main] INFO  a.pages.AccountsPage - Clicking 'View Balance Components' button
2025-06-13 16:53:27 [main] INFO  a.pages.AccountsPage - ⏳ Waiting for spinner to fully disappear...
2025-06-13 16:53:47 [main] INFO  a.pages.AccountsPage - ✅ Spinner disappeared.
2025-06-13 16:53:47 [main] INFO  a.pages.AccountsPage - ⏳ Waiting for spinner to fully disappear...
2025-06-13 16:54:08 [main] INFO  a.pages.AccountsPage - ✅ Spinner disappeared.
2025-06-13 16:54:08 [main] INFO  a.pages.AccountsPage - ⏳ Waiting for spinner to fully disappear...
2025-06-13 16:54:25 [main] WARN  a.pages.AccountsPage - ⚠️ Spinner wait skipped or failed gracefully.
2025-06-13 16:54:25 [main] INFO  a.pages.AccountsPage - ⏳ Waiting for spinner to fully disappear...
2025-06-13 16:54:41 [main] INFO  a.pages.AccountsPage - ✅ Spinner disappeared.
2025-06-13 16:55:02 [main] INFO  a.pages.AccountsPage - Closing balance modal
2025-06-13 16:55:02 [main] INFO  a.pages.AccountsPage - ⏳ Waiting for spinner to fully disappear...
2025-06-13 16:55:22 [main] INFO  a.pages.AccountsPage - ✅ Spinner disappeared.
2025-06-13 16:55:22 [main] INFO  a.pages.AccountsPage - ⏳ Waiting for spinner to fully disappear...
2025-06-13 16:55:42 [main] INFO  a.pages.AccountsPage - ✅ Spinner disappeared.
2025-06-13 16:55:42 [main] INFO  a.pages.AccountsPage - ⏳ Waiting for spinner to fully disappear...
2025-06-13 16:56:03 [main] INFO  a.pages.AccountsPage - ✅ Spinner disappeared.
2025-06-13 16:56:03 [main] INFO  a.pages.AccountsPage - ✅ Modal closed.
2025-06-13 16:56:03 [main] INFO  a.pages.AccountsPage - ⏳ Waiting for spinner to fully disappear...
2025-06-13 16:56:23 [main] INFO  a.pages.AccountsPage - ✅ Spinner disappeared.
2025-06-13 16:56:43 [main] INFO  a.pages.AccountsPage - ▶️ Starting: Download 1 Month Statement in PDF format
2025-06-13 16:56:43 [main] INFO  a.pages.AccountsPage - Clicking Accounts Tab
2025-06-13 16:56:43 [main] INFO  a.pages.AccountsPage - ⏳ Waiting for spinner to fully disappear...
2025-06-13 16:57:04 [main] INFO  a.pages.AccountsPage - ✅ Spinner disappeared.
2025-06-13 16:57:04 [main] INFO  a.pages.AccountsPage - ⏳ Waiting for spinner to fully disappear...
2025-06-13 16:57:31 [main] INFO  a.pages.AccountsPage - ✅ Spinner disappeared.
2025-06-13 16:57:31 [main] INFO  a.pages.AccountsPage - ⏳ Waiting for spinner to fully disappear...
2025-06-13 16:57:51 [main] INFO  a.pages.AccountsPage - ✅ Spinner disappeared.
2025-06-13 16:58:11 [main] INFO  a.pages.AccountsPage - ✅ Accounts Tab Clicked
2025-06-13 16:58:11 [main] INFO  a.pages.AccountsPage - ⏳ Waiting for spinner to fully disappear...
2025-06-13 16:58:31 [main] INFO  a.pages.AccountsPage - ✅ Spinner disappeared.
2025-06-13 16:58:32 [main] INFO  a.pages.AccountsPage - ⏳ Waiting for spinner to fully disappear...
2025-06-13 16:58:47 [main] INFO  a.pages.AccountsPage - ✅ Spinner disappeared.
2025-06-13 16:58:47 [main] INFO  a.pages.AccountsPage - ⏳ Waiting for spinner to fully disappear...
2025-06-13 16:59:07 [main] INFO  a.pages.AccountsPage - ✅ Spinner disappeared.
2025-06-13 16:59:27 [main] INFO  a.pages.AccountsPage - ✅ Detailed Account Statement Button Clicked
2025-06-13 16:59:27 [main] INFO  a.pages.AccountsPage - ⏳ Waiting for spinner to fully disappear...
2025-06-13 16:59:47 [main] INFO  a.pages.AccountsPage - ✅ Spinner disappeared.
2025-06-13 16:59:48 [main] INFO  a.pages.AccountsPage - ⏳ Waiting for spinner to fully disappear...
2025-06-13 17:00:08 [main] INFO  a.pages.AccountsPage - ✅ Spinner disappeared.
2025-06-13 17:00:08 [main] INFO  a.pages.AccountsPage - ⏳ Waiting for spinner to fully disappear...
2025-06-13 17:00:28 [main] INFO  a.pages.AccountsPage - ✅ Spinner disappeared.
2025-06-13 17:00:48 [main] INFO  a.pages.AccountsPage - ✅ Download Button Clicked
2025-06-13 17:00:49 [main] INFO  a.pages.AccountsPage - ✅ Default Format (PDF) Selected
2025-06-13 17:00:49 [main] INFO  a.pages.AccountsPage - ⏳ Waiting for spinner to fully disappear...
2025-06-13 17:01:09 [main] INFO  a.pages.AccountsPage - ✅ Spinner disappeared.
2025-06-13 17:01:09 [main] INFO  a.pages.AccountsPage - ⏳ Waiting for spinner to fully disappear...
2025-06-13 17:01:24 [main] WARN  a.pages.AccountsPage - ⚠️ Spinner wait skipped or failed gracefully.
2025-06-13 17:01:24 [main] INFO  a.pages.AccountsPage - ⏳ Waiting for spinner to fully disappear...
2025-06-13 17:01:48 [main] INFO  a.pages.AccountsPage - ✅ Spinner disappeared.
2025-06-13 17:02:08 [main] INFO  a.pages.AccountsPage - ✅ Download Statement Button Clicked
2025-06-13 17:02:08 [main] INFO  a.pages.AccountsPage - 🎉 Statement download for 1 Month (PDF format) triggered successfully.
2025-06-13 17:02:08 [main] INFO  a.pages.AccountsPage - ▶️ Starting: Download 3 Months Statement in PDF format
2025-06-13 17:02:08 [main] INFO  a.pages.AccountsPage - Clicking Accounts Tab
2025-06-13 17:02:08 [main] INFO  a.pages.AccountsPage - ⏳ Waiting for spinner to fully disappear...
2025-06-13 17:02:29 [main] INFO  a.pages.AccountsPage - ✅ Spinner disappeared.
2025-06-13 17:02:29 [main] INFO  a.pages.AccountsPage - ⏳ Waiting for spinner to fully disappear...
2025-06-13 17:02:30 [main] INFO  a.pages.AccountsPage - ✅ Spinner disappeared.
2025-06-13 17:02:30 [main] INFO  a.pages.AccountsPage - ⏳ Waiting for spinner to fully disappear...
2025-06-13 17:02:51 [main] INFO  a.pages.AccountsPage - ✅ Spinner disappeared.
2025-06-13 17:03:11 [main] INFO  a.pages.AccountsPage - ✅ Accounts Tab Clicked
2025-06-13 17:03:11 [main] INFO  a.pages.AccountsPage - ⏳ Waiting for spinner to fully disappear...
2025-06-13 17:03:32 [main] INFO  a.pages.AccountsPage - ✅ Spinner disappeared.
2025-06-13 17:03:32 [main] INFO  a.pages.AccountsPage - ⏳ Waiting for spinner to fully disappear...
2025-06-13 17:03:54 [main] INFO  a.pages.AccountsPage - ✅ Spinner disappeared.
2025-06-13 17:03:54 [main] INFO  a.pages.AccountsPage - ⏳ Waiting for spinner to fully disappear...
2025-06-13 17:04:14 [main] INFO  a.pages.AccountsPage - ✅ Spinner disappeared.
2025-06-13 17:04:34 [main] INFO  a.pages.AccountsPage - ✅ Detailed Account Statement Button Clicked
2025-06-13 17:04:34 [main] INFO  a.pages.AccountsPage - ⏳ Waiting for spinner to fully disappear...
2025-06-13 17:04:55 [main] INFO  a.pages.AccountsPage - ✅ Spinner disappeared.
2025-06-13 17:04:55 [main] INFO  a.pages.AccountsPage - ⏳ Waiting for spinner to fully disappear...
2025-06-13 17:04:56 [main] INFO  a.pages.AccountsPage - ✅ Spinner disappeared.
2025-06-13 17:04:56 [main] INFO  a.pages.AccountsPage - ⏳ Waiting for spinner to fully disappear...
2025-06-13 17:05:17 [main] INFO  a.pages.AccountsPage - ✅ Spinner disappeared.
2025-06-13 17:05:37 [main] INFO  a.pages.AccountsPage - ✅ 3 Months Button Clicked
2025-06-13 17:05:37 [main] INFO  a.pages.AccountsPage - ⏳ Waiting for spinner to fully disappear...
2025-06-13 17:05:58 [main] INFO  a.pages.AccountsPage - ✅ Spinner disappeared.
2025-06-13 17:05:58 [main] INFO  a.pages.AccountsPage - ⏳ Waiting for spinner to fully disappear...
2025-06-13 17:06:18 [main] INFO  a.pages.AccountsPage - ✅ Spinner disappeared.
2025-06-13 17:06:18 [main] INFO  a.pages.AccountsPage - ⏳ Waiting for spinner to fully disappear...
2025-06-13 17:06:39 [main] INFO  a.pages.AccountsPage - ✅ Spinner disappeared.
2025-06-13 17:06:59 [main] INFO  a.pages.AccountsPage - ✅ Download Button Clicked
2025-06-13 17:06:59 [main] INFO  a.pages.AccountsPage - ✅ Default Format (PDF) Selected
2025-06-13 17:06:59 [main] INFO  a.pages.AccountsPage - ⏳ Waiting for spinner to fully disappear...
2025-06-13 17:07:19 [main] INFO  a.pages.AccountsPage - ✅ Spinner disappeared.
2025-06-13 17:07:19 [main] INFO  a.pages.AccountsPage - ⏳ Waiting for spinner to fully disappear...
2025-06-13 17:07:34 [main] WARN  a.pages.AccountsPage - ⚠️ Spinner wait skipped or failed gracefully.
2025-06-13 17:07:34 [main] INFO  a.pages.AccountsPage - ⏳ Waiting for spinner to fully disappear...
2025-06-13 17:07:56 [main] INFO  a.pages.AccountsPage - ✅ Spinner disappeared.
2025-06-13 17:08:16 [main] INFO  a.pages.AccountsPage - ✅ Download Statement Button Clicked
2025-06-13 17:08:16 [main] INFO  a.pages.AccountsPage - 🎉 Statement download for 3 Months (PDF format) triggered successfully.
2025-06-13 17:08:16 [main] INFO  a.pages.AccountsPage - ▶️ Starting: Download 1 Month Statement in XLS format
2025-06-13 17:08:16 [main] INFO  a.pages.AccountsPage - Clicking Accounts Tab
2025-06-13 17:08:16 [main] INFO  a.pages.AccountsPage - ⏳ Waiting for spinner to fully disappear...
2025-06-13 17:08:36 [main] INFO  a.pages.AccountsPage - ✅ Spinner disappeared.
2025-06-13 17:08:37 [main] INFO  a.pages.AccountsPage - ⏳ Waiting for spinner to fully disappear...
2025-06-13 17:08:37 [main] INFO  a.pages.AccountsPage - ✅ Spinner disappeared.
2025-06-13 17:08:37 [main] INFO  a.pages.AccountsPage - ⏳ Waiting for spinner to fully disappear...
2025-06-13 17:08:59 [main] INFO  a.pages.AccountsPage - ✅ Spinner disappeared.
2025-06-13 17:09:20 [main] INFO  a.pages.AccountsPage - ✅ Accounts Tab Clicked
2025-06-13 17:09:20 [main] INFO  a.pages.AccountsPage - ⏳ Waiting for spinner to fully disappear...
2025-06-13 17:09:40 [main] INFO  a.pages.AccountsPage - ✅ Spinner disappeared.
2025-06-13 17:09:40 [main] INFO  a.pages.AccountsPage - ⏳ Waiting for spinner to fully disappear...
2025-06-13 17:09:41 [main] INFO  a.pages.AccountsPage - ✅ Spinner disappeared.
2025-06-13 17:09:41 [main] INFO  a.pages.AccountsPage - ⏳ Waiting for spinner to fully disappear...
2025-06-13 17:10:02 [main] INFO  a.pages.AccountsPage - ✅ Spinner disappeared.
2025-06-13 17:10:22 [main] INFO  a.pages.AccountsPage - ✅ Detailed Account Statement Button Clicked
2025-06-13 17:10:22 [main] INFO  a.pages.AccountsPage - ⏳ Waiting for spinner to fully disappear...
2025-06-13 17:10:42 [main] INFO  a.pages.AccountsPage - ✅ Spinner disappeared.
2025-06-13 17:10:42 [main] INFO  a.pages.AccountsPage - ⏳ Waiting for spinner to fully disappear...
2025-06-13 17:11:03 [main] INFO  a.pages.AccountsPage - ✅ Spinner disappeared.
2025-06-13 17:11:03 [main] INFO  a.pages.AccountsPage - ⏳ Waiting for spinner to fully disappear...
2025-06-13 17:11:23 [main] INFO  a.pages.AccountsPage - ✅ Spinner disappeared.
2025-06-13 17:11:43 [main] INFO  a.pages.AccountsPage - ✅ Download Button Clicked
2025-06-13 17:11:43 [main] INFO  a.pages.AccountsPage - ⏳ Waiting for spinner to fully disappear...
2025-06-13 17:12:04 [main] INFO  a.pages.AccountsPage - ✅ Spinner disappeared.
2025-06-13 17:12:04 [main] INFO  a.pages.AccountsPage - ⏳ Waiting for spinner to fully disappear...
2025-06-13 17:12:24 [main] INFO  a.pages.AccountsPage - ✅ Spinner disappeared.
2025-06-13 17:12:24 [main] INFO  a.pages.AccountsPage - ⏳ Waiting for spinner to fully disappear...
2025-06-13 17:12:44 [main] INFO  a.pages.AccountsPage - ✅ Spinner disappeared.
2025-06-13 17:13:04 [main] INFO  a.pages.AccountsPage - ✅ XLS Format Selected
2025-06-13 17:13:04 [main] INFO  a.pages.AccountsPage - ⏳ Waiting for spinner to fully disappear...
2025-06-13 17:13:25 [main] INFO  a.pages.AccountsPage - ✅ Spinner disappeared.
2025-06-13 17:13:25 [main] INFO  a.pages.AccountsPage - ⏳ Waiting for spinner to fully disappear...
2025-06-13 17:13:26 [main] INFO  a.pages.AccountsPage - ✅ Spinner disappeared.
2025-06-13 17:13:26 [main] INFO  a.pages.AccountsPage - ⏳ Waiting for spinner to fully disappear...
2025-06-13 17:13:47 [main] INFO  a.pages.AccountsPage - ✅ Spinner disappeared.
2025-06-13 17:13:47 [main] ERROR a.pages.AccountsPage - ❌ [503 Error] Service is currently unavailable.
2025-06-13 17:13:47 [main] ERROR a.pages.AccountsPage - ❌ Error Detection Triggered: 503 Service Unavailable
2025-06-13 17:13:47 [main] ERROR a.pages.AccountsPage - ❌ Error during 1 Month statement download (XLS): 503 Service Unavailable
2025-06-13 17:13:47 [main] INFO  a.pages.AccountsPage - ▶️ Starting: Download 3 Months Statement in XLS format
2025-06-13 17:13:47 [main] INFO  a.pages.AccountsPage - Clicking Accounts Tab
2025-06-13 17:13:47 [main] INFO  a.pages.AccountsPage - ⏳ Waiting for spinner to fully disappear...
2025-06-13 17:14:07 [main] INFO  a.pages.AccountsPage - ✅ Spinner disappeared.
2025-06-13 17:14:28 [main] WARN  a.pages.AccountsPage - ⚠️ Click failed attempt 1/3: Expected condition failed: waiting for element to be clickable: By.xpath: //span[@class='p-menuitem-text' and text()='Accounts'] (tried for 15 second(s) with 500 milliseconds interval)
Build info: version: '4.20.0', revision: '866c76ca80'
System info: os.name: 'Windows 11', os.arch: 'amd64', os.version: '10.0', java.version: '17.0.12'
Driver info: org.openqa.selenium.chrome.ChromeDriver
Capabilities {acceptInsecureCerts: false, browserName: chrome, browserVersion: 137.0.7151.104, chrome: {chromedriverVersion: 137.0.7151.70 (dfa4dc56b2ab..., userDataDir: C:\Users\rajum\AppData\Loca...}, fedcm:accounts: true, goog:chromeOptions: {debuggerAddress: localhost:53596}, networkConnectionEnabled: false, pageLoadStrategy: normal, platformName: windows, proxy: Proxy(), se:cdp: ws://localhost:53596/devtoo..., se:cdpVersion: 137.0.7151.104, setWindowRect: true, strictFileInteractability: false, timeouts: {implicit: 0, pageLoad: 300000, script: 30000}, unhandledPromptBehavior: dismiss and notify, webauthn:extension:credBlob: true, webauthn:extension:largeBlob: true, webauthn:extension:minPinLength: true, webauthn:extension:prf: true, webauthn:virtualAuthenticators: true}
Session ID: 9406b00e1ae40e6a4aa5a1828f4ca594
2025-06-13 17:14:28 [main] INFO  a.pages.AccountsPage - ⏳ Waiting for spinner to fully disappear...
2025-06-13 17:14:49 [main] INFO  a.pages.AccountsPage - ✅ Spinner disappeared.
2025-06-13 17:15:09 [main] WARN  a.pages.AccountsPage - ⚠️ Click failed attempt 2/3: Expected condition failed: waiting for element to be clickable: By.xpath: //span[@class='p-menuitem-text' and text()='Accounts'] (tried for 15 second(s) with 500 milliseconds interval)
Build info: version: '4.20.0', revision: '866c76ca80'
System info: os.name: 'Windows 11', os.arch: 'amd64', os.version: '10.0', java.version: '17.0.12'
Driver info: org.openqa.selenium.chrome.ChromeDriver
Capabilities {acceptInsecureCerts: false, browserName: chrome, browserVersion: 137.0.7151.104, chrome: {chromedriverVersion: 137.0.7151.70 (dfa4dc56b2ab..., userDataDir: C:\Users\rajum\AppData\Loca...}, fedcm:accounts: true, goog:chromeOptions: {debuggerAddress: localhost:53596}, networkConnectionEnabled: false, pageLoadStrategy: normal, platformName: windows, proxy: Proxy(), se:cdp: ws://localhost:53596/devtoo..., se:cdpVersion: 137.0.7151.104, setWindowRect: true, strictFileInteractability: false, timeouts: {implicit: 0, pageLoad: 300000, script: 30000}, unhandledPromptBehavior: dismiss and notify, webauthn:extension:credBlob: true, webauthn:extension:largeBlob: true, webauthn:extension:minPinLength: true, webauthn:extension:prf: true, webauthn:virtualAuthenticators: true}
Session ID: 9406b00e1ae40e6a4aa5a1828f4ca594
2025-06-13 17:15:10 [main] INFO  a.pages.AccountsPage - ⏳ Waiting for spinner to fully disappear...
