2025-06-20 12:47:28 [main] INFO  org.testng.internal.Utils - [Utils] MethodGroupsHelper.collectMethodsByGroup() took 1 ms.
2025-06-20 12:47:28 [main] INFO  org.testng.internal.Utils - [Utils] MethodGroupsHelper.sortMethods() took 3 ms.
2025-06-20 12:47:28 [main] INFO  org.testng.internal.Utils - [Utils] MethodGroupsHelper.collectMethodsByGroup() took 0 ms.
2025-06-20 12:47:28 [main] INFO  org.testng.internal.Utils - [Utils] MethodGroupsHelper.sortMethods() took 0 ms.
2025-06-20 12:47:28 [main] INFO  org.testng.internal.Utils - [Utils] MethodGroupsHelper.collectMethodsByGroup() took 0 ms.
2025-06-20 12:47:28 [main] INFO  org.testng.internal.Utils - [Utils] MethodGroupsHelper.sortMethods() took 0 ms.
2025-06-20 12:47:28 [main] INFO  org.testng.internal.Utils - [Utils] MethodGroupsHelper.collectMethodsByGroup() took 0 ms.
2025-06-20 12:47:28 [main] INFO  org.testng.internal.Utils - [Utils] MethodGroupsHelper.sortMethods() took 0 ms.
2025-06-20 12:47:28 [main] INFO  org.testng.internal.Utils - [Utils] MethodGroupsHelper.collectMethodsByGroup() took 5 ms.
2025-06-20 12:47:28 [main] INFO  org.testng.internal.Utils - [Utils] MethodGroupsHelper.sortMethods() took 17 ms.
2025-06-20 12:47:28 [main] INFO  org.testng.internal.Utils - [Utils] MethodGroupsHelper.collectMethodsByGroup() took 0 ms.
2025-06-20 12:47:28 [main] INFO  org.testng.internal.Utils - [Utils] MethodGroupsHelper.sortMethods() took 0 ms.
2025-06-20 12:47:28 [main] INFO  org.testng.internal.Utils - [Utils] MethodGroupsHelper.collectMethodsByGroup() took 0 ms.
2025-06-20 12:47:28 [main] INFO  org.testng.internal.Utils - [Utils] MethodGroupsHelper.sortMethods() took 0 ms.
2025-06-20 12:47:28 [main] INFO  org.testng.internal.Utils - [Utils] MethodGroupsHelper.collectMethodsByGroup() took 0 ms.
2025-06-20 12:47:28 [main] INFO  org.testng.internal.Utils - [Utils] MethodGroupsHelper.sortMethods() took 0 ms.
2025-06-20 12:47:28 [main] INFO  org.testng.internal.Utils - [Utils] MethodGroupsHelper.collectMethodsByGroup() took 0 ms.
2025-06-20 12:47:28 [main] INFO  org.testng.internal.Utils - [Utils] MethodGroupsHelper.sortMethods() took 0 ms.
2025-06-20 12:47:28 [main] INFO  org.testng.internal.Utils - [Utils] MethodGroupsHelper.collectMethodsByGroup() took 0 ms.
2025-06-20 12:47:28 [main] INFO  org.testng.internal.Utils - [Utils] MethodGroupsHelper.sortMethods() took 1 ms.
2025-06-20 12:47:28 [main] INFO  org.testng.internal.Utils - [Utils] MethodGroupsHelper.collectMethodsByGroup() took 0 ms.
2025-06-20 12:47:28 [main] INFO  org.testng.internal.Utils - [Utils] MethodGroupsHelper.sortMethods() took 0 ms.
2025-06-20 12:47:28 [main] INFO  org.testng.internal.Utils - [Utils] MethodGroupsHelper.collectMethodsByGroup() took 0 ms.
2025-06-20 12:47:28 [main] INFO  org.testng.internal.Utils - [Utils] MethodGroupsHelper.sortMethods() took 0 ms.
2025-06-20 12:47:28 [main] INFO  org.testng.internal.Utils - [Utils] MethodGroupsHelper.collectMethodsByGroup() took 3 ms.
2025-06-20 12:47:28 [main] INFO  org.testng.internal.Utils - [Utils] MethodGroupsHelper.sortMethods() took 31 ms.
2025-06-20 12:47:28 [main] INFO  org.testng.internal.Utils - [Utils] MethodGroupsHelper.collectMethodsByGroup() took 0 ms.
2025-06-20 12:47:28 [main] INFO  org.testng.internal.Utils - [Utils] MethodGroupsHelper.sortMethods() took 0 ms.
2025-06-20 12:47:28 [main] INFO  org.testng.internal.Utils - [Utils] MethodGroupsHelper.collectMethodsByGroup() took 0 ms.
2025-06-20 12:47:28 [main] INFO  org.testng.internal.Utils - [Utils] MethodGroupsHelper.sortMethods() took 0 ms.
2025-06-20 12:47:28 [main] INFO  org.testng.internal.Utils - [TestNG] Running:
  C:\Users\rajum\AppData\Local\Temp\testng-eclipse--2041316640\testng-customsuite.xml

2025-06-20 12:47:28 [main] INFO  org.testng.internal.Utils - [Utils] DynamicGraphHelper.createDynamicGraph() took 13 ms.
2025-06-20 12:47:29 [main] INFO  automationFramework.utils.LoggerUtil - 🔧 Initializing browser and loading configuration...
2025-06-20 12:47:30 [main] INFO  i.g.bonigarcia.wdm.WebDriverManager - Using chromedriver 137.0.7151.119 (resolved driver for Chrome 137)
2025-06-20 12:47:30 [main] INFO  i.g.bonigarcia.wdm.WebDriverManager - Exporting webdriver.chrome.driver as C:\Users\rajum\.cache\selenium\chromedriver\win64\137.0.7151.119\chromedriver.exe
2025-06-20 12:47:33 [main] INFO  automationFramework.utils.LoggerUtil - ✅ Setup complete.
2025-06-20 12:47:33 [main] INFO  automationFramework.pages.LoginPage - ✅ Captcha wait time loaded: 10 seconds
2025-06-20 12:47:40 [main] INFO  automationFramework.pages.LoginPage - 🟦 Navigated to URL: https://uatnet.svcbank.com/ReachSVCInet/SVC-web/inet/netbanking
2025-06-20 12:47:41 [main] INFO  automationFramework.pages.LoginPage - ✅ Entered username: TEST001
2025-06-20 12:47:41 [main] INFO  automationFramework.pages.LoginPage - ⏳ Waiting for manual captcha input (10 seconds)
2025-06-20 12:47:51 [main] INFO  automationFramework.pages.LoginPage - ✅ Clicked first Login button
2025-06-20 12:47:52 [main] INFO  automationFramework.pages.LoginPage - ✅ Entered password
2025-06-20 12:47:52 [main] INFO  automationFramework.pages.LoginPage - ✅ Clicked final Login button
2025-06-20 12:47:55 [main] INFO  automationFramework.pages.LoginPage - 🎉 Login successful for user: TEST001
2025-06-20 12:47:55 [main] INFO  a.pages.ServicesPage - 🔄 Navigating to Services > Manage SMS...
2025-06-20 12:47:55 [main] INFO  a.pages.ServicesPage - ⏳ Waiting for spinner to fully disappear...
2025-06-20 12:48:09 [main] INFO  a.pages.ServicesPage - ✅ Spinner disappeared.
2025-06-20 12:48:09 [main] INFO  a.pages.ServicesPage - ⏳ Waiting for spinner to fully disappear...
2025-06-20 12:48:22 [main] INFO  a.pages.ServicesPage - ✅ Spinner disappeared.
2025-06-20 12:48:23 [main] INFO  a.pages.ServicesPage - ✅ Reached Manage SMS section.
2025-06-20 12:48:23 [main] INFO  a.pages.ServicesPage - 🔄 Generating random credit and debit amounts...
2025-06-20 12:48:23 [main] INFO  a.pages.ServicesPage - ✏️ Entering SMS thresholds - Credit: 5317, Debit: 5565
2025-06-20 12:48:25 [main] INFO  a.pages.ServicesPage - ✅ Amounts entered successfully with Credit: 5317, Debit: 5565
2025-06-20 12:48:25 [main] INFO  a.pages.ServicesPage - 💾 Clicking Save button...
2025-06-20 12:48:25 [main] INFO  a.pages.ServicesPage - ⏳ Waiting for spinner to fully disappear...
2025-06-20 12:48:35 [main] INFO  a.pages.ServicesPage - ✅ Spinner disappeared.
2025-06-20 12:48:35 [main] INFO  a.pages.ServicesPage - 🔐 Entering OTP: 123456
2025-06-20 12:48:35 [main] INFO  a.pages.ServicesPage - ⏳ Waiting for spinner to fully disappear...
2025-06-20 12:48:48 [main] INFO  a.pages.ServicesPage - ✅ Spinner disappeared.
2025-06-20 12:48:48 [main] INFO  a.pages.ServicesPage - ⏳ Waiting for spinner to fully disappear...
2025-06-20 12:48:59 [main] INFO  a.pages.ServicesPage - ✅ Spinner disappeared.
2025-06-20 12:48:59 [main] INFO  a.pages.ServicesPage - ✅ OTP entered.
2025-06-20 12:48:59 [main] INFO  a.pages.ServicesPage - ➡️ Clicking Proceed...
2025-06-20 12:48:59 [main] INFO  a.pages.ServicesPage - ⏳ Waiting for spinner to fully disappear...
2025-06-20 12:49:09 [main] INFO  a.pages.ServicesPage - ✅ Spinner disappeared.
2025-06-20 12:49:11 [main] INFO  a.pages.ServicesPage - ✅ Success popup visibility: true
2025-06-20 12:49:11 [main] INFO  a.pages.ServicesPage - 🆗 Clicking Okay on success popup...
2025-06-20 12:49:11 [main] INFO  a.pages.ServicesPage - ⏳ Waiting for spinner to fully disappear...
2025-06-20 12:49:22 [main] INFO  a.pages.ServicesPage - ✅ Spinner disappeared.
2025-06-20 12:49:22 [main] INFO  a.pages.ServicesPage - 🔄 Navigating to Services > Manage SMS...
2025-06-20 12:49:22 [main] INFO  a.pages.ServicesPage - ⏳ Waiting for spinner to fully disappear...
2025-06-20 12:49:32 [main] INFO  a.pages.ServicesPage - ✅ Spinner disappeared.
2025-06-20 12:49:32 [main] INFO  a.pages.ServicesPage - ⏳ Waiting for spinner to fully disappear...
2025-06-20 12:49:38 [main] INFO  a.pages.ServicesPage - ✅ Spinner disappeared.
2025-06-20 12:49:39 [main] INFO  a.pages.ServicesPage - ✅ Reached Manage SMS section.
2025-06-20 12:49:39 [main] INFO  a.pages.ServicesPage - 🔄 Setting invalid threshold values: empty=true, negative=false
2025-06-20 12:49:40 [main] INFO  a.pages.ServicesPage - ✏️ Invalid thresholds set - Credit: , Debit: 
2025-06-20 12:49:40 [main] INFO  a.pages.ServicesPage - 💾 Clicking Save button...
2025-06-20 12:49:40 [main] INFO  a.pages.ServicesPage - ⏳ Waiting for spinner to fully disappear...
2025-06-20 12:49:51 [main] INFO  a.pages.ServicesPage - ✅ Spinner disappeared.
2025-06-20 12:49:51 [main] INFO  a.pages.ServicesPage - ✅ Validation messages found for both empty thresholds.
2025-06-20 12:49:51 [main] INFO  a.pages.ServicesPage - ⏳ Waiting for spinner to fully disappear...
2025-06-20 12:50:01 [main] INFO  a.pages.ServicesPage - ✅ Spinner disappeared.
2025-06-20 12:50:02 [main] INFO  a.pages.ServicesPage - ❎ Closed the validation popup.
2025-06-20 12:50:02 [main] INFO  a.pages.ServicesPage - 🔄 Navigating to Services > Manage SMS...
2025-06-20 12:50:02 [main] INFO  a.pages.ServicesPage - ⏳ Waiting for spinner to fully disappear...
2025-06-20 12:50:12 [main] INFO  a.pages.ServicesPage - ✅ Spinner disappeared.
2025-06-20 12:50:12 [main] INFO  a.pages.ServicesPage - ⏳ Waiting for spinner to fully disappear...
2025-06-20 12:50:18 [main] INFO  a.pages.ServicesPage - ✅ Spinner disappeared.
2025-06-20 12:50:18 [main] INFO  a.pages.ServicesPage - ✅ Reached Manage SMS section.
2025-06-20 12:50:20 [main] INFO  a.pages.ServicesPage - ✅ Negative input converted to positive as expected.
2025-06-20 12:50:20 [main] INFO  a.pages.ServicesPage - ⏳ Waiting for spinner to fully disappear...
2025-06-20 12:50:31 [main] INFO  a.pages.ServicesPage - ✅ Spinner disappeared.
2025-06-20 12:50:31 [main] INFO  a.pages.ServicesPage - ❎ Closed the popup for Next Test.
2025-06-20 12:50:31 [main] INFO  a.pages.ServicesPage - 🔄 Navigating to Services > Manage SMS...
2025-06-20 12:50:31 [main] INFO  a.pages.ServicesPage - ⏳ Waiting for spinner to fully disappear...
2025-06-20 12:50:41 [main] INFO  a.pages.ServicesPage - ✅ Spinner disappeared.
2025-06-20 12:50:41 [main] INFO  a.pages.ServicesPage - ⏳ Waiting for spinner to fully disappear...
2025-06-20 12:50:53 [main] INFO  a.pages.ServicesPage - ✅ Spinner disappeared.
2025-06-20 12:50:53 [main] INFO  a.pages.ServicesPage - ✅ Reached Manage SMS section.
2025-06-20 12:50:53 [main] INFO  a.pages.ServicesPage - 🔄 Generating random credit and debit amounts...
2025-06-20 12:50:53 [main] INFO  a.pages.ServicesPage - ✏️ Entering SMS thresholds - Credit: 6285, Debit: 6577
2025-06-20 12:51:03 [main] INFO  a.pages.ServicesPage - ✅ Amounts entered successfully with Credit: 6285, Debit: 6577
2025-06-20 12:51:03 [main] INFO  a.pages.ServicesPage - 💾 Clicking Save button...
2025-06-20 12:51:03 [main] INFO  a.pages.ServicesPage - ⏳ Waiting for spinner to fully disappear...
2025-06-20 12:51:13 [main] INFO  a.pages.ServicesPage - ✅ Spinner disappeared.
2025-06-20 12:51:15 [main] INFO  a.pages.ServicesPage - 🔐 Entering OTP: 000000
2025-06-20 12:51:15 [main] INFO  a.pages.ServicesPage - ⏳ Waiting for spinner to fully disappear...
2025-06-20 12:51:32 [main] WARN  a.pages.ServicesPage - ⚠️ Spinner wait skipped or failed gracefully.
2025-06-20 12:51:32 [main] INFO  a.pages.ServicesPage - ⏳ Waiting for spinner to fully disappear...
2025-06-20 12:51:48 [main] WARN  a.pages.ServicesPage - ⚠️ Spinner wait skipped or failed gracefully.
2025-06-20 12:51:48 [main] INFO  a.pages.ServicesPage - ✅ OTP entered.
2025-06-20 12:51:48 [main] INFO  a.pages.ServicesPage - ➡️ Clicking Proceed...
2025-06-20 12:51:48 [main] INFO  a.pages.ServicesPage - ⏳ Waiting for spinner to fully disappear...
2025-06-20 12:51:54 [main] INFO  a.pages.ServicesPage - ✅ Spinner disappeared.
2025-06-20 12:51:54 [main] INFO  a.pages.ServicesPage - ⏳ Waiting for spinner to fully disappear...
2025-06-20 12:52:03 [main] INFO  a.pages.ServicesPage - ✅ Spinner disappeared.
2025-06-20 12:52:03 [main] INFO  a.pages.ServicesPage - ❌ Error Message Shown: Enter Mobile OTP
2025-06-20 12:52:03 [main] INFO  a.pages.ServicesPage - ✅ OTP validation error appeared as expected.
2025-06-20 12:52:03 [main] INFO  a.pages.ServicesPage - ⏳ Waiting for spinner to fully disappear...
2025-06-20 12:52:13 [main] INFO  a.pages.ServicesPage - ✅ Spinner disappeared.
2025-06-20 12:52:13 [main] INFO  a.pages.ServicesPage - ❎ Clicking Cancel button...
2025-06-20 12:52:13 [main] INFO  a.pages.ServicesPage - ⏳ Waiting for spinner to fully disappear...
2025-06-20 12:52:23 [main] INFO  a.pages.ServicesPage - ✅ Spinner disappeared.
2025-06-20 12:52:24 [main] INFO  a.pages.ServicesPage - ❎ Clicking Close Arrow...
2025-06-20 12:52:24 [main] INFO  a.pages.ServicesPage - ⏳ Waiting for spinner to fully disappear...
2025-06-20 12:52:34 [main] INFO  a.pages.ServicesPage - ✅ Spinner disappeared.
2025-06-20 12:52:34 [main] INFO  a.pages.PaymentHistoryPage - 🟦 [STEP] Clicking on the Payment tab.
2025-06-20 12:52:34 [main] INFO  a.pages.PaymentHistoryPage - ⏳ Waiting for spinner to fully disappear...
2025-06-20 12:52:44 [main] INFO  a.pages.PaymentHistoryPage - ✅ Spinner disappeared.
2025-06-20 12:53:01 [main] WARN  a.pages.PaymentHistoryPage - ⚠️ Click failed attempt 1/3: Expected condition failed: waiting for element to be clickable: By.xpath: //span[contains(@class, 'font-semibold') and text()='DXFCHGV'] (tried for 15 second(s) with 500 milliseconds interval)
Build info: version: '4.20.0', revision: '866c76ca80'
System info: os.name: 'Windows 11', os.arch: 'amd64', os.version: '10.0', java.version: '17.0.12'
Driver info: org.openqa.selenium.chrome.ChromeDriver
Capabilities {acceptInsecureCerts: false, browserName: chrome, browserVersion: 137.0.7151.104, chrome: {chromedriverVersion: 137.0.7151.119 (e0ac9d12dff..., userDataDir: C:\Users\rajum\AppData\Loca...}, fedcm:accounts: true, goog:chromeOptions: {debuggerAddress: localhost:57687}, networkConnectionEnabled: false, pageLoadStrategy: normal, platformName: windows, proxy: Proxy(), se:cdp: ws://localhost:57687/devtoo..., se:cdpVersion: 137.0.7151.104, setWindowRect: true, strictFileInteractability: false, timeouts: {implicit: 0, pageLoad: 300000, script: 30000}, unhandledPromptBehavior: dismiss and notify, webauthn:extension:credBlob: true, webauthn:extension:largeBlob: true, webauthn:extension:minPinLength: true, webauthn:extension:prf: true, webauthn:virtualAuthenticators: true}
Session ID: 57ece540af8decf73725dadec40b191b
2025-06-20 12:53:01 [main] INFO  a.pages.PaymentHistoryPage - ⏳ Waiting for spinner to fully disappear...
2025-06-20 12:53:11 [main] INFO  a.pages.PaymentHistoryPage - ✅ Spinner disappeared.
2025-06-20 12:53:28 [main] WARN  a.pages.PaymentHistoryPage - ⚠️ Click failed attempt 2/3: Expected condition failed: waiting for element to be clickable: By.xpath: //span[contains(@class, 'font-semibold') and text()='DXFCHGV'] (tried for 15 second(s) with 500 milliseconds interval)
Build info: version: '4.20.0', revision: '866c76ca80'
System info: os.name: 'Windows 11', os.arch: 'amd64', os.version: '10.0', java.version: '17.0.12'
Driver info: org.openqa.selenium.chrome.ChromeDriver
Capabilities {acceptInsecureCerts: false, browserName: chrome, browserVersion: 137.0.7151.104, chrome: {chromedriverVersion: 137.0.7151.119 (e0ac9d12dff..., userDataDir: C:\Users\rajum\AppData\Loca...}, fedcm:accounts: true, goog:chromeOptions: {debuggerAddress: localhost:57687}, networkConnectionEnabled: false, pageLoadStrategy: normal, platformName: windows, proxy: Proxy(), se:cdp: ws://localhost:57687/devtoo..., se:cdpVersion: 137.0.7151.104, setWindowRect: true, strictFileInteractability: false, timeouts: {implicit: 0, pageLoad: 300000, script: 30000}, unhandledPromptBehavior: dismiss and notify, webauthn:extension:credBlob: true, webauthn:extension:largeBlob: true, webauthn:extension:minPinLength: true, webauthn:extension:prf: true, webauthn:virtualAuthenticators: true}
Session ID: 57ece540af8decf73725dadec40b191b
2025-06-20 12:53:28 [main] INFO  a.pages.PaymentHistoryPage - ⏳ Waiting for spinner to fully disappear...
2025-06-20 12:53:39 [main] INFO  a.pages.PaymentHistoryPage - ✅ Spinner disappeared.
2025-06-20 12:53:55 [main] WARN  a.pages.PaymentHistoryPage - ⚠️ Click failed attempt 3/3: Expected condition failed: waiting for element to be clickable: By.xpath: //span[contains(@class, 'font-semibold') and text()='DXFCHGV'] (tried for 15 second(s) with 500 milliseconds interval)
Build info: version: '4.20.0', revision: '866c76ca80'
System info: os.name: 'Windows 11', os.arch: 'amd64', os.version: '10.0', java.version: '17.0.12'
Driver info: org.openqa.selenium.chrome.ChromeDriver
Capabilities {acceptInsecureCerts: false, browserName: chrome, browserVersion: 137.0.7151.104, chrome: {chromedriverVersion: 137.0.7151.119 (e0ac9d12dff..., userDataDir: C:\Users\rajum\AppData\Loca...}, fedcm:accounts: true, goog:chromeOptions: {debuggerAddress: localhost:57687}, networkConnectionEnabled: false, pageLoadStrategy: normal, platformName: windows, proxy: Proxy(), se:cdp: ws://localhost:57687/devtoo..., se:cdpVersion: 137.0.7151.104, setWindowRect: true, strictFileInteractability: false, timeouts: {implicit: 0, pageLoad: 300000, script: 30000}, unhandledPromptBehavior: dismiss and notify, webauthn:extension:credBlob: true, webauthn:extension:largeBlob: true, webauthn:extension:minPinLength: true, webauthn:extension:prf: true, webauthn:virtualAuthenticators: true}
Session ID: 57ece540af8decf73725dadec40b191b
2025-06-20 12:53:56 [main] INFO  a.pages.PaymentHistoryPage - 🟦 [STEP] Clicking on the Payment tab.
2025-06-20 12:53:56 [main] INFO  a.pages.PaymentHistoryPage - ⏳ Waiting for spinner to fully disappear...
2025-06-20 12:54:06 [main] INFO  a.pages.PaymentHistoryPage - ✅ Spinner disappeared.
2025-06-20 12:54:22 [main] WARN  a.pages.PaymentHistoryPage - ⚠️ Click failed attempt 1/3: Expected condition failed: waiting for element to be clickable: By.xpath: //span[contains(@class, 'font-semibold') and text()='DXFCHGV'] (tried for 15 second(s) with 500 milliseconds interval)
Build info: version: '4.20.0', revision: '866c76ca80'
System info: os.name: 'Windows 11', os.arch: 'amd64', os.version: '10.0', java.version: '17.0.12'
Driver info: org.openqa.selenium.chrome.ChromeDriver
Capabilities {acceptInsecureCerts: false, browserName: chrome, browserVersion: 137.0.7151.104, chrome: {chromedriverVersion: 137.0.7151.119 (e0ac9d12dff..., userDataDir: C:\Users\rajum\AppData\Loca...}, fedcm:accounts: true, goog:chromeOptions: {debuggerAddress: localhost:57687}, networkConnectionEnabled: false, pageLoadStrategy: normal, platformName: windows, proxy: Proxy(), se:cdp: ws://localhost:57687/devtoo..., se:cdpVersion: 137.0.7151.104, setWindowRect: true, strictFileInteractability: false, timeouts: {implicit: 0, pageLoad: 300000, script: 30000}, unhandledPromptBehavior: dismiss and notify, webauthn:extension:credBlob: true, webauthn:extension:largeBlob: true, webauthn:extension:minPinLength: true, webauthn:extension:prf: true, webauthn:virtualAuthenticators: true}
Session ID: 57ece540af8decf73725dadec40b191b
2025-06-20 12:54:23 [main] INFO  a.pages.PaymentHistoryPage - ⏳ Waiting for spinner to fully disappear...
2025-06-20 12:54:25 [main] INFO  a.pages.PaymentHistoryPage - ✅ Spinner disappeared.
2025-06-20 12:54:27 [main] INFO  a.pages.PaymentHistoryPage - ✅ [SUCCESS] Payment tab clicked.
2025-06-20 12:54:27 [main] INFO  a.pages.PaymentHistoryPage - ⏳ Waiting for spinner to fully disappear...
2025-06-20 12:54:39 [main] INFO  a.pages.PaymentHistoryPage - ✅ Spinner disappeared.
2025-06-20 12:54:39 [main] INFO  a.pages.PaymentHistoryPage - 🧪=== Starting Negative Test Cases for NETF transaction for Payment to payee ===
2025-06-20 12:54:39 [main] INFO  a.pages.PaymentHistoryPage - 🔹 Step : Selecting payee: DXFCHGV
2025-06-20 12:54:39 [main] INFO  a.pages.PaymentHistoryPage - ⏳ Waiting for spinner to fully disappear...
2025-06-20 12:54:46 [main] INFO  a.pages.PaymentHistoryPage - ✅ Spinner disappeared.
2025-06-20 12:54:53 [main] WARN  a.pages.PaymentHistoryPage - ⚠️ Click failed attempt 1/3: Error communicating with the remote browser. It may have died.
Build info: version: '4.20.0', revision: '866c76ca80'
System info: os.name: 'Windows 11', os.arch: 'amd64', os.version: '10.0', java.version: '17.0.12'
Driver info: org.openqa.selenium.chrome.ChromeDriver
Command: [57ece540af8decf73725dadec40b191b, findElement [value, using]]
Capabilities {acceptInsecureCerts: false, browserName: chrome, browserVersion: 137.0.7151.104, chrome: {chromedriverVersion: 137.0.7151.119 (e0ac9d12dff..., userDataDir: C:\Users\rajum\AppData\Loca...}, fedcm:accounts: true, goog:chromeOptions: {debuggerAddress: localhost:57687}, networkConnectionEnabled: false, pageLoadStrategy: normal, platformName: windows, proxy: Proxy(), se:cdp: ws://localhost:57687/devtoo..., se:cdpVersion: 137.0.7151.104, setWindowRect: true, strictFileInteractability: false, timeouts: {implicit: 0, pageLoad: 300000, script: 30000}, unhandledPromptBehavior: dismiss and notify, webauthn:extension:credBlob: true, webauthn:extension:largeBlob: true, webauthn:extension:minPinLength: true, webauthn:extension:prf: true, webauthn:virtualAuthenticators: true}
Session ID: 57ece540af8decf73725dadec40b191b
2025-06-20 12:54:54 [main] INFO  a.pages.PaymentHistoryPage - ⏳ Waiting for spinner to fully disappear...
2025-06-20 12:54:54 [main] WARN  a.pages.PaymentHistoryPage - ⚠️ Spinner wait skipped or failed gracefully.
2025-06-20 12:54:54 [main] WARN  a.pages.PaymentHistoryPage - ⚠️ Click failed attempt 2/3: Error communicating with the remote browser. It may have died.
Build info: version: '4.20.0', revision: '866c76ca80'
System info: os.name: 'Windows 11', os.arch: 'amd64', os.version: '10.0', java.version: '17.0.12'
Driver info: org.openqa.selenium.chrome.ChromeDriver
Command: [57ece540af8decf73725dadec40b191b, findElement [value, using]]
Capabilities {acceptInsecureCerts: false, browserName: chrome, browserVersion: 137.0.7151.104, chrome: {chromedriverVersion: 137.0.7151.119 (e0ac9d12dff..., userDataDir: C:\Users\rajum\AppData\Loca...}, fedcm:accounts: true, goog:chromeOptions: {debuggerAddress: localhost:57687}, networkConnectionEnabled: false, pageLoadStrategy: normal, platformName: windows, proxy: Proxy(), se:cdp: ws://localhost:57687/devtoo..., se:cdpVersion: 137.0.7151.104, setWindowRect: true, strictFileInteractability: false, timeouts: {implicit: 0, pageLoad: 300000, script: 30000}, unhandledPromptBehavior: dismiss and notify, webauthn:extension:credBlob: true, webauthn:extension:largeBlob: true, webauthn:extension:minPinLength: true, webauthn:extension:prf: true, webauthn:virtualAuthenticators: true}
Session ID: 57ece540af8decf73725dadec40b191b
2025-06-20 12:54:54 [main] INFO  a.pages.PaymentHistoryPage - ⏳ Waiting for spinner to fully disappear...
2025-06-20 12:54:54 [main] WARN  a.pages.PaymentHistoryPage - ⚠️ Spinner wait skipped or failed gracefully.
2025-06-20 12:54:54 [main] WARN  a.pages.PaymentHistoryPage - ⚠️ Click failed attempt 3/3: Error communicating with the remote browser. It may have died.
Build info: version: '4.20.0', revision: '866c76ca80'
System info: os.name: 'Windows 11', os.arch: 'amd64', os.version: '10.0', java.version: '17.0.12'
Driver info: org.openqa.selenium.chrome.ChromeDriver
Command: [57ece540af8decf73725dadec40b191b, findElement [value, using]]
Capabilities {acceptInsecureCerts: false, browserName: chrome, browserVersion: 137.0.7151.104, chrome: {chromedriverVersion: 137.0.7151.119 (e0ac9d12dff..., userDataDir: C:\Users\rajum\AppData\Loca...}, fedcm:accounts: true, goog:chromeOptions: {debuggerAddress: localhost:57687}, networkConnectionEnabled: false, pageLoadStrategy: normal, platformName: windows, proxy: Proxy(), se:cdp: ws://localhost:57687/devtoo..., se:cdpVersion: 137.0.7151.104, setWindowRect: true, strictFileInteractability: false, timeouts: {implicit: 0, pageLoad: 300000, script: 30000}, unhandledPromptBehavior: dismiss and notify, webauthn:extension:credBlob: true, webauthn:extension:largeBlob: true, webauthn:extension:minPinLength: true, webauthn:extension:prf: true, webauthn:virtualAuthenticators: true}
Session ID: 57ece540af8decf73725dadec40b191b
2025-06-20 12:54:55 [main] ERROR a.pages.PaymentHistoryPage - ❌ Failed to select payee. Error: ❌ Click failed after 3 attempts: By.xpath: //span[@class='font-semibold mb-1' and text()='RAJATH CANARA']
2025-06-20 12:54:55 [main] INFO  org.testng.internal.Utils - [TestNG] Time taken by org.testng.reporters.jq.Main@1491cd6c: 148 ms
2025-06-20 12:54:55 [main] INFO  org.testng.internal.Utils - [TestNG] Time taken by org.testng.reporters.FailedReporter@2e3f324e: 35 ms
2025-06-20 12:54:55 [main] INFO  org.testng.internal.Utils - [TestNG] Time taken by org.testng.reporters.XMLReporter@5da6b13d: 36 ms
2025-06-20 12:54:55 [main] INFO  org.testng.internal.Utils - [TestNG] Time taken by org.testng.reporters.EmailableReporter2@57c69937: 25 ms
2025-06-20 12:54:55 [main] INFO  org.testng.internal.Utils - [TestNG] Time taken by org.testng.reporters.JUnitReportReporter@c472300: 33 ms
2025-06-20 12:54:55 [main] INFO  org.testng.internal.Utils - [TestNG] Time taken by org.testng.internal.ExitCodeListener@5f6494c0: 0 ms
