2025-06-19 16:29:48 [main] WARN  org.testng.xml.TestNGContentHandler - Failed to read [/C:/Users/rajum/eclipse-workspace/ToolsQA/SeleniumAutomotionSVCUATIB/testng-1.1.dtd] from CLASSPATH. Attempting to read from [file:///C:/Users/rajum/eclipse-workspace/ToolsQA/SeleniumAutomotionSVCUATIB/testng-1.1.dtd].
2025-06-19 16:29:48 [main] WARN  org.testng.xml.TestNGContentHandler - It is strongly recommended to add "<!DOCTYPE suite SYSTEM "https://testng.org/testng-1.1.dtd" >" at the top of the suite file [C:\Users\rajum\eclipse-workspace\ToolsQA\SeleniumAutomotionSVCUATIB\src\main\resources\testng.xml] otherwise TestNG may fail or not work as expected.
2025-06-19 16:29:49 [main] INFO  org.testng.internal.Utils - [TestNG] Running:
  C:\Users\rajum\eclipse-workspace\ToolsQA\SeleniumAutomotionSVCUATIB\src\main\resources\testng.xml

2025-06-19 16:29:49 [main] INFO  automationFramework.utils.LoggerUtil - 🔧 Launching browser and loading properties...
2025-06-19 16:29:50 [main] INFO  i.g.bonigarcia.wdm.WebDriverManager - Using chromedriver 137.0.7151.119 (resolved driver for Chrome 137)
2025-06-19 16:29:50 [main] INFO  i.g.bonigarcia.wdm.WebDriverManager - Exporting webdriver.chrome.driver as C:\Users\rajum\.cache\selenium\chromedriver\win64\137.0.7151.119\chromedriver.exe
2025-06-19 16:29:52 [main] INFO  automationFramework.pages.LoginPage - ✅ Captcha wait time loaded: 10 seconds
2025-06-19 16:30:07 [main] INFO  automationFramework.pages.LoginPage - 🟦 Navigated to URL: https://uatnet.svcbank.com/ReachSVCInet/SVC-web/inet/netbanking
2025-06-19 16:30:07 [main] INFO  automationFramework.pages.LoginPage - ✅ Entered username: MADHU97
2025-06-19 16:30:07 [main] INFO  automationFramework.pages.LoginPage - ⏳ Waiting for manual captcha input (10 seconds)
2025-06-19 16:30:17 [main] INFO  automationFramework.pages.LoginPage - ✅ Clicked first Login button
2025-06-19 16:30:19 [main] INFO  automationFramework.pages.LoginPage - ✅ Entered password
2025-06-19 16:30:19 [main] INFO  automationFramework.pages.LoginPage - ✅ Clicked final Login button
2025-06-19 16:30:26 [main] INFO  automationFramework.pages.LoginPage - 🔐 Pin code input field detected.
2025-06-19 16:30:26 [main] INFO  automationFramework.pages.LoginPage - ✅ Entered pin code: 1
2025-06-19 16:30:26 [main] INFO  automationFramework.pages.LoginPage - ➡️ Clicked Proceed.
2025-06-19 16:30:30 [main] INFO  automationFramework.pages.LoginPage - 🎉 Login successful for user: MADHU97
2025-06-19 16:30:30 [main] INFO  automationFramework.utils.LoggerUtil - ✅ Login successful
2025-06-19 16:30:30 [main] INFO  automationFramework.utils.LoggerUtil - ✅ Setup complete.
2025-06-19 16:30:30 [main] INFO  a.pages.ServicesPage - 🔄 Navigating to Services > Manage SMS...
2025-06-19 16:30:30 [main] INFO  a.pages.ServicesPage - ⏳ Waiting for spinner to fully disappear...
2025-06-19 16:30:44 [main] INFO  a.pages.ServicesPage - ✅ Spinner disappeared.
2025-06-19 16:30:44 [main] INFO  a.pages.ServicesPage - ⏳ Waiting for spinner to fully disappear...
2025-06-19 16:30:45 [main] INFO  a.pages.ServicesPage - ✅ Spinner disappeared.
2025-06-19 16:30:45 [main] INFO  a.pages.ServicesPage - ⏳ Waiting for spinner to fully disappear...
2025-06-19 16:30:57 [main] INFO  a.pages.ServicesPage - ✅ Spinner disappeared.
2025-06-19 16:30:57 [main] INFO  a.pages.ServicesPage - ⏳ Waiting for spinner to fully disappear...
2025-06-19 16:31:10 [main] INFO  a.pages.ServicesPage - ✅ Spinner disappeared.
2025-06-19 16:31:10 [main] INFO  a.pages.ServicesPage - ✅ Reached Manage SMS section.
2025-06-19 16:31:10 [main] INFO  a.pages.ServicesPage - 🔄 Generating random credit and debit amounts...
2025-06-19 16:31:10 [main] INFO  a.pages.ServicesPage - ✏️ Entering SMS thresholds - Credit: 9628, Debit: 8525
2025-06-19 16:31:11 [main] INFO  a.pages.ServicesPage - ✅ Amounts entered successfully with Credit: 9628, Debit: 8525
2025-06-19 16:31:11 [main] INFO  a.pages.ServicesPage - 💾 Clicking Save button...
2025-06-19 16:31:11 [main] INFO  a.pages.ServicesPage - ⏳ Waiting for spinner to fully disappear...
2025-06-19 16:31:21 [main] INFO  a.pages.ServicesPage - ✅ Spinner disappeared.
2025-06-19 16:31:21 [main] INFO  a.pages.ServicesPage - ⏳ Waiting for spinner to fully disappear...
2025-06-19 16:31:22 [main] INFO  a.pages.ServicesPage - ✅ Spinner disappeared.
2025-06-19 16:31:22 [main] INFO  a.pages.ServicesPage - 🔐 Entering OTP: 123456
2025-06-19 16:31:22 [main] INFO  a.pages.ServicesPage - ⏳ Waiting for spinner to fully disappear...
2025-06-19 16:31:34 [main] INFO  a.pages.ServicesPage - ✅ Spinner disappeared.
2025-06-19 16:31:34 [main] INFO  a.pages.ServicesPage - ⏳ Waiting for spinner to fully disappear...
2025-06-19 16:31:44 [main] INFO  a.pages.ServicesPage - ✅ Spinner disappeared.
2025-06-19 16:31:44 [main] INFO  a.pages.ServicesPage - ✅ OTP entered.
2025-06-19 16:31:44 [main] INFO  a.pages.ServicesPage - ➡️ Clicking Proceed...
2025-06-19 16:31:44 [main] INFO  a.pages.ServicesPage - ⏳ Waiting for spinner to fully disappear...
2025-06-19 16:31:54 [main] INFO  a.pages.ServicesPage - ✅ Spinner disappeared.
2025-06-19 16:31:55 [main] INFO  a.pages.ServicesPage - ⏳ Waiting for spinner to fully disappear...
2025-06-19 16:32:07 [main] INFO  a.pages.ServicesPage - ✅ Spinner disappeared.
2025-06-19 16:32:07 [main] INFO  a.pages.ServicesPage - ✅ Success popup visibility: true
2025-06-19 16:32:07 [main] INFO  a.pages.ServicesPage - 🆗 Clicking Okay on success popup...
2025-06-19 16:32:07 [main] INFO  a.pages.ServicesPage - ⏳ Waiting for spinner to fully disappear...
2025-06-19 16:32:18 [main] INFO  a.pages.ServicesPage - ✅ Spinner disappeared.
2025-06-19 16:32:18 [main] INFO  a.pages.ServicesPage - ⏳ Waiting for spinner to fully disappear...
2025-06-19 16:32:28 [main] INFO  a.pages.ServicesPage - ✅ Spinner disappeared.
2025-06-19 16:32:28 [main] INFO  automationFramework.utils.LoggerUtil - ✅ Threshold saved and verified successfully.
2025-06-19 16:32:28 [main] INFO  a.pages.ServicesPage - 🔄 Navigating to Services > Manage SMS...
2025-06-19 16:32:28 [main] INFO  a.pages.ServicesPage - ⏳ Waiting for spinner to fully disappear...
2025-06-19 16:32:39 [main] INFO  a.pages.ServicesPage - ✅ Spinner disappeared.
2025-06-19 16:32:39 [main] INFO  a.pages.ServicesPage - ⏳ Waiting for spinner to fully disappear...
2025-06-19 16:32:45 [main] INFO  a.pages.ServicesPage - ✅ Spinner disappeared.
2025-06-19 16:32:45 [main] INFO  a.pages.ServicesPage - ⏳ Waiting for spinner to fully disappear...
2025-06-19 16:32:55 [main] INFO  a.pages.ServicesPage - ✅ Spinner disappeared.
2025-06-19 16:32:55 [main] INFO  a.pages.ServicesPage - ⏳ Waiting for spinner to fully disappear...
2025-06-19 16:32:56 [main] INFO  a.pages.ServicesPage - ✅ Spinner disappeared.
2025-06-19 16:32:56 [main] INFO  a.pages.ServicesPage - ✅ Reached Manage SMS section.
2025-06-19 16:32:56 [main] INFO  a.pages.ServicesPage - 🔄 Setting invalid threshold values: empty=true, negative=false
2025-06-19 16:32:58 [main] INFO  a.pages.ServicesPage - ✏️ Invalid thresholds set - Credit: , Debit: 
2025-06-19 16:32:58 [main] INFO  a.pages.ServicesPage - 💾 Clicking Save button...
2025-06-19 16:32:58 [main] INFO  a.pages.ServicesPage - ⏳ Waiting for spinner to fully disappear...
2025-06-19 16:33:08 [main] INFO  a.pages.ServicesPage - ✅ Spinner disappeared.
2025-06-19 16:33:08 [main] INFO  a.pages.ServicesPage - ⏳ Waiting for spinner to fully disappear...
2025-06-19 16:33:19 [main] INFO  a.pages.ServicesPage - ✅ Spinner disappeared.
2025-06-19 16:33:19 [main] INFO  a.pages.ServicesPage - ✅ Validation messages found for both empty thresholds.
2025-06-19 16:33:19 [main] INFO  a.pages.ServicesPage - ⏳ Waiting for spinner to fully disappear...
2025-06-19 16:33:29 [main] INFO  a.pages.ServicesPage - ✅ Spinner disappeared.
2025-06-19 16:33:29 [main] INFO  a.pages.ServicesPage - ⏳ Waiting for spinner to fully disappear...
2025-06-19 16:33:40 [main] INFO  a.pages.ServicesPage - ✅ Spinner disappeared.
2025-06-19 16:33:40 [main] INFO  a.pages.ServicesPage - ❎ Closed the validation popup.
2025-06-19 16:33:40 [main] INFO  a.pages.ServicesPage - 🔄 Navigating to Services > Manage SMS...
2025-06-19 16:33:40 [main] INFO  a.pages.ServicesPage - ⏳ Waiting for spinner to fully disappear...
2025-06-19 16:33:50 [main] INFO  a.pages.ServicesPage - ✅ Spinner disappeared.
2025-06-19 16:33:50 [main] INFO  a.pages.ServicesPage - ⏳ Waiting for spinner to fully disappear...
2025-06-19 16:33:56 [main] INFO  a.pages.ServicesPage - ✅ Spinner disappeared.
2025-06-19 16:33:56 [main] INFO  a.pages.ServicesPage - ⏳ Waiting for spinner to fully disappear...
2025-06-19 16:34:07 [main] INFO  a.pages.ServicesPage - ✅ Spinner disappeared.
2025-06-19 16:34:07 [main] INFO  a.pages.ServicesPage - ⏳ Waiting for spinner to fully disappear...
2025-06-19 16:34:19 [main] INFO  a.pages.ServicesPage - ✅ Spinner disappeared.
2025-06-19 16:34:19 [main] INFO  a.pages.ServicesPage - ✅ Reached Manage SMS section.
2025-06-19 16:34:20 [main] INFO  a.pages.ServicesPage - ✅ Negative input converted to positive as expected.
2025-06-19 16:34:20 [main] INFO  a.pages.ServicesPage - ⏳ Waiting for spinner to fully disappear...
2025-06-19 16:34:30 [main] INFO  a.pages.ServicesPage - ✅ Spinner disappeared.
2025-06-19 16:34:30 [main] INFO  a.pages.ServicesPage - ⏳ Waiting for spinner to fully disappear...
2025-06-19 16:34:40 [main] INFO  a.pages.ServicesPage - ✅ Spinner disappeared.
2025-06-19 16:34:40 [main] INFO  a.pages.ServicesPage - ❎ Closed the popup for Next Test.
2025-06-19 16:34:40 [main] INFO  a.pages.ServicesPage - 🔄 Navigating to Services > Manage SMS...
2025-06-19 16:34:40 [main] INFO  a.pages.ServicesPage - ⏳ Waiting for spinner to fully disappear...
2025-06-19 16:34:51 [main] INFO  a.pages.ServicesPage - ✅ Spinner disappeared.
2025-06-19 16:34:51 [main] INFO  a.pages.ServicesPage - ⏳ Waiting for spinner to fully disappear...
2025-06-19 16:34:59 [main] INFO  a.pages.ServicesPage - ✅ Spinner disappeared.
2025-06-19 16:34:59 [main] INFO  a.pages.ServicesPage - ⏳ Waiting for spinner to fully disappear...
2025-06-19 16:35:09 [main] INFO  a.pages.ServicesPage - ✅ Spinner disappeared.
2025-06-19 16:35:09 [main] INFO  a.pages.ServicesPage - ⏳ Waiting for spinner to fully disappear...
2025-06-19 16:35:18 [main] INFO  a.pages.ServicesPage - ✅ Spinner disappeared.
2025-06-19 16:35:18 [main] INFO  a.pages.ServicesPage - ✅ Reached Manage SMS section.
2025-06-19 16:35:18 [main] INFO  a.pages.ServicesPage - 🔄 Generating random credit and debit amounts...
2025-06-19 16:35:18 [main] INFO  a.pages.ServicesPage - ✏️ Entering SMS thresholds - Credit: 6680, Debit: 4198
2025-06-19 16:35:18 [main] INFO  a.pages.ServicesPage - ✅ Amounts entered successfully with Credit: 6680, Debit: 4198
2025-06-19 16:35:18 [main] INFO  a.pages.ServicesPage - 💾 Clicking Save button...
2025-06-19 16:35:18 [main] INFO  a.pages.ServicesPage - ⏳ Waiting for spinner to fully disappear...
2025-06-19 16:35:28 [main] INFO  a.pages.ServicesPage - ✅ Spinner disappeared.
2025-06-19 16:35:29 [main] INFO  a.pages.ServicesPage - ⏳ Waiting for spinner to fully disappear...
2025-06-19 16:35:47 [main] WARN  a.pages.ServicesPage - ⚠️ Spinner wait skipped or failed gracefully.
2025-06-19 16:35:47 [main] INFO  a.pages.ServicesPage - 🔐 Entering OTP: 000000
2025-06-19 16:35:47 [main] INFO  a.pages.ServicesPage - ⏳ Waiting for spinner to fully disappear...
2025-06-19 16:36:02 [main] WARN  a.pages.ServicesPage - ⚠️ Spinner wait skipped or failed gracefully.
2025-06-19 16:36:03 [main] INFO  a.pages.ServicesPage - ⏳ Waiting for spinner to fully disappear...
2025-06-19 16:36:18 [main] WARN  a.pages.ServicesPage - ⚠️ Spinner wait skipped or failed gracefully.
2025-06-19 16:36:18 [main] INFO  a.pages.ServicesPage - ✅ OTP entered.
2025-06-19 16:36:18 [main] INFO  a.pages.ServicesPage - ➡️ Clicking Proceed...
2025-06-19 16:36:18 [main] INFO  a.pages.ServicesPage - ⏳ Waiting for spinner to fully disappear...
2025-06-19 16:36:26 [main] INFO  a.pages.ServicesPage - ✅ Spinner disappeared.
2025-06-19 16:36:26 [main] INFO  a.pages.ServicesPage - ⏳ Waiting for spinner to fully disappear...
2025-06-19 16:36:37 [main] INFO  a.pages.ServicesPage - ✅ Spinner disappeared.
2025-06-19 16:36:54 [main] ERROR a.pages.ServicesPage - ❌ OTP validation error message not found.
2025-06-19 16:36:54 [main] INFO  a.pages.ServicesPage - ❎ Clicking Cancel button...
2025-06-19 16:36:54 [main] INFO  a.pages.ServicesPage - ⏳ Waiting for spinner to fully disappear...
2025-06-19 16:37:04 [main] INFO  a.pages.ServicesPage - ✅ Spinner disappeared.
2025-06-19 16:37:04 [main] INFO  a.pages.ServicesPage - ⏳ Waiting for spinner to fully disappear...
2025-06-19 16:37:14 [main] INFO  a.pages.ServicesPage - ✅ Spinner disappeared.
2025-06-19 16:37:14 [main] INFO  a.pages.ServicesPage - ❎ Clicking Close Arrow...
2025-06-19 16:37:14 [main] INFO  a.pages.ServicesPage - ⏳ Waiting for spinner to fully disappear...
2025-06-19 16:37:25 [main] INFO  a.pages.ServicesPage - ✅ Spinner disappeared.
2025-06-19 16:37:25 [main] INFO  a.pages.ServicesPage - ⏳ Waiting for spinner to fully disappear...
2025-06-19 16:37:35 [main] INFO  a.pages.ServicesPage - ✅ Spinner disappeared.
2025-06-19 16:37:35 [main] INFO  automationFramework.utils.LoggerUtil - 🧹 Finalizing report...
2025-06-19 16:37:36 [main] INFO  automationFramework.utils.LoggerUtil - 📧 Sending report via email...
2025-06-19 16:37:44 [main] INFO  automationFramework.utils.LoggerUtil - ✅ dont close Browser .
2025-06-19 16:37:44 [main] INFO  automationFramework.utils.LoggerUtil - Initializing browser and report...
2025-06-19 16:37:44 [main] INFO  i.g.bonigarcia.wdm.WebDriverManager - Using chromedriver 137.0.7151.119 (resolved driver for Chrome 137)
2025-06-19 16:37:44 [main] INFO  i.g.bonigarcia.wdm.WebDriverManager - Exporting webdriver.chrome.driver as C:\Users\rajum\.cache\selenium\chromedriver\win64\137.0.7151.119\chromedriver.exe
2025-06-19 16:37:45 [main] INFO  automationFramework.utils.LoggerUtil - Setup complete.
2025-06-19 16:37:45 [main] INFO  automationFramework.pages.LoginPage - ✅ Captcha wait time loaded: 10 seconds
2025-06-19 16:37:50 [main] INFO  automationFramework.pages.LoginPage - 🟦 Navigated to URL: https://uatnet.svcbank.com/ReachSVCInet/SVC-web/inet/netbanking
2025-06-19 16:37:50 [main] INFO  automationFramework.pages.LoginPage - ✅ Entered username: MADHU97
2025-06-19 16:37:50 [main] INFO  automationFramework.pages.LoginPage - ⏳ Waiting for manual captcha input (10 seconds)
2025-06-19 16:38:00 [main] INFO  automationFramework.pages.LoginPage - ✅ Clicked first Login button
2025-06-19 16:38:02 [main] INFO  automationFramework.pages.LoginPage - ✅ Entered password
2025-06-19 16:38:02 [main] INFO  automationFramework.pages.LoginPage - ✅ Clicked final Login button
2025-06-19 16:38:03 [main] INFO  automationFramework.pages.LoginPage - 🔐 Pin code input field detected.
2025-06-19 16:38:03 [main] INFO  automationFramework.pages.LoginPage - ✅ Entered pin code: 1
2025-06-19 16:38:04 [main] INFO  automationFramework.pages.LoginPage - ➡️ Clicked Proceed.
2025-06-19 16:38:09 [main] INFO  automationFramework.pages.LoginPage - 🎉 Login successful for user: MADHU97
2025-06-19 16:38:09 [main] INFO  a.pages.PaymentHistoryPage - 🟦 [STEP] Clicking on the Payment tab.
2025-06-19 16:38:09 [main] INFO  a.pages.PaymentHistoryPage - ⏳ Waiting for spinner to fully disappear...
2025-06-19 16:38:13 [main] INFO  a.pages.PaymentHistoryPage - ✅ Spinner disappeared.
2025-06-19 16:38:13 [main] INFO  a.pages.PaymentHistoryPage - ⏳ Waiting for spinner to fully disappear...
2025-06-19 16:38:15 [main] INFO  a.pages.PaymentHistoryPage - ✅ Spinner disappeared.
2025-06-19 16:38:15 [main] INFO  a.pages.PaymentHistoryPage - ✅ [SUCCESS] Payment tab clicked.
2025-06-19 16:38:15 [main] INFO  a.pages.PaymentHistoryPage - ⏳ Waiting for spinner to fully disappear...
2025-06-19 16:38:15 [main] INFO  a.pages.PaymentHistoryPage - ✅ Spinner disappeared.
2025-06-19 16:38:15 [main] INFO  a.pages.PaymentHistoryPage - 🧪=== Starting Positive Test Cases for NEFT transaction for Payment to Payee ===
2025-06-19 16:38:15 [main] INFO  a.pages.PaymentHistoryPage - 🚀 [START] Initiating payment to payee: DXFCHGV
2025-06-19 16:38:15 [main] INFO  a.pages.PaymentHistoryPage - ⏳ Waiting for spinner to fully disappear...
2025-06-19 16:38:15 [main] INFO  a.pages.PaymentHistoryPage - ✅ Spinner disappeared.
2025-06-19 16:38:15 [main] INFO  a.pages.PaymentHistoryPage - ⏳ Waiting for spinner to fully disappear...
2025-06-19 16:38:16 [main] INFO  a.pages.PaymentHistoryPage - ✅ Spinner disappeared.
2025-06-19 16:38:16 [main] INFO  a.pages.PaymentHistoryPage - ✅ [SUCCESS] Payee selected: DXFCHGV
2025-06-19 16:38:17 [main] INFO  a.pages.PaymentHistoryPage - ✅ [SUCCESS] Entered amount: ₹1
2025-06-19 16:38:17 [main] INFO  a.pages.PaymentHistoryPage - ✅ Amount '1' entered successfully.
2025-06-19 16:38:17 [main] INFO  a.pages.PaymentHistoryPage - ⏳ Waiting for spinner to fully disappear...
2025-06-19 16:38:17 [main] INFO  a.pages.PaymentHistoryPage - ✅ Spinner disappeared.
2025-06-19 16:38:17 [main] INFO  a.pages.PaymentHistoryPage - ✅ Spinner disappeared after entering amount.
2025-06-19 16:38:18 [main] INFO  a.pages.PaymentHistoryPage - ✅ No critical service errors detected.
2025-06-19 16:38:18 [main] INFO  a.pages.PaymentHistoryPage - 🟦 [STEP] Selecting NEFT option
2025-06-19 16:38:18 [main] INFO  a.pages.PaymentHistoryPage - Attempting to click NEFT option (Attempt 1)
2025-06-19 16:38:18 [main] INFO  a.pages.PaymentHistoryPage - 🔄 NEFT clicked via Actions.
2025-06-19 16:38:19 [main] INFO  a.pages.PaymentHistoryPage - ✅ NEFT option selected successfully.
2025-06-19 16:38:19 [main] INFO  a.pages.PaymentHistoryPage - ✅ NEFT option selected.
2025-06-19 16:38:19 [main] INFO  a.pages.PaymentHistoryPage - ✅ [SUCCESS] Entered remarks: test value
2025-06-19 16:38:19 [main] INFO  a.pages.PaymentHistoryPage - ✅ Remarks entered.
2025-06-19 16:38:19 [main] INFO  a.pages.PaymentHistoryPage - ⏳ Waiting for spinner to fully disappear...
2025-06-19 16:38:19 [main] INFO  a.pages.PaymentHistoryPage - ✅ Spinner disappeared.
2025-06-19 16:38:19 [main] INFO  a.pages.PaymentHistoryPage - ⏳ Waiting for spinner to fully disappear...
2025-06-19 16:38:20 [main] INFO  a.pages.PaymentHistoryPage - ✅ Spinner disappeared.
2025-06-19 16:38:20 [main] INFO  a.pages.PaymentHistoryPage - ✅ [SUCCESS] Clicked Proceed after remarks.
2025-06-19 16:38:20 [main] INFO  a.pages.PaymentHistoryPage - ✅ Clicked on Proceed button after entering remarks.
2025-06-19 16:38:20 [main] INFO  a.pages.PaymentHistoryPage - ⏳ Waiting for spinner to fully disappear...
2025-06-19 16:38:20 [main] INFO  a.pages.PaymentHistoryPage - ✅ Spinner disappeared.
2025-06-19 16:38:20 [main] INFO  a.pages.PaymentHistoryPage - ⏳ Waiting for spinner to fully disappear...
2025-06-19 16:38:21 [main] INFO  a.pages.PaymentHistoryPage - ✅ Spinner disappeared.
2025-06-19 16:38:21 [main] INFO  a.pages.PaymentHistoryPage - ✅ [SUCCESS] Confirm button clicked.
2025-06-19 16:38:21 [main] INFO  a.pages.PaymentHistoryPage - ✅ Confirm button clicked.
2025-06-19 16:38:22 [main] INFO  a.pages.PaymentHistoryPage - ✅ [SUCCESS] OTP entered.
2025-06-19 16:38:22 [main] INFO  a.pages.PaymentHistoryPage - ✅ OTP entered.
2025-06-19 16:38:22 [main] INFO  a.pages.PaymentHistoryPage - Waiting for any overlay/spinner to disappear.
2025-06-19 16:38:22 [main] INFO  a.pages.PaymentHistoryPage - ✅ [SUCCESS] Final Proceed clicked after OTP.
2025-06-19 16:38:22 [main] INFO  a.pages.PaymentHistoryPage - ✅ Final Proceed button clicked.
2025-06-19 16:38:37 [main] WARN  a.pages.PaymentHistoryPage - ⚠️ [WARN] Close button not found or failed to click: Expected condition failed: waiting for element to be clickable: By.xpath: (//img[@alt='close' and contains(@src,'ic_closeCircle')])[last()] (tried for 15 second(s) with 500 milliseconds interval)
Build info: version: '4.20.0', revision: '866c76ca80'
System info: os.name: 'Windows 11', os.arch: 'amd64', os.version: '10.0', java.version: '17.0.12'
Driver info: org.openqa.selenium.chrome.ChromeDriver
Capabilities {acceptInsecureCerts: false, browserName: chrome, browserVersion: 137.0.7151.104, chrome: {chromedriverVersion: 137.0.7151.119 (e0ac9d12dff..., userDataDir: C:\Users\rajum\AppData\Loca...}, fedcm:accounts: true, goog:chromeOptions: {debuggerAddress: localhost:51499}, networkConnectionEnabled: false, pageLoadStrategy: normal, platformName: windows, proxy: Proxy(), se:cdp: ws://localhost:51499/devtoo..., se:cdpVersion: 137.0.7151.104, setWindowRect: true, strictFileInteractability: false, timeouts: {implicit: 0, pageLoad: 300000, script: 30000}, unhandledPromptBehavior: dismiss and notify, webauthn:extension:credBlob: true, webauthn:extension:largeBlob: true, webauthn:extension:minPinLength: true, webauthn:extension:prf: true, webauthn:virtualAuthenticators: true}
Session ID: f7cc9591d30c64997e9e800960805371
2025-06-19 16:38:37 [main] INFO  a.pages.PaymentHistoryPage - ✅ Close button clicked after transaction.
2025-06-19 16:38:37 [main] INFO  a.pages.PaymentHistoryPage - 🎉 [DONE] ✅ Positive test case for Payment to payee 'DXFCHGV' successfully executed.
2025-06-19 16:38:37 [main] INFO  a.pages.PaymentHistoryPage - 🟦 [STEP] Clicking on the Payment tab.
2025-06-19 16:38:37 [main] INFO  a.pages.PaymentHistoryPage - ⏳ Waiting for spinner to fully disappear...
2025-06-19 16:38:37 [main] INFO  a.pages.PaymentHistoryPage - ✅ Spinner disappeared.
2025-06-19 16:38:37 [main] INFO  a.pages.PaymentHistoryPage - ⏳ Waiting for spinner to fully disappear...
2025-06-19 16:38:40 [main] INFO  a.pages.PaymentHistoryPage - ✅ Spinner disappeared.
2025-06-19 16:38:40 [main] INFO  a.pages.PaymentHistoryPage - ✅ [SUCCESS] Payment tab clicked.
2025-06-19 16:38:40 [main] INFO  a.pages.PaymentHistoryPage - ⏳ Waiting for spinner to fully disappear...
2025-06-19 16:38:40 [main] INFO  a.pages.PaymentHistoryPage - ✅ Spinner disappeared.
2025-06-19 16:38:40 [main] INFO  a.pages.PaymentHistoryPage - 🧪=== Starting Negative Test Cases for NETF transaction for Payment to payee ===
2025-06-19 16:38:40 [main] INFO  a.pages.PaymentHistoryPage - 🔹 Step : Selecting payee: DXFCHGV
2025-06-19 16:38:40 [main] INFO  a.pages.PaymentHistoryPage - ⏳ Waiting for spinner to fully disappear...
2025-06-19 16:38:40 [main] INFO  a.pages.PaymentHistoryPage - ✅ Spinner disappeared.
2025-06-19 16:38:41 [main] INFO  a.pages.PaymentHistoryPage - ⏳ Waiting for spinner to fully disappear...
2025-06-19 16:38:43 [main] INFO  a.pages.PaymentHistoryPage - ✅ Spinner disappeared.
2025-06-19 16:38:43 [main] INFO  a.pages.PaymentHistoryPage - ✅ Payee selected successfully.
2025-06-19 16:38:44 [main] INFO  a.pages.PaymentHistoryPage - 
🔸 Test Case 1: Blank Amount
2025-06-19 16:38:44 [main] INFO  a.pages.PaymentHistoryPage - ⏳ Waiting for spinner to fully disappear...
2025-06-19 16:38:44 [main] INFO  a.pages.PaymentHistoryPage - ✅ Spinner disappeared.
2025-06-19 16:38:44 [main] INFO  a.pages.PaymentHistoryPage - ⏳ Waiting for spinner to fully disappear...
2025-06-19 16:38:44 [main] INFO  a.pages.PaymentHistoryPage - ✅ Spinner disappeared.
2025-06-19 16:38:45 [main] INFO  a.pages.PaymentHistoryPage - [SUCCESS] ✅ Correct error displayed: 'Amount is required'
2025-06-19 16:38:45 [main] INFO  a.pages.PaymentHistoryPage - 
🔸 Test Case 2: Special Characters (@#$%)
2025-06-19 16:38:45 [main] INFO  a.pages.PaymentHistoryPage - [SUCCESS] ✅ Special characters were blocked as expected.
2025-06-19 16:38:45 [main] INFO  a.pages.PaymentHistoryPage - 
🔸 Test Case 3: Alphanumeric Characters (123abc)
2025-06-19 16:38:45 [main] INFO  a.pages.PaymentHistoryPage - [SUCCESS] ✅ Field blocked alphanumeric input completely.
2025-06-19 16:38:45 [main] INFO  a.pages.PaymentHistoryPage - 
🔸 Test Case 4: Zero Amount (0)
2025-06-19 16:38:45 [main] INFO  a.pages.PaymentHistoryPage - ⏳ Waiting for spinner to fully disappear...
2025-06-19 16:38:46 [main] INFO  a.pages.PaymentHistoryPage - ✅ Spinner disappeared.
2025-06-19 16:38:46 [main] INFO  a.pages.PaymentHistoryPage - ⏳ Waiting for spinner to fully disappear...
2025-06-19 16:38:46 [main] INFO  a.pages.PaymentHistoryPage - ✅ Spinner disappeared.
2025-06-19 16:38:47 [main] INFO  a.pages.PaymentHistoryPage - [SUCCESS] ✅ Correct validation message shown: 'Minimum amount is 1.00'
2025-06-19 16:38:47 [main] INFO  a.pages.PaymentHistoryPage - 
🔸 Test Case 5: Amount Greater Than Account Balance
2025-06-19 16:38:47 [main] INFO  a.pages.PaymentHistoryPage - Fetched account balance: ₹5010351
2025-06-19 16:38:47 [main] INFO  a.pages.PaymentHistoryPage - ✅ Over-limit amount typed: '5010851'
2025-06-19 16:38:48 [main] INFO  a.pages.PaymentHistoryPage - ✅ 'Insufficient balance' popup displayed.
2025-06-19 16:38:49 [main] INFO  a.pages.PaymentHistoryPage - ✅ Clicked OK.
2025-06-19 16:38:49 [main] INFO  a.pages.PaymentHistoryPage - 
🔸 Test Case 6: Leave Remarks Field Blank and Proceed
2025-06-19 16:38:49 [main] INFO  a.pages.PaymentHistoryPage - ✅ Remarks field cleared.
2025-06-19 16:38:49 [main] INFO  a.pages.PaymentHistoryPage - ⏳ Waiting for spinner to fully disappear...
2025-06-19 16:38:49 [main] INFO  a.pages.PaymentHistoryPage - ✅ Spinner disappeared.
2025-06-19 16:38:49 [main] INFO  a.pages.PaymentHistoryPage - 🟦 [STEP] Selecting NEFT option
2025-06-19 16:38:49 [main] INFO  a.pages.PaymentHistoryPage - Attempting to click NEFT option (Attempt 1)
2025-06-19 16:38:50 [main] INFO  a.pages.PaymentHistoryPage - 🔄 NEFT clicked via Actions.
2025-06-19 16:38:50 [main] WARN  a.pages.PaymentHistoryPage - ⚠️ NEFT not selected yet. Retrying...
2025-06-19 16:38:50 [main] INFO  a.pages.PaymentHistoryPage - Attempting to click NEFT option (Attempt 2)
2025-06-19 16:38:51 [main] INFO  a.pages.PaymentHistoryPage - 🔄 NEFT clicked via Actions.
2025-06-19 16:38:52 [main] INFO  a.pages.PaymentHistoryPage - ✅ NEFT option selected successfully.
2025-06-19 16:38:52 [main] INFO  a.pages.PaymentHistoryPage - ⏳ Waiting for spinner to fully disappear...
2025-06-19 16:38:52 [main] INFO  a.pages.PaymentHistoryPage - ✅ Spinner disappeared.
2025-06-19 16:38:53 [main] INFO  a.pages.PaymentHistoryPage - ⏳ Waiting for spinner to fully disappear...
2025-06-19 16:38:53 [main] INFO  a.pages.PaymentHistoryPage - ✅ Spinner disappeared.
2025-06-19 16:38:53 [main] INFO  a.pages.PaymentHistoryPage - ⏳ Waiting for spinner to fully disappear...
2025-06-19 16:38:53 [main] INFO  a.pages.PaymentHistoryPage - ✅ Spinner disappeared.
2025-06-19 16:38:53 [main] INFO  a.pages.PaymentHistoryPage - ⏳ Waiting for spinner to fully disappear...
2025-06-19 16:38:54 [main] INFO  a.pages.PaymentHistoryPage - ✅ Spinner disappeared.
2025-06-19 16:38:55 [main] INFO  a.pages.PaymentHistoryPage - ✅ [SUCCESS] OTP entered.
2025-06-19 16:38:55 [main] INFO  a.pages.PaymentHistoryPage - Waiting for any overlay/spinner to disappear.
2025-06-19 16:38:55 [main] INFO  a.pages.PaymentHistoryPage - ✅ Final Proceed clicked.
2025-06-19 16:38:57 [main] INFO  a.pages.PaymentHistoryPage - [SUCCESS] ✅ Transaction succeeded.
2025-06-19 16:39:12 [main] WARN  a.pages.PaymentHistoryPage - ⚠️ [WARN] Close button not found or failed to click: Expected condition failed: waiting for element to be clickable: By.xpath: (//img[@alt='close' and contains(@src,'ic_closeCircle')])[last()] (tried for 15 second(s) with 500 milliseconds interval)
Build info: version: '4.20.0', revision: '866c76ca80'
System info: os.name: 'Windows 11', os.arch: 'amd64', os.version: '10.0', java.version: '17.0.12'
Driver info: org.openqa.selenium.chrome.ChromeDriver
Capabilities {acceptInsecureCerts: false, browserName: chrome, browserVersion: 137.0.7151.104, chrome: {chromedriverVersion: 137.0.7151.119 (e0ac9d12dff..., userDataDir: C:\Users\rajum\AppData\Loca...}, fedcm:accounts: true, goog:chromeOptions: {debuggerAddress: localhost:51499}, networkConnectionEnabled: false, pageLoadStrategy: normal, platformName: windows, proxy: Proxy(), se:cdp: ws://localhost:51499/devtoo..., se:cdpVersion: 137.0.7151.104, setWindowRect: true, strictFileInteractability: false, timeouts: {implicit: 0, pageLoad: 300000, script: 30000}, unhandledPromptBehavior: dismiss and notify, webauthn:extension:credBlob: true, webauthn:extension:largeBlob: true, webauthn:extension:minPinLength: true, webauthn:extension:prf: true, webauthn:virtualAuthenticators: true}
Session ID: f7cc9591d30c64997e9e800960805371
2025-06-19 16:39:12 [main] INFO  a.pages.PaymentHistoryPage - 
🔸 Test Case 7: Invalid OTP
2025-06-19 16:39:12 [main] INFO  a.pages.PaymentHistoryPage - ⏳ Waiting for spinner to fully disappear...
2025-06-19 16:39:12 [main] INFO  a.pages.PaymentHistoryPage - ✅ Spinner disappeared.
2025-06-19 16:39:27 [main] WARN  a.pages.PaymentHistoryPage - ⚠️ Click failed attempt 1/3: Expected condition failed: waiting for element to be clickable: By.xpath: //span[@class='font-semibold mb-1' and text()='RAJATH CANARA'] (tried for 15 second(s) with 500 milliseconds interval)
Build info: version: '4.20.0', revision: '866c76ca80'
System info: os.name: 'Windows 11', os.arch: 'amd64', os.version: '10.0', java.version: '17.0.12'
Driver info: org.openqa.selenium.chrome.ChromeDriver
Capabilities {acceptInsecureCerts: false, browserName: chrome, browserVersion: 137.0.7151.104, chrome: {chromedriverVersion: 137.0.7151.119 (e0ac9d12dff..., userDataDir: C:\Users\rajum\AppData\Loca...}, fedcm:accounts: true, goog:chromeOptions: {debuggerAddress: localhost:51499}, networkConnectionEnabled: false, pageLoadStrategy: normal, platformName: windows, proxy: Proxy(), se:cdp: ws://localhost:51499/devtoo..., se:cdpVersion: 137.0.7151.104, setWindowRect: true, strictFileInteractability: false, timeouts: {implicit: 0, pageLoad: 300000, script: 30000}, unhandledPromptBehavior: dismiss and notify, webauthn:extension:credBlob: true, webauthn:extension:largeBlob: true, webauthn:extension:minPinLength: true, webauthn:extension:prf: true, webauthn:virtualAuthenticators: true}
Session ID: f7cc9591d30c64997e9e800960805371
2025-06-19 16:39:28 [main] INFO  a.pages.PaymentHistoryPage - ⏳ Waiting for spinner to fully disappear...
2025-06-19 16:39:28 [main] INFO  a.pages.PaymentHistoryPage - ✅ Spinner disappeared.
2025-06-19 16:39:43 [main] WARN  a.pages.PaymentHistoryPage - ⚠️ Click failed attempt 2/3: Expected condition failed: waiting for element to be clickable: By.xpath: //span[@class='font-semibold mb-1' and text()='RAJATH CANARA'] (tried for 15 second(s) with 500 milliseconds interval)
Build info: version: '4.20.0', revision: '866c76ca80'
System info: os.name: 'Windows 11', os.arch: 'amd64', os.version: '10.0', java.version: '17.0.12'
Driver info: org.openqa.selenium.chrome.ChromeDriver
Capabilities {acceptInsecureCerts: false, browserName: chrome, browserVersion: 137.0.7151.104, chrome: {chromedriverVersion: 137.0.7151.119 (e0ac9d12dff..., userDataDir: C:\Users\rajum\AppData\Loca...}, fedcm:accounts: true, goog:chromeOptions: {debuggerAddress: localhost:51499}, networkConnectionEnabled: false, pageLoadStrategy: normal, platformName: windows, proxy: Proxy(), se:cdp: ws://localhost:51499/devtoo..., se:cdpVersion: 137.0.7151.104, setWindowRect: true, strictFileInteractability: false, timeouts: {implicit: 0, pageLoad: 300000, script: 30000}, unhandledPromptBehavior: dismiss and notify, webauthn:extension:credBlob: true, webauthn:extension:largeBlob: true, webauthn:extension:minPinLength: true, webauthn:extension:prf: true, webauthn:virtualAuthenticators: true}
Session ID: f7cc9591d30c64997e9e800960805371
2025-06-19 16:39:44 [main] INFO  a.pages.PaymentHistoryPage - ⏳ Waiting for spinner to fully disappear...
2025-06-19 16:39:45 [main] INFO  a.pages.PaymentHistoryPage - ✅ Spinner disappeared.
2025-06-19 16:39:45 [main] INFO  a.pages.PaymentHistoryPage - ⏳ Waiting for spinner to fully disappear...
2025-06-19 16:39:46 [main] INFO  a.pages.PaymentHistoryPage - ✅ Spinner disappeared.
2025-06-19 16:39:46 [main] INFO  a.pages.PaymentHistoryPage - ✅ [SUCCESS] Entered amount: ₹3
2025-06-19 16:39:46 [main] INFO  a.pages.PaymentHistoryPage - ⏳ Waiting for spinner to fully disappear...
2025-06-19 16:39:47 [main] INFO  a.pages.PaymentHistoryPage - ✅ Spinner disappeared.
2025-06-19 16:39:47 [main] INFO  a.pages.PaymentHistoryPage - 🟦 [STEP] Selecting NEFT option
2025-06-19 16:39:47 [main] INFO  a.pages.PaymentHistoryPage - Attempting to click NEFT option (Attempt 1)
2025-06-19 16:39:48 [main] INFO  a.pages.PaymentHistoryPage - 🔄 NEFT clicked via Actions.
2025-06-19 16:39:48 [main] INFO  a.pages.PaymentHistoryPage - ✅ NEFT option selected successfully.
2025-06-19 16:39:48 [main] INFO  a.pages.PaymentHistoryPage - ✅ [SUCCESS] Entered remarks: test value
2025-06-19 16:39:48 [main] INFO  a.pages.PaymentHistoryPage - ⏳ Waiting for spinner to fully disappear...
2025-06-19 16:39:49 [main] INFO  a.pages.PaymentHistoryPage - ✅ Spinner disappeared.
2025-06-19 16:39:49 [main] INFO  a.pages.PaymentHistoryPage - ⏳ Waiting for spinner to fully disappear...
2025-06-19 16:39:49 [main] INFO  a.pages.PaymentHistoryPage - ✅ Spinner disappeared.
2025-06-19 16:39:49 [main] INFO  a.pages.PaymentHistoryPage - ✅ [SUCCESS] Clicked Proceed after remarks.
2025-06-19 16:39:49 [main] INFO  a.pages.PaymentHistoryPage - ⏳ Waiting for spinner to fully disappear...
2025-06-19 16:39:50 [main] INFO  a.pages.PaymentHistoryPage - ✅ Spinner disappeared.
2025-06-19 16:39:50 [main] INFO  a.pages.PaymentHistoryPage - ⏳ Waiting for spinner to fully disappear...
2025-06-19 16:39:51 [main] INFO  a.pages.PaymentHistoryPage - ✅ Spinner disappeared.
2025-06-19 16:39:51 [main] INFO  a.pages.PaymentHistoryPage - ✅ [SUCCESS] Confirm button clicked.
2025-06-19 16:39:51 [main] INFO  a.pages.PaymentHistoryPage - ✅ [SUCCESS] OTP entered.
2025-06-19 16:39:51 [main] INFO  a.pages.PaymentHistoryPage - Waiting for any overlay/spinner to disappear.
2025-06-19 16:39:51 [main] INFO  a.pages.PaymentHistoryPage - ✅ [SUCCESS] Final Proceed clicked after OTP.
2025-06-19 16:39:52 [main] INFO  a.pages.PaymentHistoryPage - ✅ Correct error: 'Invalid OTP'
2025-06-19 16:39:52 [main] INFO  a.pages.PaymentHistoryPage - ⏳ Waiting for spinner to fully disappear...
2025-06-19 16:39:53 [main] INFO  a.pages.PaymentHistoryPage - ✅ Spinner disappeared.
2025-06-19 16:39:53 [main] INFO  a.pages.PaymentHistoryPage - ⏳ Waiting for spinner to fully disappear...
2025-06-19 16:39:53 [main] INFO  a.pages.PaymentHistoryPage - ✅ Spinner disappeared.
2025-06-19 16:39:53 [main] INFO  a.pages.PaymentHistoryPage - ⏳ Waiting for spinner to fully disappear...
2025-06-19 16:39:53 [main] INFO  a.pages.PaymentHistoryPage - ✅ Spinner disappeared.
2025-06-19 16:39:54 [main] INFO  a.pages.PaymentHistoryPage - ⏳ Waiting for spinner to fully disappear...
2025-06-19 16:39:54 [main] INFO  a.pages.PaymentHistoryPage - ✅ Spinner disappeared.
2025-06-19 16:39:54 [main] INFO  a.pages.PaymentHistoryPage - 
✅ All negative test cases executed.
2025-06-19 16:39:54 [main] INFO  automationFramework.utils.LoggerUtil - Flushing extent report...
2025-06-19 16:39:54 [main] INFO  automationFramework.utils.LoggerUtil - 📧 Sending report via email...
