2025-06-17 18:16:16 [main] INFO  org.testng.internal.Utils - [Utils] MethodGroupsHelper.collectMethodsByGroup() took 1 ms.
2025-06-17 18:16:16 [main] INFO  org.testng.internal.Utils - [Utils] MethodGroupsHelper.sortMethods() took 2 ms.
2025-06-17 18:16:16 [main] INFO  org.testng.internal.Utils - [Utils] MethodGroupsHelper.collectMethodsByGroup() took 0 ms.
2025-06-17 18:16:16 [main] INFO  org.testng.internal.Utils - [Utils] MethodGroupsHelper.sortMethods() took 0 ms.
2025-06-17 18:16:16 [main] INFO  org.testng.internal.Utils - [Utils] MethodGroupsHelper.collectMethodsByGroup() took 0 ms.
2025-06-17 18:16:16 [main] INFO  org.testng.internal.Utils - [Utils] MethodGroupsHelper.sortMethods() took 0 ms.
2025-06-17 18:16:16 [main] INFO  org.testng.internal.Utils - [Utils] MethodGroupsHelper.collectMethodsByGroup() took 0 ms.
2025-06-17 18:16:16 [main] INFO  org.testng.internal.Utils - [Utils] MethodGroupsHelper.sortMethods() took 0 ms.
2025-06-17 18:16:16 [main] INFO  org.testng.internal.Utils - [Utils] MethodGroupsHelper.collectMethodsByGroup() took 6 ms.
2025-06-17 18:16:16 [main] INFO  org.testng.internal.Utils - [Utils] MethodGroupsHelper.sortMethods() took 17 ms.
2025-06-17 18:16:16 [main] INFO  org.testng.internal.Utils - [Utils] MethodGroupsHelper.collectMethodsByGroup() took 0 ms.
2025-06-17 18:16:16 [main] INFO  org.testng.internal.Utils - [Utils] MethodGroupsHelper.sortMethods() took 1 ms.
2025-06-17 18:16:16 [main] INFO  org.testng.internal.Utils - [Utils] MethodGroupsHelper.collectMethodsByGroup() took 0 ms.
2025-06-17 18:16:16 [main] INFO  org.testng.internal.Utils - [Utils] MethodGroupsHelper.sortMethods() took 0 ms.
2025-06-17 18:16:16 [main] INFO  org.testng.internal.Utils - [Utils] MethodGroupsHelper.collectMethodsByGroup() took 0 ms.
2025-06-17 18:16:16 [main] INFO  org.testng.internal.Utils - [Utils] MethodGroupsHelper.sortMethods() took 0 ms.
2025-06-17 18:16:16 [main] INFO  org.testng.internal.Utils - [Utils] MethodGroupsHelper.collectMethodsByGroup() took 0 ms.
2025-06-17 18:16:16 [main] INFO  org.testng.internal.Utils - [Utils] MethodGroupsHelper.sortMethods() took 0 ms.
2025-06-17 18:16:16 [main] INFO  org.testng.internal.Utils - [Utils] MethodGroupsHelper.collectMethodsByGroup() took 0 ms.
2025-06-17 18:16:16 [main] INFO  org.testng.internal.Utils - [Utils] MethodGroupsHelper.sortMethods() took 1 ms.
2025-06-17 18:16:16 [main] INFO  org.testng.internal.Utils - [Utils] MethodGroupsHelper.collectMethodsByGroup() took 0 ms.
2025-06-17 18:16:16 [main] INFO  org.testng.internal.Utils - [Utils] MethodGroupsHelper.sortMethods() took 0 ms.
2025-06-17 18:16:16 [main] INFO  org.testng.internal.Utils - [Utils] MethodGroupsHelper.collectMethodsByGroup() took 0 ms.
2025-06-17 18:16:16 [main] INFO  org.testng.internal.Utils - [Utils] MethodGroupsHelper.sortMethods() took 0 ms.
2025-06-17 18:16:16 [main] INFO  org.testng.internal.Utils - [Utils] MethodGroupsHelper.collectMethodsByGroup() took 2 ms.
2025-06-17 18:16:16 [main] INFO  org.testng.internal.Utils - [Utils] MethodGroupsHelper.sortMethods() took 10 ms.
2025-06-17 18:16:16 [main] INFO  org.testng.internal.Utils - [Utils] MethodGroupsHelper.collectMethodsByGroup() took 0 ms.
2025-06-17 18:16:16 [main] INFO  org.testng.internal.Utils - [Utils] MethodGroupsHelper.sortMethods() took 0 ms.
2025-06-17 18:16:16 [main] INFO  org.testng.internal.Utils - [Utils] MethodGroupsHelper.collectMethodsByGroup() took 0 ms.
2025-06-17 18:16:16 [main] INFO  org.testng.internal.Utils - [Utils] MethodGroupsHelper.sortMethods() took 0 ms.
2025-06-17 18:16:17 [main] INFO  org.testng.internal.Utils - [TestNG] Running:
  C:\Users\rajum\AppData\Local\Temp\testng-eclipse--1288259033\testng-customsuite.xml

2025-06-17 18:16:17 [main] INFO  org.testng.internal.Utils - [Utils] DynamicGraphHelper.createDynamicGraph() took 8 ms.
2025-06-17 18:16:17 [main] INFO  automationFramework.utils.LoggerUtil - 🔧 Starting browser and loading properties...
2025-06-17 18:16:18 [main] INFO  i.g.bonigarcia.wdm.WebDriverManager - Using chromedriver 137.0.7151.70 (resolved driver for Chrome 137)
2025-06-17 18:16:18 [main] INFO  i.g.bonigarcia.wdm.WebDriverManager - Exporting webdriver.chrome.driver as C:\Users\rajum\.cache\selenium\chromedriver\win64\137.0.7151.70\chromedriver.exe
2025-06-17 18:16:21 [main] INFO  automationFramework.pages.LoginPage - ✅ Captcha wait time loaded: 10 seconds
2025-06-17 18:16:22 [main] INFO  automationFramework.pages.LoginPage - 🟦 Navigated to URL: https://uatnet.svcbank.com/ReachSVCInet/SVC-web/inet/netbanking
2025-06-17 18:16:27 [main] INFO  automationFramework.pages.LoginPage - ✅ Entered username: TEST001
2025-06-17 18:16:27 [main] INFO  automationFramework.pages.LoginPage - ⏳ Waiting for manual captcha input (10 seconds)
2025-06-17 18:16:37 [main] INFO  automationFramework.pages.LoginPage - ✅ Clicked first Login button
2025-06-17 18:16:39 [main] INFO  automationFramework.pages.LoginPage - ✅ Entered password
2025-06-17 18:16:39 [main] INFO  automationFramework.pages.LoginPage - ✅ Clicked final Login button
2025-06-17 18:16:42 [main] INFO  automationFramework.pages.LoginPage - 🎉 Login successful for user: TEST001
2025-06-17 18:16:42 [main] INFO  automationFramework.utils.LoggerUtil - ✅ Setup complete.
2025-06-17 18:16:42 [main] INFO  a.pages.AccountsPage - Clicking Accounts Tab
2025-06-17 18:16:42 [main] INFO  a.pages.AccountsPage - ⏳ Waiting for spinner to fully disappear...
2025-06-17 18:16:57 [main] INFO  a.pages.AccountsPage - ✅ Spinner disappeared.
2025-06-17 18:16:57 [main] INFO  a.pages.AccountsPage - ⏳ Waiting for spinner to fully disappear...
2025-06-17 18:16:58 [main] INFO  a.pages.AccountsPage - ✅ Spinner disappeared.
2025-06-17 18:16:58 [main] INFO  a.pages.AccountsPage - ⏳ Waiting for spinner to fully disappear...
2025-06-17 18:17:12 [main] INFO  a.pages.AccountsPage - ✅ Spinner disappeared.
2025-06-17 18:17:32 [main] INFO  a.pages.AccountsPage - ✅ Accounts Tab Clicked
2025-06-17 18:17:32 [main] INFO  a.pages.AccountsPage - ⏳ Waiting for spinner to fully disappear...
2025-06-17 18:17:43 [main] INFO  a.pages.AccountsPage - ✅ Spinner disappeared.
2025-06-17 18:18:03 [main] INFO  a.pages.AccountsPage - ⏳ Waiting for spinner to fully disappear...
2025-06-17 18:18:13 [main] INFO  a.pages.AccountsPage - ✅ Spinner disappeared.
2025-06-17 18:18:33 [main] INFO  a.pages.AccountsPage - ⏳ Waiting for spinner to fully disappear...
2025-06-17 18:18:44 [main] INFO  a.pages.AccountsPage - ✅ Spinner disappeared.
2025-06-17 18:18:44 [main] INFO  a.pages.AccountsPage - ⏳ Waiting for spinner to fully disappear...
2025-06-17 18:18:54 [main] INFO  a.pages.AccountsPage - ✅ Spinner disappeared.
2025-06-17 18:18:54 [main] INFO  a.pages.AccountsPage - ⏳ Waiting for spinner to fully disappear...
2025-06-17 18:19:12 [main] WARN  a.pages.AccountsPage - ⚠️ Spinner wait skipped or failed gracefully.
2025-06-17 18:19:12 [main] INFO  a.pages.AccountsPage - ⏳ Waiting for spinner to fully disappear...
2025-06-17 18:19:28 [main] WARN  a.pages.AccountsPage - ⚠️ Spinner wait skipped or failed gracefully.
2025-06-17 18:19:48 [main] INFO  a.pages.AccountsPage - ⏳ Waiting for spinner to fully disappear...
2025-06-17 18:20:03 [main] WARN  a.pages.AccountsPage - ⚠️ Spinner wait skipped or failed gracefully.
2025-06-17 18:20:03 [main] INFO  a.pages.AccountsPage - ⏳ Waiting for spinner to fully disappear...
2025-06-17 18:20:22 [main] INFO  a.pages.AccountsPage - ✅ Spinner disappeared.
2025-06-17 18:20:23 [main] INFO  a.pages.AccountsPage - ⏳ Waiting for spinner to fully disappear...
2025-06-17 18:20:33 [main] INFO  a.pages.AccountsPage - ✅ Spinner disappeared.
2025-06-17 18:20:33 [main] INFO  a.pages.AccountsPage - ⏳ Waiting for spinner to fully disappear...
2025-06-17 18:20:43 [main] INFO  a.pages.AccountsPage - ✅ Spinner disappeared.
2025-06-17 18:21:04 [main] INFO  a.pages.AccountsPage - 🔍 Checking if 'Detailed Statement' is visible.
2025-06-17 18:21:04 [main] INFO  a.pages.AccountsPage - ✅ 'Detailed Statement' is visible.
2025-06-17 18:21:04 [main] INFO  a.pages.AccountsPage - ⏳ Waiting for spinner to fully disappear...
2025-06-17 18:21:14 [main] INFO  a.pages.AccountsPage - ✅ Spinner disappeared.
2025-06-17 18:21:14 [main] INFO  a.pages.AccountsPage - ⏳ Waiting for spinner to fully disappear...
2025-06-17 18:21:32 [main] WARN  a.pages.AccountsPage - ⚠️ Spinner wait skipped or failed gracefully.
2025-06-17 18:21:32 [main] INFO  a.pages.AccountsPage - ⏳ Waiting for spinner to fully disappear...
2025-06-17 18:21:48 [main] WARN  a.pages.AccountsPage - ⚠️ Spinner wait skipped or failed gracefully.
2025-06-17 18:22:08 [main] INFO  a.pages.AccountsPage - ⏳ Waiting for spinner to fully disappear...
2025-06-17 18:22:23 [main] WARN  a.pages.AccountsPage - ⚠️ Spinner wait skipped or failed gracefully.
2025-06-17 18:22:24 [main] WARN  a.pages.AccountsPage - ⚠️ Click intercepted attempt 1/3: element click intercepted: Element <span _ngcontent-ng-c1879628175="" class="text-blue-500 font-semibold">...</span> is not clickable at point (1442, 182). Other element would receive the click: <div _ngcontent-ng-c587276320="" class="ngx-spinner-overlay ng-tns-c587276320-1 ng-trigger ng-trigger-fadeIn ng-star-inserted ng-animating" style="background-color: rgba(51, 51, 51, 0.8); z-index: 99999; position: fixed;">...</div>
  (Session info: chrome=137.0.7151.104)
Build info: version: '4.20.0', revision: '866c76ca80'
System info: os.name: 'Windows 11', os.arch: 'amd64', os.version: '10.0', java.version: '17.0.12'
Driver info: org.openqa.selenium.chrome.ChromeDriver
Command: [4f8196f5e04e3c1320ebcf245586ff6b, clickElement {id=f.B040C3605AA157BC6ACD432F9E6F98AA.d.18EEA94FC3E217E9D704962A069F732D.e.167}]
Capabilities {acceptInsecureCerts: false, browserName: chrome, browserVersion: 137.0.7151.104, chrome: {chromedriverVersion: 137.0.7151.70 (dfa4dc56b2ab..., userDataDir: C:\Users\rajum\AppData\Loca...}, fedcm:accounts: true, goog:chromeOptions: {debuggerAddress: localhost:58157}, networkConnectionEnabled: false, pageLoadStrategy: normal, platformName: windows, proxy: Proxy(), se:cdp: ws://localhost:58157/devtoo..., se:cdpVersion: 137.0.7151.104, setWindowRect: true, strictFileInteractability: false, timeouts: {implicit: 0, pageLoad: 300000, script: 30000}, unhandledPromptBehavior: dismiss and notify, webauthn:extension:credBlob: true, webauthn:extension:largeBlob: true, webauthn:extension:minPinLength: true, webauthn:extension:prf: true, webauthn:virtualAuthenticators: true}
Element: [[ChromeDriver: chrome on windows (4f8196f5e04e3c1320ebcf245586ff6b)] -> xpath: //span[contains(@class,'text-blue-500') and contains(text(),'Download')]]
Session ID: 4f8196f5e04e3c1320ebcf245586ff6b
2025-06-17 18:22:25 [main] INFO  a.pages.AccountsPage - ⏳ Waiting for spinner to fully disappear...
2025-06-17 18:22:34 [main] INFO  a.pages.AccountsPage - ✅ Spinner disappeared.
2025-06-17 18:22:34 [main] INFO  a.pages.AccountsPage - ⏳ Waiting for spinner to fully disappear...
2025-06-17 18:22:44 [main] INFO  a.pages.AccountsPage - ✅ Spinner disappeared.
2025-06-17 18:22:44 [main] INFO  a.pages.AccountsPage - ⏳ Waiting for spinner to fully disappear...
2025-06-17 18:22:54 [main] INFO  a.pages.AccountsPage - ✅ Spinner disappeared.
2025-06-17 18:22:54 [main] INFO  a.pages.AccountsPage - ⏳ Waiting for spinner to fully disappear...
2025-06-17 18:23:05 [main] INFO  a.pages.AccountsPage - ✅ Spinner disappeared.
2025-06-17 18:23:05 [main] INFO  a.pages.AccountsPage - ⏳ Waiting for spinner to fully disappear...
2025-06-17 18:23:20 [main] WARN  a.pages.AccountsPage - ⚠️ Spinner wait skipped or failed gracefully.
2025-06-17 18:23:20 [main] INFO  a.pages.AccountsPage - ⏳ Waiting for spinner to fully disappear...
2025-06-17 18:23:35 [main] WARN  a.pages.AccountsPage - ⚠️ Spinner wait skipped or failed gracefully.
2025-06-17 18:23:35 [main] INFO  a.pages.AccountsPage - 🔍 Checking if 'Detailed Statement' is visible.
2025-06-17 18:23:40 [main] WARN  a.pages.AccountsPage - ⚠️ 'Detailed Statement' not visible. Clicking Accounts Tab first.
2025-06-17 18:23:40 [main] INFO  a.pages.AccountsPage - ⏳ Waiting for spinner to fully disappear...
2025-06-17 18:23:56 [main] WARN  a.pages.AccountsPage - ⚠️ Spinner wait skipped or failed gracefully.
2025-06-17 18:23:57 [main] WARN  a.pages.AccountsPage - ⚠️ Click intercepted attempt 1/3: element click intercepted: Element <span class="p-menuitem-text">...</span> is not clickable at point (153, 101). Other element would receive the click: <div _ngcontent-ng-c587276320="" class="ngx-spinner-overlay ng-tns-c587276320-1 ng-trigger ng-trigger-fadeIn ng-star-inserted" style="background-color: rgba(51, 51, 51, 0.8); z-index: 99999; position: fixed; opacity: 1;">...</div>
  (Session info: chrome=137.0.7151.104)
Build info: version: '4.20.0', revision: '866c76ca80'
System info: os.name: 'Windows 11', os.arch: 'amd64', os.version: '10.0', java.version: '17.0.12'
Driver info: org.openqa.selenium.chrome.ChromeDriver
Command: [4f8196f5e04e3c1320ebcf245586ff6b, clickElement {id=f.B040C3605AA157BC6ACD432F9E6F98AA.d.18EEA94FC3E217E9D704962A069F732D.e.93}]
Capabilities {acceptInsecureCerts: false, browserName: chrome, browserVersion: 137.0.7151.104, chrome: {chromedriverVersion: 137.0.7151.70 (dfa4dc56b2ab..., userDataDir: C:\Users\rajum\AppData\Loca...}, fedcm:accounts: true, goog:chromeOptions: {debuggerAddress: localhost:58157}, networkConnectionEnabled: false, pageLoadStrategy: normal, platformName: windows, proxy: Proxy(), se:cdp: ws://localhost:58157/devtoo..., se:cdpVersion: 137.0.7151.104, setWindowRect: true, strictFileInteractability: false, timeouts: {implicit: 0, pageLoad: 300000, script: 30000}, unhandledPromptBehavior: dismiss and notify, webauthn:extension:credBlob: true, webauthn:extension:largeBlob: true, webauthn:extension:minPinLength: true, webauthn:extension:prf: true, webauthn:virtualAuthenticators: true}
Element: [[ChromeDriver: chrome on windows (4f8196f5e04e3c1320ebcf245586ff6b)] -> xpath: //span[@class='p-menuitem-text' and text()='Accounts']]
Session ID: 4f8196f5e04e3c1320ebcf245586ff6b
2025-06-17 18:23:57 [main] INFO  a.pages.AccountsPage - ⏳ Waiting for spinner to fully disappear...
2025-06-17 18:24:12 [main] WARN  a.pages.AccountsPage - ⚠️ Spinner wait skipped or failed gracefully.
2025-06-17 18:24:14 [main] WARN  a.pages.AccountsPage - ⚠️ Click intercepted attempt 2/3: element click intercepted: Element <span class="p-menuitem-text">...</span> is not clickable at point (153, 101). Other element would receive the click: <div _ngcontent-ng-c587276320="" class="ngx-spinner-overlay ng-tns-c587276320-1 ng-trigger ng-trigger-fadeIn ng-star-inserted" style="background-color: rgba(51, 51, 51, 0.8); z-index: 99999; position: fixed; opacity: 1;">...</div>
  (Session info: chrome=137.0.7151.104)
Build info: version: '4.20.0', revision: '866c76ca80'
System info: os.name: 'Windows 11', os.arch: 'amd64', os.version: '10.0', java.version: '17.0.12'
Driver info: org.openqa.selenium.chrome.ChromeDriver
Command: [4f8196f5e04e3c1320ebcf245586ff6b, clickElement {id=f.B040C3605AA157BC6ACD432F9E6F98AA.d.18EEA94FC3E217E9D704962A069F732D.e.93}]
Capabilities {acceptInsecureCerts: false, browserName: chrome, browserVersion: 137.0.7151.104, chrome: {chromedriverVersion: 137.0.7151.70 (dfa4dc56b2ab..., userDataDir: C:\Users\rajum\AppData\Loca...}, fedcm:accounts: true, goog:chromeOptions: {debuggerAddress: localhost:58157}, networkConnectionEnabled: false, pageLoadStrategy: normal, platformName: windows, proxy: Proxy(), se:cdp: ws://localhost:58157/devtoo..., se:cdpVersion: 137.0.7151.104, setWindowRect: true, strictFileInteractability: false, timeouts: {implicit: 0, pageLoad: 300000, script: 30000}, unhandledPromptBehavior: dismiss and notify, webauthn:extension:credBlob: true, webauthn:extension:largeBlob: true, webauthn:extension:minPinLength: true, webauthn:extension:prf: true, webauthn:virtualAuthenticators: true}
Element: [[ChromeDriver: chrome on windows (4f8196f5e04e3c1320ebcf245586ff6b)] -> xpath: //span[@class='p-menuitem-text' and text()='Accounts']]
Session ID: 4f8196f5e04e3c1320ebcf245586ff6b
2025-06-17 18:24:14 [main] INFO  a.pages.AccountsPage - ⏳ Waiting for spinner to fully disappear...
2025-06-17 18:24:29 [main] WARN  a.pages.AccountsPage - ⚠️ Spinner wait skipped or failed gracefully.
2025-06-17 18:24:30 [main] WARN  a.pages.AccountsPage - ⚠️ Click intercepted attempt 3/3: element click intercepted: Element <span class="p-menuitem-text">...</span> is not clickable at point (153, 101). Other element would receive the click: <div _ngcontent-ng-c587276320="" class="ngx-spinner-overlay ng-tns-c587276320-1 ng-trigger ng-trigger-fadeIn ng-star-inserted" style="background-color: rgba(51, 51, 51, 0.8); z-index: 99999; position: fixed; opacity: 1;">...</div>
  (Session info: chrome=137.0.7151.104)
Build info: version: '4.20.0', revision: '866c76ca80'
System info: os.name: 'Windows 11', os.arch: 'amd64', os.version: '10.0', java.version: '17.0.12'
Driver info: org.openqa.selenium.chrome.ChromeDriver
Command: [4f8196f5e04e3c1320ebcf245586ff6b, clickElement {id=f.B040C3605AA157BC6ACD432F9E6F98AA.d.18EEA94FC3E217E9D704962A069F732D.e.93}]
Capabilities {acceptInsecureCerts: false, browserName: chrome, browserVersion: 137.0.7151.104, chrome: {chromedriverVersion: 137.0.7151.70 (dfa4dc56b2ab..., userDataDir: C:\Users\rajum\AppData\Loca...}, fedcm:accounts: true, goog:chromeOptions: {debuggerAddress: localhost:58157}, networkConnectionEnabled: false, pageLoadStrategy: normal, platformName: windows, proxy: Proxy(), se:cdp: ws://localhost:58157/devtoo..., se:cdpVersion: 137.0.7151.104, setWindowRect: true, strictFileInteractability: false, timeouts: {implicit: 0, pageLoad: 300000, script: 30000}, unhandledPromptBehavior: dismiss and notify, webauthn:extension:credBlob: true, webauthn:extension:largeBlob: true, webauthn:extension:minPinLength: true, webauthn:extension:prf: true, webauthn:virtualAuthenticators: true}
Element: [[ChromeDriver: chrome on windows (4f8196f5e04e3c1320ebcf245586ff6b)] -> xpath: //span[@class='p-menuitem-text' and text()='Accounts']]
Session ID: 4f8196f5e04e3c1320ebcf245586ff6b
2025-06-17 18:24:31 [main] INFO  a.pages.AccountsPage - 🔍 Checking if 'Detailed Statement' is visible.
2025-06-17 18:24:36 [main] WARN  a.pages.AccountsPage - ⚠️ 'Detailed Statement' not visible. Clicking Accounts Tab first.
2025-06-17 18:24:36 [main] INFO  a.pages.AccountsPage - ⏳ Waiting for spinner to fully disappear...
2025-06-17 18:24:51 [main] WARN  a.pages.AccountsPage - ⚠️ Spinner wait skipped or failed gracefully.
2025-06-17 18:24:52 [main] WARN  a.pages.AccountsPage - ⚠️ Click intercepted attempt 1/3: element click intercepted: Element <span class="p-menuitem-text">...</span> is not clickable at point (153, 101). Other element would receive the click: <div _ngcontent-ng-c587276320="" class="ngx-spinner-overlay ng-tns-c587276320-1 ng-trigger ng-trigger-fadeIn ng-star-inserted" style="background-color: rgba(51, 51, 51, 0.8); z-index: 99999; position: fixed; opacity: 1;">...</div>
  (Session info: chrome=137.0.7151.104)
Build info: version: '4.20.0', revision: '866c76ca80'
System info: os.name: 'Windows 11', os.arch: 'amd64', os.version: '10.0', java.version: '17.0.12'
Driver info: org.openqa.selenium.chrome.ChromeDriver
Command: [4f8196f5e04e3c1320ebcf245586ff6b, clickElement {id=f.B040C3605AA157BC6ACD432F9E6F98AA.d.18EEA94FC3E217E9D704962A069F732D.e.93}]
Capabilities {acceptInsecureCerts: false, browserName: chrome, browserVersion: 137.0.7151.104, chrome: {chromedriverVersion: 137.0.7151.70 (dfa4dc56b2ab..., userDataDir: C:\Users\rajum\AppData\Loca...}, fedcm:accounts: true, goog:chromeOptions: {debuggerAddress: localhost:58157}, networkConnectionEnabled: false, pageLoadStrategy: normal, platformName: windows, proxy: Proxy(), se:cdp: ws://localhost:58157/devtoo..., se:cdpVersion: 137.0.7151.104, setWindowRect: true, strictFileInteractability: false, timeouts: {implicit: 0, pageLoad: 300000, script: 30000}, unhandledPromptBehavior: dismiss and notify, webauthn:extension:credBlob: true, webauthn:extension:largeBlob: true, webauthn:extension:minPinLength: true, webauthn:extension:prf: true, webauthn:virtualAuthenticators: true}
Element: [[ChromeDriver: chrome on windows (4f8196f5e04e3c1320ebcf245586ff6b)] -> xpath: //span[@class='p-menuitem-text' and text()='Accounts']]
Session ID: 4f8196f5e04e3c1320ebcf245586ff6b
2025-06-17 18:24:53 [main] INFO  a.pages.AccountsPage - ⏳ Waiting for spinner to fully disappear...
2025-06-17 18:25:16 [main] INFO  a.pages.AccountsPage - ✅ Spinner disappeared.
2025-06-17 18:25:33 [main] WARN  a.pages.AccountsPage - ⚠️ Click failed attempt 2/3: Expected condition failed: waiting for element to be clickable: By.xpath: //span[@class='p-menuitem-text' and text()='Accounts'] (tried for 15 second(s) with 500 milliseconds interval)
Build info: version: '4.20.0', revision: '866c76ca80'
System info: os.name: 'Windows 11', os.arch: 'amd64', os.version: '10.0', java.version: '17.0.12'
Driver info: org.openqa.selenium.chrome.ChromeDriver
Capabilities {acceptInsecureCerts: false, browserName: chrome, browserVersion: 137.0.7151.104, chrome: {chromedriverVersion: 137.0.7151.70 (dfa4dc56b2ab..., userDataDir: C:\Users\rajum\AppData\Loca...}, fedcm:accounts: true, goog:chromeOptions: {debuggerAddress: localhost:58157}, networkConnectionEnabled: false, pageLoadStrategy: normal, platformName: windows, proxy: Proxy(), se:cdp: ws://localhost:58157/devtoo..., se:cdpVersion: 137.0.7151.104, setWindowRect: true, strictFileInteractability: false, timeouts: {implicit: 0, pageLoad: 300000, script: 30000}, unhandledPromptBehavior: dismiss and notify, webauthn:extension:credBlob: true, webauthn:extension:largeBlob: true, webauthn:extension:minPinLength: true, webauthn:extension:prf: true, webauthn:virtualAuthenticators: true}
Session ID: 4f8196f5e04e3c1320ebcf245586ff6b
2025-06-17 18:25:33 [main] INFO  a.pages.AccountsPage - ⏳ Waiting for spinner to fully disappear...
2025-06-17 18:25:43 [main] INFO  a.pages.AccountsPage - ✅ Spinner disappeared.
2025-06-17 18:26:00 [main] WARN  a.pages.AccountsPage - ⚠️ Click failed attempt 3/3: Expected condition failed: waiting for element to be clickable: By.xpath: //span[@class='p-menuitem-text' and text()='Accounts'] (tried for 15 second(s) with 500 milliseconds interval)
Build info: version: '4.20.0', revision: '866c76ca80'
System info: os.name: 'Windows 11', os.arch: 'amd64', os.version: '10.0', java.version: '17.0.12'
Driver info: org.openqa.selenium.chrome.ChromeDriver
Capabilities {acceptInsecureCerts: false, browserName: chrome, browserVersion: 137.0.7151.104, chrome: {chromedriverVersion: 137.0.7151.70 (dfa4dc56b2ab..., userDataDir: C:\Users\rajum\AppData\Loca...}, fedcm:accounts: true, goog:chromeOptions: {debuggerAddress: localhost:58157}, networkConnectionEnabled: false, pageLoadStrategy: normal, platformName: windows, proxy: Proxy(), se:cdp: ws://localhost:58157/devtoo..., se:cdpVersion: 137.0.7151.104, setWindowRect: true, strictFileInteractability: false, timeouts: {implicit: 0, pageLoad: 300000, script: 30000}, unhandledPromptBehavior: dismiss and notify, webauthn:extension:credBlob: true, webauthn:extension:largeBlob: true, webauthn:extension:minPinLength: true, webauthn:extension:prf: true, webauthn:virtualAuthenticators: true}
Session ID: 4f8196f5e04e3c1320ebcf245586ff6b
2025-06-17 18:26:00 [main] INFO  a.pages.AccountsPage - 🔍 Checking if 'Detailed Statement' is visible.
2025-06-17 18:26:05 [main] WARN  a.pages.AccountsPage - ⚠️ 'Detailed Statement' not visible. Clicking Accounts Tab first.
2025-06-17 18:26:05 [main] INFO  a.pages.AccountsPage - ⏳ Waiting for spinner to fully disappear...
2025-06-17 18:26:16 [main] INFO  a.pages.AccountsPage - ✅ Spinner disappeared.
2025-06-17 18:26:32 [main] WARN  a.pages.AccountsPage - ⚠️ Click failed attempt 1/3: Expected condition failed: waiting for element to be clickable: By.xpath: //span[@class='p-menuitem-text' and text()='Accounts'] (tried for 15 second(s) with 500 milliseconds interval)
Build info: version: '4.20.0', revision: '866c76ca80'
System info: os.name: 'Windows 11', os.arch: 'amd64', os.version: '10.0', java.version: '17.0.12'
Driver info: org.openqa.selenium.chrome.ChromeDriver
Capabilities {acceptInsecureCerts: false, browserName: chrome, browserVersion: 137.0.7151.104, chrome: {chromedriverVersion: 137.0.7151.70 (dfa4dc56b2ab..., userDataDir: C:\Users\rajum\AppData\Loca...}, fedcm:accounts: true, goog:chromeOptions: {debuggerAddress: localhost:58157}, networkConnectionEnabled: false, pageLoadStrategy: normal, platformName: windows, proxy: Proxy(), se:cdp: ws://localhost:58157/devtoo..., se:cdpVersion: 137.0.7151.104, setWindowRect: true, strictFileInteractability: false, timeouts: {implicit: 0, pageLoad: 300000, script: 30000}, unhandledPromptBehavior: dismiss and notify, webauthn:extension:credBlob: true, webauthn:extension:largeBlob: true, webauthn:extension:minPinLength: true, webauthn:extension:prf: true, webauthn:virtualAuthenticators: true}
Session ID: 4f8196f5e04e3c1320ebcf245586ff6b
2025-06-17 18:26:33 [main] INFO  a.pages.AccountsPage - ⏳ Waiting for spinner to fully disappear...
2025-06-17 18:26:43 [main] INFO  a.pages.AccountsPage - ✅ Spinner disappeared.
2025-06-17 18:26:59 [main] WARN  a.pages.AccountsPage - ⚠️ Click failed attempt 2/3: Expected condition failed: waiting for element to be clickable: By.xpath: //span[@class='p-menuitem-text' and text()='Accounts'] (tried for 15 second(s) with 500 milliseconds interval)
Build info: version: '4.20.0', revision: '866c76ca80'
System info: os.name: 'Windows 11', os.arch: 'amd64', os.version: '10.0', java.version: '17.0.12'
Driver info: org.openqa.selenium.chrome.ChromeDriver
Capabilities {acceptInsecureCerts: false, browserName: chrome, browserVersion: 137.0.7151.104, chrome: {chromedriverVersion: 137.0.7151.70 (dfa4dc56b2ab..., userDataDir: C:\Users\rajum\AppData\Loca...}, fedcm:accounts: true, goog:chromeOptions: {debuggerAddress: localhost:58157}, networkConnectionEnabled: false, pageLoadStrategy: normal, platformName: windows, proxy: Proxy(), se:cdp: ws://localhost:58157/devtoo..., se:cdpVersion: 137.0.7151.104, setWindowRect: true, strictFileInteractability: false, timeouts: {implicit: 0, pageLoad: 300000, script: 30000}, unhandledPromptBehavior: dismiss and notify, webauthn:extension:credBlob: true, webauthn:extension:largeBlob: true, webauthn:extension:minPinLength: true, webauthn:extension:prf: true, webauthn:virtualAuthenticators: true}
Session ID: 4f8196f5e04e3c1320ebcf245586ff6b
2025-06-17 18:26:59 [main] INFO  a.pages.AccountsPage - ⏳ Waiting for spinner to fully disappear...
2025-06-17 18:27:10 [main] INFO  a.pages.AccountsPage - ✅ Spinner disappeared.
2025-06-17 18:27:26 [main] WARN  a.pages.AccountsPage - ⚠️ Click failed attempt 3/3: Expected condition failed: waiting for element to be clickable: By.xpath: //span[@class='p-menuitem-text' and text()='Accounts'] (tried for 15 second(s) with 500 milliseconds interval)
Build info: version: '4.20.0', revision: '866c76ca80'
System info: os.name: 'Windows 11', os.arch: 'amd64', os.version: '10.0', java.version: '17.0.12'
Driver info: org.openqa.selenium.chrome.ChromeDriver
Capabilities {acceptInsecureCerts: false, browserName: chrome, browserVersion: 137.0.7151.104, chrome: {chromedriverVersion: 137.0.7151.70 (dfa4dc56b2ab..., userDataDir: C:\Users\rajum\AppData\Loca...}, fedcm:accounts: true, goog:chromeOptions: {debuggerAddress: localhost:58157}, networkConnectionEnabled: false, pageLoadStrategy: normal, platformName: windows, proxy: Proxy(), se:cdp: ws://localhost:58157/devtoo..., se:cdpVersion: 137.0.7151.104, setWindowRect: true, strictFileInteractability: false, timeouts: {implicit: 0, pageLoad: 300000, script: 30000}, unhandledPromptBehavior: dismiss and notify, webauthn:extension:credBlob: true, webauthn:extension:largeBlob: true, webauthn:extension:minPinLength: true, webauthn:extension:prf: true, webauthn:virtualAuthenticators: true}
Session ID: 4f8196f5e04e3c1320ebcf245586ff6b
2025-06-17 18:27:27 [main] INFO  a.pages.AccountsPage - 🔍 Checking if 'Detailed Statement' is visible.
2025-06-17 18:27:32 [main] WARN  a.pages.AccountsPage - ⚠️ 'Detailed Statement' not visible. Clicking Accounts Tab first.
2025-06-17 18:27:32 [main] INFO  a.pages.AccountsPage - ⏳ Waiting for spinner to fully disappear...
2025-06-17 18:27:42 [main] INFO  a.pages.AccountsPage - ✅ Spinner disappeared.
