2025-06-19 11:45:13 [main] INFO  org.testng.internal.Utils - [Utils] MethodGroupsHelper.collectMethodsByGroup() took 2 ms.
2025-06-19 11:45:13 [main] INFO  org.testng.internal.Utils - [Utils] MethodGroupsHelper.sortMethods() took 2 ms.
2025-06-19 11:45:13 [main] INFO  org.testng.internal.Utils - [Utils] MethodGroupsHelper.collectMethodsByGroup() took 0 ms.
2025-06-19 11:45:13 [main] INFO  org.testng.internal.Utils - [Utils] MethodGroupsHelper.sortMethods() took 0 ms.
2025-06-19 11:45:13 [main] INFO  org.testng.internal.Utils - [Utils] MethodGroupsHelper.collectMethodsByGroup() took 0 ms.
2025-06-19 11:45:13 [main] INFO  org.testng.internal.Utils - [Utils] MethodGroupsHelper.sortMethods() took 0 ms.
2025-06-19 11:45:13 [main] INFO  org.testng.internal.Utils - [Utils] MethodGroupsHelper.collectMethodsByGroup() took 1 ms.
2025-06-19 11:45:13 [main] INFO  org.testng.internal.Utils - [Utils] MethodGroupsHelper.sortMethods() took 0 ms.
2025-06-19 11:45:13 [main] INFO  org.testng.internal.Utils - [Utils] MethodGroupsHelper.collectMethodsByGroup() took 6 ms.
2025-06-19 11:45:13 [main] INFO  org.testng.internal.Utils - [Utils] MethodGroupsHelper.sortMethods() took 21 ms.
2025-06-19 11:45:13 [main] INFO  org.testng.internal.Utils - [Utils] MethodGroupsHelper.collectMethodsByGroup() took 0 ms.
2025-06-19 11:45:13 [main] INFO  org.testng.internal.Utils - [Utils] MethodGroupsHelper.sortMethods() took 1 ms.
2025-06-19 11:45:13 [main] INFO  org.testng.internal.Utils - [Utils] MethodGroupsHelper.collectMethodsByGroup() took 0 ms.
2025-06-19 11:45:13 [main] INFO  org.testng.internal.Utils - [Utils] MethodGroupsHelper.sortMethods() took 0 ms.
2025-06-19 11:45:13 [main] INFO  org.testng.internal.Utils - [Utils] MethodGroupsHelper.collectMethodsByGroup() took 0 ms.
2025-06-19 11:45:13 [main] INFO  org.testng.internal.Utils - [Utils] MethodGroupsHelper.sortMethods() took 0 ms.
2025-06-19 11:45:13 [main] INFO  org.testng.internal.Utils - [Utils] MethodGroupsHelper.collectMethodsByGroup() took 0 ms.
2025-06-19 11:45:13 [main] INFO  org.testng.internal.Utils - [Utils] MethodGroupsHelper.sortMethods() took 0 ms.
2025-06-19 11:45:13 [main] INFO  org.testng.internal.Utils - [Utils] MethodGroupsHelper.collectMethodsByGroup() took 0 ms.
2025-06-19 11:45:13 [main] INFO  org.testng.internal.Utils - [Utils] MethodGroupsHelper.sortMethods() took 0 ms.
2025-06-19 11:45:13 [main] INFO  org.testng.internal.Utils - [Utils] MethodGroupsHelper.collectMethodsByGroup() took 0 ms.
2025-06-19 11:45:13 [main] INFO  org.testng.internal.Utils - [Utils] MethodGroupsHelper.sortMethods() took 0 ms.
2025-06-19 11:45:13 [main] INFO  org.testng.internal.Utils - [Utils] MethodGroupsHelper.collectMethodsByGroup() took 0 ms.
2025-06-19 11:45:13 [main] INFO  org.testng.internal.Utils - [Utils] MethodGroupsHelper.sortMethods() took 0 ms.
2025-06-19 11:45:13 [main] INFO  org.testng.internal.Utils - [Utils] MethodGroupsHelper.collectMethodsByGroup() took 1 ms.
2025-06-19 11:45:13 [main] INFO  org.testng.internal.Utils - [Utils] MethodGroupsHelper.sortMethods() took 9 ms.
2025-06-19 11:45:13 [main] INFO  org.testng.internal.Utils - [Utils] MethodGroupsHelper.collectMethodsByGroup() took 0 ms.
2025-06-19 11:45:13 [main] INFO  org.testng.internal.Utils - [Utils] MethodGroupsHelper.sortMethods() took 0 ms.
2025-06-19 11:45:13 [main] INFO  org.testng.internal.Utils - [Utils] MethodGroupsHelper.collectMethodsByGroup() took 0 ms.
2025-06-19 11:45:13 [main] INFO  org.testng.internal.Utils - [Utils] MethodGroupsHelper.sortMethods() took 0 ms.
2025-06-19 11:45:13 [main] INFO  org.testng.internal.Utils - [TestNG] Running:
  C:\Users\rajum\AppData\Local\Temp\testng-eclipse-1266916153\testng-customsuite.xml

2025-06-19 11:45:13 [main] INFO  org.testng.internal.Utils - [Utils] DynamicGraphHelper.createDynamicGraph() took 7 ms.
2025-06-19 11:45:13 [main] INFO  automationFramework.utils.LoggerUtil - 🔧 Launching browser and loading properties...
2025-06-19 11:45:16 [main] INFO  i.g.bonigarcia.wdm.WebDriverManager - Using chromedriver 137.0.7151.119 (resolved driver for Chrome 137)
2025-06-19 11:45:16 [main] INFO  i.g.bonigarcia.wdm.WebDriverManager - Exporting webdriver.chrome.driver as C:\Users\rajum\.cache\selenium\chromedriver\win64\137.0.7151.119\chromedriver.exe
2025-06-19 11:45:18 [main] INFO  automationFramework.pages.LoginPage - ✅ Captcha wait time loaded: 10 seconds
2025-06-19 11:45:22 [main] INFO  automationFramework.pages.LoginPage - 🟦 Navigated to URL: https://uatnet.svcbank.com/ReachSVCInet/SVC-web/inet/netbanking
2025-06-19 11:45:22 [main] INFO  automationFramework.pages.LoginPage - ✅ Entered username: TEST001
2025-06-19 11:45:22 [main] INFO  automationFramework.pages.LoginPage - ⏳ Waiting for manual captcha input (10 seconds)
2025-06-19 11:45:32 [main] INFO  automationFramework.pages.LoginPage - ✅ Clicked first Login button
2025-06-19 11:45:34 [main] INFO  automationFramework.pages.LoginPage - ✅ Entered password
2025-06-19 11:45:34 [main] INFO  automationFramework.pages.LoginPage - ✅ Clicked final Login button
2025-06-19 11:45:37 [main] INFO  automationFramework.pages.LoginPage - 🎉 Login successful for user: TEST001
2025-06-19 11:45:37 [main] INFO  automationFramework.utils.LoggerUtil - ✅ Login successful
2025-06-19 11:45:37 [main] INFO  automationFramework.utils.LoggerUtil - ✅ Setup complete.
2025-06-19 11:45:37 [main] INFO  a.pages.ServicesPage - 🔄 Navigating to Services > Manage SMS...
2025-06-19 11:45:37 [main] INFO  a.pages.ServicesPage - ⏳ Waiting for spinner to fully disappear...
2025-06-19 11:45:53 [main] INFO  a.pages.ServicesPage - ✅ Spinner disappeared.
2025-06-19 11:45:53 [main] INFO  a.pages.ServicesPage - ⏳ Waiting for spinner to fully disappear...
2025-06-19 11:46:06 [main] INFO  a.pages.ServicesPage - ✅ Spinner disappeared.
2025-06-19 11:46:06 [main] INFO  a.pages.ServicesPage - ⏳ Waiting for spinner to fully disappear...
2025-06-19 11:46:16 [main] INFO  a.pages.ServicesPage - ✅ Spinner disappeared.
2025-06-19 11:46:17 [main] INFO  a.pages.ServicesPage - ⏳ Waiting for spinner to fully disappear...
2025-06-19 11:46:29 [main] INFO  a.pages.ServicesPage - ✅ Spinner disappeared.
2025-06-19 11:46:29 [main] INFO  a.pages.ServicesPage - ✅ Reached Manage SMS section.
2025-06-19 11:46:29 [main] INFO  a.pages.ServicesPage - 🔄 Generating random credit and debit amounts...
2025-06-19 11:46:29 [main] INFO  a.pages.ServicesPage - ✏️ Entering SMS thresholds - Credit: 910, Debit: 2833
2025-06-19 11:46:29 [main] INFO  a.pages.ServicesPage - ✅ Amounts entered successfully with Credit: 910, Debit: 2833
2025-06-19 11:46:29 [main] INFO  a.pages.ServicesPage - 💾 Clicking Save button...
2025-06-19 11:46:29 [main] INFO  a.pages.ServicesPage - ⏳ Waiting for spinner to fully disappear...
2025-06-19 11:46:40 [main] INFO  a.pages.ServicesPage - ✅ Spinner disappeared.
2025-06-19 11:46:40 [main] INFO  a.pages.ServicesPage - ⏳ Waiting for spinner to fully disappear...
2025-06-19 11:46:41 [main] INFO  a.pages.ServicesPage - ✅ Spinner disappeared.
2025-06-19 11:46:41 [main] INFO  a.pages.ServicesPage - 🔐 Entering OTP: 123456
2025-06-19 11:46:41 [main] INFO  a.pages.ServicesPage - ⏳ Waiting for spinner to fully disappear...
2025-06-19 11:46:52 [main] INFO  a.pages.ServicesPage - ✅ Spinner disappeared.
2025-06-19 11:46:52 [main] INFO  a.pages.ServicesPage - ⏳ Waiting for spinner to fully disappear...
2025-06-19 11:47:03 [main] INFO  a.pages.ServicesPage - ✅ Spinner disappeared.
2025-06-19 11:47:03 [main] INFO  a.pages.ServicesPage - ✅ OTP entered.
2025-06-19 11:47:03 [main] INFO  a.pages.ServicesPage - ➡️ Clicking Proceed...
2025-06-19 11:47:03 [main] INFO  a.pages.ServicesPage - ⏳ Waiting for spinner to fully disappear...
2025-06-19 11:47:13 [main] INFO  a.pages.ServicesPage - ✅ Spinner disappeared.
2025-06-19 11:47:13 [main] INFO  a.pages.ServicesPage - ⏳ Waiting for spinner to fully disappear...
2025-06-19 11:47:14 [main] INFO  a.pages.ServicesPage - ✅ Spinner disappeared.
2025-06-19 11:47:16 [main] INFO  a.pages.ServicesPage - ✅ Success popup visibility: true
2025-06-19 11:47:16 [main] INFO  a.pages.ServicesPage - 🆗 Clicking Okay on success popup...
2025-06-19 11:47:16 [main] INFO  a.pages.ServicesPage - ⏳ Waiting for spinner to fully disappear...
2025-06-19 11:47:27 [main] INFO  a.pages.ServicesPage - ✅ Spinner disappeared.
2025-06-19 11:47:27 [main] INFO  a.pages.ServicesPage - ⏳ Waiting for spinner to fully disappear...
2025-06-19 11:47:38 [main] INFO  a.pages.ServicesPage - ✅ Spinner disappeared.
2025-06-19 11:47:38 [main] INFO  automationFramework.utils.LoggerUtil - ✅ Threshold saved and verified successfully.
2025-06-19 11:47:38 [main] INFO  a.pages.ServicesPage - 🔄 Navigating to Services > Manage SMS...
2025-06-19 11:47:38 [main] INFO  a.pages.ServicesPage - ⏳ Waiting for spinner to fully disappear...
2025-06-19 11:47:48 [main] INFO  a.pages.ServicesPage - ✅ Spinner disappeared.
2025-06-19 11:47:48 [main] INFO  a.pages.ServicesPage - ⏳ Waiting for spinner to fully disappear...
2025-06-19 11:47:54 [main] INFO  a.pages.ServicesPage - ✅ Spinner disappeared.
2025-06-19 11:47:54 [main] INFO  a.pages.ServicesPage - ⏳ Waiting for spinner to fully disappear...
2025-06-19 11:48:04 [main] INFO  a.pages.ServicesPage - ✅ Spinner disappeared.
2025-06-19 11:48:05 [main] INFO  a.pages.ServicesPage - ⏳ Waiting for spinner to fully disappear...
2025-06-19 11:48:18 [main] INFO  a.pages.ServicesPage - ✅ Spinner disappeared.
2025-06-19 11:48:18 [main] INFO  a.pages.ServicesPage - ✅ Reached Manage SMS section.
2025-06-19 11:48:18 [main] INFO  a.pages.ServicesPage - 🔄 Setting invalid threshold values: empty=true, negative=false
2025-06-19 11:48:18 [main] INFO  a.pages.ServicesPage - ✏️ Invalid thresholds set - Credit: , Debit: 
2025-06-19 11:48:18 [main] INFO  a.pages.ServicesPage - 💾 Clicking Save button...
2025-06-19 11:48:18 [main] INFO  a.pages.ServicesPage - ⏳ Waiting for spinner to fully disappear...
2025-06-19 11:48:29 [main] INFO  a.pages.ServicesPage - ✅ Spinner disappeared.
2025-06-19 11:48:29 [main] INFO  a.pages.ServicesPage - ⏳ Waiting for spinner to fully disappear...
2025-06-19 11:48:39 [main] INFO  a.pages.ServicesPage - ✅ Spinner disappeared.
2025-06-19 11:48:39 [main] INFO  a.pages.ServicesPage - ✅ Validation messages found for both empty thresholds.
2025-06-19 11:48:39 [main] INFO  a.pages.ServicesPage - ⏳ Waiting for spinner to fully disappear...
2025-06-19 11:48:50 [main] INFO  a.pages.ServicesPage - ✅ Spinner disappeared.
2025-06-19 11:48:50 [main] INFO  a.pages.ServicesPage - ⏳ Waiting for spinner to fully disappear...
2025-06-19 11:49:00 [main] INFO  a.pages.ServicesPage - ✅ Spinner disappeared.
2025-06-19 11:49:00 [main] INFO  a.pages.ServicesPage - ❎ Closed the validation popup.
2025-06-19 11:49:00 [main] INFO  a.pages.ServicesPage - 🔄 Navigating to Services > Manage SMS...
2025-06-19 11:49:00 [main] INFO  a.pages.ServicesPage - ⏳ Waiting for spinner to fully disappear...
2025-06-19 11:49:11 [main] INFO  a.pages.ServicesPage - ✅ Spinner disappeared.
2025-06-19 11:49:11 [main] INFO  a.pages.ServicesPage - ⏳ Waiting for spinner to fully disappear...
2025-06-19 11:49:17 [main] INFO  a.pages.ServicesPage - ✅ Spinner disappeared.
2025-06-19 11:49:17 [main] INFO  a.pages.ServicesPage - ⏳ Waiting for spinner to fully disappear...
2025-06-19 11:49:27 [main] INFO  a.pages.ServicesPage - ✅ Spinner disappeared.
2025-06-19 11:49:27 [main] INFO  a.pages.ServicesPage - ⏳ Waiting for spinner to fully disappear...
2025-06-19 11:49:40 [main] INFO  a.pages.ServicesPage - ✅ Spinner disappeared.
2025-06-19 11:49:40 [main] INFO  a.pages.ServicesPage - ✅ Reached Manage SMS section.
2025-06-19 11:49:43 [main] INFO  a.pages.ServicesPage - ✅ Negative input converted to positive as expected.
2025-06-19 11:49:43 [main] INFO  a.pages.ServicesPage - ⏳ Waiting for spinner to fully disappear...
2025-06-19 11:49:53 [main] INFO  a.pages.ServicesPage - ✅ Spinner disappeared.
2025-06-19 11:49:54 [main] INFO  a.pages.ServicesPage - ⏳ Waiting for spinner to fully disappear...
2025-06-19 11:50:04 [main] INFO  a.pages.ServicesPage - ✅ Spinner disappeared.
2025-06-19 11:50:04 [main] INFO  a.pages.ServicesPage - ❎ Closed the popup for Next Test.
2025-06-19 11:50:04 [main] INFO  a.pages.ServicesPage - 🔄 Navigating to Services > Manage SMS...
2025-06-19 11:50:04 [main] INFO  a.pages.ServicesPage - ⏳ Waiting for spinner to fully disappear...
2025-06-19 11:50:14 [main] INFO  a.pages.ServicesPage - ✅ Spinner disappeared.
2025-06-19 11:50:15 [main] INFO  a.pages.ServicesPage - ⏳ Waiting for spinner to fully disappear...
2025-06-19 11:50:30 [main] WARN  a.pages.ServicesPage - ⚠️ Spinner wait skipped or failed gracefully.
2025-06-19 11:50:30 [main] INFO  a.pages.ServicesPage - ⏳ Waiting for spinner to fully disappear...
2025-06-19 11:50:47 [main] INFO  a.pages.ServicesPage - ✅ Spinner disappeared.
2025-06-19 11:50:47 [main] INFO  a.pages.ServicesPage - ⏳ Waiting for spinner to fully disappear...
2025-06-19 11:51:06 [main] WARN  a.pages.ServicesPage - ⚠️ Spinner wait skipped or failed gracefully.
2025-06-19 11:51:06 [main] INFO  a.pages.ServicesPage - ✅ Reached Manage SMS section.
2025-06-19 11:51:06 [main] INFO  a.pages.ServicesPage - 🔄 Generating random credit and debit amounts...
2025-06-19 11:51:06 [main] INFO  a.pages.ServicesPage - ✏️ Entering SMS thresholds - Credit: 9246, Debit: 5016
2025-06-19 11:51:16 [main] INFO  a.pages.ServicesPage - ✅ Amounts entered successfully with Credit: 9246, Debit: 5016
2025-06-19 11:51:16 [main] INFO  a.pages.ServicesPage - 💾 Clicking Save button...
2025-06-19 11:51:16 [main] INFO  a.pages.ServicesPage - ⏳ Waiting for spinner to fully disappear...
2025-06-19 11:51:31 [main] WARN  a.pages.ServicesPage - ⚠️ Spinner wait skipped or failed gracefully.
2025-06-19 11:51:32 [main] WARN  a.pages.ServicesPage - ⚠️ Click intercepted attempt 1/3: element click intercepted: Element <span class="p-button-label ng-star-inserted" data-pc-section="label">...</span> is not clickable at point (768, 503). Other element would receive the click: <div _ngcontent-ng-c587276320="" class="ngx-spinner-overlay ng-tns-c587276320-1 ng-trigger ng-trigger-fadeIn ng-star-inserted ng-animating" style="background-color: rgba(51, 51, 51, 0.8); z-index: 99999; position: fixed;">...</div>
  (Session info: chrome=137.0.7151.104)
Build info: version: '4.20.0', revision: '866c76ca80'
System info: os.name: 'Windows 11', os.arch: 'amd64', os.version: '10.0', java.version: '17.0.12'
Driver info: org.openqa.selenium.chrome.ChromeDriver
Command: [cfa73242c7b9489ea839cb507da344d4, clickElement {id=f.E49AFE38AEB451E8B52DD451E7F95B0F.d.BC34E66366E91B05EC9F419AF8FFF956.e.245}]
Capabilities {acceptInsecureCerts: false, browserName: chrome, browserVersion: 137.0.7151.104, chrome: {chromedriverVersion: 137.0.7151.119 (e0ac9d12dff..., userDataDir: C:\Users\rajum\AppData\Loca...}, fedcm:accounts: true, goog:chromeOptions: {debuggerAddress: localhost:62950}, networkConnectionEnabled: false, pageLoadStrategy: normal, platformName: windows, proxy: Proxy(), se:cdp: ws://localhost:62950/devtoo..., se:cdpVersion: 137.0.7151.104, setWindowRect: true, strictFileInteractability: false, timeouts: {implicit: 0, pageLoad: 300000, script: 30000}, unhandledPromptBehavior: dismiss and notify, webauthn:extension:credBlob: true, webauthn:extension:largeBlob: true, webauthn:extension:minPinLength: true, webauthn:extension:prf: true, webauthn:virtualAuthenticators: true}
Element: [[ChromeDriver: chrome on windows (cfa73242c7b9489ea839cb507da344d4)] -> xpath: //span[text()='Save']]
Session ID: cfa73242c7b9489ea839cb507da344d4
2025-06-19 11:51:33 [main] INFO  a.pages.ServicesPage - ⏳ Waiting for spinner to fully disappear...
2025-06-19 11:51:49 [main] INFO  a.pages.ServicesPage - ✅ Spinner disappeared.
2025-06-19 11:51:49 [main] INFO  a.pages.ServicesPage - ⏳ Waiting for spinner to fully disappear...
2025-06-19 11:52:02 [main] INFO  a.pages.ServicesPage - ✅ Spinner disappeared.
2025-06-19 11:52:02 [main] INFO  a.pages.ServicesPage - 🔐 Entering OTP: 000000
2025-06-19 11:52:02 [main] INFO  a.pages.ServicesPage - ⏳ Waiting for spinner to fully disappear...
2025-06-19 11:52:13 [main] INFO  a.pages.ServicesPage - ✅ Spinner disappeared.
2025-06-19 11:52:13 [main] INFO  a.pages.ServicesPage - ⏳ Waiting for spinner to fully disappear...
2025-06-19 11:52:23 [main] INFO  a.pages.ServicesPage - ✅ Spinner disappeared.
2025-06-19 11:52:23 [main] INFO  a.pages.ServicesPage - ✅ OTP entered.
2025-06-19 11:52:23 [main] INFO  a.pages.ServicesPage - ➡️ Clicking Proceed...
2025-06-19 11:52:23 [main] INFO  a.pages.ServicesPage - ⏳ Waiting for spinner to fully disappear...
2025-06-19 11:52:34 [main] INFO  a.pages.ServicesPage - ✅ Spinner disappeared.
2025-06-19 11:52:34 [main] INFO  a.pages.ServicesPage - ⏳ Waiting for spinner to fully disappear...
2025-06-19 11:52:35 [main] INFO  a.pages.ServicesPage - ✅ Spinner disappeared.
2025-06-19 11:52:35 [main] INFO  automationFramework.utils.LoggerUtil - 🧹 Finalizing report...
2025-06-19 11:52:35 [main] INFO  automationFramework.utils.LoggerUtil - 📧 Sending report via email...
2025-06-19 11:52:43 [main] INFO  automationFramework.utils.LoggerUtil - ✅ dont close Browser .
2025-06-19 11:52:43 [main] INFO  org.testng.internal.Utils - [TestNG] Time taken by org.testng.reporters.jq.Main@50d666a2: 83 ms
2025-06-19 11:52:43 [main] INFO  org.testng.internal.Utils - [TestNG] Time taken by org.testng.reporters.FailedReporter@2a9f8d47: 23 ms
2025-06-19 11:52:43 [main] INFO  org.testng.internal.Utils - [TestNG] Time taken by org.testng.reporters.XMLReporter@114badf0: 16 ms
2025-06-19 11:52:43 [main] INFO  org.testng.internal.Utils - [TestNG] Time taken by org.testng.reporters.EmailableReporter2@53e166ad: 13 ms
2025-06-19 11:52:43 [main] INFO  org.testng.internal.Utils - [TestNG] Time taken by org.testng.reporters.JUnitReportReporter@25dad235: 22 ms
2025-06-19 11:52:43 [main] INFO  org.testng.internal.Utils - [TestNG] Time taken by org.testng.internal.ExitCodeListener@3292eff7: 1 ms
