2025-06-10 16:16:59 [main] WARN  org.testng.xml.TestNGContentHandler - It is strongly recommended to add "<!DOCTYPE suite SYSTEM "https://testng.org/testng-1.1.dtd" >" at the top of the suite file [C:\Users\rajum\eclipse-workspace\ToolsQA\SeleniumAutomotionSVCUATIB\testng.xml] otherwise TestNG may fail or not work as expected.
2025-06-10 16:16:59 [main] INFO  org.testng.internal.Utils - [TestNG] Running:
  C:\Users\rajum\eclipse-workspace\ToolsQA\SeleniumAutomotionSVCUATIB\testng.xml

2025-06-10 16:17:00 [main] INFO  i.g.bonigarcia.wdm.WebDriverManager - Using chromedriver 137.0.7151.68 (resolved driver for Chrome 137)
2025-06-10 16:17:00 [main] INFO  i.g.bonigarcia.wdm.WebDriverManager - Exporting webdriver.chrome.driver as C:\Users\rajum\.cache\selenium\chromedriver\win64\137.0.7151.68\chromedriver.exe
2025-06-10 16:17:20 [main] INFO  a.pages.PaymentHistoryPage - 🧪=== Starting Postivie Test Cases for NETF transaction for Payment to payee ===
2025-06-10 16:17:20 [main] INFO  a.pages.PaymentHistoryPage - 🟦 [STEP] Clicking on the Payment tab.
2025-06-10 16:17:20 [main] INFO  a.pages.PaymentHistoryPage - Waiting for spinner to disappear...
2025-06-10 16:17:25 [main] INFO  a.pages.PaymentHistoryPage - Spinner disappeared.
2025-06-10 16:17:25 [main] INFO  a.pages.PaymentHistoryPage - Clicking element: By.xpath: //span[@class='p-menuitem-text' and text()='Payment']
2025-06-10 16:17:26 [main] WARN  a.pages.PaymentHistoryPage - Click intercepted attempt 1/3: element click intercepted: Element <span class="p-menuitem-text">...</span> is not clickable at point (255, 101). Other element would receive the click: <div _ngcontent-ng-c587276320="" class="ngx-spinner-overlay ng-tns-c587276320-1 ng-trigger ng-trigger-fadeIn ng-star-inserted" style="background-color: rgba(51, 51, 51, 0.8); z-index: 99999; position: fixed; opacity: 1;">...</div>
  (Session info: chrome=137.0.7151.69)
Build info: version: '4.20.0', revision: '866c76ca80'
System info: os.name: 'Windows 11', os.arch: 'amd64', os.version: '10.0', java.version: '17.0.12'
Driver info: org.openqa.selenium.chrome.ChromeDriver
Command: [d8d61e1a4ce92e8281791863fcc167e8, clickElement {id=f.76EEFEF1BC992062D372DEA5F1959A23.d.36AA15C78D390ABFAD067DE38EF9A5B0.e.89}]
Capabilities {acceptInsecureCerts: false, browserName: chrome, browserVersion: 137.0.7151.69, chrome: {chromedriverVersion: 137.0.7151.68 (2989ffee9373..., userDataDir: C:\Users\rajum\AppData\Loca...}, fedcm:accounts: true, goog:chromeOptions: {debuggerAddress: localhost:62012}, networkConnectionEnabled: false, pageLoadStrategy: normal, platformName: windows, proxy: Proxy(), se:cdp: ws://localhost:62012/devtoo..., se:cdpVersion: 137.0.7151.69, setWindowRect: true, strictFileInteractability: false, timeouts: {implicit: 0, pageLoad: 300000, script: 30000}, unhandledPromptBehavior: dismiss and notify, webauthn:extension:credBlob: true, webauthn:extension:largeBlob: true, webauthn:extension:minPinLength: true, webauthn:extension:prf: true, webauthn:virtualAuthenticators: true}
Element: [[ChromeDriver: chrome on windows (d8d61e1a4ce92e8281791863fcc167e8)] -> xpath: //span[@class='p-menuitem-text' and text()='Payment']]
Session ID: d8d61e1a4ce92e8281791863fcc167e8
2025-06-10 16:17:27 [main] INFO  a.pages.PaymentHistoryPage - Waiting for spinner to disappear...
2025-06-10 16:17:27 [main] INFO  a.pages.PaymentHistoryPage - Spinner disappeared.
2025-06-10 16:17:27 [main] INFO  a.pages.PaymentHistoryPage - Clicking element: By.xpath: //span[@class='p-menuitem-text' and text()='Payment']
2025-06-10 16:17:28 [main] INFO  a.pages.PaymentHistoryPage - Waiting for spinner to disappear...
2025-06-10 16:17:28 [main] INFO  a.pages.PaymentHistoryPage - Spinner disappeared.
2025-06-10 16:17:28 [main] INFO  a.pages.PaymentHistoryPage - ✅ [SUCCESS] Payment tab clicked.
2025-06-10 16:17:28 [main] INFO  a.pages.PaymentHistoryPage - ⏳ [WAIT] Waiting for payment data to load.
2025-06-10 16:17:28 [main] INFO  a.pages.PaymentHistoryPage - Waiting for spinner to disappear...
2025-06-10 16:17:29 [main] INFO  a.pages.PaymentHistoryPage - Spinner disappeared.
2025-06-10 16:17:29 [main] INFO  a.pages.PaymentHistoryPage - Spinner disappeared, payment data loaded.
2025-06-10 16:17:29 [main] INFO  a.pages.PaymentHistoryPage - 🚀 [START] Initiating payment to payee: DXFCHGV
2025-06-10 16:17:29 [main] INFO  a.pages.PaymentHistoryPage - Waiting for spinner to disappear...
2025-06-10 16:17:29 [main] INFO  a.pages.PaymentHistoryPage - Spinner disappeared.
2025-06-10 16:17:29 [main] INFO  a.pages.PaymentHistoryPage - Clicking element: By.xpath: //span[contains(@class, 'font-semibold') and text()='DXFCHGV']
2025-06-10 16:17:29 [main] INFO  a.pages.PaymentHistoryPage - Waiting for spinner to disappear...
2025-06-10 16:17:29 [main] INFO  a.pages.PaymentHistoryPage - Spinner disappeared.
2025-06-10 16:17:29 [main] INFO  a.pages.PaymentHistoryPage - ✅ [SUCCESS] Payee selected: DXFCHGV
2025-06-10 16:17:29 [main] INFO  a.pages.PaymentHistoryPage - Clicking with JS
2025-06-10 16:17:29 [main] INFO  a.pages.PaymentHistoryPage - ✅ [SUCCESS] Entered amount: ₹2
2025-06-10 16:17:29 [main] INFO  a.pages.PaymentHistoryPage - 🟦 [STEP] Selecting NEFT option
2025-06-10 16:17:29 [main] INFO  a.pages.PaymentHistoryPage - Attempting to click NEFT option (Attempt 1)
2025-06-10 16:17:30 [main] INFO  a.pages.PaymentHistoryPage - 🔄 [INFO] NEFT clicked via Actions.
2025-06-10 16:17:30 [main] WARN  a.pages.PaymentHistoryPage - ⚠️ [WARN] NEFT not selected yet. Retrying...
2025-06-10 16:17:30 [main] INFO  a.pages.PaymentHistoryPage - Attempting to click NEFT option (Attempt 2)
2025-06-10 16:17:31 [main] INFO  a.pages.PaymentHistoryPage - 🔄 [INFO] NEFT clicked via Actions.
2025-06-10 16:17:32 [main] INFO  a.pages.PaymentHistoryPage - ✅ [SUCCESS] NEFT option selected successfully.
2025-06-10 16:17:32 [main] INFO  a.pages.PaymentHistoryPage - ✅ [SUCCESS] Entered remarks: test value
2025-06-10 16:17:32 [main] INFO  a.pages.PaymentHistoryPage - Waiting for spinner to disappear...
2025-06-10 16:17:32 [main] INFO  a.pages.PaymentHistoryPage - Spinner disappeared.
2025-06-10 16:17:32 [main] INFO  a.pages.PaymentHistoryPage - Clicking element: By.xpath: (//span[text()='Proceed'])[1]
2025-06-10 16:17:32 [main] INFO  a.pages.PaymentHistoryPage - Waiting for spinner to disappear...
2025-06-10 16:17:32 [main] INFO  a.pages.PaymentHistoryPage - Spinner disappeared.
2025-06-10 16:17:32 [main] INFO  a.pages.PaymentHistoryPage - ✅ [SUCCESS] Clicked Proceed after remarks.
2025-06-10 16:17:32 [main] INFO  a.pages.PaymentHistoryPage - Waiting for spinner to disappear...
2025-06-10 16:17:32 [main] INFO  a.pages.PaymentHistoryPage - Spinner disappeared.
2025-06-10 16:17:32 [main] INFO  a.pages.PaymentHistoryPage - Clicking element: By.xpath: //span[text()='Confirm']
2025-06-10 16:17:32 [main] INFO  a.pages.PaymentHistoryPage - Waiting for spinner to disappear...
2025-06-10 16:17:32 [main] INFO  a.pages.PaymentHistoryPage - Spinner disappeared.
2025-06-10 16:17:32 [main] INFO  a.pages.PaymentHistoryPage - ✅ [SUCCESS] Confirm button clicked.
2025-06-10 16:17:33 [main] INFO  a.pages.PaymentHistoryPage - ✅ [SUCCESS] OTP entered.
2025-06-10 16:17:33 [main] INFO  a.pages.PaymentHistoryPage - Waiting for any overlay/spinner to disappear before final Proceed.
2025-06-10 16:17:33 [main] INFO  a.pages.PaymentHistoryPage - Clicking with JS
2025-06-10 16:17:33 [main] INFO  a.pages.PaymentHistoryPage - ✅ [SUCCESS] Final Proceed clicked after OTP.
2025-06-10 16:17:38 [main] INFO  a.pages.PaymentHistoryPage - Clicking with JS
2025-06-10 16:17:38 [main] INFO  a.pages.PaymentHistoryPage - ✅ [SUCCESS] Close button clicked.
2025-06-10 16:17:38 [main] INFO  a.pages.PaymentHistoryPage - 🎉 [DONE] ✅ Positive test cases for Payment to payee DXFCHGV successfully executed.
2025-06-10 16:17:38 [main] INFO  a.pages.PaymentHistoryPage - 🧪=== Starting Postivie Test Cases for NETF transaction for Payment to payee ===
2025-06-10 16:17:38 [main] INFO  a.pages.PaymentHistoryPage - 🟦 [STEP] Clicking on the Payment tab.
2025-06-10 16:17:38 [main] INFO  a.pages.PaymentHistoryPage - Waiting for spinner to disappear...
2025-06-10 16:17:39 [main] INFO  a.pages.PaymentHistoryPage - Spinner disappeared.
2025-06-10 16:17:39 [main] INFO  a.pages.PaymentHistoryPage - Clicking element: By.xpath: //span[@class='p-menuitem-text' and text()='Payment']
2025-06-10 16:17:39 [main] INFO  a.pages.PaymentHistoryPage - Waiting for spinner to disappear...
2025-06-10 16:17:39 [main] INFO  a.pages.PaymentHistoryPage - Spinner disappeared.
2025-06-10 16:17:39 [main] INFO  a.pages.PaymentHistoryPage - ✅ [SUCCESS] Payment tab clicked.
2025-06-10 16:17:39 [main] INFO  a.pages.PaymentHistoryPage - ⏳ [WAIT] Waiting for payment data to load.
2025-06-10 16:17:39 [main] INFO  a.pages.PaymentHistoryPage - Waiting for spinner to disappear...
2025-06-10 16:17:40 [main] INFO  a.pages.PaymentHistoryPage - Spinner disappeared.
2025-06-10 16:17:40 [main] INFO  a.pages.PaymentHistoryPage - Spinner disappeared, payment data loaded.
2025-06-10 16:17:40 [main] INFO  a.pages.PaymentHistoryPage - 🧪=== Starting Negative Test Cases for Amount & Remarks Field ===
2025-06-10 16:17:40 [main] INFO  a.pages.PaymentHistoryPage - 🔹 Step 1: Selecting payee: DXFCHGV
2025-06-10 16:17:40 [main] INFO  a.pages.PaymentHistoryPage - Waiting for spinner to disappear...
2025-06-10 16:17:40 [main] INFO  a.pages.PaymentHistoryPage - Spinner disappeared.
2025-06-10 16:17:40 [main] INFO  a.pages.PaymentHistoryPage - Clicking element: By.xpath: //span[contains(@class, 'font-semibold') and text()='DXFCHGV']
2025-06-10 16:17:40 [main] INFO  a.pages.PaymentHistoryPage - Waiting for spinner to disappear...
2025-06-10 16:17:40 [main] INFO  a.pages.PaymentHistoryPage - Spinner disappeared.
2025-06-10 16:17:40 [main] INFO  a.pages.PaymentHistoryPage - ✅ Payee selected successfully.
2025-06-10 16:17:40 [main] INFO  a.pages.PaymentHistoryPage - Clicking with JS
2025-06-10 16:17:40 [main] INFO  a.pages.PaymentHistoryPage - 
🔸 Test Case 1: Blank Amount
2025-06-10 16:17:40 [main] INFO  a.pages.PaymentHistoryPage - Waiting for spinner to disappear...
2025-06-10 16:17:42 [main] INFO  a.pages.PaymentHistoryPage - Spinner disappeared.
2025-06-10 16:17:42 [main] INFO  a.pages.PaymentHistoryPage - Clicking element: By.xpath: (//span[text()='Proceed'])[1]
2025-06-10 16:17:42 [main] INFO  a.pages.PaymentHistoryPage - Waiting for spinner to disappear...
2025-06-10 16:17:42 [main] INFO  a.pages.PaymentHistoryPage - Spinner disappeared.
2025-06-10 16:17:42 [main] INFO  a.pages.PaymentHistoryPage - ✅ Correct error displayed: 'Amount is required'
2025-06-10 16:17:42 [main] INFO  a.pages.PaymentHistoryPage - 
🔸 Test Case 2: Special Characters (@#$%)
2025-06-10 16:17:43 [main] INFO  a.pages.PaymentHistoryPage - ✅ Special characters were blocked as expected.
2025-06-10 16:17:43 [main] INFO  a.pages.PaymentHistoryPage - 
🔸 Test Case 3: Alphanumeric Characters (123abc)
2025-06-10 16:17:43 [main] INFO  a.pages.PaymentHistoryPage - ✅ Field blocked alphanumeric input completely.
2025-06-10 16:17:43 [main] INFO  a.pages.PaymentHistoryPage - 
🔸 Test Case 4: Zero Amount (0)
2025-06-10 16:17:43 [main] INFO  a.pages.PaymentHistoryPage - Waiting for spinner to disappear...
2025-06-10 16:17:43 [main] INFO  a.pages.PaymentHistoryPage - Spinner disappeared.
2025-06-10 16:17:43 [main] INFO  a.pages.PaymentHistoryPage - Clicking element: By.xpath: (//span[text()='Proceed'])[1]
2025-06-10 16:17:43 [main] INFO  a.pages.PaymentHistoryPage - Waiting for spinner to disappear...
2025-06-10 16:17:43 [main] INFO  a.pages.PaymentHistoryPage - Spinner disappeared.
2025-06-10 16:17:44 [main] INFO  a.pages.PaymentHistoryPage - ✅ Correct validation message shown: 'Minimum amount is 1.00'
2025-06-10 16:17:44 [main] INFO  a.pages.PaymentHistoryPage - 
🔸 Test Case 5: Amount Greater Than Account Balance
2025-06-10 16:17:44 [main] INFO  a.pages.PaymentHistoryPage - Fetched account balance: ₹2791933
2025-06-10 16:17:44 [main] INFO  a.pages.PaymentHistoryPage - Attempting to enter over-limit amount: ₹2792433
2025-06-10 16:17:44 [main] INFO  a.pages.PaymentHistoryPage - ✅ Over-limit amount successfully typed: '2792433'
2025-06-10 16:17:45 [main] INFO  a.pages.PaymentHistoryPage - ✅ 'Insufficient balance' popup displayed.
2025-06-10 16:17:45 [main] INFO  a.pages.PaymentHistoryPage - ✅ Clicked 'Okay' button on popup.
2025-06-10 16:17:45 [main] INFO  a.pages.PaymentHistoryPage - 
🔸 Test Case 6: Leave Remarks Field Blank and Proceed
2025-06-10 16:17:46 [main] INFO  a.pages.PaymentHistoryPage - ✅ Remarks field cleared (left blank).
2025-06-10 16:17:46 [main] INFO  a.pages.PaymentHistoryPage - 🟦 [STEP] Selecting NEFT option
2025-06-10 16:17:46 [main] INFO  a.pages.PaymentHistoryPage - Attempting to click NEFT option (Attempt 1)
2025-06-10 16:17:46 [main] INFO  a.pages.PaymentHistoryPage - 🔄 NEFT clicked via Actions.
2025-06-10 16:17:47 [main] WARN  a.pages.PaymentHistoryPage - ⚠️ NEFT not selected yet. Retrying...
2025-06-10 16:17:47 [main] INFO  a.pages.PaymentHistoryPage - Attempting to click NEFT option (Attempt 2)
2025-06-10 16:17:48 [main] INFO  a.pages.PaymentHistoryPage - 🔄 NEFT clicked via Actions.
2025-06-10 16:17:48 [main] INFO  a.pages.PaymentHistoryPage - ✅ NEFT option selected successfully.
2025-06-10 16:17:48 [main] INFO  a.pages.PaymentHistoryPage - Waiting for spinner to disappear...
2025-06-10 16:17:48 [main] INFO  a.pages.PaymentHistoryPage - Spinner disappeared.
2025-06-10 16:17:48 [main] INFO  a.pages.PaymentHistoryPage - Clicking element: By.xpath: (//span[text()='Proceed'])[1]
2025-06-10 16:17:48 [main] INFO  a.pages.PaymentHistoryPage - Waiting for spinner to disappear...
2025-06-10 16:17:48 [main] INFO  a.pages.PaymentHistoryPage - Spinner disappeared.
2025-06-10 16:17:48 [main] INFO  a.pages.PaymentHistoryPage - Waiting for spinner to disappear...
2025-06-10 16:17:48 [main] INFO  a.pages.PaymentHistoryPage - Spinner disappeared.
2025-06-10 16:17:48 [main] INFO  a.pages.PaymentHistoryPage - Clicking element: By.xpath: //span[text()='Confirm']/ancestor::button
2025-06-10 16:17:49 [main] INFO  a.pages.PaymentHistoryPage - Waiting for spinner to disappear...
2025-06-10 16:17:49 [main] INFO  a.pages.PaymentHistoryPage - Spinner disappeared.
2025-06-10 16:17:50 [main] INFO  a.pages.PaymentHistoryPage - ✅ [SUCCESS] OTP entered.
2025-06-10 16:17:50 [main] INFO  a.pages.PaymentHistoryPage - Waiting for any overlay/spinner to disappear before final Proceed.
2025-06-10 16:17:50 [main] INFO  a.pages.PaymentHistoryPage - Clicking with JS
2025-06-10 16:17:50 [main] INFO  a.pages.PaymentHistoryPage - ✅ [SUCCESS] Final Proceed clicked after OTP.
2025-06-10 16:17:53 [main] INFO  a.pages.PaymentHistoryPage - Clicking with JS
2025-06-10 16:17:53 [main] INFO  a.pages.PaymentHistoryPage - ✅ [SUCCESS] Close button clicked.
2025-06-10 16:17:53 [main] INFO  a.pages.PaymentHistoryPage - ✅ Transaction successful without remarks as expected. No error displayed.
2025-06-10 16:17:53 [main] INFO  a.pages.PaymentHistoryPage - 
✅ All negative test cases executed.
