2025-06-11 11:48:35 [main] WARN  org.testng.xml.TestNGContentHandler - It is strongly recommended to add "<!DOCTYPE suite SYSTEM "https://testng.org/testng-1.1.dtd" >" at the top of the suite file [C:\Users\rajum\eclipse-workspace\ToolsQA\SeleniumAutomotionSVCUATIB\testng.xml] otherwise TestNG may fail or not work as expected.
2025-06-11 11:48:35 [main] INFO  org.testng.internal.Utils - [TestNG] Running:
  C:\Users\rajum\eclipse-workspace\ToolsQA\SeleniumAutomotionSVCUATIB\testng.xml

2025-06-11 11:48:36 [main] INFO  i.g.bonigarcia.wdm.WebDriverManager - Using chromedriver 137.0.7151.70 (resolved driver for Chrome 137)
2025-06-11 11:48:36 [main] INFO  i.g.bonigarcia.wdm.WebDriverManager - Exporting webdriver.chrome.driver as C:\Users\rajum\.cache\selenium\chromedriver\win64\137.0.7151.70\chromedriver.exe
2025-06-11 11:48:39 [main] INFO  automationFramework.pages.LoginPage - ✅ [SUCCESS] Config loaded from 'config.properties': captcha.wait.seconds = 10 seconds.
2025-06-11 11:50:16 [main] INFO  automationFramework.pages.LoginPage - 🟦 [STEP] Navigated to URL: https://uatnet.svcbank.com/ReachSVCInet/SVC-web/inet/netbanking
2025-06-11 11:50:16 [main] INFO  automationFramework.pages.LoginPage - ✅ [SUCCESS] Entered username: TEST001
2025-06-11 11:50:16 [main] INFO  automationFramework.pages.LoginPage - ⏳ [WAIT] Waiting for manual captcha input. You have 10 seconds.
2025-06-11 11:50:26 [main] INFO  automationFramework.pages.LoginPage - ✅ [SUCCESS] Clicked first Login button (after captcha).
2025-06-11 11:50:28 [main] INFO  automationFramework.pages.LoginPage - ✅ [SUCCESS] Entered password.
2025-06-11 11:50:28 [main] INFO  automationFramework.pages.LoginPage - ✅ [SUCCESS] Clicked final Login button.
2025-06-11 11:50:28 [main] INFO  automationFramework.pages.LoginPage - 🎉 [DONE] Login Test Completed successfully for user: TEST001.
2025-06-11 11:50:28 [main] INFO  a.pages.PaymentHistoryPage - 🟦 [STEP] Clicking on the Payment tab.
2025-06-11 11:50:44 [main] WARN  a.pages.PaymentHistoryPage - Spinner not found or already gone.
2025-06-11 11:50:45 [main] WARN  a.pages.PaymentHistoryPage - Click intercepted attempt 1/3: element click intercepted: Element <span class="p-menuitem-text">...</span> is not clickable at point (255, 100). Other element would receive the click: <div _ngcontent-ng-c587276320="" class="ngx-spinner-overlay ng-tns-c587276320-1 ng-trigger ng-trigger-fadeIn ng-star-inserted" style="background-color: rgba(51, 51, 51, 0.8); z-index: 99999; position: fixed; opacity: 1;">...</div>
  (Session info: chrome=137.0.7151.103)
Build info: version: '4.20.0', revision: '866c76ca80'
System info: os.name: 'Windows 11', os.arch: 'amd64', os.version: '10.0', java.version: '17.0.12'
Driver info: org.openqa.selenium.chrome.ChromeDriver
Command: [9d0c311ca825e8dbfba2de9324647c22, clickElement {id=f.D7E4F716FE5FC0A0A7E4BA45584284FD.d.458C1330BA4801145F48E35F563CE13A.e.90}]
Capabilities {acceptInsecureCerts: false, browserName: chrome, browserVersion: 137.0.7151.103, chrome: {chromedriverVersion: 137.0.7151.70 (dfa4dc56b2ab..., userDataDir: C:\Users\rajum\AppData\Loca...}, fedcm:accounts: true, goog:chromeOptions: {debuggerAddress: localhost:54779}, networkConnectionEnabled: false, pageLoadStrategy: normal, platformName: windows, proxy: Proxy(), se:cdp: ws://localhost:54779/devtoo..., se:cdpVersion: 137.0.7151.103, setWindowRect: true, strictFileInteractability: false, timeouts: {implicit: 0, pageLoad: 300000, script: 30000}, unhandledPromptBehavior: dismiss and notify, webauthn:extension:credBlob: true, webauthn:extension:largeBlob: true, webauthn:extension:minPinLength: true, webauthn:extension:prf: true, webauthn:virtualAuthenticators: true}
Element: [[ChromeDriver: chrome on windows (9d0c311ca825e8dbfba2de9324647c22)] -> xpath: //span[@class='p-menuitem-text' and text()='Payment']]
Session ID: 9d0c311ca825e8dbfba2de9324647c22
2025-06-11 11:50:52 [main] INFO  a.pages.PaymentHistoryPage - ✅ [SUCCESS] Payment tab clicked.
2025-06-11 11:50:55 [main] INFO  a.pages.PaymentHistoryPage - 🧪=== Starting Positive Test Cases for NETF transaction for Payment to payee ===
2025-06-11 11:50:55 [main] INFO  a.pages.PaymentHistoryPage - 🚀 [START] Initiating payment to payee: DXFCHGV
2025-06-11 11:50:55 [main] INFO  a.pages.PaymentHistoryPage - ✅ [SUCCESS] Payee selected: DXFCHGV
2025-06-11 11:50:55 [main] INFO  a.pages.PaymentHistoryPage - ✅ [SUCCESS] Entered amount: ₹1
2025-06-11 11:50:55 [main] INFO  a.pages.PaymentHistoryPage - 🟦 [STEP] Selecting NEFT option
2025-06-11 11:50:55 [main] INFO  a.pages.PaymentHistoryPage - Attempting to click NEFT option (Attempt 1)
2025-06-11 11:50:56 [main] INFO  a.pages.PaymentHistoryPage - 🔄 NEFT clicked via Actions.
2025-06-11 11:50:56 [main] WARN  a.pages.PaymentHistoryPage - ⚠️ NEFT not selected yet. Retrying...
2025-06-11 11:50:56 [main] INFO  a.pages.PaymentHistoryPage - Attempting to click NEFT option (Attempt 2)
2025-06-11 11:50:57 [main] INFO  a.pages.PaymentHistoryPage - 🔄 NEFT clicked via Actions.
2025-06-11 11:50:58 [main] INFO  a.pages.PaymentHistoryPage - ✅ NEFT option selected successfully.
2025-06-11 11:51:13 [main] WARN  a.pages.PaymentHistoryPage - ⚠️ [WARN] Could not enter remarks: Expected condition failed: waiting for visibility of element located by By.xpath: //input[@placeholder='Add Remarks'] (tried for 15 second(s) with 500 milliseconds interval)
Build info: version: '4.20.0', revision: '866c76ca80'
System info: os.name: 'Windows 11', os.arch: 'amd64', os.version: '10.0', java.version: '17.0.12'
Driver info: org.openqa.selenium.chrome.ChromeDriver
Capabilities {acceptInsecureCerts: false, browserName: chrome, browserVersion: 137.0.7151.103, chrome: {chromedriverVersion: 137.0.7151.70 (dfa4dc56b2ab..., userDataDir: C:\Users\rajum\AppData\Loca...}, fedcm:accounts: true, goog:chromeOptions: {debuggerAddress: localhost:54779}, networkConnectionEnabled: false, pageLoadStrategy: normal, platformName: windows, proxy: Proxy(), se:cdp: ws://localhost:54779/devtoo..., se:cdpVersion: 137.0.7151.103, setWindowRect: true, strictFileInteractability: false, timeouts: {implicit: 0, pageLoad: 300000, script: 30000}, unhandledPromptBehavior: dismiss and notify, webauthn:extension:credBlob: true, webauthn:extension:largeBlob: true, webauthn:extension:minPinLength: true, webauthn:extension:prf: true, webauthn:virtualAuthenticators: true}
Session ID: 9d0c311ca825e8dbfba2de9324647c22
2025-06-11 11:51:28 [main] WARN  a.pages.PaymentHistoryPage - Click failed attempt 1/3: Expected condition failed: waiting for element to be clickable: By.xpath: (//span[text()='Proceed'])[1] (tried for 15 second(s) with 500 milliseconds interval)
2025-06-11 11:51:44 [main] WARN  a.pages.PaymentHistoryPage - Spinner not found or already gone.
2025-06-11 11:51:59 [main] WARN  a.pages.PaymentHistoryPage - Click failed attempt 2/3: Expected condition failed: waiting for element to be clickable: By.xpath: (//span[text()='Proceed'])[1] (tried for 15 second(s) with 500 milliseconds interval)
2025-06-11 11:52:16 [main] WARN  a.pages.PaymentHistoryPage - Spinner not found or already gone.
2025-06-11 11:52:31 [main] WARN  a.pages.PaymentHistoryPage - Click failed attempt 3/3: Expected condition failed: waiting for element to be clickable: By.xpath: (//span[text()='Proceed'])[1] (tried for 15 second(s) with 500 milliseconds interval)
2025-06-11 11:52:31 [main] ERROR a.pages.PaymentHistoryPage - ❌ [FAIL] Failed to click Proceed after remarks: Click failed after 3 attempts
2025-06-11 11:52:31 [main] INFO  a.pages.PaymentHistoryPage - 🟦 [STEP] Clicking on the Payment tab.
2025-06-11 11:52:46 [main] WARN  a.pages.PaymentHistoryPage - Spinner not found or already gone.
2025-06-11 11:53:01 [main] WARN  a.pages.PaymentHistoryPage - Click failed attempt 1/3: Expected condition failed: waiting for element to be clickable: By.xpath: //span[@class='p-menuitem-text' and text()='Payment'] (tried for 15 second(s) with 500 milliseconds interval)
2025-06-11 11:53:17 [main] WARN  a.pages.PaymentHistoryPage - Spinner not found or already gone.
2025-06-11 11:53:33 [main] WARN  a.pages.PaymentHistoryPage - Click failed attempt 2/3: Expected condition failed: waiting for element to be clickable: By.xpath: //span[@class='p-menuitem-text' and text()='Payment'] (tried for 15 second(s) with 500 milliseconds interval)
2025-06-11 11:53:49 [main] WARN  a.pages.PaymentHistoryPage - Spinner not found or already gone.
2025-06-11 11:54:04 [main] WARN  a.pages.PaymentHistoryPage - Click failed attempt 3/3: Expected condition failed: waiting for element to be clickable: By.xpath: //span[@class='p-menuitem-text' and text()='Payment'] (tried for 15 second(s) with 500 milliseconds interval)
